mqar_split_hashes: n_train=20000 uniq_train=20000 | n_val=2000 uniq_val=2000 | n_test=2000 uniq_test=2000
mqar_answer_positions[train]: min=16 mean=16.0000 max=16 (expected 16 per sample)
mqar_answer_positions[val]: min=16 mean=16.0000 max=16 (expected 16 per sample)
mqar_answer_positions[test]: min=16 mean=16.0000 max=16 (expected 16 per sample)
experiment=mqar_bugcheck_mamba2_depth4_kv16_vocab512_lr3e4_seed43 device=cuda:0 out_dir=/home/jovyan/shares/SR008.fs2/nvidenisov/other/repos/mamba/mamba_multi_scale_get_started/outputs/MQAR/mqar_bugcheck_mamba2_depth4_kv16_vocab512_lr3e4_seed43
mqar data: fixed_examples=True random_baseline_acc≈1/vocab=0.001953 (vocab_size=512)
--- mqar resolved config (sanity) ---
  experiment.name: mqar_bugcheck_mamba2_depth4_kv16_vocab512_lr3e4_seed43
  model.backbone: mamba2_lm
  model.layer_headdims: [32, 32, 32, 32]
  model.multiscale.fast_layer_headdims: —
  model.multiscale.slow_layer_headdims: —
  data.input_seq_len: 128
  data.num_kv_pairs: 16
  data.vocab_size: 512
  data.train_examples: 20000  val_examples: 2000  test_examples: 2000
  data.fixed_examples: True
  train.lr: 0.0003
  train.epochs: 20
  num_parameters_trainable: 1931712
  tags(backbone,fusion,stride): mamba2_lm, , 
--- end resolved config ---
epoch 1/20 train loss=5.5490 acc=0.0051 em=0.0000 | val loss=5.5625 acc=0.0037 em=0.0000 | random≈0.0020
  saved best_loss.pt (val_answer_loss=5.562524)
  saved best_acc.pt (val_answer_accuracy=0.003656)
epoch 2/20 train loss=5.5106 acc=0.0142 em=0.0000 | val loss=5.5519 acc=0.0111 em=0.0000 | random≈0.0020
  saved best_loss.pt (val_answer_loss=5.551875)
  saved best_acc.pt (val_answer_accuracy=0.011062)
epoch 3/20 train loss=5.3256 acc=0.0490 em=0.0000 | val loss=5.4702 acc=0.0435 em=0.0000 | random≈0.0020
  saved best_loss.pt (val_answer_loss=5.470166)
  saved best_acc.pt (val_answer_accuracy=0.043469)
epoch 4/20 train loss=4.9923 acc=0.0795 em=0.0000 | val loss=5.3394 acc=0.0549 em=0.0000 | random≈0.0020
  saved best_loss.pt (val_answer_loss=5.339431)
  saved best_acc.pt (val_answer_accuracy=0.054906)
epoch 5/20 train loss=4.0520 acc=0.2147 em=0.0000 | val loss=4.5602 acc=0.1468 em=0.0000 | random≈0.0020
  saved best_loss.pt (val_answer_loss=4.560172)
  saved best_acc.pt (val_answer_accuracy=0.146844)
epoch 6/20 train loss=0.8750 acc=0.8485 em=0.0672 | val loss=1.1002 acc=0.7766 em=0.0180 | random≈0.0020
  saved best_loss.pt (val_answer_loss=1.100182)
  saved best_acc.pt (val_answer_accuracy=0.776563)
epoch 7/20 train loss=0.1539 acc=0.9810 em=0.7394 | val loss=0.2366 acc=0.9534 em=0.4615 | random≈0.0020
  saved best_loss.pt (val_answer_loss=0.236566)
  saved best_acc.pt (val_answer_accuracy=0.953438)
epoch 8/20 train loss=0.0457 acc=0.9980 em=0.9679 | val loss=0.0920 acc=0.9843 em=0.7755 | random≈0.0020
  saved best_loss.pt (val_answer_loss=0.092014)
  saved best_acc.pt (val_answer_accuracy=0.984281)
epoch 9/20 train loss=0.0187 acc=1.0000 em=0.9993 | val loss=0.0511 acc=0.9924 em=0.8840 | random≈0.0020
  saved best_loss.pt (val_answer_loss=0.051084)
  saved best_acc.pt (val_answer_accuracy=0.992406)
epoch 10/20 train loss=0.0107 acc=1.0000 em=1.0000 | val loss=0.0370 acc=0.9942 em=0.9115 | random≈0.0020
  saved best_loss.pt (val_answer_loss=0.037032)
  saved best_acc.pt (val_answer_accuracy=0.994250)
epoch 11/20 train loss=0.0071 acc=1.0000 em=1.0000 | val loss=0.0290 acc=0.9955 em=0.9290 | random≈0.0020
  saved best_loss.pt (val_answer_loss=0.029000)
  saved best_acc.pt (val_answer_accuracy=0.995469)
epoch 12/20 train loss=0.0052 acc=1.0000 em=1.0000 | val loss=0.0243 acc=0.9959 em=0.9360 | random≈0.0020
  saved best_loss.pt (val_answer_loss=0.024301)
  saved best_acc.pt (val_answer_accuracy=0.995938)
epoch 13/20 train loss=0.0039 acc=1.0000 em=1.0000 | val loss=0.0209 acc=0.9963 em=0.9415 | random≈0.0020
  saved best_loss.pt (val_answer_loss=0.020885)
  saved best_acc.pt (val_answer_accuracy=0.996313)
epoch 14/20 train loss=0.0031 acc=1.0000 em=1.0000 | val loss=0.0185 acc=0.9967 em=0.9480 | random≈0.0020
  saved best_loss.pt (val_answer_loss=0.018480)
  saved best_acc.pt (val_answer_accuracy=0.996719)
epoch 15/20 train loss=0.0024 acc=1.0000 em=1.0000 | val loss=0.0167 acc=0.9968 em=0.9500 | random≈0.0020
  saved best_loss.pt (val_answer_loss=0.016710)
  saved best_acc.pt (val_answer_accuracy=0.996844)
epoch 16/20 train loss=0.0020 acc=1.0000 em=1.0000 | val loss=0.0150 acc=0.9968 em=0.9500 | random≈0.0020
  saved best_loss.pt (val_answer_loss=0.014978)
epoch 17/20 train loss=0.0016 acc=1.0000 em=1.0000 | val loss=0.0137 acc=0.9970 em=0.9525 | random≈0.0020
  saved best_loss.pt (val_answer_loss=0.013687)
  saved best_acc.pt (val_answer_accuracy=0.997000)
epoch 18/20 train loss=0.0014 acc=1.0000 em=1.0000 | val loss=0.0128 acc=0.9973 em=0.9585 | random≈0.0020
  saved best_loss.pt (val_answer_loss=0.012828)
  saved best_acc.pt (val_answer_accuracy=0.997344)
epoch 19/20 train loss=0.0012 acc=1.0000 em=1.0000 | val loss=0.0119 acc=0.9973 em=0.9580 | random≈0.0020
  saved best_loss.pt (val_answer_loss=0.011858)
epoch 20/20 train loss=0.0010 acc=1.0000 em=1.0000 | val loss=0.0112 acc=0.9974 em=0.9585 | random≈0.0020
  saved best_loss.pt (val_answer_loss=0.011233)
test [best_loss_ckpt] loss=0.011446 acc=0.997750 em=0.965000
test [best_acc_ckpt]  loss=0.013032 acc=0.997219 em=0.957000 random_baseline≈0.001953
done. meta_metrics → /home/jovyan/shares/SR008.fs2/nvidenisov/other/repos/mamba/mamba_multi_scale_get_started/outputs/MQAR/mqar_bugcheck_mamba2_depth4_kv16_vocab512_lr3e4_seed43/meta_metrics.csv
