mqar_split_hashes: n_train=20000 uniq_train=20000 | n_val=2000 uniq_val=2000 | n_test=2000 uniq_test=2000
mqar_answer_positions[train]: min=16 mean=16.0000 max=16 (expected 16 per sample)
mqar_answer_positions[val]: min=16 mean=16.0000 max=16 (expected 16 per sample)
mqar_answer_positions[test]: min=16 mean=16.0000 max=16 (expected 16 per sample)
experiment=archeval_mqar_trans704_ms_multiaxis_s4_s16_seed43 device=cuda:0 out_dir=/home/jovyan/shares/SR008.fs2/nvidenisov/other/repos/mamba/mamba_multi_scale_get_started/outputs/ArchEval/mqar_trans704_ms_multiaxis_s4_s16_seed43
mqar data: fixed_examples=True random_baseline_acc≈1/vocab=0.001420 (vocab_size=704)
--- mqar resolved config (sanity) ---
  experiment.name: archeval_mqar_trans704_ms_multiaxis_s4_s16_seed43
  model.backbone: multiscale_mamba2_multiaxis_lm
  model.layer_headdims: [32, 32, 32, 32]
  model.multiscale.fast_layer_headdims: [32, 32, 32, 32]
  model.multiscale.slow_layer_headdims: —
  data.input_seq_len: 128
  data.num_kv_pairs: 16
  data.vocab_size: 704
  data.train_examples: 20000  val_examples: 2000  test_examples: 2000
  data.fixed_examples: True
  data.min_query_pos: null
  train.lr: 0.0003
  train.epochs: 20
  num_parameters_trainable: 3544272
  tags(backbone,fusion,stride): multiscale_mamba2_multiaxis_lm, residual_gated_sum, 
--- end resolved config ---
epoch 1/20 train loss=5.8663 acc=0.0039 em=0.0000 | val loss=5.8803 acc=0.0029 em=0.0000 | random≈0.0014
  saved best_loss.pt (val_answer_loss=5.880262)
  saved best_acc.pt (val_answer_accuracy=0.002906)
epoch 2/20 train loss=5.8289 acc=0.0091 em=0.0000 | val loss=5.8804 acc=0.0064 em=0.0000 | random≈0.0014
  saved best_acc.pt (val_answer_accuracy=0.006375)
epoch 3/20 train loss=5.6781 acc=0.0290 em=0.0000 | val loss=5.8740 acc=0.0197 em=0.0000 | random≈0.0014
  saved best_loss.pt (val_answer_loss=5.873969)
  saved best_acc.pt (val_answer_accuracy=0.019656)
epoch 4/20 train loss=5.2782 acc=0.0778 em=0.0000 | val loss=5.8216 acc=0.0452 em=0.0000 | random≈0.0014
  saved best_loss.pt (val_answer_loss=5.821649)
  saved best_acc.pt (val_answer_accuracy=0.045219)
epoch 5/20 train loss=4.5468 acc=0.1915 em=0.0000 | val loss=5.4219 acc=0.1187 em=0.0000 | random≈0.0014
  saved best_loss.pt (val_answer_loss=5.421924)
  saved best_acc.pt (val_answer_accuracy=0.118656)
epoch 6/20 train loss=3.1484 acc=0.4412 em=0.0000 | val loss=4.1516 acc=0.2794 em=0.0000 | random≈0.0014
  saved best_loss.pt (val_answer_loss=4.151586)
  saved best_acc.pt (val_answer_accuracy=0.279375)
epoch 7/20 train loss=0.5601 acc=0.9095 em=0.2203 | val loss=0.9675 acc=0.8007 em=0.0310 | random≈0.0014
  saved best_loss.pt (val_answer_loss=0.967517)
  saved best_acc.pt (val_answer_accuracy=0.800687)
epoch 8/20 train loss=0.1183 acc=0.9889 em=0.8382 | val loss=0.2903 acc=0.9437 em=0.4080 | random≈0.0014
  saved best_loss.pt (val_answer_loss=0.290274)
  saved best_acc.pt (val_answer_accuracy=0.943688)
epoch 9/20 train loss=0.0395 acc=0.9985 em=0.9766 | val loss=0.1475 acc=0.9696 em=0.6165 | random≈0.0014
  saved best_loss.pt (val_answer_loss=0.147533)
  saved best_acc.pt (val_answer_accuracy=0.969625)
epoch 10/20 train loss=0.0167 acc=1.0000 em=0.9995 | val loss=0.0932 acc=0.9792 em=0.7215 | random≈0.0014
  saved best_loss.pt (val_answer_loss=0.093191)
  saved best_acc.pt (val_answer_accuracy=0.979187)
epoch 11/20 train loss=0.0097 acc=1.0000 em=0.9999 | val loss=0.0709 acc=0.9835 em=0.7700 | random≈0.0014
  saved best_loss.pt (val_answer_loss=0.070866)
  saved best_acc.pt (val_answer_accuracy=0.983469)
epoch 12/20 train loss=0.0068 acc=1.0000 em=1.0000 | val loss=0.0586 acc=0.9867 em=0.8090 | random≈0.0014
  saved best_loss.pt (val_answer_loss=0.058593)
  saved best_acc.pt (val_answer_accuracy=0.986719)
epoch 13/20 train loss=0.0051 acc=1.0000 em=1.0000 | val loss=0.0513 acc=0.9880 em=0.8260 | random≈0.0014
  saved best_loss.pt (val_answer_loss=0.051338)
  saved best_acc.pt (val_answer_accuracy=0.988000)
epoch 14/20 train loss=0.0040 acc=1.0000 em=1.0000 | val loss=0.0457 acc=0.9891 em=0.8400 | random≈0.0014
  saved best_loss.pt (val_answer_loss=0.045721)
  saved best_acc.pt (val_answer_accuracy=0.989062)
epoch 15/20 train loss=0.0032 acc=1.0000 em=1.0000 | val loss=0.0415 acc=0.9896 em=0.8465 | random≈0.0014
  saved best_loss.pt (val_answer_loss=0.041514)
  saved best_acc.pt (val_answer_accuracy=0.989594)
epoch 16/20 train loss=0.0027 acc=1.0000 em=1.0000 | val loss=0.0381 acc=0.9903 em=0.8545 | random≈0.0014
  saved best_loss.pt (val_answer_loss=0.038081)
  saved best_acc.pt (val_answer_accuracy=0.990313)
epoch 17/20 train loss=0.0022 acc=1.0000 em=1.0000 | val loss=0.0356 acc=0.9909 em=0.8595 | random≈0.0014
  saved best_loss.pt (val_answer_loss=0.035550)
  saved best_acc.pt (val_answer_accuracy=0.990906)
epoch 18/20 train loss=0.0019 acc=1.0000 em=1.0000 | val loss=0.0330 acc=0.9913 em=0.8675 | random≈0.0014
  saved best_loss.pt (val_answer_loss=0.032951)
  saved best_acc.pt (val_answer_accuracy=0.991344)
epoch 19/20 train loss=0.0016 acc=1.0000 em=1.0000 | val loss=0.0307 acc=0.9920 em=0.8775 | random≈0.0014
  saved best_loss.pt (val_answer_loss=0.030680)
  saved best_acc.pt (val_answer_accuracy=0.992000)
epoch 20/20 train loss=0.0014 acc=1.0000 em=1.0000 | val loss=0.0287 acc=0.9924 em=0.8825 | random≈0.0014
  saved best_loss.pt (val_answer_loss=0.028732)
  saved best_acc.pt (val_answer_accuracy=0.992375)
test [best_loss_ckpt] loss=0.031026 acc=0.991531 em=0.874500
test [best_acc_ckpt]  loss=0.031026 acc=0.991531 em=0.874500 random_baseline≈0.001420
done. meta_metrics → /home/jovyan/shares/SR008.fs2/nvidenisov/other/repos/mamba/mamba_multi_scale_get_started/outputs/ArchEval/mqar_trans704_ms_multiaxis_s4_s16_seed43/meta_metrics.csv
