mqar_split_hashes: n_train=20000 uniq_train=20000 | n_val=2000 uniq_val=2000 | n_test=2000 uniq_test=2000
mqar_answer_positions[train]: min=16 mean=16.0000 max=16 (expected 16 per sample)
mqar_answer_positions[val]: min=16 mean=16.0000 max=16 (expected 16 per sample)
mqar_answer_positions[test]: min=16 mean=16.0000 max=16 (expected 16 per sample)
experiment=archeval_mqar_easy_ms_film_stride4_seed43 device=cuda:0 out_dir=/home/jovyan/shares/SR008.fs2/nvidenisov/other/repos/mamba/mamba_multi_scale_get_started/outputs/ArchEval/mqar_easy_ms_film_stride4_seed43
mqar data: fixed_examples=True random_baseline_acc≈1/vocab=0.001953 (vocab_size=512)
--- mqar resolved config (sanity) ---
  experiment.name: archeval_mqar_easy_ms_film_stride4_seed43
  model.backbone: multiscale_mamba2_film_lm
  model.layer_headdims: [32, 32, 32, 32]
  model.multiscale.fast_layer_headdims: [32, 32, 32, 32]
  model.multiscale.slow_layer_headdims: [32, 32]
  data.input_seq_len: 128
  data.num_kv_pairs: 16
  data.vocab_size: 512
  data.train_examples: 20000  val_examples: 2000  test_examples: 2000
  data.fixed_examples: True
  data.min_query_pos: null
  train.lr: 0.0003
  train.epochs: 20
  num_parameters_trainable: 2897568
  tags(backbone,fusion,stride): multiscale_mamba2_film_lm, film, 4
--- end resolved config ---
epoch 1/20 train loss=5.5506 acc=0.0044 em=0.0000 | val loss=5.5581 acc=0.0041 em=0.0000 | random≈0.0020
  saved best_loss.pt (val_answer_loss=5.558050)
  saved best_acc.pt (val_answer_accuracy=0.004063)
epoch 2/20 train loss=5.5076 acc=0.0097 em=0.0000 | val loss=5.5656 acc=0.0034 em=0.0000 | random≈0.0020
epoch 3/20 train loss=5.3283 acc=0.0324 em=0.0000 | val loss=5.5982 acc=0.0040 em=0.0000 | random≈0.0020
epoch 4/20 train loss=4.8733 acc=0.1081 em=0.0000 | val loss=5.7090 acc=0.0047 em=0.0000 | random≈0.0020
  saved best_acc.pt (val_answer_accuracy=0.004719)
epoch 5/20 train loss=4.2991 acc=0.2207 em=0.0000 | val loss=5.8765 acc=0.0044 em=0.0000 | random≈0.0020
early stopping at epoch 5: val answer_loss did not improve by min_delta=0.0001 for 4 epochs
test [best_loss_ckpt] loss=5.559192 acc=0.003500 em=0.000000
test [best_acc_ckpt]  loss=5.709148 acc=0.004812 em=0.000000 random_baseline≈0.001953
done. meta_metrics → /home/jovyan/shares/SR008.fs2/nvidenisov/other/repos/mamba/mamba_multi_scale_get_started/outputs/ArchEval/mqar_easy_ms_film_stride4_seed43/meta_metrics.csv
