mqar_split_hashes: n_train=20000 uniq_train=20000 | n_val=2000 uniq_val=2000 | n_test=2000 uniq_test=2000
mqar_answer_positions[train]: min=16 mean=16.0000 max=16 (expected 16 per sample)
mqar_answer_positions[val]: min=16 mean=16.0000 max=16 (expected 16 per sample)
mqar_answer_positions[test]: min=16 mean=16.0000 max=16 (expected 16 per sample)
experiment=mqar_fail_mamba2_split_ts_slow_veryslow_v896_seed42 device=cuda:0 out_dir=/home/jovyan/shares/SR008.fs2/nvidenisov/other/repos/mamba/mamba_multi_scale_get_started/outputs/MQARFailureSweep/mqar_fail_mamba2_split_ts_slow_veryslow_v896_seed42
mqar data: fixed_examples=True random_baseline_acc≈1/vocab=0.001116 (vocab_size=896)
--- mqar resolved config (sanity) ---
  experiment.name: mqar_fail_mamba2_split_ts_slow_veryslow_v896_seed42
  model.backbone: mamba2_lm
  model.layer_headdims: [32, 32, 32, 32]
  model.multiscale.fast_layer_headdims: —
  model.multiscale.slow_layer_headdims: —
  model.multiscale.window_size: —
  model.multiscale.offsets: —
  model.multiscale.summary_mode: —
  model.multiscale.causal_mode: —
  model.multiscale.gate_type: —
  data.input_seq_len: 128
  data.num_kv_pairs: 16
  data.vocab_size: 896
  data.train_examples: 20000  val_examples: 2000  test_examples: 2000
  data.fixed_examples: True
  data.min_query_pos: null
  train.lr: 0.0003
  train.epochs: 20
  num_parameters_trainable: 2128704
  tags(backbone,fusion,stride): mamba2_lm, , 
--- end resolved config ---
epoch 1/20 train loss=6.1104 acc=0.0029 em=0.0000 | val loss=6.1217 acc=0.0020 em=0.0000 | random≈0.0011
  saved best_loss.pt (val_answer_loss=6.121691)
  saved best_acc.pt (val_answer_accuracy=0.002000)
epoch 2/20 train loss=6.0864 acc=0.0056 em=0.0000 | val loss=6.1195 acc=0.0042 em=0.0000 | random≈0.0011
  saved best_loss.pt (val_answer_loss=6.119476)
  saved best_acc.pt (val_answer_accuracy=0.004156)
epoch 3/20 train loss=5.9602 acc=0.0269 em=0.0000 | val loss=6.0847 acc=0.0227 em=0.0000 | random≈0.0011
  saved best_loss.pt (val_answer_loss=6.084720)
  saved best_acc.pt (val_answer_accuracy=0.022687)
epoch 4/20 train loss=5.5172 acc=0.0857 em=0.0000 | val loss=5.8405 acc=0.0632 em=0.0000 | random≈0.0011
  saved best_loss.pt (val_answer_loss=5.840476)
  saved best_acc.pt (val_answer_accuracy=0.063156)
epoch 5/20 train loss=2.4316 acc=0.6260 em=0.0001 | val loss=2.6329 acc=0.5809 em=0.0000 | random≈0.0011
  saved best_loss.pt (val_answer_loss=2.632948)
  saved best_acc.pt (val_answer_accuracy=0.580937)
epoch 6/20 train loss=0.3449 acc=0.9597 em=0.5250 | val loss=0.4409 acc=0.9349 em=0.3345 | random≈0.0011
  saved best_loss.pt (val_answer_loss=0.440893)
  saved best_acc.pt (val_answer_accuracy=0.934906)
epoch 7/20 train loss=0.0705 acc=0.9958 em=0.9357 | val loss=0.1165 acc=0.9850 em=0.7890 | random≈0.0011
  saved best_loss.pt (val_answer_loss=0.116540)
  saved best_acc.pt (val_answer_accuracy=0.984969)
epoch 8/20 train loss=0.0234 acc=0.9998 em=0.9960 | val loss=0.0521 acc=0.9939 em=0.9080 | random≈0.0011
  saved best_loss.pt (val_answer_loss=0.052148)
  saved best_acc.pt (val_answer_accuracy=0.993938)
epoch 9/20 train loss=0.0119 acc=1.0000 em=1.0000 | val loss=0.0326 acc=0.9964 em=0.9430 | random≈0.0011
  saved best_loss.pt (val_answer_loss=0.032596)
  saved best_acc.pt (val_answer_accuracy=0.996375)
epoch 10/20 train loss=0.0077 acc=1.0000 em=1.0000 | val loss=0.0246 acc=0.9969 em=0.9505 | random≈0.0011
  saved best_loss.pt (val_answer_loss=0.024591)
  saved best_acc.pt (val_answer_accuracy=0.996875)
epoch 11/20 train loss=0.0057 acc=1.0000 em=1.0000 | val loss=0.0201 acc=0.9973 em=0.9575 | random≈0.0011
  saved best_loss.pt (val_answer_loss=0.020129)
  saved best_acc.pt (val_answer_accuracy=0.997313)
epoch 12/20 train loss=0.0044 acc=1.0000 em=1.0000 | val loss=0.0175 acc=0.9975 em=0.9605 | random≈0.0011
  saved best_loss.pt (val_answer_loss=0.017529)
  saved best_acc.pt (val_answer_accuracy=0.997500)
epoch 13/20 train loss=0.0035 acc=1.0000 em=1.0000 | val loss=0.0154 acc=0.9975 em=0.9610 | random≈0.0011
  saved best_loss.pt (val_answer_loss=0.015357)
epoch 14/20 train loss=0.0029 acc=1.0000 em=1.0000 | val loss=0.0137 acc=0.9978 em=0.9655 | random≈0.0011
  saved best_loss.pt (val_answer_loss=0.013696)
  saved best_acc.pt (val_answer_accuracy=0.997844)
epoch 15/20 train loss=0.0024 acc=1.0000 em=1.0000 | val loss=0.0123 acc=0.9980 em=0.9680 | random≈0.0011
  saved best_loss.pt (val_answer_loss=0.012327)
  saved best_acc.pt (val_answer_accuracy=0.997969)
epoch 16/20 train loss=0.0020 acc=1.0000 em=1.0000 | val loss=0.0111 acc=0.9982 em=0.9710 | random≈0.0011
  saved best_loss.pt (val_answer_loss=0.011146)
  saved best_acc.pt (val_answer_accuracy=0.998188)
epoch 17/20 train loss=0.0017 acc=1.0000 em=1.0000 | val loss=0.0104 acc=0.9984 em=0.9745 | random≈0.0011
  saved best_loss.pt (val_answer_loss=0.010376)
  saved best_acc.pt (val_answer_accuracy=0.998375)
epoch 18/20 train loss=0.0015 acc=1.0000 em=1.0000 | val loss=0.0094 acc=0.9986 em=0.9780 | random≈0.0011
  saved best_loss.pt (val_answer_loss=0.009411)
  saved best_acc.pt (val_answer_accuracy=0.998594)
epoch 19/20 train loss=0.0013 acc=1.0000 em=1.0000 | val loss=0.0088 acc=0.9988 em=0.9805 | random≈0.0011
  saved best_loss.pt (val_answer_loss=0.008798)
  saved best_acc.pt (val_answer_accuracy=0.998750)
epoch 20/20 train loss=0.0011 acc=1.0000 em=1.0000 | val loss=0.0083 acc=0.9987 em=0.9790 | random≈0.0011
  saved best_loss.pt (val_answer_loss=0.008333)
test [best_loss_ckpt] loss=0.009906 acc=0.998281 em=0.972500
test [best_acc_ckpt]  loss=0.010390 acc=0.998250 em=0.972000 random_baseline≈0.001116
done. meta_metrics → /home/jovyan/shares/SR008.fs2/nvidenisov/other/repos/mamba/mamba_multi_scale_get_started/outputs/MQARFailureSweep/mqar_fail_mamba2_split_ts_slow_veryslow_v896_seed42/meta_metrics.csv
