experiment=sanity_pm_lr3em4_do0p0_seed42 device=cuda:0 out_dir=/home/jovyan/shares/SR008.fs2/nvidenisov/other/repos/mamba/mamba_multi_scale_get_started/outputs/TransformerLMSanity/sanity_pm_lr3em4_do0p0_seed42
early_stopping: patience=5 min_delta=0.0001 (disable with train.early_stopping.patience=0)
epoch 1/20 train_loss=3.3916 val_loss=3.0129 val_ppl=20.35 val_bpc=4.3467
  saved best.pt (val_loss=3.012905)
epoch 2/20 train_loss=2.8516 val_loss=2.7710 val_ppl=15.97 val_bpc=3.9977
  saved best.pt (val_loss=2.770975)
epoch 3/20 train_loss=2.6845 val_loss=2.6456 val_ppl=14.09 val_bpc=3.8167
  saved best.pt (val_loss=2.645563)
epoch 4/20 train_loss=2.5998 val_loss=2.5796 val_ppl=13.19 val_bpc=3.7215
  saved best.pt (val_loss=2.579562)
epoch 5/20 train_loss=2.5531 val_loss=2.5430 val_ppl=12.72 val_bpc=3.6687
  saved best.pt (val_loss=2.542960)
epoch 6/20 train_loss=2.5292 val_loss=2.5233 val_ppl=12.47 val_bpc=3.6403
  saved best.pt (val_loss=2.523294)
epoch 7/20 train_loss=2.5101 val_loss=2.5112 val_ppl=12.32 val_bpc=3.6229
  saved best.pt (val_loss=2.511236)
epoch 8/20 train_loss=2.4965 val_loss=2.5016 val_ppl=12.20 val_bpc=3.6091
  saved best.pt (val_loss=2.501643)
epoch 9/20 train_loss=2.4815 val_loss=2.4870 val_ppl=12.03 val_bpc=3.5880
  saved best.pt (val_loss=2.487015)
epoch 10/20 train_loss=2.4714 val_loss=2.4793 val_ppl=11.93 val_bpc=3.5768
  saved best.pt (val_loss=2.479258)
epoch 11/20 train_loss=2.4618 val_loss=2.4708 val_ppl=11.83 val_bpc=3.5646
  saved best.pt (val_loss=2.470821)
epoch 12/20 train_loss=2.4523 val_loss=2.4585 val_ppl=11.69 val_bpc=3.5468
  saved best.pt (val_loss=2.458488)
epoch 13/20 train_loss=2.4398 val_loss=2.4544 val_ppl=11.64 val_bpc=3.5410
  saved best.pt (val_loss=2.454411)
epoch 14/20 train_loss=2.4321 val_loss=2.4431 val_ppl=11.51 val_bpc=3.5247
  saved best.pt (val_loss=2.443111)
epoch 15/20 train_loss=2.4264 val_loss=2.4339 val_ppl=11.40 val_bpc=3.5114
  saved best.pt (val_loss=2.433896)
epoch 16/20 train_loss=2.4076 val_loss=2.4238 val_ppl=11.29 val_bpc=3.4969
  saved best.pt (val_loss=2.423843)
epoch 17/20 train_loss=2.3965 val_loss=2.4086 val_ppl=11.12 val_bpc=3.4748
  saved best.pt (val_loss=2.408575)
epoch 18/20 train_loss=2.3807 val_loss=2.3995 val_ppl=11.02 val_bpc=3.4618
  saved best.pt (val_loss=2.399514)
epoch 19/20 train_loss=2.3666 val_loss=2.3780 val_ppl=10.78 val_bpc=3.4307
  saved best.pt (val_loss=2.377984)
epoch 20/20 train_loss=2.3474 val_loss=2.3892 val_ppl=10.90 val_bpc=3.4468
meta_metrics: train=10.40s eval=193.52s loop=207.96s setup=2.59s → meta_metrics.csv
