experiment=tiny_shakespeare_multiscale_sum_mamba2_random_windows_block_size_512 device=cuda:0 out_dir=/home/jovyan/shares/SR008.fs2/nvidenisov/other/repos/mamba/mamba_multi_scale_get_started/outputs/TinyShakespeare/tiny_shakespeare_multiscale_sum_mamba2_random_windows_block_size_512
early_stopping: patience=3 min_delta=0.0001 (disable with train.early_stopping.patience=0)
epoch 1/10 train_loss=3.1135 val_loss=2.5484 val_ppl=12.79 val_bpc=3.6766
  saved best.pt (val_loss=2.548437)
epoch 2/10 train_loss=2.3321 val_loss=2.2000 val_ppl=9.03 val_bpc=3.1740
  saved best.pt (val_loss=2.200035)
epoch 3/10 train_loss=2.0438 val_loss=2.0127 val_ppl=7.48 val_bpc=2.9037
  saved best.pt (val_loss=2.012661)
epoch 4/10 train_loss=1.8515 val_loss=1.8950 val_ppl=6.65 val_bpc=2.7340
  saved best.pt (val_loss=1.895050)
epoch 5/10 train_loss=1.7162 val_loss=1.8069 val_ppl=6.09 val_bpc=2.6068
  saved best.pt (val_loss=1.806887)
epoch 6/10 train_loss=1.6133 val_loss=1.7428 val_ppl=5.71 val_bpc=2.5143
  saved best.pt (val_loss=1.742769)
epoch 7/10 train_loss=1.5389 val_loss=1.6884 val_ppl=5.41 val_bpc=2.4359
  saved best.pt (val_loss=1.688421)
epoch 8/10 train_loss=1.4851 val_loss=1.6497 val_ppl=5.21 val_bpc=2.3800
  saved best.pt (val_loss=1.649719)
epoch 9/10 train_loss=1.4427 val_loss=1.6227 val_ppl=5.07 val_bpc=2.3411
  saved best.pt (val_loss=1.622745)
epoch 10/10 train_loss=1.4111 val_loss=1.5985 val_ppl=4.95 val_bpc=2.3062
  saved best.pt (val_loss=1.598514)
meta_metrics: train=32.57s eval=120.33s loop=155.55s setup=3.66s → meta_metrics.csv
