mqar_split_hashes: n_train=20000 uniq_train=20000 | n_val=2000 uniq_val=2000 | n_test=2000 uniq_test=2000
mqar_answer_positions[train]: min=16 mean=16.0000 max=16 (expected 16 per sample)
mqar_answer_positions[val]: min=16 mean=16.0000 max=16 (expected 16 per sample)
mqar_answer_positions[test]: min=16 mean=16.0000 max=16 (expected 16 per sample)
experiment=archeval_mqar_easy_ms_window_ws8_o0_o4_seed42 device=cuda:0 out_dir=/home/jovyan/shares/SR008.fs2/nvidenisov/other/repos/mamba/mamba_multi_scale_get_started/outputs/ArchEval/mqar_easy_ms_window_ws8_o0_o4_seed42
mqar data: fixed_examples=True random_baseline_acc≈1/vocab=0.001953 (vocab_size=512)
--- mqar resolved config (sanity) ---
  experiment.name: archeval_mqar_easy_ms_window_ws8_o0_o4_seed42
  model.backbone: multiscale_mamba2_window_summary_lm
  model.layer_headdims: [32, 32, 32, 32]
  model.multiscale.fast_layer_headdims: —
  model.multiscale.slow_layer_headdims: [32, 32]
  data.input_seq_len: 128
  data.num_kv_pairs: 16
  data.vocab_size: 512
  data.train_examples: 20000  val_examples: 2000  test_examples: 2000
  data.fixed_examples: True
  data.min_query_pos: null
  train.lr: 0.0003
  train.epochs: 20
  num_parameters_trainable: 3862912
  tags(backbone,fusion,stride): multiscale_mamba2_window_summary_lm, window_residual_gated, 
--- end resolved config ---
epoch 1/20 train loss=5.5387 acc=0.0064 em=0.0000 | val loss=5.5582 acc=0.0037 em=0.0000 | random≈0.0020
  saved best_loss.pt (val_answer_loss=5.558167)
  saved best_acc.pt (val_answer_accuracy=0.003719)
epoch 2/20 train loss=5.1592 acc=0.0441 em=0.0000 | val loss=5.3379 acc=0.0220 em=0.0000 | random≈0.0020
  saved best_loss.pt (val_answer_loss=5.337872)
  saved best_acc.pt (val_answer_accuracy=0.022031)
epoch 3/20 train loss=4.4308 acc=0.1041 em=0.0000 | val loss=4.8373 acc=0.0527 em=0.0000 | random≈0.0020
  saved best_loss.pt (val_answer_loss=4.837264)
  saved best_acc.pt (val_answer_accuracy=0.052687)
epoch 4/20 train loss=3.7427 acc=0.1661 em=0.0000 | val loss=4.4477 acc=0.0624 em=0.0000 | random≈0.0020
  saved best_loss.pt (val_answer_loss=4.447715)
  saved best_acc.pt (val_answer_accuracy=0.062437)
epoch 5/20 train loss=3.1442 acc=0.2691 em=0.0000 | val loss=4.3576 acc=0.0644 em=0.0000 | random≈0.0020
  saved best_loss.pt (val_answer_loss=4.357631)
  saved best_acc.pt (val_answer_accuracy=0.064406)
epoch 6/20 train loss=2.5419 acc=0.4212 em=0.0000 | val loss=4.4524 acc=0.0625 em=0.0000 | random≈0.0020
epoch 7/20 train loss=1.9622 acc=0.5842 em=0.0001 | val loss=4.6424 acc=0.0593 em=0.0000 | random≈0.0020
epoch 8/20 train loss=1.4519 acc=0.7263 em=0.0084 | val loss=4.8770 acc=0.0561 em=0.0000 | random≈0.0020
epoch 9/20 train loss=1.0252 acc=0.8396 em=0.0754 | val loss=5.1596 acc=0.0535 em=0.0000 | random≈0.0020
early stopping at epoch 9: val answer_loss did not improve by min_delta=0.0001 for 4 epochs
test [best_loss_ckpt] loss=4.348306 acc=0.062500 em=0.000000
test [best_acc_ckpt]  loss=4.348306 acc=0.062500 em=0.000000 random_baseline≈0.001953
done. meta_metrics → /home/jovyan/shares/SR008.fs2/nvidenisov/other/repos/mamba/mamba_multi_scale_get_started/outputs/ArchEval/mqar_easy_ms_window_ws8_o0_o4_seed42/meta_metrics.csv
mqar_split_hashes: n_train=20000 uniq_train=20000 | n_val=2000 uniq_val=2000 | n_test=2000 uniq_test=2000
mqar_answer_positions[train]: min=16 mean=16.0000 max=16 (expected 16 per sample)
mqar_answer_positions[val]: min=16 mean=16.0000 max=16 (expected 16 per sample)
mqar_answer_positions[test]: min=16 mean=16.0000 max=16 (expected 16 per sample)
experiment=archeval_mqar_easy_ms_window_ws8_o0_o4_seed42 device=cuda:0 out_dir=/home/jovyan/shares/SR008.fs2/nvidenisov/other/repos/mamba/mamba_multi_scale_get_started/outputs/ArchEval/mqar_easy_ms_window_ws8_o0_o4_seed42
mqar data: fixed_examples=True random_baseline_acc≈1/vocab=0.001953 (vocab_size=512)
--- mqar resolved config (sanity) ---
  experiment.name: archeval_mqar_easy_ms_window_ws8_o0_o4_seed42
  model.backbone: multiscale_mamba2_window_summary_lm
  model.layer_headdims: [32, 32, 32, 32]
  model.multiscale.fast_layer_headdims: —
  model.multiscale.slow_layer_headdims: [32, 32]
  model.multiscale.window_size: 8
  model.multiscale.offsets: [0, 4]
  model.multiscale.summary_mode: mean
  model.multiscale.causal_mode: —
  model.multiscale.gate_type: vector
  data.input_seq_len: 128
  data.num_kv_pairs: 16
  data.vocab_size: 512
  data.train_examples: 20000  val_examples: 2000  test_examples: 2000
  data.fixed_examples: True
  data.min_query_pos: null
  train.lr: 0.0003
  train.epochs: 20
  num_parameters_trainable: 3862912
  tags(backbone,fusion,stride): multiscale_mamba2_window_summary_lm, window_residual_gated, 
--- end resolved config ---
epoch 1/20 train loss=5.5387 acc=0.0064 em=0.0000 | val loss=5.5582 acc=0.0037 em=0.0000 | random≈0.0020
  saved best_loss.pt (val_answer_loss=5.558167)
  saved best_acc.pt (val_answer_accuracy=0.003719)
epoch 2/20 train loss=5.1592 acc=0.0441 em=0.0000 | val loss=5.3379 acc=0.0221 em=0.0000 | random≈0.0020
  saved best_loss.pt (val_answer_loss=5.337873)
  saved best_acc.pt (val_answer_accuracy=0.022062)
epoch 3/20 train loss=4.4308 acc=0.1041 em=0.0000 | val loss=4.8373 acc=0.0527 em=0.0000 | random≈0.0020
  saved best_loss.pt (val_answer_loss=4.837268)
  saved best_acc.pt (val_answer_accuracy=0.052687)
epoch 4/20 train loss=3.7427 acc=0.1661 em=0.0000 | val loss=4.4477 acc=0.0624 em=0.0000 | random≈0.0020
  saved best_loss.pt (val_answer_loss=4.447722)
  saved best_acc.pt (val_answer_accuracy=0.062406)
epoch 5/20 train loss=3.1442 acc=0.2691 em=0.0000 | val loss=4.3576 acc=0.0644 em=0.0000 | random≈0.0020
  saved best_loss.pt (val_answer_loss=4.357632)
  saved best_acc.pt (val_answer_accuracy=0.064437)
epoch 6/20 train loss=2.5419 acc=0.4212 em=0.0000 | val loss=4.4524 acc=0.0625 em=0.0000 | random≈0.0020
epoch 7/20 train loss=1.9622 acc=0.5842 em=0.0001 | val loss=4.6424 acc=0.0593 em=0.0000 | random≈0.0020
epoch 8/20 train loss=1.4519 acc=0.7263 em=0.0085 | val loss=4.8770 acc=0.0561 em=0.0000 | random≈0.0020
epoch 9/20 train loss=1.0252 acc=0.8396 em=0.0755 | val loss=5.1596 acc=0.0535 em=0.0000 | random≈0.0020
early stopping at epoch 9: val answer_loss did not improve by min_delta=0.0001 for 4 epochs
test [best_loss_ckpt] loss=4.348309 acc=0.062531 em=0.000000
test [best_acc_ckpt]  loss=4.348309 acc=0.062531 em=0.000000 random_baseline≈0.001953
done. meta_metrics → /home/jovyan/shares/SR008.fs2/nvidenisov/other/repos/mamba/mamba_multi_scale_get_started/outputs/ArchEval/mqar_easy_ms_window_ws8_o0_o4_seed42/meta_metrics.csv
mqar_split_hashes: n_train=20000 uniq_train=20000 | n_val=2000 uniq_val=2000 | n_test=2000 uniq_test=2000
mqar_answer_positions[train]: min=16 mean=16.0000 max=16 (expected 16 per sample)
mqar_answer_positions[val]: min=16 mean=16.0000 max=16 (expected 16 per sample)
mqar_answer_positions[test]: min=16 mean=16.0000 max=16 (expected 16 per sample)
experiment=archeval_mqar_easy_ms_window_ws8_o0_o4_seed42 device=cuda:0 out_dir=/home/jovyan/shares/SR008.fs2/nvidenisov/other/repos/mamba/mamba_multi_scale_get_started/outputs/ArchEval/mqar_easy_ms_window_ws8_o0_o4_seed42
mqar data: fixed_examples=True random_baseline_acc≈1/vocab=0.001953 (vocab_size=512)
--- mqar resolved config (sanity) ---
  experiment.name: archeval_mqar_easy_ms_window_ws8_o0_o4_seed42
  model.backbone: multiscale_mamba2_window_summary_lm
  model.layer_headdims: [32, 32, 32, 32]
  model.multiscale.fast_layer_headdims: —
  model.multiscale.slow_layer_headdims: [32, 32]
  model.multiscale.window_size: 8
  model.multiscale.offsets: [0, 4]
  model.multiscale.summary_mode: mean
  model.multiscale.causal_mode: —
  model.multiscale.gate_type: vector
  data.input_seq_len: 128
  data.num_kv_pairs: 16
  data.vocab_size: 512
  data.train_examples: 20000  val_examples: 2000  test_examples: 2000
  data.fixed_examples: True
  data.min_query_pos: null
  train.lr: 0.0003
  train.epochs: 20
  num_parameters_trainable: 3862912
  tags(backbone,fusion,stride): multiscale_mamba2_window_summary_lm, window_residual_gated, 
--- end resolved config ---
epoch 1/20 train loss=5.5387 acc=0.0064 em=0.0000 | val loss=5.5582 acc=0.0037 em=0.0000 | random≈0.0020
  saved best_loss.pt (val_answer_loss=5.558167)
  saved best_acc.pt (val_answer_accuracy=0.003719)
epoch 2/20 train loss=5.1592 acc=0.0441 em=0.0000 | val loss=5.3379 acc=0.0220 em=0.0000 | random≈0.0020
  saved best_loss.pt (val_answer_loss=5.337874)
  saved best_acc.pt (val_answer_accuracy=0.022031)
epoch 3/20 train loss=4.4308 acc=0.1041 em=0.0000 | val loss=4.8373 acc=0.0527 em=0.0000 | random≈0.0020
  saved best_loss.pt (val_answer_loss=4.837266)
  saved best_acc.pt (val_answer_accuracy=0.052687)
epoch 4/20 train loss=3.7427 acc=0.1661 em=0.0000 | val loss=4.4477 acc=0.0624 em=0.0000 | random≈0.0020
  saved best_loss.pt (val_answer_loss=4.447716)
  saved best_acc.pt (val_answer_accuracy=0.062406)
epoch 5/20 train loss=3.1442 acc=0.2691 em=0.0000 | val loss=4.3576 acc=0.0644 em=0.0000 | random≈0.0020
  saved best_loss.pt (val_answer_loss=4.357629)
  saved best_acc.pt (val_answer_accuracy=0.064437)
epoch 6/20 train loss=2.5419 acc=0.4212 em=0.0000 | val loss=4.4524 acc=0.0625 em=0.0000 | random≈0.0020
epoch 7/20 train loss=1.9622 acc=0.5842 em=0.0001 | val loss=4.6424 acc=0.0593 em=0.0000 | random≈0.0020
epoch 8/20 train loss=1.4519 acc=0.7263 em=0.0084 | val loss=4.8770 acc=0.0560 em=0.0000 | random≈0.0020
epoch 9/20 train loss=1.0252 acc=0.8396 em=0.0754 | val loss=5.1596 acc=0.0535 em=0.0000 | random≈0.0020
early stopping at epoch 9: val answer_loss did not improve by min_delta=0.0001 for 4 epochs
test [best_loss_ckpt] loss=4.348306 acc=0.062500 em=0.000000
test [best_acc_ckpt]  loss=4.348306 acc=0.062500 em=0.000000 random_baseline≈0.001953
done. meta_metrics → /home/jovyan/shares/SR008.fs2/nvidenisov/other/repos/mamba/mamba_multi_scale_get_started/outputs/ArchEval/mqar_easy_ms_window_ws8_o0_o4_seed42/meta_metrics.csv
mqar_split_hashes: n_train=20000 uniq_train=20000 | n_val=2000 uniq_val=2000 | n_test=2000 uniq_test=2000
mqar_answer_positions[train]: min=16 mean=16.0000 max=16 (expected 16 per sample)
mqar_answer_positions[val]: min=16 mean=16.0000 max=16 (expected 16 per sample)
mqar_answer_positions[test]: min=16 mean=16.0000 max=16 (expected 16 per sample)
experiment=archeval_mqar_easy_ms_window_ws8_o0_o4_seed42 device=cuda:0 out_dir=/home/jovyan/shares/SR008.fs2/nvidenisov/other/repos/mamba/mamba_multi_scale_get_started/outputs/ArchEval/mqar_easy_ms_window_ws8_o0_o4_seed42
mqar data: fixed_examples=True random_baseline_acc≈1/vocab=0.001953 (vocab_size=512)
--- mqar resolved config (sanity) ---
  experiment.name: archeval_mqar_easy_ms_window_ws8_o0_o4_seed42
  model.backbone: multiscale_mamba2_window_summary_lm
  model.layer_headdims: [32, 32, 32, 32]
  model.multiscale.fast_layer_headdims: —
  model.multiscale.slow_layer_headdims: [32, 32]
  model.multiscale.window_size: 8
  model.multiscale.offsets: [0, 4]
  model.multiscale.summary_mode: last
  model.multiscale.causal_mode: completed
  model.multiscale.gate_type: vector
  data.input_seq_len: 128
  data.num_kv_pairs: 16
  data.vocab_size: 512
  data.train_examples: 20000  val_examples: 2000  test_examples: 2000
  data.fixed_examples: True
  data.min_query_pos: null
  train.lr: 0.0003
  train.epochs: 20
  num_parameters_trainable: 3862912
  tags(backbone,fusion,stride): multiscale_mamba2_window_summary_lm, window_residual_gated, 
--- end resolved config ---
epoch 1/20 train loss=5.5427 acc=0.0056 em=0.0000 | val loss=5.5617 acc=0.0035 em=0.0000 | random≈0.0020
  saved best_loss.pt (val_answer_loss=5.561702)
  saved best_acc.pt (val_answer_accuracy=0.003500)
epoch 2/20 train loss=5.4345 acc=0.0273 em=0.0000 | val loss=5.5355 acc=0.0230 em=0.0000 | random≈0.0020
  saved best_loss.pt (val_answer_loss=5.535536)
  saved best_acc.pt (val_answer_accuracy=0.022969)
epoch 3/20 train loss=5.1433 acc=0.0562 em=0.0000 | val loss=5.4743 acc=0.0395 em=0.0000 | random≈0.0020
  saved best_loss.pt (val_answer_loss=5.474268)
  saved best_acc.pt (val_answer_accuracy=0.039531)
epoch 4/20 train loss=4.5924 acc=0.1299 em=0.0000 | val loss=5.3104 acc=0.0708 em=0.0000 | random≈0.0020
  saved best_loss.pt (val_answer_loss=5.310354)
  saved best_acc.pt (val_answer_accuracy=0.070781)
epoch 5/20 train loss=3.7751 acc=0.2608 em=0.0000 | val loss=4.9293 acc=0.1220 em=0.0000 | random≈0.0020
  saved best_loss.pt (val_answer_loss=4.929287)
  saved best_acc.pt (val_answer_accuracy=0.122000)
epoch 6/20 train loss=0.8584 acc=0.8257 em=0.0426 | val loss=1.4702 acc=0.6566 em=0.0005 | random≈0.0020
  saved best_loss.pt (val_answer_loss=1.470227)
  saved best_acc.pt (val_answer_accuracy=0.656563)
epoch 7/20 train loss=0.1314 acc=0.9843 em=0.7783 | val loss=0.3212 acc=0.9299 em=0.3015 | random≈0.0020
  saved best_loss.pt (val_answer_loss=0.321177)
  saved best_acc.pt (val_answer_accuracy=0.929906)
epoch 8/20 train loss=0.0325 acc=0.9992 em=0.9869 | val loss=0.1214 acc=0.9762 em=0.6815 | random≈0.0020
  saved best_loss.pt (val_answer_loss=0.121381)
  saved best_acc.pt (val_answer_accuracy=0.976187)
epoch 9/20 train loss=0.0140 acc=1.0000 em=0.9999 | val loss=0.0716 acc=0.9864 em=0.8055 | random≈0.0020
  saved best_loss.pt (val_answer_loss=0.071551)
  saved best_acc.pt (val_answer_accuracy=0.986406)
epoch 10/20 train loss=0.0086 acc=1.0000 em=1.0000 | val loss=0.0525 acc=0.9907 em=0.8620 | random≈0.0020
  saved best_loss.pt (val_answer_loss=0.052497)
  saved best_acc.pt (val_answer_accuracy=0.990719)
epoch 11/20 train loss=0.0060 acc=1.0000 em=1.0000 | val loss=0.0421 acc=0.9921 em=0.8830 | random≈0.0020
  saved best_loss.pt (val_answer_loss=0.042063)
  saved best_acc.pt (val_answer_accuracy=0.992125)
epoch 12/20 train loss=0.0045 acc=1.0000 em=1.0000 | val loss=0.0352 acc=0.9933 em=0.8990 | random≈0.0020
  saved best_loss.pt (val_answer_loss=0.035170)
  saved best_acc.pt (val_answer_accuracy=0.993313)
epoch 13/20 train loss=0.0035 acc=1.0000 em=1.0000 | val loss=0.0295 acc=0.9950 em=0.9235 | random≈0.0020
  saved best_loss.pt (val_answer_loss=0.029458)
  saved best_acc.pt (val_answer_accuracy=0.995000)
epoch 14/20 train loss=0.0028 acc=1.0000 em=1.0000 | val loss=0.0258 acc=0.9955 em=0.9310 | random≈0.0020
  saved best_loss.pt (val_answer_loss=0.025828)
  saved best_acc.pt (val_answer_accuracy=0.995469)
epoch 15/20 train loss=0.0023 acc=1.0000 em=1.0000 | val loss=0.0228 acc=0.9957 em=0.9335 | random≈0.0020
  saved best_loss.pt (val_answer_loss=0.022822)
  saved best_acc.pt (val_answer_accuracy=0.995656)
epoch 16/20 train loss=0.0019 acc=1.0000 em=1.0000 | val loss=0.0205 acc=0.9962 em=0.9420 | random≈0.0020
  saved best_loss.pt (val_answer_loss=0.020464)
  saved best_acc.pt (val_answer_accuracy=0.996250)
epoch 17/20 train loss=0.0016 acc=1.0000 em=1.0000 | val loss=0.0182 acc=0.9967 em=0.9490 | random≈0.0020
  saved best_loss.pt (val_answer_loss=0.018179)
  saved best_acc.pt (val_answer_accuracy=0.996687)
epoch 18/20 train loss=0.0013 acc=1.0000 em=1.0000 | val loss=0.0164 acc=0.9969 em=0.9505 | random≈0.0020
  saved best_loss.pt (val_answer_loss=0.016407)
  saved best_acc.pt (val_answer_accuracy=0.996875)
epoch 19/20 train loss=0.0012 acc=1.0000 em=1.0000 | val loss=0.0149 acc=0.9969 em=0.9515 | random≈0.0020
  saved best_loss.pt (val_answer_loss=0.014914)
epoch 20/20 train loss=0.0010 acc=1.0000 em=1.0000 | val loss=0.0138 acc=0.9972 em=0.9560 | random≈0.0020
  saved best_loss.pt (val_answer_loss=0.013772)
  saved best_acc.pt (val_answer_accuracy=0.997188)
test [best_loss_ckpt] loss=0.013368 acc=0.997281 em=0.958000
test [best_acc_ckpt]  loss=0.013368 acc=0.997281 em=0.958000 random_baseline≈0.001953
done. meta_metrics → /home/jovyan/shares/SR008.fs2/nvidenisov/other/repos/mamba/mamba_multi_scale_get_started/outputs/ArchEval/mqar_easy_ms_window_ws8_o0_o4_seed42/meta_metrics.csv
