mqar_split_hashes: n_train=20000 uniq_train=20000 | n_val=2000 uniq_val=2000 | n_test=2000 uniq_test=2000
mqar_answer_positions[train]: min=16 mean=16.0000 max=16 (expected 16 per sample)
mqar_answer_positions[val]: min=16 mean=16.0000 max=16 (expected 16 per sample)
mqar_answer_positions[test]: min=16 mean=16.0000 max=16 (expected 16 per sample)
experiment=archeval_mqar_trans768_ms_gated_right_init_seed43 device=cuda:0 out_dir=/home/jovyan/shares/SR008.fs2/nvidenisov/other/repos/mamba/mamba_multi_scale_get_started/outputs/ArchEval/mqar_trans768_ms_gated_right_init_seed43
mqar data: fixed_examples=True random_baseline_acc≈1/vocab=0.001302 (vocab_size=768)
--- mqar resolved config (sanity) ---
  experiment.name: archeval_mqar_trans768_ms_gated_right_init_seed43
  model.backbone: multiscale_mamba2_lm
  model.layer_headdims: [32, 32, 32, 32]
  model.multiscale.fast_layer_headdims: [32, 32, 32, 32]
  model.multiscale.slow_layer_headdims: [32, 32]
  model.multiscale.window_size: —
  model.multiscale.offsets: —
  model.multiscale.summary_mode: —
  model.multiscale.causal_mode: —
  model.multiscale.gate_type: —
  data.input_seq_len: 128
  data.num_kv_pairs: 16
  data.vocab_size: 768
  data.train_examples: 20000  val_examples: 2000  test_examples: 2000
  data.fixed_examples: True
  data.min_query_pos: null
  train.lr: 0.0003
  train.epochs: 20
  num_parameters_trainable: 3029664
  tags(backbone,fusion,stride): multiscale_mamba2_lm, gated, 2
--- end resolved config ---
epoch 1/20 train loss=5.9549 acc=0.0031 em=0.0000 | val loss=5.9691 acc=0.0028 em=0.0000 | random≈0.0013
  saved best_loss.pt (val_answer_loss=5.969136)
  saved best_acc.pt (val_answer_accuracy=0.002844)
epoch 2/20 train loss=5.9237 acc=0.0073 em=0.0000 | val loss=5.9670 acc=0.0048 em=0.0000 | random≈0.0013
  saved best_loss.pt (val_answer_loss=5.967035)
  saved best_acc.pt (val_answer_accuracy=0.004844)
epoch 3/20 train loss=5.7722 acc=0.0314 em=0.0000 | val loss=5.9378 acc=0.0250 em=0.0000 | random≈0.0013
  saved best_loss.pt (val_answer_loss=5.937799)
  saved best_acc.pt (val_answer_accuracy=0.024969)
epoch 4/20 train loss=5.1387 acc=0.1255 em=0.0000 | val loss=5.5517 acc=0.0960 em=0.0000 | random≈0.0013
  saved best_loss.pt (val_answer_loss=5.551665)
  saved best_acc.pt (val_answer_accuracy=0.096000)
epoch 5/20 train loss=2.3998 acc=0.5884 em=0.0001 | val loss=2.7392 acc=0.5161 em=0.0000 | random≈0.0013
  saved best_loss.pt (val_answer_loss=2.739173)
  saved best_acc.pt (val_answer_accuracy=0.516094)
epoch 6/20 train loss=0.4095 acc=0.9429 em=0.4012 | val loss=0.5668 acc=0.8998 em=0.1890 | random≈0.0013
  saved best_loss.pt (val_answer_loss=0.566768)
  saved best_acc.pt (val_answer_accuracy=0.899781)
epoch 7/20 train loss=0.0861 acc=0.9937 em=0.9067 | val loss=0.1589 acc=0.9757 em=0.6775 | random≈0.0013
  saved best_loss.pt (val_answer_loss=0.158946)
  saved best_acc.pt (val_answer_accuracy=0.975688)
epoch 8/20 train loss=0.0279 acc=0.9993 em=0.9887 | val loss=0.0710 acc=0.9885 em=0.8315 | random≈0.0013
  saved best_loss.pt (val_answer_loss=0.071039)
  saved best_acc.pt (val_answer_accuracy=0.988531)
epoch 9/20 train loss=0.0120 acc=1.0000 em=0.9998 | val loss=0.0415 acc=0.9935 em=0.9015 | random≈0.0013
  saved best_loss.pt (val_answer_loss=0.041537)
  saved best_acc.pt (val_answer_accuracy=0.993469)
epoch 10/20 train loss=0.0072 acc=1.0000 em=1.0000 | val loss=0.0310 acc=0.9946 em=0.9190 | random≈0.0013
  saved best_loss.pt (val_answer_loss=0.030957)
  saved best_acc.pt (val_answer_accuracy=0.994625)
epoch 11/20 train loss=0.0052 acc=1.0000 em=1.0000 | val loss=0.0258 acc=0.9953 em=0.9290 | random≈0.0013
  saved best_loss.pt (val_answer_loss=0.025789)
  saved best_acc.pt (val_answer_accuracy=0.995313)
epoch 12/20 train loss=0.0040 acc=1.0000 em=1.0000 | val loss=0.0226 acc=0.9960 em=0.9405 | random≈0.0013
  saved best_loss.pt (val_answer_loss=0.022565)
  saved best_acc.pt (val_answer_accuracy=0.995969)
epoch 13/20 train loss=0.0032 acc=1.0000 em=1.0000 | val loss=0.0203 acc=0.9958 em=0.9355 | random≈0.0013
  saved best_loss.pt (val_answer_loss=0.020300)
epoch 14/20 train loss=0.0026 acc=1.0000 em=1.0000 | val loss=0.0182 acc=0.9964 em=0.9450 | random≈0.0013
  saved best_loss.pt (val_answer_loss=0.018199)
  saved best_acc.pt (val_answer_accuracy=0.996375)
epoch 15/20 train loss=0.0022 acc=1.0000 em=1.0000 | val loss=0.0171 acc=0.9967 em=0.9500 | random≈0.0013
  saved best_loss.pt (val_answer_loss=0.017095)
  saved best_acc.pt (val_answer_accuracy=0.996719)
epoch 16/20 train loss=0.0018 acc=1.0000 em=1.0000 | val loss=0.0155 acc=0.9969 em=0.9530 | random≈0.0013
  saved best_loss.pt (val_answer_loss=0.015522)
  saved best_acc.pt (val_answer_accuracy=0.996906)
epoch 17/20 train loss=0.0015 acc=1.0000 em=1.0000 | val loss=0.0143 acc=0.9972 em=0.9575 | random≈0.0013
  saved best_loss.pt (val_answer_loss=0.014322)
  saved best_acc.pt (val_answer_accuracy=0.997188)
epoch 18/20 train loss=0.0013 acc=1.0000 em=1.0000 | val loss=0.0135 acc=0.9970 em=0.9550 | random≈0.0013
  saved best_loss.pt (val_answer_loss=0.013452)
epoch 19/20 train loss=0.0012 acc=1.0000 em=1.0000 | val loss=0.0128 acc=0.9973 em=0.9590 | random≈0.0013
  saved best_loss.pt (val_answer_loss=0.012756)
epoch 20/20 train loss=0.0010 acc=1.0000 em=1.0000 | val loss=0.0121 acc=0.9974 em=0.9605 | random≈0.0013
  saved best_loss.pt (val_answer_loss=0.012067)
  saved best_acc.pt (val_answer_accuracy=0.997406)
test [best_loss_ckpt] loss=0.011708 acc=0.997281 em=0.957500
test [best_acc_ckpt]  loss=0.011708 acc=0.997281 em=0.957500 random_baseline≈0.001302
done. meta_metrics → /home/jovyan/shares/SR008.fs2/nvidenisov/other/repos/mamba/mamba_multi_scale_get_started/outputs/ArchEval/mqar_trans768_ms_gated_right_init_seed43/meta_metrics.csv
