experiment=mqar_ms_attention_stride4_len128_easy_kv4_vocab256 device=cuda:0 out_dir=/home/jovyan/shares/SR008.fs2/nvidenisov/other/repos/mamba/mamba_multi_scale_get_started/outputs/MQAR/mqar_ms_attention_stride4_len128_easy_kv4_vocab256
mqar data: fixed_examples=True random_baseline_acc‚Čą1/vocab=0.003906 (vocab_size=256)
epoch 1/20 train loss=4.8338 acc=0.0130 em=0.0000 | val loss=4.8674 acc=0.0086 em=0.0000 | random‚Čą0.0039
  saved best.pt (val_answer_loss=4.867416)
epoch 2/20 train loss=3.8900 acc=0.2240 em=0.0001 | val loss=4.1722 acc=0.1821 em=0.0000 | random‚Čą0.0039
  saved best.pt (val_answer_loss=4.172226)
epoch 3/20 train loss=2.1948 acc=0.3706 em=0.0050 | val loss=2.6262 acc=0.2456 em=0.0000 | random‚Čą0.0039
  saved best.pt (val_answer_loss=2.626165)
epoch 4/20 train loss=0.6466 acc=0.8030 em=0.3814 | val loss=0.9419 acc=0.7089 em=0.1970 | random‚Čą0.0039
  saved best.pt (val_answer_loss=0.941886)
epoch 5/20 train loss=0.1907 acc=0.9503 em=0.8119 | val loss=0.3589 acc=0.8872 em=0.6150 | random‚Čą0.0039
  saved best.pt (val_answer_loss=0.358942)
epoch 6/20 train loss=0.1131 acc=0.9689 em=0.8805 | val loss=0.2496 acc=0.9167 em=0.7000 | random‚Čą0.0039
  saved best.pt (val_answer_loss=0.249578)
epoch 7/20 train loss=0.0548 acc=0.9871 em=0.9494 | val loss=0.1786 acc=0.9410 em=0.7870 | random‚Čą0.0039
  saved best.pt (val_answer_loss=0.178573)
epoch 8/20 train loss=0.0419 acc=0.9896 em=0.9590 | val loss=0.1722 acc=0.9436 em=0.7915 | random‚Čą0.0039
  saved best.pt (val_answer_loss=0.172156)
epoch 9/20 train loss=0.0271 acc=0.9935 em=0.9742 | val loss=0.1345 acc=0.9535 em=0.8255 | random‚Čą0.0039
  saved best.pt (val_answer_loss=0.134494)
epoch 10/20 train loss=0.0161 acc=0.9967 em=0.9868 | val loss=0.1105 acc=0.9630 em=0.8605 | random‚Čą0.0039
  saved best.pt (val_answer_loss=0.110502)
epoch 11/20 train loss=0.0094 acc=0.9987 em=0.9948 | val loss=0.0866 acc=0.9712 em=0.8920 | random‚Čą0.0039
  saved best.pt (val_answer_loss=0.086554)
epoch 12/20 train loss=0.0053 acc=0.9995 em=0.9981 | val loss=0.0720 acc=0.9778 em=0.9150 | random‚Čą0.0039
  saved best.pt (val_answer_loss=0.072014)
epoch 13/20 train loss=0.0028 acc=0.9998 em=0.9992 | val loss=0.0579 acc=0.9808 em=0.9265 | random‚Čą0.0039
  saved best.pt (val_answer_loss=0.057867)
epoch 14/20 train loss=0.0018 acc=0.9999 em=0.9998 | val loss=0.0594 acc=0.9789 em=0.9200 | random‚Čą0.0039
epoch 15/20 train loss=0.0009 acc=1.0000 em=1.0000 | val loss=0.0479 acc=0.9818 em=0.9305 | random‚Čą0.0039
  saved best.pt (val_answer_loss=0.047919)
epoch 16/20 train loss=0.0007 acc=1.0000 em=1.0000 | val loss=0.0474 acc=0.9810 em=0.9280 | random‚Čą0.0039
  saved best.pt (val_answer_loss=0.047372)
epoch 17/20 train loss=0.0006 acc=1.0000 em=1.0000 | val loss=0.0469 acc=0.9814 em=0.9290 | random‚Čą0.0039
  saved best.pt (val_answer_loss=0.046927)
epoch 18/20 train loss=0.0005 acc=1.0000 em=1.0000 | val loss=0.0470 acc=0.9815 em=0.9295 | random‚Čą0.0039
epoch 19/20 train loss=0.0005 acc=1.0000 em=1.0000 | val loss=0.0466 acc=0.9818 em=0.9295 | random‚Čą0.0039
  saved best.pt (val_answer_loss=0.046575)
epoch 20/20 train loss=0.0004 acc=1.0000 em=1.0000 | val loss=0.0463 acc=0.9822 em=0.9320 | random‚Čą0.0039
  saved best.pt (val_answer_loss=0.046345)
test answer_loss=0.045204 test_acc=0.984250 test_em=0.939000 random_baseline‚Čą0.003906
done. meta_metrics ‚Üí /home/jovyan/shares/SR008.fs2/nvidenisov/other/repos/mamba/mamba_multi_scale_get_started/outputs/MQAR/mqar_ms_attention_stride4_len128_easy_kv4_vocab256/meta_metrics.csv
experiment=mqar_ms_attention_stride4_len128_easy_kv4_vocab256 device=cuda:0 out_dir=/home/jovyan/shares/SR008.fs2/nvidenisov/other/repos/mamba/mamba_multi_scale_get_started/outputs/MQAR/mqar_ms_attention_stride4_len128_easy_kv4_vocab256
mqar data: fixed_examples=True random_baseline_acc‚Čą1/vocab=0.003906 (vocab_size=256)
epoch 1/20 train loss=4.8514 acc=0.0092 em=0.0000 | val loss=4.8656 acc=0.0078 em=0.0000 | random‚Čą0.0039
  saved best.pt (val_answer_loss=4.865641)
epoch 2/20 train loss=4.4235 acc=0.1125 em=0.0000 | val loss=4.5559 acc=0.1006 em=0.0000 | random‚Čą0.0039
  saved best.pt (val_answer_loss=4.555890)
epoch 3/20 train loss=2.5910 acc=0.3906 em=0.0000 | val loss=2.7905 acc=0.3461 em=0.0000 | random‚Čą0.0039
  saved best.pt (val_answer_loss=2.790536)
epoch 4/20 train loss=0.3946 acc=0.9079 em=0.4513 | val loss=0.4817 acc=0.8769 em=0.3265 | random‚Čą0.0039
  saved best.pt (val_answer_loss=0.481659)
epoch 5/20 train loss=0.0896 acc=0.9865 em=0.8976 | val loss=0.1353 acc=0.9701 em=0.7815 | random‚Čą0.0039
  saved best.pt (val_answer_loss=0.135273)
epoch 6/20 train loss=0.0272 acc=0.9982 em=0.9858 | val loss=0.0492 acc=0.9906 em=0.9270 | random‚Čą0.0039
  saved best.pt (val_answer_loss=0.049235)
epoch 7/20 train loss=0.0088 acc=1.0000 em=0.9998 | val loss=0.0215 acc=0.9972 em=0.9785 | random‚Čą0.0039
  saved best.pt (val_answer_loss=0.021503)
epoch 8/20 train loss=0.0048 acc=1.0000 em=1.0000 | val loss=0.0148 acc=0.9980 em=0.9850 | random‚Čą0.0039
  saved best.pt (val_answer_loss=0.014839)
epoch 9/20 train loss=0.0034 acc=1.0000 em=1.0000 | val loss=0.0119 acc=0.9984 em=0.9880 | random‚Čą0.0039
  saved best.pt (val_answer_loss=0.011950)
epoch 10/20 train loss=0.0026 acc=1.0000 em=1.0000 | val loss=0.0100 acc=0.9986 em=0.9895 | random‚Čą0.0039
  saved best.pt (val_answer_loss=0.009967)
epoch 11/20 train loss=0.0021 acc=1.0000 em=1.0000 | val loss=0.0084 acc=0.9990 em=0.9925 | random‚Čą0.0039
  saved best.pt (val_answer_loss=0.008410)
epoch 12/20 train loss=0.0017 acc=1.0000 em=1.0000 | val loss=0.0075 acc=0.9991 em=0.9930 | random‚Čą0.0039
  saved best.pt (val_answer_loss=0.007469)
epoch 13/20 train loss=0.0014 acc=1.0000 em=1.0000 | val loss=0.0066 acc=0.9991 em=0.9935 | random‚Čą0.0039
  saved best.pt (val_answer_loss=0.006624)
epoch 14/20 train loss=0.0012 acc=1.0000 em=1.0000 | val loss=0.0059 acc=0.9991 em=0.9935 | random‚Čą0.0039
  saved best.pt (val_answer_loss=0.005949)
epoch 15/20 train loss=0.0010 acc=1.0000 em=1.0000 | val loss=0.0054 acc=0.9992 em=0.9945 | random‚Čą0.0039
  saved best.pt (val_answer_loss=0.005357)
epoch 16/20 train loss=0.0009 acc=1.0000 em=1.0000 | val loss=0.0048 acc=0.9993 em=0.9950 | random‚Čą0.0039
  saved best.pt (val_answer_loss=0.004834)
epoch 17/20 train loss=0.0008 acc=1.0000 em=1.0000 | val loss=0.0044 acc=0.9995 em=0.9960 | random‚Čą0.0039
  saved best.pt (val_answer_loss=0.004352)
epoch 18/20 train loss=0.0007 acc=1.0000 em=1.0000 | val loss=0.0040 acc=0.9996 em=0.9965 | random‚Čą0.0039
  saved best.pt (val_answer_loss=0.004042)
epoch 19/20 train loss=0.0006 acc=1.0000 em=1.0000 | val loss=0.0037 acc=0.9996 em=0.9965 | random‚Čą0.0039
  saved best.pt (val_answer_loss=0.003679)
epoch 20/20 train loss=0.0005 acc=1.0000 em=1.0000 | val loss=0.0034 acc=0.9996 em=0.9970 | random‚Čą0.0039
  saved best.pt (val_answer_loss=0.003428)
test answer_loss=0.003448 test_acc=0.999375 test_em=0.995000 random_baseline‚Čą0.003906
done. meta_metrics ‚Üí /home/jovyan/shares/SR008.fs2/nvidenisov/other/repos/mamba/mamba_multi_scale_get_started/outputs/MQAR/mqar_ms_attention_stride4_len128_easy_kv4_vocab256/meta_metrics.csv
experiment=mqar_ms_attention_stride4_len128_easy_kv4_vocab256 device=cuda:0 out_dir=/home/jovyan/shares/SR008.fs2/nvidenisov/other/repos/mamba/mamba_multi_scale_get_started/outputs/MQAR/mqar_ms_attention_stride4_len128_easy_kv4_vocab256
mqar data: fixed_examples=True random_baseline_acc‚Čą1/vocab=0.001953 (vocab_size=512)
epoch 1/20 train loss=5.5469 acc=0.0056 em=0.0000 | val loss=5.5671 acc=0.0031 em=0.0000 | random‚Čą0.0020
  saved best.pt (val_answer_loss=5.567089)
epoch 2/20 train loss=5.3904 acc=0.0349 em=0.0000 | val loss=5.5455 acc=0.0226 em=0.0000 | random‚Čą0.0020
  saved best.pt (val_answer_loss=5.545509)
epoch 3/20 train loss=4.8792 acc=0.1086 em=0.0000 | val loss=5.3659 acc=0.0742 em=0.0000 | random‚Čą0.0020
  saved best.pt (val_answer_loss=5.365903)
epoch 4/20 train loss=3.9690 acc=0.2672 em=0.0000 | val loss=4.7937 acc=0.1621 em=0.0000 | random‚Čą0.0020
  saved best.pt (val_answer_loss=4.793739)
epoch 5/20 train loss=1.0071 acc=0.8103 em=0.1631 | val loss=1.4294 acc=0.7097 em=0.0410 | random‚Čą0.0020
  saved best.pt (val_answer_loss=1.429369)
epoch 6/20 train loss=0.1753 acc=0.9788 em=0.8434 | val loss=0.3341 acc=0.9345 em=0.5855 | random‚Čą0.0020
  saved best.pt (val_answer_loss=0.334087)
epoch 7/20 train loss=0.0482 acc=0.9961 em=0.9695 | val loss=0.1314 acc=0.9716 em=0.7985 | random‚Čą0.0020
  saved best.pt (val_answer_loss=0.131355)
epoch 8/20 train loss=0.0195 acc=0.9993 em=0.9948 | val loss=0.0773 acc=0.9824 em=0.8700 | random‚Čą0.0020
  saved best.pt (val_answer_loss=0.077326)
epoch 9/20 train loss=0.0099 acc=0.9999 em=0.9992 | val loss=0.0532 acc=0.9890 em=0.9155 | random‚Čą0.0020
  saved best.pt (val_answer_loss=0.053203)
epoch 10/20 train loss=0.0060 acc=1.0000 em=1.0000 | val loss=0.0408 acc=0.9918 em=0.9360 | random‚Čą0.0020
  saved best.pt (val_answer_loss=0.040796)
epoch 11/20 train loss=0.0044 acc=1.0000 em=1.0000 | val loss=0.0350 acc=0.9925 em=0.9410 | random‚Čą0.0020
  saved best.pt (val_answer_loss=0.034984)
epoch 12/20 train loss=0.0035 acc=1.0000 em=1.0000 | val loss=0.0313 acc=0.9931 em=0.9455 | random‚Čą0.0020
  saved best.pt (val_answer_loss=0.031302)
epoch 13/20 train loss=0.0028 acc=1.0000 em=1.0000 | val loss=0.0279 acc=0.9943 em=0.9550 | random‚Čą0.0020
  saved best.pt (val_answer_loss=0.027937)
epoch 14/20 train loss=0.0024 acc=1.0000 em=1.0000 | val loss=0.0260 acc=0.9946 em=0.9580 | random‚Čą0.0020
  saved best.pt (val_answer_loss=0.025950)
epoch 15/20 train loss=0.0020 acc=1.0000 em=1.0000 | val loss=0.0238 acc=0.9952 em=0.9625 | random‚Čą0.0020
  saved best.pt (val_answer_loss=0.023806)
epoch 16/20 train loss=0.0017 acc=1.0000 em=1.0000 | val loss=0.0220 acc=0.9956 em=0.9650 | random‚Čą0.0020
  saved best.pt (val_answer_loss=0.021981)
epoch 17/20 train loss=0.0015 acc=1.0000 em=1.0000 | val loss=0.0202 acc=0.9957 em=0.9660 | random‚Čą0.0020
  saved best.pt (val_answer_loss=0.020213)
epoch 18/20 train loss=0.0013 acc=1.0000 em=1.0000 | val loss=0.0192 acc=0.9959 em=0.9675 | random‚Čą0.0020
  saved best.pt (val_answer_loss=0.019163)
epoch 19/20 train loss=0.0011 acc=1.0000 em=1.0000 | val loss=0.0180 acc=0.9962 em=0.9700 | random‚Čą0.0020
  saved best.pt (val_answer_loss=0.018003)
epoch 20/20 train loss=0.0010 acc=1.0000 em=1.0000 | val loss=0.0168 acc=0.9962 em=0.9700 | random‚Čą0.0020
  saved best.pt (val_answer_loss=0.016754)
test answer_loss=0.018117 test_acc=0.996000 test_em=0.968500 random_baseline‚Čą0.001953
done. meta_metrics ‚Üí /home/jovyan/shares/SR008.fs2/nvidenisov/other/repos/mamba/mamba_multi_scale_get_started/outputs/MQAR/mqar_ms_attention_stride4_len128_easy_kv4_vocab256/meta_metrics.csv
