mqar_split_hashes: n_train=20000 uniq_train=20000 | n_val=2000 uniq_val=2000 | n_test=2000 uniq_test=2000
mqar_answer_positions[train]: min=16 mean=16.0000 max=16 (expected 16 per sample)
mqar_answer_positions[val]: min=16 mean=16.0000 max=16 (expected 16 per sample)
mqar_answer_positions[test]: min=16 mean=16.0000 max=16 (expected 16 per sample)
experiment=archeval_mqar_trans704_transformer_param_match_seed48 device=cuda:0 out_dir=/home/jovyan/shares/SR008.fs2/nvidenisov/other/repos/mamba/mamba_multi_scale_get_started/outputs/ArchEval/mqar_trans704_transformer_param_match_seed48
mqar data: fixed_examples=True random_baseline_acc≈1/vocab=0.001420 (vocab_size=704)
--- mqar resolved config (sanity) ---
  experiment.name: archeval_mqar_trans704_transformer_param_match_seed48
  model.backbone: transformer_lm
  model.layer_headdims: —
  model.multiscale.fast_layer_headdims: —
  model.multiscale.slow_layer_headdims: —
  model.multiscale.window_size: —
  model.multiscale.offsets: —
  model.multiscale.summary_mode: —
  model.multiscale.causal_mode: —
  model.multiscale.gate_type: —
  data.input_seq_len: 128
  data.num_kv_pairs: 16
  data.vocab_size: 704
  data.train_examples: 20000  val_examples: 2000  test_examples: 2000
  data.fixed_examples: True
  data.min_query_pos: null
  train.lr: 0.0003
  train.epochs: 20
  num_parameters_trainable: 3161008
  tags(backbone,fusion,stride): transformer_lm, , 
--- end resolved config ---
epoch 1/20 train loss=5.8754 acc=0.0032 em=0.0000 | val loss=5.8771 acc=0.0036 em=0.0000 | random≈0.0014
  saved best_loss.pt (val_answer_loss=5.877091)
  saved best_acc.pt (val_answer_accuracy=0.003594)
epoch 2/20 train loss=5.8686 acc=0.0033 em=0.0000 | val loss=5.8729 acc=0.0024 em=0.0000 | random≈0.0014
  saved best_loss.pt (val_answer_loss=5.872930)
epoch 3/20 train loss=5.6688 acc=0.0536 em=0.0000 | val loss=5.7098 acc=0.0507 em=0.0000 | random≈0.0014
  saved best_loss.pt (val_answer_loss=5.709789)
  saved best_acc.pt (val_answer_accuracy=0.050719)
epoch 4/20 train loss=4.8493 acc=0.0836 em=0.0000 | val loss=4.9534 acc=0.0738 em=0.0000 | random≈0.0014
  saved best_loss.pt (val_answer_loss=4.953402)
  saved best_acc.pt (val_answer_accuracy=0.073781)
epoch 5/20 train loss=4.3173 acc=0.0946 em=0.0000 | val loss=4.4918 acc=0.0781 em=0.0000 | random≈0.0014
  saved best_loss.pt (val_answer_loss=4.491759)
  saved best_acc.pt (val_answer_accuracy=0.078125)
epoch 6/20 train loss=3.9548 acc=0.1035 em=0.0000 | val loss=4.1976 acc=0.0777 em=0.0000 | random≈0.0014
  saved best_loss.pt (val_answer_loss=4.197627)
epoch 7/20 train loss=3.6973 acc=0.1118 em=0.0000 | val loss=4.0030 acc=0.0777 em=0.0000 | random≈0.0014
  saved best_loss.pt (val_answer_loss=4.002979)
epoch 8/20 train loss=3.4551 acc=0.1345 em=0.0000 | val loss=3.8278 acc=0.0875 em=0.0000 | random≈0.0014
  saved best_loss.pt (val_answer_loss=3.827806)
  saved best_acc.pt (val_answer_accuracy=0.087531)
epoch 9/20 train loss=0.0067 acc=0.9997 em=0.9952 | val loss=0.0078 acc=0.9994 em=0.9900 | random≈0.0014
  saved best_loss.pt (val_answer_loss=0.007799)
  saved best_acc.pt (val_answer_accuracy=0.999375)
epoch 10/20 train loss=0.0008 acc=1.0000 em=1.0000 | val loss=0.0008 acc=1.0000 em=1.0000 | random≈0.0014
  saved best_loss.pt (val_answer_loss=0.000825)
  saved best_acc.pt (val_answer_accuracy=1.000000)
epoch 11/20 train loss=0.0004 acc=1.0000 em=1.0000 | val loss=0.0004 acc=1.0000 em=1.0000 | random≈0.0014
  saved best_loss.pt (val_answer_loss=0.000375)
epoch 12/20 train loss=0.0002 acc=1.0000 em=1.0000 | val loss=0.0002 acc=1.0000 em=1.0000 | random≈0.0014
  saved best_loss.pt (val_answer_loss=0.000235)
epoch 13/20 train loss=0.0002 acc=1.0000 em=1.0000 | val loss=0.0002 acc=1.0000 em=1.0000 | random≈0.0014
epoch 14/20 train loss=0.0001 acc=1.0000 em=1.0000 | val loss=0.0001 acc=1.0000 em=1.0000 | random≈0.0014
  saved best_loss.pt (val_answer_loss=0.000120)
epoch 15/20 train loss=0.0001 acc=1.0000 em=1.0000 | val loss=0.0001 acc=1.0000 em=1.0000 | random≈0.0014
epoch 16/20 train loss=0.0001 acc=1.0000 em=1.0000 | val loss=0.0001 acc=1.0000 em=1.0000 | random≈0.0014
epoch 17/20 train loss=0.0001 acc=1.0000 em=1.0000 | val loss=0.0001 acc=1.0000 em=1.0000 | random≈0.0014
epoch 18/20 train loss=0.0001 acc=1.0000 em=1.0000 | val loss=0.0001 acc=1.0000 em=1.0000 | random≈0.0014
early stopping at epoch 18: val answer_loss did not improve by min_delta=0.0001 for 4 epochs
test [best_loss_ckpt] loss=0.000120 acc=1.000000 em=1.000000
test [best_acc_ckpt]  loss=0.000828 acc=1.000000 em=1.000000 random_baseline≈0.001420
done. meta_metrics → /home/jovyan/shares/SR008.fs2/nvidenisov/other/repos/mamba/mamba_multi_scale_get_started/outputs/ArchEval/mqar_trans704_transformer_param_match_seed48/meta_metrics.csv
