mqar_split_hashes: n_train=20000 uniq_train=20000 | n_val=2000 uniq_val=2000 | n_test=2000 uniq_test=2000
mqar_answer_positions[train]: min=16 mean=16.0000 max=16 (expected 16 per sample)
mqar_answer_positions[val]: min=16 mean=16.0000 max=16 (expected 16 per sample)
mqar_answer_positions[test]: min=16 mean=16.0000 max=16 (expected 16 per sample)
experiment=mqar_fail_mamba2_split_ts_slow_default_v512_seed44 device=cuda:0 out_dir=/home/jovyan/shares/SR008.fs2/nvidenisov/other/repos/mamba/mamba_multi_scale_get_started/outputs/MQARFailureSweep/mqar_fail_mamba2_split_ts_slow_default_v512_seed44
mqar data: fixed_examples=True random_baseline_acc≈1/vocab=0.001953 (vocab_size=512)
--- mqar resolved config (sanity) ---
  experiment.name: mqar_fail_mamba2_split_ts_slow_default_v512_seed44
  model.backbone: mamba2_lm
  model.layer_headdims: [32, 32, 32, 32]
  model.multiscale.fast_layer_headdims: —
  model.multiscale.slow_layer_headdims: —
  model.multiscale.window_size: —
  model.multiscale.offsets: —
  model.multiscale.summary_mode: —
  model.multiscale.causal_mode: —
  model.multiscale.gate_type: —
  data.input_seq_len: 128
  data.num_kv_pairs: 16
  data.vocab_size: 512
  data.train_examples: 20000  val_examples: 2000  test_examples: 2000
  data.fixed_examples: True
  data.min_query_pos: null
  train.lr: 0.0003
  train.epochs: 20
  num_parameters_trainable: 1931712
  tags(backbone,fusion,stride): mamba2_lm, , 
--- end resolved config ---
epoch 1/20 train loss=5.5493 acc=0.0049 em=0.0000 | val loss=5.5612 acc=0.0039 em=0.0000 | random≈0.0020
  saved best_loss.pt (val_answer_loss=5.561208)
  saved best_acc.pt (val_answer_accuracy=0.003906)
epoch 2/20 train loss=5.4481 acc=0.0346 em=0.0000 | val loss=5.5018 acc=0.0312 em=0.0000 | random≈0.0020
  saved best_loss.pt (val_answer_loss=5.501766)
  saved best_acc.pt (val_answer_accuracy=0.031156)
epoch 3/20 train loss=4.9258 acc=0.0700 em=0.0000 | val loss=5.0825 acc=0.0567 em=0.0000 | random≈0.0020
  saved best_loss.pt (val_answer_loss=5.082456)
  saved best_acc.pt (val_answer_accuracy=0.056719)
epoch 4/20 train loss=3.1815 acc=0.3134 em=0.0000 | val loss=3.3832 acc=0.2747 em=0.0000 | random≈0.0020
  saved best_loss.pt (val_answer_loss=3.383207)
  saved best_acc.pt (val_answer_accuracy=0.274656)
epoch 5/20 train loss=0.3346 acc=0.9416 em=0.3895 | val loss=0.4090 acc=0.9177 em=0.2435 | random≈0.0020
  saved best_loss.pt (val_answer_loss=0.408990)
  saved best_acc.pt (val_answer_accuracy=0.917656)
epoch 6/20 train loss=0.0538 acc=0.9948 em=0.9197 | val loss=0.0847 acc=0.9848 em=0.7870 | random≈0.0020
  saved best_loss.pt (val_answer_loss=0.084724)
  saved best_acc.pt (val_answer_accuracy=0.984844)
epoch 7/20 train loss=0.0162 acc=0.9998 em=0.9967 | val loss=0.0350 acc=0.9948 em=0.9210 | random≈0.0020
  saved best_loss.pt (val_answer_loss=0.035005)
  saved best_acc.pt (val_answer_accuracy=0.994781)
epoch 8/20 train loss=0.0076 acc=1.0000 em=1.0000 | val loss=0.0212 acc=0.9971 em=0.9540 | random≈0.0020
  saved best_loss.pt (val_answer_loss=0.021178)
  saved best_acc.pt (val_answer_accuracy=0.997094)
epoch 9/20 train loss=0.0048 acc=1.0000 em=1.0000 | val loss=0.0159 acc=0.9977 em=0.9635 | random≈0.0020
  saved best_loss.pt (val_answer_loss=0.015940)
  saved best_acc.pt (val_answer_accuracy=0.997687)
epoch 10/20 train loss=0.0035 acc=1.0000 em=1.0000 | val loss=0.0132 acc=0.9979 em=0.9660 | random≈0.0020
  saved best_loss.pt (val_answer_loss=0.013200)
  saved best_acc.pt (val_answer_accuracy=0.997875)
epoch 11/20 train loss=0.0026 acc=1.0000 em=1.0000 | val loss=0.0113 acc=0.9982 em=0.9710 | random≈0.0020
  saved best_loss.pt (val_answer_loss=0.011254)
  saved best_acc.pt (val_answer_accuracy=0.998188)
epoch 12/20 train loss=0.0021 acc=1.0000 em=1.0000 | val loss=0.0098 acc=0.9984 em=0.9745 | random≈0.0020
  saved best_loss.pt (val_answer_loss=0.009824)
  saved best_acc.pt (val_answer_accuracy=0.998406)
epoch 13/20 train loss=0.0017 acc=1.0000 em=1.0000 | val loss=0.0090 acc=0.9983 em=0.9730 | random≈0.0020
  saved best_loss.pt (val_answer_loss=0.008964)
epoch 14/20 train loss=0.0014 acc=1.0000 em=1.0000 | val loss=0.0080 acc=0.9986 em=0.9780 | random≈0.0020
  saved best_loss.pt (val_answer_loss=0.008039)
  saved best_acc.pt (val_answer_accuracy=0.998625)
epoch 15/20 train loss=0.0012 acc=1.0000 em=1.0000 | val loss=0.0073 acc=0.9986 em=0.9770 | random≈0.0020
  saved best_loss.pt (val_answer_loss=0.007319)
epoch 16/20 train loss=0.0010 acc=1.0000 em=1.0000 | val loss=0.0068 acc=0.9989 em=0.9820 | random≈0.0020
  saved best_loss.pt (val_answer_loss=0.006770)
  saved best_acc.pt (val_answer_accuracy=0.998875)
epoch 17/20 train loss=0.0008 acc=1.0000 em=1.0000 | val loss=0.0064 acc=0.9988 em=0.9810 | random≈0.0020
  saved best_loss.pt (val_answer_loss=0.006381)
epoch 18/20 train loss=0.0007 acc=1.0000 em=1.0000 | val loss=0.0059 acc=0.9989 em=0.9825 | random≈0.0020
  saved best_loss.pt (val_answer_loss=0.005924)
epoch 19/20 train loss=0.0006 acc=1.0000 em=1.0000 | val loss=0.0056 acc=0.9989 em=0.9830 | random≈0.0020
  saved best_loss.pt (val_answer_loss=0.005594)
epoch 20/20 train loss=0.0005 acc=1.0000 em=1.0000 | val loss=0.0053 acc=0.9989 em=0.9825 | random≈0.0020
  saved best_loss.pt (val_answer_loss=0.005302)
test [best_loss_ckpt] loss=0.006412 acc=0.998844 em=0.982500
test [best_acc_ckpt]  loss=0.007711 acc=0.998719 em=0.980500 random_baseline≈0.001953
done. meta_metrics → /home/jovyan/shares/SR008.fs2/nvidenisov/other/repos/mamba/mamba_multi_scale_get_started/outputs/MQARFailureSweep/mqar_fail_mamba2_split_ts_slow_default_v512_seed44/meta_metrics.csv
