mqar_split_hashes: n_train=20000 uniq_train=20000 | n_val=2000 uniq_val=2000 | n_test=2000 uniq_test=2000
mqar_answer_positions[train]: min=16 mean=16.0000 max=16 (expected 16 per sample)
mqar_answer_positions[val]: min=16 mean=16.0000 max=16 (expected 16 per sample)
mqar_answer_positions[test]: min=16 mean=16.0000 max=16 (expected 16 per sample)
experiment=archeval_mqar_trans768_ms_gated_right_init_seed44 device=cuda:0 out_dir=/home/jovyan/shares/SR008.fs2/nvidenisov/other/repos/mamba/mamba_multi_scale_get_started/outputs/ArchEval/mqar_trans768_ms_gated_right_init_seed44
mqar data: fixed_examples=True random_baseline_acc≈1/vocab=0.001302 (vocab_size=768)
--- mqar resolved config (sanity) ---
  experiment.name: archeval_mqar_trans768_ms_gated_right_init_seed44
  model.backbone: multiscale_mamba2_lm
  model.layer_headdims: [32, 32, 32, 32]
  model.multiscale.fast_layer_headdims: [32, 32, 32, 32]
  model.multiscale.slow_layer_headdims: [32, 32]
  model.multiscale.window_size: —
  model.multiscale.offsets: —
  model.multiscale.summary_mode: —
  model.multiscale.causal_mode: —
  model.multiscale.gate_type: —
  data.input_seq_len: 128
  data.num_kv_pairs: 16
  data.vocab_size: 768
  data.train_examples: 20000  val_examples: 2000  test_examples: 2000
  data.fixed_examples: True
  data.min_query_pos: null
  train.lr: 0.0003
  train.epochs: 20
  num_parameters_trainable: 3029664
  tags(backbone,fusion,stride): multiscale_mamba2_lm, gated, 2
--- end resolved config ---
epoch 1/20 train loss=5.9564 acc=0.0032 em=0.0000 | val loss=5.9694 acc=0.0024 em=0.0000 | random≈0.0013
  saved best_loss.pt (val_answer_loss=5.969413)
  saved best_acc.pt (val_answer_accuracy=0.002437)
epoch 2/20 train loss=5.9290 acc=0.0067 em=0.0000 | val loss=5.9660 acc=0.0043 em=0.0000 | random≈0.0013
  saved best_loss.pt (val_answer_loss=5.966044)
  saved best_acc.pt (val_answer_accuracy=0.004344)
epoch 3/20 train loss=5.7173 acc=0.0427 em=0.0000 | val loss=5.8815 acc=0.0343 em=0.0000 | random≈0.0013
  saved best_loss.pt (val_answer_loss=5.881493)
  saved best_acc.pt (val_answer_accuracy=0.034344)
epoch 4/20 train loss=5.1521 acc=0.0859 em=0.0000 | val loss=5.5533 acc=0.0511 em=0.0000 | random≈0.0013
  saved best_loss.pt (val_answer_loss=5.553279)
  saved best_acc.pt (val_answer_accuracy=0.051125)
epoch 5/20 train loss=2.0993 acc=0.5642 em=0.0000 | val loss=2.4126 acc=0.4882 em=0.0000 | random≈0.0013
  saved best_loss.pt (val_answer_loss=2.412554)
  saved best_acc.pt (val_answer_accuracy=0.488156)
epoch 6/20 train loss=0.2244 acc=0.9686 em=0.6081 | val loss=0.3277 acc=0.9404 em=0.3785 | random≈0.0013
  saved best_loss.pt (val_answer_loss=0.327730)
  saved best_acc.pt (val_answer_accuracy=0.940406)
epoch 7/20 train loss=0.0388 acc=0.9980 em=0.9678 | val loss=0.0835 acc=0.9857 em=0.8015 | random≈0.0013
  saved best_loss.pt (val_answer_loss=0.083538)
  saved best_acc.pt (val_answer_accuracy=0.985719)
epoch 8/20 train loss=0.0140 acc=0.9999 em=0.9991 | val loss=0.0415 acc=0.9933 em=0.8975 | random≈0.0013
  saved best_loss.pt (val_answer_loss=0.041453)
  saved best_acc.pt (val_answer_accuracy=0.993281)
epoch 9/20 train loss=0.0077 acc=1.0000 em=1.0000 | val loss=0.0282 acc=0.9952 em=0.9280 | random≈0.0013
  saved best_loss.pt (val_answer_loss=0.028217)
  saved best_acc.pt (val_answer_accuracy=0.995250)
epoch 10/20 train loss=0.0053 acc=1.0000 em=1.0000 | val loss=0.0224 acc=0.9962 em=0.9415 | random≈0.0013
  saved best_loss.pt (val_answer_loss=0.022399)
  saved best_acc.pt (val_answer_accuracy=0.996156)
epoch 11/20 train loss=0.0040 acc=1.0000 em=1.0000 | val loss=0.0192 acc=0.9965 em=0.9470 | random≈0.0013
  saved best_loss.pt (val_answer_loss=0.019199)
  saved best_acc.pt (val_answer_accuracy=0.996500)
epoch 12/20 train loss=0.0031 acc=1.0000 em=1.0000 | val loss=0.0168 acc=0.9968 em=0.9515 | random≈0.0013
  saved best_loss.pt (val_answer_loss=0.016821)
  saved best_acc.pt (val_answer_accuracy=0.996781)
epoch 13/20 train loss=0.0025 acc=1.0000 em=1.0000 | val loss=0.0148 acc=0.9973 em=0.9590 | random≈0.0013
  saved best_loss.pt (val_answer_loss=0.014822)
  saved best_acc.pt (val_answer_accuracy=0.997313)
epoch 14/20 train loss=0.0021 acc=1.0000 em=1.0000 | val loss=0.0134 acc=0.9974 em=0.9605 | random≈0.0013
  saved best_loss.pt (val_answer_loss=0.013376)
  saved best_acc.pt (val_answer_accuracy=0.997437)
epoch 15/20 train loss=0.0018 acc=1.0000 em=1.0000 | val loss=0.0122 acc=0.9978 em=0.9650 | random≈0.0013
  saved best_loss.pt (val_answer_loss=0.012177)
  saved best_acc.pt (val_answer_accuracy=0.997750)
epoch 16/20 train loss=0.0015 acc=1.0000 em=1.0000 | val loss=0.0112 acc=0.9978 em=0.9660 | random≈0.0013
  saved best_loss.pt (val_answer_loss=0.011241)
epoch 17/20 train loss=0.0013 acc=1.0000 em=1.0000 | val loss=0.0103 acc=0.9980 em=0.9690 | random≈0.0013
  saved best_loss.pt (val_answer_loss=0.010265)
  saved best_acc.pt (val_answer_accuracy=0.998000)
epoch 18/20 train loss=0.0011 acc=1.0000 em=1.0000 | val loss=0.0095 acc=0.9980 em=0.9690 | random≈0.0013
  saved best_loss.pt (val_answer_loss=0.009547)
epoch 19/20 train loss=0.0010 acc=1.0000 em=1.0000 | val loss=0.0089 acc=0.9983 em=0.9745 | random≈0.0013
  saved best_loss.pt (val_answer_loss=0.008903)
  saved best_acc.pt (val_answer_accuracy=0.998344)
epoch 20/20 train loss=0.0008 acc=1.0000 em=1.0000 | val loss=0.0083 acc=0.9983 em=0.9745 | random≈0.0013
  saved best_loss.pt (val_answer_loss=0.008331)
test [best_loss_ckpt] loss=0.007645 acc=0.998281 em=0.972500
test [best_acc_ckpt]  loss=0.008176 acc=0.998250 em=0.972500 random_baseline≈0.001302
done. meta_metrics → /home/jovyan/shares/SR008.fs2/nvidenisov/other/repos/mamba/mamba_multi_scale_get_started/outputs/ArchEval/mqar_trans768_ms_gated_right_init_seed44/meta_metrics.csv
