mqar_split_hashes: n_train=20000 uniq_train=20000 | n_val=2000 uniq_val=2000 | n_test=2000 uniq_test=2000
mqar_answer_positions[train]: min=16 mean=16.0000 max=16 (expected 16 per sample)
mqar_answer_positions[val]: min=16 mean=16.0000 max=16 (expected 16 per sample)
mqar_answer_positions[test]: min=16 mean=16.0000 max=16 (expected 16 per sample)
experiment=mqar_fail_mamba2_split_ts_slow_veryslow_v768_seed48 device=cuda:0 out_dir=/home/jovyan/shares/SR008.fs2/nvidenisov/other/repos/mamba/mamba_multi_scale_get_started/outputs/MQARFailureSweep/mqar_fail_mamba2_split_ts_slow_veryslow_v768_seed48
mqar data: fixed_examples=True random_baseline_acc≈1/vocab=0.001302 (vocab_size=768)
--- mqar resolved config (sanity) ---
  experiment.name: mqar_fail_mamba2_split_ts_slow_veryslow_v768_seed48
  model.backbone: mamba2_lm
  model.layer_headdims: [32, 32, 32, 32]
  model.multiscale.fast_layer_headdims: —
  model.multiscale.slow_layer_headdims: —
  model.multiscale.window_size: —
  model.multiscale.offsets: —
  model.multiscale.summary_mode: —
  model.multiscale.causal_mode: —
  model.multiscale.gate_type: —
  data.input_seq_len: 128
  data.num_kv_pairs: 16
  data.vocab_size: 768
  data.train_examples: 20000  val_examples: 2000  test_examples: 2000
  data.fixed_examples: True
  data.min_query_pos: null
  train.lr: 0.0003
  train.epochs: 20
  num_parameters_trainable: 2063040
  tags(backbone,fusion,stride): mamba2_lm, , 
--- end resolved config ---
epoch 1/20 train loss=5.9564 acc=0.0032 em=0.0000 | val loss=5.9689 acc=0.0026 em=0.0000 | random≈0.0013
  saved best_loss.pt (val_answer_loss=5.968930)
  saved best_acc.pt (val_answer_accuracy=0.002594)
epoch 2/20 train loss=5.9201 acc=0.0114 em=0.0000 | val loss=5.9568 acc=0.0087 em=0.0000 | random≈0.0013
  saved best_loss.pt (val_answer_loss=5.956786)
  saved best_acc.pt (val_answer_accuracy=0.008656)
epoch 3/20 train loss=5.6757 acc=0.0505 em=0.0000 | val loss=5.8250 acc=0.0423 em=0.0000 | random≈0.0013
  saved best_loss.pt (val_answer_loss=5.825041)
  saved best_acc.pt (val_answer_accuracy=0.042344)
epoch 4/20 train loss=4.9999 acc=0.1345 em=0.0000 | val loss=5.2995 acc=0.1043 em=0.0000 | random≈0.0013
  saved best_loss.pt (val_answer_loss=5.299478)
  saved best_acc.pt (val_answer_accuracy=0.104313)
epoch 5/20 train loss=1.8151 acc=0.6746 em=0.0006 | val loss=2.0309 acc=0.6232 em=0.0000 | random≈0.0013
  saved best_loss.pt (val_answer_loss=2.030945)
  saved best_acc.pt (val_answer_accuracy=0.623219)
epoch 6/20 train loss=0.2241 acc=0.9698 em=0.6131 | val loss=0.3086 acc=0.9482 em=0.4210 | random≈0.0013
  saved best_loss.pt (val_answer_loss=0.308578)
  saved best_acc.pt (val_answer_accuracy=0.948156)
epoch 7/20 train loss=0.0493 acc=0.9964 em=0.9444 | val loss=0.0887 acc=0.9856 em=0.7885 | random≈0.0013
  saved best_loss.pt (val_answer_loss=0.088719)
  saved best_acc.pt (val_answer_accuracy=0.985625)
epoch 8/20 train loss=0.0169 acc=0.9998 em=0.9975 | val loss=0.0437 acc=0.9936 em=0.9045 | random≈0.0013
  saved best_loss.pt (val_answer_loss=0.043726)
  saved best_acc.pt (val_answer_accuracy=0.993625)
epoch 9/20 train loss=0.0090 acc=1.0000 em=1.0000 | val loss=0.0293 acc=0.9955 em=0.9310 | random≈0.0013
  saved best_loss.pt (val_answer_loss=0.029281)
  saved best_acc.pt (val_answer_accuracy=0.995531)
epoch 10/20 train loss=0.0060 acc=1.0000 em=1.0000 | val loss=0.0240 acc=0.9961 em=0.9405 | random≈0.0013
  saved best_loss.pt (val_answer_loss=0.024012)
  saved best_acc.pt (val_answer_accuracy=0.996125)
epoch 11/20 train loss=0.0045 acc=1.0000 em=1.0000 | val loss=0.0206 acc=0.9964 em=0.9440 | random≈0.0013
  saved best_loss.pt (val_answer_loss=0.020584)
  saved best_acc.pt (val_answer_accuracy=0.996406)
epoch 12/20 train loss=0.0036 acc=1.0000 em=1.0000 | val loss=0.0182 acc=0.9969 em=0.9520 | random≈0.0013
  saved best_loss.pt (val_answer_loss=0.018174)
  saved best_acc.pt (val_answer_accuracy=0.996875)
epoch 13/20 train loss=0.0029 acc=1.0000 em=1.0000 | val loss=0.0162 acc=0.9968 em=0.9515 | random≈0.0013
  saved best_loss.pt (val_answer_loss=0.016207)
epoch 14/20 train loss=0.0024 acc=1.0000 em=1.0000 | val loss=0.0147 acc=0.9970 em=0.9535 | random≈0.0013
  saved best_loss.pt (val_answer_loss=0.014704)
  saved best_acc.pt (val_answer_accuracy=0.997000)
epoch 15/20 train loss=0.0020 acc=1.0000 em=1.0000 | val loss=0.0136 acc=0.9972 em=0.9565 | random≈0.0013
  saved best_loss.pt (val_answer_loss=0.013559)
  saved best_acc.pt (val_answer_accuracy=0.997188)
epoch 16/20 train loss=0.0017 acc=1.0000 em=1.0000 | val loss=0.0125 acc=0.9973 em=0.9585 | random≈0.0013
  saved best_loss.pt (val_answer_loss=0.012465)
  saved best_acc.pt (val_answer_accuracy=0.997313)
epoch 17/20 train loss=0.0015 acc=1.0000 em=1.0000 | val loss=0.0114 acc=0.9975 em=0.9605 | random≈0.0013
  saved best_loss.pt (val_answer_loss=0.011386)
  saved best_acc.pt (val_answer_accuracy=0.997500)
epoch 18/20 train loss=0.0013 acc=1.0000 em=1.0000 | val loss=0.0105 acc=0.9976 em=0.9625 | random≈0.0013
  saved best_loss.pt (val_answer_loss=0.010527)
  saved best_acc.pt (val_answer_accuracy=0.997625)
epoch 19/20 train loss=0.0011 acc=1.0000 em=1.0000 | val loss=0.0100 acc=0.9978 em=0.9655 | random≈0.0013
  saved best_loss.pt (val_answer_loss=0.009977)
  saved best_acc.pt (val_answer_accuracy=0.997812)
epoch 20/20 train loss=0.0010 acc=1.0000 em=1.0000 | val loss=0.0095 acc=0.9979 em=0.9670 | random≈0.0013
  saved best_loss.pt (val_answer_loss=0.009472)
  saved best_acc.pt (val_answer_accuracy=0.997938)
test [best_loss_ckpt] loss=0.010079 acc=0.997563 em=0.961500
test [best_acc_ckpt]  loss=0.010079 acc=0.997563 em=0.961500 random_baseline≈0.001302
done. meta_metrics → /home/jovyan/shares/SR008.fs2/nvidenisov/other/repos/mamba/mamba_multi_scale_get_started/outputs/MQARFailureSweep/mqar_fail_mamba2_split_ts_slow_veryslow_v768_seed48/meta_metrics.csv
