mqar_split_hashes: n_train=20000 uniq_train=20000 | n_val=2000 uniq_val=2000 | n_test=2000 uniq_test=2000
mqar_answer_positions[train]: min=16 mean=16.0000 max=16 (expected 16 per sample)
mqar_answer_positions[val]: min=16 mean=16.0000 max=16 (expected 16 per sample)
mqar_answer_positions[test]: min=16 mean=16.0000 max=16 (expected 16 per sample)
experiment=mqar_fail_ms_gated_right_init_v768_seed49 device=cuda:0 out_dir=/home/jovyan/shares/SR008.fs2/nvidenisov/other/repos/mamba/mamba_multi_scale_get_started/outputs/MQARFailureSweep/mqar_fail_ms_gated_right_init_v768_seed49
mqar data: fixed_examples=True random_baseline_acc≈1/vocab=0.001302 (vocab_size=768)
--- mqar resolved config (sanity) ---
  experiment.name: mqar_fail_ms_gated_right_init_v768_seed49
  model.backbone: multiscale_mamba2_lm
  model.layer_headdims: [32, 32, 32, 32]
  model.multiscale.fast_layer_headdims: [32, 32, 32, 32]
  model.multiscale.slow_layer_headdims: [32, 32]
  model.multiscale.window_size: —
  model.multiscale.offsets: —
  model.multiscale.summary_mode: —
  model.multiscale.causal_mode: —
  model.multiscale.gate_type: —
  data.input_seq_len: 128
  data.num_kv_pairs: 16
  data.vocab_size: 768
  data.train_examples: 20000  val_examples: 2000  test_examples: 2000
  data.fixed_examples: True
  data.min_query_pos: null
  train.lr: 0.0003
  train.epochs: 20
  num_parameters_trainable: 3029664
  tags(backbone,fusion,stride): multiscale_mamba2_lm, gated, 2
--- end resolved config ---
epoch 1/20 train loss=5.9558 acc=0.0033 em=0.0000 | val loss=5.9686 acc=0.0023 em=0.0000 | random≈0.0013
  saved best_loss.pt (val_answer_loss=5.968579)
  saved best_acc.pt (val_answer_accuracy=0.002281)
epoch 2/20 train loss=5.9281 acc=0.0056 em=0.0000 | val loss=5.9678 acc=0.0031 em=0.0000 | random≈0.0013
  saved best_loss.pt (val_answer_loss=5.967786)
  saved best_acc.pt (val_answer_accuracy=0.003125)
epoch 3/20 train loss=5.7863 acc=0.0271 em=0.0000 | val loss=5.9424 acc=0.0206 em=0.0000 | random≈0.0013
  saved best_loss.pt (val_answer_loss=5.942449)
  saved best_acc.pt (val_answer_accuracy=0.020625)
epoch 4/20 train loss=5.4471 acc=0.0593 em=0.0000 | val loss=5.9183 acc=0.0354 em=0.0000 | random≈0.0013
  saved best_loss.pt (val_answer_loss=5.918331)
  saved best_acc.pt (val_answer_accuracy=0.035375)
epoch 5/20 train loss=4.9538 acc=0.1114 em=0.0000 | val loss=5.9147 acc=0.0407 em=0.0000 | random≈0.0013
  saved best_loss.pt (val_answer_loss=5.914673)
  saved best_acc.pt (val_answer_accuracy=0.040719)
epoch 6/20 train loss=4.3695 acc=0.1925 em=0.0000 | val loss=5.9564 acc=0.0372 em=0.0000 | random≈0.0013
epoch 7/20 train loss=3.6934 acc=0.3181 em=0.0000 | val loss=5.9120 acc=0.0516 em=0.0000 | random≈0.0013
  saved best_loss.pt (val_answer_loss=5.911957)
  saved best_acc.pt (val_answer_accuracy=0.051625)
epoch 8/20 train loss=2.2846 acc=0.6045 em=0.0001 | val loss=4.3359 acc=0.2115 em=0.0000 | random≈0.0013
  saved best_loss.pt (val_answer_loss=4.335868)
  saved best_acc.pt (val_answer_accuracy=0.211531)
epoch 9/20 train loss=0.4576 acc=0.9299 em=0.3203 | val loss=1.4642 acc=0.6528 em=0.0010 | random≈0.0013
  saved best_loss.pt (val_answer_loss=1.464173)
  saved best_acc.pt (val_answer_accuracy=0.652750)
epoch 10/20 train loss=0.1282 acc=0.9883 em=0.8302 | val loss=0.7374 acc=0.8110 em=0.0295 | random≈0.0013
  saved best_loss.pt (val_answer_loss=0.737404)
  saved best_acc.pt (val_answer_accuracy=0.811000)
epoch 11/20 train loss=0.0432 acc=0.9987 em=0.9799 | val loss=0.4573 acc=0.8754 em=0.0985 | random≈0.0013
  saved best_loss.pt (val_answer_loss=0.457282)
  saved best_acc.pt (val_answer_accuracy=0.875406)
epoch 12/20 train loss=0.0177 acc=1.0000 em=0.9998 | val loss=0.3404 acc=0.9036 em=0.1960 | random≈0.0013
  saved best_loss.pt (val_answer_loss=0.340388)
  saved best_acc.pt (val_answer_accuracy=0.903625)
epoch 13/20 train loss=0.0113 acc=1.0000 em=1.0000 | val loss=0.2968 acc=0.9135 em=0.2395 | random≈0.0013
  saved best_loss.pt (val_answer_loss=0.296848)
  saved best_acc.pt (val_answer_accuracy=0.913531)
epoch 14/20 train loss=0.0083 acc=1.0000 em=1.0000 | val loss=0.2735 acc=0.9188 em=0.2625 | random≈0.0013
  saved best_loss.pt (val_answer_loss=0.273531)
  saved best_acc.pt (val_answer_accuracy=0.918781)
epoch 15/20 train loss=0.0066 acc=1.0000 em=1.0000 | val loss=0.2591 acc=0.9227 em=0.2780 | random≈0.0013
  saved best_loss.pt (val_answer_loss=0.259104)
  saved best_acc.pt (val_answer_accuracy=0.922687)
epoch 16/20 train loss=0.0054 acc=1.0000 em=1.0000 | val loss=0.2491 acc=0.9256 em=0.2910 | random≈0.0013
  saved best_loss.pt (val_answer_loss=0.249113)
  saved best_acc.pt (val_answer_accuracy=0.925594)
epoch 17/20 train loss=0.0045 acc=1.0000 em=1.0000 | val loss=0.2409 acc=0.9278 em=0.3015 | random≈0.0013
  saved best_loss.pt (val_answer_loss=0.240865)
  saved best_acc.pt (val_answer_accuracy=0.927813)
epoch 18/20 train loss=0.0038 acc=1.0000 em=1.0000 | val loss=0.2332 acc=0.9303 em=0.3150 | random≈0.0013
  saved best_loss.pt (val_answer_loss=0.233218)
  saved best_acc.pt (val_answer_accuracy=0.930312)
epoch 19/20 train loss=0.0033 acc=1.0000 em=1.0000 | val loss=0.2256 acc=0.9328 em=0.3295 | random≈0.0013
  saved best_loss.pt (val_answer_loss=0.225557)
  saved best_acc.pt (val_answer_accuracy=0.932781)
epoch 20/20 train loss=0.0028 acc=1.0000 em=1.0000 | val loss=0.2183 acc=0.9352 em=0.3380 | random≈0.0013
  saved best_loss.pt (val_answer_loss=0.218287)
  saved best_acc.pt (val_answer_accuracy=0.935187)
test [best_loss_ckpt] loss=0.216900 acc=0.933000 em=0.328000
test [best_acc_ckpt]  loss=0.216900 acc=0.933000 em=0.328000 random_baseline≈0.001302
done. meta_metrics → /home/jovyan/shares/SR008.fs2/nvidenisov/other/repos/mamba/mamba_multi_scale_get_started/outputs/MQARFailureSweep/mqar_fail_ms_gated_right_init_v768_seed49/meta_metrics.csv
