mqar_split_hashes: n_train=20000 uniq_train=20000 | n_val=2000 uniq_val=2000 | n_test=2000 uniq_test=2000
mqar_answer_positions[train]: min=16 mean=16.0000 max=16 (expected 16 per sample)
mqar_answer_positions[val]: min=16 mean=16.0000 max=16 (expected 16 per sample)
mqar_answer_positions[test]: min=16 mean=16.0000 max=16 (expected 16 per sample)
experiment=archeval_mqar_trans704_transformer_param_match_seed42 device=cuda:0 out_dir=/home/jovyan/shares/SR008.fs2/nvidenisov/other/repos/mamba/mamba_multi_scale_get_started/outputs/ArchEval/mqar_trans704_transformer_param_match_seed42
mqar data: fixed_examples=True random_baseline_acc≈1/vocab=0.001420 (vocab_size=704)
--- mqar resolved config (sanity) ---
  experiment.name: archeval_mqar_trans704_transformer_param_match_seed42
  model.backbone: transformer_lm
  model.layer_headdims: —
  model.multiscale.fast_layer_headdims: —
  model.multiscale.slow_layer_headdims: —
  model.multiscale.window_size: —
  model.multiscale.offsets: —
  model.multiscale.summary_mode: —
  model.multiscale.causal_mode: —
  model.multiscale.gate_type: —
  data.input_seq_len: 128
  data.num_kv_pairs: 16
  data.vocab_size: 704
  data.train_examples: 20000  val_examples: 2000  test_examples: 2000
  data.fixed_examples: True
  data.min_query_pos: null
  train.lr: 0.0003
  train.epochs: 20
  num_parameters_trainable: 3161008
  tags(backbone,fusion,stride): transformer_lm, , 
--- end resolved config ---
epoch 1/20 train loss=5.8749 acc=0.0032 em=0.0000 | val loss=5.8781 acc=0.0024 em=0.0000 | random≈0.0014
  saved best_loss.pt (val_answer_loss=5.878100)
  saved best_acc.pt (val_answer_accuracy=0.002406)
epoch 2/20 train loss=5.8687 acc=0.0033 em=0.0000 | val loss=5.8729 acc=0.0026 em=0.0000 | random≈0.0014
  saved best_loss.pt (val_answer_loss=5.872910)
  saved best_acc.pt (val_answer_accuracy=0.002625)
epoch 3/20 train loss=5.6204 acc=0.0578 em=0.0000 | val loss=5.6661 acc=0.0561 em=0.0000 | random≈0.0014
  saved best_loss.pt (val_answer_loss=5.666052)
  saved best_acc.pt (val_answer_accuracy=0.056063)
epoch 4/20 train loss=4.8350 acc=0.0859 em=0.0000 | val loss=4.9470 acc=0.0747 em=0.0000 | random≈0.0014
  saved best_loss.pt (val_answer_loss=4.946953)
  saved best_acc.pt (val_answer_accuracy=0.074688)
epoch 5/20 train loss=4.3062 acc=0.0951 em=0.0000 | val loss=4.4873 acc=0.0759 em=0.0000 | random≈0.0014
  saved best_loss.pt (val_answer_loss=4.487345)
  saved best_acc.pt (val_answer_accuracy=0.075875)
epoch 6/20 train loss=3.9436 acc=0.1046 em=0.0000 | val loss=4.1964 acc=0.0788 em=0.0000 | random≈0.0014
  saved best_loss.pt (val_answer_loss=4.196422)
  saved best_acc.pt (val_answer_accuracy=0.078750)
epoch 7/20 train loss=3.6892 acc=0.1123 em=0.0000 | val loss=4.0062 acc=0.0774 em=0.0000 | random≈0.0014
  saved best_loss.pt (val_answer_loss=4.006207)
epoch 8/20 train loss=3.4950 acc=0.1244 em=0.0000 | val loss=3.8777 acc=0.0813 em=0.0000 | random≈0.0014
  saved best_loss.pt (val_answer_loss=3.877745)
  saved best_acc.pt (val_answer_accuracy=0.081344)
epoch 9/20 train loss=2.8228 acc=0.2839 em=0.0000 | val loss=3.2620 acc=0.1935 em=0.0000 | random≈0.0014
  saved best_loss.pt (val_answer_loss=3.262036)
  saved best_acc.pt (val_answer_accuracy=0.193500)
epoch 10/20 train loss=0.0012 acc=1.0000 em=0.9999 | val loss=0.0014 acc=1.0000 em=0.9995 | random≈0.0014
  saved best_loss.pt (val_answer_loss=0.001418)
  saved best_acc.pt (val_answer_accuracy=0.999969)
epoch 11/20 train loss=0.0004 acc=1.0000 em=1.0000 | val loss=0.0004 acc=1.0000 em=1.0000 | random≈0.0014
  saved best_loss.pt (val_answer_loss=0.000449)
epoch 12/20 train loss=0.0002 acc=1.0000 em=1.0000 | val loss=0.0003 acc=1.0000 em=1.0000 | random≈0.0014
  saved best_loss.pt (val_answer_loss=0.000264)
epoch 13/20 train loss=0.0002 acc=1.0000 em=1.0000 | val loss=0.0002 acc=1.0000 em=1.0000 | random≈0.0014
epoch 14/20 train loss=0.0001 acc=1.0000 em=1.0000 | val loss=0.0001 acc=1.0000 em=1.0000 | random≈0.0014
  saved best_loss.pt (val_answer_loss=0.000126)
epoch 15/20 train loss=0.0001 acc=1.0000 em=1.0000 | val loss=0.0001 acc=1.0000 em=1.0000 | random≈0.0014
epoch 16/20 train loss=0.0001 acc=1.0000 em=1.0000 | val loss=0.0001 acc=1.0000 em=1.0000 | random≈0.0014
epoch 17/20 train loss=0.0001 acc=1.0000 em=1.0000 | val loss=0.0001 acc=1.0000 em=1.0000 | random≈0.0014
epoch 18/20 train loss=0.0001 acc=1.0000 em=1.0000 | val loss=0.0001 acc=1.0000 em=1.0000 | random≈0.0014
early stopping at epoch 18: val answer_loss did not improve by min_delta=0.0001 for 4 epochs
test [best_loss_ckpt] loss=0.000126 acc=1.000000 em=1.000000
test [best_acc_ckpt]  loss=0.001361 acc=1.000000 em=1.000000 random_baseline≈0.001420
done. meta_metrics → /home/jovyan/shares/SR008.fs2/nvidenisov/other/repos/mamba/mamba_multi_scale_get_started/outputs/ArchEval/mqar_trans704_transformer_param_match_seed42/meta_metrics.csv
