mqar_split_hashes: n_train=20000 uniq_train=20000 | n_val=2000 uniq_val=2000 | n_test=2000 uniq_test=2000
mqar_answer_positions[train]: min=16 mean=16.0000 max=16 (expected 16 per sample)
mqar_answer_positions[val]: min=16 mean=16.0000 max=16 (expected 16 per sample)
mqar_answer_positions[test]: min=16 mean=16.0000 max=16 (expected 16 per sample)
experiment=archeval_mqar_trans768_mamba2_slow_init_seed50 device=cuda:0 out_dir=/home/jovyan/shares/SR008.fs2/nvidenisov/other/repos/mamba/mamba_multi_scale_get_started/outputs/ArchEval/mqar_trans768_mamba2_slow_init_seed50
mqar data: fixed_examples=True random_baseline_acc≈1/vocab=0.001302 (vocab_size=768)
--- mqar resolved config (sanity) ---
  experiment.name: archeval_mqar_trans768_mamba2_slow_init_seed50
  model.backbone: mamba2_lm
  model.layer_headdims: [32, 32, 32, 32]
  model.multiscale.fast_layer_headdims: —
  model.multiscale.slow_layer_headdims: —
  model.multiscale.window_size: —
  model.multiscale.offsets: —
  model.multiscale.summary_mode: —
  model.multiscale.causal_mode: —
  model.multiscale.gate_type: —
  data.input_seq_len: 128
  data.num_kv_pairs: 16
  data.vocab_size: 768
  data.train_examples: 20000  val_examples: 2000  test_examples: 2000
  data.fixed_examples: True
  data.min_query_pos: null
  train.lr: 0.0003
  train.epochs: 20
  num_parameters_trainable: 2063040
  tags(backbone,fusion,stride): mamba2_lm, , 
--- end resolved config ---
epoch 1/20 train loss=5.9558 acc=0.0035 em=0.0000 | val loss=5.9707 acc=0.0027 em=0.0000 | random≈0.0013
  saved best_loss.pt (val_answer_loss=5.970678)
  saved best_acc.pt (val_answer_accuracy=0.002719)
epoch 2/20 train loss=5.9260 acc=0.0071 em=0.0000 | val loss=5.9650 acc=0.0053 em=0.0000 | random≈0.0013
  saved best_loss.pt (val_answer_loss=5.964992)
  saved best_acc.pt (val_answer_accuracy=0.005344)
epoch 3/20 train loss=5.7680 acc=0.0370 em=0.0000 | val loss=5.9105 acc=0.0295 em=0.0000 | random≈0.0013
  saved best_loss.pt (val_answer_loss=5.910542)
  saved best_acc.pt (val_answer_accuracy=0.029469)
epoch 4/20 train loss=5.3295 acc=0.0796 em=0.0000 | val loss=5.6755 acc=0.0555 em=0.0000 | random≈0.0013
  saved best_loss.pt (val_answer_loss=5.675509)
  saved best_acc.pt (val_answer_accuracy=0.055469)
epoch 5/20 train loss=2.7853 acc=0.4852 em=0.0000 | val loss=3.0599 acc=0.4258 em=0.0000 | random≈0.0013
  saved best_loss.pt (val_answer_loss=3.059885)
  saved best_acc.pt (val_answer_accuracy=0.425844)
epoch 6/20 train loss=0.4012 acc=0.9379 em=0.3658 | val loss=0.5162 acc=0.9022 em=0.1865 | random≈0.0013
  saved best_loss.pt (val_answer_loss=0.516167)
  saved best_acc.pt (val_answer_accuracy=0.902156)
epoch 7/20 train loss=0.0764 acc=0.9932 em=0.8986 | val loss=0.1326 acc=0.9769 em=0.6930 | random≈0.0013
  saved best_loss.pt (val_answer_loss=0.132586)
  saved best_acc.pt (val_answer_accuracy=0.976906)
epoch 8/20 train loss=0.0225 acc=0.9996 em=0.9936 | val loss=0.0552 acc=0.9906 em=0.8585 | random≈0.0013
  saved best_loss.pt (val_answer_loss=0.055205)
  saved best_acc.pt (val_answer_accuracy=0.990594)
epoch 9/20 train loss=0.0103 acc=1.0000 em=0.9999 | val loss=0.0336 acc=0.9942 em=0.9110 | random≈0.0013
  saved best_loss.pt (val_answer_loss=0.033615)
  saved best_acc.pt (val_answer_accuracy=0.994188)
epoch 10/20 train loss=0.0065 acc=1.0000 em=1.0000 | val loss=0.0251 acc=0.9956 em=0.9310 | random≈0.0013
  saved best_loss.pt (val_answer_loss=0.025093)
  saved best_acc.pt (val_answer_accuracy=0.995563)
epoch 11/20 train loss=0.0047 acc=1.0000 em=1.0000 | val loss=0.0207 acc=0.9961 em=0.9390 | random≈0.0013
  saved best_loss.pt (val_answer_loss=0.020696)
  saved best_acc.pt (val_answer_accuracy=0.996062)
epoch 12/20 train loss=0.0036 acc=1.0000 em=1.0000 | val loss=0.0178 acc=0.9966 em=0.9465 | random≈0.0013
  saved best_loss.pt (val_answer_loss=0.017800)
  saved best_acc.pt (val_answer_accuracy=0.996563)
epoch 13/20 train loss=0.0029 acc=1.0000 em=1.0000 | val loss=0.0157 acc=0.9968 em=0.9490 | random≈0.0013
  saved best_loss.pt (val_answer_loss=0.015708)
  saved best_acc.pt (val_answer_accuracy=0.996781)
epoch 14/20 train loss=0.0024 acc=1.0000 em=1.0000 | val loss=0.0139 acc=0.9972 em=0.9555 | random≈0.0013
  saved best_loss.pt (val_answer_loss=0.013920)
  saved best_acc.pt (val_answer_accuracy=0.997219)
epoch 15/20 train loss=0.0020 acc=1.0000 em=1.0000 | val loss=0.0126 acc=0.9972 em=0.9565 | random≈0.0013
  saved best_loss.pt (val_answer_loss=0.012578)
epoch 16/20 train loss=0.0017 acc=1.0000 em=1.0000 | val loss=0.0115 acc=0.9973 em=0.9570 | random≈0.0013
  saved best_loss.pt (val_answer_loss=0.011524)
epoch 17/20 train loss=0.0014 acc=1.0000 em=1.0000 | val loss=0.0106 acc=0.9976 em=0.9610 | random≈0.0013
  saved best_loss.pt (val_answer_loss=0.010577)
  saved best_acc.pt (val_answer_accuracy=0.997563)
epoch 18/20 train loss=0.0012 acc=1.0000 em=1.0000 | val loss=0.0098 acc=0.9978 em=0.9640 | random≈0.0013
  saved best_loss.pt (val_answer_loss=0.009802)
  saved best_acc.pt (val_answer_accuracy=0.997750)
epoch 19/20 train loss=0.0011 acc=1.0000 em=1.0000 | val loss=0.0091 acc=0.9979 em=0.9660 | random≈0.0013
  saved best_loss.pt (val_answer_loss=0.009137)
  saved best_acc.pt (val_answer_accuracy=0.997875)
epoch 20/20 train loss=0.0009 acc=1.0000 em=1.0000 | val loss=0.0087 acc=0.9979 em=0.9670 | random≈0.0013
  saved best_loss.pt (val_answer_loss=0.008657)
test [best_loss_ckpt] loss=0.008133 acc=0.998250 em=0.972500
test [best_acc_ckpt]  loss=0.008578 acc=0.998313 em=0.973500 random_baseline≈0.001302
done. meta_metrics → /home/jovyan/shares/SR008.fs2/nvidenisov/other/repos/mamba/mamba_multi_scale_get_started/outputs/ArchEval/mqar_trans768_mamba2_slow_init_seed50/meta_metrics.csv
