mqar_split_hashes: n_train=20000 uniq_train=20000 | n_val=2000 uniq_val=2000 | n_test=2000 uniq_test=2000
mqar_answer_positions[train]: min=16 mean=16.0000 max=16 (expected 16 per sample)
mqar_answer_positions[val]: min=16 mean=16.0000 max=16 (expected 16 per sample)
mqar_answer_positions[test]: min=16 mean=16.0000 max=16 (expected 16 per sample)
experiment=mqar_fail_transformer_param_match_v640_seed48 device=cuda:0 out_dir=/home/jovyan/shares/SR008.fs2/nvidenisov/other/repos/mamba/mamba_multi_scale_get_started/outputs/MQARFailureSweep/mqar_fail_transformer_param_match_v640_seed48
mqar data: fixed_examples=True random_baseline_acc≈1/vocab=0.001563 (vocab_size=640)
--- mqar resolved config (sanity) ---
  experiment.name: mqar_fail_transformer_param_match_v640_seed48
  model.backbone: transformer_lm
  model.layer_headdims: —
  model.multiscale.fast_layer_headdims: —
  model.multiscale.slow_layer_headdims: —
  model.multiscale.window_size: —
  model.multiscale.offsets: —
  model.multiscale.summary_mode: —
  model.multiscale.causal_mode: —
  model.multiscale.gate_type: —
  data.input_seq_len: 128
  data.num_kv_pairs: 16
  data.vocab_size: 640
  data.train_examples: 20000  val_examples: 2000  test_examples: 2000
  data.fixed_examples: True
  data.min_query_pos: null
  train.lr: 0.0003
  train.epochs: 20
  num_parameters_trainable: 3131248
  tags(backbone,fusion,stride): transformer_lm, , 
--- end resolved config ---
epoch 1/20 train loss=5.7817 acc=0.0035 em=0.0000 | val loss=5.7837 acc=0.0030 em=0.0000 | random≈0.0016
  saved best_loss.pt (val_answer_loss=5.783675)
  saved best_acc.pt (val_answer_accuracy=0.003031)
epoch 2/20 train loss=5.7739 acc=0.0035 em=0.0000 | val loss=5.7772 acc=0.0033 em=0.0000 | random≈0.0016
  saved best_loss.pt (val_answer_loss=5.777177)
  saved best_acc.pt (val_answer_accuracy=0.003281)
epoch 3/20 train loss=5.4841 acc=0.0625 em=0.0000 | val loss=5.5362 acc=0.0580 em=0.0000 | random≈0.0016
  saved best_loss.pt (val_answer_loss=5.536195)
  saved best_acc.pt (val_answer_accuracy=0.058000)
epoch 4/20 train loss=4.6643 acc=0.0875 em=0.0000 | val loss=4.7735 acc=0.0746 em=0.0000 | random≈0.0016
  saved best_loss.pt (val_answer_loss=4.773495)
  saved best_acc.pt (val_answer_accuracy=0.074594)
epoch 5/20 train loss=4.1572 acc=0.0965 em=0.0000 | val loss=4.3358 acc=0.0788 em=0.0000 | random≈0.0016
  saved best_loss.pt (val_answer_loss=4.335839)
  saved best_acc.pt (val_answer_accuracy=0.078812)
epoch 6/20 train loss=3.8249 acc=0.1055 em=0.0000 | val loss=4.0703 acc=0.0777 em=0.0000 | random≈0.0016
  saved best_loss.pt (val_answer_loss=4.070265)
epoch 7/20 train loss=3.5955 acc=0.1136 em=0.0000 | val loss=3.9025 acc=0.0788 em=0.0000 | random≈0.0016
  saved best_loss.pt (val_answer_loss=3.902508)
epoch 8/20 train loss=3.4135 acc=0.1271 em=0.0000 | val loss=3.7826 acc=0.0818 em=0.0000 | random≈0.0016
  saved best_loss.pt (val_answer_loss=3.782636)
  saved best_acc.pt (val_answer_accuracy=0.081781)
epoch 9/20 train loss=2.1586 acc=0.4666 em=0.0000 | val loss=2.5365 acc=0.3677 em=0.0000 | random≈0.0016
  saved best_loss.pt (val_answer_loss=2.536523)
  saved best_acc.pt (val_answer_accuracy=0.367656)
epoch 10/20 train loss=0.0009 acc=1.0000 em=0.9999 | val loss=0.0010 acc=1.0000 em=0.9995 | random≈0.0016
  saved best_loss.pt (val_answer_loss=0.001039)
  saved best_acc.pt (val_answer_accuracy=0.999969)
epoch 11/20 train loss=0.0003 acc=1.0000 em=1.0000 | val loss=0.0004 acc=1.0000 em=1.0000 | random≈0.0016
  saved best_loss.pt (val_answer_loss=0.000370)
epoch 12/20 train loss=0.0002 acc=1.0000 em=1.0000 | val loss=0.0002 acc=1.0000 em=1.0000 | random≈0.0016
  saved best_loss.pt (val_answer_loss=0.000214)
epoch 13/20 train loss=0.0001 acc=1.0000 em=1.0000 | val loss=0.0001 acc=1.0000 em=1.0000 | random≈0.0016
epoch 14/20 train loss=0.0001 acc=1.0000 em=1.0000 | val loss=0.0001 acc=1.0000 em=1.0000 | random≈0.0016
  saved best_loss.pt (val_answer_loss=0.000104)
epoch 15/20 train loss=0.0001 acc=1.0000 em=1.0000 | val loss=0.0001 acc=1.0000 em=1.0000 | random≈0.0016
epoch 16/20 train loss=0.0001 acc=1.0000 em=1.0000 | val loss=0.0001 acc=1.0000 em=1.0000 | random≈0.0016
epoch 17/20 train loss=0.0001 acc=1.0000 em=1.0000 | val loss=0.0001 acc=1.0000 em=1.0000 | random≈0.0016
epoch 18/20 train loss=0.0000 acc=1.0000 em=1.0000 | val loss=0.0000 acc=1.0000 em=1.0000 | random≈0.0016
early stopping at epoch 18: val answer_loss did not improve by min_delta=0.0001 for 4 epochs
test [best_loss_ckpt] loss=0.000104 acc=1.000000 em=1.000000
test [best_acc_ckpt]  loss=0.000996 acc=1.000000 em=1.000000 random_baseline≈0.001563
done. meta_metrics → /home/jovyan/shares/SR008.fs2/nvidenisov/other/repos/mamba/mamba_multi_scale_get_started/outputs/MQARFailureSweep/mqar_fail_transformer_param_match_v640_seed48/meta_metrics.csv
