mqar_split_hashes: n_train=5000 uniq_train=5000 | n_val=2000 uniq_val=2000 | n_test=2000 uniq_test=2000
mqar_answer_positions[train]: min=16 mean=16.0000 max=16 (expected 16 per sample)
mqar_answer_positions[val]: min=16 mean=16.0000 max=16 (expected 16 per sample)
mqar_answer_positions[test]: min=16 mean=16.0000 max=16 (expected 16 per sample)
experiment=mqar_sweep_D_ms_attention_stride4_L128_minNone_kv16_vocab512_train5000_seed42 device=cuda:0 out_dir=/home/jovyan/shares/SR008.fs2/nvidenisov/other/repos/mamba/mamba_multi_scale_get_started/outputs/MQAR/mqar_sweep_D_ms_attention_stride4_L128_minNone_kv16_vocab512_train5000_seed42
mqar data: fixed_examples=True random_baseline_acc≈1/vocab=0.001953 (vocab_size=512)
--- mqar resolved config (sanity) ---
  experiment.name: mqar_sweep_D_ms_attention_stride4_L128_minNone_kv16_vocab512_train5000_seed42
  model.backbone: multiscale_mamba2_attention_lm
  model.layer_headdims: [32, 32, 32, 32]
  model.multiscale.fast_layer_headdims: [32, 32, 32, 32]
  model.multiscale.slow_layer_headdims: [32, 32]
  data.input_seq_len: 128
  data.num_kv_pairs: 16
  data.vocab_size: 512
  data.train_examples: 5000  val_examples: 2000  test_examples: 2000
  data.fixed_examples: True
  data.min_query_pos: null
  train.lr: 0.0003
  train.epochs: 20
  num_parameters_trainable: 3030176
  tags(backbone,fusion,stride): multiscale_mamba2_attention_lm, residual, 4
--- end resolved config ---
epoch 1/20 train loss=5.5583 acc=0.0071 em=0.0000 | val loss=5.5922 acc=0.0037 em=0.0000 | random≈0.0020
  saved best_loss.pt (val_answer_loss=5.592169)
  saved best_acc.pt (val_answer_accuracy=0.003719)
epoch 2/20 train loss=5.4963 acc=0.0121 em=0.0000 | val loss=5.5791 acc=0.0038 em=0.0000 | random≈0.0020
  saved best_loss.pt (val_answer_loss=5.579078)
  saved best_acc.pt (val_answer_accuracy=0.003844)
epoch 3/20 train loss=5.3239 acc=0.0327 em=0.0000 | val loss=5.6309 acc=0.0039 em=0.0000 | random≈0.0020
epoch 4/20 train loss=5.0186 acc=0.0915 em=0.0004 | val loss=5.6853 acc=0.0043 em=0.0000 | random≈0.0020
  saved best_acc.pt (val_answer_accuracy=0.004281)
epoch 5/20 train loss=4.5971 acc=0.2105 em=0.0006 | val loss=5.7579 acc=0.0043 em=0.0000 | random≈0.0020
epoch 6/20 train loss=4.0998 acc=0.3680 em=0.0014 | val loss=5.8307 acc=0.0043 em=0.0000 | random≈0.0020
early stopping at epoch 6: val answer_loss did not improve by min_delta=0.0001 for 4 epochs
test [best_loss_ckpt] loss=5.581951 acc=0.004000 em=0.000000
test [best_acc_ckpt]  loss=5.692596 acc=0.003250 em=0.000000 random_baseline≈0.001953
done. meta_metrics → /home/jovyan/shares/SR008.fs2/nvidenisov/other/repos/mamba/mamba_multi_scale_get_started/outputs/MQAR/mqar_sweep_D_ms_attention_stride4_L128_minNone_kv16_vocab512_train5000_seed42/meta_metrics.csv
