experiment=archeval_lm_ms_multiaxis_s4_s16 device=cuda:0 out_dir=/home/jovyan/shares/SR008.fs2/nvidenisov/other/repos/mamba/mamba_multi_scale_get_started/outputs/ArchEval/lm_ms_multiaxis_s4_s16
early_stopping: patience=3 min_delta=0.0001 (disable with train.early_stopping.patience=0)
epoch 1/10 train_loss=3.0992 val_loss=2.5101 val_ppl=12.31 val_bpc=3.6213
  saved best.pt (val_loss=2.510112)
experiment=archeval_lm_ms_multiaxis_s4_s16 device=cuda:0 out_dir=/home/jovyan/shares/SR008.fs2/nvidenisov/other/repos/mamba/mamba_multi_scale_get_started/outputs/ArchEval/lm_ms_multiaxis_s4_s16
early_stopping: patience=3 min_delta=0.0001 (disable with train.early_stopping.patience=0)
epoch 1/10 train_loss=3.0992 val_loss=2.5101 val_ppl=12.31 val_bpc=3.6213
  saved best.pt (val_loss=2.510112)
epoch 2/10 train_loss=2.2731 val_loss=2.1570 val_ppl=8.64 val_bpc=3.1119
  saved best.pt (val_loss=2.156979)
epoch 3/10 train_loss=1.9855 val_loss=1.9783 val_ppl=7.23 val_bpc=2.8540
  saved best.pt (val_loss=1.978260)
epoch 4/10 train_loss=1.7992 val_loss=1.8666 val_ppl=6.47 val_bpc=2.6930
  saved best.pt (val_loss=1.866628)
epoch 5/10 train_loss=1.6665 val_loss=1.7758 val_ppl=5.91 val_bpc=2.5620
  saved best.pt (val_loss=1.775838)
epoch 6/10 train_loss=1.5716 val_loss=1.7069 val_ppl=5.51 val_bpc=2.4625
  saved best.pt (val_loss=1.706902)
epoch 7/10 train_loss=1.4949 val_loss=1.6619 val_ppl=5.27 val_bpc=2.3976
  saved best.pt (val_loss=1.661887)
epoch 8/10 train_loss=1.4379 val_loss=1.6280 val_ppl=5.09 val_bpc=2.3486
  saved best.pt (val_loss=1.627950)
epoch 9/10 train_loss=1.4031 val_loss=1.5977 val_ppl=4.94 val_bpc=2.3049
  saved best.pt (val_loss=1.597660)
epoch 10/10 train_loss=1.3647 val_loss=1.5736 val_ppl=4.82 val_bpc=2.2702
  saved best.pt (val_loss=1.573612)
meta_metrics: train=28.17s eval=237.86s loop=268.61s setup=2.71s → meta_metrics.csv
