mqar_split_hashes: n_train=20000 uniq_train=20000 | n_val=2000 uniq_val=2000 | n_test=2000 uniq_test=2000
mqar_answer_positions[train]: min=16 mean=16.0000 max=16 (expected 16 per sample)
mqar_answer_positions[val]: min=16 mean=16.0000 max=16 (expected 16 per sample)
mqar_answer_positions[test]: min=16 mean=16.0000 max=16 (expected 16 per sample)
experiment=mqar_fail_mamba2_split_ts_slow_veryslow_v704_seed51 device=cuda:0 out_dir=/home/jovyan/shares/SR008.fs2/nvidenisov/other/repos/mamba/mamba_multi_scale_get_started/outputs/MQARFailureSweep/mqar_fail_mamba2_split_ts_slow_veryslow_v704_seed51
mqar data: fixed_examples=True random_baseline_acc≈1/vocab=0.001420 (vocab_size=704)
--- mqar resolved config (sanity) ---
  experiment.name: mqar_fail_mamba2_split_ts_slow_veryslow_v704_seed51
  model.backbone: mamba2_lm
  model.layer_headdims: [32, 32, 32, 32]
  model.multiscale.fast_layer_headdims: —
  model.multiscale.slow_layer_headdims: —
  model.multiscale.window_size: —
  model.multiscale.offsets: —
  model.multiscale.summary_mode: —
  model.multiscale.causal_mode: —
  model.multiscale.gate_type: —
  data.input_seq_len: 128
  data.num_kv_pairs: 16
  data.vocab_size: 704
  data.train_examples: 20000  val_examples: 2000  test_examples: 2000
  data.fixed_examples: True
  data.min_query_pos: null
  train.lr: 0.0003
  train.epochs: 20
  num_parameters_trainable: 2030208
  tags(backbone,fusion,stride): mamba2_lm, , 
--- end resolved config ---
epoch 1/20 train loss=5.8691 acc=0.0036 em=0.0000 | val loss=5.8820 acc=0.0036 em=0.0000 | random≈0.0014
  saved best_loss.pt (val_answer_loss=5.881973)
  saved best_acc.pt (val_answer_accuracy=0.003563)
epoch 2/20 train loss=5.8121 acc=0.0191 em=0.0000 | val loss=5.8554 acc=0.0169 em=0.0000 | random≈0.0014
  saved best_loss.pt (val_answer_loss=5.855384)
  saved best_acc.pt (val_answer_accuracy=0.016875)
epoch 3/20 train loss=5.5094 acc=0.0605 em=0.0000 | val loss=5.6731 acc=0.0509 em=0.0000 | random≈0.0014
  saved best_loss.pt (val_answer_loss=5.673133)
  saved best_acc.pt (val_answer_accuracy=0.050875)
epoch 4/20 train loss=3.0324 acc=0.4621 em=0.0000 | val loss=3.2272 acc=0.4239 em=0.0000 | random≈0.0014
  saved best_loss.pt (val_answer_loss=3.227223)
  saved best_acc.pt (val_answer_accuracy=0.423906)
epoch 5/20 train loss=0.3777 acc=0.9431 em=0.3952 | val loss=0.4770 acc=0.9117 em=0.2205 | random≈0.0014
  saved best_loss.pt (val_answer_loss=0.477013)
  saved best_acc.pt (val_answer_accuracy=0.911719)
epoch 6/20 train loss=0.0814 acc=0.9921 em=0.8818 | val loss=0.1366 acc=0.9757 em=0.6765 | random≈0.0014
  saved best_loss.pt (val_answer_loss=0.136600)
  saved best_acc.pt (val_answer_accuracy=0.975719)
epoch 7/20 train loss=0.0247 acc=0.9994 em=0.9909 | val loss=0.0577 acc=0.9902 em=0.8530 | random≈0.0014
  saved best_loss.pt (val_answer_loss=0.057718)
  saved best_acc.pt (val_answer_accuracy=0.990187)
epoch 8/20 train loss=0.0114 acc=1.0000 em=0.9997 | val loss=0.0341 acc=0.9947 em=0.9170 | random≈0.0014
  saved best_loss.pt (val_answer_loss=0.034071)
  saved best_acc.pt (val_answer_accuracy=0.994719)
epoch 9/20 train loss=0.0070 acc=1.0000 em=1.0000 | val loss=0.0260 acc=0.9956 em=0.9335 | random≈0.0014
  saved best_loss.pt (val_answer_loss=0.026035)
  saved best_acc.pt (val_answer_accuracy=0.995594)
epoch 10/20 train loss=0.0050 acc=1.0000 em=1.0000 | val loss=0.0212 acc=0.9964 em=0.9445 | random≈0.0014
  saved best_loss.pt (val_answer_loss=0.021211)
  saved best_acc.pt (val_answer_accuracy=0.996406)
epoch 11/20 train loss=0.0038 acc=1.0000 em=1.0000 | val loss=0.0187 acc=0.9965 em=0.9460 | random≈0.0014
  saved best_loss.pt (val_answer_loss=0.018655)
epoch 12/20 train loss=0.0030 acc=1.0000 em=1.0000 | val loss=0.0164 acc=0.9968 em=0.9505 | random≈0.0014
  saved best_loss.pt (val_answer_loss=0.016365)
  saved best_acc.pt (val_answer_accuracy=0.996812)
epoch 13/20 train loss=0.0024 acc=1.0000 em=1.0000 | val loss=0.0148 acc=0.9970 em=0.9530 | random≈0.0014
  saved best_loss.pt (val_answer_loss=0.014842)
  saved best_acc.pt (val_answer_accuracy=0.996969)
epoch 14/20 train loss=0.0020 acc=1.0000 em=1.0000 | val loss=0.0134 acc=0.9973 em=0.9570 | random≈0.0014
  saved best_loss.pt (val_answer_loss=0.013395)
  saved best_acc.pt (val_answer_accuracy=0.997281)
epoch 15/20 train loss=0.0017 acc=1.0000 em=1.0000 | val loss=0.0124 acc=0.9975 em=0.9605 | random≈0.0014
  saved best_loss.pt (val_answer_loss=0.012378)
  saved best_acc.pt (val_answer_accuracy=0.997500)
epoch 16/20 train loss=0.0014 acc=1.0000 em=1.0000 | val loss=0.0115 acc=0.9976 em=0.9615 | random≈0.0014
  saved best_loss.pt (val_answer_loss=0.011488)
epoch 17/20 train loss=0.0012 acc=1.0000 em=1.0000 | val loss=0.0107 acc=0.9976 em=0.9625 | random≈0.0014
  saved best_loss.pt (val_answer_loss=0.010683)
  saved best_acc.pt (val_answer_accuracy=0.997625)
epoch 18/20 train loss=0.0010 acc=1.0000 em=1.0000 | val loss=0.0101 acc=0.9977 em=0.9640 | random≈0.0014
  saved best_loss.pt (val_answer_loss=0.010059)
epoch 19/20 train loss=0.0009 acc=1.0000 em=1.0000 | val loss=0.0095 acc=0.9978 em=0.9655 | random≈0.0014
  saved best_loss.pt (val_answer_loss=0.009504)
  saved best_acc.pt (val_answer_accuracy=0.997812)
epoch 20/20 train loss=0.0008 acc=1.0000 em=1.0000 | val loss=0.0090 acc=0.9978 em=0.9645 | random≈0.0014
  saved best_loss.pt (val_answer_loss=0.009020)
test [best_loss_ckpt] loss=0.008863 acc=0.997750 em=0.965000
test [best_acc_ckpt]  loss=0.009451 acc=0.997625 em=0.965000 random_baseline≈0.001420
done. meta_metrics → /home/jovyan/shares/SR008.fs2/nvidenisov/other/repos/mamba/mamba_multi_scale_get_started/outputs/MQARFailureSweep/mqar_fail_mamba2_split_ts_slow_veryslow_v704_seed51/meta_metrics.csv
