mqar_split_hashes: n_train=20000 uniq_train=20000 | n_val=2000 uniq_val=2000 | n_test=2000 uniq_test=2000
mqar_answer_positions[train]: min=16 mean=16.0000 max=16 (expected 16 per sample)
mqar_answer_positions[val]: min=16 mean=16.0000 max=16 (expected 16 per sample)
mqar_answer_positions[test]: min=16 mean=16.0000 max=16 (expected 16 per sample)
experiment=mqar_sweep_A_mamba2_depth4_L160_minNone_kv16_vocab512_train20000_seed42 device=cuda:0 out_dir=/home/jovyan/shares/SR008.fs2/nvidenisov/other/repos/mamba/mamba_multi_scale_get_started/outputs/MQAR/mqar_sweep_A_mamba2_depth4_L160_minNone_kv16_vocab512_train20000_seed42
mqar data: fixed_examples=True random_baseline_acc≈1/vocab=0.001953 (vocab_size=512)
--- mqar resolved config (sanity) ---
  experiment.name: mqar_sweep_A_mamba2_depth4_L160_minNone_kv16_vocab512_train20000_seed42
  model.backbone: mamba2_lm
  model.layer_headdims: [32, 32, 32, 32]
  model.multiscale.fast_layer_headdims: —
  model.multiscale.slow_layer_headdims: —
  data.input_seq_len: 160
  data.num_kv_pairs: 16
  data.vocab_size: 512
  data.train_examples: 20000  val_examples: 2000  test_examples: 2000
  data.fixed_examples: True
  data.min_query_pos: null
  train.lr: 0.0003
  train.epochs: 20
  num_parameters_trainable: 1931712
  tags(backbone,fusion,stride): mamba2_lm, , 
--- end resolved config ---
epoch 1/20 train loss=5.5498 acc=0.0049 em=0.0000 | val loss=5.5601 acc=0.0038 em=0.0000 | random≈0.0020
  saved best_loss.pt (val_answer_loss=5.560128)
  saved best_acc.pt (val_answer_accuracy=0.003812)
epoch 2/20 train loss=5.5061 acc=0.0166 em=0.0000 | val loss=5.5406 acc=0.0145 em=0.0000 | random≈0.0020
  saved best_loss.pt (val_answer_loss=5.540593)
  saved best_acc.pt (val_answer_accuracy=0.014500)
epoch 3/20 train loss=5.3031 acc=0.0533 em=0.0000 | val loss=5.4196 acc=0.0479 em=0.0000 | random≈0.0020
  saved best_loss.pt (val_answer_loss=5.419556)
  saved best_acc.pt (val_answer_accuracy=0.047938)
epoch 4/20 train loss=4.9260 acc=0.0795 em=0.0000 | val loss=5.1824 acc=0.0594 em=0.0000 | random≈0.0020
  saved best_loss.pt (val_answer_loss=5.182395)
  saved best_acc.pt (val_answer_accuracy=0.059437)
epoch 5/20 train loss=2.7364 acc=0.4427 em=0.0000 | val loss=2.9618 acc=0.3872 em=0.0000 | random≈0.0020
  saved best_loss.pt (val_answer_loss=2.961832)
  saved best_acc.pt (val_answer_accuracy=0.387156)
epoch 6/20 train loss=0.3043 acc=0.9478 em=0.4330 | val loss=0.3849 acc=0.9223 em=0.2735 | random≈0.0020
  saved best_loss.pt (val_answer_loss=0.384908)
  saved best_acc.pt (val_answer_accuracy=0.922344)
epoch 7/20 train loss=0.0464 acc=0.9962 em=0.9415 | val loss=0.0787 acc=0.9859 em=0.8085 | random≈0.0020
  saved best_loss.pt (val_answer_loss=0.078700)
  saved best_acc.pt (val_answer_accuracy=0.985938)
epoch 8/20 train loss=0.0138 acc=0.9998 em=0.9975 | val loss=0.0344 acc=0.9946 em=0.9190 | random≈0.0020
  saved best_loss.pt (val_answer_loss=0.034351)
  saved best_acc.pt (val_answer_accuracy=0.994594)
epoch 9/20 train loss=0.0065 acc=1.0000 em=1.0000 | val loss=0.0215 acc=0.9962 em=0.9420 | random≈0.0020
  saved best_loss.pt (val_answer_loss=0.021543)
  saved best_acc.pt (val_answer_accuracy=0.996188)
epoch 10/20 train loss=0.0043 acc=1.0000 em=1.0000 | val loss=0.0171 acc=0.9968 em=0.9525 | random≈0.0020
  saved best_loss.pt (val_answer_loss=0.017052)
  saved best_acc.pt (val_answer_accuracy=0.996812)
epoch 11/20 train loss=0.0031 acc=1.0000 em=1.0000 | val loss=0.0145 acc=0.9974 em=0.9600 | random≈0.0020
  saved best_loss.pt (val_answer_loss=0.014508)
  saved best_acc.pt (val_answer_accuracy=0.997406)
epoch 12/20 train loss=0.0024 acc=1.0000 em=1.0000 | val loss=0.0125 acc=0.9976 em=0.9630 | random≈0.0020
  saved best_loss.pt (val_answer_loss=0.012544)
  saved best_acc.pt (val_answer_accuracy=0.997625)
epoch 13/20 train loss=0.0019 acc=1.0000 em=1.0000 | val loss=0.0113 acc=0.9978 em=0.9665 | random≈0.0020
  saved best_loss.pt (val_answer_loss=0.011279)
  saved best_acc.pt (val_answer_accuracy=0.997812)
epoch 14/20 train loss=0.0016 acc=1.0000 em=1.0000 | val loss=0.0103 acc=0.9980 em=0.9685 | random≈0.0020
  saved best_loss.pt (val_answer_loss=0.010251)
  saved best_acc.pt (val_answer_accuracy=0.997969)
epoch 15/20 train loss=0.0013 acc=1.0000 em=1.0000 | val loss=0.0095 acc=0.9979 em=0.9680 | random≈0.0020
  saved best_loss.pt (val_answer_loss=0.009520)
epoch 16/20 train loss=0.0011 acc=1.0000 em=1.0000 | val loss=0.0089 acc=0.9980 em=0.9685 | random≈0.0020
  saved best_loss.pt (val_answer_loss=0.008941)
epoch 17/20 train loss=0.0010 acc=1.0000 em=1.0000 | val loss=0.0083 acc=0.9982 em=0.9715 | random≈0.0020
  saved best_loss.pt (val_answer_loss=0.008332)
  saved best_acc.pt (val_answer_accuracy=0.998188)
epoch 18/20 train loss=0.0008 acc=1.0000 em=1.0000 | val loss=0.0079 acc=0.9982 em=0.9725 | random≈0.0020
  saved best_loss.pt (val_answer_loss=0.007919)
epoch 19/20 train loss=0.0007 acc=1.0000 em=1.0000 | val loss=0.0074 acc=0.9984 em=0.9745 | random≈0.0020
  saved best_loss.pt (val_answer_loss=0.007408)
  saved best_acc.pt (val_answer_accuracy=0.998375)
epoch 20/20 train loss=0.0006 acc=1.0000 em=1.0000 | val loss=0.0071 acc=0.9983 em=0.9740 | random≈0.0020
  saved best_loss.pt (val_answer_loss=0.007114)
test [best_loss_ckpt] loss=0.004997 acc=0.999000 em=0.984000
test [best_acc_ckpt]  loss=0.005360 acc=0.998875 em=0.982000 random_baseline≈0.001953
done. meta_metrics → /home/jovyan/shares/SR008.fs2/nvidenisov/other/repos/mamba/mamba_multi_scale_get_started/outputs/MQAR/mqar_sweep_A_mamba2_depth4_L160_minNone_kv16_vocab512_train20000_seed42/meta_metrics.csv
