mqar_split_hashes: n_train=20000 uniq_train=20000 | n_val=2000 uniq_val=2000 | n_test=2000 uniq_test=2000
mqar_answer_positions[train]: min=16 mean=16.0000 max=16 (expected 16 per sample)
mqar_answer_positions[val]: min=16 mean=16.0000 max=16 (expected 16 per sample)
mqar_answer_positions[test]: min=16 mean=16.0000 max=16 (expected 16 per sample)
experiment=mqar_fail_ms_gated_right_init_v704_seed45 device=cuda:0 out_dir=/home/jovyan/shares/SR008.fs2/nvidenisov/other/repos/mamba/mamba_multi_scale_get_started/outputs/MQARFailureSweep/mqar_fail_ms_gated_right_init_v704_seed45
mqar data: fixed_examples=True random_baseline_acc≈1/vocab=0.001420 (vocab_size=704)
--- mqar resolved config (sanity) ---
  experiment.name: mqar_fail_ms_gated_right_init_v704_seed45
  model.backbone: multiscale_mamba2_lm
  model.layer_headdims: [32, 32, 32, 32]
  model.multiscale.fast_layer_headdims: [32, 32, 32, 32]
  model.multiscale.slow_layer_headdims: [32, 32]
  model.multiscale.window_size: —
  model.multiscale.offsets: —
  model.multiscale.summary_mode: —
  model.multiscale.causal_mode: —
  model.multiscale.gate_type: —
  data.input_seq_len: 128
  data.num_kv_pairs: 16
  data.vocab_size: 704
  data.train_examples: 20000  val_examples: 2000  test_examples: 2000
  data.fixed_examples: True
  data.min_query_pos: null
  train.lr: 0.0003
  train.epochs: 20
  num_parameters_trainable: 2996832
  tags(backbone,fusion,stride): multiscale_mamba2_lm, gated, 2
--- end resolved config ---
epoch 1/20 train loss=5.8679 acc=0.0037 em=0.0000 | val loss=5.8812 acc=0.0030 em=0.0000 | random≈0.0014
  saved best_loss.pt (val_answer_loss=5.881160)
  saved best_acc.pt (val_answer_accuracy=0.003031)
epoch 2/20 train loss=5.8349 acc=0.0124 em=0.0000 | val loss=5.8767 acc=0.0089 em=0.0000 | random≈0.0014
  saved best_loss.pt (val_answer_loss=5.876650)
  saved best_acc.pt (val_answer_accuracy=0.008906)
epoch 3/20 train loss=5.6827 acc=0.0332 em=0.0000 | val loss=5.8337 acc=0.0273 em=0.0000 | random≈0.0014
  saved best_loss.pt (val_answer_loss=5.833673)
  saved best_acc.pt (val_answer_accuracy=0.027312)
epoch 4/20 train loss=5.2868 acc=0.0729 em=0.0000 | val loss=5.7055 acc=0.0491 em=0.0000 | random≈0.0014
  saved best_loss.pt (val_answer_loss=5.705541)
  saved best_acc.pt (val_answer_accuracy=0.049063)
epoch 5/20 train loss=3.6864 acc=0.3244 em=0.0000 | val loss=4.2133 acc=0.2456 em=0.0000 | random≈0.0014
  saved best_loss.pt (val_answer_loss=4.213306)
  saved best_acc.pt (val_answer_accuracy=0.245625)
epoch 6/20 train loss=0.5728 acc=0.9083 em=0.2210 | val loss=0.7875 acc=0.8484 em=0.0705 | random≈0.0014
  saved best_loss.pt (val_answer_loss=0.787486)
  saved best_acc.pt (val_answer_accuracy=0.848375)
epoch 7/20 train loss=0.1156 acc=0.9875 em=0.8200 | val loss=0.2151 acc=0.9583 em=0.5095 | random≈0.0014
  saved best_loss.pt (val_answer_loss=0.215103)
  saved best_acc.pt (val_answer_accuracy=0.958344)
epoch 8/20 train loss=0.0332 acc=0.9986 em=0.9780 | val loss=0.0927 acc=0.9818 em=0.7495 | random≈0.0014
  saved best_loss.pt (val_answer_loss=0.092667)
  saved best_acc.pt (val_answer_accuracy=0.981781)
epoch 9/20 train loss=0.0141 acc=0.9999 em=0.9991 | val loss=0.0569 acc=0.9886 em=0.8320 | random≈0.0014
  saved best_loss.pt (val_answer_loss=0.056862)
  saved best_acc.pt (val_answer_accuracy=0.988563)
epoch 10/20 train loss=0.0080 acc=1.0000 em=0.9999 | val loss=0.0413 acc=0.9918 em=0.8760 | random≈0.0014
  saved best_loss.pt (val_answer_loss=0.041345)
  saved best_acc.pt (val_answer_accuracy=0.991812)
epoch 11/20 train loss=0.0055 acc=1.0000 em=1.0000 | val loss=0.0346 acc=0.9926 em=0.8895 | random≈0.0014
  saved best_loss.pt (val_answer_loss=0.034630)
  saved best_acc.pt (val_answer_accuracy=0.992625)
epoch 12/20 train loss=0.0041 acc=1.0000 em=1.0000 | val loss=0.0299 acc=0.9938 em=0.9050 | random≈0.0014
  saved best_loss.pt (val_answer_loss=0.029935)
  saved best_acc.pt (val_answer_accuracy=0.993812)
epoch 13/20 train loss=0.0032 acc=1.0000 em=1.0000 | val loss=0.0270 acc=0.9943 em=0.9125 | random≈0.0014
  saved best_loss.pt (val_answer_loss=0.026975)
  saved best_acc.pt (val_answer_accuracy=0.994281)
epoch 14/20 train loss=0.0026 acc=1.0000 em=1.0000 | val loss=0.0244 acc=0.9948 em=0.9190 | random≈0.0014
  saved best_loss.pt (val_answer_loss=0.024447)
  saved best_acc.pt (val_answer_accuracy=0.994750)
epoch 15/20 train loss=0.0021 acc=1.0000 em=1.0000 | val loss=0.0226 acc=0.9949 em=0.9225 | random≈0.0014
  saved best_loss.pt (val_answer_loss=0.022649)
  saved best_acc.pt (val_answer_accuracy=0.994875)
epoch 16/20 train loss=0.0017 acc=1.0000 em=1.0000 | val loss=0.0210 acc=0.9952 em=0.9270 | random≈0.0014
  saved best_loss.pt (val_answer_loss=0.021040)
  saved best_acc.pt (val_answer_accuracy=0.995219)
epoch 17/20 train loss=0.0015 acc=1.0000 em=1.0000 | val loss=0.0195 acc=0.9954 em=0.9300 | random≈0.0014
  saved best_loss.pt (val_answer_loss=0.019490)
  saved best_acc.pt (val_answer_accuracy=0.995406)
epoch 18/20 train loss=0.0012 acc=1.0000 em=1.0000 | val loss=0.0182 acc=0.9956 em=0.9345 | random≈0.0014
  saved best_loss.pt (val_answer_loss=0.018184)
  saved best_acc.pt (val_answer_accuracy=0.995625)
epoch 19/20 train loss=0.0011 acc=1.0000 em=1.0000 | val loss=0.0173 acc=0.9960 em=0.9395 | random≈0.0014
  saved best_loss.pt (val_answer_loss=0.017282)
  saved best_acc.pt (val_answer_accuracy=0.995969)
epoch 20/20 train loss=0.0009 acc=1.0000 em=1.0000 | val loss=0.0165 acc=0.9959 em=0.9380 | random≈0.0014
  saved best_loss.pt (val_answer_loss=0.016456)
test [best_loss_ckpt] loss=0.015313 acc=0.996125 em=0.940000
test [best_acc_ckpt]  loss=0.016203 acc=0.995687 em=0.933000 random_baseline≈0.001420
done. meta_metrics → /home/jovyan/shares/SR008.fs2/nvidenisov/other/repos/mamba/mamba_multi_scale_get_started/outputs/MQARFailureSweep/mqar_fail_ms_gated_right_init_v704_seed45/meta_metrics.csv
