mqar_split_hashes: n_train=20000 uniq_train=20000 | n_val=2000 uniq_val=2000 | n_test=2000 uniq_test=2000
mqar_answer_positions[train]: min=16 mean=16.0000 max=16 (expected 16 per sample)
mqar_answer_positions[val]: min=16 mean=16.0000 max=16 (expected 16 per sample)
mqar_answer_positions[test]: min=16 mean=16.0000 max=16 (expected 16 per sample)
experiment=mqar_fail_ms_gated_right_init_v896_seed46 device=cuda:0 out_dir=/home/jovyan/shares/SR008.fs2/nvidenisov/other/repos/mamba/mamba_multi_scale_get_started/outputs/MQARFailureSweep/mqar_fail_ms_gated_right_init_v896_seed46
mqar data: fixed_examples=True random_baseline_acc≈1/vocab=0.001116 (vocab_size=896)
--- mqar resolved config (sanity) ---
  experiment.name: mqar_fail_ms_gated_right_init_v896_seed46
  model.backbone: multiscale_mamba2_lm
  model.layer_headdims: [32, 32, 32, 32]
  model.multiscale.fast_layer_headdims: [32, 32, 32, 32]
  model.multiscale.slow_layer_headdims: [32, 32]
  model.multiscale.window_size: —
  model.multiscale.offsets: —
  model.multiscale.summary_mode: —
  model.multiscale.causal_mode: —
  model.multiscale.gate_type: —
  data.input_seq_len: 128
  data.num_kv_pairs: 16
  data.vocab_size: 896
  data.train_examples: 20000  val_examples: 2000  test_examples: 2000
  data.fixed_examples: True
  data.min_query_pos: null
  train.lr: 0.0003
  train.epochs: 20
  num_parameters_trainable: 3095328
  tags(backbone,fusion,stride): multiscale_mamba2_lm, gated, 2
--- end resolved config ---
epoch 1/20 train loss=6.1099 acc=0.0030 em=0.0000 | val loss=6.1242 acc=0.0019 em=0.0000 | random≈0.0011
  saved best_loss.pt (val_answer_loss=6.124233)
  saved best_acc.pt (val_answer_accuracy=0.001906)
epoch 2/20 train loss=6.0763 acc=0.0101 em=0.0000 | val loss=6.1176 acc=0.0072 em=0.0000 | random≈0.0011
  saved best_loss.pt (val_answer_loss=6.117581)
  saved best_acc.pt (val_answer_accuracy=0.007219)
epoch 3/20 train loss=5.8985 acc=0.0355 em=0.0000 | val loss=6.0660 acc=0.0278 em=0.0000 | random≈0.0011
  saved best_loss.pt (val_answer_loss=6.066013)
  saved best_acc.pt (val_answer_accuracy=0.027750)
epoch 4/20 train loss=5.3614 acc=0.1120 em=0.0000 | val loss=5.7414 acc=0.0857 em=0.0000 | random≈0.0011
  saved best_loss.pt (val_answer_loss=5.741374)
  saved best_acc.pt (val_answer_accuracy=0.085719)
epoch 5/20 train loss=3.2920 acc=0.4319 em=0.0000 | val loss=3.6582 acc=0.3643 em=0.0000 | random≈0.0011
  saved best_loss.pt (val_answer_loss=3.658179)
  saved best_acc.pt (val_answer_accuracy=0.364281)
epoch 6/20 train loss=0.8959 acc=0.8320 em=0.0508 | val loss=1.1419 acc=0.7669 em=0.0110 | random≈0.0011
  saved best_loss.pt (val_answer_loss=1.141874)
  saved best_acc.pt (val_answer_accuracy=0.766938)
epoch 7/20 train loss=0.2427 acc=0.9693 em=0.6148 | val loss=0.3997 acc=0.9251 em=0.3085 | random≈0.0011
  saved best_loss.pt (val_answer_loss=0.399714)
  saved best_acc.pt (val_answer_accuracy=0.925125)
epoch 8/20 train loss=0.0774 acc=0.9937 em=0.9049 | val loss=0.1777 acc=0.9663 em=0.5870 | random≈0.0011
  saved best_loss.pt (val_answer_loss=0.177742)
  saved best_acc.pt (val_answer_accuracy=0.966313)
epoch 9/20 train loss=0.0270 acc=0.9993 em=0.9892 | val loss=0.0955 acc=0.9804 em=0.7315 | random≈0.0011
  saved best_loss.pt (val_answer_loss=0.095485)
  saved best_acc.pt (val_answer_accuracy=0.980437)
epoch 10/20 train loss=0.0124 acc=1.0000 em=0.9998 | val loss=0.0634 acc=0.9871 em=0.8195 | random≈0.0011
  saved best_loss.pt (val_answer_loss=0.063432)
  saved best_acc.pt (val_answer_accuracy=0.987125)
epoch 11/20 train loss=0.0076 acc=1.0000 em=1.0000 | val loss=0.0506 acc=0.9889 em=0.8455 | random≈0.0011
  saved best_loss.pt (val_answer_loss=0.050633)
  saved best_acc.pt (val_answer_accuracy=0.988938)
epoch 12/20 train loss=0.0055 acc=1.0000 em=1.0000 | val loss=0.0440 acc=0.9901 em=0.8585 | random≈0.0011
  saved best_loss.pt (val_answer_loss=0.044044)
  saved best_acc.pt (val_answer_accuracy=0.990125)
epoch 13/20 train loss=0.0042 acc=1.0000 em=1.0000 | val loss=0.0393 acc=0.9908 em=0.8685 | random≈0.0011
  saved best_loss.pt (val_answer_loss=0.039331)
  saved best_acc.pt (val_answer_accuracy=0.990781)
epoch 14/20 train loss=0.0034 acc=1.0000 em=1.0000 | val loss=0.0357 acc=0.9919 em=0.8815 | random≈0.0011
  saved best_loss.pt (val_answer_loss=0.035709)
  saved best_acc.pt (val_answer_accuracy=0.991875)
epoch 15/20 train loss=0.0028 acc=1.0000 em=1.0000 | val loss=0.0328 acc=0.9922 em=0.8870 | random≈0.0011
  saved best_loss.pt (val_answer_loss=0.032842)
  saved best_acc.pt (val_answer_accuracy=0.992219)
epoch 16/20 train loss=0.0023 acc=1.0000 em=1.0000 | val loss=0.0310 acc=0.9924 em=0.8895 | random≈0.0011
  saved best_loss.pt (val_answer_loss=0.030954)
  saved best_acc.pt (val_answer_accuracy=0.992437)
epoch 17/20 train loss=0.0020 acc=1.0000 em=1.0000 | val loss=0.0292 acc=0.9928 em=0.8950 | random≈0.0011
  saved best_loss.pt (val_answer_loss=0.029186)
  saved best_acc.pt (val_answer_accuracy=0.992750)
epoch 18/20 train loss=0.0017 acc=1.0000 em=1.0000 | val loss=0.0275 acc=0.9930 em=0.8980 | random≈0.0011
  saved best_loss.pt (val_answer_loss=0.027456)
  saved best_acc.pt (val_answer_accuracy=0.993031)
epoch 19/20 train loss=0.0014 acc=1.0000 em=1.0000 | val loss=0.0258 acc=0.9933 em=0.9020 | random≈0.0011
  saved best_loss.pt (val_answer_loss=0.025803)
  saved best_acc.pt (val_answer_accuracy=0.993344)
epoch 20/20 train loss=0.0013 acc=1.0000 em=1.0000 | val loss=0.0245 acc=0.9938 em=0.9100 | random≈0.0011
  saved best_loss.pt (val_answer_loss=0.024536)
  saved best_acc.pt (val_answer_accuracy=0.993781)
test [best_loss_ckpt] loss=0.023969 acc=0.993750 em=0.904500
test [best_acc_ckpt]  loss=0.023969 acc=0.993750 em=0.904500 random_baseline≈0.001116
done. meta_metrics → /home/jovyan/shares/SR008.fs2/nvidenisov/other/repos/mamba/mamba_multi_scale_get_started/outputs/MQARFailureSweep/mqar_fail_ms_gated_right_init_v896_seed46/meta_metrics.csv
