experiment=mqar_mamba2_depth6_len128_easy_kv12_vocab_512 device=cuda:0 out_dir=/home/jovyan/shares/SR008.fs2/nvidenisov/other/repos/mamba/mamba_multi_scale_get_started/outputs/MQAR/mqar_mamba2_depth6_len128_easy_kv12_vocab_512
mqar data: fixed_examples=True random_baseline_acc‚Čą1/vocab=0.001953 (vocab_size=512)
epoch 1/20 train loss=5.5481 acc=0.0050 em=0.0000 | val loss=5.5615 acc=0.0037 em=0.0000 | random‚Čą0.0020
  saved best.pt (val_answer_loss=5.561533)
epoch 2/20 train loss=5.4637 acc=0.0248 em=0.0000 | val loss=5.5314 acc=0.0202 em=0.0000 | random‚Čą0.0020
  saved best.pt (val_answer_loss=5.531379)
epoch 3/20 train loss=5.0250 acc=0.0837 em=0.0000 | val loss=5.2916 acc=0.0645 em=0.0000 | random‚Čą0.0020
  saved best.pt (val_answer_loss=5.291582)
epoch 4/20 train loss=4.3499 acc=0.1392 em=0.0000 | val loss=4.8627 acc=0.0785 em=0.0000 | random‚Čą0.0020
  saved best.pt (val_answer_loss=4.862683)
epoch 5/20 train loss=2.7122 acc=0.4008 em=0.0000 | val loss=3.3054 acc=0.2691 em=0.0000 | random‚Čą0.0020
  saved best.pt (val_answer_loss=3.305352)
epoch 6/20 train loss=0.3808 acc=0.9238 em=0.3898 | val loss=0.5991 acc=0.8551 em=0.1485 | random‚Čą0.0020
  saved best.pt (val_answer_loss=0.599088)
epoch 7/20 train loss=0.0551 acc=0.9925 em=0.9138 | val loss=0.1281 acc=0.9702 em=0.6980 | random‚Čą0.0020
  saved best.pt (val_answer_loss=0.128083)
epoch 8/20 train loss=0.0135 acc=0.9991 em=0.9898 | val loss=0.0519 acc=0.9879 em=0.8595 | random‚Čą0.0020
  saved best.pt (val_answer_loss=0.051868)
epoch 9/20 train loss=0.0046 acc=1.0000 em=0.9995 | val loss=0.0288 acc=0.9928 em=0.9160 | random‚Čą0.0020
  saved best.pt (val_answer_loss=0.028795)
epoch 10/20 train loss=0.0029 acc=1.0000 em=0.9999 | val loss=0.0243 acc=0.9936 em=0.9255 | random‚Čą0.0020
  saved best.pt (val_answer_loss=0.024269)
epoch 11/20 train loss=0.0019 acc=1.0000 em=1.0000 | val loss=0.0201 acc=0.9944 em=0.9345 | random‚Čą0.0020
  saved best.pt (val_answer_loss=0.020064)
epoch 12/20 train loss=0.0015 acc=1.0000 em=1.0000 | val loss=0.0185 acc=0.9948 em=0.9375 | random‚Čą0.0020
  saved best.pt (val_answer_loss=0.018545)
epoch 13/20 train loss=0.0012 acc=1.0000 em=1.0000 | val loss=0.0177 acc=0.9950 em=0.9415 | random‚Čą0.0020
  saved best.pt (val_answer_loss=0.017721)
epoch 14/20 train loss=0.0010 acc=1.0000 em=1.0000 | val loss=0.0167 acc=0.9952 em=0.9430 | random‚Čą0.0020
  saved best.pt (val_answer_loss=0.016746)
epoch 15/20 train loss=0.0009 acc=1.0000 em=1.0000 | val loss=0.0164 acc=0.9952 em=0.9435 | random‚Čą0.0020
  saved best.pt (val_answer_loss=0.016353)
epoch 16/20 train loss=0.0007 acc=1.0000 em=1.0000 | val loss=0.0156 acc=0.9954 em=0.9450 | random‚Čą0.0020
  saved best.pt (val_answer_loss=0.015555)
epoch 17/20 train loss=0.0006 acc=1.0000 em=1.0000 | val loss=0.0154 acc=0.9953 em=0.9440 | random‚Čą0.0020
  saved best.pt (val_answer_loss=0.015352)
epoch 18/20 train loss=0.0005 acc=1.0000 em=1.0000 | val loss=0.0148 acc=0.9956 em=0.9470 | random‚Čą0.0020
  saved best.pt (val_answer_loss=0.014793)
epoch 19/20 train loss=0.0005 acc=1.0000 em=1.0000 | val loss=0.0146 acc=0.9956 em=0.9480 | random‚Čą0.0020
  saved best.pt (val_answer_loss=0.014593)
epoch 20/20 train loss=0.0004 acc=1.0000 em=1.0000 | val loss=0.0143 acc=0.9957 em=0.9485 | random‚Čą0.0020
  saved best.pt (val_answer_loss=0.014329)
test answer_loss=0.012892 test_acc=0.995833 test_em=0.952500 random_baseline‚Čą0.001953
done. meta_metrics ‚Üí /home/jovyan/shares/SR008.fs2/nvidenisov/other/repos/mamba/mamba_multi_scale_get_started/outputs/MQAR/mqar_mamba2_depth6_len128_easy_kv12_vocab_512/meta_metrics.csv
