mqar_split_hashes: n_train=20000 uniq_train=20000 | n_val=2000 uniq_val=2000 | n_test=2000 uniq_test=2000
mqar_answer_positions[train]: min=16 mean=16.0000 max=16 (expected 16 per sample)
mqar_answer_positions[val]: min=16 mean=16.0000 max=16 (expected 16 per sample)
mqar_answer_positions[test]: min=16 mean=16.0000 max=16 (expected 16 per sample)
experiment=archeval_mqar_trans768_ms_gated_right_init_seed42 device=cuda:0 out_dir=/home/jovyan/shares/SR008.fs2/nvidenisov/other/repos/mamba/mamba_multi_scale_get_started/outputs/ArchEval/mqar_trans768_ms_gated_right_init_seed42
mqar data: fixed_examples=True random_baseline_acc≈1/vocab=0.001302 (vocab_size=768)
--- mqar resolved config (sanity) ---
  experiment.name: archeval_mqar_trans768_ms_gated_right_init_seed42
  model.backbone: multiscale_mamba2_lm
  model.layer_headdims: [32, 32, 32, 32]
  model.multiscale.fast_layer_headdims: [32, 32, 32, 32]
  model.multiscale.slow_layer_headdims: [32, 32]
  model.multiscale.window_size: —
  model.multiscale.offsets: —
  model.multiscale.summary_mode: —
  model.multiscale.causal_mode: —
  model.multiscale.gate_type: —
  data.input_seq_len: 128
  data.num_kv_pairs: 16
  data.vocab_size: 768
  data.train_examples: 20000  val_examples: 2000  test_examples: 2000
  data.fixed_examples: True
  data.min_query_pos: null
  train.lr: 0.0003
  train.epochs: 20
  num_parameters_trainable: 3029664
  tags(backbone,fusion,stride): multiscale_mamba2_lm, gated, 2
--- end resolved config ---
epoch 1/20 train loss=5.9549 acc=0.0034 em=0.0000 | val loss=5.9685 acc=0.0023 em=0.0000 | random≈0.0013
  saved best_loss.pt (val_answer_loss=5.968509)
  saved best_acc.pt (val_answer_accuracy=0.002281)
epoch 2/20 train loss=5.9217 acc=0.0084 em=0.0000 | val loss=5.9621 acc=0.0056 em=0.0000 | random≈0.0013
  saved best_loss.pt (val_answer_loss=5.962098)
  saved best_acc.pt (val_answer_accuracy=0.005562)
epoch 3/20 train loss=5.7498 acc=0.0360 em=0.0000 | val loss=5.9066 acc=0.0292 em=0.0000 | random≈0.0013
  saved best_loss.pt (val_answer_loss=5.906594)
  saved best_acc.pt (val_answer_accuracy=0.029156)
epoch 4/20 train loss=5.3182 acc=0.0894 em=0.0000 | val loss=5.7228 acc=0.0603 em=0.0000 | random≈0.0013
  saved best_loss.pt (val_answer_loss=5.722775)
  saved best_acc.pt (val_answer_accuracy=0.060312)
epoch 5/20 train loss=4.1012 acc=0.2672 em=0.0000 | val loss=4.6721 acc=0.2005 em=0.0000 | random≈0.0013
  saved best_loss.pt (val_answer_loss=4.672096)
  saved best_acc.pt (val_answer_accuracy=0.200469)
epoch 6/20 train loss=1.1000 acc=0.7871 em=0.0180 | val loss=1.4336 acc=0.6953 em=0.0015 | random≈0.0013
  saved best_loss.pt (val_answer_loss=1.433623)
  saved best_acc.pt (val_answer_accuracy=0.695250)
epoch 7/20 train loss=0.2030 acc=0.9716 em=0.6329 | val loss=0.3467 acc=0.9315 em=0.3125 | random≈0.0013
  saved best_loss.pt (val_answer_loss=0.346659)
  saved best_acc.pt (val_answer_accuracy=0.931531)
epoch 8/20 train loss=0.0449 acc=0.9964 em=0.9442 | val loss=0.1145 acc=0.9770 em=0.6885 | random≈0.0013
  saved best_loss.pt (val_answer_loss=0.114498)
  saved best_acc.pt (val_answer_accuracy=0.977000)
epoch 9/20 train loss=0.0153 acc=0.9998 em=0.9962 | val loss=0.0577 acc=0.9892 em=0.8345 | random≈0.0013
  saved best_loss.pt (val_answer_loss=0.057678)
  saved best_acc.pt (val_answer_accuracy=0.989156)
epoch 10/20 train loss=0.0074 acc=1.0000 em=1.0000 | val loss=0.0387 acc=0.9926 em=0.8890 | random≈0.0013
  saved best_loss.pt (val_answer_loss=0.038728)
  saved best_acc.pt (val_answer_accuracy=0.992594)
epoch 11/20 train loss=0.0050 acc=1.0000 em=1.0000 | val loss=0.0307 acc=0.9937 em=0.9065 | random≈0.0013
  saved best_loss.pt (val_answer_loss=0.030683)
  saved best_acc.pt (val_answer_accuracy=0.993687)
epoch 12/20 train loss=0.0037 acc=1.0000 em=1.0000 | val loss=0.0262 acc=0.9944 em=0.9165 | random≈0.0013
  saved best_loss.pt (val_answer_loss=0.026215)
  saved best_acc.pt (val_answer_accuracy=0.994437)
epoch 13/20 train loss=0.0029 acc=1.0000 em=1.0000 | val loss=0.0235 acc=0.9951 em=0.9245 | random≈0.0013
  saved best_loss.pt (val_answer_loss=0.023486)
  saved best_acc.pt (val_answer_accuracy=0.995094)
epoch 14/20 train loss=0.0023 acc=1.0000 em=1.0000 | val loss=0.0213 acc=0.9952 em=0.9275 | random≈0.0013
  saved best_loss.pt (val_answer_loss=0.021345)
epoch 15/20 train loss=0.0019 acc=1.0000 em=1.0000 | val loss=0.0195 acc=0.9955 em=0.9315 | random≈0.0013
  saved best_loss.pt (val_answer_loss=0.019543)
  saved best_acc.pt (val_answer_accuracy=0.995500)
epoch 16/20 train loss=0.0016 acc=1.0000 em=1.0000 | val loss=0.0180 acc=0.9957 em=0.9345 | random≈0.0013
  saved best_loss.pt (val_answer_loss=0.018039)
  saved best_acc.pt (val_answer_accuracy=0.995687)
epoch 17/20 train loss=0.0014 acc=1.0000 em=1.0000 | val loss=0.0168 acc=0.9959 em=0.9360 | random≈0.0013
  saved best_loss.pt (val_answer_loss=0.016836)
  saved best_acc.pt (val_answer_accuracy=0.995875)
epoch 18/20 train loss=0.0012 acc=1.0000 em=1.0000 | val loss=0.0159 acc=0.9961 em=0.9395 | random≈0.0013
  saved best_loss.pt (val_answer_loss=0.015923)
  saved best_acc.pt (val_answer_accuracy=0.996094)
epoch 19/20 train loss=0.0010 acc=1.0000 em=1.0000 | val loss=0.0148 acc=0.9963 em=0.9430 | random≈0.0013
  saved best_loss.pt (val_answer_loss=0.014825)
  saved best_acc.pt (val_answer_accuracy=0.996313)
epoch 20/20 train loss=0.0009 acc=1.0000 em=1.0000 | val loss=0.0142 acc=0.9964 em=0.9440 | random≈0.0013
  saved best_loss.pt (val_answer_loss=0.014240)
test [best_loss_ckpt] loss=0.013338 acc=0.996563 em=0.946000
test [best_acc_ckpt]  loss=0.014224 acc=0.996344 em=0.942500 random_baseline≈0.001302
done. meta_metrics → /home/jovyan/shares/SR008.fs2/nvidenisov/other/repos/mamba/mamba_multi_scale_get_started/outputs/ArchEval/mqar_trans768_ms_gated_right_init_seed42/meta_metrics.csv
