mqar_split_hashes: n_train=20000 uniq_train=20000 | n_val=2000 uniq_val=2000 | n_test=2000 uniq_test=2000
mqar_answer_positions[train]: min=16 mean=16.0000 max=16 (expected 16 per sample)
mqar_answer_positions[val]: min=16 mean=16.0000 max=16 (expected 16 per sample)
mqar_answer_positions[test]: min=16 mean=16.0000 max=16 (expected 16 per sample)
experiment=archeval_mqar_trans704_ms_gated_right_init_d_model_128_seed43 device=cuda:0 out_dir=/home/jovyan/shares/SR008.fs2/nvidenisov/other/repos/mamba/mamba_multi_scale_get_started/outputs/ArchEval/mqar_trans704_ms_gated_right_init_d_model_128_seed43
mqar data: fixed_examples=True random_baseline_acc≈1/vocab=0.001420 (vocab_size=704)
--- mqar resolved config (sanity) ---
  experiment.name: archeval_mqar_trans704_ms_gated_right_init_d_model_128_seed43
  model.backbone: multiscale_mamba2_lm
  model.layer_headdims: [32, 32, 32, 32, 32, 32]
  model.multiscale.fast_layer_headdims: [32, 32, 32, 32, 32, 32]
  model.multiscale.slow_layer_headdims: [32, 32, 32, 32, 32, 32]
  model.multiscale.window_size: —
  model.multiscale.offsets: —
  model.multiscale.summary_mode: —
  model.multiscale.causal_mode: —
  model.multiscale.gate_type: —
  data.input_seq_len: 128
  data.num_kv_pairs: 16
  data.vocab_size: 704
  data.train_examples: 20000  val_examples: 2000  test_examples: 2000
  data.fixed_examples: True
  data.min_query_pos: null
  train.lr: 0.0003
  train.epochs: 20
  num_parameters_trainable: 2738048
  tags(backbone,fusion,stride): multiscale_mamba2_lm, gated, 2
--- end resolved config ---
epoch 1/20 train loss=5.8764 acc=0.0035 em=0.0000 | val loss=5.8850 acc=0.0028 em=0.0000 | random≈0.0014
  saved best_loss.pt (val_answer_loss=5.884964)
  saved best_acc.pt (val_answer_accuracy=0.002844)
epoch 2/20 train loss=5.8503 acc=0.0064 em=0.0000 | val loss=5.8781 acc=0.0047 em=0.0000 | random≈0.0014
  saved best_loss.pt (val_answer_loss=5.878127)
  saved best_acc.pt (val_answer_accuracy=0.004687)
epoch 3/20 train loss=5.7542 acc=0.0166 em=0.0000 | val loss=5.8806 acc=0.0079 em=0.0000 | random≈0.0014
  saved best_acc.pt (val_answer_accuracy=0.007875)
epoch 4/20 train loss=5.4105 acc=0.0542 em=0.0000 | val loss=5.9106 acc=0.0171 em=0.0000 | random≈0.0014
  saved best_acc.pt (val_answer_accuracy=0.017094)
epoch 5/20 train loss=4.9030 acc=0.1215 em=0.0000 | val loss=5.9717 acc=0.0222 em=0.0000 | random≈0.0014
  saved best_acc.pt (val_answer_accuracy=0.022250)
epoch 6/20 train loss=4.3599 acc=0.2151 em=0.0000 | val loss=6.0918 acc=0.0191 em=0.0000 | random≈0.0014
early stopping at epoch 6: val answer_loss did not improve by min_delta=0.0001 for 4 epochs
test [best_loss_ckpt] loss=5.878242 acc=0.004469 em=0.000000
test [best_acc_ckpt]  loss=5.975000 acc=0.022000 em=0.000000 random_baseline≈0.001420
done. meta_metrics → /home/jovyan/shares/SR008.fs2/nvidenisov/other/repos/mamba/mamba_multi_scale_get_started/outputs/ArchEval/mqar_trans704_ms_gated_right_init_d_model_128_seed43/meta_metrics.csv
