experiment=archeval_lm_mamba2_slow_init_seed44 device=cuda:0 out_dir=/home/jovyan/shares/SR008.fs2/nvidenisov/other/repos/mamba/mamba_multi_scale_get_started/outputs/ArchEval/lm_mamba2_slow_init_seed44
early_stopping: patience=3 min_delta=0.0001 (disable with train.early_stopping.patience=0)
epoch 1/10 train_loss=3.0757 val_loss=2.4709 val_ppl=11.83 val_bpc=3.5647
  saved best.pt (val_loss=2.470884)
epoch 2/10 train_loss=2.2476 val_loss=2.1379 val_ppl=8.48 val_bpc=3.0844
  saved best.pt (val_loss=2.137944)
epoch 3/10 train_loss=1.9693 val_loss=1.9652 val_ppl=7.14 val_bpc=2.8352
  saved best.pt (val_loss=1.965220)
epoch 4/10 train_loss=1.7957 val_loss=1.8574 val_ppl=6.41 val_bpc=2.6797
  saved best.pt (val_loss=1.857428)
epoch 5/10 train_loss=1.6712 val_loss=1.7778 val_ppl=5.92 val_bpc=2.5649
  saved best.pt (val_loss=1.777833)
epoch 6/10 train_loss=1.5790 val_loss=1.7158 val_ppl=5.56 val_bpc=2.4754
  saved best.pt (val_loss=1.715842)
epoch 7/10 train_loss=1.5112 val_loss=1.6692 val_ppl=5.31 val_bpc=2.4082
  saved best.pt (val_loss=1.669221)
epoch 8/10 train_loss=1.4608 val_loss=1.6269 val_ppl=5.09 val_bpc=2.3471
  saved best.pt (val_loss=1.626868)
epoch 9/10 train_loss=1.4117 val_loss=1.6045 val_ppl=4.98 val_bpc=2.3148
  saved best.pt (val_loss=1.604525)
epoch 10/10 train_loss=1.3843 val_loss=1.5805 val_ppl=4.86 val_bpc=2.2801
  saved best.pt (val_loss=1.580456)
meta_metrics: train=25.72s eval=192.17s loop=219.65s setup=3.44s → meta_metrics.csv
