experiment=archeval_lm_mamba2_split_ts_slow_veryslow device=cuda:0 out_dir=/home/jovyan/shares/SR008.fs2/nvidenisov/other/repos/mamba/mamba_multi_scale_get_started/outputs/ArchEval/lm_mamba2_split_ts_slow_veryslow
early_stopping: patience=3 min_delta=0.0001 (disable with train.early_stopping.patience=0)
epoch 1/10 train_loss=3.0435 val_loss=2.4701 val_ppl=11.82 val_bpc=3.5635
  saved best.pt (val_loss=2.470060)
epoch 2/10 train_loss=2.2508 val_loss=2.1444 val_ppl=8.54 val_bpc=3.0937
  saved best.pt (val_loss=2.144387)
epoch 3/10 train_loss=1.9749 val_loss=1.9670 val_ppl=7.15 val_bpc=2.8378
  saved best.pt (val_loss=1.967000)
epoch 4/10 train_loss=1.7953 val_loss=1.8595 val_ppl=6.42 val_bpc=2.6828
  saved best.pt (val_loss=1.859544)
epoch 5/10 train_loss=1.6689 val_loss=1.7767 val_ppl=5.91 val_bpc=2.5633
  saved best.pt (val_loss=1.776729)
epoch 6/10 train_loss=1.5832 val_loss=1.7184 val_ppl=5.58 val_bpc=2.4792
  saved best.pt (val_loss=1.718442)
epoch 7/10 train_loss=1.5168 val_loss=1.6780 val_ppl=5.35 val_bpc=2.4208
  saved best.pt (val_loss=1.677952)
epoch 8/10 train_loss=1.4639 val_loss=1.6449 val_ppl=5.18 val_bpc=2.3731
  saved best.pt (val_loss=1.644890)
epoch 9/10 train_loss=1.4302 val_loss=1.6145 val_ppl=5.03 val_bpc=2.3293
  saved best.pt (val_loss=1.614526)
epoch 10/10 train_loss=1.3921 val_loss=1.5929 val_ppl=4.92 val_bpc=2.2981
  saved best.pt (val_loss=1.592920)
meta_metrics: train=26.30s eval=192.30s loop=219.74s setup=2.78s → meta_metrics.csv
