mqar_split_hashes: n_train=20000 uniq_train=20000 | n_val=2000 uniq_val=2000 | n_test=2000 uniq_test=2000
mqar_answer_positions[train]: min=16 mean=16.0000 max=16 (expected 16 per sample)
mqar_answer_positions[val]: min=16 mean=16.0000 max=16 (expected 16 per sample)
mqar_answer_positions[test]: min=16 mean=16.0000 max=16 (expected 16 per sample)
experiment=archeval_mqar_trans768_ms_window_ws8_o0_seed44 device=cuda:0 out_dir=/home/jovyan/shares/SR008.fs2/nvidenisov/other/repos/mamba/mamba_multi_scale_get_started/outputs/ArchEval/mqar_trans768_ms_window_ws8_o0_seed44
mqar data: fixed_examples=True random_baseline_acc≈1/vocab=0.001302 (vocab_size=768)
--- mqar resolved config (sanity) ---
  experiment.name: archeval_mqar_trans768_ms_window_ws8_o0_seed44
  model.backbone: multiscale_mamba2_window_summary_lm
  model.layer_headdims: [32, 32, 32, 32]
  model.multiscale.fast_layer_headdims: —
  model.multiscale.slow_layer_headdims: [32, 32]
  data.input_seq_len: 128
  data.num_kv_pairs: 16
  data.vocab_size: 768
  data.train_examples: 20000  val_examples: 2000  test_examples: 2000
  data.fixed_examples: True
  data.min_query_pos: null
  train.lr: 0.0003
  train.epochs: 20
  num_parameters_trainable: 3028640
  tags(backbone,fusion,stride): multiscale_mamba2_window_summary_lm, window_residual_gated, 
--- end resolved config ---
epoch 1/20 train loss=5.9517 acc=0.0036 em=0.0000 | val loss=5.9689 acc=0.0025 em=0.0000 | random≈0.0013
  saved best_loss.pt (val_answer_loss=5.968909)
  saved best_acc.pt (val_answer_accuracy=0.002469)
epoch 2/20 train loss=5.8422 acc=0.0116 em=0.0000 | val loss=5.9383 acc=0.0043 em=0.0000 | random≈0.0013
  saved best_loss.pt (val_answer_loss=5.938322)
  saved best_acc.pt (val_answer_accuracy=0.004313)
epoch 3/20 train loss=5.3160 acc=0.0602 em=0.0000 | val loss=5.6571 acc=0.0229 em=0.0000 | random≈0.0013
  saved best_loss.pt (val_answer_loss=5.657067)
  saved best_acc.pt (val_answer_accuracy=0.022937)
epoch 4/20 train loss=4.6875 acc=0.1223 em=0.0000 | val loss=5.3066 acc=0.0421 em=0.0000 | random≈0.0013
  saved best_loss.pt (val_answer_loss=5.306635)
  saved best_acc.pt (val_answer_accuracy=0.042125)
epoch 5/20 train loss=4.0331 acc=0.1935 em=0.0000 | val loss=5.0167 acc=0.0528 em=0.0000 | random≈0.0013
  saved best_loss.pt (val_answer_loss=5.016746)
  saved best_acc.pt (val_answer_accuracy=0.052781)
epoch 6/20 train loss=3.4370 acc=0.2901 em=0.0000 | val loss=4.9480 acc=0.0572 em=0.0000 | random≈0.0013
  saved best_loss.pt (val_answer_loss=4.948047)
  saved best_acc.pt (val_answer_accuracy=0.057188)
epoch 7/20 train loss=2.8706 acc=0.4083 em=0.0000 | val loss=5.0103 acc=0.0554 em=0.0000 | random≈0.0013
epoch 8/20 train loss=2.3406 acc=0.5333 em=0.0000 | val loss=5.1566 acc=0.0534 em=0.0000 | random≈0.0013
epoch 9/20 train loss=1.8735 acc=0.6470 em=0.0014 | val loss=5.3491 acc=0.0498 em=0.0000 | random≈0.0013
epoch 10/20 train loss=1.4757 acc=0.7429 em=0.0118 | val loss=5.5593 acc=0.0467 em=0.0000 | random≈0.0013
early stopping at epoch 10: val answer_loss did not improve by min_delta=0.0001 for 4 epochs
test [best_loss_ckpt] loss=4.944571 acc=0.053187 em=0.000000
test [best_acc_ckpt]  loss=4.944571 acc=0.053187 em=0.000000 random_baseline≈0.001302
done. meta_metrics → /home/jovyan/shares/SR008.fs2/nvidenisov/other/repos/mamba/mamba_multi_scale_get_started/outputs/ArchEval/mqar_trans768_ms_window_ws8_o0_seed44/meta_metrics.csv
mqar_split_hashes: n_train=20000 uniq_train=20000 | n_val=2000 uniq_val=2000 | n_test=2000 uniq_test=2000
mqar_answer_positions[train]: min=16 mean=16.0000 max=16 (expected 16 per sample)
mqar_answer_positions[val]: min=16 mean=16.0000 max=16 (expected 16 per sample)
mqar_answer_positions[test]: min=16 mean=16.0000 max=16 (expected 16 per sample)
experiment=archeval_mqar_trans768_ms_window_ws8_o0_seed44 device=cuda:0 out_dir=/home/jovyan/shares/SR008.fs2/nvidenisov/other/repos/mamba/mamba_multi_scale_get_started/outputs/ArchEval/mqar_trans768_ms_window_ws8_o0_seed44
mqar data: fixed_examples=True random_baseline_acc≈1/vocab=0.001302 (vocab_size=768)
--- mqar resolved config (sanity) ---
  experiment.name: archeval_mqar_trans768_ms_window_ws8_o0_seed44
  model.backbone: multiscale_mamba2_window_summary_lm
  model.layer_headdims: [32, 32, 32, 32]
  model.multiscale.fast_layer_headdims: —
  model.multiscale.slow_layer_headdims: [32, 32]
  model.multiscale.window_size: 8
  model.multiscale.offsets: [0]
  model.multiscale.summary_mode: mean
  model.multiscale.causal_mode: —
  model.multiscale.gate_type: vector
  data.input_seq_len: 128
  data.num_kv_pairs: 16
  data.vocab_size: 768
  data.train_examples: 20000  val_examples: 2000  test_examples: 2000
  data.fixed_examples: True
  data.min_query_pos: null
  train.lr: 0.0003
  train.epochs: 20
  num_parameters_trainable: 3028640
  tags(backbone,fusion,stride): multiscale_mamba2_window_summary_lm, window_residual_gated, 
--- end resolved config ---
epoch 1/20 train loss=5.9517 acc=0.0036 em=0.0000 | val loss=5.9689 acc=0.0025 em=0.0000 | random≈0.0013
  saved best_loss.pt (val_answer_loss=5.968909)
  saved best_acc.pt (val_answer_accuracy=0.002469)
epoch 2/20 train loss=5.8422 acc=0.0116 em=0.0000 | val loss=5.9383 acc=0.0043 em=0.0000 | random≈0.0013
  saved best_loss.pt (val_answer_loss=5.938320)
  saved best_acc.pt (val_answer_accuracy=0.004344)
epoch 3/20 train loss=5.3160 acc=0.0602 em=0.0000 | val loss=5.6571 acc=0.0229 em=0.0000 | random≈0.0013
  saved best_loss.pt (val_answer_loss=5.657065)
  saved best_acc.pt (val_answer_accuracy=0.022937)
epoch 4/20 train loss=4.6875 acc=0.1223 em=0.0000 | val loss=5.3066 acc=0.0421 em=0.0000 | random≈0.0013
  saved best_loss.pt (val_answer_loss=5.306632)
  saved best_acc.pt (val_answer_accuracy=0.042125)
epoch 5/20 train loss=4.0331 acc=0.1935 em=0.0000 | val loss=5.0167 acc=0.0528 em=0.0000 | random≈0.0013
  saved best_loss.pt (val_answer_loss=5.016745)
  saved best_acc.pt (val_answer_accuracy=0.052812)
epoch 6/20 train loss=3.4370 acc=0.2901 em=0.0000 | val loss=4.9481 acc=0.0572 em=0.0000 | random≈0.0013
  saved best_loss.pt (val_answer_loss=4.948051)
  saved best_acc.pt (val_answer_accuracy=0.057219)
epoch 7/20 train loss=2.8706 acc=0.4083 em=0.0000 | val loss=5.0103 acc=0.0554 em=0.0000 | random≈0.0013
epoch 8/20 train loss=2.3406 acc=0.5332 em=0.0000 | val loss=5.1566 acc=0.0534 em=0.0000 | random≈0.0013
epoch 9/20 train loss=1.8735 acc=0.6470 em=0.0014 | val loss=5.3491 acc=0.0498 em=0.0000 | random≈0.0013
epoch 10/20 train loss=1.4757 acc=0.7429 em=0.0118 | val loss=5.5593 acc=0.0467 em=0.0000 | random≈0.0013
early stopping at epoch 10: val answer_loss did not improve by min_delta=0.0001 for 4 epochs
test [best_loss_ckpt] loss=4.944573 acc=0.053187 em=0.000000
test [best_acc_ckpt]  loss=4.944573 acc=0.053187 em=0.000000 random_baseline≈0.001302
done. meta_metrics → /home/jovyan/shares/SR008.fs2/nvidenisov/other/repos/mamba/mamba_multi_scale_get_started/outputs/ArchEval/mqar_trans768_ms_window_ws8_o0_seed44/meta_metrics.csv
mqar_split_hashes: n_train=20000 uniq_train=20000 | n_val=2000 uniq_val=2000 | n_test=2000 uniq_test=2000
mqar_answer_positions[train]: min=16 mean=16.0000 max=16 (expected 16 per sample)
mqar_answer_positions[val]: min=16 mean=16.0000 max=16 (expected 16 per sample)
mqar_answer_positions[test]: min=16 mean=16.0000 max=16 (expected 16 per sample)
experiment=archeval_mqar_trans768_ms_window_ws8_o0_seed44 device=cuda:0 out_dir=/home/jovyan/shares/SR008.fs2/nvidenisov/other/repos/mamba/mamba_multi_scale_get_started/outputs/ArchEval/mqar_trans768_ms_window_ws8_o0_seed44
mqar data: fixed_examples=True random_baseline_acc≈1/vocab=0.001302 (vocab_size=768)
--- mqar resolved config (sanity) ---
  experiment.name: archeval_mqar_trans768_ms_window_ws8_o0_seed44
  model.backbone: multiscale_mamba2_window_summary_lm
  model.layer_headdims: [32, 32, 32, 32]
  model.multiscale.fast_layer_headdims: —
  model.multiscale.slow_layer_headdims: [32, 32]
  model.multiscale.window_size: 8
  model.multiscale.offsets: [0]
  model.multiscale.summary_mode: mean
  model.multiscale.causal_mode: —
  model.multiscale.gate_type: vector
  data.input_seq_len: 128
  data.num_kv_pairs: 16
  data.vocab_size: 768
  data.train_examples: 20000  val_examples: 2000  test_examples: 2000
  data.fixed_examples: True
  data.min_query_pos: null
  train.lr: 0.0003
  train.epochs: 20
  num_parameters_trainable: 3028640
  tags(backbone,fusion,stride): multiscale_mamba2_window_summary_lm, window_residual_gated, 
--- end resolved config ---
epoch 1/20 train loss=5.9517 acc=0.0036 em=0.0000 | val loss=5.9689 acc=0.0025 em=0.0000 | random≈0.0013
  saved best_loss.pt (val_answer_loss=5.968909)
  saved best_acc.pt (val_answer_accuracy=0.002469)
epoch 2/20 train loss=5.8422 acc=0.0116 em=0.0000 | val loss=5.9383 acc=0.0043 em=0.0000 | random≈0.0013
  saved best_loss.pt (val_answer_loss=5.938319)
  saved best_acc.pt (val_answer_accuracy=0.004313)
epoch 3/20 train loss=5.3160 acc=0.0602 em=0.0000 | val loss=5.6571 acc=0.0229 em=0.0000 | random≈0.0013
  saved best_loss.pt (val_answer_loss=5.657062)
  saved best_acc.pt (val_answer_accuracy=0.022937)
epoch 4/20 train loss=4.6875 acc=0.1223 em=0.0000 | val loss=5.3066 acc=0.0421 em=0.0000 | random≈0.0013
  saved best_loss.pt (val_answer_loss=5.306630)
  saved best_acc.pt (val_answer_accuracy=0.042125)
epoch 5/20 train loss=4.0331 acc=0.1935 em=0.0000 | val loss=5.0167 acc=0.0528 em=0.0000 | random≈0.0013
  saved best_loss.pt (val_answer_loss=5.016743)
  saved best_acc.pt (val_answer_accuracy=0.052812)
epoch 6/20 train loss=3.4370 acc=0.2901 em=0.0000 | val loss=4.9480 acc=0.0572 em=0.0000 | random≈0.0013
  saved best_loss.pt (val_answer_loss=4.948042)
  saved best_acc.pt (val_answer_accuracy=0.057188)
epoch 7/20 train loss=2.8706 acc=0.4083 em=0.0000 | val loss=5.0103 acc=0.0554 em=0.0000 | random≈0.0013
epoch 8/20 train loss=2.3406 acc=0.5332 em=0.0000 | val loss=5.1566 acc=0.0534 em=0.0000 | random≈0.0013
epoch 9/20 train loss=1.8735 acc=0.6470 em=0.0014 | val loss=5.3491 acc=0.0498 em=0.0000 | random≈0.0013
epoch 10/20 train loss=1.4757 acc=0.7429 em=0.0118 | val loss=5.5593 acc=0.0467 em=0.0000 | random≈0.0013
early stopping at epoch 10: val answer_loss did not improve by min_delta=0.0001 for 4 epochs
test [best_loss_ckpt] loss=4.944565 acc=0.053187 em=0.000000
test [best_acc_ckpt]  loss=4.944565 acc=0.053187 em=0.000000 random_baseline≈0.001302
done. meta_metrics → /home/jovyan/shares/SR008.fs2/nvidenisov/other/repos/mamba/mamba_multi_scale_get_started/outputs/ArchEval/mqar_trans768_ms_window_ws8_o0_seed44/meta_metrics.csv
mqar_split_hashes: n_train=20000 uniq_train=20000 | n_val=2000 uniq_val=2000 | n_test=2000 uniq_test=2000
mqar_answer_positions[train]: min=16 mean=16.0000 max=16 (expected 16 per sample)
mqar_answer_positions[val]: min=16 mean=16.0000 max=16 (expected 16 per sample)
mqar_answer_positions[test]: min=16 mean=16.0000 max=16 (expected 16 per sample)
experiment=archeval_mqar_trans768_ms_window_ws8_o0_seed44 device=cuda:0 out_dir=/home/jovyan/shares/SR008.fs2/nvidenisov/other/repos/mamba/mamba_multi_scale_get_started/outputs/ArchEval/mqar_trans768_ms_window_ws8_o0_seed44
mqar data: fixed_examples=True random_baseline_acc≈1/vocab=0.001302 (vocab_size=768)
--- mqar resolved config (sanity) ---
  experiment.name: archeval_mqar_trans768_ms_window_ws8_o0_seed44
  model.backbone: multiscale_mamba2_window_summary_lm
  model.layer_headdims: [32, 32, 32, 32]
  model.multiscale.fast_layer_headdims: —
  model.multiscale.slow_layer_headdims: [32, 32]
  model.multiscale.window_size: 8
  model.multiscale.offsets: [0]
  model.multiscale.summary_mode: last
  model.multiscale.causal_mode: completed
  model.multiscale.gate_type: vector
  data.input_seq_len: 128
  data.num_kv_pairs: 16
  data.vocab_size: 768
  data.train_examples: 20000  val_examples: 2000  test_examples: 2000
  data.fixed_examples: True
  data.min_query_pos: null
  train.lr: 0.0003
  train.epochs: 20
  num_parameters_trainable: 3028640
  tags(backbone,fusion,stride): multiscale_mamba2_window_summary_lm, window_residual_gated, 
--- end resolved config ---
epoch 1/20 train loss=5.9546 acc=0.0034 em=0.0000 | val loss=5.9704 acc=0.0025 em=0.0000 | random≈0.0013
  saved best_loss.pt (val_answer_loss=5.970433)
  saved best_acc.pt (val_answer_accuracy=0.002469)
epoch 2/20 train loss=5.9139 acc=0.0059 em=0.0000 | val loss=5.9716 acc=0.0027 em=0.0000 | random≈0.0013
  saved best_acc.pt (val_answer_accuracy=0.002656)
epoch 3/20 train loss=5.7320 acc=0.0269 em=0.0000 | val loss=5.9786 acc=0.0136 em=0.0000 | random≈0.0013
  saved best_acc.pt (val_answer_accuracy=0.013625)
epoch 4/20 train loss=5.3803 acc=0.0623 em=0.0000 | val loss=6.0305 acc=0.0134 em=0.0000 | random≈0.0013
epoch 5/20 train loss=4.9169 acc=0.1308 em=0.0000 | val loss=6.1277 acc=0.0118 em=0.0000 | random≈0.0013
early stopping at epoch 5: val answer_loss did not improve by min_delta=0.0001 for 4 epochs
test [best_loss_ckpt] loss=5.971951 acc=0.002625 em=0.000000
test [best_acc_ckpt]  loss=5.978974 acc=0.014063 em=0.000000 random_baseline≈0.001302
done. meta_metrics → /home/jovyan/shares/SR008.fs2/nvidenisov/other/repos/mamba/mamba_multi_scale_get_started/outputs/ArchEval/mqar_trans768_ms_window_ws8_o0_seed44/meta_metrics.csv
