mqar_split_hashes: n_train=20000 uniq_train=20000 | n_val=2000 uniq_val=2000 | n_test=2000 uniq_test=2000
mqar_answer_positions[train]: min=16 mean=16.0000 max=16 (expected 16 per sample)
mqar_answer_positions[val]: min=16 mean=16.0000 max=16 (expected 16 per sample)
mqar_answer_positions[test]: min=16 mean=16.0000 max=16 (expected 16 per sample)
experiment=archeval_mqar_trans704_mamba2_split_ts_50_50_depth_6_seed44 device=cuda:0 out_dir=/home/jovyan/shares/SR008.fs2/nvidenisov/other/repos/mamba/mamba_multi_scale_get_started/outputs/ArchEval/mqar_trans704_mamba2_split_ts_50_50_depth_6_seed44
mqar data: fixed_examples=True random_baseline_acc≈1/vocab=0.001420 (vocab_size=704)
--- mqar resolved config (sanity) ---
  experiment.name: archeval_mqar_trans704_mamba2_split_ts_50_50_depth_6_seed44
  model.backbone: mamba2_lm
  model.layer_headdims: [32, 32, 32, 32, 32, 32]
  model.multiscale.fast_layer_headdims: —
  model.multiscale.slow_layer_headdims: —
  model.multiscale.window_size: —
  model.multiscale.offsets: —
  model.multiscale.summary_mode: —
  model.multiscale.causal_mode: —
  model.multiscale.gate_type: —
  data.input_seq_len: 128
  data.num_kv_pairs: 16
  data.vocab_size: 704
  data.train_examples: 20000  val_examples: 2000  test_examples: 2000
  data.fixed_examples: True
  data.min_query_pos: null
  train.lr: 0.0003
  train.epochs: 20
  num_parameters_trainable: 2864480
  tags(backbone,fusion,stride): mamba2_lm, , 
--- end resolved config ---
epoch 1/20 train loss=5.8690 acc=0.0032 em=0.0000 | val loss=5.8821 acc=0.0025 em=0.0000 | random≈0.0014
  saved best_loss.pt (val_answer_loss=5.882078)
  saved best_acc.pt (val_answer_accuracy=0.002531)
epoch 2/20 train loss=5.8369 acc=0.0080 em=0.0000 | val loss=5.8804 acc=0.0054 em=0.0000 | random≈0.0014
  saved best_loss.pt (val_answer_loss=5.880363)
  saved best_acc.pt (val_answer_accuracy=0.005406)
epoch 3/20 train loss=5.6780 acc=0.0309 em=0.0000 | val loss=5.8624 acc=0.0213 em=0.0000 | random≈0.0014
  saved best_loss.pt (val_answer_loss=5.862375)
  saved best_acc.pt (val_answer_accuracy=0.021344)
epoch 4/20 train loss=5.2814 acc=0.0736 em=0.0000 | val loss=5.8653 acc=0.0325 em=0.0000 | random≈0.0014
  saved best_acc.pt (val_answer_accuracy=0.032469)
epoch 5/20 train loss=4.7174 acc=0.1535 em=0.0000 | val loss=5.9190 acc=0.0394 em=0.0000 | random≈0.0014
  saved best_acc.pt (val_answer_accuracy=0.039406)
epoch 6/20 train loss=4.1261 acc=0.2568 em=0.0000 | val loss=6.0194 acc=0.0393 em=0.0000 | random≈0.0014
epoch 7/20 train loss=3.5361 acc=0.3653 em=0.0000 | val loss=6.1633 acc=0.0393 em=0.0000 | random≈0.0014
early stopping at epoch 7: val answer_loss did not improve by min_delta=0.0001 for 4 epochs
test [best_loss_ckpt] loss=5.865847 acc=0.021406 em=0.000000
test [best_acc_ckpt]  loss=5.907926 acc=0.041500 em=0.000000 random_baseline≈0.001420
done. meta_metrics → /home/jovyan/shares/SR008.fs2/nvidenisov/other/repos/mamba/mamba_multi_scale_get_started/outputs/ArchEval/mqar_trans704_mamba2_split_ts_50_50_depth_6_seed44/meta_metrics.csv
