mqar_split_hashes: n_train=20000 uniq_train=20000 | n_val=2000 uniq_val=2000 | n_test=2000 uniq_test=2000
mqar_answer_positions[train]: min=16 mean=16.0000 max=16 (expected 16 per sample)
mqar_answer_positions[val]: min=16 mean=16.0000 max=16 (expected 16 per sample)
mqar_answer_positions[test]: min=16 mean=16.0000 max=16 (expected 16 per sample)
experiment=archeval_mqar_trans704_mamba2_split_ts_50_50_seed43 device=cuda:0 out_dir=/home/jovyan/shares/SR008.fs2/nvidenisov/other/repos/mamba/mamba_multi_scale_get_started/outputs/ArchEval/mqar_trans704_mamba2_split_ts_50_50_seed43
mqar data: fixed_examples=True random_baseline_acc≈1/vocab=0.001420 (vocab_size=704)
--- mqar resolved config (sanity) ---
  experiment.name: archeval_mqar_trans704_mamba2_split_ts_50_50_seed43
  model.backbone: mamba2_lm
  model.layer_headdims: [32, 32, 32, 32]
  model.multiscale.fast_layer_headdims: —
  model.multiscale.slow_layer_headdims: —
  model.multiscale.window_size: —
  model.multiscale.offsets: —
  model.multiscale.summary_mode: —
  model.multiscale.causal_mode: —
  model.multiscale.gate_type: —
  data.input_seq_len: 128
  data.num_kv_pairs: 16
  data.vocab_size: 704
  data.train_examples: 20000  val_examples: 2000  test_examples: 2000
  data.fixed_examples: True
  data.min_query_pos: null
  train.lr: 0.0003
  train.epochs: 20
  num_parameters_trainable: 2030208
  tags(backbone,fusion,stride): mamba2_lm, , 
--- end resolved config ---
epoch 1/20 train loss=5.8677 acc=0.0035 em=0.0000 | val loss=5.8803 acc=0.0025 em=0.0000 | random≈0.0014
  saved best_loss.pt (val_answer_loss=5.880283)
  saved best_acc.pt (val_answer_accuracy=0.002531)
epoch 2/20 train loss=5.8359 acc=0.0099 em=0.0000 | val loss=5.8746 acc=0.0087 em=0.0000 | random≈0.0014
  saved best_loss.pt (val_answer_loss=5.874555)
  saved best_acc.pt (val_answer_accuracy=0.008719)
epoch 3/20 train loss=5.6659 acc=0.0393 em=0.0000 | val loss=5.8063 acc=0.0327 em=0.0000 | random≈0.0014
  saved best_loss.pt (val_answer_loss=5.806268)
  saved best_acc.pt (val_answer_accuracy=0.032656)
epoch 4/20 train loss=5.0847 acc=0.1288 em=0.0000 | val loss=5.3790 acc=0.1056 em=0.0000 | random≈0.0014
  saved best_loss.pt (val_answer_loss=5.379026)
  saved best_acc.pt (val_answer_accuracy=0.105563)
epoch 5/20 train loss=2.4127 acc=0.5479 em=0.0000 | val loss=2.6451 acc=0.5004 em=0.0000 | random≈0.0014
  saved best_loss.pt (val_answer_loss=2.645097)
  saved best_acc.pt (val_answer_accuracy=0.500406)
epoch 6/20 train loss=0.5197 acc=0.9080 em=0.2190 | val loss=0.6492 acc=0.8658 em=0.0975 | random≈0.0014
  saved best_loss.pt (val_answer_loss=0.649178)
  saved best_acc.pt (val_answer_accuracy=0.865812)
epoch 7/20 train loss=0.0985 acc=0.9897 em=0.8488 | val loss=0.1558 acc=0.9704 em=0.6310 | random≈0.0014
  saved best_loss.pt (val_answer_loss=0.155821)
  saved best_acc.pt (val_answer_accuracy=0.970406)
epoch 8/20 train loss=0.0269 acc=0.9993 em=0.9892 | val loss=0.0607 acc=0.9894 em=0.8435 | random≈0.0014
  saved best_loss.pt (val_answer_loss=0.060703)
  saved best_acc.pt (val_answer_accuracy=0.989406)
epoch 9/20 train loss=0.0122 acc=1.0000 em=0.9993 | val loss=0.0367 acc=0.9941 em=0.9110 | random≈0.0014
  saved best_loss.pt (val_answer_loss=0.036662)
  saved best_acc.pt (val_answer_accuracy=0.994094)
epoch 10/20 train loss=0.0072 acc=1.0000 em=1.0000 | val loss=0.0259 acc=0.9959 em=0.9360 | random≈0.0014
  saved best_loss.pt (val_answer_loss=0.025875)
  saved best_acc.pt (val_answer_accuracy=0.995875)
epoch 11/20 train loss=0.0051 acc=1.0000 em=1.0000 | val loss=0.0215 acc=0.9963 em=0.9440 | random≈0.0014
  saved best_loss.pt (val_answer_loss=0.021535)
  saved best_acc.pt (val_answer_accuracy=0.996313)
epoch 12/20 train loss=0.0039 acc=1.0000 em=1.0000 | val loss=0.0185 acc=0.9969 em=0.9520 | random≈0.0014
  saved best_loss.pt (val_answer_loss=0.018484)
  saved best_acc.pt (val_answer_accuracy=0.996906)
epoch 13/20 train loss=0.0031 acc=1.0000 em=1.0000 | val loss=0.0163 acc=0.9973 em=0.9580 | random≈0.0014
  saved best_loss.pt (val_answer_loss=0.016293)
  saved best_acc.pt (val_answer_accuracy=0.997344)
epoch 14/20 train loss=0.0025 acc=1.0000 em=1.0000 | val loss=0.0146 acc=0.9974 em=0.9600 | random≈0.0014
  saved best_loss.pt (val_answer_loss=0.014640)
epoch 15/20 train loss=0.0021 acc=1.0000 em=1.0000 | val loss=0.0134 acc=0.9976 em=0.9625 | random≈0.0014
  saved best_loss.pt (val_answer_loss=0.013375)
  saved best_acc.pt (val_answer_accuracy=0.997594)
epoch 16/20 train loss=0.0017 acc=1.0000 em=1.0000 | val loss=0.0126 acc=0.9977 em=0.9630 | random≈0.0014
  saved best_loss.pt (val_answer_loss=0.012566)
epoch 17/20 train loss=0.0015 acc=1.0000 em=1.0000 | val loss=0.0115 acc=0.9978 em=0.9655 | random≈0.0014
  saved best_loss.pt (val_answer_loss=0.011491)
  saved best_acc.pt (val_answer_accuracy=0.997812)
epoch 18/20 train loss=0.0013 acc=1.0000 em=1.0000 | val loss=0.0108 acc=0.9980 em=0.9690 | random≈0.0014
  saved best_loss.pt (val_answer_loss=0.010815)
  saved best_acc.pt (val_answer_accuracy=0.998000)
epoch 19/20 train loss=0.0011 acc=1.0000 em=1.0000 | val loss=0.0100 acc=0.9980 em=0.9690 | random≈0.0014
  saved best_loss.pt (val_answer_loss=0.010048)
epoch 20/20 train loss=0.0010 acc=1.0000 em=1.0000 | val loss=0.0097 acc=0.9981 em=0.9700 | random≈0.0014
  saved best_loss.pt (val_answer_loss=0.009695)
test [best_loss_ckpt] loss=0.009485 acc=0.997938 em=0.968500
test [best_acc_ckpt]  loss=0.010708 acc=0.997875 em=0.967500 random_baseline≈0.001420
done. meta_metrics → /home/jovyan/shares/SR008.fs2/nvidenisov/other/repos/mamba/mamba_multi_scale_get_started/outputs/ArchEval/mqar_trans704_mamba2_split_ts_50_50_seed43/meta_metrics.csv
