mqar_split_hashes: n_train=20000 uniq_train=20000 | n_val=2000 uniq_val=2000 | n_test=2000 uniq_test=2000
mqar_answer_positions[train]: min=16 mean=16.0000 max=16 (expected 16 per sample)
mqar_answer_positions[val]: min=16 mean=16.0000 max=16 (expected 16 per sample)
mqar_answer_positions[test]: min=16 mean=16.0000 max=16 (expected 16 per sample)
experiment=archeval_mqar_trans704_ms_gated_right_init_d_model_128_seed42 device=cuda:0 out_dir=/home/jovyan/shares/SR008.fs2/nvidenisov/other/repos/mamba/mamba_multi_scale_get_started/outputs/ArchEval/mqar_trans704_ms_gated_right_init_d_model_128_seed42
mqar data: fixed_examples=True random_baseline_acc≈1/vocab=0.001420 (vocab_size=704)
--- mqar resolved config (sanity) ---
  experiment.name: archeval_mqar_trans704_ms_gated_right_init_d_model_128_seed42
  model.backbone: multiscale_mamba2_lm
  model.layer_headdims: [32, 32, 32, 32, 32, 32]
  model.multiscale.fast_layer_headdims: [32, 32, 32, 32, 32, 32]
  model.multiscale.slow_layer_headdims: [32, 32, 32, 32, 32, 32]
  model.multiscale.window_size: —
  model.multiscale.offsets: —
  model.multiscale.summary_mode: —
  model.multiscale.causal_mode: —
  model.multiscale.gate_type: —
  data.input_seq_len: 128
  data.num_kv_pairs: 16
  data.vocab_size: 704
  data.train_examples: 20000  val_examples: 2000  test_examples: 2000
  data.fixed_examples: True
  data.min_query_pos: null
  train.lr: 0.0003
  train.epochs: 20
  num_parameters_trainable: 2738048
  tags(backbone,fusion,stride): multiscale_mamba2_lm, gated, 2
--- end resolved config ---
epoch 1/20 train loss=5.8760 acc=0.0036 em=0.0000 | val loss=5.8857 acc=0.0029 em=0.0000 | random≈0.0014
  saved best_loss.pt (val_answer_loss=5.885728)
  saved best_acc.pt (val_answer_accuracy=0.002906)
epoch 2/20 train loss=5.8516 acc=0.0049 em=0.0000 | val loss=5.8790 acc=0.0024 em=0.0000 | random≈0.0014
  saved best_loss.pt (val_answer_loss=5.879021)
epoch 3/20 train loss=5.7646 acc=0.0144 em=0.0000 | val loss=5.8883 acc=0.0042 em=0.0000 | random≈0.0014
  saved best_acc.pt (val_answer_accuracy=0.004219)
epoch 4/20 train loss=5.4332 acc=0.0524 em=0.0000 | val loss=5.9239 acc=0.0155 em=0.0000 | random≈0.0014
  saved best_acc.pt (val_answer_accuracy=0.015469)
epoch 5/20 train loss=4.9197 acc=0.1240 em=0.0000 | val loss=6.0171 acc=0.0173 em=0.0000 | random≈0.0014
  saved best_acc.pt (val_answer_accuracy=0.017344)
epoch 6/20 train loss=4.3697 acc=0.2226 em=0.0000 | val loss=6.1721 acc=0.0137 em=0.0000 | random≈0.0014
early stopping at epoch 6: val answer_loss did not improve by min_delta=0.0001 for 4 epochs
test [best_loss_ckpt] loss=5.878365 acc=0.002969 em=0.000000
test [best_acc_ckpt]  loss=6.015262 acc=0.016313 em=0.000000 random_baseline≈0.001420
done. meta_metrics → /home/jovyan/shares/SR008.fs2/nvidenisov/other/repos/mamba/mamba_multi_scale_get_started/outputs/ArchEval/mqar_trans704_ms_gated_right_init_d_model_128_seed42/meta_metrics.csv
