mqar_split_hashes: n_train=20000 uniq_train=20000 | n_val=2000 uniq_val=2000 | n_test=2000 uniq_test=2000
mqar_answer_positions[train]: min=16 mean=16.0000 max=16 (expected 16 per sample)
mqar_answer_positions[val]: min=16 mean=16.0000 max=16 (expected 16 per sample)
mqar_answer_positions[test]: min=16 mean=16.0000 max=16 (expected 16 per sample)
experiment=archeval_mqar_trans768_mamba2_split_ts_slow_veryslow_seed45 device=cuda:0 out_dir=/home/jovyan/shares/SR008.fs2/nvidenisov/other/repos/mamba/mamba_multi_scale_get_started/outputs/ArchEval/mqar_trans768_mamba2_split_ts_slow_veryslow_seed45
mqar data: fixed_examples=True random_baseline_acc≈1/vocab=0.001302 (vocab_size=768)
--- mqar resolved config (sanity) ---
  experiment.name: archeval_mqar_trans768_mamba2_split_ts_slow_veryslow_seed45
  model.backbone: mamba2_lm
  model.layer_headdims: [32, 32, 32, 32]
  model.multiscale.fast_layer_headdims: —
  model.multiscale.slow_layer_headdims: —
  model.multiscale.window_size: —
  model.multiscale.offsets: —
  model.multiscale.summary_mode: —
  model.multiscale.causal_mode: —
  model.multiscale.gate_type: —
  data.input_seq_len: 128
  data.num_kv_pairs: 16
  data.vocab_size: 768
  data.train_examples: 20000  val_examples: 2000  test_examples: 2000
  data.fixed_examples: True
  data.min_query_pos: null
  train.lr: 0.0003
  train.epochs: 20
  num_parameters_trainable: 2063040
  tags(backbone,fusion,stride): mamba2_lm, , 
--- end resolved config ---
epoch 1/20 train loss=5.9560 acc=0.0033 em=0.0000 | val loss=5.9673 acc=0.0027 em=0.0000 | random≈0.0013
  saved best_loss.pt (val_answer_loss=5.967293)
  saved best_acc.pt (val_answer_accuracy=0.002719)
epoch 2/20 train loss=5.9121 acc=0.0139 em=0.0000 | val loss=5.9529 acc=0.0118 em=0.0000 | random≈0.0013
  saved best_loss.pt (val_answer_loss=5.952944)
  saved best_acc.pt (val_answer_accuracy=0.011813)
epoch 3/20 train loss=5.7200 acc=0.0461 em=0.0000 | val loss=5.8708 acc=0.0384 em=0.0000 | random≈0.0013
  saved best_loss.pt (val_answer_loss=5.870773)
  saved best_acc.pt (val_answer_accuracy=0.038437)
epoch 4/20 train loss=4.9034 acc=0.1664 em=0.0000 | val loss=5.1958 acc=0.1395 em=0.0000 | random≈0.0013
  saved best_loss.pt (val_answer_loss=5.195850)
  saved best_acc.pt (val_answer_accuracy=0.139500)
epoch 5/20 train loss=1.2619 acc=0.8004 em=0.0210 | val loss=1.4327 acc=0.7587 em=0.0050 | random≈0.0013
  saved best_loss.pt (val_answer_loss=1.432726)
  saved best_acc.pt (val_answer_accuracy=0.758687)
epoch 6/20 train loss=0.1002 acc=0.9914 em=0.8710 | val loss=0.1507 acc=0.9786 em=0.7100 | random≈0.0013
  saved best_loss.pt (val_answer_loss=0.150722)
  saved best_acc.pt (val_answer_accuracy=0.978563)
epoch 7/20 train loss=0.0211 acc=0.9997 em=0.9957 | val loss=0.0431 acc=0.9947 em=0.9210 | random≈0.0013
  saved best_loss.pt (val_answer_loss=0.043103)
  saved best_acc.pt (val_answer_accuracy=0.994719)
epoch 8/20 train loss=0.0096 acc=1.0000 em=0.9999 | val loss=0.0238 acc=0.9973 em=0.9590 | random≈0.0013
  saved best_loss.pt (val_answer_loss=0.023786)
  saved best_acc.pt (val_answer_accuracy=0.997344)
epoch 9/20 train loss=0.0061 acc=1.0000 em=1.0000 | val loss=0.0174 acc=0.9979 em=0.9670 | random≈0.0013
  saved best_loss.pt (val_answer_loss=0.017446)
  saved best_acc.pt (val_answer_accuracy=0.997938)
epoch 10/20 train loss=0.0044 acc=1.0000 em=1.0000 | val loss=0.0139 acc=0.9979 em=0.9665 | random≈0.0013
  saved best_loss.pt (val_answer_loss=0.013946)
epoch 11/20 train loss=0.0034 acc=1.0000 em=1.0000 | val loss=0.0116 acc=0.9982 em=0.9720 | random≈0.0013
  saved best_loss.pt (val_answer_loss=0.011641)
  saved best_acc.pt (val_answer_accuracy=0.998250)
epoch 12/20 train loss=0.0027 acc=1.0000 em=1.0000 | val loss=0.0100 acc=0.9985 em=0.9755 | random≈0.0013
  saved best_loss.pt (val_answer_loss=0.010035)
  saved best_acc.pt (val_answer_accuracy=0.998469)
epoch 13/20 train loss=0.0022 acc=1.0000 em=1.0000 | val loss=0.0087 acc=0.9984 em=0.9745 | random≈0.0013
  saved best_loss.pt (val_answer_loss=0.008731)
epoch 14/20 train loss=0.0018 acc=1.0000 em=1.0000 | val loss=0.0077 acc=0.9987 em=0.9785 | random≈0.0013
  saved best_loss.pt (val_answer_loss=0.007736)
  saved best_acc.pt (val_answer_accuracy=0.998656)
epoch 15/20 train loss=0.0015 acc=1.0000 em=1.0000 | val loss=0.0070 acc=0.9987 em=0.9790 | random≈0.0013
  saved best_loss.pt (val_answer_loss=0.006974)
epoch 16/20 train loss=0.0013 acc=1.0000 em=1.0000 | val loss=0.0062 acc=0.9987 em=0.9790 | random≈0.0013
  saved best_loss.pt (val_answer_loss=0.006239)
epoch 17/20 train loss=0.0011 acc=1.0000 em=1.0000 | val loss=0.0057 acc=0.9988 em=0.9805 | random≈0.0013
  saved best_loss.pt (val_answer_loss=0.005652)
  saved best_acc.pt (val_answer_accuracy=0.998781)
epoch 18/20 train loss=0.0010 acc=1.0000 em=1.0000 | val loss=0.0053 acc=0.9989 em=0.9820 | random≈0.0013
  saved best_loss.pt (val_answer_loss=0.005257)
epoch 19/20 train loss=0.0009 acc=1.0000 em=1.0000 | val loss=0.0048 acc=0.9990 em=0.9840 | random≈0.0013
  saved best_loss.pt (val_answer_loss=0.004788)
  saved best_acc.pt (val_answer_accuracy=0.999000)
epoch 20/20 train loss=0.0008 acc=1.0000 em=1.0000 | val loss=0.0044 acc=0.9991 em=0.9850 | random≈0.0013
  saved best_loss.pt (val_answer_loss=0.004420)
test [best_loss_ckpt] loss=0.004574 acc=0.999219 em=0.987500
test [best_acc_ckpt]  loss=0.004875 acc=0.999219 em=0.987500 random_baseline≈0.001302
done. meta_metrics → /home/jovyan/shares/SR008.fs2/nvidenisov/other/repos/mamba/mamba_multi_scale_get_started/outputs/ArchEval/mqar_trans768_mamba2_split_ts_slow_veryslow_seed45/meta_metrics.csv
