mqar_split_hashes: n_train=20000 uniq_train=20000 | n_val=2000 uniq_val=2000 | n_test=2000 uniq_test=2000
mqar_answer_positions[train]: min=16 mean=16.0000 max=16 (expected 16 per sample)
mqar_answer_positions[val]: min=16 mean=16.0000 max=16 (expected 16 per sample)
mqar_answer_positions[test]: min=16 mean=16.0000 max=16 (expected 16 per sample)
experiment=archeval_mqar_easy_ms_film_stride2_seed42 device=cuda:0 out_dir=/home/jovyan/shares/SR008.fs2/nvidenisov/other/repos/mamba/mamba_multi_scale_get_started/outputs/ArchEval/mqar_easy_ms_film_stride2_seed42
mqar data: fixed_examples=True random_baseline_acc≈1/vocab=0.001953 (vocab_size=512)
--- mqar resolved config (sanity) ---
  experiment.name: archeval_mqar_easy_ms_film_stride2_seed42
  model.backbone: multiscale_mamba2_film_lm
  model.layer_headdims: [32, 32, 32, 32]
  model.multiscale.fast_layer_headdims: [32, 32, 32, 32]
  model.multiscale.slow_layer_headdims: [32, 32]
  data.input_seq_len: 128
  data.num_kv_pairs: 16
  data.vocab_size: 512
  data.train_examples: 20000  val_examples: 2000  test_examples: 2000
  data.fixed_examples: True
  data.min_query_pos: null
  train.lr: 0.0003
  train.epochs: 20
  num_parameters_trainable: 2897568
  tags(backbone,fusion,stride): multiscale_mamba2_film_lm, film, 2
--- end resolved config ---
epoch 1/20 train loss=5.5532 acc=0.0039 em=0.0000 | val loss=5.5614 acc=0.0039 em=0.0000 | random≈0.0020
  saved best_loss.pt (val_answer_loss=5.561430)
  saved best_acc.pt (val_answer_accuracy=0.003875)
epoch 2/20 train loss=5.5181 acc=0.0081 em=0.0000 | val loss=5.5622 acc=0.0038 em=0.0000 | random≈0.0020
epoch 3/20 train loss=5.3682 acc=0.0298 em=0.0000 | val loss=5.5617 acc=0.0166 em=0.0000 | random≈0.0020
  saved best_acc.pt (val_answer_accuracy=0.016563)
epoch 4/20 train loss=4.9754 acc=0.0785 em=0.0000 | val loss=5.6139 acc=0.0219 em=0.0000 | random≈0.0020
  saved best_acc.pt (val_answer_accuracy=0.021906)
epoch 5/20 train loss=4.4255 acc=0.1738 em=0.0000 | val loss=5.7117 acc=0.0232 em=0.0000 | random≈0.0020
  saved best_acc.pt (val_answer_accuracy=0.023219)
early stopping at epoch 5: val answer_loss did not improve by min_delta=0.0001 for 4 epochs
test [best_loss_ckpt] loss=5.560151 acc=0.003844 em=0.000000
test [best_acc_ckpt]  loss=5.716932 acc=0.024313 em=0.000000 random_baseline≈0.001953
done. meta_metrics → /home/jovyan/shares/SR008.fs2/nvidenisov/other/repos/mamba/mamba_multi_scale_get_started/outputs/ArchEval/mqar_easy_ms_film_stride2_seed42/meta_metrics.csv
