mqar_split_hashes: n_train=20000 uniq_train=20000 | n_val=2000 uniq_val=2000 | n_test=2000 uniq_test=2000
mqar_answer_positions[train]: min=16 mean=16.0000 max=16 (expected 16 per sample)
mqar_answer_positions[val]: min=16 mean=16.0000 max=16 (expected 16 per sample)
mqar_answer_positions[test]: min=16 mean=16.0000 max=16 (expected 16 per sample)
experiment=archeval_mqar_trans704_mamba2_split_ts_75slow_25fast_seed42 device=cuda:0 out_dir=/home/jovyan/shares/SR008.fs2/nvidenisov/other/repos/mamba/mamba_multi_scale_get_started/outputs/ArchEval/mqar_trans704_mamba2_split_ts_75slow_25fast_seed42
mqar data: fixed_examples=True random_baseline_acc≈1/vocab=0.001420 (vocab_size=704)
--- mqar resolved config (sanity) ---
  experiment.name: archeval_mqar_trans704_mamba2_split_ts_75slow_25fast_seed42
  model.backbone: mamba2_lm
  model.layer_headdims: [32, 32, 32, 32]
  model.multiscale.fast_layer_headdims: —
  model.multiscale.slow_layer_headdims: —
  model.multiscale.window_size: —
  model.multiscale.offsets: —
  model.multiscale.summary_mode: —
  model.multiscale.causal_mode: —
  model.multiscale.gate_type: —
  data.input_seq_len: 128
  data.num_kv_pairs: 16
  data.vocab_size: 704
  data.train_examples: 20000  val_examples: 2000  test_examples: 2000
  data.fixed_examples: True
  data.min_query_pos: null
  train.lr: 0.0003
  train.epochs: 20
  num_parameters_trainable: 2030208
  tags(backbone,fusion,stride): mamba2_lm, , 
--- end resolved config ---
epoch 1/20 train loss=5.8678 acc=0.0038 em=0.0000 | val loss=5.8804 acc=0.0028 em=0.0000 | random≈0.0014
  saved best_loss.pt (val_answer_loss=5.880393)
  saved best_acc.pt (val_answer_accuracy=0.002781)
epoch 2/20 train loss=5.8414 acc=0.0080 em=0.0000 | val loss=5.8784 acc=0.0047 em=0.0000 | random≈0.0014
  saved best_loss.pt (val_answer_loss=5.878352)
  saved best_acc.pt (val_answer_accuracy=0.004687)
epoch 3/20 train loss=5.6268 acc=0.0452 em=0.0000 | val loss=5.7773 acc=0.0382 em=0.0000 | random≈0.0014
  saved best_loss.pt (val_answer_loss=5.777265)
  saved best_acc.pt (val_answer_accuracy=0.038219)
epoch 4/20 train loss=5.1649 acc=0.0880 em=0.0000 | val loss=5.5046 acc=0.0600 em=0.0000 | random≈0.0014
  saved best_loss.pt (val_answer_loss=5.504619)
  saved best_acc.pt (val_answer_accuracy=0.060000)
epoch 5/20 train loss=1.9193 acc=0.6814 em=0.0009 | val loss=2.1411 acc=0.6246 em=0.0000 | random≈0.0014
  saved best_loss.pt (val_answer_loss=2.141102)
  saved best_acc.pt (val_answer_accuracy=0.624594)
epoch 6/20 train loss=0.1552 acc=0.9823 em=0.7529 | val loss=0.2217 acc=0.9643 em=0.5550 | random≈0.0014
  saved best_loss.pt (val_answer_loss=0.221681)
  saved best_acc.pt (val_answer_accuracy=0.964250)
epoch 7/20 train loss=0.0315 acc=0.9991 em=0.9851 | val loss=0.0625 acc=0.9920 em=0.8790 | random≈0.0014
  saved best_loss.pt (val_answer_loss=0.062548)
  saved best_acc.pt (val_answer_accuracy=0.991969)
epoch 8/20 train loss=0.0129 acc=1.0000 em=0.9997 | val loss=0.0332 acc=0.9957 em=0.9335 | random≈0.0014
  saved best_loss.pt (val_answer_loss=0.033175)
  saved best_acc.pt (val_answer_accuracy=0.995719)
epoch 9/20 train loss=0.0076 acc=1.0000 em=1.0000 | val loss=0.0233 acc=0.9969 em=0.9510 | random≈0.0014
  saved best_loss.pt (val_answer_loss=0.023322)
  saved best_acc.pt (val_answer_accuracy=0.996875)
epoch 10/20 train loss=0.0053 acc=1.0000 em=1.0000 | val loss=0.0186 acc=0.9973 em=0.9575 | random≈0.0014
  saved best_loss.pt (val_answer_loss=0.018556)
  saved best_acc.pt (val_answer_accuracy=0.997313)
epoch 11/20 train loss=0.0040 acc=1.0000 em=1.0000 | val loss=0.0156 acc=0.9976 em=0.9625 | random≈0.0014
  saved best_loss.pt (val_answer_loss=0.015560)
  saved best_acc.pt (val_answer_accuracy=0.997625)
epoch 12/20 train loss=0.0032 acc=1.0000 em=1.0000 | val loss=0.0133 acc=0.9978 em=0.9645 | random≈0.0014
  saved best_loss.pt (val_answer_loss=0.013346)
  saved best_acc.pt (val_answer_accuracy=0.997750)
epoch 13/20 train loss=0.0026 acc=1.0000 em=1.0000 | val loss=0.0119 acc=0.9978 em=0.9645 | random≈0.0014
  saved best_loss.pt (val_answer_loss=0.011852)
epoch 14/20 train loss=0.0021 acc=1.0000 em=1.0000 | val loss=0.0104 acc=0.9982 em=0.9715 | random≈0.0014
  saved best_loss.pt (val_answer_loss=0.010386)
  saved best_acc.pt (val_answer_accuracy=0.998188)
epoch 15/20 train loss=0.0018 acc=1.0000 em=1.0000 | val loss=0.0094 acc=0.9982 em=0.9720 | random≈0.0014
  saved best_loss.pt (val_answer_loss=0.009371)
epoch 16/20 train loss=0.0015 acc=1.0000 em=1.0000 | val loss=0.0085 acc=0.9983 em=0.9740 | random≈0.0014
  saved best_loss.pt (val_answer_loss=0.008539)
  saved best_acc.pt (val_answer_accuracy=0.998344)
epoch 17/20 train loss=0.0013 acc=1.0000 em=1.0000 | val loss=0.0077 acc=0.9986 em=0.9775 | random≈0.0014
  saved best_loss.pt (val_answer_loss=0.007745)
  saved best_acc.pt (val_answer_accuracy=0.998563)
epoch 18/20 train loss=0.0011 acc=1.0000 em=1.0000 | val loss=0.0071 acc=0.9987 em=0.9800 | random≈0.0014
  saved best_loss.pt (val_answer_loss=0.007108)
  saved best_acc.pt (val_answer_accuracy=0.998719)
epoch 19/20 train loss=0.0010 acc=1.0000 em=1.0000 | val loss=0.0066 acc=0.9987 em=0.9800 | random≈0.0014
  saved best_loss.pt (val_answer_loss=0.006611)
epoch 20/20 train loss=0.0009 acc=1.0000 em=1.0000 | val loss=0.0061 acc=0.9988 em=0.9805 | random≈0.0014
  saved best_loss.pt (val_answer_loss=0.006108)
test [best_loss_ckpt] loss=0.006931 acc=0.998875 em=0.982000
test [best_acc_ckpt]  loss=0.007986 acc=0.998500 em=0.976000 random_baseline≈0.001420
done. meta_metrics → /home/jovyan/shares/SR008.fs2/nvidenisov/other/repos/mamba/mamba_multi_scale_get_started/outputs/ArchEval/mqar_trans704_mamba2_split_ts_75slow_25fast_seed42/meta_metrics.csv
