mqar_split_hashes: n_train=20000 uniq_train=20000 | n_val=2000 uniq_val=2000 | n_test=2000 uniq_test=2000
mqar_answer_positions[train]: min=16 mean=16.0000 max=16 (expected 16 per sample)
mqar_answer_positions[val]: min=16 mean=16.0000 max=16 (expected 16 per sample)
mqar_answer_positions[test]: min=16 mean=16.0000 max=16 (expected 16 per sample)
experiment=mqar_fail_transformer_param_match_v1024_seed46 device=cuda:0 out_dir=/home/jovyan/shares/SR008.fs2/nvidenisov/other/repos/mamba/mamba_multi_scale_get_started/outputs/MQARFailureSweep/mqar_fail_transformer_param_match_v1024_seed46
mqar data: fixed_examples=True random_baseline_acc≈1/vocab=0.000977 (vocab_size=1024)
--- mqar resolved config (sanity) ---
  experiment.name: mqar_fail_transformer_param_match_v1024_seed46
  model.backbone: transformer_lm
  model.layer_headdims: —
  model.multiscale.fast_layer_headdims: —
  model.multiscale.slow_layer_headdims: —
  model.multiscale.window_size: —
  model.multiscale.offsets: —
  model.multiscale.summary_mode: —
  model.multiscale.causal_mode: —
  model.multiscale.gate_type: —
  data.input_seq_len: 128
  data.num_kv_pairs: 16
  data.vocab_size: 1024
  data.train_examples: 20000  val_examples: 2000  test_examples: 2000
  data.fixed_examples: True
  data.min_query_pos: null
  train.lr: 0.0003
  train.epochs: 20
  num_parameters_trainable: 3309808
  tags(backbone,fusion,stride): transformer_lm, , 
--- end resolved config ---
epoch 1/20 train loss=6.2518 acc=0.0021 em=0.0000 | val loss=6.2552 acc=0.0015 em=0.0000 | random≈0.0010
  saved best_loss.pt (val_answer_loss=6.255179)
  saved best_acc.pt (val_answer_accuracy=0.001500)
epoch 2/20 train loss=6.2467 acc=0.0022 em=0.0000 | val loss=6.2510 acc=0.0022 em=0.0000 | random≈0.0010
  saved best_loss.pt (val_answer_loss=6.250967)
  saved best_acc.pt (val_answer_accuracy=0.002219)
epoch 3/20 train loss=6.2182 acc=0.0102 em=0.0000 | val loss=6.2326 acc=0.0086 em=0.0000 | random≈0.0010
  saved best_loss.pt (val_answer_loss=6.232640)
  saved best_acc.pt (val_answer_accuracy=0.008625)
epoch 4/20 train loss=5.5726 acc=0.0760 em=0.0000 | val loss=5.6690 acc=0.0697 em=0.0000 | random≈0.0010
  saved best_loss.pt (val_answer_loss=5.668964)
  saved best_acc.pt (val_answer_accuracy=0.069687)
epoch 5/20 train loss=4.9837 acc=0.0895 em=0.0000 | val loss=5.1551 acc=0.0750 em=0.0000 | random≈0.0010
  saved best_loss.pt (val_answer_loss=5.155097)
  saved best_acc.pt (val_answer_accuracy=0.075031)
epoch 6/20 train loss=4.5370 acc=0.0997 em=0.0000 | val loss=4.7853 acc=0.0762 em=0.0000 | random≈0.0010
  saved best_loss.pt (val_answer_loss=4.785275)
  saved best_acc.pt (val_answer_accuracy=0.076250)
epoch 7/20 train loss=4.1969 acc=0.1081 em=0.0000 | val loss=4.5232 acc=0.0777 em=0.0000 | random≈0.0010
  saved best_loss.pt (val_answer_loss=4.523249)
  saved best_acc.pt (val_answer_accuracy=0.077688)
epoch 8/20 train loss=3.9009 acc=0.1256 em=0.0000 | val loss=4.3164 acc=0.0811 em=0.0000 | random≈0.0010
  saved best_loss.pt (val_answer_loss=4.316426)
  saved best_acc.pt (val_answer_accuracy=0.081125)
epoch 9/20 train loss=0.1072 acc=0.9845 em=0.7791 | val loss=0.1321 acc=0.9794 em=0.7185 | random≈0.0010
  saved best_loss.pt (val_answer_loss=0.132052)
  saved best_acc.pt (val_answer_accuracy=0.979406)
epoch 10/20 train loss=0.0015 acc=1.0000 em=0.9998 | val loss=0.0016 acc=1.0000 em=1.0000 | random≈0.0010
  saved best_loss.pt (val_answer_loss=0.001621)
  saved best_acc.pt (val_answer_accuracy=1.000000)
epoch 11/20 train loss=0.0007 acc=1.0000 em=1.0000 | val loss=0.0007 acc=1.0000 em=1.0000 | random≈0.0010
  saved best_loss.pt (val_answer_loss=0.000719)
epoch 12/20 train loss=0.0004 acc=1.0000 em=1.0000 | val loss=0.0004 acc=1.0000 em=1.0000 | random≈0.0010
  saved best_loss.pt (val_answer_loss=0.000419)
epoch 13/20 train loss=0.0003 acc=1.0000 em=1.0000 | val loss=0.0003 acc=1.0000 em=1.0000 | random≈0.0010
  saved best_loss.pt (val_answer_loss=0.000274)
epoch 14/20 train loss=0.0002 acc=1.0000 em=1.0000 | val loss=0.0002 acc=1.0000 em=1.0000 | random≈0.0010
epoch 15/20 train loss=0.0001 acc=1.0000 em=1.0000 | val loss=0.0001 acc=1.0000 em=1.0000 | random≈0.0010
  saved best_loss.pt (val_answer_loss=0.000144)
epoch 16/20 train loss=0.0001 acc=1.0000 em=1.0000 | val loss=0.0001 acc=1.0000 em=1.0000 | random≈0.0010
epoch 17/20 train loss=0.0001 acc=1.0000 em=1.0000 | val loss=0.0001 acc=1.0000 em=1.0000 | random≈0.0010
epoch 18/20 train loss=0.0001 acc=1.0000 em=1.0000 | val loss=0.0001 acc=1.0000 em=1.0000 | random≈0.0010
epoch 19/20 train loss=0.0001 acc=1.0000 em=1.0000 | val loss=0.0001 acc=1.0000 em=1.0000 | random≈0.0010
early stopping at epoch 19: val answer_loss did not improve by min_delta=0.0001 for 4 epochs
test [best_loss_ckpt] loss=0.000145 acc=1.000000 em=1.000000
test [best_acc_ckpt]  loss=0.001685 acc=0.999969 em=0.999500 random_baseline≈0.000977
done. meta_metrics → /home/jovyan/shares/SR008.fs2/nvidenisov/other/repos/mamba/mamba_multi_scale_get_started/outputs/MQARFailureSweep/mqar_fail_transformer_param_match_v1024_seed46/meta_metrics.csv
