mqar_split_hashes: n_train=20000 uniq_train=20000 | n_val=2000 uniq_val=2000 | n_test=2000 uniq_test=2000
mqar_answer_positions[train]: min=16 mean=16.0000 max=16 (expected 16 per sample)
mqar_answer_positions[val]: min=16 mean=16.0000 max=16 (expected 16 per sample)
mqar_answer_positions[test]: min=16 mean=16.0000 max=16 (expected 16 per sample)
experiment=archeval_mqar_trans704_transformer_latency_match_seed43 device=cuda:0 out_dir=/home/jovyan/shares/SR008.fs2/nvidenisov/other/repos/mamba/mamba_multi_scale_get_started/outputs/ArchEval/mqar_trans704_transformer_latency_match_seed43
mqar data: fixed_examples=True random_baseline_acc≈1/vocab=0.001420 (vocab_size=704)
--- mqar resolved config (sanity) ---
  experiment.name: archeval_mqar_trans704_transformer_latency_match_seed43
  model.backbone: transformer_lm
  model.layer_headdims: —
  model.multiscale.fast_layer_headdims: —
  model.multiscale.slow_layer_headdims: —
  model.multiscale.window_size: —
  model.multiscale.offsets: —
  model.multiscale.summary_mode: —
  model.multiscale.causal_mode: —
  model.multiscale.gate_type: —
  data.input_seq_len: 128
  data.num_kv_pairs: 16
  data.vocab_size: 704
  data.train_examples: 20000  val_examples: 2000  test_examples: 2000
  data.fixed_examples: True
  data.min_query_pos: null
  train.lr: 0.0003
  train.epochs: 20
  num_parameters_trainable: 1802624
  tags(backbone,fusion,stride): transformer_lm, , 
--- end resolved config ---
epoch 1/20 train loss=5.8756 acc=0.0030 em=0.0000 | val loss=5.8783 acc=0.0027 em=0.0000 | random≈0.0014
  saved best_loss.pt (val_answer_loss=5.878305)
  saved best_acc.pt (val_answer_accuracy=0.002687)
epoch 2/20 train loss=5.8703 acc=0.0031 em=0.0000 | val loss=5.8742 acc=0.0028 em=0.0000 | random≈0.0014
  saved best_loss.pt (val_answer_loss=5.874212)
  saved best_acc.pt (val_answer_accuracy=0.002812)
epoch 3/20 train loss=5.8662 acc=0.0036 em=0.0000 | val loss=5.8698 acc=0.0032 em=0.0000 | random≈0.0014
  saved best_loss.pt (val_answer_loss=5.869766)
  saved best_acc.pt (val_answer_accuracy=0.003156)
epoch 4/20 train loss=5.6013 acc=0.0604 em=0.0000 | val loss=5.6486 acc=0.0578 em=0.0000 | random≈0.0014
  saved best_loss.pt (val_answer_loss=5.648573)
  saved best_acc.pt (val_answer_accuracy=0.057813)
epoch 5/20 train loss=5.0709 acc=0.0809 em=0.0000 | val loss=5.1618 acc=0.0726 em=0.0000 | random≈0.0014
  saved best_loss.pt (val_answer_loss=5.161848)
  saved best_acc.pt (val_answer_accuracy=0.072594)
epoch 6/20 train loss=4.6796 acc=0.0897 em=0.0000 | val loss=4.8143 acc=0.0747 em=0.0000 | random≈0.0014
  saved best_loss.pt (val_answer_loss=4.814350)
  saved best_acc.pt (val_answer_accuracy=0.074688)
epoch 7/20 train loss=4.3737 acc=0.0968 em=0.0000 | val loss=4.5567 acc=0.0786 em=0.0000 | random≈0.0014
  saved best_loss.pt (val_answer_loss=4.556669)
  saved best_acc.pt (val_answer_accuracy=0.078562)
epoch 8/20 train loss=4.1283 acc=0.1022 em=0.0000 | val loss=4.3567 acc=0.0785 em=0.0000 | random≈0.0014
  saved best_loss.pt (val_answer_loss=4.356714)
epoch 9/20 train loss=3.9210 acc=0.1104 em=0.0000 | val loss=4.1977 acc=0.0813 em=0.0000 | random≈0.0014
  saved best_loss.pt (val_answer_loss=4.197715)
  saved best_acc.pt (val_answer_accuracy=0.081281)
epoch 10/20 train loss=3.6848 acc=0.1362 em=0.0000 | val loss=4.0073 acc=0.0972 em=0.0000 | random≈0.0014
  saved best_loss.pt (val_answer_loss=4.007347)
  saved best_acc.pt (val_answer_accuracy=0.097219)
epoch 11/20 train loss=0.0078 acc=0.9998 em=0.9973 | val loss=0.0085 acc=0.9998 em=0.9970 | random≈0.0014
  saved best_loss.pt (val_answer_loss=0.008530)
  saved best_acc.pt (val_answer_accuracy=0.999812)
epoch 12/20 train loss=0.0013 acc=1.0000 em=1.0000 | val loss=0.0014 acc=1.0000 em=1.0000 | random≈0.0014
  saved best_loss.pt (val_answer_loss=0.001407)
  saved best_acc.pt (val_answer_accuracy=1.000000)
epoch 13/20 train loss=0.0006 acc=1.0000 em=1.0000 | val loss=0.0006 acc=1.0000 em=1.0000 | random≈0.0014
  saved best_loss.pt (val_answer_loss=0.000644)
epoch 14/20 train loss=0.0004 acc=1.0000 em=1.0000 | val loss=0.0004 acc=1.0000 em=1.0000 | random≈0.0014
  saved best_loss.pt (val_answer_loss=0.000378)
epoch 15/20 train loss=0.0002 acc=1.0000 em=1.0000 | val loss=0.0003 acc=1.0000 em=1.0000 | random≈0.0014
  saved best_loss.pt (val_answer_loss=0.000251)
epoch 16/20 train loss=0.0002 acc=1.0000 em=1.0000 | val loss=0.0002 acc=1.0000 em=1.0000 | random≈0.0014
epoch 17/20 train loss=0.0001 acc=1.0000 em=1.0000 | val loss=0.0001 acc=1.0000 em=1.0000 | random≈0.0014
  saved best_loss.pt (val_answer_loss=0.000133)
epoch 18/20 train loss=0.0001 acc=1.0000 em=1.0000 | val loss=0.0001 acc=1.0000 em=1.0000 | random≈0.0014
epoch 19/20 train loss=0.0001 acc=1.0000 em=1.0000 | val loss=0.0001 acc=1.0000 em=1.0000 | random≈0.0014
epoch 20/20 train loss=0.0001 acc=1.0000 em=1.0000 | val loss=0.0001 acc=1.0000 em=1.0000 | random≈0.0014
test [best_loss_ckpt] loss=0.000133 acc=1.000000 em=1.000000
test [best_acc_ckpt]  loss=0.001413 acc=1.000000 em=1.000000 random_baseline≈0.001420
done. meta_metrics → /home/jovyan/shares/SR008.fs2/nvidenisov/other/repos/mamba/mamba_multi_scale_get_started/outputs/ArchEval/mqar_trans704_transformer_latency_match_seed43/meta_metrics.csv
