mqar_split_hashes: n_train=20000 uniq_train=20000 | n_val=2000 uniq_val=2000 | n_test=2000 uniq_test=2000
mqar_answer_positions[train]: min=16 mean=16.0000 max=16 (expected 16 per sample)
mqar_answer_positions[val]: min=16 mean=16.0000 max=16 (expected 16 per sample)
mqar_answer_positions[test]: min=16 mean=16.0000 max=16 (expected 16 per sample)
experiment=archeval_mqar_trans768_transformer_param_match_seed46 device=cuda:0 out_dir=/home/jovyan/shares/SR008.fs2/nvidenisov/other/repos/mamba/mamba_multi_scale_get_started/outputs/ArchEval/mqar_trans768_transformer_param_match_seed46
mqar data: fixed_examples=True random_baseline_acc≈1/vocab=0.001302 (vocab_size=768)
--- mqar resolved config (sanity) ---
  experiment.name: archeval_mqar_trans768_transformer_param_match_seed46
  model.backbone: transformer_lm
  model.layer_headdims: —
  model.multiscale.fast_layer_headdims: —
  model.multiscale.slow_layer_headdims: —
  model.multiscale.window_size: —
  model.multiscale.offsets: —
  model.multiscale.summary_mode: —
  model.multiscale.causal_mode: —
  model.multiscale.gate_type: —
  data.input_seq_len: 128
  data.num_kv_pairs: 16
  data.vocab_size: 768
  data.train_examples: 20000  val_examples: 2000  test_examples: 2000
  data.fixed_examples: True
  data.min_query_pos: null
  train.lr: 0.0003
  train.epochs: 20
  num_parameters_trainable: 3190768
  tags(backbone,fusion,stride): transformer_lm, , 
--- end resolved config ---
epoch 1/20 train loss=5.9630 acc=0.0030 em=0.0000 | val loss=5.9661 acc=0.0024 em=0.0000 | random≈0.0013
  saved best_loss.pt (val_answer_loss=5.966064)
  saved best_acc.pt (val_answer_accuracy=0.002406)
epoch 2/20 train loss=5.9573 acc=0.0029 em=0.0000 | val loss=5.9614 acc=0.0029 em=0.0000 | random≈0.0013
  saved best_loss.pt (val_answer_loss=5.961439)
  saved best_acc.pt (val_answer_accuracy=0.002938)
epoch 3/20 train loss=5.8042 acc=0.0389 em=0.0000 | val loss=5.8448 acc=0.0357 em=0.0000 | random≈0.0013
  saved best_loss.pt (val_answer_loss=5.844835)
  saved best_acc.pt (val_answer_accuracy=0.035719)
epoch 4/20 train loss=4.9868 acc=0.0841 em=0.0000 | val loss=5.0925 acc=0.0732 em=0.0000 | random≈0.0013
  saved best_loss.pt (val_answer_loss=5.092493)
  saved best_acc.pt (val_answer_accuracy=0.073250)
epoch 5/20 train loss=4.4370 acc=0.0940 em=0.0000 | val loss=4.6093 acc=0.0784 em=0.0000 | random≈0.0013
  saved best_loss.pt (val_answer_loss=4.609277)
  saved best_acc.pt (val_answer_accuracy=0.078437)
epoch 6/20 train loss=4.0529 acc=0.1030 em=0.0000 | val loss=4.3002 acc=0.0779 em=0.0000 | random≈0.0013
  saved best_loss.pt (val_answer_loss=4.300207)
epoch 7/20 train loss=3.7794 acc=0.1112 em=0.0000 | val loss=4.0971 acc=0.0777 em=0.0000 | random≈0.0013
  saved best_loss.pt (val_answer_loss=4.097098)
epoch 8/20 train loss=3.5781 acc=0.1234 em=0.0000 | val loss=3.9677 acc=0.0807 em=0.0000 | random≈0.0013
  saved best_loss.pt (val_answer_loss=3.967665)
  saved best_acc.pt (val_answer_accuracy=0.080719)
epoch 9/20 train loss=3.3003 acc=0.1668 em=0.0000 | val loss=3.7614 acc=0.1042 em=0.0000 | random≈0.0013
  saved best_loss.pt (val_answer_loss=3.761412)
  saved best_acc.pt (val_answer_accuracy=0.104156)
epoch 10/20 train loss=0.0019 acc=1.0000 em=0.9992 | val loss=0.0023 acc=0.9999 em=0.9985 | random≈0.0013
  saved best_loss.pt (val_answer_loss=0.002329)
  saved best_acc.pt (val_answer_accuracy=0.999906)
epoch 11/20 train loss=0.0005 acc=1.0000 em=1.0000 | val loss=0.0006 acc=1.0000 em=0.9995 | random≈0.0013
  saved best_loss.pt (val_answer_loss=0.000589)
epoch 12/20 train loss=0.0003 acc=1.0000 em=1.0000 | val loss=0.0003 acc=1.0000 em=1.0000 | random≈0.0013
  saved best_loss.pt (val_answer_loss=0.000285)
epoch 13/20 train loss=0.0002 acc=1.0000 em=1.0000 | val loss=0.0002 acc=1.0000 em=1.0000 | random≈0.0013
epoch 14/20 train loss=0.0001 acc=1.0000 em=1.0000 | val loss=0.0001 acc=1.0000 em=1.0000 | random≈0.0013
  saved best_loss.pt (val_answer_loss=0.000140)
epoch 15/20 train loss=0.0001 acc=1.0000 em=1.0000 | val loss=0.0001 acc=1.0000 em=1.0000 | random≈0.0013
epoch 16/20 train loss=0.0001 acc=1.0000 em=1.0000 | val loss=0.0001 acc=1.0000 em=1.0000 | random≈0.0013
epoch 17/20 train loss=0.0001 acc=1.0000 em=1.0000 | val loss=0.0001 acc=1.0000 em=1.0000 | random≈0.0013
epoch 18/20 train loss=0.0001 acc=1.0000 em=1.0000 | val loss=0.0001 acc=1.0000 em=1.0000 | random≈0.0013
early stopping at epoch 18: val answer_loss did not improve by min_delta=0.0001 for 4 epochs
test [best_loss_ckpt] loss=0.000140 acc=1.000000 em=1.000000
test [best_acc_ckpt]  loss=0.002453 acc=0.999875 em=0.998000 random_baseline≈0.001302
done. meta_metrics → /home/jovyan/shares/SR008.fs2/nvidenisov/other/repos/mamba/mamba_multi_scale_get_started/outputs/ArchEval/mqar_trans768_transformer_param_match_seed46/meta_metrics.csv
