mqar_split_hashes: n_train=20000 uniq_train=20000 | n_val=2000 uniq_val=2000 | n_test=2000 uniq_test=2000
mqar_answer_positions[train]: min=16 mean=16.0000 max=16 (expected 16 per sample)
mqar_answer_positions[val]: min=16 mean=16.0000 max=16 (expected 16 per sample)
mqar_answer_positions[test]: min=16 mean=16.0000 max=16 (expected 16 per sample)
experiment=archeval_mqar_easy_mamba2_split_ts_slow_veryslow_seed42 device=cuda:0 out_dir=/home/jovyan/shares/SR008.fs2/nvidenisov/other/repos/mamba/mamba_multi_scale_get_started/outputs/ArchEval/mqar_easy_mamba2_split_ts_slow_veryslow_seed42
mqar data: fixed_examples=True random_baseline_acc≈1/vocab=0.001953 (vocab_size=512)
--- mqar resolved config (sanity) ---
  experiment.name: archeval_mqar_easy_mamba2_split_ts_slow_veryslow_seed42
  model.backbone: mamba2_lm
  model.layer_headdims: [32, 32, 32, 32]
  model.multiscale.fast_layer_headdims: —
  model.multiscale.slow_layer_headdims: —
  model.multiscale.window_size: —
  model.multiscale.offsets: —
  model.multiscale.summary_mode: —
  model.multiscale.causal_mode: —
  model.multiscale.gate_type: —
  data.input_seq_len: 128
  data.num_kv_pairs: 16
  data.vocab_size: 512
  data.train_examples: 20000  val_examples: 2000  test_examples: 2000
  data.fixed_examples: True
  data.min_query_pos: null
  train.lr: 0.0003
  train.epochs: 20
  num_parameters_trainable: 1931712
  tags(backbone,fusion,stride): mamba2_lm, , 
--- end resolved config ---
epoch 1/20 train loss=5.5493 acc=0.0048 em=0.0000 | val loss=5.5612 acc=0.0033 em=0.0000 | random≈0.0020
  saved best_loss.pt (val_answer_loss=5.561193)
  saved best_acc.pt (val_answer_accuracy=0.003281)
epoch 2/20 train loss=5.3861 acc=0.0466 em=0.0000 | val loss=5.4455 acc=0.0436 em=0.0000 | random≈0.0020
  saved best_loss.pt (val_answer_loss=5.445504)
  saved best_acc.pt (val_answer_accuracy=0.043562)
epoch 3/20 train loss=4.3337 acc=0.1996 em=0.0000 | val loss=4.4698 acc=0.1818 em=0.0000 | random≈0.0020
  saved best_loss.pt (val_answer_loss=4.469830)
  saved best_acc.pt (val_answer_accuracy=0.181781)
epoch 4/20 train loss=0.5554 acc=0.9151 em=0.2444 | val loss=0.6369 acc=0.8906 em=0.1460 | random≈0.0020
  saved best_loss.pt (val_answer_loss=0.636947)
  saved best_acc.pt (val_answer_accuracy=0.890594)
epoch 5/20 train loss=0.0517 acc=0.9967 em=0.9487 | val loss=0.0790 acc=0.9891 em=0.8395 | random≈0.0020
  saved best_loss.pt (val_answer_loss=0.078980)
  saved best_acc.pt (val_answer_accuracy=0.989094)
epoch 6/20 train loss=0.0154 acc=0.9999 em=0.9979 | val loss=0.0329 acc=0.9954 em=0.9285 | random≈0.0020
  saved best_loss.pt (val_answer_loss=0.032939)
  saved best_acc.pt (val_answer_accuracy=0.995375)
epoch 7/20 train loss=0.0074 acc=1.0000 em=1.0000 | val loss=0.0204 acc=0.9971 em=0.9540 | random≈0.0020
  saved best_loss.pt (val_answer_loss=0.020361)
  saved best_acc.pt (val_answer_accuracy=0.997062)
epoch 8/20 train loss=0.0048 acc=1.0000 em=1.0000 | val loss=0.0153 acc=0.9976 em=0.9620 | random≈0.0020
  saved best_loss.pt (val_answer_loss=0.015301)
  saved best_acc.pt (val_answer_accuracy=0.997563)
epoch 9/20 train loss=0.0035 acc=1.0000 em=1.0000 | val loss=0.0131 acc=0.9979 em=0.9665 | random≈0.0020
  saved best_loss.pt (val_answer_loss=0.013063)
  saved best_acc.pt (val_answer_accuracy=0.997906)
epoch 10/20 train loss=0.0027 acc=1.0000 em=1.0000 | val loss=0.0111 acc=0.9981 em=0.9705 | random≈0.0020
  saved best_loss.pt (val_answer_loss=0.011070)
  saved best_acc.pt (val_answer_accuracy=0.998125)
epoch 11/20 train loss=0.0021 acc=1.0000 em=1.0000 | val loss=0.0100 acc=0.9980 em=0.9690 | random≈0.0020
  saved best_loss.pt (val_answer_loss=0.009978)
epoch 12/20 train loss=0.0018 acc=1.0000 em=1.0000 | val loss=0.0092 acc=0.9982 em=0.9705 | random≈0.0020
  saved best_loss.pt (val_answer_loss=0.009170)
epoch 13/20 train loss=0.0015 acc=1.0000 em=1.0000 | val loss=0.0082 acc=0.9983 em=0.9725 | random≈0.0020
  saved best_loss.pt (val_answer_loss=0.008213)
  saved best_acc.pt (val_answer_accuracy=0.998281)
epoch 14/20 train loss=0.0012 acc=1.0000 em=1.0000 | val loss=0.0075 acc=0.9985 em=0.9755 | random≈0.0020
  saved best_loss.pt (val_answer_loss=0.007506)
  saved best_acc.pt (val_answer_accuracy=0.998469)
epoch 15/20 train loss=0.0010 acc=1.0000 em=1.0000 | val loss=0.0069 acc=0.9985 em=0.9755 | random≈0.0020
  saved best_loss.pt (val_answer_loss=0.006936)
epoch 16/20 train loss=0.0009 acc=1.0000 em=1.0000 | val loss=0.0066 acc=0.9985 em=0.9760 | random≈0.0020
  saved best_loss.pt (val_answer_loss=0.006559)
epoch 17/20 train loss=0.0008 acc=1.0000 em=1.0000 | val loss=0.0063 acc=0.9984 em=0.9745 | random≈0.0020
  saved best_loss.pt (val_answer_loss=0.006304)
epoch 18/20 train loss=0.0007 acc=1.0000 em=1.0000 | val loss=0.0058 acc=0.9985 em=0.9765 | random≈0.0020
  saved best_loss.pt (val_answer_loss=0.005818)
epoch 19/20 train loss=0.0006 acc=1.0000 em=1.0000 | val loss=0.0055 acc=0.9986 em=0.9775 | random≈0.0020
  saved best_loss.pt (val_answer_loss=0.005536)
  saved best_acc.pt (val_answer_accuracy=0.998594)
epoch 20/20 train loss=0.0005 acc=1.0000 em=1.0000 | val loss=0.0052 acc=0.9987 em=0.9785 | random≈0.0020
  saved best_loss.pt (val_answer_loss=0.005203)
test [best_loss_ckpt] loss=0.005814 acc=0.998687 em=0.979000
test [best_acc_ckpt]  loss=0.006077 acc=0.998531 em=0.977000 random_baseline≈0.001953
done. meta_metrics → /home/jovyan/shares/SR008.fs2/nvidenisov/other/repos/mamba/mamba_multi_scale_get_started/outputs/ArchEval/mqar_easy_mamba2_split_ts_slow_veryslow_seed42/meta_metrics.csv
