mqar_split_hashes: n_train=20000 uniq_train=20000 | n_val=2000 uniq_val=2000 | n_test=2000 uniq_test=2000
mqar_answer_positions[train]: min=16 mean=16.0000 max=16 (expected 16 per sample)
mqar_answer_positions[val]: min=16 mean=16.0000 max=16 (expected 16 per sample)
mqar_answer_positions[test]: min=16 mean=16.0000 max=16 (expected 16 per sample)
experiment=archeval_mqar_trans768_mamba2_split_ts_75slow_25fast_seed42 device=cuda:0 out_dir=/home/jovyan/shares/SR008.fs2/nvidenisov/other/repos/mamba/mamba_multi_scale_get_started/outputs/ArchEval/mqar_trans768_mamba2_split_ts_75slow_25fast_seed42
mqar data: fixed_examples=True random_baseline_acc≈1/vocab=0.001302 (vocab_size=768)
--- mqar resolved config (sanity) ---
  experiment.name: archeval_mqar_trans768_mamba2_split_ts_75slow_25fast_seed42
  model.backbone: mamba2_lm
  model.layer_headdims: [32, 32, 32, 32]
  model.multiscale.fast_layer_headdims: —
  model.multiscale.slow_layer_headdims: —
  model.multiscale.window_size: —
  model.multiscale.offsets: —
  model.multiscale.summary_mode: —
  model.multiscale.causal_mode: —
  model.multiscale.gate_type: —
  data.input_seq_len: 128
  data.num_kv_pairs: 16
  data.vocab_size: 768
  data.train_examples: 20000  val_examples: 2000  test_examples: 2000
  data.fixed_examples: True
  data.min_query_pos: null
  train.lr: 0.0003
  train.epochs: 20
  num_parameters_trainable: 2063040
  tags(backbone,fusion,stride): mamba2_lm, , 
--- end resolved config ---
epoch 1/20 train loss=5.9554 acc=0.0034 em=0.0000 | val loss=5.9691 acc=0.0025 em=0.0000 | random≈0.0013
  saved best_loss.pt (val_answer_loss=5.969061)
  saved best_acc.pt (val_answer_accuracy=0.002500)
epoch 2/20 train loss=5.9216 acc=0.0111 em=0.0000 | val loss=5.9563 acc=0.0095 em=0.0000 | random≈0.0013
  saved best_loss.pt (val_answer_loss=5.956308)
  saved best_acc.pt (val_answer_accuracy=0.009500)
epoch 3/20 train loss=5.7252 acc=0.0449 em=0.0000 | val loss=5.8472 acc=0.0406 em=0.0000 | random≈0.0013
  saved best_loss.pt (val_answer_loss=5.847202)
  saved best_acc.pt (val_answer_accuracy=0.040563)
epoch 4/20 train loss=5.0497 acc=0.1349 em=0.0000 | val loss=5.3069 acc=0.1110 em=0.0000 | random≈0.0013
  saved best_loss.pt (val_answer_loss=5.306869)
  saved best_acc.pt (val_answer_accuracy=0.111000)
epoch 5/20 train loss=1.4336 acc=0.7342 em=0.0037 | val loss=1.5786 acc=0.7021 em=0.0010 | random≈0.0013
  saved best_loss.pt (val_answer_loss=1.578561)
  saved best_acc.pt (val_answer_accuracy=0.702063)
epoch 6/20 train loss=0.2539 acc=0.9689 em=0.6091 | val loss=0.3366 acc=0.9455 em=0.4020 | random≈0.0013
  saved best_loss.pt (val_answer_loss=0.336607)
  saved best_acc.pt (val_answer_accuracy=0.945531)
epoch 7/20 train loss=0.0649 acc=0.9956 em=0.9324 | val loss=0.1143 acc=0.9815 em=0.7510 | random≈0.0013
  saved best_loss.pt (val_answer_loss=0.114347)
  saved best_acc.pt (val_answer_accuracy=0.981531)
epoch 8/20 train loss=0.0240 acc=0.9997 em=0.9950 | val loss=0.0581 acc=0.9908 em=0.8645 | random≈0.0013
  saved best_loss.pt (val_answer_loss=0.058065)
  saved best_acc.pt (val_answer_accuracy=0.990844)
epoch 9/20 train loss=0.0120 acc=1.0000 em=0.9999 | val loss=0.0401 acc=0.9929 em=0.8935 | random≈0.0013
  saved best_loss.pt (val_answer_loss=0.040066)
  saved best_acc.pt (val_answer_accuracy=0.992906)
epoch 10/20 train loss=0.0077 acc=1.0000 em=1.0000 | val loss=0.0314 acc=0.9949 em=0.9225 | random≈0.0013
  saved best_loss.pt (val_answer_loss=0.031398)
  saved best_acc.pt (val_answer_accuracy=0.994875)
epoch 11/20 train loss=0.0056 acc=1.0000 em=1.0000 | val loss=0.0266 acc=0.9956 em=0.9330 | random≈0.0013
  saved best_loss.pt (val_answer_loss=0.026579)
  saved best_acc.pt (val_answer_accuracy=0.995594)
epoch 12/20 train loss=0.0043 acc=1.0000 em=1.0000 | val loss=0.0235 acc=0.9959 em=0.9375 | random≈0.0013
  saved best_loss.pt (val_answer_loss=0.023504)
  saved best_acc.pt (val_answer_accuracy=0.995875)
epoch 13/20 train loss=0.0034 acc=1.0000 em=1.0000 | val loss=0.0213 acc=0.9960 em=0.9370 | random≈0.0013
  saved best_loss.pt (val_answer_loss=0.021346)
epoch 14/20 train loss=0.0028 acc=1.0000 em=1.0000 | val loss=0.0197 acc=0.9962 em=0.9420 | random≈0.0013
  saved best_loss.pt (val_answer_loss=0.019728)
  saved best_acc.pt (val_answer_accuracy=0.996156)
epoch 15/20 train loss=0.0023 acc=1.0000 em=1.0000 | val loss=0.0182 acc=0.9962 em=0.9425 | random≈0.0013
  saved best_loss.pt (val_answer_loss=0.018228)
epoch 16/20 train loss=0.0019 acc=1.0000 em=1.0000 | val loss=0.0171 acc=0.9964 em=0.9455 | random≈0.0013
  saved best_loss.pt (val_answer_loss=0.017138)
  saved best_acc.pt (val_answer_accuracy=0.996406)
epoch 17/20 train loss=0.0017 acc=1.0000 em=1.0000 | val loss=0.0160 acc=0.9965 em=0.9460 | random≈0.0013
  saved best_loss.pt (val_answer_loss=0.015987)
  saved best_acc.pt (val_answer_accuracy=0.996531)
epoch 18/20 train loss=0.0014 acc=1.0000 em=1.0000 | val loss=0.0152 acc=0.9965 em=0.9470 | random≈0.0013
  saved best_loss.pt (val_answer_loss=0.015171)
epoch 19/20 train loss=0.0012 acc=1.0000 em=1.0000 | val loss=0.0144 acc=0.9967 em=0.9490 | random≈0.0013
  saved best_loss.pt (val_answer_loss=0.014420)
  saved best_acc.pt (val_answer_accuracy=0.996687)
epoch 20/20 train loss=0.0011 acc=1.0000 em=1.0000 | val loss=0.0138 acc=0.9967 em=0.9495 | random≈0.0013
  saved best_loss.pt (val_answer_loss=0.013815)
test [best_loss_ckpt] loss=0.014581 acc=0.996406 em=0.944500
test [best_acc_ckpt]  loss=0.015005 acc=0.996344 em=0.944500 random_baseline≈0.001302
done. meta_metrics → /home/jovyan/shares/SR008.fs2/nvidenisov/other/repos/mamba/mamba_multi_scale_get_started/outputs/ArchEval/mqar_trans768_mamba2_split_ts_75slow_25fast_seed42/meta_metrics.csv
