mqar_split_hashes: n_train=20000 uniq_train=20000 | n_val=2000 uniq_val=2000 | n_test=2000 uniq_test=2000
mqar_answer_positions[train]: min=16 mean=16.0000 max=16 (expected 16 per sample)
mqar_answer_positions[val]: min=16 mean=16.0000 max=16 (expected 16 per sample)
mqar_answer_positions[test]: min=16 mean=16.0000 max=16 (expected 16 per sample)
experiment=mqar_fail_ms_gated_right_init_v640_seed49 device=cuda:0 out_dir=/home/jovyan/shares/SR008.fs2/nvidenisov/other/repos/mamba/mamba_multi_scale_get_started/outputs/MQARFailureSweep/mqar_fail_ms_gated_right_init_v640_seed49
mqar data: fixed_examples=True random_baseline_acc≈1/vocab=0.001563 (vocab_size=640)
--- mqar resolved config (sanity) ---
  experiment.name: mqar_fail_ms_gated_right_init_v640_seed49
  model.backbone: multiscale_mamba2_lm
  model.layer_headdims: [32, 32, 32, 32]
  model.multiscale.fast_layer_headdims: [32, 32, 32, 32]
  model.multiscale.slow_layer_headdims: [32, 32]
  model.multiscale.window_size: —
  model.multiscale.offsets: —
  model.multiscale.summary_mode: —
  model.multiscale.causal_mode: —
  model.multiscale.gate_type: —
  data.input_seq_len: 128
  data.num_kv_pairs: 16
  data.vocab_size: 640
  data.train_examples: 20000  val_examples: 2000  test_examples: 2000
  data.fixed_examples: True
  data.min_query_pos: null
  train.lr: 0.0003
  train.epochs: 20
  num_parameters_trainable: 2964000
  tags(backbone,fusion,stride): multiscale_mamba2_lm, gated, 2
--- end resolved config ---
epoch 1/20 train loss=5.7728 acc=0.0038 em=0.0000 | val loss=5.7844 acc=0.0040 em=0.0000 | random≈0.0016
  saved best_loss.pt (val_answer_loss=5.784386)
  saved best_acc.pt (val_answer_accuracy=0.003969)
epoch 2/20 train loss=5.7353 acc=0.0145 em=0.0000 | val loss=5.7732 acc=0.0125 em=0.0000 | random≈0.0016
  saved best_loss.pt (val_answer_loss=5.773225)
  saved best_acc.pt (val_answer_accuracy=0.012469)
epoch 3/20 train loss=5.5381 acc=0.0457 em=0.0000 | val loss=5.6890 acc=0.0375 em=0.0000 | random≈0.0016
  saved best_loss.pt (val_answer_loss=5.689025)
  saved best_acc.pt (val_answer_accuracy=0.037469)
epoch 4/20 train loss=5.0760 acc=0.0893 em=0.0000 | val loss=5.4731 acc=0.0590 em=0.0000 | random≈0.0016
  saved best_loss.pt (val_answer_loss=5.473132)
  saved best_acc.pt (val_answer_accuracy=0.059031)
epoch 5/20 train loss=3.3001 acc=0.3915 em=0.0000 | val loss=3.7764 acc=0.3124 em=0.0000 | random≈0.0016
  saved best_loss.pt (val_answer_loss=3.776449)
  saved best_acc.pt (val_answer_accuracy=0.312437)
epoch 6/20 train loss=0.4519 acc=0.9327 em=0.3322 | val loss=0.6308 acc=0.8849 em=0.1410 | random≈0.0016
  saved best_loss.pt (val_answer_loss=0.630838)
  saved best_acc.pt (val_answer_accuracy=0.884875)
epoch 7/20 train loss=0.0706 acc=0.9934 em=0.9003 | val loss=0.1391 acc=0.9743 em=0.6570 | random≈0.0016
  saved best_loss.pt (val_answer_loss=0.139084)
  saved best_acc.pt (val_answer_accuracy=0.974313)
epoch 8/20 train loss=0.0198 acc=0.9994 em=0.9903 | val loss=0.0576 acc=0.9891 em=0.8465 | random≈0.0016
  saved best_loss.pt (val_answer_loss=0.057552)
  saved best_acc.pt (val_answer_accuracy=0.989125)
epoch 9/20 train loss=0.0080 acc=1.0000 em=1.0000 | val loss=0.0322 acc=0.9939 em=0.9070 | random≈0.0016
  saved best_loss.pt (val_answer_loss=0.032183)
  saved best_acc.pt (val_answer_accuracy=0.993875)
epoch 10/20 train loss=0.0050 acc=1.0000 em=1.0000 | val loss=0.0250 acc=0.9952 em=0.9265 | random≈0.0016
  saved best_loss.pt (val_answer_loss=0.025010)
  saved best_acc.pt (val_answer_accuracy=0.995250)
epoch 11/20 train loss=0.0036 acc=1.0000 em=1.0000 | val loss=0.0211 acc=0.9955 em=0.9310 | random≈0.0016
  saved best_loss.pt (val_answer_loss=0.021124)
  saved best_acc.pt (val_answer_accuracy=0.995469)
epoch 12/20 train loss=0.0028 acc=1.0000 em=1.0000 | val loss=0.0185 acc=0.9959 em=0.9370 | random≈0.0016
  saved best_loss.pt (val_answer_loss=0.018537)
  saved best_acc.pt (val_answer_accuracy=0.995906)
epoch 13/20 train loss=0.0022 acc=1.0000 em=1.0000 | val loss=0.0170 acc=0.9960 em=0.9380 | random≈0.0016
  saved best_loss.pt (val_answer_loss=0.016964)
  saved best_acc.pt (val_answer_accuracy=0.996031)
epoch 14/20 train loss=0.0018 acc=1.0000 em=1.0000 | val loss=0.0154 acc=0.9963 em=0.9420 | random≈0.0016
  saved best_loss.pt (val_answer_loss=0.015361)
  saved best_acc.pt (val_answer_accuracy=0.996281)
epoch 15/20 train loss=0.0015 acc=1.0000 em=1.0000 | val loss=0.0142 acc=0.9964 em=0.9435 | random≈0.0016
  saved best_loss.pt (val_answer_loss=0.014214)
  saved best_acc.pt (val_answer_accuracy=0.996406)
epoch 16/20 train loss=0.0013 acc=1.0000 em=1.0000 | val loss=0.0132 acc=0.9965 em=0.9445 | random≈0.0016
  saved best_loss.pt (val_answer_loss=0.013214)
epoch 17/20 train loss=0.0011 acc=1.0000 em=1.0000 | val loss=0.0125 acc=0.9968 em=0.9500 | random≈0.0016
  saved best_loss.pt (val_answer_loss=0.012460)
  saved best_acc.pt (val_answer_accuracy=0.996844)
epoch 18/20 train loss=0.0009 acc=1.0000 em=1.0000 | val loss=0.0118 acc=0.9969 em=0.9515 | random≈0.0016
  saved best_loss.pt (val_answer_loss=0.011766)
epoch 19/20 train loss=0.0008 acc=1.0000 em=1.0000 | val loss=0.0112 acc=0.9972 em=0.9555 | random≈0.0016
  saved best_loss.pt (val_answer_loss=0.011197)
  saved best_acc.pt (val_answer_accuracy=0.997188)
epoch 20/20 train loss=0.0007 acc=1.0000 em=1.0000 | val loss=0.0107 acc=0.9972 em=0.9565 | random≈0.0016
  saved best_loss.pt (val_answer_loss=0.010673)
test [best_loss_ckpt] loss=0.009994 acc=0.997437 em=0.960000
test [best_acc_ckpt]  loss=0.010482 acc=0.997500 em=0.961000 random_baseline≈0.001563
done. meta_metrics → /home/jovyan/shares/SR008.fs2/nvidenisov/other/repos/mamba/mamba_multi_scale_get_started/outputs/MQARFailureSweep/mqar_fail_ms_gated_right_init_v640_seed49/meta_metrics.csv
