mqar_split_hashes: n_train=20000 uniq_train=20000 | n_val=2000 uniq_val=2000 | n_test=2000 uniq_test=2000
mqar_answer_positions[train]: min=16 mean=16.0000 max=16 (expected 16 per sample)
mqar_answer_positions[val]: min=16 mean=16.0000 max=16 (expected 16 per sample)
mqar_answer_positions[test]: min=16 mean=16.0000 max=16 (expected 16 per sample)
experiment=archeval_mqar_trans704_mamba2_depth6_seed44 device=cuda:0 out_dir=/home/jovyan/shares/SR008.fs2/nvidenisov/other/repos/mamba/mamba_multi_scale_get_started/outputs/ArchEval/mqar_trans704_mamba2_depth6_seed44
mqar data: fixed_examples=True random_baseline_acc≈1/vocab=0.001420 (vocab_size=704)
--- mqar resolved config (sanity) ---
  experiment.name: archeval_mqar_trans704_mamba2_depth6_seed44
  model.backbone: mamba2_lm
  model.layer_headdims: [32, 32, 32, 32, 32, 32]
  model.multiscale.fast_layer_headdims: —
  model.multiscale.slow_layer_headdims: —
  data.input_seq_len: 128
  data.num_kv_pairs: 16
  data.vocab_size: 704
  data.train_examples: 20000  val_examples: 2000  test_examples: 2000
  data.fixed_examples: True
  data.min_query_pos: null
  train.lr: 0.0003
  train.epochs: 20
  num_parameters_trainable: 2864480
  tags(backbone,fusion,stride): mamba2_lm, , 
--- end resolved config ---
epoch 1/20 train loss=5.8683 acc=0.0036 em=0.0000 | val loss=5.8802 acc=0.0028 em=0.0000 | random≈0.0014
  saved best_loss.pt (val_answer_loss=5.880239)
  saved best_acc.pt (val_answer_accuracy=0.002844)
epoch 2/20 train loss=5.8332 acc=0.0075 em=0.0000 | val loss=5.8795 acc=0.0049 em=0.0000 | random≈0.0014
  saved best_loss.pt (val_answer_loss=5.879495)
  saved best_acc.pt (val_answer_accuracy=0.004906)
epoch 3/20 train loss=5.6908 acc=0.0223 em=0.0000 | val loss=5.8870 acc=0.0115 em=0.0000 | random≈0.0014
  saved best_acc.pt (val_answer_accuracy=0.011500)
epoch 4/20 train loss=5.3134 acc=0.0619 em=0.0000 | val loss=5.9538 acc=0.0166 em=0.0000 | random≈0.0014
  saved best_acc.pt (val_answer_accuracy=0.016625)
epoch 5/20 train loss=4.7943 acc=0.1413 em=0.0000 | val loss=6.0857 acc=0.0129 em=0.0000 | random≈0.0014
epoch 6/20 train loss=4.2360 acc=0.2412 em=0.0000 | val loss=6.2798 acc=0.0090 em=0.0000 | random≈0.0014
early stopping at epoch 6: val answer_loss did not improve by min_delta=0.0001 for 4 epochs
test [best_loss_ckpt] loss=5.882224 acc=0.004562 em=0.000000
test [best_acc_ckpt]  loss=5.954608 acc=0.016781 em=0.000000 random_baseline≈0.001420
done. meta_metrics → /home/jovyan/shares/SR008.fs2/nvidenisov/other/repos/mamba/mamba_multi_scale_get_started/outputs/ArchEval/mqar_trans704_mamba2_depth6_seed44/meta_metrics.csv
