mqar_split_hashes: n_train=20000 uniq_train=20000 | n_val=2000 uniq_val=2000 | n_test=2000 uniq_test=2000
mqar_answer_positions[train]: min=16 mean=16.0000 max=16 (expected 16 per sample)
mqar_answer_positions[val]: min=16 mean=16.0000 max=16 (expected 16 per sample)
mqar_answer_positions[test]: min=16 mean=16.0000 max=16 (expected 16 per sample)
experiment=mqar_fail_mamba2_split_ts_slow_veryslow_v1280_seed47 device=cuda:0 out_dir=/home/jovyan/shares/SR008.fs2/nvidenisov/other/repos/mamba/mamba_multi_scale_get_started/outputs/MQARFailureSweep/mqar_fail_mamba2_split_ts_slow_veryslow_v1280_seed47
mqar data: fixed_examples=True random_baseline_acc≈1/vocab=0.000781 (vocab_size=1280)
--- mqar resolved config (sanity) ---
  experiment.name: mqar_fail_mamba2_split_ts_slow_veryslow_v1280_seed47
  model.backbone: mamba2_lm
  model.layer_headdims: [32, 32, 32, 32]
  model.multiscale.fast_layer_headdims: —
  model.multiscale.slow_layer_headdims: —
  model.multiscale.window_size: —
  model.multiscale.offsets: —
  model.multiscale.summary_mode: —
  model.multiscale.causal_mode: —
  model.multiscale.gate_type: —
  data.input_seq_len: 128
  data.num_kv_pairs: 16
  data.vocab_size: 1280
  data.train_examples: 20000  val_examples: 2000  test_examples: 2000
  data.fixed_examples: True
  data.min_query_pos: null
  train.lr: 0.0003
  train.epochs: 20
  num_parameters_trainable: 2325696
  tags(backbone,fusion,stride): mamba2_lm, , 
--- end resolved config ---
epoch 1/20 train loss=6.4680 acc=0.0020 em=0.0000 | val loss=6.4809 acc=0.0018 em=0.0000 | random≈0.0008
  saved best_loss.pt (val_answer_loss=6.480872)
  saved best_acc.pt (val_answer_accuracy=0.001781)
epoch 2/20 train loss=6.4437 acc=0.0031 em=0.0000 | val loss=6.4814 acc=0.0017 em=0.0000 | random≈0.0008
epoch 3/20 train loss=6.3351 acc=0.0139 em=0.0000 | val loss=6.4758 acc=0.0082 em=0.0000 | random≈0.0008
  saved best_loss.pt (val_answer_loss=6.475840)
  saved best_acc.pt (val_answer_accuracy=0.008156)
epoch 4/20 train loss=6.0267 acc=0.0475 em=0.0000 | val loss=6.4194 acc=0.0292 em=0.0000 | random≈0.0008
  saved best_loss.pt (val_answer_loss=6.419442)
  saved best_acc.pt (val_answer_accuracy=0.029156)
epoch 5/20 train loss=5.4520 acc=0.1199 em=0.0000 | val loss=6.1079 acc=0.0697 em=0.0000 | random≈0.0008
  saved best_loss.pt (val_answer_loss=6.107872)
  saved best_acc.pt (val_answer_accuracy=0.069656)
epoch 6/20 train loss=3.1676 acc=0.4903 em=0.0000 | val loss=3.6333 acc=0.4013 em=0.0000 | random≈0.0008
  saved best_loss.pt (val_answer_loss=3.633274)
  saved best_acc.pt (val_answer_accuracy=0.401344)
epoch 7/20 train loss=0.2501 acc=0.9811 em=0.7415 | val loss=0.3592 acc=0.9631 em=0.5435 | random≈0.0008
  saved best_loss.pt (val_answer_loss=0.359198)
  saved best_acc.pt (val_answer_accuracy=0.963063)
epoch 8/20 train loss=0.0444 acc=0.9989 em=0.9821 | val loss=0.0887 acc=0.9918 em=0.8800 | random≈0.0008
  saved best_loss.pt (val_answer_loss=0.088748)
  saved best_acc.pt (val_answer_accuracy=0.991812)
epoch 9/20 train loss=0.0178 acc=1.0000 em=0.9994 | val loss=0.0472 acc=0.9948 em=0.9210 | random≈0.0008
  saved best_loss.pt (val_answer_loss=0.047171)
  saved best_acc.pt (val_answer_accuracy=0.994781)
epoch 10/20 train loss=0.0107 acc=1.0000 em=1.0000 | val loss=0.0334 acc=0.9961 em=0.9395 | random≈0.0008
  saved best_loss.pt (val_answer_loss=0.033411)
  saved best_acc.pt (val_answer_accuracy=0.996125)
epoch 11/20 train loss=0.0075 acc=1.0000 em=1.0000 | val loss=0.0261 acc=0.9969 em=0.9515 | random≈0.0008
  saved best_loss.pt (val_answer_loss=0.026133)
  saved best_acc.pt (val_answer_accuracy=0.996906)
epoch 12/20 train loss=0.0057 acc=1.0000 em=1.0000 | val loss=0.0220 acc=0.9971 em=0.9545 | random≈0.0008
  saved best_loss.pt (val_answer_loss=0.021978)
  saved best_acc.pt (val_answer_accuracy=0.997125)
epoch 13/20 train loss=0.0045 acc=1.0000 em=1.0000 | val loss=0.0190 acc=0.9975 em=0.9610 | random≈0.0008
  saved best_loss.pt (val_answer_loss=0.019016)
  saved best_acc.pt (val_answer_accuracy=0.997531)
epoch 14/20 train loss=0.0037 acc=1.0000 em=1.0000 | val loss=0.0166 acc=0.9977 em=0.9640 | random≈0.0008
  saved best_loss.pt (val_answer_loss=0.016598)
  saved best_acc.pt (val_answer_accuracy=0.997719)
epoch 15/20 train loss=0.0030 acc=1.0000 em=1.0000 | val loss=0.0148 acc=0.9978 em=0.9655 | random≈0.0008
  saved best_loss.pt (val_answer_loss=0.014776)
epoch 16/20 train loss=0.0026 acc=1.0000 em=1.0000 | val loss=0.0132 acc=0.9980 em=0.9685 | random≈0.0008
  saved best_loss.pt (val_answer_loss=0.013183)
  saved best_acc.pt (val_answer_accuracy=0.998031)
epoch 17/20 train loss=0.0022 acc=1.0000 em=1.0000 | val loss=0.0120 acc=0.9980 em=0.9690 | random≈0.0008
  saved best_loss.pt (val_answer_loss=0.011994)
epoch 18/20 train loss=0.0019 acc=1.0000 em=1.0000 | val loss=0.0109 acc=0.9981 em=0.9690 | random≈0.0008
  saved best_loss.pt (val_answer_loss=0.010927)
epoch 19/20 train loss=0.0016 acc=1.0000 em=1.0000 | val loss=0.0100 acc=0.9982 em=0.9715 | random≈0.0008
  saved best_loss.pt (val_answer_loss=0.009999)
  saved best_acc.pt (val_answer_accuracy=0.998219)
epoch 20/20 train loss=0.0014 acc=1.0000 em=1.0000 | val loss=0.0093 acc=0.9982 em=0.9715 | random≈0.0008
  saved best_loss.pt (val_answer_loss=0.009276)
test [best_loss_ckpt] loss=0.009452 acc=0.998687 em=0.980000
test [best_acc_ckpt]  loss=0.010166 acc=0.998531 em=0.978000 random_baseline≈0.000781
done. meta_metrics → /home/jovyan/shares/SR008.fs2/nvidenisov/other/repos/mamba/mamba_multi_scale_get_started/outputs/MQARFailureSweep/mqar_fail_mamba2_split_ts_slow_veryslow_v1280_seed47/meta_metrics.csv
