mqar_split_hashes: n_train=20000 uniq_train=20000 | n_val=2000 uniq_val=2000 | n_test=2000 uniq_test=2000
mqar_answer_positions[train]: min=16 mean=16.0000 max=16 (expected 16 per sample)
mqar_answer_positions[val]: min=16 mean=16.0000 max=16 (expected 16 per sample)
mqar_answer_positions[test]: min=16 mean=16.0000 max=16 (expected 16 per sample)
experiment=archeval_mqar_trans704_mamba2_split_ts_50_50_depth_6_seed42 device=cuda:0 out_dir=/home/jovyan/shares/SR008.fs2/nvidenisov/other/repos/mamba/mamba_multi_scale_get_started/outputs/ArchEval/mqar_trans704_mamba2_split_ts_50_50_depth_6_seed42
mqar data: fixed_examples=True random_baseline_acc≈1/vocab=0.001420 (vocab_size=704)
--- mqar resolved config (sanity) ---
  experiment.name: archeval_mqar_trans704_mamba2_split_ts_50_50_depth_6_seed42
  model.backbone: mamba2_lm
  model.layer_headdims: [32, 32, 32, 32, 32, 32]
  model.multiscale.fast_layer_headdims: —
  model.multiscale.slow_layer_headdims: —
  model.multiscale.window_size: —
  model.multiscale.offsets: —
  model.multiscale.summary_mode: —
  model.multiscale.causal_mode: —
  model.multiscale.gate_type: —
  data.input_seq_len: 128
  data.num_kv_pairs: 16
  data.vocab_size: 704
  data.train_examples: 20000  val_examples: 2000  test_examples: 2000
  data.fixed_examples: True
  data.min_query_pos: null
  train.lr: 0.0003
  train.epochs: 20
  num_parameters_trainable: 2864480
  tags(backbone,fusion,stride): mamba2_lm, , 
--- end resolved config ---
epoch 1/20 train loss=5.8658 acc=0.0039 em=0.0000 | val loss=5.8799 acc=0.0029 em=0.0000 | random≈0.0014
  saved best_loss.pt (val_answer_loss=5.879949)
  saved best_acc.pt (val_answer_accuracy=0.002938)
epoch 2/20 train loss=5.8291 acc=0.0069 em=0.0000 | val loss=5.8836 acc=0.0032 em=0.0000 | random≈0.0014
  saved best_acc.pt (val_answer_accuracy=0.003187)
epoch 3/20 train loss=5.6700 acc=0.0260 em=0.0000 | val loss=5.8923 acc=0.0117 em=0.0000 | random≈0.0014
  saved best_acc.pt (val_answer_accuracy=0.011656)
epoch 4/20 train loss=5.2595 acc=0.0725 em=0.0000 | val loss=5.9434 acc=0.0180 em=0.0000 | random≈0.0014
  saved best_acc.pt (val_answer_accuracy=0.017969)
epoch 5/20 train loss=4.7044 acc=0.1613 em=0.0000 | val loss=6.0780 acc=0.0142 em=0.0000 | random≈0.0014
early stopping at epoch 5: val answer_loss did not improve by min_delta=0.0001 for 4 epochs
test [best_loss_ckpt] loss=5.880297 acc=0.003063 em=0.000000
test [best_acc_ckpt]  loss=5.949578 acc=0.018656 em=0.000000 random_baseline≈0.001420
done. meta_metrics → /home/jovyan/shares/SR008.fs2/nvidenisov/other/repos/mamba/mamba_multi_scale_get_started/outputs/ArchEval/mqar_trans704_mamba2_split_ts_50_50_depth_6_seed42/meta_metrics.csv
