mqar_split_hashes: n_train=20000 uniq_train=20000 | n_val=2000 uniq_val=2000 | n_test=2000 uniq_test=2000
mqar_answer_positions[train]: min=16 mean=16.0000 max=16 (expected 16 per sample)
mqar_answer_positions[val]: min=16 mean=16.0000 max=16 (expected 16 per sample)
mqar_answer_positions[test]: min=16 mean=16.0000 max=16 (expected 16 per sample)
experiment=mqar_bugcheck_ms_attention_stride4_kv16_vocab512_lr1e4_seed42 device=cuda:0 out_dir=/home/jovyan/shares/SR008.fs2/nvidenisov/other/repos/mamba/mamba_multi_scale_get_started/outputs/MQAR/mqar_bugcheck_ms_attention_stride4_kv16_vocab512_lr1e4_seed42
mqar data: fixed_examples=True random_baseline_acc≈1/vocab=0.001953 (vocab_size=512)
--- mqar resolved config (sanity) ---
  experiment.name: mqar_bugcheck_ms_attention_stride4_kv16_vocab512_lr1e4_seed42
  model.backbone: multiscale_mamba2_attention_lm
  model.layer_headdims: [32, 32, 32, 32]
  model.multiscale.fast_layer_headdims: [32, 32, 32, 32]
  model.multiscale.slow_layer_headdims: [32, 32]
  data.input_seq_len: 128
  data.num_kv_pairs: 16
  data.vocab_size: 512
  data.train_examples: 20000  val_examples: 2000  test_examples: 2000
  data.fixed_examples: True
  train.lr: 0.0001
  train.epochs: 20
  num_parameters_trainable: 3030176
  tags(backbone,fusion,stride): multiscale_mamba2_attention_lm, residual, 4
--- end resolved config ---
epoch 1/20 train loss=5.5705 acc=0.0046 em=0.0000 | val loss=5.5787 acc=0.0037 em=0.0000 | random≈0.0020
  saved best_loss.pt (val_answer_loss=5.578671)
  saved best_acc.pt (val_answer_accuracy=0.003687)
epoch 2/20 train loss=5.5490 acc=0.0051 em=0.0000 | val loss=5.5615 acc=0.0038 em=0.0000 | random≈0.0020
  saved best_loss.pt (val_answer_loss=5.561523)
  saved best_acc.pt (val_answer_accuracy=0.003844)
epoch 3/20 train loss=5.5356 acc=0.0064 em=0.0000 | val loss=5.5626 acc=0.0043 em=0.0000 | random≈0.0020
  saved best_acc.pt (val_answer_accuracy=0.004313)
epoch 4/20 train loss=5.4975 acc=0.0165 em=0.0000 | val loss=5.5598 acc=0.0124 em=0.0000 | random≈0.0020
  saved best_loss.pt (val_answer_loss=5.559796)
  saved best_acc.pt (val_answer_accuracy=0.012375)
epoch 5/20 train loss=5.4258 acc=0.0248 em=0.0000 | val loss=5.5592 acc=0.0159 em=0.0000 | random≈0.0020
  saved best_loss.pt (val_answer_loss=5.559184)
  saved best_acc.pt (val_answer_accuracy=0.015938)
epoch 6/20 train loss=5.3033 acc=0.0416 em=0.0000 | val loss=5.5522 acc=0.0246 em=0.0000 | random≈0.0020
  saved best_loss.pt (val_answer_loss=5.552208)
  saved best_acc.pt (val_answer_accuracy=0.024563)
epoch 7/20 train loss=5.1472 acc=0.0588 em=0.0000 | val loss=5.5346 acc=0.0307 em=0.0000 | random≈0.0020
  saved best_loss.pt (val_answer_loss=5.534555)
  saved best_acc.pt (val_answer_accuracy=0.030656)
epoch 8/20 train loss=4.9621 acc=0.0817 em=0.0000 | val loss=5.5099 acc=0.0364 em=0.0000 | random≈0.0020
  saved best_loss.pt (val_answer_loss=5.509890)
  saved best_acc.pt (val_answer_accuracy=0.036437)
epoch 9/20 train loss=4.7348 acc=0.1190 em=0.0000 | val loss=5.4258 acc=0.0516 em=0.0000 | random≈0.0020
  saved best_loss.pt (val_answer_loss=5.425762)
  saved best_acc.pt (val_answer_accuracy=0.051562)
epoch 10/20 train loss=4.2925 acc=0.2063 em=0.0000 | val loss=5.0025 acc=0.1204 em=0.0000 | random≈0.0020
  saved best_loss.pt (val_answer_loss=5.002465)
  saved best_acc.pt (val_answer_accuracy=0.120438)
epoch 11/20 train loss=3.4280 acc=0.3664 em=0.0000 | val loss=4.0496 acc=0.2520 em=0.0000 | random≈0.0020
  saved best_loss.pt (val_answer_loss=4.049582)
  saved best_acc.pt (val_answer_accuracy=0.251969)
epoch 12/20 train loss=2.1312 acc=0.6030 em=0.0001 | val loss=2.5964 acc=0.4922 em=0.0000 | random≈0.0020
  saved best_loss.pt (val_answer_loss=2.596412)
  saved best_acc.pt (val_answer_accuracy=0.492219)
epoch 13/20 train loss=1.1195 acc=0.7752 em=0.0129 | val loss=1.4390 acc=0.6839 em=0.0010 | random≈0.0020
  saved best_loss.pt (val_answer_loss=1.439039)
  saved best_acc.pt (val_answer_accuracy=0.683937)
epoch 14/20 train loss=0.6058 acc=0.8942 em=0.1676 | val loss=0.8377 acc=0.8221 em=0.0335 | random≈0.0020
  saved best_loss.pt (val_answer_loss=0.837725)
  saved best_acc.pt (val_answer_accuracy=0.822094)
epoch 15/20 train loss=0.3340 acc=0.9518 em=0.4596 | val loss=0.5031 acc=0.8984 em=0.1750 | random≈0.0020
  saved best_loss.pt (val_answer_loss=0.503144)
  saved best_acc.pt (val_answer_accuracy=0.898375)
epoch 16/20 train loss=0.1879 acc=0.9790 em=0.7164 | val loss=0.3168 acc=0.9363 em=0.3520 | random≈0.0020
  saved best_loss.pt (val_answer_loss=0.316829)
  saved best_acc.pt (val_answer_accuracy=0.936250)
epoch 17/20 train loss=0.1052 acc=0.9933 em=0.8972 | val loss=0.2006 acc=0.9616 em=0.5400 | random≈0.0020
  saved best_loss.pt (val_answer_loss=0.200605)
  saved best_acc.pt (val_answer_accuracy=0.961625)
epoch 18/20 train loss=0.0623 acc=0.9985 em=0.9766 | val loss=0.1387 acc=0.9748 em=0.6670 | random≈0.0020
  saved best_loss.pt (val_answer_loss=0.138718)
  saved best_acc.pt (val_answer_accuracy=0.974750)
epoch 19/20 train loss=0.0418 acc=0.9997 em=0.9953 | val loss=0.1049 acc=0.9810 em=0.7395 | random≈0.0020
  saved best_loss.pt (val_answer_loss=0.104907)
  saved best_acc.pt (val_answer_accuracy=0.980969)
epoch 20/20 train loss=0.0296 acc=1.0000 em=0.9994 | val loss=0.0842 acc=0.9855 em=0.7955 | random≈0.0020
  saved best_loss.pt (val_answer_loss=0.084242)
  saved best_acc.pt (val_answer_accuracy=0.985500)
test [best_loss_ckpt] loss=0.083056 acc=0.985187 em=0.783500
test [best_acc_ckpt]  loss=0.083056 acc=0.985187 em=0.783500 random_baseline≈0.001953
done. meta_metrics → /home/jovyan/shares/SR008.fs2/nvidenisov/other/repos/mamba/mamba_multi_scale_get_started/outputs/MQAR/mqar_bugcheck_ms_attention_stride4_kv16_vocab512_lr1e4_seed42/meta_metrics.csv
