mqar_split_hashes: n_train=20000 uniq_train=20000 | n_val=2000 uniq_val=2000 | n_test=2000 uniq_test=2000
mqar_answer_positions[train]: min=16 mean=16.0000 max=16 (expected 16 per sample)
mqar_answer_positions[val]: min=16 mean=16.0000 max=16 (expected 16 per sample)
mqar_answer_positions[test]: min=16 mean=16.0000 max=16 (expected 16 per sample)
experiment=archeval_mqar_easy_ms_gated_stride2_seed42 device=cuda:0 out_dir=/home/jovyan/shares/SR008.fs2/nvidenisov/other/repos/mamba/mamba_multi_scale_get_started/outputs/ArchEval/mqar_easy_ms_gated_stride2_seed42
mqar data: fixed_examples=True random_baseline_acc≈1/vocab=0.001953 (vocab_size=512)
--- mqar resolved config (sanity) ---
  experiment.name: archeval_mqar_easy_ms_gated_stride2_seed42
  model.backbone: multiscale_mamba2_lm
  model.layer_headdims: [32, 32, 32, 32]
  model.multiscale.fast_layer_headdims: [32, 32, 32, 32]
  model.multiscale.slow_layer_headdims: [32, 32]
  data.input_seq_len: 128
  data.num_kv_pairs: 16
  data.vocab_size: 512
  data.train_examples: 20000  val_examples: 2000  test_examples: 2000
  data.fixed_examples: True
  data.min_query_pos: null
  train.lr: 0.0003
  train.epochs: 20
  num_parameters_trainable: 2898336
  tags(backbone,fusion,stride): multiscale_mamba2_lm, gated, 2
--- end resolved config ---
epoch 1/20 train loss=5.5490 acc=0.0051 em=0.0000 | val loss=5.5612 acc=0.0044 em=0.0000 | random≈0.0020
  saved best_loss.pt (val_answer_loss=5.561171)
  saved best_acc.pt (val_answer_accuracy=0.004406)
epoch 2/20 train loss=5.4581 acc=0.0348 em=0.0000 | val loss=5.5022 acc=0.0323 em=0.0000 | random≈0.0020
  saved best_loss.pt (val_answer_loss=5.502171)
  saved best_acc.pt (val_answer_accuracy=0.032313)
epoch 3/20 train loss=5.2080 acc=0.0619 em=0.0000 | val loss=5.3495 acc=0.0542 em=0.0000 | random≈0.0020
  saved best_loss.pt (val_answer_loss=5.349516)
  saved best_acc.pt (val_answer_accuracy=0.054187)
epoch 4/20 train loss=4.7349 acc=0.0943 em=0.0000 | val loss=5.0733 acc=0.0616 em=0.0000 | random≈0.0020
  saved best_loss.pt (val_answer_loss=5.073300)
  saved best_acc.pt (val_answer_accuracy=0.061594)
epoch 5/20 train loss=2.2286 acc=0.5546 em=0.0000 | val loss=2.5788 acc=0.4673 em=0.0000 | random≈0.0020
  saved best_loss.pt (val_answer_loss=2.578821)
  saved best_acc.pt (val_answer_accuracy=0.467281)
epoch 6/20 train loss=0.2116 acc=0.9700 em=0.6171 | val loss=0.3136 acc=0.9411 em=0.3890 | random≈0.0020
  saved best_loss.pt (val_answer_loss=0.313586)
  saved best_acc.pt (val_answer_accuracy=0.941125)
epoch 7/20 train loss=0.0347 acc=0.9986 em=0.9779 | val loss=0.0719 acc=0.9894 em=0.8420 | random≈0.0020
  saved best_loss.pt (val_answer_loss=0.071875)
  saved best_acc.pt (val_answer_accuracy=0.989375)
epoch 8/20 train loss=0.0122 acc=1.0000 em=0.9999 | val loss=0.0351 acc=0.9951 em=0.9255 | random≈0.0020
  saved best_loss.pt (val_answer_loss=0.035077)
  saved best_acc.pt (val_answer_accuracy=0.995094)
epoch 9/20 train loss=0.0070 acc=1.0000 em=1.0000 | val loss=0.0238 acc=0.9968 em=0.9525 | random≈0.0020
  saved best_loss.pt (val_answer_loss=0.023754)
  saved best_acc.pt (val_answer_accuracy=0.996844)
epoch 10/20 train loss=0.0048 acc=1.0000 em=1.0000 | val loss=0.0188 acc=0.9973 em=0.9585 | random≈0.0020
  saved best_loss.pt (val_answer_loss=0.018759)
  saved best_acc.pt (val_answer_accuracy=0.997313)
epoch 11/20 train loss=0.0036 acc=1.0000 em=1.0000 | val loss=0.0157 acc=0.9976 em=0.9620 | random≈0.0020
  saved best_loss.pt (val_answer_loss=0.015656)
  saved best_acc.pt (val_answer_accuracy=0.997563)
epoch 12/20 train loss=0.0028 acc=1.0000 em=1.0000 | val loss=0.0132 acc=0.9980 em=0.9680 | random≈0.0020
  saved best_loss.pt (val_answer_loss=0.013231)
  saved best_acc.pt (val_answer_accuracy=0.997969)
epoch 13/20 train loss=0.0023 acc=1.0000 em=1.0000 | val loss=0.0118 acc=0.9981 em=0.9705 | random≈0.0020
  saved best_loss.pt (val_answer_loss=0.011780)
  saved best_acc.pt (val_answer_accuracy=0.998094)
epoch 14/20 train loss=0.0019 acc=1.0000 em=1.0000 | val loss=0.0104 acc=0.9984 em=0.9760 | random≈0.0020
  saved best_loss.pt (val_answer_loss=0.010352)
  saved best_acc.pt (val_answer_accuracy=0.998437)
epoch 15/20 train loss=0.0016 acc=1.0000 em=1.0000 | val loss=0.0093 acc=0.9984 em=0.9755 | random≈0.0020
  saved best_loss.pt (val_answer_loss=0.009278)
epoch 16/20 train loss=0.0013 acc=1.0000 em=1.0000 | val loss=0.0084 acc=0.9985 em=0.9765 | random≈0.0020
  saved best_loss.pt (val_answer_loss=0.008450)
epoch 17/20 train loss=0.0011 acc=1.0000 em=1.0000 | val loss=0.0076 acc=0.9987 em=0.9795 | random≈0.0020
  saved best_loss.pt (val_answer_loss=0.007637)
  saved best_acc.pt (val_answer_accuracy=0.998687)
epoch 18/20 train loss=0.0010 acc=1.0000 em=1.0000 | val loss=0.0070 acc=0.9988 em=0.9810 | random≈0.0020
  saved best_loss.pt (val_answer_loss=0.007012)
epoch 19/20 train loss=0.0009 acc=1.0000 em=1.0000 | val loss=0.0065 acc=0.9987 em=0.9795 | random≈0.0020
  saved best_loss.pt (val_answer_loss=0.006533)
epoch 20/20 train loss=0.0007 acc=1.0000 em=1.0000 | val loss=0.0060 acc=0.9989 em=0.9830 | random≈0.0020
  saved best_loss.pt (val_answer_loss=0.006006)
  saved best_acc.pt (val_answer_accuracy=0.998906)
test [best_loss_ckpt] loss=0.006993 acc=0.998750 em=0.980000
test [best_acc_ckpt]  loss=0.006993 acc=0.998750 em=0.980000 random_baseline≈0.001953
done. meta_metrics → /home/jovyan/shares/SR008.fs2/nvidenisov/other/repos/mamba/mamba_multi_scale_get_started/outputs/ArchEval/mqar_easy_ms_gated_stride2_seed42/meta_metrics.csv
