mqar_split_hashes: n_train=20000 uniq_train=20000 | n_val=2000 uniq_val=2000 | n_test=2000 uniq_test=2000
mqar_answer_positions[train]: min=16 mean=16.0000 max=16 (expected 16 per sample)
mqar_answer_positions[val]: min=16 mean=16.0000 max=16 (expected 16 per sample)
mqar_answer_positions[test]: min=16 mean=16.0000 max=16 (expected 16 per sample)
experiment=archeval_mqar_trans704_mamba2_depth4_seed45 device=cuda:0 out_dir=/home/jovyan/shares/SR008.fs2/nvidenisov/other/repos/mamba/mamba_multi_scale_get_started/outputs/ArchEval/mqar_trans704_mamba2_depth4_seed45
mqar data: fixed_examples=True random_baseline_acc≈1/vocab=0.001420 (vocab_size=704)
--- mqar resolved config (sanity) ---
  experiment.name: archeval_mqar_trans704_mamba2_depth4_seed45
  model.backbone: mamba2_lm
  model.layer_headdims: [32, 32, 32, 32]
  model.multiscale.fast_layer_headdims: —
  model.multiscale.slow_layer_headdims: —
  model.multiscale.window_size: —
  model.multiscale.offsets: —
  model.multiscale.summary_mode: —
  model.multiscale.causal_mode: —
  model.multiscale.gate_type: —
  data.input_seq_len: 128
  data.num_kv_pairs: 16
  data.vocab_size: 704
  data.train_examples: 20000  val_examples: 2000  test_examples: 2000
  data.fixed_examples: True
  data.min_query_pos: null
  train.lr: 0.0003
  train.epochs: 20
  num_parameters_trainable: 2030208
  tags(backbone,fusion,stride): mamba2_lm, , 
--- end resolved config ---
epoch 1/20 train loss=5.8695 acc=0.0035 em=0.0000 | val loss=5.8812 acc=0.0030 em=0.0000 | random≈0.0014
  saved best_loss.pt (val_answer_loss=5.881160)
  saved best_acc.pt (val_answer_accuracy=0.003000)
epoch 2/20 train loss=5.8447 acc=0.0078 em=0.0000 | val loss=5.8789 acc=0.0056 em=0.0000 | random≈0.0014
  saved best_loss.pt (val_answer_loss=5.878878)
  saved best_acc.pt (val_answer_accuracy=0.005562)
epoch 3/20 train loss=5.7453 acc=0.0235 em=0.0000 | val loss=5.8545 acc=0.0189 em=0.0000 | random≈0.0014
  saved best_loss.pt (val_answer_loss=5.854498)
  saved best_acc.pt (val_answer_accuracy=0.018906)
epoch 4/20 train loss=5.5392 acc=0.0436 em=0.0000 | val loss=5.8465 acc=0.0310 em=0.0000 | random≈0.0014
  saved best_loss.pt (val_answer_loss=5.846492)
  saved best_acc.pt (val_answer_accuracy=0.031000)
epoch 5/20 train loss=5.2382 acc=0.0713 em=0.0000 | val loss=5.8902 acc=0.0319 em=0.0000 | random≈0.0014
  saved best_acc.pt (val_answer_accuracy=0.031938)
epoch 6/20 train loss=4.8736 acc=0.1169 em=0.0000 | val loss=5.9812 acc=0.0272 em=0.0000 | random≈0.0014
epoch 7/20 train loss=4.4918 acc=0.1692 em=0.0000 | val loss=6.1016 acc=0.0244 em=0.0000 | random≈0.0014
epoch 8/20 train loss=4.1127 acc=0.2293 em=0.0000 | val loss=6.2525 acc=0.0218 em=0.0000 | random≈0.0014
early stopping at epoch 8: val answer_loss did not improve by min_delta=0.0001 for 4 epochs
test [best_loss_ckpt] loss=5.852507 acc=0.029094 em=0.000000
test [best_acc_ckpt]  loss=5.895704 acc=0.030969 em=0.000000 random_baseline≈0.001420
done. meta_metrics → /home/jovyan/shares/SR008.fs2/nvidenisov/other/repos/mamba/mamba_multi_scale_get_started/outputs/ArchEval/mqar_trans704_mamba2_depth4_seed45/meta_metrics.csv
