experiment=mqar_debug_small device=cuda:0 out_dir=/home/jovyan/shares/SR008.fs2/nvidenisov/other/repos/mamba/mamba_multi_scale_get_started/outputs/MQAR/mqar_debug_small
epoch 1/8 train loss=4.9060 acc=0.1138 em=0.0060 | val loss=5.5142 acc=0.0075 em=0.0000
  saved best.pt (val_answer_loss=5.514173)
epoch 2/8 train loss=4.1707 acc=0.2950 em=0.0220 | val loss=5.2891 acc=0.0112 em=0.0000
  saved best.pt (val_answer_loss=5.289148)
epoch 3/8 train loss=3.4890 acc=0.5955 em=0.1420 | val loss=5.2147 acc=0.0112 em=0.0000
  saved best.pt (val_answer_loss=5.214739)
epoch 4/8 train loss=2.7890 acc=0.8430 em=0.5320 | val loss=5.2195 acc=0.0138 em=0.0000
epoch 5/8 train loss=2.0597 acc=0.9627 em=0.8610 | val loss=5.2413 acc=0.0112 em=0.0000
epoch 6/8 train loss=1.3436 acc=0.9952 em=0.9810 | val loss=5.2768 acc=0.0138 em=0.0000
early stopping at epoch 6: val answer_loss did not improve by min_delta=0.0001 for 3 epochs
test answer_loss=5.213090 test_acc=0.006250 test_em=0.000000
done. meta_metrics → /home/jovyan/shares/SR008.fs2/nvidenisov/other/repos/mamba/mamba_multi_scale_get_started/outputs/MQAR/mqar_debug_small/meta_metrics.csv
experiment=mqar_debug_small device=cuda:0 out_dir=/home/jovyan/shares/SR008.fs2/nvidenisov/other/repos/mamba/mamba_multi_scale_get_started/outputs/MQAR/mqar_debug_small
mqar data: fixed_examples=True random_baseline_acc≈1/vocab=0.007812 (vocab_size=128)
epoch 1/20 train loss=3.9152 acc=0.1109 em=0.0120 | val loss=4.1543 acc=0.0400 em=0.0000 | random≈0.0078
  saved best.pt (val_answer_loss=4.154278)
epoch 2/20 train loss=2.8393 acc=0.4868 em=0.2340 | val loss=3.9129 acc=0.1465 em=0.0190 | random≈0.0078
  saved best.pt (val_answer_loss=3.912933)
epoch 3/20 train loss=1.5600 acc=0.7956 em=0.6316 | val loss=3.5888 acc=0.2090 em=0.0340 | random≈0.0078
  saved best.pt (val_answer_loss=3.588750)
epoch 4/20 train loss=0.4890 acc=0.9820 em=0.9646 | val loss=3.3669 acc=0.2375 em=0.0470 | random≈0.0078
  saved best.pt (val_answer_loss=3.366857)
epoch 5/20 train loss=0.0869 acc=0.9996 em=0.9992 | val loss=3.2187 acc=0.2600 em=0.0540 | random≈0.0078
  saved best.pt (val_answer_loss=3.218727)
epoch 6/20 train loss=0.0260 acc=0.9988 em=0.9976 | val loss=3.2507 acc=0.2885 em=0.0690 | random≈0.0078
epoch 7/20 train loss=0.0159 acc=0.9992 em=0.9984 | val loss=3.3262 acc=0.3075 em=0.0720 | random≈0.0078
epoch 8/20 train loss=0.0080 acc=1.0000 em=1.0000 | val loss=3.3164 acc=0.3195 em=0.0960 | random≈0.0078
early stopping at epoch 8: val answer_loss did not improve by min_delta=0.0001 for 3 epochs
test answer_loss=3.273261 test_acc=0.264000 test_em=0.047000 random_baseline≈0.007812
done. meta_metrics → /home/jovyan/shares/SR008.fs2/nvidenisov/other/repos/mamba/mamba_multi_scale_get_started/outputs/MQAR/mqar_debug_small/meta_metrics.csv
