mqar_split_hashes: n_train=20000 uniq_train=20000 | n_val=2000 uniq_val=2000 | n_test=2000 uniq_test=2000
mqar_answer_positions[train]: min=16 mean=16.0000 max=16 (expected 16 per sample)
mqar_answer_positions[val]: min=16 mean=16.0000 max=16 (expected 16 per sample)
mqar_answer_positions[test]: min=16 mean=16.0000 max=16 (expected 16 per sample)
experiment=archeval_mqar_easy_ms_gated_right_init_seed43 device=cuda:0 out_dir=/home/jovyan/shares/SR008.fs2/nvidenisov/other/repos/mamba/mamba_multi_scale_get_started/outputs/ArchEval/mqar_easy_ms_gated_right_init_seed43
mqar data: fixed_examples=True random_baseline_acc≈1/vocab=0.001953 (vocab_size=512)
--- mqar resolved config (sanity) ---
  experiment.name: archeval_mqar_easy_ms_gated_right_init_seed43
  model.backbone: multiscale_mamba2_lm
  model.layer_headdims: [32, 32, 32, 32]
  model.multiscale.fast_layer_headdims: [32, 32, 32, 32]
  model.multiscale.slow_layer_headdims: [32, 32]
  model.multiscale.window_size: —
  model.multiscale.offsets: —
  model.multiscale.summary_mode: —
  model.multiscale.causal_mode: —
  model.multiscale.gate_type: —
  data.input_seq_len: 128
  data.num_kv_pairs: 16
  data.vocab_size: 512
  data.train_examples: 20000  val_examples: 2000  test_examples: 2000
  data.fixed_examples: True
  data.min_query_pos: null
  train.lr: 0.0003
  train.epochs: 20
  num_parameters_trainable: 2898336
  tags(backbone,fusion,stride): multiscale_mamba2_lm, gated, 2
--- end resolved config ---
epoch 1/20 train loss=5.5476 acc=0.0052 em=0.0000 | val loss=5.5607 acc=0.0037 em=0.0000 | random≈0.0020
  saved best_loss.pt (val_answer_loss=5.560724)
  saved best_acc.pt (val_answer_accuracy=0.003687)
epoch 2/20 train loss=5.4801 acc=0.0251 em=0.0000 | val loss=5.5309 acc=0.0218 em=0.0000 | random≈0.0020
  saved best_loss.pt (val_answer_loss=5.530891)
  saved best_acc.pt (val_answer_accuracy=0.021844)
epoch 3/20 train loss=5.2081 acc=0.0595 em=0.0000 | val loss=5.3925 acc=0.0469 em=0.0000 | random≈0.0020
  saved best_loss.pt (val_answer_loss=5.392469)
  saved best_acc.pt (val_answer_accuracy=0.046906)
epoch 4/20 train loss=4.2408 acc=0.2066 em=0.0000 | val loss=4.6000 acc=0.1619 em=0.0000 | random≈0.0020
  saved best_loss.pt (val_answer_loss=4.600032)
  saved best_acc.pt (val_answer_accuracy=0.161875)
epoch 5/20 train loss=0.8851 acc=0.8432 em=0.0612 | val loss=1.0794 acc=0.7906 em=0.0200 | random≈0.0020
  saved best_loss.pt (val_answer_loss=1.079434)
  saved best_acc.pt (val_answer_accuracy=0.790625)
epoch 6/20 train loss=0.0644 acc=0.9942 em=0.9120 | val loss=0.1080 acc=0.9823 em=0.7530 | random≈0.0020
  saved best_loss.pt (val_answer_loss=0.107984)
  saved best_acc.pt (val_answer_accuracy=0.982344)
epoch 7/20 train loss=0.0149 acc=0.9998 em=0.9971 | val loss=0.0359 acc=0.9942 em=0.9100 | random≈0.0020
  saved best_loss.pt (val_answer_loss=0.035943)
  saved best_acc.pt (val_answer_accuracy=0.994188)
epoch 8/20 train loss=0.0068 acc=1.0000 em=1.0000 | val loss=0.0211 acc=0.9966 em=0.9465 | random≈0.0020
  saved best_loss.pt (val_answer_loss=0.021127)
  saved best_acc.pt (val_answer_accuracy=0.996594)
epoch 9/20 train loss=0.0043 acc=1.0000 em=1.0000 | val loss=0.0156 acc=0.9975 em=0.9595 | random≈0.0020
  saved best_loss.pt (val_answer_loss=0.015574)
  saved best_acc.pt (val_answer_accuracy=0.997469)
epoch 10/20 train loss=0.0031 acc=1.0000 em=1.0000 | val loss=0.0129 acc=0.9977 em=0.9625 | random≈0.0020
  saved best_loss.pt (val_answer_loss=0.012943)
  saved best_acc.pt (val_answer_accuracy=0.997656)
epoch 11/20 train loss=0.0024 acc=1.0000 em=1.0000 | val loss=0.0112 acc=0.9978 em=0.9645 | random≈0.0020
  saved best_loss.pt (val_answer_loss=0.011209)
  saved best_acc.pt (val_answer_accuracy=0.997781)
epoch 12/20 train loss=0.0019 acc=1.0000 em=1.0000 | val loss=0.0099 acc=0.9981 em=0.9690 | random≈0.0020
  saved best_loss.pt (val_answer_loss=0.009897)
  saved best_acc.pt (val_answer_accuracy=0.998062)
epoch 13/20 train loss=0.0016 acc=1.0000 em=1.0000 | val loss=0.0089 acc=0.9981 em=0.9695 | random≈0.0020
  saved best_loss.pt (val_answer_loss=0.008896)
epoch 14/20 train loss=0.0013 acc=1.0000 em=1.0000 | val loss=0.0082 acc=0.9982 em=0.9710 | random≈0.0020
  saved best_loss.pt (val_answer_loss=0.008188)
  saved best_acc.pt (val_answer_accuracy=0.998188)
epoch 15/20 train loss=0.0011 acc=1.0000 em=1.0000 | val loss=0.0074 acc=0.9982 em=0.9720 | random≈0.0020
  saved best_loss.pt (val_answer_loss=0.007387)
epoch 16/20 train loss=0.0009 acc=1.0000 em=1.0000 | val loss=0.0068 acc=0.9984 em=0.9745 | random≈0.0020
  saved best_loss.pt (val_answer_loss=0.006828)
  saved best_acc.pt (val_answer_accuracy=0.998406)
epoch 17/20 train loss=0.0008 acc=1.0000 em=1.0000 | val loss=0.0064 acc=0.9983 em=0.9735 | random≈0.0020
  saved best_loss.pt (val_answer_loss=0.006378)
epoch 18/20 train loss=0.0007 acc=1.0000 em=1.0000 | val loss=0.0060 acc=0.9985 em=0.9765 | random≈0.0020
  saved best_loss.pt (val_answer_loss=0.006001)
  saved best_acc.pt (val_answer_accuracy=0.998531)
epoch 19/20 train loss=0.0006 acc=1.0000 em=1.0000 | val loss=0.0056 acc=0.9987 em=0.9790 | random≈0.0020
  saved best_loss.pt (val_answer_loss=0.005614)
  saved best_acc.pt (val_answer_accuracy=0.998687)
epoch 20/20 train loss=0.0005 acc=1.0000 em=1.0000 | val loss=0.0052 acc=0.9988 em=0.9815 | random≈0.0020
  saved best_loss.pt (val_answer_loss=0.005230)
  saved best_acc.pt (val_answer_accuracy=0.998844)
test [best_loss_ckpt] loss=0.005483 acc=0.998625 em=0.978500
test [best_acc_ckpt]  loss=0.005483 acc=0.998625 em=0.978500 random_baseline≈0.001953
done. meta_metrics → /home/jovyan/shares/SR008.fs2/nvidenisov/other/repos/mamba/mamba_multi_scale_get_started/outputs/ArchEval/mqar_easy_ms_gated_right_init_seed43/meta_metrics.csv
