mqar_split_hashes: n_train=20000 uniq_train=20000 | n_val=2000 uniq_val=2000 | n_test=2000 uniq_test=2000
mqar_answer_positions[train]: min=16 mean=16.0000 max=16 (expected 16 per sample)
mqar_answer_positions[val]: min=16 mean=16.0000 max=16 (expected 16 per sample)
mqar_answer_positions[test]: min=16 mean=16.0000 max=16 (expected 16 per sample)
experiment=mqar_fail_mamba2_slow_init_v1024_seed43 device=cuda:0 out_dir=/home/jovyan/shares/SR008.fs2/nvidenisov/other/repos/mamba/mamba_multi_scale_get_started/outputs/MQARFailureSweep/mqar_fail_mamba2_slow_init_v1024_seed43
mqar data: fixed_examples=True random_baseline_acc≈1/vocab=0.000977 (vocab_size=1024)
--- mqar resolved config (sanity) ---
  experiment.name: mqar_fail_mamba2_slow_init_v1024_seed43
  model.backbone: mamba2_lm
  model.layer_headdims: [32, 32, 32, 32]
  model.multiscale.fast_layer_headdims: —
  model.multiscale.slow_layer_headdims: —
  model.multiscale.window_size: —
  model.multiscale.offsets: —
  model.multiscale.summary_mode: —
  model.multiscale.causal_mode: —
  model.multiscale.gate_type: —
  data.input_seq_len: 128
  data.num_kv_pairs: 16
  data.vocab_size: 1024
  data.train_examples: 20000  val_examples: 2000  test_examples: 2000
  data.fixed_examples: True
  data.min_query_pos: null
  train.lr: 0.0003
  train.epochs: 20
  num_parameters_trainable: 2194368
  tags(backbone,fusion,stride): mamba2_lm, , 
--- end resolved config ---
epoch 1/20 train loss=6.2437 acc=0.0026 em=0.0000 | val loss=6.2557 acc=0.0018 em=0.0000 | random≈0.0010
  saved best_loss.pt (val_answer_loss=6.255657)
  saved best_acc.pt (val_answer_accuracy=0.001844)
epoch 2/20 train loss=6.2171 acc=0.0046 em=0.0000 | val loss=6.2578 acc=0.0030 em=0.0000 | random≈0.0010
  saved best_acc.pt (val_answer_accuracy=0.002969)
epoch 3/20 train loss=6.1031 acc=0.0191 em=0.0000 | val loss=6.2446 acc=0.0130 em=0.0000 | random≈0.0010
  saved best_loss.pt (val_answer_loss=6.244582)
  saved best_acc.pt (val_answer_accuracy=0.013000)
epoch 4/20 train loss=5.7974 acc=0.0524 em=0.0000 | val loss=6.1783 acc=0.0361 em=0.0000 | random≈0.0010
  saved best_loss.pt (val_answer_loss=6.178294)
  saved best_acc.pt (val_answer_accuracy=0.036062)
epoch 5/20 train loss=5.3496 acc=0.1063 em=0.0000 | val loss=6.0431 acc=0.0615 em=0.0000 | random≈0.0010
  saved best_loss.pt (val_answer_loss=6.043053)
  saved best_acc.pt (val_answer_accuracy=0.061500)
epoch 6/20 train loss=4.2104 acc=0.2848 em=0.0000 | val loss=4.9353 acc=0.1931 em=0.0000 | random≈0.0010
  saved best_loss.pt (val_answer_loss=4.935321)
  saved best_acc.pt (val_answer_accuracy=0.193125)
epoch 7/20 train loss=1.1626 acc=0.8408 em=0.0537 | val loss=1.4902 acc=0.7688 em=0.0125 | random≈0.0010
  saved best_loss.pt (val_answer_loss=1.490171)
  saved best_acc.pt (val_answer_accuracy=0.768813)
epoch 8/20 train loss=0.1539 acc=0.9860 em=0.8007 | val loss=0.2611 acc=0.9617 em=0.5465 | random≈0.0010
  saved best_loss.pt (val_answer_loss=0.261080)
  saved best_acc.pt (val_answer_accuracy=0.961750)
epoch 9/20 train loss=0.0352 acc=0.9990 em=0.9839 | val loss=0.0848 acc=0.9873 em=0.8180 | random≈0.0010
  saved best_loss.pt (val_answer_loss=0.084800)
  saved best_acc.pt (val_answer_accuracy=0.987344)
epoch 10/20 train loss=0.0142 acc=1.0000 em=0.9997 | val loss=0.0455 acc=0.9932 em=0.8970 | random≈0.0010
  saved best_loss.pt (val_answer_loss=0.045492)
  saved best_acc.pt (val_answer_accuracy=0.993250)
epoch 11/20 train loss=0.0086 acc=1.0000 em=1.0000 | val loss=0.0346 acc=0.9940 em=0.9090 | random≈0.0010
  saved best_loss.pt (val_answer_loss=0.034633)
  saved best_acc.pt (val_answer_accuracy=0.994000)
epoch 12/20 train loss=0.0061 acc=1.0000 em=1.0000 | val loss=0.0282 acc=0.9951 em=0.9250 | random≈0.0010
  saved best_loss.pt (val_answer_loss=0.028164)
  saved best_acc.pt (val_answer_accuracy=0.995094)
epoch 13/20 train loss=0.0047 acc=1.0000 em=1.0000 | val loss=0.0242 acc=0.9955 em=0.9310 | random≈0.0010
  saved best_loss.pt (val_answer_loss=0.024236)
  saved best_acc.pt (val_answer_accuracy=0.995469)
epoch 14/20 train loss=0.0037 acc=1.0000 em=1.0000 | val loss=0.0214 acc=0.9958 em=0.9360 | random≈0.0010
  saved best_loss.pt (val_answer_loss=0.021367)
  saved best_acc.pt (val_answer_accuracy=0.995781)
epoch 15/20 train loss=0.0031 acc=1.0000 em=1.0000 | val loss=0.0191 acc=0.9962 em=0.9420 | random≈0.0010
  saved best_loss.pt (val_answer_loss=0.019065)
  saved best_acc.pt (val_answer_accuracy=0.996188)
epoch 16/20 train loss=0.0026 acc=1.0000 em=1.0000 | val loss=0.0176 acc=0.9962 em=0.9425 | random≈0.0010
  saved best_loss.pt (val_answer_loss=0.017603)
epoch 17/20 train loss=0.0022 acc=1.0000 em=1.0000 | val loss=0.0159 acc=0.9967 em=0.9490 | random≈0.0010
  saved best_loss.pt (val_answer_loss=0.015896)
  saved best_acc.pt (val_answer_accuracy=0.996656)
epoch 18/20 train loss=0.0019 acc=1.0000 em=1.0000 | val loss=0.0148 acc=0.9969 em=0.9530 | random≈0.0010
  saved best_loss.pt (val_answer_loss=0.014760)
  saved best_acc.pt (val_answer_accuracy=0.996875)
epoch 19/20 train loss=0.0016 acc=1.0000 em=1.0000 | val loss=0.0135 acc=0.9972 em=0.9570 | random≈0.0010
  saved best_loss.pt (val_answer_loss=0.013530)
  saved best_acc.pt (val_answer_accuracy=0.997156)
epoch 20/20 train loss=0.0014 acc=1.0000 em=1.0000 | val loss=0.0125 acc=0.9974 em=0.9600 | random≈0.0010
  saved best_loss.pt (val_answer_loss=0.012542)
  saved best_acc.pt (val_answer_accuracy=0.997375)
test [best_loss_ckpt] loss=0.011296 acc=0.997594 em=0.962500
test [best_acc_ckpt]  loss=0.011296 acc=0.997594 em=0.962500 random_baseline≈0.000977
done. meta_metrics → /home/jovyan/shares/SR008.fs2/nvidenisov/other/repos/mamba/mamba_multi_scale_get_started/outputs/MQARFailureSweep/mqar_fail_mamba2_slow_init_v1024_seed43/meta_metrics.csv
