mqar_split_hashes: n_train=20000 uniq_train=20000 | n_val=2000 uniq_val=2000 | n_test=2000 uniq_test=2000
mqar_answer_positions[train]: min=16 mean=16.0000 max=16 (expected 16 per sample)
mqar_answer_positions[val]: min=16 mean=16.0000 max=16 (expected 16 per sample)
mqar_answer_positions[test]: min=16 mean=16.0000 max=16 (expected 16 per sample)
experiment=mqar_fail_ms_gated_right_init_v1024_seed48 device=cuda:0 out_dir=/home/jovyan/shares/SR008.fs2/nvidenisov/other/repos/mamba/mamba_multi_scale_get_started/outputs/MQARFailureSweep/mqar_fail_ms_gated_right_init_v1024_seed48
mqar data: fixed_examples=True random_baseline_acc≈1/vocab=0.000977 (vocab_size=1024)
--- mqar resolved config (sanity) ---
  experiment.name: mqar_fail_ms_gated_right_init_v1024_seed48
  model.backbone: multiscale_mamba2_lm
  model.layer_headdims: [32, 32, 32, 32]
  model.multiscale.fast_layer_headdims: [32, 32, 32, 32]
  model.multiscale.slow_layer_headdims: [32, 32]
  model.multiscale.window_size: —
  model.multiscale.offsets: —
  model.multiscale.summary_mode: —
  model.multiscale.causal_mode: —
  model.multiscale.gate_type: —
  data.input_seq_len: 128
  data.num_kv_pairs: 16
  data.vocab_size: 1024
  data.train_examples: 20000  val_examples: 2000  test_examples: 2000
  data.fixed_examples: True
  data.min_query_pos: null
  train.lr: 0.0003
  train.epochs: 20
  num_parameters_trainable: 3160992
  tags(backbone,fusion,stride): multiscale_mamba2_lm, gated, 2
--- end resolved config ---
epoch 1/20 train loss=6.2438 acc=0.0024 em=0.0000 | val loss=6.2586 acc=0.0020 em=0.0000 | random≈0.0010
  saved best_loss.pt (val_answer_loss=6.258550)
  saved best_acc.pt (val_answer_accuracy=0.002000)
epoch 2/20 train loss=6.2198 acc=0.0036 em=0.0000 | val loss=6.2592 acc=0.0022 em=0.0000 | random≈0.0010
  saved best_acc.pt (val_answer_accuracy=0.002156)
epoch 3/20 train loss=6.1153 acc=0.0118 em=0.0000 | val loss=6.2746 acc=0.0045 em=0.0000 | random≈0.0010
  saved best_acc.pt (val_answer_accuracy=0.004500)
epoch 4/20 train loss=5.7945 acc=0.0398 em=0.0000 | val loss=6.3371 acc=0.0079 em=0.0000 | random≈0.0010
  saved best_acc.pt (val_answer_accuracy=0.007875)
epoch 5/20 train loss=5.2863 acc=0.1136 em=0.0000 | val loss=6.4451 acc=0.0068 em=0.0000 | random≈0.0010
early stopping at epoch 5: val answer_loss did not improve by min_delta=0.0001 for 4 epochs
test [best_loss_ckpt] loss=6.257139 acc=0.001719 em=0.000000
test [best_acc_ckpt]  loss=6.335771 acc=0.007094 em=0.000000 random_baseline≈0.000977
done. meta_metrics → /home/jovyan/shares/SR008.fs2/nvidenisov/other/repos/mamba/mamba_multi_scale_get_started/outputs/MQARFailureSweep/mqar_fail_ms_gated_right_init_v1024_seed48/meta_metrics.csv
