mqar_split_hashes: n_train=20000 uniq_train=20000 | n_val=2000 uniq_val=2000 | n_test=2000 uniq_test=2000
mqar_answer_positions[train]: min=16 mean=16.0000 max=16 (expected 16 per sample)
mqar_answer_positions[val]: min=16 mean=16.0000 max=16 (expected 16 per sample)
mqar_answer_positions[test]: min=16 mean=16.0000 max=16 (expected 16 per sample)
experiment=mqar_fail_ms_gated_right_init_v768_seed43 device=cuda:0 out_dir=/home/jovyan/shares/SR008.fs2/nvidenisov/other/repos/mamba/mamba_multi_scale_get_started/outputs/MQARFailureSweep/mqar_fail_ms_gated_right_init_v768_seed43
mqar data: fixed_examples=True random_baseline_acc≈1/vocab=0.001302 (vocab_size=768)
--- mqar resolved config (sanity) ---
  experiment.name: mqar_fail_ms_gated_right_init_v768_seed43
  model.backbone: multiscale_mamba2_lm
  model.layer_headdims: [32, 32, 32, 32]
  model.multiscale.fast_layer_headdims: [32, 32, 32, 32]
  model.multiscale.slow_layer_headdims: [32, 32]
  model.multiscale.window_size: —
  model.multiscale.offsets: —
  model.multiscale.summary_mode: —
  model.multiscale.causal_mode: —
  model.multiscale.gate_type: —
  data.input_seq_len: 128
  data.num_kv_pairs: 16
  data.vocab_size: 768
  data.train_examples: 20000  val_examples: 2000  test_examples: 2000
  data.fixed_examples: True
  data.min_query_pos: null
  train.lr: 0.0003
  train.epochs: 20
  num_parameters_trainable: 3029664
  tags(backbone,fusion,stride): multiscale_mamba2_lm, gated, 2
--- end resolved config ---
epoch 1/20 train loss=5.9549 acc=0.0031 em=0.0000 | val loss=5.9691 acc=0.0029 em=0.0000 | random≈0.0013
  saved best_loss.pt (val_answer_loss=5.969136)
  saved best_acc.pt (val_answer_accuracy=0.002875)
epoch 2/20 train loss=5.9237 acc=0.0073 em=0.0000 | val loss=5.9670 acc=0.0048 em=0.0000 | random≈0.0013
  saved best_loss.pt (val_answer_loss=5.967036)
  saved best_acc.pt (val_answer_accuracy=0.004844)
epoch 3/20 train loss=5.7723 acc=0.0314 em=0.0000 | val loss=5.9378 acc=0.0249 em=0.0000 | random≈0.0013
  saved best_loss.pt (val_answer_loss=5.937822)
  saved best_acc.pt (val_answer_accuracy=0.024938)
epoch 4/20 train loss=5.1389 acc=0.1255 em=0.0000 | val loss=5.5519 acc=0.0959 em=0.0000 | random≈0.0013
  saved best_loss.pt (val_answer_loss=5.551881)
  saved best_acc.pt (val_answer_accuracy=0.095875)
epoch 5/20 train loss=2.4010 acc=0.5881 em=0.0001 | val loss=2.7405 acc=0.5156 em=0.0000 | random≈0.0013
  saved best_loss.pt (val_answer_loss=2.740512)
  saved best_acc.pt (val_answer_accuracy=0.515563)
epoch 6/20 train loss=0.4099 acc=0.9427 em=0.3999 | val loss=0.5672 acc=0.8998 em=0.1890 | random≈0.0013
  saved best_loss.pt (val_answer_loss=0.567213)
  saved best_acc.pt (val_answer_accuracy=0.899844)
epoch 7/20 train loss=0.0862 acc=0.9937 em=0.9062 | val loss=0.1591 acc=0.9759 em=0.6810 | random≈0.0013
  saved best_loss.pt (val_answer_loss=0.159125)
  saved best_acc.pt (val_answer_accuracy=0.975938)
epoch 8/20 train loss=0.0279 acc=0.9993 em=0.9887 | val loss=0.0712 acc=0.9883 em=0.8280 | random≈0.0013
  saved best_loss.pt (val_answer_loss=0.071154)
  saved best_acc.pt (val_answer_accuracy=0.988313)
epoch 9/20 train loss=0.0119 acc=1.0000 em=0.9998 | val loss=0.0415 acc=0.9934 em=0.9015 | random≈0.0013
  saved best_loss.pt (val_answer_loss=0.041462)
  saved best_acc.pt (val_answer_accuracy=0.993437)
epoch 10/20 train loss=0.0072 acc=1.0000 em=1.0000 | val loss=0.0310 acc=0.9946 em=0.9185 | random≈0.0013
  saved best_loss.pt (val_answer_loss=0.030962)
  saved best_acc.pt (val_answer_accuracy=0.994594)
epoch 11/20 train loss=0.0052 acc=1.0000 em=1.0000 | val loss=0.0258 acc=0.9952 em=0.9275 | random≈0.0013
  saved best_loss.pt (val_answer_loss=0.025788)
  saved best_acc.pt (val_answer_accuracy=0.995219)
epoch 12/20 train loss=0.0040 acc=1.0000 em=1.0000 | val loss=0.0226 acc=0.9958 em=0.9385 | random≈0.0013
  saved best_loss.pt (val_answer_loss=0.022571)
  saved best_acc.pt (val_answer_accuracy=0.995844)
epoch 13/20 train loss=0.0032 acc=1.0000 em=1.0000 | val loss=0.0203 acc=0.9958 em=0.9355 | random≈0.0013
  saved best_loss.pt (val_answer_loss=0.020293)
epoch 14/20 train loss=0.0026 acc=1.0000 em=1.0000 | val loss=0.0182 acc=0.9963 em=0.9445 | random≈0.0013
  saved best_loss.pt (val_answer_loss=0.018192)
  saved best_acc.pt (val_answer_accuracy=0.996344)
epoch 15/20 train loss=0.0022 acc=1.0000 em=1.0000 | val loss=0.0171 acc=0.9967 em=0.9495 | random≈0.0013
  saved best_loss.pt (val_answer_loss=0.017090)
  saved best_acc.pt (val_answer_accuracy=0.996687)
epoch 16/20 train loss=0.0018 acc=1.0000 em=1.0000 | val loss=0.0155 acc=0.9968 em=0.9520 | random≈0.0013
  saved best_loss.pt (val_answer_loss=0.015514)
  saved best_acc.pt (val_answer_accuracy=0.996844)
epoch 17/20 train loss=0.0015 acc=1.0000 em=1.0000 | val loss=0.0143 acc=0.9972 em=0.9570 | random≈0.0013
  saved best_loss.pt (val_answer_loss=0.014327)
  saved best_acc.pt (val_answer_accuracy=0.997156)
epoch 18/20 train loss=0.0013 acc=1.0000 em=1.0000 | val loss=0.0135 acc=0.9971 em=0.9560 | random≈0.0013
  saved best_loss.pt (val_answer_loss=0.013456)
epoch 19/20 train loss=0.0012 acc=1.0000 em=1.0000 | val loss=0.0128 acc=0.9972 em=0.9585 | random≈0.0013
  saved best_loss.pt (val_answer_loss=0.012759)
epoch 20/20 train loss=0.0010 acc=1.0000 em=1.0000 | val loss=0.0121 acc=0.9974 em=0.9610 | random≈0.0013
  saved best_loss.pt (val_answer_loss=0.012066)
  saved best_acc.pt (val_answer_accuracy=0.997437)
test [best_loss_ckpt] loss=0.011718 acc=0.997250 em=0.957500
test [best_acc_ckpt]  loss=0.011718 acc=0.997250 em=0.957500 random_baseline≈0.001302
done. meta_metrics → /home/jovyan/shares/SR008.fs2/nvidenisov/other/repos/mamba/mamba_multi_scale_get_started/outputs/MQARFailureSweep/mqar_fail_ms_gated_right_init_v768_seed43/meta_metrics.csv
