mqar_split_hashes: n_train=20000 uniq_train=20000 | n_val=2000 uniq_val=2000 | n_test=2000 uniq_test=2000
mqar_answer_positions[train]: min=16 mean=16.0000 max=16 (expected 16 per sample)
mqar_answer_positions[val]: min=16 mean=16.0000 max=16 (expected 16 per sample)
mqar_answer_positions[test]: min=16 mean=16.0000 max=16 (expected 16 per sample)
experiment=archeval_mqar_trans768_mamba2_split_ts_slow_veryslow_seed50 device=cuda:0 out_dir=/home/jovyan/shares/SR008.fs2/nvidenisov/other/repos/mamba/mamba_multi_scale_get_started/outputs/ArchEval/mqar_trans768_mamba2_split_ts_slow_veryslow_seed50
mqar data: fixed_examples=True random_baseline_acc≈1/vocab=0.001302 (vocab_size=768)
--- mqar resolved config (sanity) ---
  experiment.name: archeval_mqar_trans768_mamba2_split_ts_slow_veryslow_seed50
  model.backbone: mamba2_lm
  model.layer_headdims: [32, 32, 32, 32]
  model.multiscale.fast_layer_headdims: —
  model.multiscale.slow_layer_headdims: —
  model.multiscale.window_size: —
  model.multiscale.offsets: —
  model.multiscale.summary_mode: —
  model.multiscale.causal_mode: —
  model.multiscale.gate_type: —
  data.input_seq_len: 128
  data.num_kv_pairs: 16
  data.vocab_size: 768
  data.train_examples: 20000  val_examples: 2000  test_examples: 2000
  data.fixed_examples: True
  data.min_query_pos: null
  train.lr: 0.0003
  train.epochs: 20
  num_parameters_trainable: 2063040
  tags(backbone,fusion,stride): mamba2_lm, , 
--- end resolved config ---
epoch 1/20 train loss=5.9558 acc=0.0033 em=0.0000 | val loss=5.9697 acc=0.0025 em=0.0000 | random≈0.0013
  saved best_loss.pt (val_answer_loss=5.969709)
  saved best_acc.pt (val_answer_accuracy=0.002531)
epoch 2/20 train loss=5.9282 acc=0.0053 em=0.0000 | val loss=5.9656 acc=0.0030 em=0.0000 | random≈0.0013
  saved best_loss.pt (val_answer_loss=5.965578)
  saved best_acc.pt (val_answer_accuracy=0.002969)
epoch 3/20 train loss=5.7133 acc=0.0462 em=0.0000 | val loss=5.8672 acc=0.0379 em=0.0000 | random≈0.0013
  saved best_loss.pt (val_answer_loss=5.867188)
  saved best_acc.pt (val_answer_accuracy=0.037937)
epoch 4/20 train loss=4.7421 acc=0.1942 em=0.0000 | val loss=5.0362 acc=0.1589 em=0.0000 | random≈0.0013
  saved best_loss.pt (val_answer_loss=5.036231)
  saved best_acc.pt (val_answer_accuracy=0.158906)
epoch 5/20 train loss=1.0469 acc=0.7970 em=0.0196 | val loss=1.1940 acc=0.7578 em=0.0070 | random≈0.0013
  saved best_loss.pt (val_answer_loss=1.194042)
  saved best_acc.pt (val_answer_accuracy=0.757844)
epoch 6/20 train loss=0.1630 acc=0.9825 em=0.7564 | val loss=0.2311 acc=0.9635 em=0.5515 | random≈0.0013
  saved best_loss.pt (val_answer_loss=0.231103)
  saved best_acc.pt (val_answer_accuracy=0.963469)
epoch 7/20 train loss=0.0382 acc=0.9988 em=0.9810 | val loss=0.0743 acc=0.9902 em=0.8585 | random≈0.0013
  saved best_loss.pt (val_answer_loss=0.074339)
  saved best_acc.pt (val_answer_accuracy=0.990250)
epoch 8/20 train loss=0.0152 acc=1.0000 em=0.9995 | val loss=0.0399 acc=0.9943 em=0.9130 | random≈0.0013
  saved best_loss.pt (val_answer_loss=0.039912)
  saved best_acc.pt (val_answer_accuracy=0.994313)
epoch 9/20 train loss=0.0087 acc=1.0000 em=1.0000 | val loss=0.0275 acc=0.9961 em=0.9420 | random≈0.0013
  saved best_loss.pt (val_answer_loss=0.027499)
  saved best_acc.pt (val_answer_accuracy=0.996125)
epoch 10/20 train loss=0.0060 acc=1.0000 em=1.0000 | val loss=0.0216 acc=0.9971 em=0.9565 | random≈0.0013
  saved best_loss.pt (val_answer_loss=0.021590)
  saved best_acc.pt (val_answer_accuracy=0.997125)
epoch 11/20 train loss=0.0045 acc=1.0000 em=1.0000 | val loss=0.0182 acc=0.9972 em=0.9575 | random≈0.0013
  saved best_loss.pt (val_answer_loss=0.018199)
epoch 12/20 train loss=0.0035 acc=1.0000 em=1.0000 | val loss=0.0157 acc=0.9976 em=0.9625 | random≈0.0013
  saved best_loss.pt (val_answer_loss=0.015689)
  saved best_acc.pt (val_answer_accuracy=0.997625)
epoch 13/20 train loss=0.0028 acc=1.0000 em=1.0000 | val loss=0.0138 acc=0.9978 em=0.9660 | random≈0.0013
  saved best_loss.pt (val_answer_loss=0.013837)
  saved best_acc.pt (val_answer_accuracy=0.997844)
epoch 14/20 train loss=0.0023 acc=1.0000 em=1.0000 | val loss=0.0121 acc=0.9979 em=0.9675 | random≈0.0013
  saved best_loss.pt (val_answer_loss=0.012087)
epoch 15/20 train loss=0.0019 acc=1.0000 em=1.0000 | val loss=0.0109 acc=0.9982 em=0.9720 | random≈0.0013
  saved best_loss.pt (val_answer_loss=0.010905)
  saved best_acc.pt (val_answer_accuracy=0.998219)
epoch 16/20 train loss=0.0016 acc=1.0000 em=1.0000 | val loss=0.0097 acc=0.9984 em=0.9750 | random≈0.0013
  saved best_loss.pt (val_answer_loss=0.009747)
  saved best_acc.pt (val_answer_accuracy=0.998437)
epoch 17/20 train loss=0.0014 acc=1.0000 em=1.0000 | val loss=0.0089 acc=0.9985 em=0.9760 | random≈0.0013
  saved best_loss.pt (val_answer_loss=0.008902)
epoch 18/20 train loss=0.0012 acc=1.0000 em=1.0000 | val loss=0.0082 acc=0.9985 em=0.9765 | random≈0.0013
  saved best_loss.pt (val_answer_loss=0.008178)
epoch 19/20 train loss=0.0010 acc=1.0000 em=1.0000 | val loss=0.0075 acc=0.9986 em=0.9780 | random≈0.0013
  saved best_loss.pt (val_answer_loss=0.007519)
  saved best_acc.pt (val_answer_accuracy=0.998625)
epoch 20/20 train loss=0.0009 acc=1.0000 em=1.0000 | val loss=0.0070 acc=0.9988 em=0.9800 | random≈0.0013
  saved best_loss.pt (val_answer_loss=0.006958)
  saved best_acc.pt (val_answer_accuracy=0.998750)
test [best_loss_ckpt] loss=0.006904 acc=0.998750 em=0.980000
test [best_acc_ckpt]  loss=0.006904 acc=0.998750 em=0.980000 random_baseline≈0.001302
done. meta_metrics → /home/jovyan/shares/SR008.fs2/nvidenisov/other/repos/mamba/mamba_multi_scale_get_started/outputs/ArchEval/mqar_trans768_mamba2_split_ts_slow_veryslow_seed50/meta_metrics.csv
