experiment=archeval_lm_mamba2_depth4 device=cuda:0 out_dir=/home/jovyan/shares/SR008.fs2/nvidenisov/other/repos/mamba/mamba_multi_scale_get_started/outputs/ArchEval/lm_mamba2_depth4
early_stopping: patience=3 min_delta=0.0001 (disable with train.early_stopping.patience=0)
epoch 1/10 train_loss=3.0782 val_loss=2.4817 val_ppl=11.96 val_bpc=3.5803
  saved best.pt (val_loss=2.481657)
epoch 2/10 train_loss=2.2483 val_loss=2.1508 val_ppl=8.59 val_bpc=3.1029
  saved best.pt (val_loss=2.150754)
epoch 3/10 train_loss=1.9781 val_loss=1.9787 val_ppl=7.23 val_bpc=2.8546
  saved best.pt (val_loss=1.978666)
epoch 4/10 train_loss=1.8020 val_loss=1.8684 val_ppl=6.48 val_bpc=2.6955
  saved best.pt (val_loss=1.868411)
epoch 5/10 train_loss=1.6748 val_loss=1.7804 val_ppl=5.93 val_bpc=2.5686
  saved best.pt (val_loss=1.780402)
epoch 6/10 train_loss=1.5877 val_loss=1.7194 val_ppl=5.58 val_bpc=2.4805
  saved best.pt (val_loss=1.719355)
epoch 7/10 train_loss=1.5194 val_loss=1.6802 val_ppl=5.37 val_bpc=2.4240
  saved best.pt (val_loss=1.680210)
epoch 8/10 train_loss=1.4659 val_loss=1.6461 val_ppl=5.19 val_bpc=2.3748
  saved best.pt (val_loss=1.646073)
epoch 9/10 train_loss=1.4303 val_loss=1.6159 val_ppl=5.03 val_bpc=2.3313
  saved best.pt (val_loss=1.615935)
epoch 10/10 train_loss=1.3913 val_loss=1.5920 val_ppl=4.91 val_bpc=2.2968
  saved best.pt (val_loss=1.592030)
meta_metrics: train=25.78s eval=192.31s loop=219.02s setup=2.92s → meta_metrics.csv
