mqar_split_hashes: n_train=20000 uniq_train=20000 | n_val=2000 uniq_val=2000 | n_test=2000 uniq_test=2000
mqar_answer_positions[train]: min=16 mean=16.0000 max=16 (expected 16 per sample)
mqar_answer_positions[val]: min=16 mean=16.0000 max=16 (expected 16 per sample)
mqar_answer_positions[test]: min=16 mean=16.0000 max=16 (expected 16 per sample)
experiment=mqar_vocab640_mamba2_depth4_kv16_lr3e4_seed42 device=cuda:0 out_dir=/home/jovyan/shares/SR008.fs2/nvidenisov/other/repos/mamba/mamba_multi_scale_get_started/outputs/MQAR/mqar_vocab640_mamba2_depth4_kv16_lr3e4_seed42
mqar data: fixed_examples=True random_baseline_acc≈1/vocab=0.001563 (vocab_size=640)
--- mqar resolved config (sanity) ---
  experiment.name: mqar_vocab640_mamba2_depth4_kv16_lr3e4_seed42
  model.backbone: mamba2_lm
  model.layer_headdims: [32, 32, 32, 32]
  model.multiscale.fast_layer_headdims: —
  model.multiscale.slow_layer_headdims: —
  data.input_seq_len: 128
  data.num_kv_pairs: 16
  data.vocab_size: 640
  data.train_examples: 20000  val_examples: 2000  test_examples: 2000
  data.fixed_examples: True
  train.lr: 0.0003
  train.epochs: 20
  num_parameters_trainable: 1997376
  tags(backbone,fusion,stride): mamba2_lm, , 
--- end resolved config ---
epoch 1/20 train loss=5.7745 acc=0.0040 em=0.0000 | val loss=5.7878 acc=0.0035 em=0.0000 | random≈0.0016
  saved best_loss.pt (val_answer_loss=5.787779)
  saved best_acc.pt (val_answer_accuracy=0.003469)
epoch 2/20 train loss=5.7496 acc=0.0083 em=0.0000 | val loss=5.7820 acc=0.0058 em=0.0000 | random≈0.0016
  saved best_loss.pt (val_answer_loss=5.782010)
  saved best_acc.pt (val_answer_accuracy=0.005812)
epoch 3/20 train loss=5.6486 acc=0.0272 em=0.0000 | val loss=5.7594 acc=0.0220 em=0.0000 | random≈0.0016
  saved best_loss.pt (val_answer_loss=5.759356)
  saved best_acc.pt (val_answer_accuracy=0.022031)
epoch 4/20 train loss=5.4216 acc=0.0509 em=0.0000 | val loss=5.7145 acc=0.0352 em=0.0000 | random≈0.0016
  saved best_loss.pt (val_answer_loss=5.714469)
  saved best_acc.pt (val_answer_accuracy=0.035250)
epoch 5/20 train loss=4.9340 acc=0.1109 em=0.0000 | val loss=5.4348 acc=0.0684 em=0.0000 | random≈0.0016
  saved best_loss.pt (val_answer_loss=5.434805)
  saved best_acc.pt (val_answer_accuracy=0.068406)
epoch 6/20 train loss=2.1353 acc=0.6176 em=0.0001 | val loss=2.4261 acc=0.5437 em=0.0000 | random≈0.0016
  saved best_loss.pt (val_answer_loss=2.426148)
  saved best_acc.pt (val_answer_accuracy=0.543719)
epoch 7/20 train loss=0.3866 acc=0.9413 em=0.3896 | val loss=0.5091 acc=0.9053 em=0.2045 | random≈0.0016
  saved best_loss.pt (val_answer_loss=0.509092)
  saved best_acc.pt (val_answer_accuracy=0.905281)
epoch 8/20 train loss=0.1136 acc=0.9868 em=0.8105 | val loss=0.1879 acc=0.9649 em=0.5650 | random≈0.0016
  saved best_loss.pt (val_answer_loss=0.187874)
  saved best_acc.pt (val_answer_accuracy=0.964906)
epoch 9/20 train loss=0.0413 acc=0.9976 em=0.9625 | val loss=0.0928 acc=0.9821 em=0.7550 | random≈0.0016
  saved best_loss.pt (val_answer_loss=0.092784)
  saved best_acc.pt (val_answer_accuracy=0.982094)
epoch 10/20 train loss=0.0177 acc=0.9999 em=0.9979 | val loss=0.0554 acc=0.9894 em=0.8475 | random≈0.0016
  saved best_loss.pt (val_answer_loss=0.055441)
  saved best_acc.pt (val_answer_accuracy=0.989375)
epoch 11/20 train loss=0.0099 acc=1.0000 em=1.0000 | val loss=0.0399 acc=0.9926 em=0.8915 | random≈0.0016
  saved best_loss.pt (val_answer_loss=0.039867)
  saved best_acc.pt (val_answer_accuracy=0.992625)
epoch 12/20 train loss=0.0068 acc=1.0000 em=1.0000 | val loss=0.0329 acc=0.9938 em=0.9065 | random≈0.0016
  saved best_loss.pt (val_answer_loss=0.032937)
  saved best_acc.pt (val_answer_accuracy=0.993750)
epoch 13/20 train loss=0.0051 acc=1.0000 em=1.0000 | val loss=0.0294 acc=0.9944 em=0.9145 | random≈0.0016
  saved best_loss.pt (val_answer_loss=0.029392)
  saved best_acc.pt (val_answer_accuracy=0.994375)
epoch 14/20 train loss=0.0040 acc=1.0000 em=1.0000 | val loss=0.0263 acc=0.9945 em=0.9160 | random≈0.0016
  saved best_loss.pt (val_answer_loss=0.026308)
  saved best_acc.pt (val_answer_accuracy=0.994500)
epoch 15/20 train loss=0.0033 acc=1.0000 em=1.0000 | val loss=0.0239 acc=0.9952 em=0.9255 | random≈0.0016
  saved best_loss.pt (val_answer_loss=0.023943)
  saved best_acc.pt (val_answer_accuracy=0.995156)
epoch 16/20 train loss=0.0027 acc=1.0000 em=1.0000 | val loss=0.0224 acc=0.9951 em=0.9245 | random≈0.0016
  saved best_loss.pt (val_answer_loss=0.022381)
epoch 17/20 train loss=0.0023 acc=1.0000 em=1.0000 | val loss=0.0208 acc=0.9956 em=0.9320 | random≈0.0016
  saved best_loss.pt (val_answer_loss=0.020832)
  saved best_acc.pt (val_answer_accuracy=0.995625)
epoch 18/20 train loss=0.0019 acc=1.0000 em=1.0000 | val loss=0.0197 acc=0.9955 em=0.9305 | random≈0.0016
  saved best_loss.pt (val_answer_loss=0.019665)
epoch 19/20 train loss=0.0016 acc=1.0000 em=1.0000 | val loss=0.0186 acc=0.9957 em=0.9335 | random≈0.0016
  saved best_loss.pt (val_answer_loss=0.018617)
epoch 20/20 train loss=0.0014 acc=1.0000 em=1.0000 | val loss=0.0177 acc=0.9958 em=0.9345 | random≈0.0016
  saved best_loss.pt (val_answer_loss=0.017658)
  saved best_acc.pt (val_answer_accuracy=0.995812)
test [best_loss_ckpt] loss=0.017300 acc=0.995625 em=0.932500
test [best_acc_ckpt]  loss=0.017300 acc=0.995625 em=0.932500 random_baseline≈0.001563
done. meta_metrics → /home/jovyan/shares/SR008.fs2/nvidenisov/other/repos/mamba/mamba_multi_scale_get_started/outputs/MQAR/mqar_vocab640_mamba2_depth4_kv16_lr3e4_seed42/meta_metrics.csv
