experiment=mqar_ms_gated_stride2_len128_easy_kv4_vocab256 device=cuda:0 out_dir=/home/jovyan/shares/SR008.fs2/nvidenisov/other/repos/mamba/mamba_multi_scale_get_started/outputs/MQAR/mqar_ms_gated_stride2_len128_easy_kv4_vocab256
mqar data: fixed_examples=True random_baseline_acc‚Čą1/vocab=0.001953 (vocab_size=512)
epoch 1/20 train loss=5.5427 acc=0.0059 em=0.0000 | val loss=5.5688 acc=0.0038 em=0.0000 | random‚Čą0.0020
  saved best.pt (val_answer_loss=5.568847)
epoch 2/20 train loss=5.3612 acc=0.0523 em=0.0000 | val loss=5.4771 acc=0.0426 em=0.0000 | random‚Čą0.0020
  saved best.pt (val_answer_loss=5.477070)
epoch 3/20 train loss=4.6592 acc=0.1335 em=0.0000 | val loss=4.9676 acc=0.1053 em=0.0000 | random‚Čą0.0020
  saved best.pt (val_answer_loss=4.967648)
epoch 4/20 train loss=3.5348 acc=0.2113 em=0.0000 | val loss=4.0609 acc=0.1212 em=0.0000 | random‚Čą0.0020
  saved best.pt (val_answer_loss=4.060894)
epoch 5/20 train loss=1.1442 acc=0.7367 em=0.0704 | val loss=1.5867 acc=0.6011 em=0.0095 | random‚Čą0.0020
  saved best.pt (val_answer_loss=1.586742)
epoch 6/20 train loss=0.1751 acc=0.9729 em=0.8015 | val loss=0.3463 acc=0.9196 em=0.5035 | random‚Čą0.0020
  saved best.pt (val_answer_loss=0.346266)
epoch 7/20 train loss=0.0396 acc=0.9967 em=0.9745 | val loss=0.1200 acc=0.9723 em=0.7985 | random‚Čą0.0020
  saved best.pt (val_answer_loss=0.120022)
epoch 8/20 train loss=0.0126 acc=0.9999 em=0.9990 | val loss=0.0566 acc=0.9877 em=0.9060 | random‚Čą0.0020
  saved best.pt (val_answer_loss=0.056567)
epoch 9/20 train loss=0.0064 acc=1.0000 em=1.0000 | val loss=0.0403 acc=0.9918 em=0.9350 | random‚Čą0.0020
  saved best.pt (val_answer_loss=0.040311)
epoch 10/20 train loss=0.0045 acc=1.0000 em=1.0000 | val loss=0.0336 acc=0.9933 em=0.9475 | random‚Čą0.0020
  saved best.pt (val_answer_loss=0.033620)
epoch 11/20 train loss=0.0034 acc=1.0000 em=1.0000 | val loss=0.0300 acc=0.9933 em=0.9475 | random‚Čą0.0020
  saved best.pt (val_answer_loss=0.030048)
epoch 12/20 train loss=0.0027 acc=1.0000 em=1.0000 | val loss=0.0264 acc=0.9946 em=0.9575 | random‚Čą0.0020
  saved best.pt (val_answer_loss=0.026395)
epoch 13/20 train loss=0.0022 acc=1.0000 em=1.0000 | val loss=0.0244 acc=0.9952 em=0.9615 | random‚Čą0.0020
  saved best.pt (val_answer_loss=0.024390)
epoch 14/20 train loss=0.0018 acc=1.0000 em=1.0000 | val loss=0.0221 acc=0.9956 em=0.9650 | random‚Čą0.0020
  saved best.pt (val_answer_loss=0.022071)
epoch 15/20 train loss=0.0016 acc=1.0000 em=1.0000 | val loss=0.0207 acc=0.9957 em=0.9655 | random‚Čą0.0020
  saved best.pt (val_answer_loss=0.020717)
epoch 16/20 train loss=0.0013 acc=1.0000 em=1.0000 | val loss=0.0193 acc=0.9961 em=0.9685 | random‚Čą0.0020
  saved best.pt (val_answer_loss=0.019305)
epoch 17/20 train loss=0.0011 acc=1.0000 em=1.0000 | val loss=0.0183 acc=0.9962 em=0.9695 | random‚Čą0.0020
  saved best.pt (val_answer_loss=0.018272)
epoch 18/20 train loss=0.0010 acc=1.0000 em=1.0000 | val loss=0.0172 acc=0.9964 em=0.9715 | random‚Čą0.0020
  saved best.pt (val_answer_loss=0.017172)
epoch 19/20 train loss=0.0009 acc=1.0000 em=1.0000 | val loss=0.0164 acc=0.9966 em=0.9730 | random‚Čą0.0020
  saved best.pt (val_answer_loss=0.016363)
epoch 20/20 train loss=0.0008 acc=1.0000 em=1.0000 | val loss=0.0156 acc=0.9967 em=0.9735 | random‚Čą0.0020
  saved best.pt (val_answer_loss=0.015607)
test answer_loss=0.014913 test_acc=0.995563 test_em=0.965000 random_baseline‚Čą0.001953
done. meta_metrics ‚Üí /home/jovyan/shares/SR008.fs2/nvidenisov/other/repos/mamba/mamba_multi_scale_get_started/outputs/MQAR/mqar_ms_gated_stride2_len128_easy_kv4_vocab256/meta_metrics.csv
