mqar_split_hashes: n_train=20000 uniq_train=20000 | n_val=2000 uniq_val=2000 | n_test=2000 uniq_test=2000
mqar_answer_positions[train]: min=16 mean=16.0000 max=16 (expected 16 per sample)
mqar_answer_positions[val]: min=16 mean=16.0000 max=16 (expected 16 per sample)
mqar_answer_positions[test]: min=16 mean=16.0000 max=16 (expected 16 per sample)
experiment=mqar_hard_rerun_ms_attention_stride4_kv16_vocab768_lr3e4_seed42 device=cuda:0 out_dir=/home/jovyan/shares/SR008.fs2/nvidenisov/other/repos/mamba/mamba_multi_scale_get_started/outputs/MQAR/mqar_hard_rerun_ms_attention_stride4_kv16_vocab768_lr3e4_seed42
mqar data: fixed_examples=True random_baseline_acc≈1/vocab=0.001302 (vocab_size=768)
--- mqar resolved config (sanity) ---
  experiment.name: mqar_hard_rerun_ms_attention_stride4_kv16_vocab768_lr3e4_seed42
  model.backbone: multiscale_mamba2_attention_lm
  model.layer_headdims: [32, 32, 32, 32]
  model.multiscale.fast_layer_headdims: [32, 32, 32, 32]
  model.multiscale.slow_layer_headdims: [32, 32]
  data.input_seq_len: 128
  data.num_kv_pairs: 16
  data.vocab_size: 768
  data.train_examples: 20000  val_examples: 2000  test_examples: 2000
  data.fixed_examples: True
  train.lr: 0.0003
  train.epochs: 20
  num_parameters_trainable: 3161504
  tags(backbone,fusion,stride): multiscale_mamba2_attention_lm, residual, 4
--- end resolved config ---
epoch 1/20 train loss=5.9547 acc=0.0032 em=0.0000 | val loss=5.9627 acc=0.0026 em=0.0000 | random≈0.0013
  saved best_loss.pt (val_answer_loss=5.962743)
  saved best_acc.pt (val_answer_accuracy=0.002625)
epoch 2/20 train loss=5.9106 acc=0.0096 em=0.0000 | val loss=5.9692 acc=0.0061 em=0.0000 | random≈0.0013
  saved best_acc.pt (val_answer_accuracy=0.006125)
epoch 3/20 train loss=5.7554 acc=0.0266 em=0.0000 | val loss=5.9705 acc=0.0131 em=0.0000 | random≈0.0013
  saved best_acc.pt (val_answer_accuracy=0.013125)
epoch 4/20 train loss=5.4037 acc=0.0609 em=0.0000 | val loss=6.0356 acc=0.0165 em=0.0000 | random≈0.0013
  saved best_acc.pt (val_answer_accuracy=0.016469)
epoch 5/20 train loss=4.9702 acc=0.1229 em=0.0000 | val loss=6.1450 acc=0.0130 em=0.0000 | random≈0.0013
early stopping at epoch 5: val answer_loss did not improve by min_delta=0.0001 for 4 epochs
test [best_loss_ckpt] loss=5.966275 acc=0.002969 em=0.000000
test [best_acc_ckpt]  loss=6.035526 acc=0.016688 em=0.000000 random_baseline≈0.001302
done. meta_metrics → /home/jovyan/shares/SR008.fs2/nvidenisov/other/repos/mamba/mamba_multi_scale_get_started/outputs/MQAR/mqar_hard_rerun_ms_attention_stride4_kv16_vocab768_lr3e4_seed42/meta_metrics.csv
