experiment=mqar_mamba2_depth6_len128_easy_kv16_vocab_512 device=cuda:0 out_dir=/home/jovyan/shares/SR008.fs2/nvidenisov/other/repos/mamba/mamba_multi_scale_get_started/outputs/MQAR/mqar_mamba2_depth6_len128_easy_kv16_vocab_512
mqar data: fixed_examples=True random_baseline_acc‚Čą1/vocab=0.001953 (vocab_size=512)
epoch 1/20 train loss=5.5496 acc=0.0046 em=0.0000 | val loss=5.5595 acc=0.0037 em=0.0000 | random‚Čą0.0020
  saved best.pt (val_answer_loss=5.559493)
epoch 2/20 train loss=5.5035 acc=0.0175 em=0.0000 | val loss=5.5440 acc=0.0156 em=0.0000 | random‚Čą0.0020
  saved best.pt (val_answer_loss=5.544040)
epoch 3/20 train loss=5.2541 acc=0.0531 em=0.0000 | val loss=5.4184 acc=0.0442 em=0.0000 | random‚Čą0.0020
  saved best.pt (val_answer_loss=5.418426)
epoch 4/20 train loss=4.7613 acc=0.0976 em=0.0000 | val loss=5.1409 acc=0.0604 em=0.0000 | random‚Čą0.0020
  saved best.pt (val_answer_loss=5.140945)
epoch 5/20 train loss=2.7375 acc=0.4393 em=0.0000 | val loss=3.1023 acc=0.3573 em=0.0000 | random‚Čą0.0020
  saved best.pt (val_answer_loss=3.102347)
epoch 6/20 train loss=0.2857 acc=0.9489 em=0.4373 | val loss=0.3916 acc=0.9169 em=0.2470 | random‚Čą0.0020
  saved best.pt (val_answer_loss=0.391575)
epoch 7/20 train loss=0.0375 acc=0.9961 em=0.9397 | val loss=0.0719 acc=0.9868 em=0.8115 | random‚Čą0.0020
  saved best.pt (val_answer_loss=0.071949)
epoch 8/20 train loss=0.0094 acc=0.9998 em=0.9964 | val loss=0.0292 acc=0.9940 em=0.9100 | random‚Čą0.0020
  saved best.pt (val_answer_loss=0.029172)
epoch 9/20 train loss=0.0040 acc=1.0000 em=1.0000 | val loss=0.0175 acc=0.9966 em=0.9460 | random‚Čą0.0020
  saved best.pt (val_answer_loss=0.017470)
epoch 10/20 train loss=0.0025 acc=1.0000 em=1.0000 | val loss=0.0139 acc=0.9970 em=0.9535 | random‚Čą0.0020
  saved best.pt (val_answer_loss=0.013868)
epoch 11/20 train loss=0.0019 acc=1.0000 em=1.0000 | val loss=0.0125 acc=0.9971 em=0.9535 | random‚Čą0.0020
  saved best.pt (val_answer_loss=0.012534)
epoch 12/20 train loss=0.0015 acc=1.0000 em=1.0000 | val loss=0.0113 acc=0.9973 em=0.9580 | random‚Čą0.0020
  saved best.pt (val_answer_loss=0.011340)
epoch 13/20 train loss=0.0012 acc=1.0000 em=1.0000 | val loss=0.0105 acc=0.9974 em=0.9595 | random‚Čą0.0020
  saved best.pt (val_answer_loss=0.010521)
epoch 14/20 train loss=0.0010 acc=1.0000 em=1.0000 | val loss=0.0099 acc=0.9974 em=0.9590 | random‚Čą0.0020
  saved best.pt (val_answer_loss=0.009850)
epoch 15/20 train loss=0.0008 acc=1.0000 em=1.0000 | val loss=0.0095 acc=0.9974 em=0.9595 | random‚Čą0.0020
  saved best.pt (val_answer_loss=0.009464)
epoch 16/20 train loss=0.0007 acc=1.0000 em=1.0000 | val loss=0.0090 acc=0.9976 em=0.9620 | random‚Čą0.0020
  saved best.pt (val_answer_loss=0.009006)
epoch 17/20 train loss=0.0006 acc=1.0000 em=1.0000 | val loss=0.0087 acc=0.9975 em=0.9610 | random‚Čą0.0020
  saved best.pt (val_answer_loss=0.008700)
epoch 18/20 train loss=0.0005 acc=1.0000 em=1.0000 | val loss=0.0084 acc=0.9976 em=0.9620 | random‚Čą0.0020
  saved best.pt (val_answer_loss=0.008405)
epoch 19/20 train loss=0.0004 acc=1.0000 em=1.0000 | val loss=0.0081 acc=0.9977 em=0.9640 | random‚Čą0.0020
  saved best.pt (val_answer_loss=0.008112)
epoch 20/20 train loss=0.0004 acc=1.0000 em=1.0000 | val loss=0.0078 acc=0.9978 em=0.9655 | random‚Čą0.0020
  saved best.pt (val_answer_loss=0.007757)
test answer_loss=0.008733 test_acc=0.997875 test_em=0.966000 random_baseline‚Čą0.001953
done. meta_metrics ‚Üí /home/jovyan/shares/SR008.fs2/nvidenisov/other/repos/mamba/mamba_multi_scale_get_started/outputs/MQAR/mqar_mamba2_depth6_len128_easy_kv16_vocab_512/meta_metrics.csv
