experiment=mqar_mamba2_depth6_len128_easy_kv4_vocab256 device=cuda:0 out_dir=/home/jovyan/shares/SR008.fs2/nvidenisov/other/repos/mamba/mamba_multi_scale_get_started/outputs/MQAR/mqar_mamba2_depth6_len128_easy_kv4_vocab256
mqar data: fixed_examples=True random_baseline_acc‚Čą1/vocab=0.001953 (vocab_size=512)
epoch 1/20 train loss=5.5428 acc=0.0051 em=0.0000 | val loss=5.5634 acc=0.0036 em=0.0000 | random‚Čą0.0020
  saved best.pt (val_answer_loss=5.563446)
epoch 2/20 train loss=5.2965 acc=0.0537 em=0.0000 | val loss=5.4532 acc=0.0442 em=0.0000 | random‚Čą0.0020
  saved best.pt (val_answer_loss=5.453207)
epoch 3/20 train loss=4.4678 acc=0.1500 em=0.0000 | val loss=4.8898 acc=0.1057 em=0.0000 | random‚Čą0.0020
  saved best.pt (val_answer_loss=4.889820)
epoch 4/20 train loss=3.3120 acc=0.2462 em=0.0000 | val loss=3.9540 acc=0.1235 em=0.0000 | random‚Čą0.0020
  saved best.pt (val_answer_loss=3.954010)
epoch 5/20 train loss=1.8645 acc=0.5199 em=0.0018 | val loss=2.7132 acc=0.2869 em=0.0000 | random‚Čą0.0020
  saved best.pt (val_answer_loss=2.713192)
epoch 6/20 train loss=0.6287 acc=0.8342 em=0.2258 | val loss=1.3333 acc=0.6059 em=0.0135 | random‚Čą0.0020
  saved best.pt (val_answer_loss=1.333320)
epoch 7/20 train loss=0.1424 acc=0.9736 em=0.8085 | val loss=0.5267 acc=0.8463 em=0.2570 | random‚Čą0.0020
  saved best.pt (val_answer_loss=0.526725)
epoch 8/20 train loss=0.0428 acc=0.9931 em=0.9465 | val loss=0.2390 acc=0.9304 em=0.5550 | random‚Čą0.0020
  saved best.pt (val_answer_loss=0.239049)
epoch 9/20 train loss=0.0145 acc=0.9985 em=0.9879 | val loss=0.1301 acc=0.9629 em=0.7400 | random‚Čą0.0020
  saved best.pt (val_answer_loss=0.130118)
epoch 10/20 train loss=0.0052 acc=0.9998 em=0.9986 | val loss=0.0884 acc=0.9746 em=0.8145 | random‚Čą0.0020
  saved best.pt (val_answer_loss=0.088368)
epoch 11/20 train loss=0.0026 acc=1.0000 em=0.9998 | val loss=0.0721 acc=0.9782 em=0.8395 | random‚Čą0.0020
  saved best.pt (val_answer_loss=0.072145)
epoch 12/20 train loss=0.0017 acc=1.0000 em=1.0000 | val loss=0.0640 acc=0.9803 em=0.8545 | random‚Čą0.0020
  saved best.pt (val_answer_loss=0.064042)
epoch 13/20 train loss=0.0013 acc=1.0000 em=1.0000 | val loss=0.0596 acc=0.9816 em=0.8640 | random‚Čą0.0020
  saved best.pt (val_answer_loss=0.059551)
epoch 14/20 train loss=0.0011 acc=1.0000 em=1.0000 | val loss=0.0575 acc=0.9824 em=0.8695 | random‚Čą0.0020
  saved best.pt (val_answer_loss=0.057530)
epoch 15/20 train loss=0.0009 acc=1.0000 em=1.0000 | val loss=0.0560 acc=0.9827 em=0.8720 | random‚Čą0.0020
  saved best.pt (val_answer_loss=0.056009)
epoch 16/20 train loss=0.0008 acc=1.0000 em=1.0000 | val loss=0.0547 acc=0.9834 em=0.8770 | random‚Čą0.0020
  saved best.pt (val_answer_loss=0.054673)
epoch 17/20 train loss=0.0007 acc=1.0000 em=1.0000 | val loss=0.0532 acc=0.9834 em=0.8790 | random‚Čą0.0020
  saved best.pt (val_answer_loss=0.053233)
epoch 18/20 train loss=0.0006 acc=1.0000 em=1.0000 | val loss=0.0517 acc=0.9837 em=0.8805 | random‚Čą0.0020
  saved best.pt (val_answer_loss=0.051740)
epoch 19/20 train loss=0.0005 acc=1.0000 em=1.0000 | val loss=0.0512 acc=0.9839 em=0.8815 | random‚Čą0.0020
  saved best.pt (val_answer_loss=0.051152)
epoch 20/20 train loss=0.0005 acc=1.0000 em=1.0000 | val loss=0.0504 acc=0.9844 em=0.8840 | random‚Čą0.0020
  saved best.pt (val_answer_loss=0.050398)
test answer_loss=0.052371 test_acc=0.983750 test_em=0.874500 random_baseline‚Čą0.001953
done. meta_metrics ‚Üí /home/jovyan/shares/SR008.fs2/nvidenisov/other/repos/mamba/mamba_multi_scale_get_started/outputs/MQAR/mqar_mamba2_depth6_len128_easy_kv4_vocab256/meta_metrics.csv
