experiment=mqar_mamba2_depth4_len128_easy_kv16_vocab_512 device=cuda:0 out_dir=/home/jovyan/shares/SR008.fs2/nvidenisov/other/repos/mamba/mamba_multi_scale_get_started/outputs/MQAR/mqar_mamba2_depth4_len128_easy_kv16_vocab_512
mqar data: fixed_examples=True random_baseline_acc‚Čą1/vocab=0.001953 (vocab_size=512)
epoch 1/20 train loss=5.5495 acc=0.0047 em=0.0000 | val loss=5.5617 acc=0.0036 em=0.0000 | random‚Čą0.0020
  saved best.pt (val_answer_loss=5.561681)
epoch 2/20 train loss=5.4589 acc=0.0319 em=0.0000 | val loss=5.5002 acc=0.0293 em=0.0000 | random‚Čą0.0020
  saved best.pt (val_answer_loss=5.500170)
epoch 3/20 train loss=5.1882 acc=0.0626 em=0.0000 | val loss=5.3191 acc=0.0558 em=0.0000 | random‚Čą0.0020
  saved best.pt (val_answer_loss=5.319111)
epoch 4/20 train loss=4.5828 acc=0.1244 em=0.0000 | val loss=4.8129 acc=0.0989 em=0.0000 | random‚Čą0.0020
  saved best.pt (val_answer_loss=4.812878)
epoch 5/20 train loss=1.4656 acc=0.7214 em=0.0036 | val loss=1.6223 acc=0.6723 em=0.0020 | random‚Čą0.0020
  saved best.pt (val_answer_loss=1.622291)
epoch 6/20 train loss=0.1778 acc=0.9808 em=0.7363 | val loss=0.2344 acc=0.9632 em=0.5390 | random‚Čą0.0020
  saved best.pt (val_answer_loss=0.234412)
epoch 7/20 train loss=0.0375 acc=0.9988 em=0.9806 | val loss=0.0654 acc=0.9915 em=0.8770 | random‚Čą0.0020
  saved best.pt (val_answer_loss=0.065440)
epoch 8/20 train loss=0.0144 acc=1.0000 em=0.9999 | val loss=0.0332 acc=0.9958 em=0.9335 | random‚Čą0.0020
  saved best.pt (val_answer_loss=0.033150)
epoch 9/20 train loss=0.0079 acc=1.0000 em=1.0000 | val loss=0.0222 acc=0.9972 em=0.9570 | random‚Čą0.0020
  saved best.pt (val_answer_loss=0.022203)
epoch 10/20 train loss=0.0054 acc=1.0000 em=1.0000 | val loss=0.0174 acc=0.9977 em=0.9635 | random‚Čą0.0020
  saved best.pt (val_answer_loss=0.017384)
epoch 11/20 train loss=0.0040 acc=1.0000 em=1.0000 | val loss=0.0144 acc=0.9978 em=0.9665 | random‚Čą0.0020
  saved best.pt (val_answer_loss=0.014404)
epoch 12/20 train loss=0.0031 acc=1.0000 em=1.0000 | val loss=0.0121 acc=0.9983 em=0.9735 | random‚Čą0.0020
  saved best.pt (val_answer_loss=0.012141)
epoch 13/20 train loss=0.0025 acc=1.0000 em=1.0000 | val loss=0.0105 acc=0.9985 em=0.9765 | random‚Čą0.0020
  saved best.pt (val_answer_loss=0.010546)
epoch 14/20 train loss=0.0020 acc=1.0000 em=1.0000 | val loss=0.0093 acc=0.9988 em=0.9810 | random‚Čą0.0020
  saved best.pt (val_answer_loss=0.009308)
epoch 15/20 train loss=0.0017 acc=1.0000 em=1.0000 | val loss=0.0084 acc=0.9987 em=0.9800 | random‚Čą0.0020
  saved best.pt (val_answer_loss=0.008441)
epoch 16/20 train loss=0.0014 acc=1.0000 em=1.0000 | val loss=0.0074 acc=0.9990 em=0.9835 | random‚Čą0.0020
  saved best.pt (val_answer_loss=0.007445)
epoch 17/20 train loss=0.0012 acc=1.0000 em=1.0000 | val loss=0.0069 acc=0.9991 em=0.9855 | random‚Čą0.0020
  saved best.pt (val_answer_loss=0.006882)
epoch 18/20 train loss=0.0010 acc=1.0000 em=1.0000 | val loss=0.0063 acc=0.9990 em=0.9850 | random‚Čą0.0020
  saved best.pt (val_answer_loss=0.006337)
epoch 19/20 train loss=0.0009 acc=1.0000 em=1.0000 | val loss=0.0058 acc=0.9990 em=0.9840 | random‚Čą0.0020
  saved best.pt (val_answer_loss=0.005792)
epoch 20/20 train loss=0.0008 acc=1.0000 em=1.0000 | val loss=0.0054 acc=0.9991 em=0.9855 | random‚Čą0.0020
  saved best.pt (val_answer_loss=0.005411)
test answer_loss=0.004863 test_acc=0.999250 test_em=0.989500 random_baseline‚Čą0.001953
done. meta_metrics ‚Üí /home/jovyan/shares/SR008.fs2/nvidenisov/other/repos/mamba/mamba_multi_scale_get_started/outputs/MQAR/mqar_mamba2_depth4_len128_easy_kv16_vocab_512/meta_metrics.csv
