mqar_split_hashes: n_train=20000 uniq_train=20000 | n_val=2000 uniq_val=2000 | n_test=2000 uniq_test=2000
mqar_answer_positions[train]: min=16 mean=16.0000 max=16 (expected 16 per sample)
mqar_answer_positions[val]: min=16 mean=16.0000 max=16 (expected 16 per sample)
mqar_answer_positions[test]: min=16 mean=16.0000 max=16 (expected 16 per sample)
experiment=mqar_fail_mamba2_slow_init_v704_seed48 device=cuda:0 out_dir=/home/jovyan/shares/SR008.fs2/nvidenisov/other/repos/mamba/mamba_multi_scale_get_started/outputs/MQARFailureSweep/mqar_fail_mamba2_slow_init_v704_seed48
mqar data: fixed_examples=True random_baseline_acc≈1/vocab=0.001420 (vocab_size=704)
--- mqar resolved config (sanity) ---
  experiment.name: mqar_fail_mamba2_slow_init_v704_seed48
  model.backbone: mamba2_lm
  model.layer_headdims: [32, 32, 32, 32]
  model.multiscale.fast_layer_headdims: —
  model.multiscale.slow_layer_headdims: —
  model.multiscale.window_size: —
  model.multiscale.offsets: —
  model.multiscale.summary_mode: —
  model.multiscale.causal_mode: —
  model.multiscale.gate_type: —
  data.input_seq_len: 128
  data.num_kv_pairs: 16
  data.vocab_size: 704
  data.train_examples: 20000  val_examples: 2000  test_examples: 2000
  data.fixed_examples: True
  data.min_query_pos: null
  train.lr: 0.0003
  train.epochs: 20
  num_parameters_trainable: 2030208
  tags(backbone,fusion,stride): mamba2_lm, , 
--- end resolved config ---
epoch 1/20 train loss=5.8674 acc=0.0038 em=0.0000 | val loss=5.8788 acc=0.0027 em=0.0000 | random≈0.0014
  saved best_loss.pt (val_answer_loss=5.878837)
  saved best_acc.pt (val_answer_accuracy=0.002687)
epoch 2/20 train loss=5.8315 acc=0.0145 em=0.0000 | val loss=5.8715 acc=0.0111 em=0.0000 | random≈0.0014
  saved best_loss.pt (val_answer_loss=5.871538)
  saved best_acc.pt (val_answer_accuracy=0.011062)
epoch 3/20 train loss=5.6231 acc=0.0472 em=0.0000 | val loss=5.7630 acc=0.0413 em=0.0000 | random≈0.0014
  saved best_loss.pt (val_answer_loss=5.763012)
  saved best_acc.pt (val_answer_accuracy=0.041281)
epoch 4/20 train loss=5.0188 acc=0.1313 em=0.0000 | val loss=5.3101 acc=0.1068 em=0.0000 | random≈0.0014
  saved best_loss.pt (val_answer_loss=5.310100)
  saved best_acc.pt (val_answer_accuracy=0.106844)
epoch 5/20 train loss=2.3431 acc=0.5364 em=0.0000 | val loss=2.5650 acc=0.4879 em=0.0000 | random≈0.0014
  saved best_loss.pt (val_answer_loss=2.565004)
  saved best_acc.pt (val_answer_accuracy=0.487906)
epoch 6/20 train loss=0.3652 acc=0.9393 em=0.3681 | val loss=0.4725 acc=0.9072 em=0.2140 | random≈0.0014
  saved best_loss.pt (val_answer_loss=0.472493)
  saved best_acc.pt (val_answer_accuracy=0.907219)
epoch 7/20 train loss=0.0768 acc=0.9915 em=0.8726 | val loss=0.1305 acc=0.9758 em=0.6815 | random≈0.0014
  saved best_loss.pt (val_answer_loss=0.130550)
  saved best_acc.pt (val_answer_accuracy=0.975844)
epoch 8/20 train loss=0.0218 acc=0.9993 em=0.9887 | val loss=0.0525 acc=0.9907 em=0.8635 | random≈0.0014
  saved best_loss.pt (val_answer_loss=0.052511)
  saved best_acc.pt (val_answer_accuracy=0.990688)
epoch 9/20 train loss=0.0093 acc=1.0000 em=0.9998 | val loss=0.0294 acc=0.9950 em=0.9260 | random≈0.0014
  saved best_loss.pt (val_answer_loss=0.029437)
  saved best_acc.pt (val_answer_accuracy=0.995031)
epoch 10/20 train loss=0.0057 acc=1.0000 em=1.0000 | val loss=0.0220 acc=0.9961 em=0.9400 | random≈0.0014
  saved best_loss.pt (val_answer_loss=0.022048)
  saved best_acc.pt (val_answer_accuracy=0.996125)
epoch 11/20 train loss=0.0041 acc=1.0000 em=1.0000 | val loss=0.0187 acc=0.9966 em=0.9470 | random≈0.0014
  saved best_loss.pt (val_answer_loss=0.018734)
  saved best_acc.pt (val_answer_accuracy=0.996563)
epoch 12/20 train loss=0.0032 acc=1.0000 em=1.0000 | val loss=0.0162 acc=0.9968 em=0.9505 | random≈0.0014
  saved best_loss.pt (val_answer_loss=0.016232)
  saved best_acc.pt (val_answer_accuracy=0.996750)
epoch 13/20 train loss=0.0025 acc=1.0000 em=1.0000 | val loss=0.0147 acc=0.9970 em=0.9535 | random≈0.0014
  saved best_loss.pt (val_answer_loss=0.014714)
  saved best_acc.pt (val_answer_accuracy=0.996969)
epoch 14/20 train loss=0.0021 acc=1.0000 em=1.0000 | val loss=0.0134 acc=0.9971 em=0.9555 | random≈0.0014
  saved best_loss.pt (val_answer_loss=0.013380)
  saved best_acc.pt (val_answer_accuracy=0.997094)
epoch 15/20 train loss=0.0017 acc=1.0000 em=1.0000 | val loss=0.0122 acc=0.9975 em=0.9610 | random≈0.0014
  saved best_loss.pt (val_answer_loss=0.012170)
  saved best_acc.pt (val_answer_accuracy=0.997469)
epoch 16/20 train loss=0.0015 acc=1.0000 em=1.0000 | val loss=0.0113 acc=0.9975 em=0.9615 | random≈0.0014
  saved best_loss.pt (val_answer_loss=0.011286)
epoch 17/20 train loss=0.0013 acc=1.0000 em=1.0000 | val loss=0.0105 acc=0.9977 em=0.9645 | random≈0.0014
  saved best_loss.pt (val_answer_loss=0.010489)
  saved best_acc.pt (val_answer_accuracy=0.997719)
epoch 18/20 train loss=0.0011 acc=1.0000 em=1.0000 | val loss=0.0098 acc=0.9978 em=0.9670 | random≈0.0014
  saved best_loss.pt (val_answer_loss=0.009808)
epoch 19/20 train loss=0.0009 acc=1.0000 em=1.0000 | val loss=0.0092 acc=0.9979 em=0.9680 | random≈0.0014
  saved best_loss.pt (val_answer_loss=0.009201)
  saved best_acc.pt (val_answer_accuracy=0.997875)
epoch 20/20 train loss=0.0008 acc=1.0000 em=1.0000 | val loss=0.0088 acc=0.9980 em=0.9695 | random≈0.0014
  saved best_loss.pt (val_answer_loss=0.008815)
test [best_loss_ckpt] loss=0.008000 acc=0.997938 em=0.967000
test [best_acc_ckpt]  loss=0.008463 acc=0.997875 em=0.966500 random_baseline≈0.001420
done. meta_metrics → /home/jovyan/shares/SR008.fs2/nvidenisov/other/repos/mamba/mamba_multi_scale_get_started/outputs/MQARFailureSweep/mqar_fail_mamba2_slow_init_v704_seed48/meta_metrics.csv
