mqar_split_hashes: n_train=20000 uniq_train=20000 | n_val=2000 uniq_val=2000 | n_test=2000 uniq_test=2000
mqar_answer_positions[train]: min=16 mean=16.0000 max=16 (expected 16 per sample)
mqar_answer_positions[val]: min=16 mean=16.0000 max=16 (expected 16 per sample)
mqar_answer_positions[test]: min=16 mean=16.0000 max=16 (expected 16 per sample)
experiment=mqar_fail_mamba2_split_ts_50_50_v768_seed42 device=cuda:0 out_dir=/home/jovyan/shares/SR008.fs2/nvidenisov/other/repos/mamba/mamba_multi_scale_get_started/outputs/MQARFailureSweep/mqar_fail_mamba2_split_ts_50_50_v768_seed42
mqar data: fixed_examples=True random_baseline_acc≈1/vocab=0.001302 (vocab_size=768)
--- mqar resolved config (sanity) ---
  experiment.name: mqar_fail_mamba2_split_ts_50_50_v768_seed42
  model.backbone: mamba2_lm
  model.layer_headdims: [32, 32, 32, 32]
  model.multiscale.fast_layer_headdims: —
  model.multiscale.slow_layer_headdims: —
  model.multiscale.window_size: —
  model.multiscale.offsets: —
  model.multiscale.summary_mode: —
  model.multiscale.causal_mode: —
  model.multiscale.gate_type: —
  data.input_seq_len: 128
  data.num_kv_pairs: 16
  data.vocab_size: 768
  data.train_examples: 20000  val_examples: 2000  test_examples: 2000
  data.fixed_examples: True
  data.min_query_pos: null
  train.lr: 0.0003
  train.epochs: 20
  num_parameters_trainable: 2063040
  tags(backbone,fusion,stride): mamba2_lm, , 
--- end resolved config ---
epoch 1/20 train loss=5.9557 acc=0.0035 em=0.0000 | val loss=5.9691 acc=0.0029 em=0.0000 | random≈0.0013
  saved best_loss.pt (val_answer_loss=5.969062)
  saved best_acc.pt (val_answer_accuracy=0.002906)
epoch 2/20 train loss=5.9234 acc=0.0110 em=0.0000 | val loss=5.9590 acc=0.0095 em=0.0000 | random≈0.0013
  saved best_loss.pt (val_answer_loss=5.958973)
  saved best_acc.pt (val_answer_accuracy=0.009469)
epoch 3/20 train loss=5.7622 acc=0.0393 em=0.0000 | val loss=5.8852 acc=0.0348 em=0.0000 | random≈0.0013
  saved best_loss.pt (val_answer_loss=5.885172)
  saved best_acc.pt (val_answer_accuracy=0.034750)
epoch 4/20 train loss=5.4333 acc=0.0701 em=0.0000 | val loss=5.7352 acc=0.0501 em=0.0000 | random≈0.0013
  saved best_loss.pt (val_answer_loss=5.735213)
  saved best_acc.pt (val_answer_accuracy=0.050063)
epoch 5/20 train loss=4.6872 acc=0.1840 em=0.0000 | val loss=5.1151 acc=0.1351 em=0.0000 | random≈0.0013
  saved best_loss.pt (val_answer_loss=5.115056)
  saved best_acc.pt (val_answer_accuracy=0.135125)
epoch 6/20 train loss=1.4626 acc=0.7791 em=0.0147 | val loss=1.6811 acc=0.7236 em=0.0025 | random≈0.0013
  saved best_loss.pt (val_answer_loss=1.681061)
  saved best_acc.pt (val_answer_accuracy=0.723594)
epoch 7/20 train loss=0.1524 acc=0.9857 em=0.7963 | val loss=0.2226 acc=0.9680 em=0.5900 | random≈0.0013
  saved best_loss.pt (val_answer_loss=0.222575)
  saved best_acc.pt (val_answer_accuracy=0.967969)
epoch 8/20 train loss=0.0351 acc=0.9991 em=0.9855 | val loss=0.0697 acc=0.9902 em=0.8520 | random≈0.0013
  saved best_loss.pt (val_answer_loss=0.069679)
  saved best_acc.pt (val_answer_accuracy=0.990219)
epoch 9/20 train loss=0.0148 acc=1.0000 em=0.9999 | val loss=0.0371 acc=0.9955 em=0.9315 | random≈0.0013
  saved best_loss.pt (val_answer_loss=0.037087)
  saved best_acc.pt (val_answer_accuracy=0.995531)
epoch 10/20 train loss=0.0089 acc=1.0000 em=1.0000 | val loss=0.0268 acc=0.9969 em=0.9515 | random≈0.0013
  saved best_loss.pt (val_answer_loss=0.026756)
  saved best_acc.pt (val_answer_accuracy=0.996875)
epoch 11/20 train loss=0.0063 acc=1.0000 em=1.0000 | val loss=0.0213 acc=0.9970 em=0.9545 | random≈0.0013
  saved best_loss.pt (val_answer_loss=0.021349)
  saved best_acc.pt (val_answer_accuracy=0.997031)
epoch 12/20 train loss=0.0048 acc=1.0000 em=1.0000 | val loss=0.0178 acc=0.9973 em=0.9585 | random≈0.0013
  saved best_loss.pt (val_answer_loss=0.017838)
  saved best_acc.pt (val_answer_accuracy=0.997281)
epoch 13/20 train loss=0.0038 acc=1.0000 em=1.0000 | val loss=0.0152 acc=0.9976 em=0.9635 | random≈0.0013
  saved best_loss.pt (val_answer_loss=0.015218)
  saved best_acc.pt (val_answer_accuracy=0.997594)
epoch 14/20 train loss=0.0031 acc=1.0000 em=1.0000 | val loss=0.0135 acc=0.9978 em=0.9670 | random≈0.0013
  saved best_loss.pt (val_answer_loss=0.013450)
  saved best_acc.pt (val_answer_accuracy=0.997844)
epoch 15/20 train loss=0.0026 acc=1.0000 em=1.0000 | val loss=0.0120 acc=0.9980 em=0.9700 | random≈0.0013
  saved best_loss.pt (val_answer_loss=0.012016)
  saved best_acc.pt (val_answer_accuracy=0.998031)
epoch 16/20 train loss=0.0021 acc=1.0000 em=1.0000 | val loss=0.0106 acc=0.9983 em=0.9745 | random≈0.0013
  saved best_loss.pt (val_answer_loss=0.010626)
  saved best_acc.pt (val_answer_accuracy=0.998281)
epoch 17/20 train loss=0.0018 acc=1.0000 em=1.0000 | val loss=0.0098 acc=0.9984 em=0.9755 | random≈0.0013
  saved best_loss.pt (val_answer_loss=0.009789)
  saved best_acc.pt (val_answer_accuracy=0.998406)
epoch 18/20 train loss=0.0016 acc=1.0000 em=1.0000 | val loss=0.0088 acc=0.9986 em=0.9785 | random≈0.0013
  saved best_loss.pt (val_answer_loss=0.008780)
  saved best_acc.pt (val_answer_accuracy=0.998594)
epoch 19/20 train loss=0.0014 acc=1.0000 em=1.0000 | val loss=0.0081 acc=0.9986 em=0.9785 | random≈0.0013
  saved best_loss.pt (val_answer_loss=0.008095)
epoch 20/20 train loss=0.0012 acc=1.0000 em=1.0000 | val loss=0.0074 acc=0.9988 em=0.9815 | random≈0.0013
  saved best_loss.pt (val_answer_loss=0.007369)
  saved best_acc.pt (val_answer_accuracy=0.998781)
test [best_loss_ckpt] loss=0.007069 acc=0.998812 em=0.981000
test [best_acc_ckpt]  loss=0.007069 acc=0.998812 em=0.981000 random_baseline≈0.001302
done. meta_metrics → /home/jovyan/shares/SR008.fs2/nvidenisov/other/repos/mamba/mamba_multi_scale_get_started/outputs/MQARFailureSweep/mqar_fail_mamba2_split_ts_50_50_v768_seed42/meta_metrics.csv
