mqar_split_hashes: n_train=20000 uniq_train=20000 | n_val=2000 uniq_val=2000 | n_test=2000 uniq_test=2000
mqar_answer_positions[train]: min=16 mean=16.0000 max=16 (expected 16 per sample)
mqar_answer_positions[val]: min=16 mean=16.0000 max=16 (expected 16 per sample)
mqar_answer_positions[test]: min=16 mean=16.0000 max=16 (expected 16 per sample)
experiment=mqar_fail_mamba2_slow_init_v512_seed45 device=cuda:0 out_dir=/home/jovyan/shares/SR008.fs2/nvidenisov/other/repos/mamba/mamba_multi_scale_get_started/outputs/MQARFailureSweep/mqar_fail_mamba2_slow_init_v512_seed45
mqar data: fixed_examples=True random_baseline_acc≈1/vocab=0.001953 (vocab_size=512)
--- mqar resolved config (sanity) ---
  experiment.name: mqar_fail_mamba2_slow_init_v512_seed45
  model.backbone: mamba2_lm
  model.layer_headdims: [32, 32, 32, 32]
  model.multiscale.fast_layer_headdims: —
  model.multiscale.slow_layer_headdims: —
  model.multiscale.window_size: —
  model.multiscale.offsets: —
  model.multiscale.summary_mode: —
  model.multiscale.causal_mode: —
  model.multiscale.gate_type: —
  data.input_seq_len: 128
  data.num_kv_pairs: 16
  data.vocab_size: 512
  data.train_examples: 20000  val_examples: 2000  test_examples: 2000
  data.fixed_examples: True
  data.min_query_pos: null
  train.lr: 0.0003
  train.epochs: 20
  num_parameters_trainable: 1931712
  tags(backbone,fusion,stride): mamba2_lm, , 
--- end resolved config ---
epoch 1/20 train loss=5.5495 acc=0.0049 em=0.0000 | val loss=5.5584 acc=0.0039 em=0.0000 | random≈0.0020
  saved best_loss.pt (val_answer_loss=5.558360)
  saved best_acc.pt (val_answer_accuracy=0.003906)
epoch 2/20 train loss=5.5110 acc=0.0152 em=0.0000 | val loss=5.5437 acc=0.0121 em=0.0000 | random≈0.0020
  saved best_loss.pt (val_answer_loss=5.543700)
  saved best_acc.pt (val_answer_accuracy=0.012094)
epoch 3/20 train loss=5.1546 acc=0.0643 em=0.0000 | val loss=5.2976 acc=0.0536 em=0.0000 | random≈0.0020
  saved best_loss.pt (val_answer_loss=5.297601)
  saved best_acc.pt (val_answer_accuracy=0.053562)
epoch 4/20 train loss=3.4222 acc=0.3155 em=0.0000 | val loss=3.5935 acc=0.2837 em=0.0000 | random≈0.0020
  saved best_loss.pt (val_answer_loss=3.593473)
  saved best_acc.pt (val_answer_accuracy=0.283656)
epoch 5/20 train loss=0.5332 acc=0.8990 em=0.1815 | val loss=0.6395 acc=0.8638 em=0.0910 | random≈0.0020
  saved best_loss.pt (val_answer_loss=0.639517)
  saved best_acc.pt (val_answer_accuracy=0.863750)
epoch 6/20 train loss=0.0894 acc=0.9887 em=0.8359 | val loss=0.1360 acc=0.9739 em=0.6565 | random≈0.0020
  saved best_loss.pt (val_answer_loss=0.136020)
  saved best_acc.pt (val_answer_accuracy=0.973906)
epoch 7/20 train loss=0.0210 acc=0.9993 em=0.9882 | val loss=0.0472 acc=0.9912 em=0.8705 | random≈0.0020
  saved best_loss.pt (val_answer_loss=0.047250)
  saved best_acc.pt (val_answer_accuracy=0.991156)
epoch 8/20 train loss=0.0081 acc=1.0000 em=0.9997 | val loss=0.0257 acc=0.9955 em=0.9300 | random≈0.0020
  saved best_loss.pt (val_answer_loss=0.025652)
  saved best_acc.pt (val_answer_accuracy=0.995500)
epoch 9/20 train loss=0.0046 acc=1.0000 em=1.0000 | val loss=0.0180 acc=0.9966 em=0.9460 | random≈0.0020
  saved best_loss.pt (val_answer_loss=0.018046)
  saved best_acc.pt (val_answer_accuracy=0.996625)
epoch 10/20 train loss=0.0033 acc=1.0000 em=1.0000 | val loss=0.0148 acc=0.9972 em=0.9555 | random≈0.0020
  saved best_loss.pt (val_answer_loss=0.014799)
  saved best_acc.pt (val_answer_accuracy=0.997219)
epoch 11/20 train loss=0.0025 acc=1.0000 em=1.0000 | val loss=0.0126 acc=0.9973 em=0.9570 | random≈0.0020
  saved best_loss.pt (val_answer_loss=0.012613)
epoch 12/20 train loss=0.0019 acc=1.0000 em=1.0000 | val loss=0.0111 acc=0.9975 em=0.9610 | random≈0.0020
  saved best_loss.pt (val_answer_loss=0.011119)
  saved best_acc.pt (val_answer_accuracy=0.997531)
epoch 13/20 train loss=0.0015 acc=1.0000 em=1.0000 | val loss=0.0099 acc=0.9978 em=0.9645 | random≈0.0020
  saved best_loss.pt (val_answer_loss=0.009930)
  saved best_acc.pt (val_answer_accuracy=0.997781)
epoch 14/20 train loss=0.0013 acc=1.0000 em=1.0000 | val loss=0.0089 acc=0.9979 em=0.9680 | random≈0.0020
  saved best_loss.pt (val_answer_loss=0.008887)
  saved best_acc.pt (val_answer_accuracy=0.997938)
epoch 15/20 train loss=0.0011 acc=1.0000 em=1.0000 | val loss=0.0083 acc=0.9981 em=0.9700 | random≈0.0020
  saved best_loss.pt (val_answer_loss=0.008261)
  saved best_acc.pt (val_answer_accuracy=0.998094)
epoch 16/20 train loss=0.0009 acc=1.0000 em=1.0000 | val loss=0.0076 acc=0.9982 em=0.9710 | random≈0.0020
  saved best_loss.pt (val_answer_loss=0.007556)
epoch 17/20 train loss=0.0008 acc=1.0000 em=1.0000 | val loss=0.0070 acc=0.9982 em=0.9720 | random≈0.0020
  saved best_loss.pt (val_answer_loss=0.007016)
  saved best_acc.pt (val_answer_accuracy=0.998219)
epoch 18/20 train loss=0.0007 acc=1.0000 em=1.0000 | val loss=0.0065 acc=0.9983 em=0.9740 | random≈0.0020
  saved best_loss.pt (val_answer_loss=0.006521)
  saved best_acc.pt (val_answer_accuracy=0.998344)
epoch 19/20 train loss=0.0006 acc=1.0000 em=1.0000 | val loss=0.0061 acc=0.9986 em=0.9785 | random≈0.0020
  saved best_loss.pt (val_answer_loss=0.006100)
  saved best_acc.pt (val_answer_accuracy=0.998625)
epoch 20/20 train loss=0.0005 acc=1.0000 em=1.0000 | val loss=0.0057 acc=0.9986 em=0.9780 | random≈0.0020
  saved best_loss.pt (val_answer_loss=0.005657)
test [best_loss_ckpt] loss=0.005675 acc=0.998500 em=0.976500
test [best_acc_ckpt]  loss=0.006073 acc=0.998469 em=0.976000 random_baseline≈0.001953
done. meta_metrics → /home/jovyan/shares/SR008.fs2/nvidenisov/other/repos/mamba/mamba_multi_scale_get_started/outputs/MQARFailureSweep/mqar_fail_mamba2_slow_init_v512_seed45/meta_metrics.csv
