experiment=mqar_mamba2_depth6_len128_easy_kv4_vocab256 device=cuda:0 out_dir=/home/jovyan/shares/SR008.fs2/nvidenisov/other/repos/mamba/mamba_multi_scale_get_started/outputs/MQAR/mqar_mamba2_depth6_len128_easy_kv4_vocab256
mqar data: fixed_examples=True random_baseline_acc≈1/vocab=0.003906 (vocab_size=256)
epoch 1/20 train loss=4.8104 acc=0.0184 em=0.0000 | val loss=4.8552 acc=0.0107 em=0.0000 | random≈0.0039
  saved best.pt (val_answer_loss=4.855236)
epoch 2/20 train loss=3.1026 acc=0.2805 em=0.0001 | val loss=3.3482 acc=0.2352 em=0.0000 | random≈0.0039
  saved best.pt (val_answer_loss=3.348172)
epoch 3/20 train loss=1.8492 acc=0.3622 em=0.0048 | val loss=2.2137 acc=0.2650 em=0.0005 | random≈0.0039
  saved best.pt (val_answer_loss=2.213710)
epoch 4/20 train loss=1.0223 acc=0.6764 em=0.1611 | val loss=1.4725 acc=0.5136 em=0.0345 | random≈0.0039
  saved best.pt (val_answer_loss=1.472474)
epoch 5/20 train loss=0.1802 acc=0.9584 em=0.8411 | val loss=0.3604 acc=0.8934 em=0.6240 | random≈0.0039
  saved best.pt (val_answer_loss=0.360353)
epoch 6/20 train loss=0.0647 acc=0.9852 em=0.9415 | val loss=0.1469 acc=0.9570 em=0.8345 | random≈0.0039
  saved best.pt (val_answer_loss=0.146898)
epoch 7/20 train loss=0.0288 acc=0.9946 em=0.9786 | val loss=0.0689 acc=0.9794 em=0.9190 | random≈0.0039
  saved best.pt (val_answer_loss=0.068924)
epoch 8/20 train loss=0.0157 acc=0.9972 em=0.9890 | val loss=0.0447 acc=0.9889 em=0.9555 | random≈0.0039
  saved best.pt (val_answer_loss=0.044692)
epoch 9/20 train loss=0.0095 acc=0.9983 em=0.9931 | val loss=0.0329 acc=0.9910 em=0.9640 | random≈0.0039
  saved best.pt (val_answer_loss=0.032900)
epoch 10/20 train loss=0.0057 acc=0.9992 em=0.9969 | val loss=0.0263 acc=0.9911 em=0.9645 | random≈0.0039
  saved best.pt (val_answer_loss=0.026300)
epoch 11/20 train loss=0.0027 acc=0.9998 em=0.9992 | val loss=0.0170 acc=0.9952 em=0.9810 | random≈0.0039
  saved best.pt (val_answer_loss=0.016966)
epoch 12/20 train loss=0.0019 acc=0.9999 em=0.9996 | val loss=0.0142 acc=0.9968 em=0.9870 | random≈0.0039
  saved best.pt (val_answer_loss=0.014157)
epoch 13/20 train loss=0.0012 acc=1.0000 em=0.9998 | val loss=0.0099 acc=0.9974 em=0.9895 | random≈0.0039
  saved best.pt (val_answer_loss=0.009879)
epoch 14/20 train loss=0.0010 acc=1.0000 em=0.9999 | val loss=0.0089 acc=0.9978 em=0.9910 | random≈0.0039
  saved best.pt (val_answer_loss=0.008865)
epoch 15/20 train loss=0.0008 acc=1.0000 em=0.9999 | val loss=0.0090 acc=0.9975 em=0.9900 | random≈0.0039
epoch 16/20 train loss=0.0020 acc=0.9997 em=0.9987 | val loss=0.0166 acc=0.9946 em=0.9785 | random≈0.0039
epoch 17/20 train loss=0.0140 acc=0.9968 em=0.9873 | val loss=0.0434 acc=0.9858 em=0.9445 | random≈0.0039
epoch 18/20 train loss=0.0118 acc=0.9968 em=0.9873 | val loss=0.0233 acc=0.9922 em=0.9695 | random≈0.0039
early stopping at epoch 18: val answer_loss did not improve by min_delta=0.0001 for 4 epochs
test answer_loss=0.010496 test_acc=0.997000 test_em=0.988000 random_baseline≈0.003906
done. meta_metrics → /home/jovyan/shares/SR008.fs2/nvidenisov/other/repos/mamba/mamba_multi_scale_get_started/outputs/MQAR/mqar_mamba2_depth6_len128_easy_kv4_vocab256/meta_metrics.csv
experiment=mqar_mamba2_depth6_len128_easy_kv4_vocab256 device=cuda:0 out_dir=/home/jovyan/shares/SR008.fs2/nvidenisov/other/repos/mamba/mamba_multi_scale_get_started/outputs/MQAR/mqar_mamba2_depth6_len128_easy_kv4_vocab256
mqar data: fixed_examples=True random_baseline_acc≈1/vocab=0.003906 (vocab_size=256)
epoch 1/20 train loss=4.8453 acc=0.0121 em=0.0000 | val loss=4.8663 acc=0.0091 em=0.0000 | random≈0.0039
  saved best.pt (val_answer_loss=4.866340)
epoch 2/20 train loss=4.1865 acc=0.1258 em=0.0000 | val loss=4.3330 acc=0.1092 em=0.0000 | random≈0.0039
  saved best.pt (val_answer_loss=4.333028)
epoch 3/20 train loss=2.9475 acc=0.1713 em=0.0000 | val loss=3.1687 acc=0.1241 em=0.0000 | random≈0.0039
  saved best.pt (val_answer_loss=3.168698)
epoch 4/20 train loss=1.8969 acc=0.4249 em=0.0001 | val loss=2.2278 acc=0.3226 em=0.0000 | random≈0.0039
  saved best.pt (val_answer_loss=2.227759)
epoch 5/20 train loss=0.2327 acc=0.9474 em=0.6451 | val loss=0.3379 acc=0.9052 em=0.4425 | random≈0.0039
  saved best.pt (val_answer_loss=0.337901)
epoch 6/20 train loss=0.0394 acc=0.9946 em=0.9572 | val loss=0.0747 acc=0.9819 em=0.8620 | random≈0.0039
  saved best.pt (val_answer_loss=0.074700)
epoch 7/20 train loss=0.0091 acc=0.9996 em=0.9970 | val loss=0.0258 acc=0.9945 em=0.9570 | random≈0.0039
  saved best.pt (val_answer_loss=0.025838)
epoch 8/20 train loss=0.0029 acc=1.0000 em=1.0000 | val loss=0.0127 acc=0.9971 em=0.9770 | random≈0.0039
  saved best.pt (val_answer_loss=0.012740)
epoch 9/20 train loss=0.0017 acc=1.0000 em=1.0000 | val loss=0.0091 acc=0.9983 em=0.9865 | random≈0.0039
  saved best.pt (val_answer_loss=0.009051)
epoch 10/20 train loss=0.0012 acc=1.0000 em=1.0000 | val loss=0.0080 acc=0.9982 em=0.9860 | random≈0.0039
  saved best.pt (val_answer_loss=0.007958)
epoch 11/20 train loss=0.0010 acc=1.0000 em=1.0000 | val loss=0.0071 acc=0.9984 em=0.9875 | random≈0.0039
  saved best.pt (val_answer_loss=0.007099)
epoch 12/20 train loss=0.0008 acc=1.0000 em=1.0000 | val loss=0.0065 acc=0.9984 em=0.9875 | random≈0.0039
  saved best.pt (val_answer_loss=0.006468)
epoch 13/20 train loss=0.0007 acc=1.0000 em=1.0000 | val loss=0.0060 acc=0.9984 em=0.9870 | random≈0.0039
  saved best.pt (val_answer_loss=0.006020)
epoch 14/20 train loss=0.0006 acc=1.0000 em=1.0000 | val loss=0.0056 acc=0.9984 em=0.9875 | random≈0.0039
  saved best.pt (val_answer_loss=0.005565)
epoch 15/20 train loss=0.0005 acc=1.0000 em=1.0000 | val loss=0.0053 acc=0.9984 em=0.9875 | random≈0.0039
  saved best.pt (val_answer_loss=0.005282)
epoch 16/20 train loss=0.0004 acc=1.0000 em=1.0000 | val loss=0.0050 acc=0.9986 em=0.9885 | random≈0.0039
  saved best.pt (val_answer_loss=0.004991)
epoch 17/20 train loss=0.0004 acc=1.0000 em=1.0000 | val loss=0.0047 acc=0.9988 em=0.9905 | random≈0.0039
  saved best.pt (val_answer_loss=0.004741)
epoch 18/20 train loss=0.0003 acc=1.0000 em=1.0000 | val loss=0.0045 acc=0.9989 em=0.9910 | random≈0.0039
  saved best.pt (val_answer_loss=0.004499)
epoch 19/20 train loss=0.0003 acc=1.0000 em=1.0000 | val loss=0.0042 acc=0.9989 em=0.9910 | random≈0.0039
  saved best.pt (val_answer_loss=0.004246)
epoch 20/20 train loss=0.0002 acc=1.0000 em=1.0000 | val loss=0.0040 acc=0.9991 em=0.9925 | random≈0.0039
  saved best.pt (val_answer_loss=0.004012)
test answer_loss=0.004123 test_acc=0.998750 test_em=0.990000 random_baseline≈0.003906
done. meta_metrics → /home/jovyan/shares/SR008.fs2/nvidenisov/other/repos/mamba/mamba_multi_scale_get_started/outputs/MQAR/mqar_mamba2_depth6_len128_easy_kv4_vocab256/meta_metrics.csv
experiment=mqar_mamba2_depth6_len128_easy_kv4_vocab256 device=cuda:0 out_dir=/home/jovyan/shares/SR008.fs2/nvidenisov/other/repos/mamba/mamba_multi_scale_get_started/outputs/MQAR/mqar_mamba2_depth6_len128_easy_kv4_vocab256
mqar data: fixed_examples=True random_baseline_acc≈1/vocab=0.001953 (vocab_size=512)
epoch 1/20 train loss=5.5428 acc=0.0051 em=0.0000 | val loss=5.5634 acc=0.0036 em=0.0000 | random≈0.0020
  saved best.pt (val_answer_loss=5.563446)
epoch 2/20 train loss=5.2965 acc=0.0537 em=0.0000 | val loss=5.4532 acc=0.0442 em=0.0000 | random≈0.0020
  saved best.pt (val_answer_loss=5.453207)
epoch 3/20 train loss=4.4678 acc=0.1500 em=0.0000 | val loss=4.8898 acc=0.1057 em=0.0000 | random≈0.0020
  saved best.pt (val_answer_loss=4.889820)
epoch 4/20 train loss=3.3120 acc=0.2462 em=0.0000 | val loss=3.9540 acc=0.1235 em=0.0000 | random≈0.0020
  saved best.pt (val_answer_loss=3.954010)
epoch 5/20 train loss=1.8645 acc=0.5199 em=0.0018 | val loss=2.7132 acc=0.2869 em=0.0000 | random≈0.0020
  saved best.pt (val_answer_loss=2.713192)
epoch 6/20 train loss=0.6287 acc=0.8342 em=0.2258 | val loss=1.3333 acc=0.6059 em=0.0135 | random≈0.0020
  saved best.pt (val_answer_loss=1.333320)
epoch 7/20 train loss=0.1424 acc=0.9736 em=0.8085 | val loss=0.5267 acc=0.8463 em=0.2570 | random≈0.0020
  saved best.pt (val_answer_loss=0.526725)
epoch 8/20 train loss=0.0428 acc=0.9931 em=0.9465 | val loss=0.2390 acc=0.9304 em=0.5550 | random≈0.0020
  saved best.pt (val_answer_loss=0.239049)
epoch 9/20 train loss=0.0145 acc=0.9985 em=0.9879 | val loss=0.1301 acc=0.9629 em=0.7400 | random≈0.0020
  saved best.pt (val_answer_loss=0.130118)
epoch 10/20 train loss=0.0052 acc=0.9998 em=0.9986 | val loss=0.0884 acc=0.9746 em=0.8145 | random≈0.0020
  saved best.pt (val_answer_loss=0.088368)
epoch 11/20 train loss=0.0026 acc=1.0000 em=0.9998 | val loss=0.0721 acc=0.9782 em=0.8395 | random≈0.0020
  saved best.pt (val_answer_loss=0.072145)
epoch 12/20 train loss=0.0017 acc=1.0000 em=1.0000 | val loss=0.0640 acc=0.9803 em=0.8545 | random≈0.0020
  saved best.pt (val_answer_loss=0.064042)
epoch 13/20 train loss=0.0013 acc=1.0000 em=1.0000 | val loss=0.0596 acc=0.9816 em=0.8640 | random≈0.0020
  saved best.pt (val_answer_loss=0.059551)
epoch 14/20 train loss=0.0011 acc=1.0000 em=1.0000 | val loss=0.0575 acc=0.9824 em=0.8695 | random≈0.0020
  saved best.pt (val_answer_loss=0.057530)
epoch 15/20 train loss=0.0009 acc=1.0000 em=1.0000 | val loss=0.0560 acc=0.9827 em=0.8720 | random≈0.0020
  saved best.pt (val_answer_loss=0.056009)
epoch 16/20 train loss=0.0008 acc=1.0000 em=1.0000 | val loss=0.0547 acc=0.9834 em=0.8770 | random≈0.0020
  saved best.pt (val_answer_loss=0.054673)
epoch 17/20 train loss=0.0007 acc=1.0000 em=1.0000 | val loss=0.0532 acc=0.9834 em=0.8790 | random≈0.0020
  saved best.pt (val_answer_loss=0.053233)
epoch 18/20 train loss=0.0006 acc=1.0000 em=1.0000 | val loss=0.0517 acc=0.9837 em=0.8805 | random≈0.0020
  saved best.pt (val_answer_loss=0.051740)
epoch 19/20 train loss=0.0005 acc=1.0000 em=1.0000 | val loss=0.0512 acc=0.9839 em=0.8815 | random≈0.0020
  saved best.pt (val_answer_loss=0.051152)
epoch 20/20 train loss=0.0005 acc=1.0000 em=1.0000 | val loss=0.0504 acc=0.9844 em=0.8840 | random≈0.0020
  saved best.pt (val_answer_loss=0.050398)
test answer_loss=0.052371 test_acc=0.983750 test_em=0.874500 random_baseline≈0.001953
done. meta_metrics → /home/jovyan/shares/SR008.fs2/nvidenisov/other/repos/mamba/mamba_multi_scale_get_started/outputs/MQAR/mqar_mamba2_depth6_len128_easy_kv4_vocab256/meta_metrics.csv
