mqar_split_hashes: n_train=20000 uniq_train=20000 | n_val=2000 uniq_val=2000 | n_test=2000 uniq_test=2000
mqar_answer_positions[train]: min=16 mean=16.0000 max=16 (expected 16 per sample)
mqar_answer_positions[val]: min=16 mean=16.0000 max=16 (expected 16 per sample)
mqar_answer_positions[test]: min=16 mean=16.0000 max=16 (expected 16 per sample)
experiment=archeval_mqar_easy_ms_gated_stride2_seed43 device=cuda:0 out_dir=/home/jovyan/shares/SR008.fs2/nvidenisov/other/repos/mamba/mamba_multi_scale_get_started/outputs/ArchEval/mqar_easy_ms_gated_stride2_seed43
mqar data: fixed_examples=True random_baseline_acc≈1/vocab=0.001953 (vocab_size=512)
--- mqar resolved config (sanity) ---
  experiment.name: archeval_mqar_easy_ms_gated_stride2_seed43
  model.backbone: multiscale_mamba2_lm
  model.layer_headdims: [32, 32, 32, 32]
  model.multiscale.fast_layer_headdims: [32, 32, 32, 32]
  model.multiscale.slow_layer_headdims: [32, 32]
  data.input_seq_len: 128
  data.num_kv_pairs: 16
  data.vocab_size: 512
  data.train_examples: 20000  val_examples: 2000  test_examples: 2000
  data.fixed_examples: True
  data.min_query_pos: null
  train.lr: 0.0003
  train.epochs: 20
  num_parameters_trainable: 2898336
  tags(backbone,fusion,stride): multiscale_mamba2_lm, gated, 2
--- end resolved config ---
epoch 1/20 train loss=5.5477 acc=0.0052 em=0.0000 | val loss=5.5611 acc=0.0035 em=0.0000 | random≈0.0020
  saved best_loss.pt (val_answer_loss=5.561056)
  saved best_acc.pt (val_answer_accuracy=0.003500)
epoch 2/20 train loss=5.4912 acc=0.0199 em=0.0000 | val loss=5.5400 acc=0.0170 em=0.0000 | random≈0.0020
  saved best_loss.pt (val_answer_loss=5.540038)
  saved best_acc.pt (val_answer_accuracy=0.016969)
epoch 3/20 train loss=5.2887 acc=0.0500 em=0.0000 | val loss=5.4530 acc=0.0417 em=0.0000 | random≈0.0020
  saved best_loss.pt (val_answer_loss=5.453042)
  saved best_acc.pt (val_answer_accuracy=0.041719)
epoch 4/20 train loss=4.9181 acc=0.0843 em=0.0000 | val loss=5.3466 acc=0.0548 em=0.0000 | random≈0.0020
  saved best_loss.pt (val_answer_loss=5.346587)
  saved best_acc.pt (val_answer_accuracy=0.054844)
epoch 5/20 train loss=4.1407 acc=0.1831 em=0.0000 | val loss=4.9070 acc=0.0777 em=0.0000 | random≈0.0020
  saved best_loss.pt (val_answer_loss=4.907038)
  saved best_acc.pt (val_answer_accuracy=0.077750)
epoch 6/20 train loss=0.9237 acc=0.8399 em=0.0590 | val loss=1.2941 acc=0.7269 em=0.0030 | random≈0.0020
  saved best_loss.pt (val_answer_loss=1.294105)
  saved best_acc.pt (val_answer_accuracy=0.726875)
epoch 7/20 train loss=0.1194 acc=0.9884 em=0.8315 | val loss=0.2248 acc=0.9588 em=0.5095 | random≈0.0020
  saved best_loss.pt (val_answer_loss=0.224829)
  saved best_acc.pt (val_answer_accuracy=0.958844)
epoch 8/20 train loss=0.0271 acc=0.9996 em=0.9929 | val loss=0.0745 acc=0.9878 em=0.8200 | random≈0.0020
  saved best_loss.pt (val_answer_loss=0.074528)
  saved best_acc.pt (val_answer_accuracy=0.987781)
epoch 9/20 train loss=0.0110 acc=1.0000 em=0.9999 | val loss=0.0415 acc=0.9939 em=0.9070 | random≈0.0020
  saved best_loss.pt (val_answer_loss=0.041472)
  saved best_acc.pt (val_answer_accuracy=0.993906)
epoch 10/20 train loss=0.0065 acc=1.0000 em=1.0000 | val loss=0.0296 acc=0.9952 em=0.9255 | random≈0.0020
  saved best_loss.pt (val_answer_loss=0.029639)
  saved best_acc.pt (val_answer_accuracy=0.995188)
epoch 11/20 train loss=0.0045 acc=1.0000 em=1.0000 | val loss=0.0235 acc=0.9963 em=0.9445 | random≈0.0020
  saved best_loss.pt (val_answer_loss=0.023543)
  saved best_acc.pt (val_answer_accuracy=0.996313)
epoch 12/20 train loss=0.0034 acc=1.0000 em=1.0000 | val loss=0.0195 acc=0.9966 em=0.9475 | random≈0.0020
  saved best_loss.pt (val_answer_loss=0.019512)
  saved best_acc.pt (val_answer_accuracy=0.996594)
epoch 13/20 train loss=0.0026 acc=1.0000 em=1.0000 | val loss=0.0169 acc=0.9968 em=0.9510 | random≈0.0020
  saved best_loss.pt (val_answer_loss=0.016883)
  saved best_acc.pt (val_answer_accuracy=0.996812)
epoch 14/20 train loss=0.0021 acc=1.0000 em=1.0000 | val loss=0.0148 acc=0.9971 em=0.9545 | random≈0.0020
  saved best_loss.pt (val_answer_loss=0.014773)
  saved best_acc.pt (val_answer_accuracy=0.997062)
epoch 15/20 train loss=0.0017 acc=1.0000 em=1.0000 | val loss=0.0132 acc=0.9975 em=0.9610 | random≈0.0020
  saved best_loss.pt (val_answer_loss=0.013172)
  saved best_acc.pt (val_answer_accuracy=0.997469)
epoch 16/20 train loss=0.0014 acc=1.0000 em=1.0000 | val loss=0.0121 acc=0.9977 em=0.9635 | random≈0.0020
  saved best_loss.pt (val_answer_loss=0.012064)
  saved best_acc.pt (val_answer_accuracy=0.997656)
epoch 17/20 train loss=0.0012 acc=1.0000 em=1.0000 | val loss=0.0110 acc=0.9978 em=0.9665 | random≈0.0020
  saved best_loss.pt (val_answer_loss=0.011018)
  saved best_acc.pt (val_answer_accuracy=0.997844)
epoch 18/20 train loss=0.0010 acc=1.0000 em=1.0000 | val loss=0.0100 acc=0.9979 em=0.9670 | random≈0.0020
  saved best_loss.pt (val_answer_loss=0.010036)
epoch 19/20 train loss=0.0009 acc=1.0000 em=1.0000 | val loss=0.0091 acc=0.9981 em=0.9700 | random≈0.0020
  saved best_loss.pt (val_answer_loss=0.009140)
  saved best_acc.pt (val_answer_accuracy=0.998062)
epoch 20/20 train loss=0.0008 acc=1.0000 em=1.0000 | val loss=0.0084 acc=0.9982 em=0.9720 | random≈0.0020
  saved best_loss.pt (val_answer_loss=0.008370)
  saved best_acc.pt (val_answer_accuracy=0.998188)
test [best_loss_ckpt] loss=0.007891 acc=0.998563 em=0.977000
test [best_acc_ckpt]  loss=0.007891 acc=0.998563 em=0.977000 random_baseline≈0.001953
done. meta_metrics → /home/jovyan/shares/SR008.fs2/nvidenisov/other/repos/mamba/mamba_multi_scale_get_started/outputs/ArchEval/mqar_easy_ms_gated_stride2_seed43/meta_metrics.csv
