mqar_split_hashes: n_train=20000 uniq_train=20000 | n_val=2000 uniq_val=2000 | n_test=2000 uniq_test=2000
mqar_answer_positions[train]: min=16 mean=16.0000 max=16 (expected 16 per sample)
mqar_answer_positions[val]: min=16 mean=16.0000 max=16 (expected 16 per sample)
mqar_answer_positions[test]: min=16 mean=16.0000 max=16 (expected 16 per sample)
experiment=archeval_mqar_easy_mamba2_slow_init_seed42 device=cuda:0 out_dir=/home/jovyan/shares/SR008.fs2/nvidenisov/other/repos/mamba/mamba_multi_scale_get_started/outputs/ArchEval/mqar_easy_mamba2_slow_init_seed42
mqar data: fixed_examples=True random_baseline_acc≈1/vocab=0.001953 (vocab_size=512)
--- mqar resolved config (sanity) ---
  experiment.name: archeval_mqar_easy_mamba2_slow_init_seed42
  model.backbone: mamba2_lm
  model.layer_headdims: [32, 32, 32, 32]
  model.multiscale.fast_layer_headdims: —
  model.multiscale.slow_layer_headdims: —
  model.multiscale.window_size: —
  model.multiscale.offsets: —
  model.multiscale.summary_mode: —
  model.multiscale.causal_mode: —
  model.multiscale.gate_type: —
  data.input_seq_len: 128
  data.num_kv_pairs: 16
  data.vocab_size: 512
  data.train_examples: 20000  val_examples: 2000  test_examples: 2000
  data.fixed_examples: True
  data.min_query_pos: null
  train.lr: 0.0003
  train.epochs: 20
  num_parameters_trainable: 1931712
  tags(backbone,fusion,stride): mamba2_lm, , 
--- end resolved config ---
epoch 1/20 train loss=5.5494 acc=0.0048 em=0.0000 | val loss=5.5613 acc=0.0035 em=0.0000 | random≈0.0020
  saved best_loss.pt (val_answer_loss=5.561346)
  saved best_acc.pt (val_answer_accuracy=0.003531)
epoch 2/20 train loss=5.4439 acc=0.0364 em=0.0000 | val loss=5.4860 acc=0.0330 em=0.0000 | random≈0.0020
  saved best_loss.pt (val_answer_loss=5.485963)
  saved best_acc.pt (val_answer_accuracy=0.032969)
epoch 3/20 train loss=5.1113 acc=0.0684 em=0.0000 | val loss=5.2397 acc=0.0568 em=0.0000 | random≈0.0020
  saved best_loss.pt (val_answer_loss=5.239719)
  saved best_acc.pt (val_answer_accuracy=0.056750)
epoch 4/20 train loss=3.3469 acc=0.3589 em=0.0000 | val loss=3.5142 acc=0.3255 em=0.0000 | random≈0.0020
  saved best_loss.pt (val_answer_loss=3.514220)
  saved best_acc.pt (val_answer_accuracy=0.325469)
epoch 5/20 train loss=0.4117 acc=0.9350 em=0.3453 | val loss=0.4954 acc=0.9086 em=0.2185 | random≈0.0020
  saved best_loss.pt (val_answer_loss=0.495420)
  saved best_acc.pt (val_answer_accuracy=0.908625)
epoch 6/20 train loss=0.0639 acc=0.9948 em=0.9200 | val loss=0.1012 acc=0.9838 em=0.7650 | random≈0.0020
  saved best_loss.pt (val_answer_loss=0.101229)
  saved best_acc.pt (val_answer_accuracy=0.983750)
epoch 7/20 train loss=0.0177 acc=0.9998 em=0.9964 | val loss=0.0396 acc=0.9945 em=0.9180 | random≈0.0020
  saved best_loss.pt (val_answer_loss=0.039650)
  saved best_acc.pt (val_answer_accuracy=0.994469)
epoch 8/20 train loss=0.0082 acc=1.0000 em=1.0000 | val loss=0.0237 acc=0.9965 em=0.9465 | random≈0.0020
  saved best_loss.pt (val_answer_loss=0.023726)
  saved best_acc.pt (val_answer_accuracy=0.996500)
epoch 9/20 train loss=0.0052 acc=1.0000 em=1.0000 | val loss=0.0183 acc=0.9968 em=0.9505 | random≈0.0020
  saved best_loss.pt (val_answer_loss=0.018267)
  saved best_acc.pt (val_answer_accuracy=0.996750)
epoch 10/20 train loss=0.0038 acc=1.0000 em=1.0000 | val loss=0.0148 acc=0.9975 em=0.9630 | random≈0.0020
  saved best_loss.pt (val_answer_loss=0.014802)
  saved best_acc.pt (val_answer_accuracy=0.997531)
epoch 11/20 train loss=0.0029 acc=1.0000 em=1.0000 | val loss=0.0130 acc=0.9977 em=0.9645 | random≈0.0020
  saved best_loss.pt (val_answer_loss=0.012962)
  saved best_acc.pt (val_answer_accuracy=0.997687)
epoch 12/20 train loss=0.0023 acc=1.0000 em=1.0000 | val loss=0.0113 acc=0.9978 em=0.9675 | random≈0.0020
  saved best_loss.pt (val_answer_loss=0.011332)
  saved best_acc.pt (val_answer_accuracy=0.997844)
epoch 13/20 train loss=0.0019 acc=1.0000 em=1.0000 | val loss=0.0101 acc=0.9980 em=0.9685 | random≈0.0020
  saved best_loss.pt (val_answer_loss=0.010112)
  saved best_acc.pt (val_answer_accuracy=0.997969)
epoch 14/20 train loss=0.0015 acc=1.0000 em=1.0000 | val loss=0.0092 acc=0.9983 em=0.9745 | random≈0.0020
  saved best_loss.pt (val_answer_loss=0.009225)
  saved best_acc.pt (val_answer_accuracy=0.998281)
epoch 15/20 train loss=0.0013 acc=1.0000 em=1.0000 | val loss=0.0085 acc=0.9983 em=0.9750 | random≈0.0020
  saved best_loss.pt (val_answer_loss=0.008477)
epoch 16/20 train loss=0.0011 acc=1.0000 em=1.0000 | val loss=0.0077 acc=0.9986 em=0.9790 | random≈0.0020
  saved best_loss.pt (val_answer_loss=0.007728)
  saved best_acc.pt (val_answer_accuracy=0.998625)
epoch 17/20 train loss=0.0009 acc=1.0000 em=1.0000 | val loss=0.0072 acc=0.9986 em=0.9780 | random≈0.0020
  saved best_loss.pt (val_answer_loss=0.007157)
epoch 18/20 train loss=0.0008 acc=1.0000 em=1.0000 | val loss=0.0066 acc=0.9987 em=0.9795 | random≈0.0020
  saved best_loss.pt (val_answer_loss=0.006647)
epoch 19/20 train loss=0.0007 acc=1.0000 em=1.0000 | val loss=0.0061 acc=0.9986 em=0.9790 | random≈0.0020
  saved best_loss.pt (val_answer_loss=0.006144)
epoch 20/20 train loss=0.0006 acc=1.0000 em=1.0000 | val loss=0.0059 acc=0.9988 em=0.9820 | random≈0.0020
  saved best_loss.pt (val_answer_loss=0.005866)
  saved best_acc.pt (val_answer_accuracy=0.998812)
test [best_loss_ckpt] loss=0.006487 acc=0.998219 em=0.971500
test [best_acc_ckpt]  loss=0.006487 acc=0.998219 em=0.971500 random_baseline≈0.001953
done. meta_metrics → /home/jovyan/shares/SR008.fs2/nvidenisov/other/repos/mamba/mamba_multi_scale_get_started/outputs/ArchEval/mqar_easy_mamba2_slow_init_seed42/meta_metrics.csv
