experiment=archeval_lm_mamba2_depth6_d_conv_2 device=cuda:0 out_dir=/home/jovyan/shares/SR008.fs2/nvidenisov/other/repos/mamba/mamba_multi_scale_get_started/outputs/ArchEval/lm_mamba2_depth6_d_conv_2
early_stopping: patience=3 min_delta=0.0001 (disable with train.early_stopping.patience=0)
epoch 1/10 train_loss=2.8849 val_loss=2.3484 val_ppl=10.47 val_bpc=3.3880
  saved best.pt (val_loss=2.348405)
epoch 2/10 train_loss=2.1584 val_loss=2.0849 val_ppl=8.04 val_bpc=3.0079
  saved best.pt (val_loss=2.084944)
epoch 3/10 train_loss=1.9196 val_loss=1.9402 val_ppl=6.96 val_bpc=2.7991
  saved best.pt (val_loss=1.940210)
epoch 4/10 train_loss=1.7612 val_loss=1.8503 val_ppl=6.36 val_bpc=2.6695
  saved best.pt (val_loss=1.850342)
epoch 5/10 train_loss=1.6517 val_loss=1.7749 val_ppl=5.90 val_bpc=2.5607
  saved best.pt (val_loss=1.774922)
epoch 6/10 train_loss=1.5778 val_loss=1.7230 val_ppl=5.60 val_bpc=2.4857
  saved best.pt (val_loss=1.722985)
epoch 7/10 train_loss=1.5155 val_loss=1.6808 val_ppl=5.37 val_bpc=2.4249
  saved best.pt (val_loss=1.680806)
epoch 8/10 train_loss=1.4609 val_loss=1.6425 val_ppl=5.17 val_bpc=2.3696
  saved best.pt (val_loss=1.642515)
epoch 9/10 train_loss=1.4289 val_loss=1.6057 val_ppl=4.98 val_bpc=2.3166
  saved best.pt (val_loss=1.605745)
epoch 10/10 train_loss=1.3887 val_loss=1.5783 val_ppl=4.85 val_bpc=2.2770
  saved best.pt (val_loss=1.578287)
meta_metrics: train=30.30s eval=267.47s loop=300.17s setup=3.16s → meta_metrics.csv
