mqar_split_hashes: n_train=20000 uniq_train=20000 | n_val=2000 uniq_val=2000 | n_test=2000 uniq_test=2000
mqar_answer_positions[train]: min=16 mean=16.0000 max=16 (expected 16 per sample)
mqar_answer_positions[val]: min=16 mean=16.0000 max=16 (expected 16 per sample)
mqar_answer_positions[test]: min=16 mean=16.0000 max=16 (expected 16 per sample)
experiment=mqar_fail_ms_gated_right_init_v640_seed47 device=cuda:0 out_dir=/home/jovyan/shares/SR008.fs2/nvidenisov/other/repos/mamba/mamba_multi_scale_get_started/outputs/MQARFailureSweep/mqar_fail_ms_gated_right_init_v640_seed47
mqar data: fixed_examples=True random_baseline_acc≈1/vocab=0.001563 (vocab_size=640)
--- mqar resolved config (sanity) ---
  experiment.name: mqar_fail_ms_gated_right_init_v640_seed47
  model.backbone: multiscale_mamba2_lm
  model.layer_headdims: [32, 32, 32, 32]
  model.multiscale.fast_layer_headdims: [32, 32, 32, 32]
  model.multiscale.slow_layer_headdims: [32, 32]
  model.multiscale.window_size: —
  model.multiscale.offsets: —
  model.multiscale.summary_mode: —
  model.multiscale.causal_mode: —
  model.multiscale.gate_type: —
  data.input_seq_len: 128
  data.num_kv_pairs: 16
  data.vocab_size: 640
  data.train_examples: 20000  val_examples: 2000  test_examples: 2000
  data.fixed_examples: True
  data.min_query_pos: null
  train.lr: 0.0003
  train.epochs: 20
  num_parameters_trainable: 2964000
  tags(backbone,fusion,stride): multiscale_mamba2_lm, gated, 2
--- end resolved config ---
epoch 1/20 train loss=5.7724 acc=0.0040 em=0.0000 | val loss=5.7867 acc=0.0030 em=0.0000 | random≈0.0016
  saved best_loss.pt (val_answer_loss=5.786668)
  saved best_acc.pt (val_answer_accuracy=0.003000)
epoch 2/20 train loss=5.7404 acc=0.0103 em=0.0000 | val loss=5.7838 acc=0.0071 em=0.0000 | random≈0.0016
  saved best_loss.pt (val_answer_loss=5.783778)
  saved best_acc.pt (val_answer_accuracy=0.007063)
epoch 3/20 train loss=5.5269 acc=0.0448 em=0.0000 | val loss=5.6971 acc=0.0375 em=0.0000 | random≈0.0016
  saved best_loss.pt (val_answer_loss=5.697117)
  saved best_acc.pt (val_answer_accuracy=0.037469)
epoch 4/20 train loss=4.9722 acc=0.1195 em=0.0000 | val loss=5.3813 acc=0.0891 em=0.0000 | random≈0.0016
  saved best_loss.pt (val_answer_loss=5.381337)
  saved best_acc.pt (val_answer_accuracy=0.089094)
epoch 5/20 train loss=2.6056 acc=0.5144 em=0.0000 | val loss=3.0193 acc=0.4282 em=0.0000 | random≈0.0016
  saved best_loss.pt (val_answer_loss=3.019312)
  saved best_acc.pt (val_answer_accuracy=0.428156)
epoch 6/20 train loss=0.2401 acc=0.9686 em=0.6044 | val loss=0.3537 acc=0.9393 em=0.3790 | random≈0.0016
  saved best_loss.pt (val_answer_loss=0.353721)
  saved best_acc.pt (val_answer_accuracy=0.939312)
epoch 7/20 train loss=0.0315 acc=0.9988 em=0.9802 | val loss=0.0672 acc=0.9900 em=0.8540 | random≈0.0016
  saved best_loss.pt (val_answer_loss=0.067165)
  saved best_acc.pt (val_answer_accuracy=0.990000)
epoch 8/20 train loss=0.0104 acc=1.0000 em=1.0000 | val loss=0.0312 acc=0.9959 em=0.9380 | random≈0.0016
  saved best_loss.pt (val_answer_loss=0.031164)
  saved best_acc.pt (val_answer_accuracy=0.995875)
epoch 9/20 train loss=0.0061 acc=1.0000 em=1.0000 | val loss=0.0210 acc=0.9970 em=0.9545 | random≈0.0016
  saved best_loss.pt (val_answer_loss=0.020981)
  saved best_acc.pt (val_answer_accuracy=0.997031)
epoch 10/20 train loss=0.0042 acc=1.0000 em=1.0000 | val loss=0.0167 acc=0.9975 em=0.9610 | random≈0.0016
  saved best_loss.pt (val_answer_loss=0.016655)
  saved best_acc.pt (val_answer_accuracy=0.997500)
epoch 11/20 train loss=0.0032 acc=1.0000 em=1.0000 | val loss=0.0141 acc=0.9976 em=0.9620 | random≈0.0016
  saved best_loss.pt (val_answer_loss=0.014111)
epoch 12/20 train loss=0.0025 acc=1.0000 em=1.0000 | val loss=0.0120 acc=0.9981 em=0.9690 | random≈0.0016
  saved best_loss.pt (val_answer_loss=0.012023)
  saved best_acc.pt (val_answer_accuracy=0.998062)
epoch 13/20 train loss=0.0020 acc=1.0000 em=1.0000 | val loss=0.0105 acc=0.9980 em=0.9695 | random≈0.0016
  saved best_loss.pt (val_answer_loss=0.010526)
epoch 14/20 train loss=0.0017 acc=1.0000 em=1.0000 | val loss=0.0093 acc=0.9982 em=0.9720 | random≈0.0016
  saved best_loss.pt (val_answer_loss=0.009263)
  saved best_acc.pt (val_answer_accuracy=0.998250)
epoch 15/20 train loss=0.0014 acc=1.0000 em=1.0000 | val loss=0.0083 acc=0.9985 em=0.9755 | random≈0.0016
  saved best_loss.pt (val_answer_loss=0.008338)
  saved best_acc.pt (val_answer_accuracy=0.998469)
epoch 16/20 train loss=0.0012 acc=1.0000 em=1.0000 | val loss=0.0075 acc=0.9985 em=0.9765 | random≈0.0016
  saved best_loss.pt (val_answer_loss=0.007541)
epoch 17/20 train loss=0.0010 acc=1.0000 em=1.0000 | val loss=0.0069 acc=0.9987 em=0.9795 | random≈0.0016
  saved best_loss.pt (val_answer_loss=0.006882)
  saved best_acc.pt (val_answer_accuracy=0.998719)
epoch 18/20 train loss=0.0009 acc=1.0000 em=1.0000 | val loss=0.0063 acc=0.9988 em=0.9805 | random≈0.0016
  saved best_loss.pt (val_answer_loss=0.006323)
epoch 19/20 train loss=0.0008 acc=1.0000 em=1.0000 | val loss=0.0060 acc=0.9988 em=0.9805 | random≈0.0016
  saved best_loss.pt (val_answer_loss=0.005973)
epoch 20/20 train loss=0.0007 acc=1.0000 em=1.0000 | val loss=0.0055 acc=0.9990 em=0.9840 | random≈0.0016
  saved best_loss.pt (val_answer_loss=0.005496)
  saved best_acc.pt (val_answer_accuracy=0.999000)
test [best_loss_ckpt] loss=0.005792 acc=0.998875 em=0.982500
test [best_acc_ckpt]  loss=0.005792 acc=0.998875 em=0.982500 random_baseline≈0.001563
done. meta_metrics → /home/jovyan/shares/SR008.fs2/nvidenisov/other/repos/mamba/mamba_multi_scale_get_started/outputs/MQARFailureSweep/mqar_fail_ms_gated_right_init_v640_seed47/meta_metrics.csv
