mqar_split_hashes: n_train=20000 uniq_train=20000 | n_val=2000 uniq_val=2000 | n_test=2000 uniq_test=2000
mqar_answer_positions[train]: min=16 mean=16.0000 max=16 (expected 16 per sample)
mqar_answer_positions[val]: min=16 mean=16.0000 max=16 (expected 16 per sample)
mqar_answer_positions[test]: min=16 mean=16.0000 max=16 (expected 16 per sample)
experiment=mqar_fail_mamba2_slow_init_v1024_seed48 device=cuda:0 out_dir=/home/jovyan/shares/SR008.fs2/nvidenisov/other/repos/mamba/mamba_multi_scale_get_started/outputs/MQARFailureSweep/mqar_fail_mamba2_slow_init_v1024_seed48
mqar data: fixed_examples=True random_baseline_acc≈1/vocab=0.000977 (vocab_size=1024)
--- mqar resolved config (sanity) ---
  experiment.name: mqar_fail_mamba2_slow_init_v1024_seed48
  model.backbone: mamba2_lm
  model.layer_headdims: [32, 32, 32, 32]
  model.multiscale.fast_layer_headdims: —
  model.multiscale.slow_layer_headdims: —
  model.multiscale.window_size: —
  model.multiscale.offsets: —
  model.multiscale.summary_mode: —
  model.multiscale.causal_mode: —
  model.multiscale.gate_type: —
  data.input_seq_len: 128
  data.num_kv_pairs: 16
  data.vocab_size: 1024
  data.train_examples: 20000  val_examples: 2000  test_examples: 2000
  data.fixed_examples: True
  data.min_query_pos: null
  train.lr: 0.0003
  train.epochs: 20
  num_parameters_trainable: 2194368
  tags(backbone,fusion,stride): mamba2_lm, , 
--- end resolved config ---
epoch 1/20 train loss=6.2447 acc=0.0024 em=0.0000 | val loss=6.2569 acc=0.0018 em=0.0000 | random≈0.0010
  saved best_loss.pt (val_answer_loss=6.256919)
  saved best_acc.pt (val_answer_accuracy=0.001844)
epoch 2/20 train loss=6.2235 acc=0.0040 em=0.0000 | val loss=6.2598 acc=0.0022 em=0.0000 | random≈0.0010
  saved best_acc.pt (val_answer_accuracy=0.002250)
epoch 3/20 train loss=6.1186 acc=0.0184 em=0.0000 | val loss=6.2437 acc=0.0131 em=0.0000 | random≈0.0010
  saved best_loss.pt (val_answer_loss=6.243665)
  saved best_acc.pt (val_answer_accuracy=0.013094)
epoch 4/20 train loss=5.8634 acc=0.0420 em=0.0000 | val loss=6.2285 acc=0.0272 em=0.0000 | random≈0.0010
  saved best_loss.pt (val_answer_loss=6.228484)
  saved best_acc.pt (val_answer_accuracy=0.027187)
epoch 5/20 train loss=5.4919 acc=0.0772 em=0.0000 | val loss=6.2580 acc=0.0322 em=0.0000 | random≈0.0010
  saved best_acc.pt (val_answer_accuracy=0.032188)
epoch 6/20 train loss=5.0665 acc=0.1292 em=0.0000 | val loss=6.3223 acc=0.0348 em=0.0000 | random≈0.0010
  saved best_acc.pt (val_answer_accuracy=0.034813)
epoch 7/20 train loss=4.6371 acc=0.1879 em=0.0000 | val loss=6.3833 acc=0.0396 em=0.0000 | random≈0.0010
  saved best_acc.pt (val_answer_accuracy=0.039625)
epoch 8/20 train loss=4.2026 acc=0.2543 em=0.0000 | val loss=6.4588 acc=0.0427 em=0.0000 | random≈0.0010
  saved best_acc.pt (val_answer_accuracy=0.042656)
early stopping at epoch 8: val answer_loss did not improve by min_delta=0.0001 for 4 epochs
test [best_loss_ckpt] loss=6.234783 acc=0.026375 em=0.000000
test [best_acc_ckpt]  loss=6.467326 acc=0.041969 em=0.000000 random_baseline≈0.000977
done. meta_metrics → /home/jovyan/shares/SR008.fs2/nvidenisov/other/repos/mamba/mamba_multi_scale_get_started/outputs/MQARFailureSweep/mqar_fail_mamba2_slow_init_v1024_seed48/meta_metrics.csv
