mqar_split_hashes: n_train=20000 uniq_train=20000 | n_val=2000 uniq_val=2000 | n_test=2000 uniq_test=2000
mqar_answer_positions[train]: min=16 mean=16.0000 max=16 (expected 16 per sample)
mqar_answer_positions[val]: min=16 mean=16.0000 max=16 (expected 16 per sample)
mqar_answer_positions[test]: min=16 mean=16.0000 max=16 (expected 16 per sample)
experiment=mqar_fail_ms_gated_right_init_v640_seed50 device=cuda:0 out_dir=/home/jovyan/shares/SR008.fs2/nvidenisov/other/repos/mamba/mamba_multi_scale_get_started/outputs/MQARFailureSweep/mqar_fail_ms_gated_right_init_v640_seed50
mqar data: fixed_examples=True random_baseline_acc≈1/vocab=0.001563 (vocab_size=640)
--- mqar resolved config (sanity) ---
  experiment.name: mqar_fail_ms_gated_right_init_v640_seed50
  model.backbone: multiscale_mamba2_lm
  model.layer_headdims: [32, 32, 32, 32]
  model.multiscale.fast_layer_headdims: [32, 32, 32, 32]
  model.multiscale.slow_layer_headdims: [32, 32]
  model.multiscale.window_size: —
  model.multiscale.offsets: —
  model.multiscale.summary_mode: —
  model.multiscale.causal_mode: —
  model.multiscale.gate_type: —
  data.input_seq_len: 128
  data.num_kv_pairs: 16
  data.vocab_size: 640
  data.train_examples: 20000  val_examples: 2000  test_examples: 2000
  data.fixed_examples: True
  data.min_query_pos: null
  train.lr: 0.0003
  train.epochs: 20
  num_parameters_trainable: 2964000
  tags(backbone,fusion,stride): multiscale_mamba2_lm, gated, 2
--- end resolved config ---
epoch 1/20 train loss=5.7715 acc=0.0040 em=0.0000 | val loss=5.7842 acc=0.0032 em=0.0000 | random≈0.0016
  saved best_loss.pt (val_answer_loss=5.784230)
  saved best_acc.pt (val_answer_accuracy=0.003250)
epoch 2/20 train loss=5.7467 acc=0.0064 em=0.0000 | val loss=5.7854 acc=0.0031 em=0.0000 | random≈0.0016
epoch 3/20 train loss=5.5424 acc=0.0441 em=0.0000 | val loss=5.7054 acc=0.0372 em=0.0000 | random≈0.0016
  saved best_loss.pt (val_answer_loss=5.705425)
  saved best_acc.pt (val_answer_accuracy=0.037156)
epoch 4/20 train loss=5.0405 acc=0.0852 em=0.0000 | val loss=5.4516 acc=0.0511 em=0.0000 | random≈0.0016
  saved best_loss.pt (val_answer_loss=5.451551)
  saved best_acc.pt (val_answer_accuracy=0.051094)
epoch 5/20 train loss=2.5962 acc=0.5111 em=0.0000 | val loss=3.0031 acc=0.4175 em=0.0000 | random≈0.0016
  saved best_loss.pt (val_answer_loss=3.003067)
  saved best_acc.pt (val_answer_accuracy=0.417500)
epoch 6/20 train loss=0.4301 acc=0.9260 em=0.3007 | val loss=0.5995 acc=0.8775 em=0.1425 | random≈0.0016
  saved best_loss.pt (val_answer_loss=0.599544)
  saved best_acc.pt (val_answer_accuracy=0.877469)
epoch 7/20 train loss=0.0783 acc=0.9922 em=0.8829 | val loss=0.1540 acc=0.9700 em=0.6205 | random≈0.0016
  saved best_loss.pt (val_answer_loss=0.154039)
  saved best_acc.pt (val_answer_accuracy=0.969969)
epoch 8/20 train loss=0.0244 acc=0.9992 em=0.9879 | val loss=0.0696 acc=0.9866 em=0.8145 | random≈0.0016
  saved best_loss.pt (val_answer_loss=0.069594)
  saved best_acc.pt (val_answer_accuracy=0.986563)
epoch 9/20 train loss=0.0105 acc=1.0000 em=0.9999 | val loss=0.0433 acc=0.9910 em=0.8700 | random≈0.0016
  saved best_loss.pt (val_answer_loss=0.043308)
  saved best_acc.pt (val_answer_accuracy=0.991031)
epoch 10/20 train loss=0.0061 acc=1.0000 em=1.0000 | val loss=0.0320 acc=0.9932 em=0.8995 | random≈0.0016
  saved best_loss.pt (val_answer_loss=0.031960)
  saved best_acc.pt (val_answer_accuracy=0.993188)
epoch 11/20 train loss=0.0043 acc=1.0000 em=1.0000 | val loss=0.0268 acc=0.9942 em=0.9135 | random≈0.0016
  saved best_loss.pt (val_answer_loss=0.026806)
  saved best_acc.pt (val_answer_accuracy=0.994188)
epoch 12/20 train loss=0.0032 acc=1.0000 em=1.0000 | val loss=0.0236 acc=0.9947 em=0.9200 | random≈0.0016
  saved best_loss.pt (val_answer_loss=0.023599)
  saved best_acc.pt (val_answer_accuracy=0.994656)
epoch 13/20 train loss=0.0025 acc=1.0000 em=1.0000 | val loss=0.0208 acc=0.9948 em=0.9215 | random≈0.0016
  saved best_loss.pt (val_answer_loss=0.020802)
  saved best_acc.pt (val_answer_accuracy=0.994812)
epoch 14/20 train loss=0.0020 acc=1.0000 em=1.0000 | val loss=0.0191 acc=0.9953 em=0.9295 | random≈0.0016
  saved best_loss.pt (val_answer_loss=0.019097)
  saved best_acc.pt (val_answer_accuracy=0.995313)
epoch 15/20 train loss=0.0017 acc=1.0000 em=1.0000 | val loss=0.0175 acc=0.9955 em=0.9325 | random≈0.0016
  saved best_loss.pt (val_answer_loss=0.017511)
  saved best_acc.pt (val_answer_accuracy=0.995500)
epoch 16/20 train loss=0.0014 acc=1.0000 em=1.0000 | val loss=0.0161 acc=0.9960 em=0.9400 | random≈0.0016
  saved best_loss.pt (val_answer_loss=0.016138)
  saved best_acc.pt (val_answer_accuracy=0.995969)
epoch 17/20 train loss=0.0012 acc=1.0000 em=1.0000 | val loss=0.0149 acc=0.9960 em=0.9395 | random≈0.0016
  saved best_loss.pt (val_answer_loss=0.014928)
epoch 18/20 train loss=0.0010 acc=1.0000 em=1.0000 | val loss=0.0141 acc=0.9959 em=0.9385 | random≈0.0016
  saved best_loss.pt (val_answer_loss=0.014058)
epoch 19/20 train loss=0.0009 acc=1.0000 em=1.0000 | val loss=0.0131 acc=0.9961 em=0.9410 | random≈0.0016
  saved best_loss.pt (val_answer_loss=0.013146)
  saved best_acc.pt (val_answer_accuracy=0.996094)
epoch 20/20 train loss=0.0007 acc=1.0000 em=1.0000 | val loss=0.0126 acc=0.9963 em=0.9445 | random≈0.0016
  saved best_loss.pt (val_answer_loss=0.012563)
  saved best_acc.pt (val_answer_accuracy=0.996313)
test [best_loss_ckpt] loss=0.011953 acc=0.996906 em=0.952000
test [best_acc_ckpt]  loss=0.011953 acc=0.996906 em=0.952000 random_baseline≈0.001563
done. meta_metrics → /home/jovyan/shares/SR008.fs2/nvidenisov/other/repos/mamba/mamba_multi_scale_get_started/outputs/MQARFailureSweep/mqar_fail_ms_gated_right_init_v640_seed50/meta_metrics.csv
