mqar_split_hashes: n_train=20000 uniq_train=20000 | n_val=2000 uniq_val=2000 | n_test=2000 uniq_test=2000
mqar_answer_positions[train]: min=16 mean=16.0000 max=16 (expected 16 per sample)
mqar_answer_positions[val]: min=16 mean=16.0000 max=16 (expected 16 per sample)
mqar_answer_positions[test]: min=16 mean=16.0000 max=16 (expected 16 per sample)
experiment=mqar_fail_mamba2_split_ts_slow_veryslow_v512_seed42 device=cuda:0 out_dir=/home/jovyan/shares/SR008.fs2/nvidenisov/other/repos/mamba/mamba_multi_scale_get_started/outputs/MQARFailureSweep/mqar_fail_mamba2_split_ts_slow_veryslow_v512_seed42
mqar data: fixed_examples=True random_baseline_acc≈1/vocab=0.001953 (vocab_size=512)
--- mqar resolved config (sanity) ---
  experiment.name: mqar_fail_mamba2_split_ts_slow_veryslow_v512_seed42
  model.backbone: mamba2_lm
  model.layer_headdims: [32, 32, 32, 32]
  model.multiscale.fast_layer_headdims: —
  model.multiscale.slow_layer_headdims: —
  model.multiscale.window_size: —
  model.multiscale.offsets: —
  model.multiscale.summary_mode: —
  model.multiscale.causal_mode: —
  model.multiscale.gate_type: —
  data.input_seq_len: 128
  data.num_kv_pairs: 16
  data.vocab_size: 512
  data.train_examples: 20000  val_examples: 2000  test_examples: 2000
  data.fixed_examples: True
  data.min_query_pos: null
  train.lr: 0.0003
  train.epochs: 20
  num_parameters_trainable: 1931712
  tags(backbone,fusion,stride): mamba2_lm, , 
--- end resolved config ---
epoch 1/20 train loss=5.5493 acc=0.0048 em=0.0000 | val loss=5.5612 acc=0.0033 em=0.0000 | random≈0.0020
  saved best_loss.pt (val_answer_loss=5.561193)
  saved best_acc.pt (val_answer_accuracy=0.003281)
epoch 2/20 train loss=5.3854 acc=0.0466 em=0.0000 | val loss=5.4449 acc=0.0437 em=0.0000 | random≈0.0020
  saved best_loss.pt (val_answer_loss=5.444913)
  saved best_acc.pt (val_answer_accuracy=0.043656)
epoch 3/20 train loss=4.3309 acc=0.1994 em=0.0000 | val loss=4.4674 acc=0.1817 em=0.0000 | random≈0.0020
  saved best_loss.pt (val_answer_loss=4.467394)
  saved best_acc.pt (val_answer_accuracy=0.181719)
epoch 4/20 train loss=0.5485 acc=0.9163 em=0.2488 | val loss=0.6301 acc=0.8922 em=0.1535 | random≈0.0020
  saved best_loss.pt (val_answer_loss=0.630068)
  saved best_acc.pt (val_answer_accuracy=0.892188)
epoch 5/20 train loss=0.0519 acc=0.9967 em=0.9491 | val loss=0.0792 acc=0.9892 em=0.8405 | random≈0.0020
  saved best_loss.pt (val_answer_loss=0.079207)
  saved best_acc.pt (val_answer_accuracy=0.989156)
epoch 6/20 train loss=0.0154 acc=0.9999 em=0.9980 | val loss=0.0330 acc=0.9956 em=0.9315 | random≈0.0020
  saved best_loss.pt (val_answer_loss=0.032981)
  saved best_acc.pt (val_answer_accuracy=0.995563)
epoch 7/20 train loss=0.0074 acc=1.0000 em=1.0000 | val loss=0.0203 acc=0.9972 em=0.9565 | random≈0.0020
  saved best_loss.pt (val_answer_loss=0.020256)
  saved best_acc.pt (val_answer_accuracy=0.997188)
epoch 8/20 train loss=0.0048 acc=1.0000 em=1.0000 | val loss=0.0153 acc=0.9978 em=0.9655 | random≈0.0020
  saved best_loss.pt (val_answer_loss=0.015271)
  saved best_acc.pt (val_answer_accuracy=0.997812)
epoch 9/20 train loss=0.0035 acc=1.0000 em=1.0000 | val loss=0.0130 acc=0.9978 em=0.9655 | random≈0.0020
  saved best_loss.pt (val_answer_loss=0.012955)
epoch 10/20 train loss=0.0027 acc=1.0000 em=1.0000 | val loss=0.0110 acc=0.9982 em=0.9710 | random≈0.0020
  saved best_loss.pt (val_answer_loss=0.011018)
  saved best_acc.pt (val_answer_accuracy=0.998188)
epoch 11/20 train loss=0.0022 acc=1.0000 em=1.0000 | val loss=0.0099 acc=0.9983 em=0.9730 | random≈0.0020
  saved best_loss.pt (val_answer_loss=0.009856)
  saved best_acc.pt (val_answer_accuracy=0.998313)
epoch 12/20 train loss=0.0018 acc=1.0000 em=1.0000 | val loss=0.0091 acc=0.9983 em=0.9735 | random≈0.0020
  saved best_loss.pt (val_answer_loss=0.009058)
epoch 13/20 train loss=0.0015 acc=1.0000 em=1.0000 | val loss=0.0081 acc=0.9984 em=0.9745 | random≈0.0020
  saved best_loss.pt (val_answer_loss=0.008117)
epoch 14/20 train loss=0.0012 acc=1.0000 em=1.0000 | val loss=0.0075 acc=0.9984 em=0.9750 | random≈0.0020
  saved best_loss.pt (val_answer_loss=0.007492)
  saved best_acc.pt (val_answer_accuracy=0.998437)
epoch 15/20 train loss=0.0010 acc=1.0000 em=1.0000 | val loss=0.0069 acc=0.9986 em=0.9770 | random≈0.0020
  saved best_loss.pt (val_answer_loss=0.006906)
  saved best_acc.pt (val_answer_accuracy=0.998563)
epoch 16/20 train loss=0.0009 acc=1.0000 em=1.0000 | val loss=0.0065 acc=0.9986 em=0.9780 | random≈0.0020
  saved best_loss.pt (val_answer_loss=0.006540)
epoch 17/20 train loss=0.0008 acc=1.0000 em=1.0000 | val loss=0.0063 acc=0.9986 em=0.9775 | random≈0.0020
  saved best_loss.pt (val_answer_loss=0.006289)
epoch 18/20 train loss=0.0007 acc=1.0000 em=1.0000 | val loss=0.0058 acc=0.9987 em=0.9790 | random≈0.0020
  saved best_loss.pt (val_answer_loss=0.005760)
  saved best_acc.pt (val_answer_accuracy=0.998687)
epoch 19/20 train loss=0.0006 acc=1.0000 em=1.0000 | val loss=0.0055 acc=0.9987 em=0.9790 | random≈0.0020
  saved best_loss.pt (val_answer_loss=0.005525)
epoch 20/20 train loss=0.0005 acc=1.0000 em=1.0000 | val loss=0.0052 acc=0.9988 em=0.9810 | random≈0.0020
  saved best_loss.pt (val_answer_loss=0.005227)
  saved best_acc.pt (val_answer_accuracy=0.998812)
test [best_loss_ckpt] loss=0.005846 acc=0.998719 em=0.979500
test [best_acc_ckpt]  loss=0.005846 acc=0.998719 em=0.979500 random_baseline≈0.001953
done. meta_metrics → /home/jovyan/shares/SR008.fs2/nvidenisov/other/repos/mamba/mamba_multi_scale_get_started/outputs/MQARFailureSweep/mqar_fail_mamba2_split_ts_slow_veryslow_v512_seed42/meta_metrics.csv
