experiment=tiny_shakespeare_multiscale_gated_mamba2_random_windows_block_size_1024_stride_4 device=cuda:0 out_dir=/home/jovyan/shares/SR008.fs2/nvidenisov/other/repos/mamba/mamba_multi_scale_get_started/outputs/TinyShakespeare/tiny_shakespeare_multiscale_gated_mamba2_random_windows_block_size_1024_stride_4
early_stopping: patience=3 min_delta=0.0001 (disable with train.early_stopping.patience=0)
epoch 1/10 train_loss=3.0304 val_loss=2.4702 val_ppl=11.83 val_bpc=3.5638
  saved best.pt (val_loss=2.470222)
epoch 2/10 train_loss=2.2555 val_loss=2.1467 val_ppl=8.56 val_bpc=3.0970
  saved best.pt (val_loss=2.146682)
epoch 3/10 train_loss=1.9830 val_loss=1.9772 val_ppl=7.22 val_bpc=2.8525
  saved best.pt (val_loss=1.977178)
epoch 4/10 train_loss=1.7997 val_loss=1.8667 val_ppl=6.47 val_bpc=2.6931
  saved best.pt (val_loss=1.866712)
epoch 5/10 train_loss=1.6716 val_loss=1.7832 val_ppl=5.95 val_bpc=2.5726
  saved best.pt (val_loss=1.783222)
epoch 6/10 train_loss=1.5740 val_loss=1.7209 val_ppl=5.59 val_bpc=2.4827
  saved best.pt (val_loss=1.720884)
epoch 7/10 train_loss=1.5059 val_loss=1.6678 val_ppl=5.30 val_bpc=2.4061
  saved best.pt (val_loss=1.667811)
epoch 8/10 train_loss=1.4512 val_loss=1.6271 val_ppl=5.09 val_bpc=2.3475
  saved best.pt (val_loss=1.627145)
epoch 9/10 train_loss=1.4085 val_loss=1.5992 val_ppl=4.95 val_bpc=2.3072
  saved best.pt (val_loss=1.599246)
epoch 10/10 train_loss=1.3757 val_loss=1.5751 val_ppl=4.83 val_bpc=2.2724
  saved best.pt (val_loss=1.575096)
meta_metrics: train=37.63s eval=230.07s loop=269.15s setup=1.90s → meta_metrics.csv
