mqar_split_hashes: n_train=20000 uniq_train=20000 | n_val=2000 uniq_val=2000 | n_test=2000 uniq_test=2000
mqar_answer_positions[train]: min=16 mean=16.0000 max=16 (expected 16 per sample)
mqar_answer_positions[val]: min=16 mean=16.0000 max=16 (expected 16 per sample)
mqar_answer_positions[test]: min=16 mean=16.0000 max=16 (expected 16 per sample)
experiment=mqar_fail_mamba2_split_ts_slow_veryslow_v512_seed44 device=cuda:0 out_dir=/home/jovyan/shares/SR008.fs2/nvidenisov/other/repos/mamba/mamba_multi_scale_get_started/outputs/MQARFailureSweep/mqar_fail_mamba2_split_ts_slow_veryslow_v512_seed44
mqar data: fixed_examples=True random_baseline_acc≈1/vocab=0.001953 (vocab_size=512)
--- mqar resolved config (sanity) ---
  experiment.name: mqar_fail_mamba2_split_ts_slow_veryslow_v512_seed44
  model.backbone: mamba2_lm
  model.layer_headdims: [32, 32, 32, 32]
  model.multiscale.fast_layer_headdims: —
  model.multiscale.slow_layer_headdims: —
  model.multiscale.window_size: —
  model.multiscale.offsets: —
  model.multiscale.summary_mode: —
  model.multiscale.causal_mode: —
  model.multiscale.gate_type: —
  data.input_seq_len: 128
  data.num_kv_pairs: 16
  data.vocab_size: 512
  data.train_examples: 20000  val_examples: 2000  test_examples: 2000
  data.fixed_examples: True
  data.min_query_pos: null
  train.lr: 0.0003
  train.epochs: 20
  num_parameters_trainable: 1931712
  tags(backbone,fusion,stride): mamba2_lm, , 
--- end resolved config ---
epoch 1/20 train loss=5.5492 acc=0.0050 em=0.0000 | val loss=5.5610 acc=0.0043 em=0.0000 | random≈0.0020
  saved best_loss.pt (val_answer_loss=5.560983)
  saved best_acc.pt (val_answer_accuracy=0.004250)
epoch 2/20 train loss=5.4334 acc=0.0380 em=0.0000 | val loss=5.4880 acc=0.0347 em=0.0000 | random≈0.0020
  saved best_loss.pt (val_answer_loss=5.487976)
  saved best_acc.pt (val_answer_accuracy=0.034656)
epoch 3/20 train loss=4.8946 acc=0.0956 em=0.0000 | val loss=5.0609 acc=0.0789 em=0.0000 | random≈0.0020
  saved best_loss.pt (val_answer_loss=5.060854)
  saved best_acc.pt (val_answer_accuracy=0.078875)
epoch 4/20 train loss=0.8893 acc=0.8237 em=0.0396 | val loss=0.9818 acc=0.7960 em=0.0180 | random≈0.0020
  saved best_loss.pt (val_answer_loss=0.981811)
  saved best_acc.pt (val_answer_accuracy=0.795969)
epoch 5/20 train loss=0.1037 acc=0.9888 em=0.8379 | val loss=0.1427 acc=0.9769 em=0.6830 | random≈0.0020
  saved best_loss.pt (val_answer_loss=0.142711)
  saved best_acc.pt (val_answer_accuracy=0.976875)
epoch 6/20 train loss=0.0252 acc=0.9991 em=0.9861 | val loss=0.0476 acc=0.9926 em=0.8895 | random≈0.0020
  saved best_loss.pt (val_answer_loss=0.047609)
  saved best_acc.pt (val_answer_accuracy=0.992563)
epoch 7/20 train loss=0.0096 acc=1.0000 em=0.9997 | val loss=0.0253 acc=0.9963 em=0.9420 | random≈0.0020
  saved best_loss.pt (val_answer_loss=0.025277)
  saved best_acc.pt (val_answer_accuracy=0.996313)
epoch 8/20 train loss=0.0056 acc=1.0000 em=1.0000 | val loss=0.0174 acc=0.9972 em=0.9570 | random≈0.0020
  saved best_loss.pt (val_answer_loss=0.017412)
  saved best_acc.pt (val_answer_accuracy=0.997188)
epoch 9/20 train loss=0.0039 acc=1.0000 em=1.0000 | val loss=0.0143 acc=0.9979 em=0.9685 | random≈0.0020
  saved best_loss.pt (val_answer_loss=0.014346)
  saved best_acc.pt (val_answer_accuracy=0.997906)
epoch 10/20 train loss=0.0029 acc=1.0000 em=1.0000 | val loss=0.0123 acc=0.9980 em=0.9700 | random≈0.0020
  saved best_loss.pt (val_answer_loss=0.012317)
  saved best_acc.pt (val_answer_accuracy=0.998031)
epoch 11/20 train loss=0.0023 acc=1.0000 em=1.0000 | val loss=0.0109 acc=0.9980 em=0.9695 | random≈0.0020
  saved best_loss.pt (val_answer_loss=0.010923)
epoch 12/20 train loss=0.0019 acc=1.0000 em=1.0000 | val loss=0.0098 acc=0.9982 em=0.9725 | random≈0.0020
  saved best_loss.pt (val_answer_loss=0.009839)
  saved best_acc.pt (val_answer_accuracy=0.998188)
epoch 13/20 train loss=0.0015 acc=1.0000 em=1.0000 | val loss=0.0092 acc=0.9982 em=0.9730 | random≈0.0020
  saved best_loss.pt (val_answer_loss=0.009183)
epoch 14/20 train loss=0.0013 acc=1.0000 em=1.0000 | val loss=0.0084 acc=0.9983 em=0.9740 | random≈0.0020
  saved best_loss.pt (val_answer_loss=0.008420)
  saved best_acc.pt (val_answer_accuracy=0.998344)
epoch 15/20 train loss=0.0011 acc=1.0000 em=1.0000 | val loss=0.0078 acc=0.9983 em=0.9750 | random≈0.0020
  saved best_loss.pt (val_answer_loss=0.007818)
epoch 16/20 train loss=0.0009 acc=1.0000 em=1.0000 | val loss=0.0074 acc=0.9984 em=0.9755 | random≈0.0020
  saved best_loss.pt (val_answer_loss=0.007445)
epoch 17/20 train loss=0.0008 acc=1.0000 em=1.0000 | val loss=0.0070 acc=0.9984 em=0.9755 | random≈0.0020
  saved best_loss.pt (val_answer_loss=0.007006)
epoch 18/20 train loss=0.0007 acc=1.0000 em=1.0000 | val loss=0.0066 acc=0.9985 em=0.9770 | random≈0.0020
  saved best_loss.pt (val_answer_loss=0.006640)
  saved best_acc.pt (val_answer_accuracy=0.998531)
epoch 19/20 train loss=0.0006 acc=1.0000 em=1.0000 | val loss=0.0063 acc=0.9985 em=0.9770 | random≈0.0020
  saved best_loss.pt (val_answer_loss=0.006313)
epoch 20/20 train loss=0.0005 acc=1.0000 em=1.0000 | val loss=0.0061 acc=0.9986 em=0.9775 | random≈0.0020
  saved best_loss.pt (val_answer_loss=0.006141)
test [best_loss_ckpt] loss=0.006378 acc=0.998250 em=0.972000
test [best_acc_ckpt]  loss=0.006936 acc=0.998188 em=0.971000 random_baseline≈0.001953
done. meta_metrics → /home/jovyan/shares/SR008.fs2/nvidenisov/other/repos/mamba/mamba_multi_scale_get_started/outputs/MQARFailureSweep/mqar_fail_mamba2_split_ts_slow_veryslow_v512_seed44/meta_metrics.csv
