mqar_split_hashes: n_train=20000 uniq_train=20000 | n_val=2000 uniq_val=2000 | n_test=2000 uniq_test=2000
mqar_answer_positions[train]: min=16 mean=16.0000 max=16 (expected 16 per sample)
mqar_answer_positions[val]: min=16 mean=16.0000 max=16 (expected 16 per sample)
mqar_answer_positions[test]: min=16 mean=16.0000 max=16 (expected 16 per sample)
experiment=archeval_mqar_easy_ms_film_stride4_seed42 device=cuda:0 out_dir=/home/jovyan/shares/SR008.fs2/nvidenisov/other/repos/mamba/mamba_multi_scale_get_started/outputs/ArchEval/mqar_easy_ms_film_stride4_seed42
mqar data: fixed_examples=True random_baseline_acc≈1/vocab=0.001953 (vocab_size=512)
--- mqar resolved config (sanity) ---
  experiment.name: archeval_mqar_easy_ms_film_stride4_seed42
  model.backbone: multiscale_mamba2_film_lm
  model.layer_headdims: [32, 32, 32, 32]
  model.multiscale.fast_layer_headdims: [32, 32, 32, 32]
  model.multiscale.slow_layer_headdims: [32, 32]
  data.input_seq_len: 128
  data.num_kv_pairs: 16
  data.vocab_size: 512
  data.train_examples: 20000  val_examples: 2000  test_examples: 2000
  data.fixed_examples: True
  data.min_query_pos: null
  train.lr: 0.0003
  train.epochs: 20
  num_parameters_trainable: 2897568
  tags(backbone,fusion,stride): multiscale_mamba2_film_lm, film, 4
--- end resolved config ---
epoch 1/20 train loss=5.5529 acc=0.0040 em=0.0000 | val loss=5.5617 acc=0.0037 em=0.0000 | random≈0.0020
  saved best_loss.pt (val_answer_loss=5.561713)
  saved best_acc.pt (val_answer_accuracy=0.003719)
epoch 2/20 train loss=5.5080 acc=0.0105 em=0.0000 | val loss=5.5618 acc=0.0049 em=0.0000 | random≈0.0020
  saved best_acc.pt (val_answer_accuracy=0.004938)
epoch 3/20 train loss=5.3155 acc=0.0357 em=0.0000 | val loss=5.5553 acc=0.0204 em=0.0000 | random≈0.0020
  saved best_loss.pt (val_answer_loss=5.555251)
  saved best_acc.pt (val_answer_accuracy=0.020438)
epoch 4/20 train loss=4.8689 acc=0.0916 em=0.0000 | val loss=5.5849 acc=0.0350 em=0.0000 | random≈0.0020
  saved best_acc.pt (val_answer_accuracy=0.035031)
epoch 5/20 train loss=4.2742 acc=0.1942 em=0.0000 | val loss=5.5973 acc=0.0474 em=0.0000 | random≈0.0020
  saved best_acc.pt (val_answer_accuracy=0.047406)
epoch 6/20 train loss=3.6092 acc=0.3178 em=0.0000 | val loss=5.5065 acc=0.0816 em=0.0000 | random≈0.0020
  saved best_loss.pt (val_answer_loss=5.506499)
  saved best_acc.pt (val_answer_accuracy=0.081625)
epoch 7/20 train loss=2.7453 acc=0.4822 em=0.0000 | val loss=4.8949 acc=0.1572 em=0.0000 | random≈0.0020
  saved best_loss.pt (val_answer_loss=4.894876)
  saved best_acc.pt (val_answer_accuracy=0.157219)
epoch 8/20 train loss=0.7298 acc=0.8948 em=0.1691 | val loss=1.7271 acc=0.6407 em=0.0005 | random≈0.0020
  saved best_loss.pt (val_answer_loss=1.727109)
  saved best_acc.pt (val_answer_accuracy=0.640656)
epoch 9/20 train loss=0.0974 acc=0.9936 em=0.9055 | val loss=0.3694 acc=0.9296 em=0.3255 | random≈0.0020
  saved best_loss.pt (val_answer_loss=0.369441)
  saved best_acc.pt (val_answer_accuracy=0.929625)
epoch 10/20 train loss=0.0266 acc=0.9999 em=0.9980 | val loss=0.1649 acc=0.9690 em=0.6035 | random≈0.0020
  saved best_loss.pt (val_answer_loss=0.164851)
  saved best_acc.pt (val_answer_accuracy=0.969031)
epoch 11/20 train loss=0.0128 acc=1.0000 em=1.0000 | val loss=0.1095 acc=0.9789 em=0.7120 | random≈0.0020
  saved best_loss.pt (val_answer_loss=0.109521)
  saved best_acc.pt (val_answer_accuracy=0.978906)
epoch 12/20 train loss=0.0083 acc=1.0000 em=1.0000 | val loss=0.0847 acc=0.9832 em=0.7615 | random≈0.0020
  saved best_loss.pt (val_answer_loss=0.084721)
  saved best_acc.pt (val_answer_accuracy=0.983219)
epoch 13/20 train loss=0.0061 acc=1.0000 em=1.0000 | val loss=0.0698 acc=0.9865 em=0.8070 | random≈0.0020
  saved best_loss.pt (val_answer_loss=0.069763)
  saved best_acc.pt (val_answer_accuracy=0.986531)
epoch 14/20 train loss=0.0047 acc=1.0000 em=1.0000 | val loss=0.0595 acc=0.9884 em=0.8330 | random≈0.0020
  saved best_loss.pt (val_answer_loss=0.059546)
  saved best_acc.pt (val_answer_accuracy=0.988437)
epoch 15/20 train loss=0.0038 acc=1.0000 em=1.0000 | val loss=0.0523 acc=0.9896 em=0.8465 | random≈0.0020
  saved best_loss.pt (val_answer_loss=0.052321)
  saved best_acc.pt (val_answer_accuracy=0.989625)
epoch 16/20 train loss=0.0031 acc=1.0000 em=1.0000 | val loss=0.0465 acc=0.9911 em=0.8650 | random≈0.0020
  saved best_loss.pt (val_answer_loss=0.046462)
  saved best_acc.pt (val_answer_accuracy=0.991062)
epoch 17/20 train loss=0.0026 acc=1.0000 em=1.0000 | val loss=0.0416 acc=0.9921 em=0.8805 | random≈0.0020
  saved best_loss.pt (val_answer_loss=0.041612)
  saved best_acc.pt (val_answer_accuracy=0.992062)
epoch 18/20 train loss=0.0022 acc=1.0000 em=1.0000 | val loss=0.0378 acc=0.9928 em=0.8915 | random≈0.0020
  saved best_loss.pt (val_answer_loss=0.037799)
  saved best_acc.pt (val_answer_accuracy=0.992844)
epoch 19/20 train loss=0.0019 acc=1.0000 em=1.0000 | val loss=0.0349 acc=0.9929 em=0.8920 | random≈0.0020
  saved best_loss.pt (val_answer_loss=0.034859)
epoch 20/20 train loss=0.0017 acc=1.0000 em=1.0000 | val loss=0.0320 acc=0.9933 em=0.8980 | random≈0.0020
  saved best_loss.pt (val_answer_loss=0.031986)
  saved best_acc.pt (val_answer_accuracy=0.993313)
test [best_loss_ckpt] loss=0.031066 acc=0.993031 em=0.896000
test [best_acc_ckpt]  loss=0.031066 acc=0.993031 em=0.896000 random_baseline≈0.001953
done. meta_metrics → /home/jovyan/shares/SR008.fs2/nvidenisov/other/repos/mamba/mamba_multi_scale_get_started/outputs/ArchEval/mqar_easy_ms_film_stride4_seed42/meta_metrics.csv
