mqar_split_hashes: n_train=20000 uniq_train=20000 | n_val=2000 uniq_val=2000 | n_test=2000 uniq_test=2000
mqar_answer_positions[train]: min=16 mean=16.0000 max=16 (expected 16 per sample)
mqar_answer_positions[val]: min=16 mean=16.0000 max=16 (expected 16 per sample)
mqar_answer_positions[test]: min=16 mean=16.0000 max=16 (expected 16 per sample)
experiment=archeval_mqar_easy_transformer_latency_match_seed42 device=cuda:0 out_dir=/home/jovyan/shares/SR008.fs2/nvidenisov/other/repos/mamba/mamba_multi_scale_get_started/outputs/ArchEval/mqar_easy_transformer_latency_match_seed42
mqar data: fixed_examples=True random_baseline_acc≈1/vocab=0.001953 (vocab_size=512)
--- mqar resolved config (sanity) ---
  experiment.name: archeval_mqar_easy_transformer_latency_match_seed42
  model.backbone: transformer_lm
  model.layer_headdims: —
  model.multiscale.fast_layer_headdims: —
  model.multiscale.slow_layer_headdims: —
  model.multiscale.window_size: —
  model.multiscale.offsets: —
  model.multiscale.summary_mode: —
  model.multiscale.causal_mode: —
  model.multiscale.gate_type: —
  data.input_seq_len: 128
  data.num_kv_pairs: 16
  data.vocab_size: 512
  data.train_examples: 20000  val_examples: 2000  test_examples: 2000
  data.fixed_examples: True
  data.min_query_pos: null
  train.lr: 0.0003
  train.epochs: 20
  num_parameters_trainable: 1728704
  tags(backbone,fusion,stride): transformer_lm, , 
--- end resolved config ---
epoch 1/20 train loss=5.5568 acc=0.0040 em=0.0000 | val loss=5.5590 acc=0.0037 em=0.0000 | random≈0.0020
  saved best_loss.pt (val_answer_loss=5.559006)
  saved best_acc.pt (val_answer_accuracy=0.003719)
epoch 2/20 train loss=5.5504 acc=0.0045 em=0.0000 | val loss=5.5526 acc=0.0041 em=0.0000 | random≈0.0020
  saved best_loss.pt (val_answer_loss=5.552575)
  saved best_acc.pt (val_answer_accuracy=0.004125)
epoch 3/20 train loss=5.4499 acc=0.0407 em=0.0000 | val loss=5.4724 acc=0.0399 em=0.0000 | random≈0.0020
  saved best_loss.pt (val_answer_loss=5.472418)
  saved best_acc.pt (val_answer_accuracy=0.039875)
epoch 4/20 train loss=4.9298 acc=0.0773 em=0.0000 | val loss=5.0026 acc=0.0723 em=0.0000 | random≈0.0020
  saved best_loss.pt (val_answer_loss=5.002555)
  saved best_acc.pt (val_answer_accuracy=0.072281)
epoch 5/20 train loss=4.4840 acc=0.0863 em=0.0000 | val loss=4.5979 acc=0.0754 em=0.0000 | random≈0.0020
  saved best_loss.pt (val_answer_loss=4.597890)
  saved best_acc.pt (val_answer_accuracy=0.075375)
epoch 6/20 train loss=4.1556 acc=0.0948 em=0.0000 | val loss=4.3085 acc=0.0755 em=0.0000 | random≈0.0020
  saved best_loss.pt (val_answer_loss=4.308475)
  saved best_acc.pt (val_answer_accuracy=0.075531)
epoch 7/20 train loss=3.8913 acc=0.1029 em=0.0000 | val loss=4.0877 acc=0.0790 em=0.0000 | random≈0.0020
  saved best_loss.pt (val_answer_loss=4.087679)
  saved best_acc.pt (val_answer_accuracy=0.078969)
epoch 8/20 train loss=3.4442 acc=0.1751 em=0.0000 | val loss=3.6836 acc=0.1345 em=0.0000 | random≈0.0020
  saved best_loss.pt (val_answer_loss=3.683629)
  saved best_acc.pt (val_answer_accuracy=0.134531)
epoch 9/20 train loss=0.0040 acc=1.0000 em=0.9996 | val loss=0.0043 acc=1.0000 em=0.9995 | random≈0.0020
  saved best_loss.pt (val_answer_loss=0.004274)
  saved best_acc.pt (val_answer_accuracy=0.999969)
epoch 10/20 train loss=0.0012 acc=1.0000 em=1.0000 | val loss=0.0012 acc=1.0000 em=1.0000 | random≈0.0020
  saved best_loss.pt (val_answer_loss=0.001203)
epoch 11/20 train loss=0.0006 acc=1.0000 em=1.0000 | val loss=0.0006 acc=1.0000 em=1.0000 | random≈0.0020
  saved best_loss.pt (val_answer_loss=0.000637)
epoch 12/20 train loss=0.0004 acc=1.0000 em=1.0000 | val loss=0.0004 acc=1.0000 em=1.0000 | random≈0.0020
  saved best_loss.pt (val_answer_loss=0.000413)
epoch 13/20 train loss=0.0003 acc=1.0000 em=1.0000 | val loss=0.0003 acc=1.0000 em=1.0000 | random≈0.0020
  saved best_loss.pt (val_answer_loss=0.000287)
epoch 14/20 train loss=0.0002 acc=1.0000 em=1.0000 | val loss=0.0002 acc=1.0000 em=1.0000 | random≈0.0020
epoch 15/20 train loss=0.0002 acc=1.0000 em=1.0000 | val loss=0.0002 acc=1.0000 em=1.0000 | random≈0.0020
  saved best_loss.pt (val_answer_loss=0.000161)
epoch 16/20 train loss=0.0001 acc=1.0000 em=1.0000 | val loss=0.0001 acc=1.0000 em=1.0000 | random≈0.0020
epoch 17/20 train loss=0.0001 acc=1.0000 em=1.0000 | val loss=0.0001 acc=1.0000 em=1.0000 | random≈0.0020
epoch 18/20 train loss=0.0001 acc=1.0000 em=1.0000 | val loss=0.0001 acc=1.0000 em=1.0000 | random≈0.0020
epoch 19/20 train loss=0.0001 acc=1.0000 em=1.0000 | val loss=0.0001 acc=1.0000 em=1.0000 | random≈0.0020
early stopping at epoch 19: val answer_loss did not improve by min_delta=0.0001 for 4 epochs
test [best_loss_ckpt] loss=0.000161 acc=1.000000 em=1.000000
test [best_acc_ckpt]  loss=0.004164 acc=0.999969 em=0.999500 random_baseline≈0.001953
done. meta_metrics → /home/jovyan/shares/SR008.fs2/nvidenisov/other/repos/mamba/mamba_multi_scale_get_started/outputs/ArchEval/mqar_easy_transformer_latency_match_seed42/meta_metrics.csv
