mqar_split_hashes: n_train=20000 uniq_train=20000 | n_val=2000 uniq_val=2000 | n_test=2000 uniq_test=2000
mqar_answer_positions[train]: min=16 mean=16.0000 max=16 (expected 16 per sample)
mqar_answer_positions[val]: min=16 mean=16.0000 max=16 (expected 16 per sample)
mqar_answer_positions[test]: min=16 mean=16.0000 max=16 (expected 16 per sample)
experiment=archeval_mqar_easy_mamba2_slow_init_seed50 device=cuda:0 out_dir=/home/jovyan/shares/SR008.fs2/nvidenisov/other/repos/mamba/mamba_multi_scale_get_started/outputs/ArchEval/mqar_easy_mamba2_slow_init_seed50
mqar data: fixed_examples=True random_baseline_acc≈1/vocab=0.001953 (vocab_size=512)
--- mqar resolved config (sanity) ---
  experiment.name: archeval_mqar_easy_mamba2_slow_init_seed50
  model.backbone: mamba2_lm
  model.layer_headdims: [32, 32, 32, 32]
  model.multiscale.fast_layer_headdims: —
  model.multiscale.slow_layer_headdims: —
  model.multiscale.window_size: —
  model.multiscale.offsets: —
  model.multiscale.summary_mode: —
  model.multiscale.causal_mode: —
  model.multiscale.gate_type: —
  data.input_seq_len: 128
  data.num_kv_pairs: 16
  data.vocab_size: 512
  data.train_examples: 20000  val_examples: 2000  test_examples: 2000
  data.fixed_examples: True
  data.min_query_pos: null
  train.lr: 0.0003
  train.epochs: 20
  num_parameters_trainable: 1931712
  tags(backbone,fusion,stride): mamba2_lm, , 
--- end resolved config ---
epoch 1/20 train loss=5.5506 acc=0.0048 em=0.0000 | val loss=5.5622 acc=0.0038 em=0.0000 | random≈0.0020
  saved best_loss.pt (val_answer_loss=5.562169)
  saved best_acc.pt (val_answer_accuracy=0.003812)
epoch 2/20 train loss=5.5093 acc=0.0177 em=0.0000 | val loss=5.5437 acc=0.0148 em=0.0000 | random≈0.0020
  saved best_loss.pt (val_answer_loss=5.543668)
  saved best_acc.pt (val_answer_accuracy=0.014844)
epoch 3/20 train loss=5.3091 acc=0.0514 em=0.0000 | val loss=5.4366 acc=0.0445 em=0.0000 | random≈0.0020
  saved best_loss.pt (val_answer_loss=5.436605)
  saved best_acc.pt (val_answer_accuracy=0.044469)
epoch 4/20 train loss=4.7248 acc=0.1308 em=0.0000 | val loss=5.0115 acc=0.1008 em=0.0000 | random≈0.0020
  saved best_loss.pt (val_answer_loss=5.011465)
  saved best_acc.pt (val_answer_accuracy=0.100812)
epoch 5/20 train loss=1.3207 acc=0.7492 em=0.0063 | val loss=1.4866 acc=0.7026 em=0.0010 | random≈0.0020
  saved best_loss.pt (val_answer_loss=1.486615)
  saved best_acc.pt (val_answer_accuracy=0.702594)
epoch 6/20 train loss=0.1222 acc=0.9843 em=0.7788 | val loss=0.1788 acc=0.9667 em=0.5810 | random≈0.0020
  saved best_loss.pt (val_answer_loss=0.178762)
  saved best_acc.pt (val_answer_accuracy=0.966719)
epoch 7/20 train loss=0.0256 acc=0.9987 em=0.9795 | val loss=0.0530 acc=0.9901 em=0.8515 | random≈0.0020
  saved best_loss.pt (val_answer_loss=0.052992)
  saved best_acc.pt (val_answer_accuracy=0.990125)
epoch 8/20 train loss=0.0092 acc=1.0000 em=0.9996 | val loss=0.0272 acc=0.9954 em=0.9280 | random≈0.0020
  saved best_loss.pt (val_answer_loss=0.027237)
  saved best_acc.pt (val_answer_accuracy=0.995375)
epoch 9/20 train loss=0.0053 acc=1.0000 em=1.0000 | val loss=0.0200 acc=0.9961 em=0.9395 | random≈0.0020
  saved best_loss.pt (val_answer_loss=0.019955)
  saved best_acc.pt (val_answer_accuracy=0.996094)
epoch 10/20 train loss=0.0036 acc=1.0000 em=1.0000 | val loss=0.0162 acc=0.9968 em=0.9485 | random≈0.0020
  saved best_loss.pt (val_answer_loss=0.016195)
  saved best_acc.pt (val_answer_accuracy=0.996750)
epoch 11/20 train loss=0.0028 acc=1.0000 em=1.0000 | val loss=0.0140 acc=0.9971 em=0.9545 | random≈0.0020
  saved best_loss.pt (val_answer_loss=0.014029)
  saved best_acc.pt (val_answer_accuracy=0.997094)
epoch 12/20 train loss=0.0022 acc=1.0000 em=1.0000 | val loss=0.0126 acc=0.9975 em=0.9600 | random≈0.0020
  saved best_loss.pt (val_answer_loss=0.012625)
  saved best_acc.pt (val_answer_accuracy=0.997469)
epoch 13/20 train loss=0.0018 acc=1.0000 em=1.0000 | val loss=0.0113 acc=0.9975 em=0.9610 | random≈0.0020
  saved best_loss.pt (val_answer_loss=0.011334)
epoch 14/20 train loss=0.0015 acc=1.0000 em=1.0000 | val loss=0.0104 acc=0.9977 em=0.9640 | random≈0.0020
  saved best_loss.pt (val_answer_loss=0.010433)
  saved best_acc.pt (val_answer_accuracy=0.997719)
epoch 15/20 train loss=0.0012 acc=1.0000 em=1.0000 | val loss=0.0097 acc=0.9978 em=0.9660 | random≈0.0020
  saved best_loss.pt (val_answer_loss=0.009665)
  saved best_acc.pt (val_answer_accuracy=0.997844)
epoch 16/20 train loss=0.0010 acc=1.0000 em=1.0000 | val loss=0.0090 acc=0.9979 em=0.9675 | random≈0.0020
  saved best_loss.pt (val_answer_loss=0.008984)
epoch 17/20 train loss=0.0009 acc=1.0000 em=1.0000 | val loss=0.0083 acc=0.9982 em=0.9710 | random≈0.0020
  saved best_loss.pt (val_answer_loss=0.008317)
  saved best_acc.pt (val_answer_accuracy=0.998156)
epoch 18/20 train loss=0.0008 acc=1.0000 em=1.0000 | val loss=0.0079 acc=0.9981 em=0.9700 | random≈0.0020
  saved best_loss.pt (val_answer_loss=0.007851)
epoch 19/20 train loss=0.0007 acc=1.0000 em=1.0000 | val loss=0.0074 acc=0.9982 em=0.9720 | random≈0.0020
  saved best_loss.pt (val_answer_loss=0.007397)
epoch 20/20 train loss=0.0006 acc=1.0000 em=1.0000 | val loss=0.0070 acc=0.9983 em=0.9740 | random≈0.0020
  saved best_loss.pt (val_answer_loss=0.007028)
  saved best_acc.pt (val_answer_accuracy=0.998344)
test [best_loss_ckpt] loss=0.005723 acc=0.998469 em=0.975500
test [best_acc_ckpt]  loss=0.005723 acc=0.998469 em=0.975500 random_baseline≈0.001953
done. meta_metrics → /home/jovyan/shares/SR008.fs2/nvidenisov/other/repos/mamba/mamba_multi_scale_get_started/outputs/ArchEval/mqar_easy_mamba2_slow_init_seed50/meta_metrics.csv
