mqar_split_hashes: n_train=20000 uniq_train=20000 | n_val=2000 uniq_val=2000 | n_test=2000 uniq_test=2000
mqar_answer_positions[train]: min=16 mean=16.0000 max=16 (expected 16 per sample)
mqar_answer_positions[val]: min=16 mean=16.0000 max=16 (expected 16 per sample)
mqar_answer_positions[test]: min=16 mean=16.0000 max=16 (expected 16 per sample)
experiment=mqar_final_transition704_ms_gated_stride2_L128_minnull_kv16_vocab704_train20000_seed42 device=cuda:0 out_dir=/home/jovyan/shares/SR008.fs2/nvidenisov/other/repos/mamba/mamba_multi_scale_get_started/outputs/MQAR/mqar_final_transition704_ms_gated_stride2_L128_minnull_kv16_vocab704_train20000_seed42
mqar data: fixed_examples=True random_baseline_acc≈1/vocab=0.001420 (vocab_size=704)
--- mqar resolved config (sanity) ---
  experiment.name: mqar_final_transition704_ms_gated_stride2_L128_minnull_kv16_vocab704_train20000_seed42
  model.backbone: multiscale_mamba2_lm
  model.layer_headdims: [32, 32, 32, 32]
  model.multiscale.fast_layer_headdims: [32, 32, 32, 32]
  model.multiscale.slow_layer_headdims: [32, 32]
  data.input_seq_len: 128
  data.num_kv_pairs: 16
  data.vocab_size: 704
  data.train_examples: 20000  val_examples: 2000  test_examples: 2000
  data.fixed_examples: True
  data.min_query_pos: null
  train.lr: 0.0003
  train.epochs: 20
  num_parameters_trainable: 2996832
  tags(backbone,fusion,stride): multiscale_mamba2_lm, gated, 2
--- end resolved config ---
epoch 1/20 train loss=5.8678 acc=0.0035 em=0.0000 | val loss=5.8809 acc=0.0026 em=0.0000 | random≈0.0014
  saved best_loss.pt (val_answer_loss=5.880882)
  saved best_acc.pt (val_answer_accuracy=0.002563)
epoch 2/20 train loss=5.8332 acc=0.0114 em=0.0000 | val loss=5.8768 acc=0.0080 em=0.0000 | random≈0.0014
  saved best_loss.pt (val_answer_loss=5.876788)
  saved best_acc.pt (val_answer_accuracy=0.007969)
epoch 3/20 train loss=5.6800 acc=0.0336 em=0.0000 | val loss=5.8408 acc=0.0260 em=0.0000 | random≈0.0014
  saved best_loss.pt (val_answer_loss=5.840814)
  saved best_acc.pt (val_answer_accuracy=0.025969)
epoch 4/20 train loss=5.3623 acc=0.0621 em=0.0000 | val loss=5.7952 acc=0.0417 em=0.0000 | random≈0.0014
  saved best_loss.pt (val_answer_loss=5.795246)
  saved best_acc.pt (val_answer_accuracy=0.041656)
epoch 5/20 train loss=4.8527 acc=0.1208 em=0.0000 | val loss=5.7205 acc=0.0566 em=0.0000 | random≈0.0014
  saved best_loss.pt (val_answer_loss=5.720489)
  saved best_acc.pt (val_answer_accuracy=0.056563)
epoch 6/20 train loss=3.9729 acc=0.2654 em=0.0000 | val loss=5.1364 acc=0.1305 em=0.0000 | random≈0.0014
  saved best_loss.pt (val_answer_loss=5.136434)
  saved best_acc.pt (val_answer_accuracy=0.130531)
epoch 7/20 train loss=1.4996 acc=0.7402 em=0.0050 | val loss=2.2209 acc=0.5614 em=0.0000 | random≈0.0014
  saved best_loss.pt (val_answer_loss=2.220948)
  saved best_acc.pt (val_answer_accuracy=0.561375)
epoch 8/20 train loss=0.2361 acc=0.9709 em=0.6307 | val loss=0.5029 acc=0.9034 em=0.1965 | random≈0.0014
  saved best_loss.pt (val_answer_loss=0.502860)
  saved best_acc.pt (val_answer_accuracy=0.903438)
epoch 9/20 train loss=0.0530 acc=0.9963 em=0.9429 | val loss=0.1763 acc=0.9658 em=0.5755 | random≈0.0014
  saved best_loss.pt (val_answer_loss=0.176342)
  saved best_acc.pt (val_answer_accuracy=0.965812)
epoch 10/20 train loss=0.0162 acc=0.9999 em=0.9983 | val loss=0.0890 acc=0.9814 em=0.7465 | random≈0.0014
  saved best_loss.pt (val_answer_loss=0.088978)
  saved best_acc.pt (val_answer_accuracy=0.981375)
epoch 11/20 train loss=0.0081 acc=1.0000 em=1.0000 | val loss=0.0611 acc=0.9868 em=0.8120 | random≈0.0014
  saved best_loss.pt (val_answer_loss=0.061102)
  saved best_acc.pt (val_answer_accuracy=0.986750)
epoch 12/20 train loss=0.0055 acc=1.0000 em=1.0000 | val loss=0.0506 acc=0.9888 em=0.8405 | random≈0.0014
  saved best_loss.pt (val_answer_loss=0.050636)
  saved best_acc.pt (val_answer_accuracy=0.988812)
epoch 13/20 train loss=0.0041 acc=1.0000 em=1.0000 | val loss=0.0445 acc=0.9895 em=0.8465 | random≈0.0014
  saved best_loss.pt (val_answer_loss=0.044460)
  saved best_acc.pt (val_answer_accuracy=0.989469)
epoch 14/20 train loss=0.0032 acc=1.0000 em=1.0000 | val loss=0.0397 acc=0.9904 em=0.8595 | random≈0.0014
  saved best_loss.pt (val_answer_loss=0.039695)
  saved best_acc.pt (val_answer_accuracy=0.990406)
epoch 15/20 train loss=0.0026 acc=1.0000 em=1.0000 | val loss=0.0360 acc=0.9910 em=0.8680 | random≈0.0014
  saved best_loss.pt (val_answer_loss=0.035964)
  saved best_acc.pt (val_answer_accuracy=0.991000)
epoch 16/20 train loss=0.0021 acc=1.0000 em=1.0000 | val loss=0.0328 acc=0.9915 em=0.8735 | random≈0.0014
  saved best_loss.pt (val_answer_loss=0.032771)
  saved best_acc.pt (val_answer_accuracy=0.991469)
epoch 17/20 train loss=0.0018 acc=1.0000 em=1.0000 | val loss=0.0306 acc=0.9920 em=0.8815 | random≈0.0014
  saved best_loss.pt (val_answer_loss=0.030587)
  saved best_acc.pt (val_answer_accuracy=0.992031)
epoch 18/20 train loss=0.0015 acc=1.0000 em=1.0000 | val loss=0.0285 acc=0.9924 em=0.8865 | random≈0.0014
  saved best_loss.pt (val_answer_loss=0.028462)
  saved best_acc.pt (val_answer_accuracy=0.992437)
epoch 19/20 train loss=0.0013 acc=1.0000 em=1.0000 | val loss=0.0268 acc=0.9927 em=0.8915 | random≈0.0014
  saved best_loss.pt (val_answer_loss=0.026777)
  saved best_acc.pt (val_answer_accuracy=0.992719)
epoch 20/20 train loss=0.0011 acc=1.0000 em=1.0000 | val loss=0.0252 acc=0.9930 em=0.8960 | random≈0.0014
  saved best_loss.pt (val_answer_loss=0.025197)
  saved best_acc.pt (val_answer_accuracy=0.993031)
test [best_loss_ckpt] loss=0.025865 acc=0.993719 em=0.905000
test [best_acc_ckpt]  loss=0.025865 acc=0.993719 em=0.905000 random_baseline≈0.001420
done. meta_metrics → /home/jovyan/shares/SR008.fs2/nvidenisov/other/repos/mamba/mamba_multi_scale_get_started/outputs/MQAR/mqar_final_transition704_ms_gated_stride2_L128_minnull_kv16_vocab704_train20000_seed42/meta_metrics.csv
