mqar_split_hashes: n_train=20000 uniq_train=20000 | n_val=2000 uniq_val=2000 | n_test=2000 uniq_test=2000
mqar_answer_positions[train]: min=16 mean=16.0000 max=16 (expected 16 per sample)
mqar_answer_positions[val]: min=16 mean=16.0000 max=16 (expected 16 per sample)
mqar_answer_positions[test]: min=16 mean=16.0000 max=16 (expected 16 per sample)
experiment=archeval_mqar_trans768_mamba2_depth6_seed44 device=cuda:0 out_dir=/home/jovyan/shares/SR008.fs2/nvidenisov/other/repos/mamba/mamba_multi_scale_get_started/outputs/ArchEval/mqar_trans768_mamba2_depth6_seed44
mqar data: fixed_examples=True random_baseline_acc‚Čą1/vocab=0.001302 (vocab_size=768)
--- mqar resolved config (sanity) ---
  experiment.name: archeval_mqar_trans768_mamba2_depth6_seed44
  model.backbone: mamba2_lm
  model.layer_headdims: [32, 32, 32, 32, 32, 32]
  model.multiscale.fast_layer_headdims: ‚ÄĒ
  model.multiscale.slow_layer_headdims: ‚ÄĒ
  data.input_seq_len: 128
  data.num_kv_pairs: 16
  data.vocab_size: 768
  data.train_examples: 20000  val_examples: 2000  test_examples: 2000
  data.fixed_examples: True
  data.min_query_pos: null
  train.lr: 0.0003
  train.epochs: 20
  num_parameters_trainable: 2897312
  tags(backbone,fusion,stride): mamba2_lm, , 
--- end resolved config ---
epoch 1/20 train loss=5.9558 acc=0.0033 em=0.0000 | val loss=5.9677 acc=0.0027 em=0.0000 | random‚Čą0.0013
  saved best_loss.pt (val_answer_loss=5.967745)
  saved best_acc.pt (val_answer_accuracy=0.002656)
epoch 2/20 train loss=5.9245 acc=0.0073 em=0.0000 | val loss=5.9655 acc=0.0042 em=0.0000 | random‚Čą0.0013
  saved best_loss.pt (val_answer_loss=5.965497)
  saved best_acc.pt (val_answer_accuracy=0.004156)
epoch 3/20 train loss=5.7896 acc=0.0231 em=0.0000 | val loss=5.9565 acc=0.0156 em=0.0000 | random‚Čą0.0013
  saved best_loss.pt (val_answer_loss=5.956526)
  saved best_acc.pt (val_answer_accuracy=0.015625)
epoch 4/20 train loss=5.4521 acc=0.0548 em=0.0000 | val loss=5.9975 acc=0.0223 em=0.0000 | random‚Čą0.0013
  saved best_acc.pt (val_answer_accuracy=0.022281)
epoch 5/20 train loss=4.9545 acc=0.1206 em=0.0000 | val loss=6.0961 acc=0.0195 em=0.0000 | random‚Čą0.0013
epoch 6/20 train loss=4.3847 acc=0.2173 em=0.0000 | val loss=6.2492 acc=0.0166 em=0.0000 | random‚Čą0.0013
epoch 7/20 train loss=3.8066 acc=0.3223 em=0.0000 | val loss=6.4514 acc=0.0144 em=0.0000 | random‚Čą0.0013
early stopping at epoch 7: val answer_loss did not improve by min_delta=0.0001 for 4 epochs
test [best_loss_ckpt] loss=5.955759 acc=0.015688 em=0.000000
test [best_acc_ckpt]  loss=5.994070 acc=0.021281 em=0.000000 random_baseline‚Čą0.001302
done. meta_metrics ‚Üí /home/jovyan/shares/SR008.fs2/nvidenisov/other/repos/mamba/mamba_multi_scale_get_started/outputs/ArchEval/mqar_trans768_mamba2_depth6_seed44/meta_metrics.csv
