mqar_split_hashes: n_train=20000 uniq_train=20000 | n_val=2000 uniq_val=2000 | n_test=2000 uniq_test=2000
mqar_answer_positions[train]: min=16 mean=16.0000 max=16 (expected 16 per sample)
mqar_answer_positions[val]: min=16 mean=16.0000 max=16 (expected 16 per sample)
mqar_answer_positions[test]: min=16 mean=16.0000 max=16 (expected 16 per sample)
experiment=archeval_mqar_trans704_ms_gated_stride2_seed44 device=cuda:0 out_dir=/home/jovyan/shares/SR008.fs2/nvidenisov/other/repos/mamba/mamba_multi_scale_get_started/outputs/ArchEval/mqar_trans704_ms_gated_stride2_seed44
mqar data: fixed_examples=True random_baseline_acc≈1/vocab=0.001420 (vocab_size=704)
--- mqar resolved config (sanity) ---
  experiment.name: archeval_mqar_trans704_ms_gated_stride2_seed44
  model.backbone: multiscale_mamba2_lm
  model.layer_headdims: [32, 32, 32, 32]
  model.multiscale.fast_layer_headdims: [32, 32, 32, 32]
  model.multiscale.slow_layer_headdims: [32, 32]
  data.input_seq_len: 128
  data.num_kv_pairs: 16
  data.vocab_size: 704
  data.train_examples: 20000  val_examples: 2000  test_examples: 2000
  data.fixed_examples: True
  data.min_query_pos: null
  train.lr: 0.0003
  train.epochs: 20
  num_parameters_trainable: 2996832
  tags(backbone,fusion,stride): multiscale_mamba2_lm, gated, 2
--- end resolved config ---
epoch 1/20 train loss=5.8674 acc=0.0036 em=0.0000 | val loss=5.8816 acc=0.0026 em=0.0000 | random≈0.0014
  saved best_loss.pt (val_answer_loss=5.881649)
  saved best_acc.pt (val_answer_accuracy=0.002594)
epoch 2/20 train loss=5.8410 acc=0.0056 em=0.0000 | val loss=5.8811 acc=0.0030 em=0.0000 | random≈0.0014
  saved best_loss.pt (val_answer_loss=5.881088)
  saved best_acc.pt (val_answer_accuracy=0.003031)
epoch 3/20 train loss=5.6887 acc=0.0287 em=0.0000 | val loss=5.8541 acc=0.0226 em=0.0000 | random≈0.0014
  saved best_loss.pt (val_answer_loss=5.854144)
  saved best_acc.pt (val_answer_accuracy=0.022625)
epoch 4/20 train loss=5.3536 acc=0.0591 em=0.0000 | val loss=5.8384 acc=0.0386 em=0.0000 | random≈0.0014
  saved best_loss.pt (val_answer_loss=5.838397)
  saved best_acc.pt (val_answer_accuracy=0.038594)
epoch 5/20 train loss=4.8561 acc=0.1154 em=0.0000 | val loss=5.8239 acc=0.0422 em=0.0000 | random≈0.0014
  saved best_loss.pt (val_answer_loss=5.823929)
  saved best_acc.pt (val_answer_accuracy=0.042188)
epoch 6/20 train loss=4.1402 acc=0.2317 em=0.0000 | val loss=5.6241 acc=0.0726 em=0.0000 | random≈0.0014
  saved best_loss.pt (val_answer_loss=5.624050)
  saved best_acc.pt (val_answer_accuracy=0.072594)
epoch 7/20 train loss=2.4866 acc=0.5400 em=0.0000 | val loss=3.9825 acc=0.2372 em=0.0000 | random≈0.0014
  saved best_loss.pt (val_answer_loss=3.982488)
  saved best_acc.pt (val_answer_accuracy=0.237250)
epoch 8/20 train loss=0.6647 acc=0.8813 em=0.1363 | val loss=1.5447 acc=0.6304 em=0.0010 | random≈0.0014
  saved best_loss.pt (val_answer_loss=1.544678)
  saved best_acc.pt (val_answer_accuracy=0.630437)
epoch 9/20 train loss=0.1175 acc=0.9879 em=0.8259 | val loss=0.4281 acc=0.9002 em=0.1805 | random≈0.0014
  saved best_loss.pt (val_answer_loss=0.428112)
  saved best_acc.pt (val_answer_accuracy=0.900219)
epoch 10/20 train loss=0.0326 acc=0.9994 em=0.9911 | val loss=0.2015 acc=0.9530 em=0.4615 | random≈0.0014
  saved best_loss.pt (val_answer_loss=0.201484)
  saved best_acc.pt (val_answer_accuracy=0.952969)
epoch 11/20 train loss=0.0145 acc=1.0000 em=1.0000 | val loss=0.1322 acc=0.9689 em=0.5985 | random≈0.0014
  saved best_loss.pt (val_answer_loss=0.132189)
  saved best_acc.pt (val_answer_accuracy=0.968875)
epoch 12/20 train loss=0.0093 acc=1.0000 em=1.0000 | val loss=0.1026 acc=0.9764 em=0.6795 | random≈0.0014
  saved best_loss.pt (val_answer_loss=0.102636)
  saved best_acc.pt (val_answer_accuracy=0.976406)
epoch 13/20 train loss=0.0069 acc=1.0000 em=1.0000 | val loss=0.0889 acc=0.9790 em=0.7050 | random≈0.0014
  saved best_loss.pt (val_answer_loss=0.088873)
  saved best_acc.pt (val_answer_accuracy=0.979031)
epoch 14/20 train loss=0.0054 acc=1.0000 em=1.0000 | val loss=0.0783 acc=0.9811 em=0.7300 | random≈0.0014
  saved best_loss.pt (val_answer_loss=0.078346)
  saved best_acc.pt (val_answer_accuracy=0.981062)
epoch 15/20 train loss=0.0044 acc=1.0000 em=1.0000 | val loss=0.0701 acc=0.9832 em=0.7560 | random≈0.0014
  saved best_loss.pt (val_answer_loss=0.070110)
  saved best_acc.pt (val_answer_accuracy=0.983156)
epoch 16/20 train loss=0.0036 acc=1.0000 em=1.0000 | val loss=0.0642 acc=0.9845 em=0.7710 | random≈0.0014
  saved best_loss.pt (val_answer_loss=0.064235)
  saved best_acc.pt (val_answer_accuracy=0.984531)
epoch 17/20 train loss=0.0030 acc=1.0000 em=1.0000 | val loss=0.0580 acc=0.9868 em=0.8040 | random≈0.0014
  saved best_loss.pt (val_answer_loss=0.057957)
  saved best_acc.pt (val_answer_accuracy=0.986812)
epoch 18/20 train loss=0.0025 acc=1.0000 em=1.0000 | val loss=0.0527 acc=0.9877 em=0.8155 | random≈0.0014
  saved best_loss.pt (val_answer_loss=0.052690)
  saved best_acc.pt (val_answer_accuracy=0.987656)
epoch 19/20 train loss=0.0022 acc=1.0000 em=1.0000 | val loss=0.0480 acc=0.9885 em=0.8285 | random≈0.0014
  saved best_loss.pt (val_answer_loss=0.048021)
  saved best_acc.pt (val_answer_accuracy=0.988500)
epoch 20/20 train loss=0.0019 acc=1.0000 em=1.0000 | val loss=0.0446 acc=0.9894 em=0.8420 | random≈0.0014
  saved best_loss.pt (val_answer_loss=0.044624)
  saved best_acc.pt (val_answer_accuracy=0.989437)
test [best_loss_ckpt] loss=0.046584 acc=0.988969 em=0.840500
test [best_acc_ckpt]  loss=0.046584 acc=0.988969 em=0.840500 random_baseline≈0.001420
done. meta_metrics → /home/jovyan/shares/SR008.fs2/nvidenisov/other/repos/mamba/mamba_multi_scale_get_started/outputs/ArchEval/mqar_trans704_ms_gated_stride2_seed44/meta_metrics.csv
