mqar_split_hashes: n_train=20000 uniq_train=20000 | n_val=2000 uniq_val=2000 | n_test=2000 uniq_test=2000
mqar_answer_positions[train]: min=16 mean=16.0000 max=16 (expected 16 per sample)
mqar_answer_positions[val]: min=16 mean=16.0000 max=16 (expected 16 per sample)
mqar_answer_positions[test]: min=16 mean=16.0000 max=16 (expected 16 per sample)
experiment=mqar_fail_mamba2_split_ts_slow_veryslow_v1024_seed43 device=cuda:0 out_dir=/home/jovyan/shares/SR008.fs2/nvidenisov/other/repos/mamba/mamba_multi_scale_get_started/outputs/MQARFailureSweep/mqar_fail_mamba2_split_ts_slow_veryslow_v1024_seed43
mqar data: fixed_examples=True random_baseline_acc≈1/vocab=0.000977 (vocab_size=1024)
--- mqar resolved config (sanity) ---
  experiment.name: mqar_fail_mamba2_split_ts_slow_veryslow_v1024_seed43
  model.backbone: mamba2_lm
  model.layer_headdims: [32, 32, 32, 32]
  model.multiscale.fast_layer_headdims: —
  model.multiscale.slow_layer_headdims: —
  model.multiscale.window_size: —
  model.multiscale.offsets: —
  model.multiscale.summary_mode: —
  model.multiscale.causal_mode: —
  model.multiscale.gate_type: —
  data.input_seq_len: 128
  data.num_kv_pairs: 16
  data.vocab_size: 1024
  data.train_examples: 20000  val_examples: 2000  test_examples: 2000
  data.fixed_examples: True
  data.min_query_pos: null
  train.lr: 0.0003
  train.epochs: 20
  num_parameters_trainable: 2194368
  tags(backbone,fusion,stride): mamba2_lm, , 
--- end resolved config ---
epoch 1/20 train loss=6.2433 acc=0.0025 em=0.0000 | val loss=6.2581 acc=0.0021 em=0.0000 | random≈0.0010
  saved best_loss.pt (val_answer_loss=6.258083)
  saved best_acc.pt (val_answer_accuracy=0.002063)
epoch 2/20 train loss=6.2146 acc=0.0054 em=0.0000 | val loss=6.2571 acc=0.0035 em=0.0000 | random≈0.0010
  saved best_loss.pt (val_answer_loss=6.257120)
  saved best_acc.pt (val_answer_accuracy=0.003469)
epoch 3/20 train loss=6.0738 acc=0.0277 em=0.0000 | val loss=6.2204 acc=0.0219 em=0.0000 | random≈0.0010
  saved best_loss.pt (val_answer_loss=6.220441)
  saved best_acc.pt (val_answer_accuracy=0.021906)
epoch 4/20 train loss=5.7321 acc=0.0642 em=0.0000 | val loss=6.1039 acc=0.0438 em=0.0000 | random≈0.0010
  saved best_loss.pt (val_answer_loss=6.103929)
  saved best_acc.pt (val_answer_accuracy=0.043812)
epoch 5/20 train loss=4.2076 acc=0.2939 em=0.0000 | val loss=4.6049 acc=0.2368 em=0.0000 | random≈0.0010
  saved best_loss.pt (val_answer_loss=4.604874)
  saved best_acc.pt (val_answer_accuracy=0.236781)
epoch 6/20 train loss=0.6234 acc=0.9321 em=0.3231 | val loss=0.7782 acc=0.9017 em=0.2015 | random≈0.0010
  saved best_loss.pt (val_answer_loss=0.778235)
  saved best_acc.pt (val_answer_accuracy=0.901656)
epoch 7/20 train loss=0.0819 acc=0.9940 em=0.9083 | val loss=0.1375 acc=0.9818 em=0.7450 | random≈0.0010
  saved best_loss.pt (val_answer_loss=0.137490)
  saved best_acc.pt (val_answer_accuracy=0.981781)
epoch 8/20 train loss=0.0264 acc=0.9996 em=0.9932 | val loss=0.0596 acc=0.9927 em=0.8905 | random≈0.0010
  saved best_loss.pt (val_answer_loss=0.059631)
  saved best_acc.pt (val_answer_accuracy=0.992719)
epoch 9/20 train loss=0.0130 acc=0.9999 em=0.9989 | val loss=0.0369 acc=0.9956 em=0.9300 | random≈0.0010
  saved best_loss.pt (val_answer_loss=0.036911)
  saved best_acc.pt (val_answer_accuracy=0.995563)
epoch 10/20 train loss=0.0085 acc=1.0000 em=0.9999 | val loss=0.0278 acc=0.9964 em=0.9430 | random≈0.0010
  saved best_loss.pt (val_answer_loss=0.027798)
  saved best_acc.pt (val_answer_accuracy=0.996437)
epoch 11/20 train loss=0.0062 acc=1.0000 em=1.0000 | val loss=0.0225 acc=0.9969 em=0.9520 | random≈0.0010
  saved best_loss.pt (val_answer_loss=0.022516)
  saved best_acc.pt (val_answer_accuracy=0.996938)
epoch 12/20 train loss=0.0048 acc=1.0000 em=1.0000 | val loss=0.0188 acc=0.9975 em=0.9595 | random≈0.0010
  saved best_loss.pt (val_answer_loss=0.018840)
  saved best_acc.pt (val_answer_accuracy=0.997469)
epoch 13/20 train loss=0.0038 acc=1.0000 em=1.0000 | val loss=0.0164 acc=0.9976 em=0.9615 | random≈0.0010
  saved best_loss.pt (val_answer_loss=0.016432)
  saved best_acc.pt (val_answer_accuracy=0.997594)
epoch 14/20 train loss=0.0031 acc=1.0000 em=1.0000 | val loss=0.0143 acc=0.9978 em=0.9655 | random≈0.0010
  saved best_loss.pt (val_answer_loss=0.014318)
  saved best_acc.pt (val_answer_accuracy=0.997844)
epoch 15/20 train loss=0.0026 acc=1.0000 em=1.0000 | val loss=0.0129 acc=0.9980 em=0.9675 | random≈0.0010
  saved best_loss.pt (val_answer_loss=0.012915)
  saved best_acc.pt (val_answer_accuracy=0.997969)
epoch 16/20 train loss=0.0022 acc=1.0000 em=1.0000 | val loss=0.0115 acc=0.9981 em=0.9695 | random≈0.0010
  saved best_loss.pt (val_answer_loss=0.011471)
  saved best_acc.pt (val_answer_accuracy=0.998094)
epoch 17/20 train loss=0.0019 acc=1.0000 em=1.0000 | val loss=0.0103 acc=0.9983 em=0.9725 | random≈0.0010
  saved best_loss.pt (val_answer_loss=0.010277)
  saved best_acc.pt (val_answer_accuracy=0.998281)
epoch 18/20 train loss=0.0016 acc=1.0000 em=1.0000 | val loss=0.0094 acc=0.9983 em=0.9730 | random≈0.0010
  saved best_loss.pt (val_answer_loss=0.009418)
epoch 19/20 train loss=0.0014 acc=1.0000 em=1.0000 | val loss=0.0086 acc=0.9985 em=0.9760 | random≈0.0010
  saved best_loss.pt (val_answer_loss=0.008633)
  saved best_acc.pt (val_answer_accuracy=0.998500)
epoch 20/20 train loss=0.0012 acc=1.0000 em=1.0000 | val loss=0.0079 acc=0.9984 em=0.9750 | random≈0.0010
  saved best_loss.pt (val_answer_loss=0.007886)
test [best_loss_ckpt] loss=0.008380 acc=0.998500 em=0.976000
test [best_acc_ckpt]  loss=0.009216 acc=0.998250 em=0.972500 random_baseline≈0.000977
done. meta_metrics → /home/jovyan/shares/SR008.fs2/nvidenisov/other/repos/mamba/mamba_multi_scale_get_started/outputs/MQARFailureSweep/mqar_fail_mamba2_split_ts_slow_veryslow_v1024_seed43/meta_metrics.csv
