mqar_split_hashes: n_train=20000 uniq_train=20000 | n_val=2000 uniq_val=2000 | n_test=2000 uniq_test=2000
mqar_answer_positions[train]: min=16 mean=16.0000 max=16 (expected 16 per sample)
mqar_answer_positions[val]: min=16 mean=16.0000 max=16 (expected 16 per sample)
mqar_answer_positions[test]: min=16 mean=16.0000 max=16 (expected 16 per sample)
experiment=mqar_fail_transformer_param_match_v1280_seed44 device=cuda:0 out_dir=/home/jovyan/shares/SR008.fs2/nvidenisov/other/repos/mamba/mamba_multi_scale_get_started/outputs/MQARFailureSweep/mqar_fail_transformer_param_match_v1280_seed44
mqar data: fixed_examples=True random_baseline_acc≈1/vocab=0.000781 (vocab_size=1280)
--- mqar resolved config (sanity) ---
  experiment.name: mqar_fail_transformer_param_match_v1280_seed44
  model.backbone: transformer_lm
  model.layer_headdims: —
  model.multiscale.fast_layer_headdims: —
  model.multiscale.slow_layer_headdims: —
  model.multiscale.window_size: —
  model.multiscale.offsets: —
  model.multiscale.summary_mode: —
  model.multiscale.causal_mode: —
  model.multiscale.gate_type: —
  data.input_seq_len: 128
  data.num_kv_pairs: 16
  data.vocab_size: 1280
  data.train_examples: 20000  val_examples: 2000  test_examples: 2000
  data.fixed_examples: True
  data.min_query_pos: null
  train.lr: 0.0003
  train.epochs: 20
  num_parameters_trainable: 3428848
  tags(backbone,fusion,stride): transformer_lm, , 
--- end resolved config ---
epoch 1/20 train loss=6.4759 acc=0.0017 em=0.0000 | val loss=6.4800 acc=0.0017 em=0.0000 | random≈0.0008
  saved best_loss.pt (val_answer_loss=6.480009)
  saved best_acc.pt (val_answer_accuracy=0.001687)
epoch 2/20 train loss=6.4710 acc=0.0017 em=0.0000 | val loss=6.4758 acc=0.0022 em=0.0000 | random≈0.0008
  saved best_loss.pt (val_answer_loss=6.475767)
  saved best_acc.pt (val_answer_accuracy=0.002219)
epoch 3/20 train loss=6.4617 acc=0.0021 em=0.0000 | val loss=6.4713 acc=0.0022 em=0.0000 | random≈0.0008
  saved best_loss.pt (val_answer_loss=6.471279)
epoch 4/20 train loss=6.1435 acc=0.0559 em=0.0000 | val loss=6.2286 acc=0.0516 em=0.0000 | random≈0.0008
  saved best_loss.pt (val_answer_loss=6.228567)
  saved best_acc.pt (val_answer_accuracy=0.051594)
epoch 5/20 train loss=5.4580 acc=0.0839 em=0.0000 | val loss=5.6180 acc=0.0712 em=0.0000 | random≈0.0008
  saved best_loss.pt (val_answer_loss=5.618047)
  saved best_acc.pt (val_answer_accuracy=0.071188)
epoch 6/20 train loss=4.9664 acc=0.0951 em=0.0000 | val loss=5.2091 acc=0.0745 em=0.0000 | random≈0.0008
  saved best_loss.pt (val_answer_loss=5.209113)
  saved best_acc.pt (val_answer_accuracy=0.074531)
epoch 7/20 train loss=4.5772 acc=0.1042 em=0.0000 | val loss=4.9125 acc=0.0738 em=0.0000 | random≈0.0008
  saved best_loss.pt (val_answer_loss=4.912500)
epoch 8/20 train loss=4.2509 acc=0.1157 em=0.0000 | val loss=4.6811 acc=0.0757 em=0.0000 | random≈0.0008
  saved best_loss.pt (val_answer_loss=4.681099)
  saved best_acc.pt (val_answer_accuracy=0.075750)
epoch 9/20 train loss=3.9848 acc=0.1298 em=0.0000 | val loss=4.5107 acc=0.0790 em=0.0000 | random≈0.0008
  saved best_loss.pt (val_answer_loss=4.510736)
  saved best_acc.pt (val_answer_accuracy=0.079000)
epoch 10/20 train loss=3.3839 acc=0.2362 em=0.0000 | val loss=4.0106 acc=0.1462 em=0.0000 | random≈0.0008
  saved best_loss.pt (val_answer_loss=4.010615)
  saved best_acc.pt (val_answer_accuracy=0.146250)
epoch 11/20 train loss=0.0031 acc=1.0000 em=0.9992 | val loss=0.0040 acc=0.9998 em=0.9970 | random≈0.0008
  saved best_loss.pt (val_answer_loss=0.004030)
  saved best_acc.pt (val_answer_accuracy=0.999812)
epoch 12/20 train loss=0.0009 acc=1.0000 em=0.9998 | val loss=0.0010 acc=1.0000 em=1.0000 | random≈0.0008
  saved best_loss.pt (val_answer_loss=0.000988)
  saved best_acc.pt (val_answer_accuracy=1.000000)
epoch 13/20 train loss=0.0005 acc=1.0000 em=1.0000 | val loss=0.0006 acc=1.0000 em=1.0000 | random≈0.0008
  saved best_loss.pt (val_answer_loss=0.000551)
epoch 14/20 train loss=0.0003 acc=1.0000 em=1.0000 | val loss=0.0003 acc=1.0000 em=1.0000 | random≈0.0008
  saved best_loss.pt (val_answer_loss=0.000340)
epoch 15/20 train loss=0.0002 acc=1.0000 em=1.0000 | val loss=0.0002 acc=1.0000 em=1.0000 | random≈0.0008
  saved best_loss.pt (val_answer_loss=0.000232)
epoch 16/20 train loss=0.0002 acc=1.0000 em=1.0000 | val loss=0.0002 acc=1.0000 em=1.0000 | random≈0.0008
epoch 17/20 train loss=0.0001 acc=1.0000 em=1.0000 | val loss=0.0001 acc=1.0000 em=1.0000 | random≈0.0008
  saved best_loss.pt (val_answer_loss=0.000130)
epoch 18/20 train loss=0.0001 acc=1.0000 em=1.0000 | val loss=0.0001 acc=1.0000 em=1.0000 | random≈0.0008
epoch 19/20 train loss=0.0001 acc=1.0000 em=1.0000 | val loss=0.0001 acc=1.0000 em=1.0000 | random≈0.0008
epoch 20/20 train loss=0.0001 acc=1.0000 em=1.0000 | val loss=0.0001 acc=1.0000 em=1.0000 | random≈0.0008
test [best_loss_ckpt] loss=0.000130 acc=1.000000 em=1.000000
test [best_acc_ckpt]  loss=0.000999 acc=1.000000 em=1.000000 random_baseline≈0.000781
done. meta_metrics → /home/jovyan/shares/SR008.fs2/nvidenisov/other/repos/mamba/mamba_multi_scale_get_started/outputs/MQARFailureSweep/mqar_fail_transformer_param_match_v1280_seed44/meta_metrics.csv
