mqar_split_hashes: n_train=20000 uniq_train=20000 | n_val=2000 uniq_val=2000 | n_test=2000 uniq_test=2000
mqar_answer_positions[train]: min=16 mean=16.0000 max=16 (expected 16 per sample)
mqar_answer_positions[val]: min=16 mean=16.0000 max=16 (expected 16 per sample)
mqar_answer_positions[test]: min=16 mean=16.0000 max=16 (expected 16 per sample)
experiment=mqar_fail_transformer_param_match_v1024_seed51 device=cuda:0 out_dir=/home/jovyan/shares/SR008.fs2/nvidenisov/other/repos/mamba/mamba_multi_scale_get_started/outputs/MQARFailureSweep/mqar_fail_transformer_param_match_v1024_seed51
mqar data: fixed_examples=True random_baseline_acc≈1/vocab=0.000977 (vocab_size=1024)
--- mqar resolved config (sanity) ---
  experiment.name: mqar_fail_transformer_param_match_v1024_seed51
  model.backbone: transformer_lm
  model.layer_headdims: —
  model.multiscale.fast_layer_headdims: —
  model.multiscale.slow_layer_headdims: —
  model.multiscale.window_size: —
  model.multiscale.offsets: —
  model.multiscale.summary_mode: —
  model.multiscale.causal_mode: —
  model.multiscale.gate_type: —
  data.input_seq_len: 128
  data.num_kv_pairs: 16
  data.vocab_size: 1024
  data.train_examples: 20000  val_examples: 2000  test_examples: 2000
  data.fixed_examples: True
  data.min_query_pos: null
  train.lr: 0.0003
  train.epochs: 20
  num_parameters_trainable: 3309808
  tags(backbone,fusion,stride): transformer_lm, , 
--- end resolved config ---
epoch 1/20 train loss=6.2513 acc=0.0020 em=0.0000 | val loss=6.2538 acc=0.0017 em=0.0000 | random≈0.0010
  saved best_loss.pt (val_answer_loss=6.253848)
  saved best_acc.pt (val_answer_accuracy=0.001719)
epoch 2/20 train loss=6.2463 acc=0.0021 em=0.0000 | val loss=6.2503 acc=0.0019 em=0.0000 | random≈0.0010
  saved best_loss.pt (val_answer_loss=6.250324)
  saved best_acc.pt (val_answer_accuracy=0.001875)
epoch 3/20 train loss=6.2045 acc=0.0084 em=0.0000 | val loss=6.2321 acc=0.0067 em=0.0000 | random≈0.0010
  saved best_loss.pt (val_answer_loss=6.232150)
  saved best_acc.pt (val_answer_accuracy=0.006687)
epoch 4/20 train loss=5.4678 acc=0.0777 em=0.0000 | val loss=5.5711 acc=0.0693 em=0.0000 | random≈0.0010
  saved best_loss.pt (val_answer_loss=5.571075)
  saved best_acc.pt (val_answer_accuracy=0.069344)
epoch 5/20 train loss=4.8549 acc=0.0918 em=0.0000 | val loss=5.0320 acc=0.0744 em=0.0000 | random≈0.0010
  saved best_loss.pt (val_answer_loss=5.031989)
  saved best_acc.pt (val_answer_accuracy=0.074438)
epoch 6/20 train loss=4.4259 acc=0.1000 em=0.0000 | val loss=4.6786 acc=0.0748 em=0.0000 | random≈0.0010
  saved best_loss.pt (val_answer_loss=4.678589)
  saved best_acc.pt (val_answer_accuracy=0.074813)
epoch 7/20 train loss=4.0982 acc=0.1091 em=0.0000 | val loss=4.4286 acc=0.0780 em=0.0000 | random≈0.0010
  saved best_loss.pt (val_answer_loss=4.428581)
  saved best_acc.pt (val_answer_accuracy=0.078000)
epoch 8/20 train loss=3.8513 acc=0.1193 em=0.0000 | val loss=4.2616 acc=0.0780 em=0.0000 | random≈0.0010
  saved best_loss.pt (val_answer_loss=4.261611)
epoch 9/20 train loss=3.6111 acc=0.1416 em=0.0000 | val loss=4.1084 acc=0.0867 em=0.0000 | random≈0.0010
  saved best_loss.pt (val_answer_loss=4.108442)
  saved best_acc.pt (val_answer_accuracy=0.086719)
epoch 10/20 train loss=0.0200 acc=0.9984 em=0.9750 | val loss=0.0253 acc=0.9975 em=0.9610 | random≈0.0010
  saved best_loss.pt (val_answer_loss=0.025269)
  saved best_acc.pt (val_answer_accuracy=0.997500)
epoch 11/20 train loss=0.0009 acc=1.0000 em=0.9999 | val loss=0.0010 acc=1.0000 em=1.0000 | random≈0.0010
  saved best_loss.pt (val_answer_loss=0.001024)
  saved best_acc.pt (val_answer_accuracy=1.000000)
epoch 12/20 train loss=0.0004 acc=1.0000 em=1.0000 | val loss=0.0005 acc=1.0000 em=1.0000 | random≈0.0010
  saved best_loss.pt (val_answer_loss=0.000476)
epoch 13/20 train loss=0.0003 acc=1.0000 em=1.0000 | val loss=0.0003 acc=1.0000 em=1.0000 | random≈0.0010
  saved best_loss.pt (val_answer_loss=0.000294)
epoch 14/20 train loss=0.0002 acc=1.0000 em=1.0000 | val loss=0.0002 acc=1.0000 em=1.0000 | random≈0.0010
epoch 15/20 train loss=0.0001 acc=1.0000 em=1.0000 | val loss=0.0002 acc=1.0000 em=1.0000 | random≈0.0010
  saved best_loss.pt (val_answer_loss=0.000154)
epoch 16/20 train loss=0.0001 acc=1.0000 em=1.0000 | val loss=0.0001 acc=1.0000 em=1.0000 | random≈0.0010
epoch 17/20 train loss=0.0001 acc=1.0000 em=1.0000 | val loss=0.0001 acc=1.0000 em=1.0000 | random≈0.0010
epoch 18/20 train loss=0.0001 acc=1.0000 em=1.0000 | val loss=0.0001 acc=1.0000 em=1.0000 | random≈0.0010
epoch 19/20 train loss=0.0001 acc=1.0000 em=1.0000 | val loss=0.0001 acc=1.0000 em=1.0000 | random≈0.0010
early stopping at epoch 19: val answer_loss did not improve by min_delta=0.0001 for 4 epochs
test [best_loss_ckpt] loss=0.000153 acc=1.000000 em=1.000000
test [best_acc_ckpt]  loss=0.001018 acc=1.000000 em=1.000000 random_baseline≈0.000977
done. meta_metrics → /home/jovyan/shares/SR008.fs2/nvidenisov/other/repos/mamba/mamba_multi_scale_get_started/outputs/MQARFailureSweep/mqar_fail_transformer_param_match_v1024_seed51/meta_metrics.csv
