mqar_split_hashes: n_train=20000 uniq_train=20000 | n_val=2000 uniq_val=2000 | n_test=2000 uniq_test=2000
mqar_answer_positions[train]: min=16 mean=16.0000 max=16 (expected 16 per sample)
mqar_answer_positions[val]: min=16 mean=16.0000 max=16 (expected 16 per sample)
mqar_answer_positions[test]: min=16 mean=16.0000 max=16 (expected 16 per sample)
experiment=mqar_hard_rerun_mamba2_depth4_kv16_vocab1024_lr3e4_seed42 device=cuda:0 out_dir=/home/jovyan/shares/SR008.fs2/nvidenisov/other/repos/mamba/mamba_multi_scale_get_started/outputs/MQAR/mqar_hard_rerun_mamba2_depth4_kv16_vocab1024_lr3e4_seed42
mqar data: fixed_examples=True random_baseline_acc≈1/vocab=0.000977 (vocab_size=1024)
--- mqar resolved config (sanity) ---
  experiment.name: mqar_hard_rerun_mamba2_depth4_kv16_vocab1024_lr3e4_seed42
  model.backbone: mamba2_lm
  model.layer_headdims: [32, 32, 32, 32]
  model.multiscale.fast_layer_headdims: —
  model.multiscale.slow_layer_headdims: —
  data.input_seq_len: 128
  data.num_kv_pairs: 16
  data.vocab_size: 1024
  data.train_examples: 20000  val_examples: 2000  test_examples: 2000
  data.fixed_examples: True
  train.lr: 0.0003
  train.epochs: 20
  num_parameters_trainable: 2194368
  tags(backbone,fusion,stride): mamba2_lm, , 
--- end resolved config ---
epoch 1/20 train loss=6.2441 acc=0.0025 em=0.0000 | val loss=6.2561 acc=0.0020 em=0.0000 | random≈0.0010
  saved best_loss.pt (val_answer_loss=6.256114)
  saved best_acc.pt (val_answer_accuracy=0.001969)
epoch 2/20 train loss=6.2226 acc=0.0037 em=0.0000 | val loss=6.2578 acc=0.0019 em=0.0000 | random≈0.0010
epoch 3/20 train loss=6.1220 acc=0.0148 em=0.0000 | val loss=6.2560 acc=0.0096 em=0.0000 | random≈0.0010
  saved best_acc.pt (val_answer_accuracy=0.009562)
epoch 4/20 train loss=5.8879 acc=0.0331 em=0.0000 | val loss=6.2789 acc=0.0181 em=0.0000 | random≈0.0010
  saved best_acc.pt (val_answer_accuracy=0.018094)
epoch 5/20 train loss=5.5507 acc=0.0612 em=0.0000 | val loss=6.3548 acc=0.0179 em=0.0000 | random≈0.0010
early stopping at epoch 5: val answer_loss did not improve by min_delta=0.0001 for 4 epochs
test [best_loss_ckpt] loss=6.256216 acc=0.002312 em=0.000000
test [best_acc_ckpt]  loss=6.274180 acc=0.019219 em=0.000000 random_baseline≈0.000977
done. meta_metrics → /home/jovyan/shares/SR008.fs2/nvidenisov/other/repos/mamba/mamba_multi_scale_get_started/outputs/MQAR/mqar_hard_rerun_mamba2_depth4_kv16_vocab1024_lr3e4_seed42/meta_metrics.csv
