experiment=tiny_shakespeare_mamba2_random_windows_block_size_512 device=cuda:0 out_dir=/home/jovyan/shares/SR008.fs2/nvidenisov/other/repos/mamba/mamba_multi_scale_get_started/outputs/TinyShakespeare/tiny_shakespeare_mamba2_random_windows_block_size_512
early_stopping: patience=3 min_delta=0.0001 (disable with train.early_stopping.patience=0)
epoch 1/10 train_loss=3.0827 val_loss=2.4808 val_ppl=11.95 val_bpc=3.5790
  saved best.pt (val_loss=2.480758)
epoch 2/10 train_loss=2.2553 val_loss=2.1550 val_ppl=8.63 val_bpc=3.1090
  saved best.pt (val_loss=2.154983)
epoch 3/10 train_loss=1.9898 val_loss=1.9865 val_ppl=7.29 val_bpc=2.8659
  saved best.pt (val_loss=1.986512)
epoch 4/10 train_loss=1.8184 val_loss=1.8791 val_ppl=6.55 val_bpc=2.7109
  saved best.pt (val_loss=1.879085)
epoch 5/10 train_loss=1.6981 val_loss=1.7967 val_ppl=6.03 val_bpc=2.5921
  saved best.pt (val_loss=1.796725)
epoch 6/10 train_loss=1.6060 val_loss=1.7428 val_ppl=5.71 val_bpc=2.5143
  saved best.pt (val_loss=1.742800)
epoch 7/10 train_loss=1.5413 val_loss=1.6950 val_ppl=5.45 val_bpc=2.4453
  saved best.pt (val_loss=1.694979)
epoch 8/10 train_loss=1.4939 val_loss=1.6604 val_ppl=5.26 val_bpc=2.3954
  saved best.pt (val_loss=1.660379)
epoch 9/10 train_loss=1.4547 val_loss=1.6345 val_ppl=5.13 val_bpc=2.3581
  saved best.pt (val_loss=1.634506)
epoch 10/10 train_loss=1.4256 val_loss=1.6082 val_ppl=4.99 val_bpc=2.3202
  saved best.pt (val_loss=1.608249)
meta_metrics: train=38.73s eval=105.94s loop=149.72s setup=3.67s → meta_metrics.csv
