mqar_split_hashes: n_train=20000 uniq_train=20000 | n_val=2000 uniq_val=2000 | n_test=2000 uniq_test=2000
mqar_answer_positions[train]: min=16 mean=16.0000 max=16 (expected 16 per sample)
mqar_answer_positions[val]: min=16 mean=16.0000 max=16 (expected 16 per sample)
mqar_answer_positions[test]: min=16 mean=16.0000 max=16 (expected 16 per sample)
experiment=archeval_mqar_easy_mamba2_depth4_seed45 device=cuda:0 out_dir=/home/jovyan/shares/SR008.fs2/nvidenisov/other/repos/mamba/mamba_multi_scale_get_started/outputs/ArchEval/mqar_easy_mamba2_depth4_seed45
mqar data: fixed_examples=True random_baseline_acc≈1/vocab=0.001953 (vocab_size=512)
--- mqar resolved config (sanity) ---
  experiment.name: archeval_mqar_easy_mamba2_depth4_seed45
  model.backbone: mamba2_lm
  model.layer_headdims: [32, 32, 32, 32]
  model.multiscale.fast_layer_headdims: —
  model.multiscale.slow_layer_headdims: —
  model.multiscale.window_size: —
  model.multiscale.offsets: —
  model.multiscale.summary_mode: —
  model.multiscale.causal_mode: —
  model.multiscale.gate_type: —
  data.input_seq_len: 128
  data.num_kv_pairs: 16
  data.vocab_size: 512
  data.train_examples: 20000  val_examples: 2000  test_examples: 2000
  data.fixed_examples: True
  data.min_query_pos: null
  train.lr: 0.0003
  train.epochs: 20
  num_parameters_trainable: 1931712
  tags(backbone,fusion,stride): mamba2_lm, , 
--- end resolved config ---
epoch 1/20 train loss=5.5494 acc=0.0048 em=0.0000 | val loss=5.5586 acc=0.0042 em=0.0000 | random≈0.0020
  saved best_loss.pt (val_answer_loss=5.558613)
  saved best_acc.pt (val_answer_accuracy=0.004188)
epoch 2/20 train loss=5.5156 acc=0.0140 em=0.0000 | val loss=5.5484 acc=0.0115 em=0.0000 | random≈0.0020
  saved best_loss.pt (val_answer_loss=5.548428)
  saved best_acc.pt (val_answer_accuracy=0.011500)
epoch 3/20 train loss=5.2956 acc=0.0523 em=0.0000 | val loss=5.4252 acc=0.0454 em=0.0000 | random≈0.0020
  saved best_loss.pt (val_answer_loss=5.425166)
  saved best_acc.pt (val_answer_accuracy=0.045375)
epoch 4/20 train loss=4.8483 acc=0.0811 em=0.0000 | val loss=5.0985 acc=0.0597 em=0.0000 | random≈0.0020
  saved best_loss.pt (val_answer_loss=5.098465)
  saved best_acc.pt (val_answer_accuracy=0.059687)
epoch 5/20 train loss=2.6649 acc=0.4294 em=0.0000 | val loss=2.8941 acc=0.3750 em=0.0000 | random≈0.0020
  saved best_loss.pt (val_answer_loss=2.894106)
  saved best_acc.pt (val_answer_accuracy=0.375031)
epoch 6/20 train loss=0.4879 acc=0.8993 em=0.1852 | val loss=0.6004 acc=0.8645 em=0.0920 | random≈0.0020
  saved best_loss.pt (val_answer_loss=0.600404)
  saved best_acc.pt (val_answer_accuracy=0.864469)
epoch 7/20 train loss=0.0876 acc=0.9879 em=0.8252 | val loss=0.1414 acc=0.9719 em=0.6355 | random≈0.0020
  saved best_loss.pt (val_answer_loss=0.141376)
  saved best_acc.pt (val_answer_accuracy=0.971906)
epoch 8/20 train loss=0.0229 acc=0.9990 em=0.9845 | val loss=0.0545 acc=0.9891 em=0.8400 | random≈0.0020
  saved best_loss.pt (val_answer_loss=0.054457)
  saved best_acc.pt (val_answer_accuracy=0.989062)
epoch 9/20 train loss=0.0090 acc=1.0000 em=0.9995 | val loss=0.0308 acc=0.9935 em=0.8980 | random≈0.0020
  saved best_loss.pt (val_answer_loss=0.030799)
  saved best_acc.pt (val_answer_accuracy=0.993469)
epoch 10/20 train loss=0.0052 acc=1.0000 em=1.0000 | val loss=0.0230 acc=0.9954 em=0.9280 | random≈0.0020
  saved best_loss.pt (val_answer_loss=0.023049)
  saved best_acc.pt (val_answer_accuracy=0.995375)
epoch 11/20 train loss=0.0036 acc=1.0000 em=1.0000 | val loss=0.0192 acc=0.9961 em=0.9380 | random≈0.0020
  saved best_loss.pt (val_answer_loss=0.019164)
  saved best_acc.pt (val_answer_accuracy=0.996062)
epoch 12/20 train loss=0.0027 acc=1.0000 em=1.0000 | val loss=0.0166 acc=0.9965 em=0.9455 | random≈0.0020
  saved best_loss.pt (val_answer_loss=0.016575)
  saved best_acc.pt (val_answer_accuracy=0.996469)
epoch 13/20 train loss=0.0022 acc=1.0000 em=1.0000 | val loss=0.0149 acc=0.9966 em=0.9465 | random≈0.0020
  saved best_loss.pt (val_answer_loss=0.014894)
  saved best_acc.pt (val_answer_accuracy=0.996594)
epoch 14/20 train loss=0.0018 acc=1.0000 em=1.0000 | val loss=0.0135 acc=0.9966 em=0.9470 | random≈0.0020
  saved best_loss.pt (val_answer_loss=0.013499)
epoch 15/20 train loss=0.0014 acc=1.0000 em=1.0000 | val loss=0.0124 acc=0.9968 em=0.9505 | random≈0.0020
  saved best_loss.pt (val_answer_loss=0.012450)
  saved best_acc.pt (val_answer_accuracy=0.996844)
epoch 16/20 train loss=0.0012 acc=1.0000 em=1.0000 | val loss=0.0116 acc=0.9968 em=0.9500 | random≈0.0020
  saved best_loss.pt (val_answer_loss=0.011566)
epoch 17/20 train loss=0.0010 acc=1.0000 em=1.0000 | val loss=0.0108 acc=0.9972 em=0.9565 | random≈0.0020
  saved best_loss.pt (val_answer_loss=0.010826)
  saved best_acc.pt (val_answer_accuracy=0.997250)
epoch 18/20 train loss=0.0009 acc=1.0000 em=1.0000 | val loss=0.0102 acc=0.9973 em=0.9565 | random≈0.0020
  saved best_loss.pt (val_answer_loss=0.010240)
epoch 19/20 train loss=0.0008 acc=1.0000 em=1.0000 | val loss=0.0095 acc=0.9974 em=0.9590 | random≈0.0020
  saved best_loss.pt (val_answer_loss=0.009508)
  saved best_acc.pt (val_answer_accuracy=0.997406)
epoch 20/20 train loss=0.0007 acc=1.0000 em=1.0000 | val loss=0.0091 acc=0.9976 em=0.9615 | random≈0.0020
  saved best_loss.pt (val_answer_loss=0.009052)
  saved best_acc.pt (val_answer_accuracy=0.997563)
test [best_loss_ckpt] loss=0.009237 acc=0.997594 em=0.962000
test [best_acc_ckpt]  loss=0.009237 acc=0.997594 em=0.962000 random_baseline≈0.001953
done. meta_metrics → /home/jovyan/shares/SR008.fs2/nvidenisov/other/repos/mamba/mamba_multi_scale_get_started/outputs/ArchEval/mqar_easy_mamba2_depth4_seed45/meta_metrics.csv
