mqar_split_hashes: n_train=20000 uniq_train=20000 | n_val=2000 uniq_val=2000 | n_test=2000 uniq_test=2000
mqar_answer_positions[train]: min=16 mean=16.0000 max=16 (expected 16 per sample)
mqar_answer_positions[val]: min=16 mean=16.0000 max=16 (expected 16 per sample)
mqar_answer_positions[test]: min=16 mean=16.0000 max=16 (expected 16 per sample)
experiment=mqar_final_transition704_mamba2_depth4_L128_minnull_kv16_vocab704_train20000_seed43 device=cuda:0 out_dir=/home/jovyan/shares/SR008.fs2/nvidenisov/other/repos/mamba/mamba_multi_scale_get_started/outputs/MQAR/mqar_final_transition704_mamba2_depth4_L128_minnull_kv16_vocab704_train20000_seed43
mqar data: fixed_examples=True random_baseline_acc≈1/vocab=0.001420 (vocab_size=704)
--- mqar resolved config (sanity) ---
  experiment.name: mqar_final_transition704_mamba2_depth4_L128_minnull_kv16_vocab704_train20000_seed43
  model.backbone: mamba2_lm
  model.layer_headdims: [32, 32, 32, 32]
  model.multiscale.fast_layer_headdims: —
  model.multiscale.slow_layer_headdims: —
  data.input_seq_len: 128
  data.num_kv_pairs: 16
  data.vocab_size: 704
  data.train_examples: 20000  val_examples: 2000  test_examples: 2000
  data.fixed_examples: True
  data.min_query_pos: null
  train.lr: 0.0003
  train.epochs: 20
  num_parameters_trainable: 2030208
  tags(backbone,fusion,stride): mamba2_lm, , 
--- end resolved config ---
epoch 1/20 train loss=5.8690 acc=0.0036 em=0.0000 | val loss=5.8817 acc=0.0028 em=0.0000 | random≈0.0014
  saved best_loss.pt (val_answer_loss=5.881726)
  saved best_acc.pt (val_answer_accuracy=0.002844)
epoch 2/20 train loss=5.8392 acc=0.0098 em=0.0000 | val loss=5.8745 acc=0.0081 em=0.0000 | random≈0.0014
  saved best_loss.pt (val_answer_loss=5.874466)
  saved best_acc.pt (val_answer_accuracy=0.008063)
epoch 3/20 train loss=5.7061 acc=0.0330 em=0.0000 | val loss=5.8271 acc=0.0290 em=0.0000 | random≈0.0014
  saved best_loss.pt (val_answer_loss=5.827149)
  saved best_acc.pt (val_answer_accuracy=0.028969)
epoch 4/20 train loss=5.3469 acc=0.0854 em=0.0000 | val loss=5.6415 acc=0.0680 em=0.0000 | random≈0.0014
  saved best_loss.pt (val_answer_loss=5.641502)
  saved best_acc.pt (val_answer_accuracy=0.067969)
epoch 5/20 train loss=3.9357 acc=0.3083 em=0.0000 | val loss=4.2340 acc=0.2669 em=0.0000 | random≈0.0014
  saved best_loss.pt (val_answer_loss=4.233969)
  saved best_acc.pt (val_answer_accuracy=0.266906)
epoch 6/20 train loss=1.0224 acc=0.7709 em=0.0129 | val loss=1.2103 acc=0.7164 em=0.0030 | random≈0.0014
  saved best_loss.pt (val_answer_loss=1.210316)
  saved best_acc.pt (val_answer_accuracy=0.716375)
epoch 7/20 train loss=0.2216 acc=0.9653 em=0.5726 | val loss=0.3145 acc=0.9365 em=0.3625 | random≈0.0014
  saved best_loss.pt (val_answer_loss=0.314532)
  saved best_acc.pt (val_answer_accuracy=0.936500)
epoch 8/20 train loss=0.0618 acc=0.9937 em=0.9034 | val loss=0.1144 acc=0.9772 em=0.6975 | random≈0.0014
  saved best_loss.pt (val_answer_loss=0.114381)
  saved best_acc.pt (val_answer_accuracy=0.977250)
epoch 9/20 train loss=0.0210 acc=0.9995 em=0.9916 | val loss=0.0568 acc=0.9893 em=0.8420 | random≈0.0014
  saved best_loss.pt (val_answer_loss=0.056775)
  saved best_acc.pt (val_answer_accuracy=0.989313)
epoch 10/20 train loss=0.0100 acc=1.0000 em=0.9998 | val loss=0.0366 acc=0.9931 em=0.8975 | random≈0.0014
  saved best_loss.pt (val_answer_loss=0.036596)
  saved best_acc.pt (val_answer_accuracy=0.993062)
epoch 11/20 train loss=0.0062 acc=1.0000 em=1.0000 | val loss=0.0283 acc=0.9948 em=0.9195 | random≈0.0014
  saved best_loss.pt (val_answer_loss=0.028264)
  saved best_acc.pt (val_answer_accuracy=0.994781)
epoch 12/20 train loss=0.0045 acc=1.0000 em=1.0000 | val loss=0.0245 acc=0.9952 em=0.9250 | random≈0.0014
  saved best_loss.pt (val_answer_loss=0.024480)
  saved best_acc.pt (val_answer_accuracy=0.995156)
epoch 13/20 train loss=0.0035 acc=1.0000 em=1.0000 | val loss=0.0212 acc=0.9956 em=0.9330 | random≈0.0014
  saved best_loss.pt (val_answer_loss=0.021207)
  saved best_acc.pt (val_answer_accuracy=0.995625)
epoch 14/20 train loss=0.0028 acc=1.0000 em=1.0000 | val loss=0.0188 acc=0.9961 em=0.9395 | random≈0.0014
  saved best_loss.pt (val_answer_loss=0.018837)
  saved best_acc.pt (val_answer_accuracy=0.996125)
epoch 15/20 train loss=0.0022 acc=1.0000 em=1.0000 | val loss=0.0172 acc=0.9963 em=0.9425 | random≈0.0014
  saved best_loss.pt (val_answer_loss=0.017234)
  saved best_acc.pt (val_answer_accuracy=0.996313)
epoch 16/20 train loss=0.0019 acc=1.0000 em=1.0000 | val loss=0.0156 acc=0.9965 em=0.9455 | random≈0.0014
  saved best_loss.pt (val_answer_loss=0.015575)
  saved best_acc.pt (val_answer_accuracy=0.996500)
epoch 17/20 train loss=0.0016 acc=1.0000 em=1.0000 | val loss=0.0145 acc=0.9968 em=0.9495 | random≈0.0014
  saved best_loss.pt (val_answer_loss=0.014472)
  saved best_acc.pt (val_answer_accuracy=0.996812)
epoch 18/20 train loss=0.0013 acc=1.0000 em=1.0000 | val loss=0.0133 acc=0.9969 em=0.9515 | random≈0.0014
  saved best_loss.pt (val_answer_loss=0.013266)
epoch 19/20 train loss=0.0011 acc=1.0000 em=1.0000 | val loss=0.0125 acc=0.9971 em=0.9545 | random≈0.0014
  saved best_loss.pt (val_answer_loss=0.012466)
  saved best_acc.pt (val_answer_accuracy=0.997094)
epoch 20/20 train loss=0.0010 acc=1.0000 em=1.0000 | val loss=0.0116 acc=0.9972 em=0.9575 | random≈0.0014
  saved best_loss.pt (val_answer_loss=0.011559)
  saved best_acc.pt (val_answer_accuracy=0.997250)
test [best_loss_ckpt] loss=0.010842 acc=0.997344 em=0.958500
test [best_acc_ckpt]  loss=0.010842 acc=0.997344 em=0.958500 random_baseline≈0.001420
done. meta_metrics → /home/jovyan/shares/SR008.fs2/nvidenisov/other/repos/mamba/mamba_multi_scale_get_started/outputs/MQAR/mqar_final_transition704_mamba2_depth4_L128_minnull_kv16_vocab704_train20000_seed43/meta_metrics.csv
