mqar_split_hashes: n_train=20000 uniq_train=20000 | n_val=2000 uniq_val=2000 | n_test=2000 uniq_test=2000
mqar_answer_positions[train]: min=16 mean=16.0000 max=16 (expected 16 per sample)
mqar_answer_positions[val]: min=16 mean=16.0000 max=16 (expected 16 per sample)
mqar_answer_positions[test]: min=16 mean=16.0000 max=16 (expected 16 per sample)
experiment=mqar_final_transition768_ms_gated_stride2_L128_minnull_kv16_vocab768_train20000_seed42 device=cuda:0 out_dir=/home/jovyan/shares/SR008.fs2/nvidenisov/other/repos/mamba/mamba_multi_scale_get_started/outputs/MQAR/mqar_final_transition768_ms_gated_stride2_L128_minnull_kv16_vocab768_train20000_seed42
mqar data: fixed_examples=True random_baseline_acc≈1/vocab=0.001302 (vocab_size=768)
--- mqar resolved config (sanity) ---
  experiment.name: mqar_final_transition768_ms_gated_stride2_L128_minnull_kv16_vocab768_train20000_seed42
  model.backbone: multiscale_mamba2_lm
  model.layer_headdims: [32, 32, 32, 32]
  model.multiscale.fast_layer_headdims: [32, 32, 32, 32]
  model.multiscale.slow_layer_headdims: [32, 32]
  data.input_seq_len: 128
  data.num_kv_pairs: 16
  data.vocab_size: 768
  data.train_examples: 20000  val_examples: 2000  test_examples: 2000
  data.fixed_examples: True
  data.min_query_pos: null
  train.lr: 0.0003
  train.epochs: 20
  num_parameters_trainable: 3029664
  tags(backbone,fusion,stride): multiscale_mamba2_lm, gated, 2
--- end resolved config ---
epoch 1/20 train loss=5.9553 acc=0.0033 em=0.0000 | val loss=5.9691 acc=0.0025 em=0.0000 | random≈0.0013
  saved best_loss.pt (val_answer_loss=5.969120)
  saved best_acc.pt (val_answer_accuracy=0.002500)
epoch 2/20 train loss=5.9240 acc=0.0088 em=0.0000 | val loss=5.9653 acc=0.0057 em=0.0000 | random≈0.0013
  saved best_loss.pt (val_answer_loss=5.965350)
  saved best_acc.pt (val_answer_accuracy=0.005750)
epoch 3/20 train loss=5.7968 acc=0.0259 em=0.0000 | val loss=5.9404 acc=0.0206 em=0.0000 | random≈0.0013
  saved best_loss.pt (val_answer_loss=5.940442)
  saved best_acc.pt (val_answer_accuracy=0.020625)
epoch 4/20 train loss=5.5238 acc=0.0495 em=0.0000 | val loss=5.9524 acc=0.0272 em=0.0000 | random≈0.0013
  saved best_acc.pt (val_answer_accuracy=0.027156)
epoch 5/20 train loss=5.0624 acc=0.0977 em=0.0000 | val loss=5.9515 acc=0.0362 em=0.0000 | random≈0.0013
  saved best_acc.pt (val_answer_accuracy=0.036187)
epoch 6/20 train loss=4.4676 acc=0.1832 em=0.0000 | val loss=5.9344 acc=0.0430 em=0.0000 | random≈0.0013
  saved best_loss.pt (val_answer_loss=5.934368)
  saved best_acc.pt (val_answer_accuracy=0.043031)
epoch 7/20 train loss=3.8210 acc=0.2917 em=0.0000 | val loss=5.9033 acc=0.0498 em=0.0000 | random≈0.0013
  saved best_loss.pt (val_answer_loss=5.903287)
  saved best_acc.pt (val_answer_accuracy=0.049813)
epoch 8/20 train loss=3.1683 acc=0.4089 em=0.0000 | val loss=5.8357 acc=0.0573 em=0.0000 | random≈0.0013
  saved best_loss.pt (val_answer_loss=5.835699)
  saved best_acc.pt (val_answer_accuracy=0.057250)
epoch 9/20 train loss=2.1879 acc=0.6000 em=0.0001 | val loss=4.8496 acc=0.1417 em=0.0000 | random≈0.0013
  saved best_loss.pt (val_answer_loss=4.849601)
  saved best_acc.pt (val_answer_accuracy=0.141750)
epoch 10/20 train loss=0.4889 acc=0.9222 em=0.2828 | val loss=1.7775 acc=0.6003 em=0.0000 | random≈0.0013
  saved best_loss.pt (val_answer_loss=1.777503)
  saved best_acc.pt (val_answer_accuracy=0.600344)
epoch 11/20 train loss=0.1193 acc=0.9887 em=0.8366 | val loss=0.7997 acc=0.8052 em=0.0295 | random≈0.0013
  saved best_loss.pt (val_answer_loss=0.799723)
  saved best_acc.pt (val_answer_accuracy=0.805219)
epoch 12/20 train loss=0.0332 acc=0.9993 em=0.9881 | val loss=0.4568 acc=0.8818 em=0.1240 | random≈0.0013
  saved best_loss.pt (val_answer_loss=0.456788)
  saved best_acc.pt (val_answer_accuracy=0.881844)
epoch 13/20 train loss=0.0134 acc=1.0000 em=0.9996 | val loss=0.3242 acc=0.9127 em=0.2265 | random≈0.0013
  saved best_loss.pt (val_answer_loss=0.324182)
  saved best_acc.pt (val_answer_accuracy=0.912750)
epoch 14/20 train loss=0.0081 acc=1.0000 em=1.0000 | val loss=0.2629 acc=0.9283 em=0.2975 | random≈0.0013
  saved best_loss.pt (val_answer_loss=0.262880)
  saved best_acc.pt (val_answer_accuracy=0.928281)
epoch 15/20 train loss=0.0058 acc=1.0000 em=1.0000 | val loss=0.2320 acc=0.9354 em=0.3430 | random≈0.0013
  saved best_loss.pt (val_answer_loss=0.232025)
  saved best_acc.pt (val_answer_accuracy=0.935438)
epoch 16/20 train loss=0.0045 acc=1.0000 em=1.0000 | val loss=0.2093 acc=0.9413 em=0.3780 | random≈0.0013
  saved best_loss.pt (val_answer_loss=0.209302)
  saved best_acc.pt (val_answer_accuracy=0.941344)
epoch 17/20 train loss=0.0036 acc=1.0000 em=1.0000 | val loss=0.1912 acc=0.9453 em=0.4010 | random≈0.0013
  saved best_loss.pt (val_answer_loss=0.191183)
  saved best_acc.pt (val_answer_accuracy=0.945312)
epoch 18/20 train loss=0.0029 acc=1.0000 em=1.0000 | val loss=0.1758 acc=0.9495 em=0.4350 | random≈0.0013
  saved best_loss.pt (val_answer_loss=0.175823)
  saved best_acc.pt (val_answer_accuracy=0.949500)
epoch 19/20 train loss=0.0024 acc=1.0000 em=1.0000 | val loss=0.1633 acc=0.9530 em=0.4620 | random≈0.0013
  saved best_loss.pt (val_answer_loss=0.163258)
  saved best_acc.pt (val_answer_accuracy=0.953000)
epoch 20/20 train loss=0.0021 acc=1.0000 em=1.0000 | val loss=0.1521 acc=0.9561 em=0.4865 | random≈0.0013
  saved best_loss.pt (val_answer_loss=0.152064)
  saved best_acc.pt (val_answer_accuracy=0.956063)
test [best_loss_ckpt] loss=0.146505 acc=0.957937 em=0.502500
test [best_acc_ckpt]  loss=0.146505 acc=0.957937 em=0.502500 random_baseline≈0.001302
done. meta_metrics → /home/jovyan/shares/SR008.fs2/nvidenisov/other/repos/mamba/mamba_multi_scale_get_started/outputs/MQAR/mqar_final_transition768_ms_gated_stride2_L128_minnull_kv16_vocab768_train20000_seed42/meta_metrics.csv
