mqar_split_hashes: n_train=20000 uniq_train=20000 | n_val=2000 uniq_val=2000 | n_test=2000 uniq_test=2000
mqar_answer_positions[train]: min=16 mean=16.0000 max=16 (expected 16 per sample)
mqar_answer_positions[val]: min=16 mean=16.0000 max=16 (expected 16 per sample)
mqar_answer_positions[test]: min=16 mean=16.0000 max=16 (expected 16 per sample)
experiment=mqar_final_easy_mamba2_depth4_L128_minnull_kv16_vocab512_train20000_seed44 device=cuda:0 out_dir=/home/jovyan/shares/SR008.fs2/nvidenisov/other/repos/mamba/mamba_multi_scale_get_started/outputs/MQAR/mqar_final_easy_mamba2_depth4_L128_minnull_kv16_vocab512_train20000_seed44
mqar data: fixed_examples=True random_baseline_acc≈1/vocab=0.001953 (vocab_size=512)
--- mqar resolved config (sanity) ---
  experiment.name: mqar_final_easy_mamba2_depth4_L128_minnull_kv16_vocab512_train20000_seed44
  model.backbone: mamba2_lm
  model.layer_headdims: [32, 32, 32, 32]
  model.multiscale.fast_layer_headdims: —
  model.multiscale.slow_layer_headdims: —
  data.input_seq_len: 128
  data.num_kv_pairs: 16
  data.vocab_size: 512
  data.train_examples: 20000  val_examples: 2000  test_examples: 2000
  data.fixed_examples: True
  data.min_query_pos: null
  train.lr: 0.0003
  train.epochs: 20
  num_parameters_trainable: 1931712
  tags(backbone,fusion,stride): mamba2_lm, , 
--- end resolved config ---
epoch 1/20 train loss=5.5481 acc=0.0053 em=0.0000 | val loss=5.5595 acc=0.0043 em=0.0000 | random≈0.0020
  saved best_loss.pt (val_answer_loss=5.559462)
  saved best_acc.pt (val_answer_accuracy=0.004313)
epoch 2/20 train loss=5.4922 acc=0.0211 em=0.0000 | val loss=5.5347 acc=0.0190 em=0.0000 | random≈0.0020
  saved best_loss.pt (val_answer_loss=5.534684)
  saved best_acc.pt (val_answer_accuracy=0.019031)
epoch 3/20 train loss=5.3121 acc=0.0488 em=0.0000 | val loss=5.4505 acc=0.0423 em=0.0000 | random≈0.0020
  saved best_loss.pt (val_answer_loss=5.450465)
  saved best_acc.pt (val_answer_accuracy=0.042281)
epoch 4/20 train loss=4.8169 acc=0.0845 em=0.0000 | val loss=5.1115 acc=0.0564 em=0.0000 | random≈0.0020
  saved best_loss.pt (val_answer_loss=5.111465)
  saved best_acc.pt (val_answer_accuracy=0.056375)
epoch 5/20 train loss=3.4431 acc=0.2809 em=0.0000 | val loss=3.7780 acc=0.2163 em=0.0000 | random≈0.0020
  saved best_loss.pt (val_answer_loss=3.778004)
  saved best_acc.pt (val_answer_accuracy=0.216312)
epoch 6/20 train loss=0.5149 acc=0.8894 em=0.1535 | val loss=0.6377 acc=0.8509 em=0.0765 | random≈0.0020
  saved best_loss.pt (val_answer_loss=0.637654)
  saved best_acc.pt (val_answer_accuracy=0.850938)
epoch 7/20 train loss=0.0964 acc=0.9853 em=0.7920 | val loss=0.1516 acc=0.9675 em=0.5935 | random≈0.0020
  saved best_loss.pt (val_answer_loss=0.151573)
  saved best_acc.pt (val_answer_accuracy=0.967531)
epoch 8/20 train loss=0.0241 acc=0.9982 em=0.9724 | val loss=0.0542 acc=0.9889 em=0.8355 | random≈0.0020
  saved best_loss.pt (val_answer_loss=0.054200)
  saved best_acc.pt (val_answer_accuracy=0.988875)
epoch 9/20 train loss=0.0089 acc=0.9999 em=0.9991 | val loss=0.0302 acc=0.9932 em=0.8960 | random≈0.0020
  saved best_loss.pt (val_answer_loss=0.030228)
  saved best_acc.pt (val_answer_accuracy=0.993156)
epoch 10/20 train loss=0.0047 acc=1.0000 em=1.0000 | val loss=0.0218 acc=0.9948 em=0.9195 | random≈0.0020
  saved best_loss.pt (val_answer_loss=0.021779)
  saved best_acc.pt (val_answer_accuracy=0.994812)
epoch 11/20 train loss=0.0033 acc=1.0000 em=1.0000 | val loss=0.0180 acc=0.9955 em=0.9295 | random≈0.0020
  saved best_loss.pt (val_answer_loss=0.018040)
  saved best_acc.pt (val_answer_accuracy=0.995500)
epoch 12/20 train loss=0.0025 acc=1.0000 em=1.0000 | val loss=0.0157 acc=0.9961 em=0.9390 | random≈0.0020
  saved best_loss.pt (val_answer_loss=0.015676)
  saved best_acc.pt (val_answer_accuracy=0.996125)
epoch 13/20 train loss=0.0020 acc=1.0000 em=1.0000 | val loss=0.0143 acc=0.9961 em=0.9400 | random≈0.0020
  saved best_loss.pt (val_answer_loss=0.014323)
epoch 14/20 train loss=0.0016 acc=1.0000 em=1.0000 | val loss=0.0128 acc=0.9969 em=0.9520 | random≈0.0020
  saved best_loss.pt (val_answer_loss=0.012817)
  saved best_acc.pt (val_answer_accuracy=0.996938)
epoch 15/20 train loss=0.0013 acc=1.0000 em=1.0000 | val loss=0.0121 acc=0.9968 em=0.9510 | random≈0.0020
  saved best_loss.pt (val_answer_loss=0.012092)
epoch 16/20 train loss=0.0011 acc=1.0000 em=1.0000 | val loss=0.0112 acc=0.9971 em=0.9555 | random≈0.0020
  saved best_loss.pt (val_answer_loss=0.011190)
  saved best_acc.pt (val_answer_accuracy=0.997094)
epoch 17/20 train loss=0.0010 acc=1.0000 em=1.0000 | val loss=0.0105 acc=0.9972 em=0.9575 | random≈0.0020
  saved best_loss.pt (val_answer_loss=0.010494)
  saved best_acc.pt (val_answer_accuracy=0.997250)
epoch 18/20 train loss=0.0008 acc=1.0000 em=1.0000 | val loss=0.0098 acc=0.9974 em=0.9605 | random≈0.0020
  saved best_loss.pt (val_answer_loss=0.009805)
  saved best_acc.pt (val_answer_accuracy=0.997375)
epoch 19/20 train loss=0.0007 acc=1.0000 em=1.0000 | val loss=0.0091 acc=0.9974 em=0.9610 | random≈0.0020
  saved best_loss.pt (val_answer_loss=0.009144)
epoch 20/20 train loss=0.0006 acc=1.0000 em=1.0000 | val loss=0.0088 acc=0.9975 em=0.9625 | random≈0.0020
  saved best_loss.pt (val_answer_loss=0.008764)
  saved best_acc.pt (val_answer_accuracy=0.997500)
test [best_loss_ckpt] loss=0.009335 acc=0.997375 em=0.960500
test [best_acc_ckpt]  loss=0.009335 acc=0.997375 em=0.960500 random_baseline≈0.001953
done. meta_metrics → /home/jovyan/shares/SR008.fs2/nvidenisov/other/repos/mamba/mamba_multi_scale_get_started/outputs/MQAR/mqar_final_easy_mamba2_depth4_L128_minnull_kv16_vocab512_train20000_seed44/meta_metrics.csv
