mqar_split_hashes: n_train=20000 uniq_train=20000 | n_val=2000 uniq_val=2000 | n_test=2000 uniq_test=2000
mqar_answer_positions[train]: min=16 mean=16.0000 max=16 (expected 16 per sample)
mqar_answer_positions[val]: min=16 mean=16.0000 max=16 (expected 16 per sample)
mqar_answer_positions[test]: min=16 mean=16.0000 max=16 (expected 16 per sample)
experiment=mqar_fail_mamba2_split_ts_slow_veryslow_v1024_seed51 device=cuda:0 out_dir=/home/jovyan/shares/SR008.fs2/nvidenisov/other/repos/mamba/mamba_multi_scale_get_started/outputs/MQARFailureSweep/mqar_fail_mamba2_split_ts_slow_veryslow_v1024_seed51
mqar data: fixed_examples=True random_baseline_acc≈1/vocab=0.000977 (vocab_size=1024)
--- mqar resolved config (sanity) ---
  experiment.name: mqar_fail_mamba2_split_ts_slow_veryslow_v1024_seed51
  model.backbone: mamba2_lm
  model.layer_headdims: [32, 32, 32, 32]
  model.multiscale.fast_layer_headdims: —
  model.multiscale.slow_layer_headdims: —
  model.multiscale.window_size: —
  model.multiscale.offsets: —
  model.multiscale.summary_mode: —
  model.multiscale.causal_mode: —
  model.multiscale.gate_type: —
  data.input_seq_len: 128
  data.num_kv_pairs: 16
  data.vocab_size: 1024
  data.train_examples: 20000  val_examples: 2000  test_examples: 2000
  data.fixed_examples: True
  data.min_query_pos: null
  train.lr: 0.0003
  train.epochs: 20
  num_parameters_trainable: 2194368
  tags(backbone,fusion,stride): mamba2_lm, , 
--- end resolved config ---
epoch 1/20 train loss=6.2450 acc=0.0023 em=0.0000 | val loss=6.2593 acc=0.0018 em=0.0000 | random≈0.0010
  saved best_loss.pt (val_answer_loss=6.259346)
  saved best_acc.pt (val_answer_accuracy=0.001781)
epoch 2/20 train loss=6.2166 acc=0.0038 em=0.0000 | val loss=6.2566 acc=0.0018 em=0.0000 | random≈0.0010
  saved best_loss.pt (val_answer_loss=6.256617)
epoch 3/20 train loss=6.0892 acc=0.0226 em=0.0000 | val loss=6.2392 acc=0.0147 em=0.0000 | random≈0.0010
  saved best_loss.pt (val_answer_loss=6.239152)
  saved best_acc.pt (val_answer_accuracy=0.014719)
epoch 4/20 train loss=5.7151 acc=0.0663 em=0.0000 | val loss=6.0994 acc=0.0450 em=0.0000 | random≈0.0010
  saved best_loss.pt (val_answer_loss=6.099403)
  saved best_acc.pt (val_answer_accuracy=0.045000)
epoch 5/20 train loss=3.9475 acc=0.3335 em=0.0000 | val loss=4.2977 acc=0.2716 em=0.0000 | random≈0.0010
  saved best_loss.pt (val_answer_loss=4.297705)
  saved best_acc.pt (val_answer_accuracy=0.271625)
epoch 6/20 train loss=0.6367 acc=0.9248 em=0.2909 | val loss=0.7840 acc=0.8912 em=0.1490 | random≈0.0010
  saved best_loss.pt (val_answer_loss=0.783997)
  saved best_acc.pt (val_answer_accuracy=0.891156)
epoch 7/20 train loss=0.0805 acc=0.9966 em=0.9469 | val loss=0.1346 acc=0.9853 em=0.7910 | random≈0.0010
  saved best_loss.pt (val_answer_loss=0.134555)
  saved best_acc.pt (val_answer_accuracy=0.985313)
epoch 8/20 train loss=0.0246 acc=0.9999 em=0.9979 | val loss=0.0548 acc=0.9944 em=0.9175 | random≈0.0010
  saved best_loss.pt (val_answer_loss=0.054847)
  saved best_acc.pt (val_answer_accuracy=0.994437)
epoch 9/20 train loss=0.0121 acc=1.0000 em=1.0000 | val loss=0.0322 acc=0.9968 em=0.9515 | random≈0.0010
  saved best_loss.pt (val_answer_loss=0.032230)
  saved best_acc.pt (val_answer_accuracy=0.996750)
epoch 10/20 train loss=0.0080 acc=1.0000 em=1.0000 | val loss=0.0239 acc=0.9973 em=0.9590 | random≈0.0010
  saved best_loss.pt (val_answer_loss=0.023860)
  saved best_acc.pt (val_answer_accuracy=0.997313)
epoch 11/20 train loss=0.0059 acc=1.0000 em=1.0000 | val loss=0.0189 acc=0.9979 em=0.9675 | random≈0.0010
  saved best_loss.pt (val_answer_loss=0.018909)
  saved best_acc.pt (val_answer_accuracy=0.997875)
epoch 12/20 train loss=0.0045 acc=1.0000 em=1.0000 | val loss=0.0158 acc=0.9982 em=0.9710 | random≈0.0010
  saved best_loss.pt (val_answer_loss=0.015819)
  saved best_acc.pt (val_answer_accuracy=0.998156)
epoch 13/20 train loss=0.0036 acc=1.0000 em=1.0000 | val loss=0.0134 acc=0.9985 em=0.9760 | random≈0.0010
  saved best_loss.pt (val_answer_loss=0.013357)
  saved best_acc.pt (val_answer_accuracy=0.998469)
epoch 14/20 train loss=0.0029 acc=1.0000 em=1.0000 | val loss=0.0115 acc=0.9987 em=0.9795 | random≈0.0010
  saved best_loss.pt (val_answer_loss=0.011543)
  saved best_acc.pt (val_answer_accuracy=0.998687)
epoch 15/20 train loss=0.0024 acc=1.0000 em=1.0000 | val loss=0.0100 acc=0.9988 em=0.9800 | random≈0.0010
  saved best_loss.pt (val_answer_loss=0.010039)
epoch 16/20 train loss=0.0021 acc=1.0000 em=1.0000 | val loss=0.0088 acc=0.9989 em=0.9820 | random≈0.0010
  saved best_loss.pt (val_answer_loss=0.008808)
  saved best_acc.pt (val_answer_accuracy=0.998875)
epoch 17/20 train loss=0.0018 acc=1.0000 em=1.0000 | val loss=0.0079 acc=0.9989 em=0.9830 | random≈0.0010
  saved best_loss.pt (val_answer_loss=0.007946)
epoch 18/20 train loss=0.0015 acc=1.0000 em=1.0000 | val loss=0.0071 acc=0.9990 em=0.9845 | random≈0.0010
  saved best_loss.pt (val_answer_loss=0.007091)
  saved best_acc.pt (val_answer_accuracy=0.999031)
epoch 19/20 train loss=0.0013 acc=1.0000 em=1.0000 | val loss=0.0064 acc=0.9992 em=0.9865 | random≈0.0010
  saved best_loss.pt (val_answer_loss=0.006416)
  saved best_acc.pt (val_answer_accuracy=0.999156)
epoch 20/20 train loss=0.0012 acc=1.0000 em=1.0000 | val loss=0.0058 acc=0.9992 em=0.9880 | random≈0.0010
  saved best_loss.pt (val_answer_loss=0.005841)
test [best_loss_ckpt] loss=0.006845 acc=0.998781 em=0.980500
test [best_acc_ckpt]  loss=0.007423 acc=0.998656 em=0.978500 random_baseline≈0.000977
done. meta_metrics → /home/jovyan/shares/SR008.fs2/nvidenisov/other/repos/mamba/mamba_multi_scale_get_started/outputs/MQARFailureSweep/mqar_fail_mamba2_split_ts_slow_veryslow_v1024_seed51/meta_metrics.csv
