mqar_split_hashes: n_train=20000 uniq_train=20000 | n_val=2000 uniq_val=2000 | n_test=2000 uniq_test=2000
mqar_answer_positions[train]: min=16 mean=16.0000 max=16 (expected 16 per sample)
mqar_answer_positions[val]: min=16 mean=16.0000 max=16 (expected 16 per sample)
mqar_answer_positions[test]: min=16 mean=16.0000 max=16 (expected 16 per sample)
experiment=debug_window_easy_completed_seed42 device=cuda:0 out_dir=/home/jovyan/shares/SR008.fs2/nvidenisov/other/repos/mamba/mamba_multi_scale_get_started/outputs/debug_window_easy_completed_seed42
mqar data: fixed_examples=True random_baseline_acc≈1/vocab=0.001953 (vocab_size=512)
--- mqar resolved config (sanity) ---
  experiment.name: debug_window_easy_completed_seed42
  model.backbone: multiscale_mamba2_window_summary_lm
  model.layer_headdims: [32, 32, 32, 32]
  model.multiscale.fast_layer_headdims: —
  model.multiscale.slow_layer_headdims: [32, 32]
  model.multiscale.window_size: 8
  model.multiscale.offsets: [0]
  model.multiscale.summary_mode: mean
  model.multiscale.causal_mode: completed
  model.multiscale.gate_type: vector
  data.input_seq_len: 128
  data.num_kv_pairs: 16
  data.vocab_size: 512
  data.train_examples: 20000  val_examples: 2000  test_examples: 2000
  data.fixed_examples: True
  data.min_query_pos: null
  train.lr: 0.0003
  train.epochs: 20
  num_parameters_trainable: 2897312
  tags(backbone,fusion,stride): multiscale_mamba2_window_summary_lm, window_residual_gated, 
--- end resolved config ---
epoch 1/20 train loss=5.5441 acc=0.0055 em=0.0000 | val loss=5.5586 acc=0.0046 em=0.0000 | random≈0.0020
  saved best_loss.pt (val_answer_loss=5.558584)
  saved best_acc.pt (val_answer_accuracy=0.004594)
epoch 2/20 train loss=5.2843 acc=0.0339 em=0.0000 | val loss=5.3969 acc=0.0241 em=0.0000 | random≈0.0020
  saved best_loss.pt (val_answer_loss=5.396863)
  saved best_acc.pt (val_answer_accuracy=0.024063)
epoch 3/20 train loss=4.6086 acc=0.0868 em=0.0000 | val loss=4.8900 acc=0.0545 em=0.0000 | random≈0.0020
  saved best_loss.pt (val_answer_loss=4.890011)
  saved best_acc.pt (val_answer_accuracy=0.054469)
epoch 4/20 train loss=3.9643 acc=0.1335 em=0.0000 | val loss=4.4547 acc=0.0637 em=0.0000 | random≈0.0020
  saved best_loss.pt (val_answer_loss=4.454679)
  saved best_acc.pt (val_answer_accuracy=0.063687)
epoch 5/20 train loss=3.4540 acc=0.2002 em=0.0000 | val loss=4.2962 acc=0.0691 em=0.0000 | random≈0.0020
  saved best_loss.pt (val_answer_loss=4.296233)
  saved best_acc.pt (val_answer_accuracy=0.069062)
epoch 6/20 train loss=2.9563 acc=0.2979 em=0.0000 | val loss=4.2973 acc=0.0703 em=0.0000 | random≈0.0020
  saved best_acc.pt (val_answer_accuracy=0.070250)
epoch 7/20 train loss=2.4540 acc=0.4244 em=0.0000 | val loss=4.4135 acc=0.0685 em=0.0000 | random≈0.0020
epoch 8/20 train loss=1.9841 acc=0.5540 em=0.0001 | val loss=4.5897 acc=0.0668 em=0.0000 | random≈0.0020
epoch 9/20 train loss=1.5665 acc=0.6707 em=0.0026 | val loss=4.8072 acc=0.0647 em=0.0000 | random≈0.0020
early stopping at epoch 9: val answer_loss did not improve by min_delta=0.0001 for 4 epochs
test [best_loss_ckpt] loss=4.299793 acc=0.069062 em=0.000000
test [best_acc_ckpt]  loss=4.299437 acc=0.070094 em=0.000000 random_baseline≈0.001953
done. meta_metrics → /home/jovyan/shares/SR008.fs2/nvidenisov/other/repos/mamba/mamba_multi_scale_get_started/outputs/debug_window_easy_completed_seed42/meta_metrics.csv
