mqar_split_hashes: n_train=20000 uniq_train=20000 | n_val=2000 uniq_val=2000 | n_test=2000 uniq_test=2000
mqar_answer_positions[train]: min=16 mean=16.0000 max=16 (expected 16 per sample)
mqar_answer_positions[val]: min=16 mean=16.0000 max=16 (expected 16 per sample)
mqar_answer_positions[test]: min=16 mean=16.0000 max=16 (expected 16 per sample)
experiment=archeval_mqar_trans768_mamba2_split_ts_slow_veryslow_seed49 device=cuda:0 out_dir=/home/jovyan/shares/SR008.fs2/nvidenisov/other/repos/mamba/mamba_multi_scale_get_started/outputs/ArchEval/mqar_trans768_mamba2_split_ts_slow_veryslow_seed49
mqar data: fixed_examples=True random_baseline_acc≈1/vocab=0.001302 (vocab_size=768)
--- mqar resolved config (sanity) ---
  experiment.name: archeval_mqar_trans768_mamba2_split_ts_slow_veryslow_seed49
  model.backbone: mamba2_lm
  model.layer_headdims: [32, 32, 32, 32]
  model.multiscale.fast_layer_headdims: —
  model.multiscale.slow_layer_headdims: —
  model.multiscale.window_size: —
  model.multiscale.offsets: —
  model.multiscale.summary_mode: —
  model.multiscale.causal_mode: —
  model.multiscale.gate_type: —
  data.input_seq_len: 128
  data.num_kv_pairs: 16
  data.vocab_size: 768
  data.train_examples: 20000  val_examples: 2000  test_examples: 2000
  data.fixed_examples: True
  data.min_query_pos: null
  train.lr: 0.0003
  train.epochs: 20
  num_parameters_trainable: 2063040
  tags(backbone,fusion,stride): mamba2_lm, , 
--- end resolved config ---
epoch 1/20 train loss=5.9553 acc=0.0034 em=0.0000 | val loss=5.9682 acc=0.0023 em=0.0000 | random≈0.0013
  saved best_loss.pt (val_answer_loss=5.968172)
  saved best_acc.pt (val_answer_accuracy=0.002344)
epoch 2/20 train loss=5.9129 acc=0.0113 em=0.0000 | val loss=5.9558 acc=0.0092 em=0.0000 | random≈0.0013
  saved best_loss.pt (val_answer_loss=5.955828)
  saved best_acc.pt (val_answer_accuracy=0.009156)
epoch 3/20 train loss=5.6546 acc=0.0532 em=0.0000 | val loss=5.8065 acc=0.0448 em=0.0000 | random≈0.0013
  saved best_loss.pt (val_answer_loss=5.806474)
  saved best_acc.pt (val_answer_accuracy=0.044781)
epoch 4/20 train loss=4.7856 acc=0.1844 em=0.0000 | val loss=5.0468 acc=0.1610 em=0.0000 | random≈0.0013
  saved best_loss.pt (val_answer_loss=5.046801)
  saved best_acc.pt (val_answer_accuracy=0.160969)
epoch 5/20 train loss=1.1852 acc=0.8108 em=0.0279 | val loss=1.3350 acc=0.7738 em=0.0120 | random≈0.0013
  saved best_loss.pt (val_answer_loss=1.334992)
  saved best_acc.pt (val_answer_accuracy=0.773750)
epoch 6/20 train loss=0.1500 acc=0.9854 em=0.7932 | val loss=0.2197 acc=0.9674 em=0.5820 | random≈0.0013
  saved best_loss.pt (val_answer_loss=0.219737)
  saved best_acc.pt (val_answer_accuracy=0.967437)
epoch 7/20 train loss=0.0335 acc=0.9988 em=0.9816 | val loss=0.0676 acc=0.9905 em=0.8605 | random≈0.0013
  saved best_loss.pt (val_answer_loss=0.067643)
  saved best_acc.pt (val_answer_accuracy=0.990531)
epoch 8/20 train loss=0.0128 acc=1.0000 em=0.9996 | val loss=0.0347 acc=0.9952 em=0.9270 | random≈0.0013
  saved best_loss.pt (val_answer_loss=0.034750)
  saved best_acc.pt (val_answer_accuracy=0.995219)
epoch 9/20 train loss=0.0075 acc=1.0000 em=1.0000 | val loss=0.0244 acc=0.9966 em=0.9495 | random≈0.0013
  saved best_loss.pt (val_answer_loss=0.024353)
  saved best_acc.pt (val_answer_accuracy=0.996625)
epoch 10/20 train loss=0.0052 acc=1.0000 em=1.0000 | val loss=0.0195 acc=0.9969 em=0.9530 | random≈0.0013
  saved best_loss.pt (val_answer_loss=0.019452)
  saved best_acc.pt (val_answer_accuracy=0.996938)
epoch 11/20 train loss=0.0040 acc=1.0000 em=1.0000 | val loss=0.0166 acc=0.9969 em=0.9525 | random≈0.0013
  saved best_loss.pt (val_answer_loss=0.016602)
epoch 12/20 train loss=0.0031 acc=1.0000 em=1.0000 | val loss=0.0144 acc=0.9973 em=0.9575 | random≈0.0013
  saved best_loss.pt (val_answer_loss=0.014424)
  saved best_acc.pt (val_answer_accuracy=0.997281)
epoch 13/20 train loss=0.0025 acc=1.0000 em=1.0000 | val loss=0.0126 acc=0.9974 em=0.9595 | random≈0.0013
  saved best_loss.pt (val_answer_loss=0.012645)
  saved best_acc.pt (val_answer_accuracy=0.997406)
epoch 14/20 train loss=0.0021 acc=1.0000 em=1.0000 | val loss=0.0115 acc=0.9976 em=0.9630 | random≈0.0013
  saved best_loss.pt (val_answer_loss=0.011534)
  saved best_acc.pt (val_answer_accuracy=0.997625)
epoch 15/20 train loss=0.0018 acc=1.0000 em=1.0000 | val loss=0.0103 acc=0.9978 em=0.9660 | random≈0.0013
  saved best_loss.pt (val_answer_loss=0.010340)
  saved best_acc.pt (val_answer_accuracy=0.997812)
epoch 16/20 train loss=0.0015 acc=1.0000 em=1.0000 | val loss=0.0095 acc=0.9979 em=0.9670 | random≈0.0013
  saved best_loss.pt (val_answer_loss=0.009481)
epoch 17/20 train loss=0.0013 acc=1.0000 em=1.0000 | val loss=0.0088 acc=0.9980 em=0.9685 | random≈0.0013
  saved best_loss.pt (val_answer_loss=0.008763)
  saved best_acc.pt (val_answer_accuracy=0.997969)
epoch 18/20 train loss=0.0011 acc=1.0000 em=1.0000 | val loss=0.0080 acc=0.9980 em=0.9690 | random≈0.0013
  saved best_loss.pt (val_answer_loss=0.008049)
epoch 19/20 train loss=0.0010 acc=1.0000 em=1.0000 | val loss=0.0075 acc=0.9982 em=0.9715 | random≈0.0013
  saved best_loss.pt (val_answer_loss=0.007499)
  saved best_acc.pt (val_answer_accuracy=0.998156)
epoch 20/20 train loss=0.0009 acc=1.0000 em=1.0000 | val loss=0.0071 acc=0.9982 em=0.9725 | random≈0.0013
  saved best_loss.pt (val_answer_loss=0.007101)
test [best_loss_ckpt] loss=0.007787 acc=0.997938 em=0.968500
test [best_acc_ckpt]  loss=0.008300 acc=0.997906 em=0.967500 random_baseline≈0.001302
done. meta_metrics → /home/jovyan/shares/SR008.fs2/nvidenisov/other/repos/mamba/mamba_multi_scale_get_started/outputs/ArchEval/mqar_trans768_mamba2_split_ts_slow_veryslow_seed49/meta_metrics.csv
