mqar_split_hashes: n_train=20000 uniq_train=20000 | n_val=2000 uniq_val=2000 | n_test=2000 uniq_test=2000
mqar_answer_positions[train]: min=16 mean=16.0000 max=16 (expected 16 per sample)
mqar_answer_positions[val]: min=16 mean=16.0000 max=16 (expected 16 per sample)
mqar_answer_positions[test]: min=16 mean=16.0000 max=16 (expected 16 per sample)
experiment=mqar_fail_mamba2_slow_init_v768_seed46 device=cuda:0 out_dir=/home/jovyan/shares/SR008.fs2/nvidenisov/other/repos/mamba/mamba_multi_scale_get_started/outputs/MQARFailureSweep/mqar_fail_mamba2_slow_init_v768_seed46
mqar data: fixed_examples=True random_baseline_acc≈1/vocab=0.001302 (vocab_size=768)
--- mqar resolved config (sanity) ---
  experiment.name: mqar_fail_mamba2_slow_init_v768_seed46
  model.backbone: mamba2_lm
  model.layer_headdims: [32, 32, 32, 32]
  model.multiscale.fast_layer_headdims: —
  model.multiscale.slow_layer_headdims: —
  model.multiscale.window_size: —
  model.multiscale.offsets: —
  model.multiscale.summary_mode: —
  model.multiscale.causal_mode: —
  model.multiscale.gate_type: —
  data.input_seq_len: 128
  data.num_kv_pairs: 16
  data.vocab_size: 768
  data.train_examples: 20000  val_examples: 2000  test_examples: 2000
  data.fixed_examples: True
  data.min_query_pos: null
  train.lr: 0.0003
  train.epochs: 20
  num_parameters_trainable: 2063040
  tags(backbone,fusion,stride): mamba2_lm, , 
--- end resolved config ---
epoch 1/20 train loss=5.9559 acc=0.0035 em=0.0000 | val loss=5.9685 acc=0.0026 em=0.0000 | random≈0.0013
  saved best_loss.pt (val_answer_loss=5.968510)
  saved best_acc.pt (val_answer_accuracy=0.002594)
epoch 2/20 train loss=5.9311 acc=0.0071 em=0.0000 | val loss=5.9677 acc=0.0043 em=0.0000 | random≈0.0013
  saved best_loss.pt (val_answer_loss=5.967674)
  saved best_acc.pt (val_answer_accuracy=0.004313)
epoch 3/20 train loss=5.8271 acc=0.0231 em=0.0000 | val loss=5.9465 acc=0.0182 em=0.0000 | random≈0.0013
  saved best_loss.pt (val_answer_loss=5.946481)
  saved best_acc.pt (val_answer_accuracy=0.018187)
epoch 4/20 train loss=5.5566 acc=0.0534 em=0.0000 | val loss=5.8995 acc=0.0376 em=0.0000 | random≈0.0013
  saved best_loss.pt (val_answer_loss=5.899474)
  saved best_acc.pt (val_answer_accuracy=0.037625)
epoch 5/20 train loss=5.1643 acc=0.0949 em=0.0000 | val loss=5.8538 acc=0.0463 em=0.0000 | random≈0.0013
  saved best_loss.pt (val_answer_loss=5.853817)
  saved best_acc.pt (val_answer_accuracy=0.046312)
epoch 6/20 train loss=4.3013 acc=0.2377 em=0.0000 | val loss=5.1678 acc=0.1453 em=0.0000 | random≈0.0013
  saved best_loss.pt (val_answer_loss=5.167835)
  saved best_acc.pt (val_answer_accuracy=0.145281)
epoch 7/20 train loss=2.1506 acc=0.5930 em=0.0001 | val loss=2.8819 acc=0.4312 em=0.0000 | random≈0.0013
  saved best_loss.pt (val_answer_loss=2.881878)
  saved best_acc.pt (val_answer_accuracy=0.431219)
epoch 8/20 train loss=0.3877 acc=0.9436 em=0.4003 | val loss=0.6593 acc=0.8657 em=0.1025 | random≈0.0013
  saved best_loss.pt (val_answer_loss=0.659294)
  saved best_acc.pt (val_answer_accuracy=0.865719)
epoch 9/20 train loss=0.0963 acc=0.9919 em=0.8800 | val loss=0.2150 acc=0.9562 em=0.4925 | random≈0.0013
  saved best_loss.pt (val_answer_loss=0.214994)
  saved best_acc.pt (val_answer_accuracy=0.956219)
epoch 10/20 train loss=0.0356 acc=0.9991 em=0.9862 | val loss=0.1132 acc=0.9770 em=0.6905 | random≈0.0013
  saved best_loss.pt (val_answer_loss=0.113207)
  saved best_acc.pt (val_answer_accuracy=0.977000)
epoch 11/20 train loss=0.0172 acc=1.0000 em=0.9994 | val loss=0.0757 acc=0.9845 em=0.7810 | random≈0.0013
  saved best_loss.pt (val_answer_loss=0.075723)
  saved best_acc.pt (val_answer_accuracy=0.984469)
epoch 12/20 train loss=0.0106 acc=1.0000 em=1.0000 | val loss=0.0601 acc=0.9874 em=0.8175 | random≈0.0013
  saved best_loss.pt (val_answer_loss=0.060078)
  saved best_acc.pt (val_answer_accuracy=0.987437)
epoch 13/20 train loss=0.0078 acc=1.0000 em=1.0000 | val loss=0.0519 acc=0.9895 em=0.8495 | random≈0.0013
  saved best_loss.pt (val_answer_loss=0.051894)
  saved best_acc.pt (val_answer_accuracy=0.989531)
epoch 14/20 train loss=0.0061 acc=1.0000 em=1.0000 | val loss=0.0462 acc=0.9900 em=0.8530 | random≈0.0013
  saved best_loss.pt (val_answer_loss=0.046179)
  saved best_acc.pt (val_answer_accuracy=0.990000)
epoch 15/20 train loss=0.0049 acc=1.0000 em=1.0000 | val loss=0.0421 acc=0.9907 em=0.8645 | random≈0.0013
  saved best_loss.pt (val_answer_loss=0.042130)
  saved best_acc.pt (val_answer_accuracy=0.990656)
epoch 16/20 train loss=0.0041 acc=1.0000 em=1.0000 | val loss=0.0384 acc=0.9918 em=0.8805 | random≈0.0013
  saved best_loss.pt (val_answer_loss=0.038439)
  saved best_acc.pt (val_answer_accuracy=0.991781)
epoch 17/20 train loss=0.0034 acc=1.0000 em=1.0000 | val loss=0.0361 acc=0.9919 em=0.8820 | random≈0.0013
  saved best_loss.pt (val_answer_loss=0.036082)
  saved best_acc.pt (val_answer_accuracy=0.991906)
epoch 18/20 train loss=0.0029 acc=1.0000 em=1.0000 | val loss=0.0339 acc=0.9926 em=0.8905 | random≈0.0013
  saved best_loss.pt (val_answer_loss=0.033916)
  saved best_acc.pt (val_answer_accuracy=0.992594)
epoch 19/20 train loss=0.0025 acc=1.0000 em=1.0000 | val loss=0.0321 acc=0.9930 em=0.8960 | random≈0.0013
  saved best_loss.pt (val_answer_loss=0.032122)
  saved best_acc.pt (val_answer_accuracy=0.992969)
epoch 20/20 train loss=0.0021 acc=1.0000 em=1.0000 | val loss=0.0299 acc=0.9934 em=0.9020 | random≈0.0013
  saved best_loss.pt (val_answer_loss=0.029949)
  saved best_acc.pt (val_answer_accuracy=0.993437)
test [best_loss_ckpt] loss=0.028929 acc=0.993375 em=0.900500
test [best_acc_ckpt]  loss=0.028929 acc=0.993375 em=0.900500 random_baseline≈0.001302
done. meta_metrics → /home/jovyan/shares/SR008.fs2/nvidenisov/other/repos/mamba/mamba_multi_scale_get_started/outputs/MQARFailureSweep/mqar_fail_mamba2_slow_init_v768_seed46/meta_metrics.csv
