mqar_split_hashes: n_train=20000 uniq_train=20000 | n_val=2000 uniq_val=2000 | n_test=2000 uniq_test=2000
mqar_answer_positions[train]: min=16 mean=16.0000 max=16 (expected 16 per sample)
mqar_answer_positions[val]: min=16 mean=16.0000 max=16 (expected 16 per sample)
mqar_answer_positions[test]: min=16 mean=16.0000 max=16 (expected 16 per sample)
experiment=mqar_fail_mamba2_wide_init_v1024_seed44 device=cuda:0 out_dir=/home/jovyan/shares/SR008.fs2/nvidenisov/other/repos/mamba/mamba_multi_scale_get_started/outputs/MQARFailureSweep/mqar_fail_mamba2_wide_init_v1024_seed44
mqar data: fixed_examples=True random_baseline_acc≈1/vocab=0.000977 (vocab_size=1024)
--- mqar resolved config (sanity) ---
  experiment.name: mqar_fail_mamba2_wide_init_v1024_seed44
  model.backbone: mamba2_lm
  model.layer_headdims: [32, 32, 32, 32]
  model.multiscale.fast_layer_headdims: —
  model.multiscale.slow_layer_headdims: —
  model.multiscale.window_size: —
  model.multiscale.offsets: —
  model.multiscale.summary_mode: —
  model.multiscale.causal_mode: —
  model.multiscale.gate_type: —
  data.input_seq_len: 128
  data.num_kv_pairs: 16
  data.vocab_size: 1024
  data.train_examples: 20000  val_examples: 2000  test_examples: 2000
  data.fixed_examples: True
  data.min_query_pos: null
  train.lr: 0.0003
  train.epochs: 20
  num_parameters_trainable: 2194368
  tags(backbone,fusion,stride): mamba2_lm, , 
--- end resolved config ---
epoch 1/20 train loss=6.2439 acc=0.0025 em=0.0000 | val loss=6.2601 acc=0.0021 em=0.0000 | random≈0.0010
  saved best_loss.pt (val_answer_loss=6.260099)
  saved best_acc.pt (val_answer_accuracy=0.002063)
epoch 2/20 train loss=6.2154 acc=0.0038 em=0.0000 | val loss=6.2600 acc=0.0020 em=0.0000 | random≈0.0010
  saved best_loss.pt (val_answer_loss=6.259971)
epoch 3/20 train loss=6.1049 acc=0.0140 em=0.0000 | val loss=6.2742 acc=0.0053 em=0.0000 | random≈0.0010
  saved best_acc.pt (val_answer_accuracy=0.005250)
epoch 4/20 train loss=5.8334 acc=0.0352 em=0.0000 | val loss=6.3386 acc=0.0063 em=0.0000 | random≈0.0010
  saved best_acc.pt (val_answer_accuracy=0.006281)
epoch 5/20 train loss=5.4463 acc=0.0825 em=0.0000 | val loss=6.4423 acc=0.0047 em=0.0000 | random≈0.0010
epoch 6/20 train loss=5.0298 acc=0.1447 em=0.0000 | val loss=6.5676 acc=0.0034 em=0.0000 | random≈0.0010
early stopping at epoch 6: val answer_loss did not improve by min_delta=0.0001 for 4 epochs
test [best_loss_ckpt] loss=6.259909 acc=0.002000 em=0.000000
test [best_acc_ckpt]  loss=6.333722 acc=0.006250 em=0.000000 random_baseline≈0.000977
done. meta_metrics → /home/jovyan/shares/SR008.fs2/nvidenisov/other/repos/mamba/mamba_multi_scale_get_started/outputs/MQARFailureSweep/mqar_fail_mamba2_wide_init_v1024_seed44/meta_metrics.csv
