mqar_split_hashes: n_train=20000 uniq_train=20000 | n_val=2000 uniq_val=2000 | n_test=2000 uniq_test=2000
mqar_answer_positions[train]: min=16 mean=16.0000 max=16 (expected 16 per sample)
mqar_answer_positions[val]: min=16 mean=16.0000 max=16 (expected 16 per sample)
mqar_answer_positions[test]: min=16 mean=16.0000 max=16 (expected 16 per sample)
experiment=mqar_fail_ms_gated_right_init_v768_seed46 device=cuda:0 out_dir=/home/jovyan/shares/SR008.fs2/nvidenisov/other/repos/mamba/mamba_multi_scale_get_started/outputs/MQARFailureSweep/mqar_fail_ms_gated_right_init_v768_seed46
mqar data: fixed_examples=True random_baseline_acc≈1/vocab=0.001302 (vocab_size=768)
--- mqar resolved config (sanity) ---
  experiment.name: mqar_fail_ms_gated_right_init_v768_seed46
  model.backbone: multiscale_mamba2_lm
  model.layer_headdims: [32, 32, 32, 32]
  model.multiscale.fast_layer_headdims: [32, 32, 32, 32]
  model.multiscale.slow_layer_headdims: [32, 32]
  model.multiscale.window_size: —
  model.multiscale.offsets: —
  model.multiscale.summary_mode: —
  model.multiscale.causal_mode: —
  model.multiscale.gate_type: —
  data.input_seq_len: 128
  data.num_kv_pairs: 16
  data.vocab_size: 768
  data.train_examples: 20000  val_examples: 2000  test_examples: 2000
  data.fixed_examples: True
  data.min_query_pos: null
  train.lr: 0.0003
  train.epochs: 20
  num_parameters_trainable: 3029664
  tags(backbone,fusion,stride): multiscale_mamba2_lm, gated, 2
--- end resolved config ---
epoch 1/20 train loss=5.9562 acc=0.0032 em=0.0000 | val loss=5.9703 acc=0.0027 em=0.0000 | random≈0.0013
  saved best_loss.pt (val_answer_loss=5.970322)
  saved best_acc.pt (val_answer_accuracy=0.002656)
epoch 2/20 train loss=5.9218 acc=0.0098 em=0.0000 | val loss=5.9633 acc=0.0069 em=0.0000 | random≈0.0013
  saved best_loss.pt (val_answer_loss=5.963293)
  saved best_acc.pt (val_answer_accuracy=0.006875)
epoch 3/20 train loss=5.7331 acc=0.0396 em=0.0000 | val loss=5.8997 acc=0.0329 em=0.0000 | random≈0.0013
  saved best_loss.pt (val_answer_loss=5.899687)
  saved best_acc.pt (val_answer_accuracy=0.032875)
epoch 4/20 train loss=5.3176 acc=0.0806 em=0.0000 | val loss=5.7627 acc=0.0492 em=0.0000 | random≈0.0013
  saved best_loss.pt (val_answer_loss=5.762703)
  saved best_acc.pt (val_answer_accuracy=0.049219)
epoch 5/20 train loss=3.9380 acc=0.3064 em=0.0000 | val loss=4.5032 acc=0.2386 em=0.0000 | random≈0.0013
  saved best_loss.pt (val_answer_loss=4.503206)
  saved best_acc.pt (val_answer_accuracy=0.238625)
epoch 6/20 train loss=0.6792 acc=0.9067 em=0.2099 | val loss=0.9254 acc=0.8456 em=0.0720 | random≈0.0013
  saved best_loss.pt (val_answer_loss=0.925433)
  saved best_acc.pt (val_answer_accuracy=0.845594)
epoch 7/20 train loss=0.0980 acc=0.9913 em=0.8730 | val loss=0.1881 acc=0.9679 em=0.6015 | random≈0.0013
  saved best_loss.pt (val_answer_loss=0.188051)
  saved best_acc.pt (val_answer_accuracy=0.967938)
epoch 8/20 train loss=0.0290 acc=0.9987 em=0.9799 | val loss=0.0793 acc=0.9863 em=0.8040 | random≈0.0013
  saved best_loss.pt (val_answer_loss=0.079283)
  saved best_acc.pt (val_answer_accuracy=0.986344)
epoch 9/20 train loss=0.0105 acc=1.0000 em=0.9996 | val loss=0.0425 acc=0.9918 em=0.8785 | random≈0.0013
  saved best_loss.pt (val_answer_loss=0.042479)
  saved best_acc.pt (val_answer_accuracy=0.991781)
epoch 10/20 train loss=0.0063 acc=1.0000 em=1.0000 | val loss=0.0312 acc=0.9941 em=0.9115 | random≈0.0013
  saved best_loss.pt (val_answer_loss=0.031194)
  saved best_acc.pt (val_answer_accuracy=0.994062)
epoch 11/20 train loss=0.0045 acc=1.0000 em=1.0000 | val loss=0.0261 acc=0.9950 em=0.9260 | random≈0.0013
  saved best_loss.pt (val_answer_loss=0.026076)
  saved best_acc.pt (val_answer_accuracy=0.995031)
epoch 12/20 train loss=0.0035 acc=1.0000 em=1.0000 | val loss=0.0222 acc=0.9955 em=0.9320 | random≈0.0013
  saved best_loss.pt (val_answer_loss=0.022249)
  saved best_acc.pt (val_answer_accuracy=0.995500)
epoch 13/20 train loss=0.0028 acc=1.0000 em=1.0000 | val loss=0.0197 acc=0.9959 em=0.9365 | random≈0.0013
  saved best_loss.pt (val_answer_loss=0.019681)
  saved best_acc.pt (val_answer_accuracy=0.995875)
epoch 14/20 train loss=0.0022 acc=1.0000 em=1.0000 | val loss=0.0178 acc=0.9961 em=0.9415 | random≈0.0013
  saved best_loss.pt (val_answer_loss=0.017750)
  saved best_acc.pt (val_answer_accuracy=0.996125)
epoch 15/20 train loss=0.0019 acc=1.0000 em=1.0000 | val loss=0.0162 acc=0.9967 em=0.9500 | random≈0.0013
  saved best_loss.pt (val_answer_loss=0.016225)
  saved best_acc.pt (val_answer_accuracy=0.996719)
epoch 16/20 train loss=0.0016 acc=1.0000 em=1.0000 | val loss=0.0149 acc=0.9969 em=0.9525 | random≈0.0013
  saved best_loss.pt (val_answer_loss=0.014891)
  saved best_acc.pt (val_answer_accuracy=0.996875)
epoch 17/20 train loss=0.0013 acc=1.0000 em=1.0000 | val loss=0.0138 acc=0.9969 em=0.9530 | random≈0.0013
  saved best_loss.pt (val_answer_loss=0.013754)
epoch 18/20 train loss=0.0012 acc=1.0000 em=1.0000 | val loss=0.0128 acc=0.9970 em=0.9550 | random≈0.0013
  saved best_loss.pt (val_answer_loss=0.012776)
  saved best_acc.pt (val_answer_accuracy=0.997031)
epoch 19/20 train loss=0.0010 acc=1.0000 em=1.0000 | val loss=0.0121 acc=0.9972 em=0.9570 | random≈0.0013
  saved best_loss.pt (val_answer_loss=0.012068)
  saved best_acc.pt (val_answer_accuracy=0.997188)
epoch 20/20 train loss=0.0009 acc=1.0000 em=1.0000 | val loss=0.0113 acc=0.9972 em=0.9570 | random≈0.0013
  saved best_loss.pt (val_answer_loss=0.011325)
test [best_loss_ckpt] loss=0.011811 acc=0.996938 em=0.953000
test [best_acc_ckpt]  loss=0.012495 acc=0.996750 em=0.950500 random_baseline≈0.001302
done. meta_metrics → /home/jovyan/shares/SR008.fs2/nvidenisov/other/repos/mamba/mamba_multi_scale_get_started/outputs/MQARFailureSweep/mqar_fail_ms_gated_right_init_v768_seed46/meta_metrics.csv
