mqar_split_hashes: n_train=20000 uniq_train=20000 | n_val=2000 uniq_val=2000 | n_test=2000 uniq_test=2000
mqar_answer_positions[train]: min=16 mean=16.0000 max=16 (expected 16 per sample)
mqar_answer_positions[val]: min=16 mean=16.0000 max=16 (expected 16 per sample)
mqar_answer_positions[test]: min=16 mean=16.0000 max=16 (expected 16 per sample)
experiment=mqar_fail_transformer_param_match_v1024_seed43 device=cuda:0 out_dir=/home/jovyan/shares/SR008.fs2/nvidenisov/other/repos/mamba/mamba_multi_scale_get_started/outputs/MQARFailureSweep/mqar_fail_transformer_param_match_v1024_seed43
mqar data: fixed_examples=True random_baseline_acc≈1/vocab=0.000977 (vocab_size=1024)
--- mqar resolved config (sanity) ---
  experiment.name: mqar_fail_transformer_param_match_v1024_seed43
  model.backbone: transformer_lm
  model.layer_headdims: —
  model.multiscale.fast_layer_headdims: —
  model.multiscale.slow_layer_headdims: —
  model.multiscale.window_size: —
  model.multiscale.offsets: —
  model.multiscale.summary_mode: —
  model.multiscale.causal_mode: —
  model.multiscale.gate_type: —
  data.input_seq_len: 128
  data.num_kv_pairs: 16
  data.vocab_size: 1024
  data.train_examples: 20000  val_examples: 2000  test_examples: 2000
  data.fixed_examples: True
  data.min_query_pos: null
  train.lr: 0.0003
  train.epochs: 20
  num_parameters_trainable: 3309808
  tags(backbone,fusion,stride): transformer_lm, , 
--- end resolved config ---
epoch 1/20 train loss=6.2513 acc=0.0021 em=0.0000 | val loss=6.2529 acc=0.0020 em=0.0000 | random≈0.0010
  saved best_loss.pt (val_answer_loss=6.252922)
  saved best_acc.pt (val_answer_accuracy=0.001969)
epoch 2/20 train loss=6.2462 acc=0.0023 em=0.0000 | val loss=6.2501 acc=0.0021 em=0.0000 | random≈0.0010
  saved best_loss.pt (val_answer_loss=6.250109)
  saved best_acc.pt (val_answer_accuracy=0.002125)
epoch 3/20 train loss=6.2156 acc=0.0066 em=0.0000 | val loss=6.2287 acc=0.0057 em=0.0000 | random≈0.0010
  saved best_loss.pt (val_answer_loss=6.228677)
  saved best_acc.pt (val_answer_accuracy=0.005750)
epoch 4/20 train loss=5.5379 acc=0.0755 em=0.0000 | val loss=5.6423 acc=0.0664 em=0.0000 | random≈0.0010
  saved best_loss.pt (val_answer_loss=5.642271)
  saved best_acc.pt (val_answer_accuracy=0.066406)
epoch 5/20 train loss=4.9282 acc=0.0899 em=0.0000 | val loss=5.1117 acc=0.0740 em=0.0000 | random≈0.0010
  saved best_loss.pt (val_answer_loss=5.111687)
  saved best_acc.pt (val_answer_accuracy=0.074000)
epoch 6/20 train loss=4.4839 acc=0.1004 em=0.0000 | val loss=4.7501 acc=0.0760 em=0.0000 | random≈0.0010
  saved best_loss.pt (val_answer_loss=4.750103)
  saved best_acc.pt (val_answer_accuracy=0.076000)
epoch 7/20 train loss=4.1510 acc=0.1090 em=0.0000 | val loss=4.4974 acc=0.0757 em=0.0000 | random≈0.0010
  saved best_loss.pt (val_answer_loss=4.497377)
epoch 8/20 train loss=3.8872 acc=0.1193 em=0.0000 | val loss=4.3158 acc=0.0777 em=0.0000 | random≈0.0010
  saved best_loss.pt (val_answer_loss=4.315827)
  saved best_acc.pt (val_answer_accuracy=0.077688)
epoch 9/20 train loss=3.5016 acc=0.1735 em=0.0000 | val loss=4.0268 acc=0.1074 em=0.0000 | random≈0.0010
  saved best_loss.pt (val_answer_loss=4.026804)
  saved best_acc.pt (val_answer_accuracy=0.107438)
epoch 10/20 train loss=0.0067 acc=0.9996 em=0.9941 | val loss=0.0079 acc=0.9995 em=0.9925 | random≈0.0010
  saved best_loss.pt (val_answer_loss=0.007935)
  saved best_acc.pt (val_answer_accuracy=0.999531)
epoch 11/20 train loss=0.0009 acc=1.0000 em=1.0000 | val loss=0.0010 acc=1.0000 em=0.9995 | random≈0.0010
  saved best_loss.pt (val_answer_loss=0.001003)
  saved best_acc.pt (val_answer_accuracy=0.999969)
epoch 12/20 train loss=0.0004 acc=1.0000 em=1.0000 | val loss=0.0004 acc=1.0000 em=1.0000 | random≈0.0010
  saved best_loss.pt (val_answer_loss=0.000431)
epoch 13/20 train loss=0.0002 acc=1.0000 em=1.0000 | val loss=0.0003 acc=1.0000 em=1.0000 | random≈0.0010
  saved best_loss.pt (val_answer_loss=0.000260)
epoch 14/20 train loss=0.0002 acc=1.0000 em=1.0000 | val loss=0.0002 acc=1.0000 em=1.0000 | random≈0.0010
epoch 15/20 train loss=0.0001 acc=1.0000 em=1.0000 | val loss=0.0001 acc=1.0000 em=1.0000 | random≈0.0010
  saved best_loss.pt (val_answer_loss=0.000134)
epoch 16/20 train loss=0.0001 acc=1.0000 em=1.0000 | val loss=0.0001 acc=1.0000 em=1.0000 | random≈0.0010
epoch 17/20 train loss=0.0001 acc=1.0000 em=1.0000 | val loss=0.0001 acc=1.0000 em=1.0000 | random≈0.0010
epoch 18/20 train loss=0.0001 acc=1.0000 em=1.0000 | val loss=0.0001 acc=1.0000 em=1.0000 | random≈0.0010
epoch 19/20 train loss=0.0001 acc=1.0000 em=1.0000 | val loss=0.0001 acc=1.0000 em=1.0000 | random≈0.0010
early stopping at epoch 19: val answer_loss did not improve by min_delta=0.0001 for 4 epochs
test [best_loss_ckpt] loss=0.000134 acc=1.000000 em=1.000000
test [best_acc_ckpt]  loss=0.000941 acc=1.000000 em=1.000000 random_baseline≈0.000977
done. meta_metrics → /home/jovyan/shares/SR008.fs2/nvidenisov/other/repos/mamba/mamba_multi_scale_get_started/outputs/MQARFailureSweep/mqar_fail_transformer_param_match_v1024_seed43/meta_metrics.csv
