experiment=archeval_lm_ms_gated_right_init_equal_param_seed44 device=cuda:0 out_dir=/home/jovyan/shares/SR008.fs2/nvidenisov/other/repos/mamba/mamba_multi_scale_get_started/outputs/ArchEval/lm_ms_gated_right_init_equal_param_seed44
early_stopping: patience=3 min_delta=0.0001 (disable with train.early_stopping.patience=0)
experiment=archeval_lm_ms_gated_right_init_equal_param_seed44 device=cuda:0 out_dir=/home/jovyan/shares/SR008.fs2/nvidenisov/other/repos/mamba/mamba_multi_scale_get_started/outputs/ArchEval/lm_ms_gated_right_init_equal_param_seed44
early_stopping: patience=3 min_delta=0.0001 (disable with train.early_stopping.patience=0)
epoch 1/10 train_loss=3.3215 val_loss=2.7241 val_ppl=15.24 val_bpc=3.9301
  saved best.pt (val_loss=2.724126)
epoch 2/10 train_loss=2.4930 val_loss=2.3427 val_ppl=10.41 val_bpc=3.3799
  saved best.pt (val_loss=2.342734)
epoch 3/10 train_loss=2.1906 val_loss=2.1359 val_ppl=8.46 val_bpc=3.0815
  saved best.pt (val_loss=2.135905)
epoch 4/10 train_loss=1.9971 val_loss=2.0029 val_ppl=7.41 val_bpc=2.8896
  saved best.pt (val_loss=2.002909)
epoch 5/10 train_loss=1.8486 val_loss=1.9100 val_ppl=6.75 val_bpc=2.7556
  saved best.pt (val_loss=1.910047)
epoch 6/10 train_loss=1.7348 val_loss=1.8392 val_ppl=6.29 val_bpc=2.6534
  saved best.pt (val_loss=1.839220)
epoch 7/10 train_loss=1.6487 val_loss=1.7819 val_ppl=5.94 val_bpc=2.5707
  saved best.pt (val_loss=1.781862)
epoch 8/10 train_loss=1.5882 val_loss=1.7359 val_ppl=5.67 val_bpc=2.5044
  saved best.pt (val_loss=1.735919)
epoch 9/10 train_loss=1.5314 val_loss=1.7017 val_ppl=5.48 val_bpc=2.4550
  saved best.pt (val_loss=1.701686)
epoch 10/10 train_loss=1.4968 val_loss=1.6682 val_ppl=5.30 val_bpc=2.4067
  saved best.pt (val_loss=1.668228)
meta_metrics: train=135.56s eval=343.28s loop=480.19s setup=3.21s → meta_metrics.csv
