experiment=tsrch_d384_l4_h8_lr1p5em3_do0p05_s42 device=cuda:0 out_dir=/home/jovyan/shares/SR008.fs2/nvidenisov/other/repos/mamba/mamba_multi_scale_get_started/outputs/TransformerLMSearch/tsrch_d384_l4_h8_lr1p5em3_do0p05_s42
early_stopping: patience=8 min_delta=0.0001 (disable with train.early_stopping.patience=0)
epoch 1/50 train_loss=3.0063 val_loss=2.5657 val_ppl=13.01 val_bpc=3.7016
  saved best.pt (val_loss=2.565729)
epoch 2/50 train_loss=2.5219 val_loss=2.5011 val_ppl=12.20 val_bpc=3.6084
  saved best.pt (val_loss=2.501138)
epoch 3/50 train_loss=2.4767 val_loss=2.4833 val_ppl=11.98 val_bpc=3.5827
  saved best.pt (val_loss=2.483314)
epoch 4/50 train_loss=2.4538 val_loss=2.4557 val_ppl=11.65 val_bpc=3.5429
  saved best.pt (val_loss=2.455719)
epoch 5/50 train_loss=2.4319 val_loss=2.4434 val_ppl=11.51 val_bpc=3.5251
  saved best.pt (val_loss=2.443421)
epoch 6/50 train_loss=2.4089 val_loss=2.4129 val_ppl=11.17 val_bpc=3.4811
  saved best.pt (val_loss=2.412937)
epoch 7/50 train_loss=2.3634 val_loss=2.3529 val_ppl=10.52 val_bpc=3.3945
  saved best.pt (val_loss=2.352916)
epoch 8/50 train_loss=2.3108 val_loss=2.3058 val_ppl=10.03 val_bpc=3.3265
  saved best.pt (val_loss=2.305773)
epoch 9/50 train_loss=2.2249 val_loss=2.2129 val_ppl=9.14 val_bpc=3.1925
  saved best.pt (val_loss=2.212872)
epoch 10/50 train_loss=2.1253 val_loss=2.1370 val_ppl=8.47 val_bpc=3.0831
  saved best.pt (val_loss=2.137047)
epoch 11/50 train_loss=2.0318 val_loss=2.0666 val_ppl=7.90 val_bpc=2.9814
  saved best.pt (val_loss=2.066568)
epoch 12/50 train_loss=1.9586 val_loss=2.0023 val_ppl=7.41 val_bpc=2.8887
  saved best.pt (val_loss=2.002273)
epoch 13/50 train_loss=1.8721 val_loss=1.9412 val_ppl=6.97 val_bpc=2.8006
  saved best.pt (val_loss=1.941214)
epoch 14/50 train_loss=1.8233 val_loss=1.9077 val_ppl=6.74 val_bpc=2.7522
  saved best.pt (val_loss=1.907711)
epoch 15/50 train_loss=1.7672 val_loss=1.8669 val_ppl=6.47 val_bpc=2.6934
  saved best.pt (val_loss=1.866909)
epoch 16/50 train_loss=1.7222 val_loss=1.8197 val_ppl=6.17 val_bpc=2.6253
  saved best.pt (val_loss=1.819744)
epoch 17/50 train_loss=1.6818 val_loss=1.7913 val_ppl=6.00 val_bpc=2.5842
  saved best.pt (val_loss=1.791259)
epoch 18/50 train_loss=1.6463 val_loss=1.7581 val_ppl=5.80 val_bpc=2.5364
  saved best.pt (val_loss=1.758086)
epoch 19/50 train_loss=1.6191 val_loss=1.7331 val_ppl=5.66 val_bpc=2.5004
  saved best.pt (val_loss=1.733135)
epoch 20/50 train_loss=1.5865 val_loss=1.7187 val_ppl=5.58 val_bpc=2.4796
  saved best.pt (val_loss=1.718725)
epoch 21/50 train_loss=1.5647 val_loss=1.6964 val_ppl=5.45 val_bpc=2.4474
  saved best.pt (val_loss=1.696434)
epoch 22/50 train_loss=1.5389 val_loss=1.6778 val_ppl=5.35 val_bpc=2.4205
  saved best.pt (val_loss=1.677782)
epoch 23/50 train_loss=1.5227 val_loss=1.6687 val_ppl=5.31 val_bpc=2.4074
  saved best.pt (val_loss=1.668706)
epoch 24/50 train_loss=1.5092 val_loss=1.6572 val_ppl=5.24 val_bpc=2.3908
  saved best.pt (val_loss=1.657154)
epoch 25/50 train_loss=1.4860 val_loss=1.6311 val_ppl=5.11 val_bpc=2.3532
  saved best.pt (val_loss=1.631138)
epoch 26/50 train_loss=1.4763 val_loss=1.6215 val_ppl=5.06 val_bpc=2.3393
  saved best.pt (val_loss=1.621464)
epoch 27/50 train_loss=1.4530 val_loss=1.6158 val_ppl=5.03 val_bpc=2.3311
  saved best.pt (val_loss=1.615792)
epoch 28/50 train_loss=1.4533 val_loss=1.6060 val_ppl=4.98 val_bpc=2.3170
  saved best.pt (val_loss=1.606045)
epoch 29/50 train_loss=1.4293 val_loss=1.5973 val_ppl=4.94 val_bpc=2.3044
  saved best.pt (val_loss=1.597306)
epoch 30/50 train_loss=1.4175 val_loss=1.5889 val_ppl=4.90 val_bpc=2.2923
  saved best.pt (val_loss=1.588900)
epoch 31/50 train_loss=1.4089 val_loss=1.5799 val_ppl=4.85 val_bpc=2.2794
  saved best.pt (val_loss=1.579940)
epoch 32/50 train_loss=1.3914 val_loss=1.5751 val_ppl=4.83 val_bpc=2.2723
  saved best.pt (val_loss=1.575053)
epoch 33/50 train_loss=1.3890 val_loss=1.5702 val_ppl=4.81 val_bpc=2.2654
  saved best.pt (val_loss=1.570226)
epoch 34/50 train_loss=1.3736 val_loss=1.5593 val_ppl=4.76 val_bpc=2.2495
  saved best.pt (val_loss=1.559253)
epoch 35/50 train_loss=1.3689 val_loss=1.5589 val_ppl=4.75 val_bpc=2.2490
  saved best.pt (val_loss=1.558900)
epoch 36/50 train_loss=1.3531 val_loss=1.5545 val_ppl=4.73 val_bpc=2.2427
  saved best.pt (val_loss=1.554494)
epoch 37/50 train_loss=1.3492 val_loss=1.5558 val_ppl=4.74 val_bpc=2.2446
epoch 38/50 train_loss=1.3490 val_loss=1.5423 val_ppl=4.68 val_bpc=2.2250
  saved best.pt (val_loss=1.542285)
epoch 39/50 train_loss=1.3318 val_loss=1.5404 val_ppl=4.67 val_bpc=2.2224
  saved best.pt (val_loss=1.540436)
epoch 40/50 train_loss=1.3290 val_loss=1.5399 val_ppl=4.66 val_bpc=2.2216
  saved best.pt (val_loss=1.539906)
epoch 41/50 train_loss=1.3178 val_loss=1.5379 val_ppl=4.65 val_bpc=2.2188
  saved best.pt (val_loss=1.537940)
epoch 42/50 train_loss=1.3154 val_loss=1.5357 val_ppl=4.64 val_bpc=2.2156
  saved best.pt (val_loss=1.535708)
epoch 43/50 train_loss=1.3056 val_loss=1.5330 val_ppl=4.63 val_bpc=2.2117
  saved best.pt (val_loss=1.533022)
epoch 44/50 train_loss=1.2994 val_loss=1.5218 val_ppl=4.58 val_bpc=2.1955
  saved best.pt (val_loss=1.521791)
epoch 45/50 train_loss=1.2913 val_loss=1.5204 val_ppl=4.57 val_bpc=2.1934
  saved best.pt (val_loss=1.520381)
epoch 46/50 train_loss=1.2831 val_loss=1.5236 val_ppl=4.59 val_bpc=2.1981
epoch 47/50 train_loss=1.2832 val_loss=1.5220 val_ppl=4.58 val_bpc=2.1958
epoch 48/50 train_loss=1.2784 val_loss=1.5158 val_ppl=4.55 val_bpc=2.1868
  saved best.pt (val_loss=1.515805)
epoch 49/50 train_loss=1.2693 val_loss=1.5201 val_ppl=4.57 val_bpc=2.1931
epoch 50/50 train_loss=1.2615 val_loss=1.5106 val_ppl=4.53 val_bpc=2.1793
  saved best.pt (val_loss=1.510574)
meta_metrics: train=43.65s eval=731.29s loop=787.06s setup=1.05s → meta_metrics.csv
