mqar_split_hashes: n_train=20000 uniq_train=20000 | n_val=2000 uniq_val=2000 | n_test=2000 uniq_test=2000
mqar_answer_positions[train]: min=16 mean=16.0000 max=16 (expected 16 per sample)
mqar_answer_positions[val]: min=16 mean=16.0000 max=16 (expected 16 per sample)
mqar_answer_positions[test]: min=16 mean=16.0000 max=16 (expected 16 per sample)
experiment=archeval_mqar_trans704_ms_window_ws8_o0_o4_seed42 device=cuda:0 out_dir=/home/jovyan/shares/SR008.fs2/nvidenisov/other/repos/mamba/mamba_multi_scale_get_started/outputs/ArchEval/mqar_trans704_ms_window_ws8_o0_o4_seed42
mqar data: fixed_examples=True random_baseline_acc≈1/vocab=0.001420 (vocab_size=704)
--- mqar resolved config (sanity) ---
  experiment.name: archeval_mqar_trans704_ms_window_ws8_o0_o4_seed42
  model.backbone: multiscale_mamba2_window_summary_lm
  model.layer_headdims: [32, 32, 32, 32]
  model.multiscale.fast_layer_headdims: —
  model.multiscale.slow_layer_headdims: [32, 32]
  data.input_seq_len: 128
  data.num_kv_pairs: 16
  data.vocab_size: 704
  data.train_examples: 20000  val_examples: 2000  test_examples: 2000
  data.fixed_examples: True
  data.min_query_pos: null
  train.lr: 0.0003
  train.epochs: 20
  num_parameters_trainable: 3961408
  tags(backbone,fusion,stride): multiscale_mamba2_window_summary_lm, window_residual_gated, 
--- end resolved config ---
epoch 1/20 train loss=5.8593 acc=0.0041 em=0.0000 | val loss=5.8781 acc=0.0038 em=0.0000 | random≈0.0014
  saved best_loss.pt (val_answer_loss=5.878118)
  saved best_acc.pt (val_answer_accuracy=0.003812)
epoch 2/20 train loss=5.6956 acc=0.0176 em=0.0000 | val loss=5.8323 acc=0.0068 em=0.0000 | random≈0.0014
  saved best_loss.pt (val_answer_loss=5.832261)
  saved best_acc.pt (val_answer_accuracy=0.006812)
epoch 3/20 train loss=5.0389 acc=0.0860 em=0.0000 | val loss=5.4445 acc=0.0313 em=0.0000 | random≈0.0014
  saved best_loss.pt (val_answer_loss=5.444454)
  saved best_acc.pt (val_answer_accuracy=0.031281)
epoch 4/20 train loss=4.3006 acc=0.1565 em=0.0000 | val loss=5.0353 acc=0.0522 em=0.0000 | random≈0.0014
  saved best_loss.pt (val_answer_loss=5.035329)
  saved best_acc.pt (val_answer_accuracy=0.052156)
epoch 5/20 train loss=3.6092 acc=0.2455 em=0.0000 | val loss=4.8335 acc=0.0578 em=0.0000 | random≈0.0014
  saved best_loss.pt (val_answer_loss=4.833475)
  saved best_acc.pt (val_answer_accuracy=0.057813)
epoch 6/20 train loss=2.9396 acc=0.3857 em=0.0000 | val loss=4.8619 acc=0.0569 em=0.0000 | random≈0.0014
epoch 7/20 train loss=2.3070 acc=0.5417 em=0.0001 | val loss=5.0139 acc=0.0541 em=0.0000 | random≈0.0014
epoch 8/20 train loss=1.7480 acc=0.6848 em=0.0040 | val loss=5.2349 acc=0.0481 em=0.0000 | random≈0.0014
epoch 9/20 train loss=1.2749 acc=0.8012 em=0.0373 | val loss=5.4824 acc=0.0454 em=0.0000 | random≈0.0014
early stopping at epoch 9: val answer_loss did not improve by min_delta=0.0001 for 4 epochs
test [best_loss_ckpt] loss=4.826257 acc=0.056406 em=0.000000
test [best_acc_ckpt]  loss=4.826257 acc=0.056406 em=0.000000 random_baseline≈0.001420
done. meta_metrics → /home/jovyan/shares/SR008.fs2/nvidenisov/other/repos/mamba/mamba_multi_scale_get_started/outputs/ArchEval/mqar_trans704_ms_window_ws8_o0_o4_seed42/meta_metrics.csv
mqar_split_hashes: n_train=20000 uniq_train=20000 | n_val=2000 uniq_val=2000 | n_test=2000 uniq_test=2000
mqar_answer_positions[train]: min=16 mean=16.0000 max=16 (expected 16 per sample)
mqar_answer_positions[val]: min=16 mean=16.0000 max=16 (expected 16 per sample)
mqar_answer_positions[test]: min=16 mean=16.0000 max=16 (expected 16 per sample)
experiment=archeval_mqar_trans704_ms_window_ws8_o0_o4_seed42 device=cuda:0 out_dir=/home/jovyan/shares/SR008.fs2/nvidenisov/other/repos/mamba/mamba_multi_scale_get_started/outputs/ArchEval/mqar_trans704_ms_window_ws8_o0_o4_seed42
mqar data: fixed_examples=True random_baseline_acc≈1/vocab=0.001420 (vocab_size=704)
--- mqar resolved config (sanity) ---
  experiment.name: archeval_mqar_trans704_ms_window_ws8_o0_o4_seed42
  model.backbone: multiscale_mamba2_window_summary_lm
  model.layer_headdims: [32, 32, 32, 32]
  model.multiscale.fast_layer_headdims: —
  model.multiscale.slow_layer_headdims: [32, 32]
  model.multiscale.window_size: 8
  model.multiscale.offsets: [0, 4]
  model.multiscale.summary_mode: mean
  model.multiscale.causal_mode: —
  model.multiscale.gate_type: vector
  data.input_seq_len: 128
  data.num_kv_pairs: 16
  data.vocab_size: 704
  data.train_examples: 20000  val_examples: 2000  test_examples: 2000
  data.fixed_examples: True
  data.min_query_pos: null
  train.lr: 0.0003
  train.epochs: 20
  num_parameters_trainable: 3961408
  tags(backbone,fusion,stride): multiscale_mamba2_window_summary_lm, window_residual_gated, 
--- end resolved config ---
epoch 1/20 train loss=5.8593 acc=0.0041 em=0.0000 | val loss=5.8781 acc=0.0038 em=0.0000 | random≈0.0014
  saved best_loss.pt (val_answer_loss=5.878118)
  saved best_acc.pt (val_answer_accuracy=0.003812)
epoch 2/20 train loss=5.6956 acc=0.0176 em=0.0000 | val loss=5.8323 acc=0.0068 em=0.0000 | random≈0.0014
  saved best_loss.pt (val_answer_loss=5.832262)
  saved best_acc.pt (val_answer_accuracy=0.006812)
epoch 3/20 train loss=5.0389 acc=0.0860 em=0.0000 | val loss=5.4445 acc=0.0313 em=0.0000 | random≈0.0014
  saved best_loss.pt (val_answer_loss=5.444457)
  saved best_acc.pt (val_answer_accuracy=0.031281)
epoch 4/20 train loss=4.3006 acc=0.1565 em=0.0000 | val loss=5.0353 acc=0.0522 em=0.0000 | random≈0.0014
  saved best_loss.pt (val_answer_loss=5.035329)
  saved best_acc.pt (val_answer_accuracy=0.052156)
epoch 5/20 train loss=3.6092 acc=0.2455 em=0.0000 | val loss=4.8335 acc=0.0578 em=0.0000 | random≈0.0014
  saved best_loss.pt (val_answer_loss=4.833469)
  saved best_acc.pt (val_answer_accuracy=0.057781)
epoch 6/20 train loss=2.9396 acc=0.3857 em=0.0000 | val loss=4.8619 acc=0.0569 em=0.0000 | random≈0.0014
epoch 7/20 train loss=2.3070 acc=0.5417 em=0.0001 | val loss=5.0139 acc=0.0542 em=0.0000 | random≈0.0014
epoch 8/20 train loss=1.7480 acc=0.6848 em=0.0040 | val loss=5.2349 acc=0.0481 em=0.0000 | random≈0.0014
epoch 9/20 train loss=1.2749 acc=0.8012 em=0.0373 | val loss=5.4824 acc=0.0453 em=0.0000 | random≈0.0014
early stopping at epoch 9: val answer_loss did not improve by min_delta=0.0001 for 4 epochs
test [best_loss_ckpt] loss=4.826253 acc=0.056406 em=0.000000
test [best_acc_ckpt]  loss=4.826253 acc=0.056406 em=0.000000 random_baseline≈0.001420
done. meta_metrics → /home/jovyan/shares/SR008.fs2/nvidenisov/other/repos/mamba/mamba_multi_scale_get_started/outputs/ArchEval/mqar_trans704_ms_window_ws8_o0_o4_seed42/meta_metrics.csv
mqar_split_hashes: n_train=20000 uniq_train=20000 | n_val=2000 uniq_val=2000 | n_test=2000 uniq_test=2000
mqar_answer_positions[train]: min=16 mean=16.0000 max=16 (expected 16 per sample)
mqar_answer_positions[val]: min=16 mean=16.0000 max=16 (expected 16 per sample)
mqar_answer_positions[test]: min=16 mean=16.0000 max=16 (expected 16 per sample)
experiment=archeval_mqar_trans704_ms_window_ws8_o0_o4_seed42 device=cuda:0 out_dir=/home/jovyan/shares/SR008.fs2/nvidenisov/other/repos/mamba/mamba_multi_scale_get_started/outputs/ArchEval/mqar_trans704_ms_window_ws8_o0_o4_seed42
mqar data: fixed_examples=True random_baseline_acc≈1/vocab=0.001420 (vocab_size=704)
--- mqar resolved config (sanity) ---
  experiment.name: archeval_mqar_trans704_ms_window_ws8_o0_o4_seed42
  model.backbone: multiscale_mamba2_window_summary_lm
  model.layer_headdims: [32, 32, 32, 32]
  model.multiscale.fast_layer_headdims: —
  model.multiscale.slow_layer_headdims: [32, 32]
  model.multiscale.window_size: 8
  model.multiscale.offsets: [0, 4]
  model.multiscale.summary_mode: mean
  model.multiscale.causal_mode: —
  model.multiscale.gate_type: vector
  data.input_seq_len: 128
  data.num_kv_pairs: 16
  data.vocab_size: 704
  data.train_examples: 20000  val_examples: 2000  test_examples: 2000
  data.fixed_examples: True
  data.min_query_pos: null
  train.lr: 0.0003
  train.epochs: 20
  num_parameters_trainable: 3961408
  tags(backbone,fusion,stride): multiscale_mamba2_window_summary_lm, window_residual_gated, 
--- end resolved config ---
epoch 1/20 train loss=5.8593 acc=0.0041 em=0.0000 | val loss=5.8781 acc=0.0038 em=0.0000 | random≈0.0014
  saved best_loss.pt (val_answer_loss=5.878118)
  saved best_acc.pt (val_answer_accuracy=0.003812)
epoch 2/20 train loss=5.6956 acc=0.0176 em=0.0000 | val loss=5.8323 acc=0.0068 em=0.0000 | random≈0.0014
  saved best_loss.pt (val_answer_loss=5.832262)
  saved best_acc.pt (val_answer_accuracy=0.006812)
epoch 3/20 train loss=5.0389 acc=0.0860 em=0.0000 | val loss=5.4445 acc=0.0313 em=0.0000 | random≈0.0014
  saved best_loss.pt (val_answer_loss=5.444456)
  saved best_acc.pt (val_answer_accuracy=0.031281)
epoch 4/20 train loss=4.3006 acc=0.1565 em=0.0000 | val loss=5.0353 acc=0.0521 em=0.0000 | random≈0.0014
  saved best_loss.pt (val_answer_loss=5.035327)
  saved best_acc.pt (val_answer_accuracy=0.052125)
epoch 5/20 train loss=3.6092 acc=0.2455 em=0.0000 | val loss=4.8335 acc=0.0578 em=0.0000 | random≈0.0014
  saved best_loss.pt (val_answer_loss=4.833469)
  saved best_acc.pt (val_answer_accuracy=0.057813)
epoch 6/20 train loss=2.9396 acc=0.3857 em=0.0000 | val loss=4.8619 acc=0.0569 em=0.0000 | random≈0.0014
epoch 7/20 train loss=2.3070 acc=0.5417 em=0.0001 | val loss=5.0139 acc=0.0542 em=0.0000 | random≈0.0014
epoch 8/20 train loss=1.7480 acc=0.6848 em=0.0040 | val loss=5.2349 acc=0.0481 em=0.0000 | random≈0.0014
epoch 9/20 train loss=1.2749 acc=0.8012 em=0.0372 | val loss=5.4824 acc=0.0453 em=0.0000 | random≈0.0014
early stopping at epoch 9: val answer_loss did not improve by min_delta=0.0001 for 4 epochs
test [best_loss_ckpt] loss=4.826253 acc=0.056406 em=0.000000
test [best_acc_ckpt]  loss=4.826253 acc=0.056406 em=0.000000 random_baseline≈0.001420
done. meta_metrics → /home/jovyan/shares/SR008.fs2/nvidenisov/other/repos/mamba/mamba_multi_scale_get_started/outputs/ArchEval/mqar_trans704_ms_window_ws8_o0_o4_seed42/meta_metrics.csv
mqar_split_hashes: n_train=20000 uniq_train=20000 | n_val=2000 uniq_val=2000 | n_test=2000 uniq_test=2000
mqar_answer_positions[train]: min=16 mean=16.0000 max=16 (expected 16 per sample)
mqar_answer_positions[val]: min=16 mean=16.0000 max=16 (expected 16 per sample)
mqar_answer_positions[test]: min=16 mean=16.0000 max=16 (expected 16 per sample)
experiment=archeval_mqar_trans704_ms_window_ws8_o0_o4_seed42 device=cuda:0 out_dir=/home/jovyan/shares/SR008.fs2/nvidenisov/other/repos/mamba/mamba_multi_scale_get_started/outputs/ArchEval/mqar_trans704_ms_window_ws8_o0_o4_seed42
mqar data: fixed_examples=True random_baseline_acc≈1/vocab=0.001420 (vocab_size=704)
--- mqar resolved config (sanity) ---
  experiment.name: archeval_mqar_trans704_ms_window_ws8_o0_o4_seed42
  model.backbone: multiscale_mamba2_window_summary_lm
  model.layer_headdims: [32, 32, 32, 32]
  model.multiscale.fast_layer_headdims: —
  model.multiscale.slow_layer_headdims: [32, 32]
  model.multiscale.window_size: 8
  model.multiscale.offsets: [0, 4]
  model.multiscale.summary_mode: last
  model.multiscale.causal_mode: completed
  model.multiscale.gate_type: vector
  data.input_seq_len: 128
  data.num_kv_pairs: 16
  data.vocab_size: 704
  data.train_examples: 20000  val_examples: 2000  test_examples: 2000
  data.fixed_examples: True
  data.min_query_pos: null
  train.lr: 0.0003
  train.epochs: 20
  num_parameters_trainable: 3961408
  tags(backbone,fusion,stride): multiscale_mamba2_window_summary_lm, window_residual_gated, 
--- end resolved config ---
epoch 1/20 train loss=5.8627 acc=0.0039 em=0.0000 | val loss=5.8816 acc=0.0027 em=0.0000 | random≈0.0014
  saved best_loss.pt (val_answer_loss=5.881632)
  saved best_acc.pt (val_answer_accuracy=0.002687)
epoch 2/20 train loss=5.7979 acc=0.0097 em=0.0000 | val loss=5.8915 acc=0.0035 em=0.0000 | random≈0.0014
  saved best_acc.pt (val_answer_accuracy=0.003531)
epoch 3/20 train loss=5.5370 acc=0.0379 em=0.0000 | val loss=5.9055 acc=0.0150 em=0.0000 | random≈0.0014
  saved best_acc.pt (val_answer_accuracy=0.015000)
epoch 4/20 train loss=5.0725 acc=0.0973 em=0.0000 | val loss=5.9754 acc=0.0159 em=0.0000 | random≈0.0014
  saved best_acc.pt (val_answer_accuracy=0.015906)
epoch 5/20 train loss=4.4644 acc=0.2071 em=0.0000 | val loss=6.1019 acc=0.0135 em=0.0000 | random≈0.0014
early stopping at epoch 5: val answer_loss did not improve by min_delta=0.0001 for 4 epochs
test [best_loss_ckpt] loss=5.880753 acc=0.002719 em=0.000000
test [best_acc_ckpt]  loss=5.969967 acc=0.015625 em=0.000000 random_baseline≈0.001420
done. meta_metrics → /home/jovyan/shares/SR008.fs2/nvidenisov/other/repos/mamba/mamba_multi_scale_get_started/outputs/ArchEval/mqar_trans704_ms_window_ws8_o0_o4_seed42/meta_metrics.csv
