mqar_split_hashes: n_train=256 uniq_train=256 | n_val=128 uniq_val=128 | n_test=128 uniq_test=128
mqar_answer_positions[train]: min=16 mean=16.0000 max=16 (expected 16 per sample)
mqar_answer_positions[val]: min=16 mean=16.0000 max=16 (expected 16 per sample)
mqar_answer_positions[test]: min=16 mean=16.0000 max=16 (expected 16 per sample)
experiment=debug_mqar_transformer_param_match device=cuda:0 out_dir=/home/jovyan/shares/SR008.fs2/nvidenisov/other/repos/mamba/mamba_multi_scale_get_started/outputs/debug_mqar_transformer_param_match
mqar data: fixed_examples=True random_baseline_acc≈1/vocab=0.001953 (vocab_size=512)
--- mqar resolved config (sanity) ---
  experiment.name: debug_mqar_transformer_param_match
  model.backbone: transformer_lm
  model.layer_headdims: —
  model.multiscale.fast_layer_headdims: —
  model.multiscale.slow_layer_headdims: —
  model.multiscale.window_size: —
  model.multiscale.offsets: —
  model.multiscale.summary_mode: —
  model.multiscale.causal_mode: —
  model.multiscale.gate_type: —
  data.input_seq_len: 128
  data.num_kv_pairs: 16
  data.vocab_size: 512
  data.train_examples: 256  val_examples: 128  test_examples: 128
  data.fixed_examples: True
  data.min_query_pos: null
  train.lr: 0.0003
  train.epochs: 1
  num_parameters_trainable: 3071728
  tags(backbone,fusion,stride): transformer_lm, , 
--- end resolved config ---
epoch 1/1 train loss=5.8242 acc=0.0078 em=0.0000 | val loss=5.9972 acc=0.0039 em=0.0000 | random≈0.0020
  saved best_loss.pt (val_answer_loss=5.997242)
  saved best_acc.pt (val_answer_accuracy=0.003906)
test [best_loss_ckpt] loss=5.981804 acc=0.006348 em=0.000000
test [best_acc_ckpt]  loss=5.981804 acc=0.006348 em=0.000000 random_baseline≈0.001953
done. meta_metrics → /home/jovyan/shares/SR008.fs2/nvidenisov/other/repos/mamba/mamba_multi_scale_get_started/outputs/debug_mqar_transformer_param_match/meta_metrics.csv
