mqar_split_hashes: n_train=20000 uniq_train=20000 | n_val=2000 uniq_val=2000 | n_test=2000 uniq_test=2000
mqar_answer_positions[train]: min=16 mean=16.0000 max=16 (expected 16 per sample)
mqar_answer_positions[val]: min=16 mean=16.0000 max=16 (expected 16 per sample)
mqar_answer_positions[test]: min=16 mean=16.0000 max=16 (expected 16 per sample)
experiment=mqar_fail_transformer_param_match_v640_seed43 device=cuda:0 out_dir=/home/jovyan/shares/SR008.fs2/nvidenisov/other/repos/mamba/mamba_multi_scale_get_started/outputs/MQARFailureSweep/mqar_fail_transformer_param_match_v640_seed43
mqar data: fixed_examples=True random_baseline_acc≈1/vocab=0.001563 (vocab_size=640)
--- mqar resolved config (sanity) ---
  experiment.name: mqar_fail_transformer_param_match_v640_seed43
  model.backbone: transformer_lm
  model.layer_headdims: —
  model.multiscale.fast_layer_headdims: —
  model.multiscale.slow_layer_headdims: —
  model.multiscale.window_size: —
  model.multiscale.offsets: —
  model.multiscale.summary_mode: —
  model.multiscale.causal_mode: —
  model.multiscale.gate_type: —
  data.input_seq_len: 128
  data.num_kv_pairs: 16
  data.vocab_size: 640
  data.train_examples: 20000  val_examples: 2000  test_examples: 2000
  data.fixed_examples: True
  data.min_query_pos: null
  train.lr: 0.0003
  train.epochs: 20
  num_parameters_trainable: 3131248
  tags(backbone,fusion,stride): transformer_lm, , 
--- end resolved config ---
epoch 1/20 train loss=5.7797 acc=0.0032 em=0.0000 | val loss=5.7815 acc=0.0029 em=0.0000 | random≈0.0016
  saved best_loss.pt (val_answer_loss=5.781458)
  saved best_acc.pt (val_answer_accuracy=0.002875)
epoch 2/20 train loss=5.7726 acc=0.0041 em=0.0000 | val loss=5.7752 acc=0.0039 em=0.0000 | random≈0.0016
  saved best_loss.pt (val_answer_loss=5.775194)
  saved best_acc.pt (val_answer_accuracy=0.003875)
epoch 3/20 train loss=5.4343 acc=0.0662 em=0.0000 | val loss=5.4826 acc=0.0637 em=0.0000 | random≈0.0016
  saved best_loss.pt (val_answer_loss=5.482583)
  saved best_acc.pt (val_answer_accuracy=0.063687)
epoch 4/20 train loss=4.6476 acc=0.0862 em=0.0000 | val loss=4.7562 acc=0.0739 em=0.0000 | random≈0.0016
  saved best_loss.pt (val_answer_loss=4.756248)
  saved best_acc.pt (val_answer_accuracy=0.073938)
epoch 5/20 train loss=4.1489 acc=0.0950 em=0.0000 | val loss=4.3217 acc=0.0770 em=0.0000 | random≈0.0016
  saved best_loss.pt (val_answer_loss=4.321717)
  saved best_acc.pt (val_answer_accuracy=0.077031)
epoch 6/20 train loss=3.8185 acc=0.1037 em=0.0000 | val loss=4.0578 acc=0.0802 em=0.0000 | random≈0.0016
  saved best_loss.pt (val_answer_loss=4.057759)
  saved best_acc.pt (val_answer_accuracy=0.080219)
epoch 7/20 train loss=3.5901 acc=0.1128 em=0.0000 | val loss=3.8900 acc=0.0793 em=0.0000 | random≈0.0016
  saved best_loss.pt (val_answer_loss=3.889958)
epoch 8/20 train loss=3.4047 acc=0.1272 em=0.0000 | val loss=3.7694 acc=0.0853 em=0.0000 | random≈0.0016
  saved best_loss.pt (val_answer_loss=3.769408)
  saved best_acc.pt (val_answer_accuracy=0.085281)
epoch 9/20 train loss=0.1591 acc=0.9673 em=0.5873 | val loss=0.1861 acc=0.9607 em=0.5240 | random≈0.0016
  saved best_loss.pt (val_answer_loss=0.186085)
  saved best_acc.pt (val_answer_accuracy=0.960719)
epoch 10/20 train loss=0.0009 acc=1.0000 em=0.9999 | val loss=0.0010 acc=1.0000 em=1.0000 | random≈0.0016
  saved best_loss.pt (val_answer_loss=0.000988)
  saved best_acc.pt (val_answer_accuracy=1.000000)
epoch 11/20 train loss=0.0004 acc=1.0000 em=1.0000 | val loss=0.0004 acc=1.0000 em=1.0000 | random≈0.0016
  saved best_loss.pt (val_answer_loss=0.000404)
epoch 12/20 train loss=0.0002 acc=1.0000 em=1.0000 | val loss=0.0002 acc=1.0000 em=1.0000 | random≈0.0016
  saved best_loss.pt (val_answer_loss=0.000240)
epoch 13/20 train loss=0.0002 acc=1.0000 em=1.0000 | val loss=0.0002 acc=1.0000 em=1.0000 | random≈0.0016
epoch 14/20 train loss=0.0001 acc=1.0000 em=1.0000 | val loss=0.0001 acc=1.0000 em=1.0000 | random≈0.0016
  saved best_loss.pt (val_answer_loss=0.000115)
epoch 15/20 train loss=0.0001 acc=1.0000 em=1.0000 | val loss=0.0001 acc=1.0000 em=1.0000 | random≈0.0016
epoch 16/20 train loss=0.0001 acc=1.0000 em=1.0000 | val loss=0.0001 acc=1.0000 em=1.0000 | random≈0.0016
epoch 17/20 train loss=0.0001 acc=1.0000 em=1.0000 | val loss=0.0001 acc=1.0000 em=1.0000 | random≈0.0016
epoch 18/20 train loss=0.0000 acc=1.0000 em=1.0000 | val loss=0.0000 acc=1.0000 em=1.0000 | random≈0.0016
early stopping at epoch 18: val answer_loss did not improve by min_delta=0.0001 for 4 epochs
test [best_loss_ckpt] loss=0.000116 acc=1.000000 em=1.000000
test [best_acc_ckpt]  loss=0.001022 acc=1.000000 em=1.000000 random_baseline≈0.001563
done. meta_metrics → /home/jovyan/shares/SR008.fs2/nvidenisov/other/repos/mamba/mamba_multi_scale_get_started/outputs/MQARFailureSweep/mqar_fail_transformer_param_match_v640_seed43/meta_metrics.csv
