mqar_split_hashes: n_train=20000 uniq_train=20000 | n_val=2000 uniq_val=2000 | n_test=2000 uniq_test=2000
mqar_answer_positions[train]: min=16 mean=16.0000 max=16 (expected 16 per sample)
mqar_answer_positions[val]: min=16 mean=16.0000 max=16 (expected 16 per sample)
mqar_answer_positions[test]: min=16 mean=16.0000 max=16 (expected 16 per sample)
experiment=archeval_mqar_trans704_mamba2_depth4_seed46 device=cuda:0 out_dir=/home/jovyan/shares/SR008.fs2/nvidenisov/other/repos/mamba/mamba_multi_scale_get_started/outputs/ArchEval/mqar_trans704_mamba2_depth4_seed46
mqar data: fixed_examples=True random_baseline_acc≈1/vocab=0.001420 (vocab_size=704)
--- mqar resolved config (sanity) ---
  experiment.name: archeval_mqar_trans704_mamba2_depth4_seed46
  model.backbone: mamba2_lm
  model.layer_headdims: [32, 32, 32, 32]
  model.multiscale.fast_layer_headdims: —
  model.multiscale.slow_layer_headdims: —
  model.multiscale.window_size: —
  model.multiscale.offsets: —
  model.multiscale.summary_mode: —
  model.multiscale.causal_mode: —
  model.multiscale.gate_type: —
  data.input_seq_len: 128
  data.num_kv_pairs: 16
  data.vocab_size: 704
  data.train_examples: 20000  val_examples: 2000  test_examples: 2000
  data.fixed_examples: True
  data.min_query_pos: null
  train.lr: 0.0003
  train.epochs: 20
  num_parameters_trainable: 2030208
  tags(backbone,fusion,stride): mamba2_lm, , 
--- end resolved config ---
epoch 1/20 train loss=5.8700 acc=0.0034 em=0.0000 | val loss=5.8820 acc=0.0028 em=0.0000 | random≈0.0014
  saved best_loss.pt (val_answer_loss=5.881980)
  saved best_acc.pt (val_answer_accuracy=0.002844)
epoch 2/20 train loss=5.8470 acc=0.0053 em=0.0000 | val loss=5.8808 acc=0.0030 em=0.0000 | random≈0.0014
  saved best_loss.pt (val_answer_loss=5.880828)
  saved best_acc.pt (val_answer_accuracy=0.003031)
epoch 3/20 train loss=5.7474 acc=0.0217 em=0.0000 | val loss=5.8713 acc=0.0159 em=0.0000 | random≈0.0014
  saved best_loss.pt (val_answer_loss=5.871300)
  saved best_acc.pt (val_answer_accuracy=0.015906)
epoch 4/20 train loss=5.5327 acc=0.0404 em=0.0000 | val loss=5.8866 acc=0.0222 em=0.0000 | random≈0.0014
  saved best_acc.pt (val_answer_accuracy=0.022219)
epoch 5/20 train loss=5.2006 acc=0.0728 em=0.0000 | val loss=5.9631 acc=0.0210 em=0.0000 | random≈0.0014
epoch 6/20 train loss=4.8123 acc=0.1256 em=0.0000 | val loss=6.0876 acc=0.0163 em=0.0000 | random≈0.0014
epoch 7/20 train loss=4.4146 acc=0.1886 em=0.0000 | val loss=6.2502 acc=0.0119 em=0.0000 | random≈0.0014
early stopping at epoch 7: val answer_loss did not improve by min_delta=0.0001 for 4 epochs
test [best_loss_ckpt] loss=5.875945 acc=0.014844 em=0.000000
test [best_acc_ckpt]  loss=5.890812 acc=0.022062 em=0.000000 random_baseline≈0.001420
done. meta_metrics → /home/jovyan/shares/SR008.fs2/nvidenisov/other/repos/mamba/mamba_multi_scale_get_started/outputs/ArchEval/mqar_trans704_mamba2_depth4_seed46/meta_metrics.csv
