mqar_split_hashes: n_train=20000 uniq_train=20000 | n_val=2000 uniq_val=2000 | n_test=2000 uniq_test=2000
mqar_answer_positions[train]: min=16 mean=16.0000 max=16 (expected 16 per sample)
mqar_answer_positions[val]: min=16 mean=16.0000 max=16 (expected 16 per sample)
mqar_answer_positions[test]: min=16 mean=16.0000 max=16 (expected 16 per sample)
experiment=mqar_fail_ms_gated_right_init_v512_seed46 device=cuda:0 out_dir=/home/jovyan/shares/SR008.fs2/nvidenisov/other/repos/mamba/mamba_multi_scale_get_started/outputs/MQARFailureSweep/mqar_fail_ms_gated_right_init_v512_seed46
mqar data: fixed_examples=True random_baseline_acc≈1/vocab=0.001953 (vocab_size=512)
--- mqar resolved config (sanity) ---
  experiment.name: mqar_fail_ms_gated_right_init_v512_seed46
  model.backbone: multiscale_mamba2_lm
  model.layer_headdims: [32, 32, 32, 32]
  model.multiscale.fast_layer_headdims: [32, 32, 32, 32]
  model.multiscale.slow_layer_headdims: [32, 32]
  model.multiscale.window_size: —
  model.multiscale.offsets: —
  model.multiscale.summary_mode: —
  model.multiscale.causal_mode: —
  model.multiscale.gate_type: —
  data.input_seq_len: 128
  data.num_kv_pairs: 16
  data.vocab_size: 512
  data.train_examples: 20000  val_examples: 2000  test_examples: 2000
  data.fixed_examples: True
  data.min_query_pos: null
  train.lr: 0.0003
  train.epochs: 20
  num_parameters_trainable: 2898336
  tags(backbone,fusion,stride): multiscale_mamba2_lm, gated, 2
--- end resolved config ---
epoch 1/20 train loss=5.5485 acc=0.0049 em=0.0000 | val loss=5.5604 acc=0.0037 em=0.0000 | random≈0.0020
  saved best_loss.pt (val_answer_loss=5.560383)
  saved best_acc.pt (val_answer_accuracy=0.003750)
epoch 2/20 train loss=5.4940 acc=0.0193 em=0.0000 | val loss=5.5370 acc=0.0164 em=0.0000 | random≈0.0020
  saved best_loss.pt (val_answer_loss=5.537010)
  saved best_acc.pt (val_answer_accuracy=0.016438)
epoch 3/20 train loss=5.2068 acc=0.0604 em=0.0000 | val loss=5.3779 acc=0.0505 em=0.0000 | random≈0.0020
  saved best_loss.pt (val_answer_loss=5.377908)
  saved best_acc.pt (val_answer_accuracy=0.050531)
epoch 4/20 train loss=4.0055 acc=0.2582 em=0.0000 | val loss=4.3003 acc=0.2239 em=0.0000 | random≈0.0020
  saved best_loss.pt (val_answer_loss=4.300311)
  saved best_acc.pt (val_answer_accuracy=0.223875)
epoch 5/20 train loss=0.8584 acc=0.8452 em=0.0644 | val loss=1.0278 acc=0.7984 em=0.0240 | random≈0.0020
  saved best_loss.pt (val_answer_loss=1.027812)
  saved best_acc.pt (val_answer_accuracy=0.798438)
epoch 6/20 train loss=0.1089 acc=0.9861 em=0.8008 | val loss=0.1694 acc=0.9680 em=0.5885 | random≈0.0020
  saved best_loss.pt (val_answer_loss=0.169402)
  saved best_acc.pt (val_answer_accuracy=0.968031)
epoch 7/20 train loss=0.0261 acc=0.9984 em=0.9756 | val loss=0.0581 acc=0.9890 em=0.8395 | random≈0.0020
  saved best_loss.pt (val_answer_loss=0.058065)
  saved best_acc.pt (val_answer_accuracy=0.988969)
epoch 8/20 train loss=0.0089 acc=1.0000 em=0.9998 | val loss=0.0286 acc=0.9952 em=0.9265 | random≈0.0020
  saved best_loss.pt (val_answer_loss=0.028569)
  saved best_acc.pt (val_answer_accuracy=0.995188)
epoch 9/20 train loss=0.0049 acc=1.0000 em=1.0000 | val loss=0.0197 acc=0.9967 em=0.9480 | random≈0.0020
  saved best_loss.pt (val_answer_loss=0.019718)
  saved best_acc.pt (val_answer_accuracy=0.996719)
epoch 10/20 train loss=0.0034 acc=1.0000 em=1.0000 | val loss=0.0161 acc=0.9972 em=0.9560 | random≈0.0020
  saved best_loss.pt (val_answer_loss=0.016054)
  saved best_acc.pt (val_answer_accuracy=0.997219)
epoch 11/20 train loss=0.0026 acc=1.0000 em=1.0000 | val loss=0.0140 acc=0.9972 em=0.9560 | random≈0.0020
  saved best_loss.pt (val_answer_loss=0.014037)
epoch 12/20 train loss=0.0020 acc=1.0000 em=1.0000 | val loss=0.0126 acc=0.9976 em=0.9615 | random≈0.0020
  saved best_loss.pt (val_answer_loss=0.012605)
  saved best_acc.pt (val_answer_accuracy=0.997563)
epoch 13/20 train loss=0.0016 acc=1.0000 em=1.0000 | val loss=0.0113 acc=0.9980 em=0.9675 | random≈0.0020
  saved best_loss.pt (val_answer_loss=0.011285)
  saved best_acc.pt (val_answer_accuracy=0.997969)
epoch 14/20 train loss=0.0013 acc=1.0000 em=1.0000 | val loss=0.0103 acc=0.9979 em=0.9670 | random≈0.0020
  saved best_loss.pt (val_answer_loss=0.010333)
epoch 15/20 train loss=0.0011 acc=1.0000 em=1.0000 | val loss=0.0096 acc=0.9981 em=0.9700 | random≈0.0020
  saved best_loss.pt (val_answer_loss=0.009564)
  saved best_acc.pt (val_answer_accuracy=0.998125)
epoch 16/20 train loss=0.0009 acc=1.0000 em=1.0000 | val loss=0.0090 acc=0.9981 em=0.9690 | random≈0.0020
  saved best_loss.pt (val_answer_loss=0.008958)
epoch 17/20 train loss=0.0008 acc=1.0000 em=1.0000 | val loss=0.0083 acc=0.9982 em=0.9710 | random≈0.0020
  saved best_loss.pt (val_answer_loss=0.008336)
epoch 18/20 train loss=0.0007 acc=1.0000 em=1.0000 | val loss=0.0079 acc=0.9983 em=0.9725 | random≈0.0020
  saved best_loss.pt (val_answer_loss=0.007930)
  saved best_acc.pt (val_answer_accuracy=0.998281)
epoch 19/20 train loss=0.0006 acc=1.0000 em=1.0000 | val loss=0.0076 acc=0.9982 em=0.9710 | random≈0.0020
  saved best_loss.pt (val_answer_loss=0.007556)
epoch 20/20 train loss=0.0005 acc=1.0000 em=1.0000 | val loss=0.0071 acc=0.9982 em=0.9710 | random≈0.0020
  saved best_loss.pt (val_answer_loss=0.007129)
test [best_loss_ckpt] loss=0.006568 acc=0.998250 em=0.972500
test [best_acc_ckpt]  loss=0.007232 acc=0.998219 em=0.972000 random_baseline≈0.001953
done. meta_metrics → /home/jovyan/shares/SR008.fs2/nvidenisov/other/repos/mamba/mamba_multi_scale_get_started/outputs/MQARFailureSweep/mqar_fail_ms_gated_right_init_v512_seed46/meta_metrics.csv
