mqar_split_hashes: n_train=20000 uniq_train=20000 | n_val=2000 uniq_val=2000 | n_test=2000 uniq_test=2000
mqar_answer_positions[train]: min=16 mean=16.0000 max=16 (expected 16 per sample)
mqar_answer_positions[val]: min=16 mean=16.0000 max=16 (expected 16 per sample)
mqar_answer_positions[test]: min=16 mean=16.0000 max=16 (expected 16 per sample)
experiment=mqar_sweep_A_ms_gated_stride2_L128_minNone_kv16_vocab512_train20000_seed42 device=cuda:0 out_dir=/home/jovyan/shares/SR008.fs2/nvidenisov/other/repos/mamba/mamba_multi_scale_get_started/outputs/MQAR/mqar_sweep_A_ms_gated_stride2_L128_minNone_kv16_vocab512_train20000_seed42
mqar data: fixed_examples=True random_baseline_acc≈1/vocab=0.001953 (vocab_size=512)
--- mqar resolved config (sanity) ---
  experiment.name: mqar_sweep_A_ms_gated_stride2_L128_minNone_kv16_vocab512_train20000_seed42
  model.backbone: multiscale_mamba2_lm
  model.layer_headdims: [32, 32, 32, 32]
  model.multiscale.fast_layer_headdims: [32, 32, 32, 32]
  model.multiscale.slow_layer_headdims: [32, 32]
  data.input_seq_len: 128
  data.num_kv_pairs: 16
  data.vocab_size: 512
  data.train_examples: 20000  val_examples: 2000  test_examples: 2000
  data.fixed_examples: True
  data.min_query_pos: null
  train.lr: 0.0003
  train.epochs: 20
  num_parameters_trainable: 2898336
  tags(backbone,fusion,stride): multiscale_mamba2_lm, gated, 2
--- end resolved config ---
epoch 1/20 train loss=5.5490 acc=0.0051 em=0.0000 | val loss=5.5612 acc=0.0044 em=0.0000 | random≈0.0020
  saved best_loss.pt (val_answer_loss=5.561171)
  saved best_acc.pt (val_answer_accuracy=0.004406)
epoch 2/20 train loss=5.4581 acc=0.0348 em=0.0000 | val loss=5.5022 acc=0.0323 em=0.0000 | random≈0.0020
  saved best_loss.pt (val_answer_loss=5.502168)
  saved best_acc.pt (val_answer_accuracy=0.032313)
epoch 3/20 train loss=5.2080 acc=0.0619 em=0.0000 | val loss=5.3495 acc=0.0541 em=0.0000 | random≈0.0020
  saved best_loss.pt (val_answer_loss=5.349513)
  saved best_acc.pt (val_answer_accuracy=0.054125)
epoch 4/20 train loss=4.7348 acc=0.0944 em=0.0000 | val loss=5.0733 acc=0.0616 em=0.0000 | random≈0.0020
  saved best_loss.pt (val_answer_loss=5.073253)
  saved best_acc.pt (val_answer_accuracy=0.061562)
epoch 5/20 train loss=2.2280 acc=0.5548 em=0.0000 | val loss=2.5782 acc=0.4671 em=0.0000 | random≈0.0020
  saved best_loss.pt (val_answer_loss=2.578170)
  saved best_acc.pt (val_answer_accuracy=0.467062)
epoch 6/20 train loss=0.2114 acc=0.9701 em=0.6186 | val loss=0.3132 acc=0.9414 em=0.3895 | random≈0.0020
  saved best_loss.pt (val_answer_loss=0.313206)
  saved best_acc.pt (val_answer_accuracy=0.941375)
epoch 7/20 train loss=0.0347 acc=0.9986 em=0.9781 | val loss=0.0719 acc=0.9892 em=0.8405 | random≈0.0020
  saved best_loss.pt (val_answer_loss=0.071913)
  saved best_acc.pt (val_answer_accuracy=0.989219)
epoch 8/20 train loss=0.0122 acc=1.0000 em=0.9999 | val loss=0.0351 acc=0.9950 em=0.9250 | random≈0.0020
  saved best_loss.pt (val_answer_loss=0.035113)
  saved best_acc.pt (val_answer_accuracy=0.995031)
epoch 9/20 train loss=0.0070 acc=1.0000 em=1.0000 | val loss=0.0238 acc=0.9969 em=0.9530 | random≈0.0020
  saved best_loss.pt (val_answer_loss=0.023783)
  saved best_acc.pt (val_answer_accuracy=0.996906)
epoch 10/20 train loss=0.0048 acc=1.0000 em=1.0000 | val loss=0.0188 acc=0.9974 em=0.9600 | random≈0.0020
  saved best_loss.pt (val_answer_loss=0.018775)
  saved best_acc.pt (val_answer_accuracy=0.997406)
epoch 11/20 train loss=0.0036 acc=1.0000 em=1.0000 | val loss=0.0157 acc=0.9976 em=0.9630 | random≈0.0020
  saved best_loss.pt (val_answer_loss=0.015672)
  saved best_acc.pt (val_answer_accuracy=0.997625)
epoch 12/20 train loss=0.0028 acc=1.0000 em=1.0000 | val loss=0.0132 acc=0.9981 em=0.9695 | random≈0.0020
  saved best_loss.pt (val_answer_loss=0.013247)
  saved best_acc.pt (val_answer_accuracy=0.998062)
epoch 13/20 train loss=0.0023 acc=1.0000 em=1.0000 | val loss=0.0118 acc=0.9982 em=0.9715 | random≈0.0020
  saved best_loss.pt (val_answer_loss=0.011795)
epoch 14/20 train loss=0.0019 acc=1.0000 em=1.0000 | val loss=0.0104 acc=0.9985 em=0.9770 | random≈0.0020
  saved best_loss.pt (val_answer_loss=0.010363)
  saved best_acc.pt (val_answer_accuracy=0.998531)
epoch 15/20 train loss=0.0016 acc=1.0000 em=1.0000 | val loss=0.0093 acc=0.9985 em=0.9765 | random≈0.0020
  saved best_loss.pt (val_answer_loss=0.009287)
epoch 16/20 train loss=0.0013 acc=1.0000 em=1.0000 | val loss=0.0085 acc=0.9985 em=0.9765 | random≈0.0020
  saved best_loss.pt (val_answer_loss=0.008457)
epoch 17/20 train loss=0.0011 acc=1.0000 em=1.0000 | val loss=0.0076 acc=0.9987 em=0.9790 | random≈0.0020
  saved best_loss.pt (val_answer_loss=0.007641)
  saved best_acc.pt (val_answer_accuracy=0.998656)
epoch 18/20 train loss=0.0010 acc=1.0000 em=1.0000 | val loss=0.0070 acc=0.9988 em=0.9815 | random≈0.0020
  saved best_loss.pt (val_answer_loss=0.007020)
  saved best_acc.pt (val_answer_accuracy=0.998812)
epoch 19/20 train loss=0.0009 acc=1.0000 em=1.0000 | val loss=0.0065 acc=0.9987 em=0.9800 | random≈0.0020
  saved best_loss.pt (val_answer_loss=0.006542)
epoch 20/20 train loss=0.0007 acc=1.0000 em=1.0000 | val loss=0.0060 acc=0.9988 em=0.9815 | random≈0.0020
  saved best_loss.pt (val_answer_loss=0.006017)
test [best_loss_ckpt] loss=0.006944 acc=0.998844 em=0.981500
test [best_acc_ckpt]  loss=0.008079 acc=0.998563 em=0.977500 random_baseline≈0.001953
done. meta_metrics → /home/jovyan/shares/SR008.fs2/nvidenisov/other/repos/mamba/mamba_multi_scale_get_started/outputs/MQAR/mqar_sweep_A_ms_gated_stride2_L128_minNone_kv16_vocab512_train20000_seed42/meta_metrics.csv
