experiment=mqar_mamba2_depth4_len128 device=cuda:0 out_dir=/home/jovyan/shares/SR008.fs2/nvidenisov/other/repos/mamba/mamba_multi_scale_get_started/outputs/MQAR/mqar_mamba2_depth4_len128
mqar data: fixed_examples=True random_baseline_acc≈1/vocab=0.000977 (vocab_size=1024)
epoch 1/10 train loss=6.2738 acc=0.0036 em=0.0000 | val loss=6.3260 acc=0.0017 em=0.0000 | random≈0.0010
  saved best.pt (val_answer_loss=6.326015)
epoch 2/10 train loss=6.1896 acc=0.0060 em=0.0000 | val loss=6.2794 acc=0.0025 em=0.0000 | random≈0.0010
  saved best.pt (val_answer_loss=6.279384)
epoch 3/10 train loss=6.0423 acc=0.0162 em=0.0000 | val loss=6.3378 acc=0.0022 em=0.0000 | random≈0.0010
epoch 4/10 train loss=5.7926 acc=0.0476 em=0.0000 | val loss=6.3693 acc=0.0026 em=0.0000 | random≈0.0010
epoch 5/10 train loss=5.4508 acc=0.1154 em=0.0000 | val loss=6.4163 acc=0.0026 em=0.0000 | random≈0.0010
early stopping at epoch 5: val answer_loss did not improve by min_delta=0.0001 for 3 epochs
test answer_loss=6.283537 test_acc=0.001500 test_em=0.000000 random_baseline≈0.000977
done. meta_metrics → /home/jovyan/shares/SR008.fs2/nvidenisov/other/repos/mamba/mamba_multi_scale_get_started/outputs/MQAR/mqar_mamba2_depth4_len128/meta_metrics.csv
experiment=mqar_mamba2_depth4_len128 device=cuda:0 out_dir=/home/jovyan/shares/SR008.fs2/nvidenisov/other/repos/mamba/mamba_multi_scale_get_started/outputs/MQAR/mqar_mamba2_depth4_len128
mqar data: fixed_examples=True random_baseline_acc≈1/vocab=0.000977 (vocab_size=1024)
epoch 1/10 train loss=6.2738 acc=0.0036 em=0.0000 | val loss=6.3260 acc=0.0017 em=0.0000 | random≈0.0010
  saved best.pt (val_answer_loss=6.326015)
epoch 2/10 train loss=6.1896 acc=0.0060 em=0.0000 | val loss=6.2794 acc=0.0025 em=0.0000 | random≈0.0010
  saved best.pt (val_answer_loss=6.279384)
epoch 3/10 train loss=6.0423 acc=0.0162 em=0.0000 | val loss=6.3378 acc=0.0022 em=0.0000 | random≈0.0010
epoch 4/10 train loss=5.7926 acc=0.0476 em=0.0000 | val loss=6.3693 acc=0.0026 em=0.0000 | random≈0.0010
epoch 5/10 train loss=5.4508 acc=0.1154 em=0.0000 | val loss=6.4163 acc=0.0026 em=0.0000 | random≈0.0010
early stopping at epoch 5: val answer_loss did not improve by min_delta=0.0001 for 3 epochs
test answer_loss=6.283537 test_acc=0.001500 test_em=0.000000 random_baseline≈0.000977
done. meta_metrics → /home/jovyan/shares/SR008.fs2/nvidenisov/other/repos/mamba/mamba_multi_scale_get_started/outputs/MQAR/mqar_mamba2_depth4_len128/meta_metrics.csv
mqar_split_hashes: n_train=20000 uniq_train=20000 | n_val=2000 uniq_val=2000 | n_test=2000 uniq_test=2000
mqar_answer_positions[train]: min=16 mean=16.0000 max=16 (expected 16 per sample)
mqar_answer_positions[val]: min=16 mean=16.0000 max=16 (expected 16 per sample)
mqar_answer_positions[test]: min=16 mean=16.0000 max=16 (expected 16 per sample)
dumped MQAR samples (n=5) to /home/jovyan/shares/SR008.fs2/nvidenisov/other/repos/mamba/mamba_multi_scale_get_started/outputs/MQAR/mqar_mamba2_depth4_len128/samples_train.txt, /home/jovyan/shares/SR008.fs2/nvidenisov/other/repos/mamba/mamba_multi_scale_get_started/outputs/MQAR/mqar_mamba2_depth4_len128/samples_val.txt, /home/jovyan/shares/SR008.fs2/nvidenisov/other/repos/mamba/mamba_multi_scale_get_started/outputs/MQAR/mqar_mamba2_depth4_len128/samples_test.txt
experiment=mqar_mamba2_depth4_len128 device=cuda:0 out_dir=/home/jovyan/shares/SR008.fs2/nvidenisov/other/repos/mamba/mamba_multi_scale_get_started/outputs/MQAR/mqar_mamba2_depth4_len128
mqar data: fixed_examples=True random_baseline_acc≈1/vocab=0.001563 (vocab_size=640)
--- mqar resolved config (sanity) ---
  experiment.name: mqar_mamba2_depth4_len128
  model.backbone: mamba2_lm
  model.layer_headdims: [32, 32, 32, 32]
  model.multiscale.fast_layer_headdims: —
  model.multiscale.slow_layer_headdims: —
  data.input_seq_len: 128
  data.num_kv_pairs: 16
  data.vocab_size: 640
  data.train_examples: 20000  val_examples: 2000  test_examples: 2000
  data.fixed_examples: True
  train.lr: 0.0003
  train.epochs: 1
  num_parameters_trainable: 1997376
  tags(backbone,fusion,stride): mamba2_lm, , 
--- end resolved config ---
epoch 1/1 train loss=5.7745 acc=0.0040 em=0.0000 | val loss=5.7878 acc=0.0035 em=0.0000 | random≈0.0016
  saved best_loss.pt (val_answer_loss=5.787779)
  saved best_acc.pt (val_answer_accuracy=0.003469)
test [best_loss_ckpt] loss=5.786672 acc=0.002812 em=0.000000
test [best_acc_ckpt]  loss=5.786672 acc=0.002812 em=0.000000 random_baseline≈0.001563
done. meta_metrics → /home/jovyan/shares/SR008.fs2/nvidenisov/other/repos/mamba/mamba_multi_scale_get_started/outputs/MQAR/mqar_mamba2_depth4_len128/meta_metrics.csv
