mqar_split_hashes: n_train=20000 uniq_train=20000 | n_val=2000 uniq_val=2000 | n_test=2000 uniq_test=2000
mqar_answer_positions[train]: min=16 mean=16.0000 max=16 (expected 16 per sample)
mqar_answer_positions[val]: min=16 mean=16.0000 max=16 (expected 16 per sample)
mqar_answer_positions[test]: min=16 mean=16.0000 max=16 (expected 16 per sample)
experiment=mqar_fail_mamba2_slow_init_v640_seed43 device=cuda:0 out_dir=/home/jovyan/shares/SR008.fs2/nvidenisov/other/repos/mamba/mamba_multi_scale_get_started/outputs/MQARFailureSweep/mqar_fail_mamba2_slow_init_v640_seed43
mqar data: fixed_examples=True random_baseline_acc≈1/vocab=0.001563 (vocab_size=640)
--- mqar resolved config (sanity) ---
  experiment.name: mqar_fail_mamba2_slow_init_v640_seed43
  model.backbone: mamba2_lm
  model.layer_headdims: [32, 32, 32, 32]
  model.multiscale.fast_layer_headdims: —
  model.multiscale.slow_layer_headdims: —
  model.multiscale.window_size: —
  model.multiscale.offsets: —
  model.multiscale.summary_mode: —
  model.multiscale.causal_mode: —
  model.multiscale.gate_type: —
  data.input_seq_len: 128
  data.num_kv_pairs: 16
  data.vocab_size: 640
  data.train_examples: 20000  val_examples: 2000  test_examples: 2000
  data.fixed_examples: True
  data.min_query_pos: null
  train.lr: 0.0003
  train.epochs: 20
  num_parameters_trainable: 1997376
  tags(backbone,fusion,stride): mamba2_lm, , 
--- end resolved config ---
epoch 1/20 train loss=5.7733 acc=0.0040 em=0.0000 | val loss=5.7839 acc=0.0034 em=0.0000 | random≈0.0016
  saved best_loss.pt (val_answer_loss=5.783945)
  saved best_acc.pt (val_answer_accuracy=0.003438)
epoch 2/20 train loss=5.7225 acc=0.0174 em=0.0000 | val loss=5.7576 acc=0.0159 em=0.0000 | random≈0.0016
  saved best_loss.pt (val_answer_loss=5.757569)
  saved best_acc.pt (val_answer_accuracy=0.015875)
epoch 3/20 train loss=5.4537 acc=0.0577 em=0.0000 | val loss=5.5855 acc=0.0503 em=0.0000 | random≈0.0016
  saved best_loss.pt (val_answer_loss=5.585451)
  saved best_acc.pt (val_answer_accuracy=0.050313)
epoch 4/20 train loss=4.7399 acc=0.1329 em=0.0000 | val loss=5.0054 acc=0.1008 em=0.0000 | random≈0.0016
  saved best_loss.pt (val_answer_loss=5.005360)
  saved best_acc.pt (val_answer_accuracy=0.100750)
epoch 5/20 train loss=1.5032 acc=0.6972 em=0.0014 | val loss=1.6805 acc=0.6469 em=0.0000 | random≈0.0016
  saved best_loss.pt (val_answer_loss=1.680455)
  saved best_acc.pt (val_answer_accuracy=0.646906)
epoch 6/20 train loss=0.1786 acc=0.9757 em=0.6796 | val loss=0.2448 acc=0.9568 em=0.5010 | random≈0.0016
  saved best_loss.pt (val_answer_loss=0.244849)
  saved best_acc.pt (val_answer_accuracy=0.956781)
epoch 7/20 train loss=0.0369 acc=0.9976 em=0.9626 | val loss=0.0714 acc=0.9880 em=0.8225 | random≈0.0016
  saved best_loss.pt (val_answer_loss=0.071375)
  saved best_acc.pt (val_answer_accuracy=0.987969)
epoch 8/20 train loss=0.0130 acc=0.9999 em=0.9983 | val loss=0.0359 acc=0.9938 em=0.9080 | random≈0.0016
  saved best_loss.pt (val_answer_loss=0.035931)
  saved best_acc.pt (val_answer_accuracy=0.993844)
epoch 9/20 train loss=0.0067 acc=1.0000 em=1.0000 | val loss=0.0243 acc=0.9952 em=0.9265 | random≈0.0016
  saved best_loss.pt (val_answer_loss=0.024281)
  saved best_acc.pt (val_answer_accuracy=0.995188)
epoch 10/20 train loss=0.0046 acc=1.0000 em=1.0000 | val loss=0.0193 acc=0.9958 em=0.9365 | random≈0.0016
  saved best_loss.pt (val_answer_loss=0.019295)
  saved best_acc.pt (val_answer_accuracy=0.995812)
epoch 11/20 train loss=0.0034 acc=1.0000 em=1.0000 | val loss=0.0167 acc=0.9962 em=0.9415 | random≈0.0016
  saved best_loss.pt (val_answer_loss=0.016724)
  saved best_acc.pt (val_answer_accuracy=0.996219)
epoch 12/20 train loss=0.0027 acc=1.0000 em=1.0000 | val loss=0.0149 acc=0.9964 em=0.9445 | random≈0.0016
  saved best_loss.pt (val_answer_loss=0.014922)
  saved best_acc.pt (val_answer_accuracy=0.996406)
epoch 13/20 train loss=0.0021 acc=1.0000 em=1.0000 | val loss=0.0133 acc=0.9966 em=0.9480 | random≈0.0016
  saved best_loss.pt (val_answer_loss=0.013260)
  saved best_acc.pt (val_answer_accuracy=0.996594)
epoch 14/20 train loss=0.0018 acc=1.0000 em=1.0000 | val loss=0.0121 acc=0.9969 em=0.9535 | random≈0.0016
  saved best_loss.pt (val_answer_loss=0.012112)
  saved best_acc.pt (val_answer_accuracy=0.996906)
epoch 15/20 train loss=0.0015 acc=1.0000 em=1.0000 | val loss=0.0112 acc=0.9971 em=0.9555 | random≈0.0016
  saved best_loss.pt (val_answer_loss=0.011188)
  saved best_acc.pt (val_answer_accuracy=0.997094)
epoch 16/20 train loss=0.0012 acc=1.0000 em=1.0000 | val loss=0.0104 acc=0.9974 em=0.9605 | random≈0.0016
  saved best_loss.pt (val_answer_loss=0.010394)
  saved best_acc.pt (val_answer_accuracy=0.997437)
epoch 17/20 train loss=0.0011 acc=1.0000 em=1.0000 | val loss=0.0095 acc=0.9974 em=0.9600 | random≈0.0016
  saved best_loss.pt (val_answer_loss=0.009529)
epoch 18/20 train loss=0.0009 acc=1.0000 em=1.0000 | val loss=0.0091 acc=0.9976 em=0.9635 | random≈0.0016
  saved best_loss.pt (val_answer_loss=0.009102)
  saved best_acc.pt (val_answer_accuracy=0.997625)
epoch 19/20 train loss=0.0008 acc=1.0000 em=1.0000 | val loss=0.0086 acc=0.9977 em=0.9635 | random≈0.0016
  saved best_loss.pt (val_answer_loss=0.008553)
epoch 20/20 train loss=0.0007 acc=1.0000 em=1.0000 | val loss=0.0080 acc=0.9978 em=0.9660 | random≈0.0016
  saved best_loss.pt (val_answer_loss=0.008020)
  saved best_acc.pt (val_answer_accuracy=0.997844)
test [best_loss_ckpt] loss=0.007507 acc=0.998250 em=0.972500
test [best_acc_ckpt]  loss=0.007507 acc=0.998250 em=0.972500 random_baseline≈0.001563
done. meta_metrics → /home/jovyan/shares/SR008.fs2/nvidenisov/other/repos/mamba/mamba_multi_scale_get_started/outputs/MQARFailureSweep/mqar_fail_mamba2_slow_init_v640_seed43/meta_metrics.csv
