mqar_split_hashes: n_train=20000 uniq_train=20000 | n_val=2000 uniq_val=2000 | n_test=2000 uniq_test=2000
mqar_answer_positions[train]: min=16 mean=16.0000 max=16 (expected 16 per sample)
mqar_answer_positions[val]: min=16 mean=16.0000 max=16 (expected 16 per sample)
mqar_answer_positions[test]: min=16 mean=16.0000 max=16 (expected 16 per sample)
experiment=archeval_mqar_trans768_mamba2_slow_init_seed45 device=cuda:0 out_dir=/home/jovyan/shares/SR008.fs2/nvidenisov/other/repos/mamba/mamba_multi_scale_get_started/outputs/ArchEval/mqar_trans768_mamba2_slow_init_seed45
mqar data: fixed_examples=True random_baseline_acc≈1/vocab=0.001302 (vocab_size=768)
--- mqar resolved config (sanity) ---
  experiment.name: archeval_mqar_trans768_mamba2_slow_init_seed45
  model.backbone: mamba2_lm
  model.layer_headdims: [32, 32, 32, 32]
  model.multiscale.fast_layer_headdims: —
  model.multiscale.slow_layer_headdims: —
  model.multiscale.window_size: —
  model.multiscale.offsets: —
  model.multiscale.summary_mode: —
  model.multiscale.causal_mode: —
  model.multiscale.gate_type: —
  data.input_seq_len: 128
  data.num_kv_pairs: 16
  data.vocab_size: 768
  data.train_examples: 20000  val_examples: 2000  test_examples: 2000
  data.fixed_examples: True
  data.min_query_pos: null
  train.lr: 0.0003
  train.epochs: 20
  num_parameters_trainable: 2063040
  tags(backbone,fusion,stride): mamba2_lm, , 
--- end resolved config ---
epoch 1/20 train loss=5.9547 acc=0.0032 em=0.0000 | val loss=5.9680 acc=0.0030 em=0.0000 | random≈0.0013
  saved best_loss.pt (val_answer_loss=5.968049)
  saved best_acc.pt (val_answer_accuracy=0.003031)
epoch 2/20 train loss=5.9271 acc=0.0068 em=0.0000 | val loss=5.9660 acc=0.0052 em=0.0000 | random≈0.0013
  saved best_loss.pt (val_answer_loss=5.966004)
  saved best_acc.pt (val_answer_accuracy=0.005156)
epoch 3/20 train loss=5.8159 acc=0.0217 em=0.0000 | val loss=5.9607 acc=0.0146 em=0.0000 | random≈0.0013
  saved best_loss.pt (val_answer_loss=5.960712)
  saved best_acc.pt (val_answer_accuracy=0.014594)
epoch 4/20 train loss=5.5052 acc=0.0560 em=0.0000 | val loss=5.9254 acc=0.0352 em=0.0000 | random≈0.0013
  saved best_loss.pt (val_answer_loss=5.925430)
  saved best_acc.pt (val_answer_accuracy=0.035250)
epoch 5/20 train loss=5.0458 acc=0.1168 em=0.0000 | val loss=5.8269 acc=0.0627 em=0.0000 | random≈0.0013
  saved best_loss.pt (val_answer_loss=5.826887)
  saved best_acc.pt (val_answer_accuracy=0.062687)
epoch 6/20 train loss=4.1293 acc=0.2700 em=0.0000 | val loss=5.0482 acc=0.1677 em=0.0000 | random≈0.0013
  saved best_loss.pt (val_answer_loss=5.048224)
  saved best_acc.pt (val_answer_accuracy=0.167656)
epoch 7/20 train loss=1.7604 acc=0.6908 em=0.0015 | val loss=2.3918 acc=0.5389 em=0.0000 | random≈0.0013
  saved best_loss.pt (val_answer_loss=2.391780)
  saved best_acc.pt (val_answer_accuracy=0.538906)
epoch 8/20 train loss=0.3073 acc=0.9628 em=0.5531 | val loss=0.5403 acc=0.9005 em=0.1875 | random≈0.0013
  saved best_loss.pt (val_answer_loss=0.540347)
  saved best_acc.pt (val_answer_accuracy=0.900531)
epoch 9/20 train loss=0.0716 acc=0.9955 em=0.9318 | val loss=0.1630 acc=0.9718 em=0.6340 | random≈0.0013
  saved best_loss.pt (val_answer_loss=0.162990)
  saved best_acc.pt (val_answer_accuracy=0.971844)
epoch 10/20 train loss=0.0247 acc=0.9999 em=0.9977 | val loss=0.0784 acc=0.9869 em=0.8085 | random≈0.0013
  saved best_loss.pt (val_answer_loss=0.078373)
  saved best_acc.pt (val_answer_accuracy=0.986938)
epoch 11/20 train loss=0.0132 acc=1.0000 em=0.9999 | val loss=0.0527 acc=0.9921 em=0.8780 | random≈0.0013
  saved best_loss.pt (val_answer_loss=0.052690)
  saved best_acc.pt (val_answer_accuracy=0.992125)
epoch 12/20 train loss=0.0090 acc=1.0000 em=1.0000 | val loss=0.0419 acc=0.9931 em=0.8935 | random≈0.0013
  saved best_loss.pt (val_answer_loss=0.041878)
  saved best_acc.pt (val_answer_accuracy=0.993125)
epoch 13/20 train loss=0.0067 acc=1.0000 em=1.0000 | val loss=0.0358 acc=0.9943 em=0.9115 | random≈0.0013
  saved best_loss.pt (val_answer_loss=0.035768)
  saved best_acc.pt (val_answer_accuracy=0.994344)
epoch 14/20 train loss=0.0053 acc=1.0000 em=1.0000 | val loss=0.0310 acc=0.9948 em=0.9190 | random≈0.0013
  saved best_loss.pt (val_answer_loss=0.031017)
  saved best_acc.pt (val_answer_accuracy=0.994844)
epoch 15/20 train loss=0.0043 acc=1.0000 em=1.0000 | val loss=0.0275 acc=0.9954 em=0.9290 | random≈0.0013
  saved best_loss.pt (val_answer_loss=0.027510)
  saved best_acc.pt (val_answer_accuracy=0.995437)
epoch 16/20 train loss=0.0036 acc=1.0000 em=1.0000 | val loss=0.0246 acc=0.9959 em=0.9360 | random≈0.0013
  saved best_loss.pt (val_answer_loss=0.024592)
  saved best_acc.pt (val_answer_accuracy=0.995906)
epoch 17/20 train loss=0.0030 acc=1.0000 em=1.0000 | val loss=0.0224 acc=0.9961 em=0.9395 | random≈0.0013
  saved best_loss.pt (val_answer_loss=0.022411)
  saved best_acc.pt (val_answer_accuracy=0.996125)
epoch 18/20 train loss=0.0026 acc=1.0000 em=1.0000 | val loss=0.0206 acc=0.9966 em=0.9470 | random≈0.0013
  saved best_loss.pt (val_answer_loss=0.020584)
  saved best_acc.pt (val_answer_accuracy=0.996625)
epoch 19/20 train loss=0.0022 acc=1.0000 em=1.0000 | val loss=0.0188 acc=0.9969 em=0.9515 | random≈0.0013
  saved best_loss.pt (val_answer_loss=0.018825)
  saved best_acc.pt (val_answer_accuracy=0.996906)
epoch 20/20 train loss=0.0019 acc=1.0000 em=1.0000 | val loss=0.0172 acc=0.9971 em=0.9540 | random≈0.0013
  saved best_loss.pt (val_answer_loss=0.017162)
  saved best_acc.pt (val_answer_accuracy=0.997062)
test [best_loss_ckpt] loss=0.017236 acc=0.997031 em=0.955000
test [best_acc_ckpt]  loss=0.017236 acc=0.997031 em=0.955000 random_baseline≈0.001302
done. meta_metrics → /home/jovyan/shares/SR008.fs2/nvidenisov/other/repos/mamba/mamba_multi_scale_get_started/outputs/ArchEval/mqar_trans768_mamba2_slow_init_seed45/meta_metrics.csv
