mqar_split_hashes: n_train=20000 uniq_train=20000 | n_val=2000 uniq_val=2000 | n_test=2000 uniq_test=2000
mqar_answer_positions[train]: min=16 mean=16.0000 max=16 (expected 16 per sample)
mqar_answer_positions[val]: min=16 mean=16.0000 max=16 (expected 16 per sample)
mqar_answer_positions[test]: min=16 mean=16.0000 max=16 (expected 16 per sample)
experiment=archeval_mqar_trans768_transformer_latency_match_seed42 device=cuda:0 out_dir=/home/jovyan/shares/SR008.fs2/nvidenisov/other/repos/mamba/mamba_multi_scale_get_started/outputs/ArchEval/mqar_trans768_transformer_latency_match_seed42
mqar data: fixed_examples=True random_baseline_acc≈1/vocab=0.001302 (vocab_size=768)
--- mqar resolved config (sanity) ---
  experiment.name: archeval_mqar_trans768_transformer_latency_match_seed42
  model.backbone: transformer_lm
  model.layer_headdims: —
  model.multiscale.fast_layer_headdims: —
  model.multiscale.slow_layer_headdims: —
  model.multiscale.window_size: —
  model.multiscale.offsets: —
  model.multiscale.summary_mode: —
  model.multiscale.causal_mode: —
  model.multiscale.gate_type: —
  data.input_seq_len: 128
  data.num_kv_pairs: 16
  data.vocab_size: 768
  data.train_examples: 20000  val_examples: 2000  test_examples: 2000
  data.fixed_examples: True
  data.min_query_pos: null
  train.lr: 0.0003
  train.epochs: 20
  num_parameters_trainable: 1827264
  tags(backbone,fusion,stride): transformer_lm, , 
--- end resolved config ---
epoch 1/20 train loss=5.9638 acc=0.0027 em=0.0000 | val loss=5.9668 acc=0.0025 em=0.0000 | random≈0.0013
  saved best_loss.pt (val_answer_loss=5.966775)
  saved best_acc.pt (val_answer_accuracy=0.002469)
epoch 2/20 train loss=5.9569 acc=0.0029 em=0.0000 | val loss=5.9603 acc=0.0024 em=0.0000 | random≈0.0013
  saved best_loss.pt (val_answer_loss=5.960279)
epoch 3/20 train loss=5.9507 acc=0.0034 em=0.0000 | val loss=5.9558 acc=0.0029 em=0.0000 | random≈0.0013
  saved best_loss.pt (val_answer_loss=5.955826)
  saved best_acc.pt (val_answer_accuracy=0.002875)
epoch 4/20 train loss=5.6696 acc=0.0605 em=0.0000 | val loss=5.7247 acc=0.0572 em=0.0000 | random≈0.0013
  saved best_loss.pt (val_answer_loss=5.724733)
  saved best_acc.pt (val_answer_accuracy=0.057156)
epoch 5/20 train loss=5.1494 acc=0.0810 em=0.0000 | val loss=5.2570 acc=0.0718 em=0.0000 | random≈0.0013
  saved best_loss.pt (val_answer_loss=5.256971)
  saved best_acc.pt (val_answer_accuracy=0.071813)
epoch 6/20 train loss=4.7512 acc=0.0892 em=0.0000 | val loss=4.9096 acc=0.0733 em=0.0000 | random≈0.0013
  saved best_loss.pt (val_answer_loss=4.909640)
  saved best_acc.pt (val_answer_accuracy=0.073281)
epoch 7/20 train loss=4.4342 acc=0.0983 em=0.0000 | val loss=4.6496 acc=0.0746 em=0.0000 | random≈0.0013
  saved best_loss.pt (val_answer_loss=4.649568)
  saved best_acc.pt (val_answer_accuracy=0.074625)
epoch 8/20 train loss=4.1355 acc=0.1183 em=0.0000 | val loss=4.4022 acc=0.0870 em=0.0000 | random≈0.0013
  saved best_loss.pt (val_answer_loss=4.402155)
  saved best_acc.pt (val_answer_accuracy=0.087031)
epoch 9/20 train loss=0.0330 acc=0.9988 em=0.9811 | val loss=0.0361 acc=0.9986 em=0.9780 | random≈0.0013
  saved best_loss.pt (val_answer_loss=0.036060)
  saved best_acc.pt (val_answer_accuracy=0.998625)
epoch 10/20 train loss=0.0029 acc=1.0000 em=0.9999 | val loss=0.0031 acc=1.0000 em=1.0000 | random≈0.0013
  saved best_loss.pt (val_answer_loss=0.003077)
  saved best_acc.pt (val_answer_accuracy=1.000000)
epoch 11/20 train loss=0.0011 acc=1.0000 em=1.0000 | val loss=0.0011 acc=1.0000 em=1.0000 | random≈0.0013
  saved best_loss.pt (val_answer_loss=0.001148)
epoch 12/20 train loss=0.0006 acc=1.0000 em=1.0000 | val loss=0.0006 acc=1.0000 em=1.0000 | random≈0.0013
  saved best_loss.pt (val_answer_loss=0.000649)
epoch 13/20 train loss=0.0004 acc=1.0000 em=1.0000 | val loss=0.0004 acc=1.0000 em=1.0000 | random≈0.0013
  saved best_loss.pt (val_answer_loss=0.000433)
epoch 14/20 train loss=0.0003 acc=1.0000 em=1.0000 | val loss=0.0003 acc=1.0000 em=1.0000 | random≈0.0013
  saved best_loss.pt (val_answer_loss=0.000303)
epoch 15/20 train loss=0.0002 acc=1.0000 em=1.0000 | val loss=0.0002 acc=1.0000 em=1.0000 | random≈0.0013
epoch 16/20 train loss=0.0002 acc=1.0000 em=1.0000 | val loss=0.0002 acc=1.0000 em=1.0000 | random≈0.0013
  saved best_loss.pt (val_answer_loss=0.000178)
epoch 17/20 train loss=0.0001 acc=1.0000 em=1.0000 | val loss=0.0001 acc=1.0000 em=1.0000 | random≈0.0013
epoch 18/20 train loss=0.0001 acc=1.0000 em=1.0000 | val loss=0.0001 acc=1.0000 em=1.0000 | random≈0.0013
epoch 19/20 train loss=0.0001 acc=1.0000 em=1.0000 | val loss=0.0001 acc=1.0000 em=1.0000 | random≈0.0013
epoch 20/20 train loss=0.0001 acc=1.0000 em=1.0000 | val loss=0.0001 acc=1.0000 em=1.0000 | random≈0.0013
early stopping at epoch 20: val answer_loss did not improve by min_delta=0.0001 for 4 epochs
test [best_loss_ckpt] loss=0.000180 acc=1.000000 em=1.000000
test [best_acc_ckpt]  loss=0.003113 acc=0.999969 em=0.999500 random_baseline≈0.001302
done. meta_metrics → /home/jovyan/shares/SR008.fs2/nvidenisov/other/repos/mamba/mamba_multi_scale_get_started/outputs/ArchEval/mqar_trans768_transformer_latency_match_seed42/meta_metrics.csv
