mqar_split_hashes: n_train=20000 uniq_train=20000 | n_val=2000 uniq_val=2000 | n_test=2000 uniq_test=2000
mqar_answer_positions[train]: min=16 mean=16.0000 max=16 (expected 16 per sample)
mqar_answer_positions[val]: min=16 mean=16.0000 max=16 (expected 16 per sample)
mqar_answer_positions[test]: min=16 mean=16.0000 max=16 (expected 16 per sample)
experiment=archeval_mqar_easy_mamba2_depth6_seed43 device=cuda:0 out_dir=/home/jovyan/shares/SR008.fs2/nvidenisov/other/repos/mamba/mamba_multi_scale_get_started/outputs/ArchEval/mqar_easy_mamba2_depth6_seed43
mqar data: fixed_examples=True random_baseline_acc≈1/vocab=0.001953 (vocab_size=512)
--- mqar resolved config (sanity) ---
  experiment.name: archeval_mqar_easy_mamba2_depth6_seed43
  model.backbone: mamba2_lm
  model.layer_headdims: [32, 32, 32, 32, 32, 32]
  model.multiscale.fast_layer_headdims: —
  model.multiscale.slow_layer_headdims: —
  data.input_seq_len: 128
  data.num_kv_pairs: 16
  data.vocab_size: 512
  data.train_examples: 20000  val_examples: 2000  test_examples: 2000
  data.fixed_examples: True
  data.min_query_pos: null
  train.lr: 0.0003
  train.epochs: 20
  num_parameters_trainable: 2765984
  tags(backbone,fusion,stride): mamba2_lm, , 
--- end resolved config ---
epoch 1/20 train loss=5.5481 acc=0.0056 em=0.0000 | val loss=5.5600 acc=0.0047 em=0.0000 | random≈0.0020
  saved best_loss.pt (val_answer_loss=5.560021)
  saved best_acc.pt (val_answer_accuracy=0.004750)
epoch 2/20 train loss=5.4811 acc=0.0220 em=0.0000 | val loss=5.5295 acc=0.0201 em=0.0000 | random≈0.0020
  saved best_loss.pt (val_answer_loss=5.529544)
  saved best_acc.pt (val_answer_accuracy=0.020063)
epoch 3/20 train loss=5.2373 acc=0.0567 em=0.0000 | val loss=5.4151 acc=0.0470 em=0.0000 | random≈0.0020
  saved best_loss.pt (val_answer_loss=5.415113)
  saved best_acc.pt (val_answer_accuracy=0.047000)
epoch 4/20 train loss=4.7955 acc=0.0969 em=0.0000 | val loss=5.2134 acc=0.0592 em=0.0000 | random≈0.0020
  saved best_loss.pt (val_answer_loss=5.213363)
  saved best_acc.pt (val_answer_accuracy=0.059219)
epoch 5/20 train loss=3.9367 acc=0.2293 em=0.0000 | val loss=4.6041 acc=0.1313 em=0.0000 | random≈0.0020
  saved best_loss.pt (val_answer_loss=4.604106)
  saved best_acc.pt (val_answer_accuracy=0.131250)
epoch 6/20 train loss=1.4054 acc=0.6648 em=0.0008 | val loss=1.8460 acc=0.5412 em=0.0000 | random≈0.0020
  saved best_loss.pt (val_answer_loss=1.845992)
  saved best_acc.pt (val_answer_accuracy=0.541156)
epoch 7/20 train loss=0.1587 acc=0.9779 em=0.7035 | val loss=0.2703 acc=0.9446 em=0.4030 | random≈0.0020
  saved best_loss.pt (val_answer_loss=0.270329)
  saved best_acc.pt (val_answer_accuracy=0.944594)
epoch 8/20 train loss=0.0232 acc=0.9992 em=0.9873 | val loss=0.0582 acc=0.9902 em=0.8525 | random≈0.0020
  saved best_loss.pt (val_answer_loss=0.058164)
  saved best_acc.pt (val_answer_accuracy=0.990219)
epoch 9/20 train loss=0.0081 acc=1.0000 em=0.9997 | val loss=0.0302 acc=0.9949 em=0.9205 | random≈0.0020
  saved best_loss.pt (val_answer_loss=0.030162)
  saved best_acc.pt (val_answer_accuracy=0.994938)
epoch 10/20 train loss=0.0045 acc=1.0000 em=1.0000 | val loss=0.0219 acc=0.9958 em=0.9355 | random≈0.0020
  saved best_loss.pt (val_answer_loss=0.021906)
  saved best_acc.pt (val_answer_accuracy=0.995844)
epoch 11/20 train loss=0.0032 acc=1.0000 em=1.0000 | val loss=0.0188 acc=0.9961 em=0.9390 | random≈0.0020
  saved best_loss.pt (val_answer_loss=0.018758)
  saved best_acc.pt (val_answer_accuracy=0.996125)
epoch 12/20 train loss=0.0024 acc=1.0000 em=1.0000 | val loss=0.0165 acc=0.9964 em=0.9440 | random≈0.0020
  saved best_loss.pt (val_answer_loss=0.016509)
  saved best_acc.pt (val_answer_accuracy=0.996437)
epoch 13/20 train loss=0.0019 acc=1.0000 em=1.0000 | val loss=0.0151 acc=0.9967 em=0.9480 | random≈0.0020
  saved best_loss.pt (val_answer_loss=0.015146)
  saved best_acc.pt (val_answer_accuracy=0.996687)
epoch 14/20 train loss=0.0016 acc=1.0000 em=1.0000 | val loss=0.0139 acc=0.9966 em=0.9470 | random≈0.0020
  saved best_loss.pt (val_answer_loss=0.013868)
epoch 15/20 train loss=0.0013 acc=1.0000 em=1.0000 | val loss=0.0128 acc=0.9969 em=0.9510 | random≈0.0020
  saved best_loss.pt (val_answer_loss=0.012777)
  saved best_acc.pt (val_answer_accuracy=0.996875)
epoch 16/20 train loss=0.0011 acc=1.0000 em=1.0000 | val loss=0.0119 acc=0.9970 em=0.9535 | random≈0.0020
  saved best_loss.pt (val_answer_loss=0.011929)
  saved best_acc.pt (val_answer_accuracy=0.997031)
epoch 17/20 train loss=0.0009 acc=1.0000 em=1.0000 | val loss=0.0113 acc=0.9971 em=0.9550 | random≈0.0020
  saved best_loss.pt (val_answer_loss=0.011301)
epoch 18/20 train loss=0.0008 acc=1.0000 em=1.0000 | val loss=0.0107 acc=0.9973 em=0.9570 | random≈0.0020
  saved best_loss.pt (val_answer_loss=0.010728)
  saved best_acc.pt (val_answer_accuracy=0.997281)
epoch 19/20 train loss=0.0007 acc=1.0000 em=1.0000 | val loss=0.0103 acc=0.9972 em=0.9565 | random≈0.0020
  saved best_loss.pt (val_answer_loss=0.010325)
epoch 20/20 train loss=0.0006 acc=1.0000 em=1.0000 | val loss=0.0098 acc=0.9973 em=0.9580 | random≈0.0020
  saved best_loss.pt (val_answer_loss=0.009783)
test [best_loss_ckpt] loss=0.009011 acc=0.997750 em=0.964500
test [best_acc_ckpt]  loss=0.010070 acc=0.997656 em=0.964000 random_baseline≈0.001953
done. meta_metrics → /home/jovyan/shares/SR008.fs2/nvidenisov/other/repos/mamba/mamba_multi_scale_get_started/outputs/ArchEval/mqar_easy_mamba2_depth6_seed43/meta_metrics.csv
