mqar_split_hashes: n_train=20000 uniq_train=20000 | n_val=2000 uniq_val=2000 | n_test=2000 uniq_test=2000
mqar_answer_positions[train]: min=16 mean=16.0000 max=16 (expected 16 per sample)
mqar_answer_positions[val]: min=16 mean=16.0000 max=16 (expected 16 per sample)
mqar_answer_positions[test]: min=16 mean=16.0000 max=16 (expected 16 per sample)
experiment=archeval_mqar_trans768_mamba2_split_ts_50_50_depth_6_seed44 device=cuda:0 out_dir=/home/jovyan/shares/SR008.fs2/nvidenisov/other/repos/mamba/mamba_multi_scale_get_started/outputs/ArchEval/mqar_trans768_mamba2_split_ts_50_50_depth_6_seed44
mqar data: fixed_examples=True random_baseline_acc≈1/vocab=0.001302 (vocab_size=768)
--- mqar resolved config (sanity) ---
  experiment.name: archeval_mqar_trans768_mamba2_split_ts_50_50_depth_6_seed44
  model.backbone: mamba2_lm
  model.layer_headdims: [32, 32, 32, 32, 32, 32]
  model.multiscale.fast_layer_headdims: —
  model.multiscale.slow_layer_headdims: —
  model.multiscale.window_size: —
  model.multiscale.offsets: —
  model.multiscale.summary_mode: —
  model.multiscale.causal_mode: —
  model.multiscale.gate_type: —
  data.input_seq_len: 128
  data.num_kv_pairs: 16
  data.vocab_size: 768
  data.train_examples: 20000  val_examples: 2000  test_examples: 2000
  data.fixed_examples: True
  data.min_query_pos: null
  train.lr: 0.0003
  train.epochs: 20
  num_parameters_trainable: 2897312
  tags(backbone,fusion,stride): mamba2_lm, , 
--- end resolved config ---
epoch 1/20 train loss=5.9540 acc=0.0035 em=0.0000 | val loss=5.9678 acc=0.0027 em=0.0000 | random≈0.0013
  saved best_loss.pt (val_answer_loss=5.967808)
  saved best_acc.pt (val_answer_accuracy=0.002719)
epoch 2/20 train loss=5.8943 acc=0.0141 em=0.0000 | val loss=5.9570 acc=0.0103 em=0.0000 | random≈0.0013
  saved best_loss.pt (val_answer_loss=5.957017)
  saved best_acc.pt (val_answer_accuracy=0.010281)
epoch 3/20 train loss=5.6513 acc=0.0440 em=0.0000 | val loss=5.8775 acc=0.0339 em=0.0000 | random≈0.0013
  saved best_loss.pt (val_answer_loss=5.877463)
  saved best_acc.pt (val_answer_accuracy=0.033906)
epoch 4/20 train loss=5.2253 acc=0.0864 em=0.0000 | val loss=5.7888 acc=0.0480 em=0.0000 | random≈0.0013
  saved best_loss.pt (val_answer_loss=5.788840)
  saved best_acc.pt (val_answer_accuracy=0.047969)
epoch 5/20 train loss=4.6664 acc=0.1610 em=0.0000 | val loss=5.6837 acc=0.0638 em=0.0000 | random≈0.0013
  saved best_loss.pt (val_answer_loss=5.683750)
  saved best_acc.pt (val_answer_accuracy=0.063750)
epoch 6/20 train loss=3.7082 acc=0.3284 em=0.0000 | val loss=4.9135 acc=0.1674 em=0.0000 | random≈0.0013
  saved best_loss.pt (val_answer_loss=4.913471)
  saved best_acc.pt (val_answer_accuracy=0.167437)
epoch 7/20 train loss=0.9264 acc=0.8595 em=0.0859 | val loss=1.4330 acc=0.7356 em=0.0070 | random≈0.0013
  saved best_loss.pt (val_answer_loss=1.432994)
  saved best_acc.pt (val_answer_accuracy=0.735594)
epoch 8/20 train loss=0.1158 acc=0.9878 em=0.8236 | val loss=0.2702 acc=0.9482 em=0.4355 | random≈0.0013
  saved best_loss.pt (val_answer_loss=0.270233)
  saved best_acc.pt (val_answer_accuracy=0.948219)
epoch 9/20 train loss=0.0300 acc=0.9983 em=0.9734 | val loss=0.1055 acc=0.9782 em=0.7055 | random≈0.0013
  saved best_loss.pt (val_answer_loss=0.105480)
  saved best_acc.pt (val_answer_accuracy=0.978250)
epoch 10/20 train loss=0.0101 acc=0.9999 em=0.9988 | val loss=0.0574 acc=0.9874 em=0.8185 | random≈0.0013
  saved best_loss.pt (val_answer_loss=0.057367)
  saved best_acc.pt (val_answer_accuracy=0.987437)
epoch 11/20 train loss=0.0056 acc=1.0000 em=1.0000 | val loss=0.0434 acc=0.9902 em=0.8565 | random≈0.0013
  saved best_loss.pt (val_answer_loss=0.043389)
  saved best_acc.pt (val_answer_accuracy=0.990219)
epoch 12/20 train loss=0.0040 acc=1.0000 em=1.0000 | val loss=0.0373 acc=0.9914 em=0.8715 | random≈0.0013
  saved best_loss.pt (val_answer_loss=0.037255)
  saved best_acc.pt (val_answer_accuracy=0.991406)
epoch 13/20 train loss=0.0031 acc=1.0000 em=1.0000 | val loss=0.0334 acc=0.9919 em=0.8800 | random≈0.0013
  saved best_loss.pt (val_answer_loss=0.033401)
  saved best_acc.pt (val_answer_accuracy=0.991938)
epoch 14/20 train loss=0.0025 acc=1.0000 em=1.0000 | val loss=0.0306 acc=0.9924 em=0.8875 | random≈0.0013
  saved best_loss.pt (val_answer_loss=0.030551)
  saved best_acc.pt (val_answer_accuracy=0.992437)
epoch 15/20 train loss=0.0020 acc=1.0000 em=1.0000 | val loss=0.0289 acc=0.9924 em=0.8860 | random≈0.0013
  saved best_loss.pt (val_answer_loss=0.028874)
epoch 16/20 train loss=0.0017 acc=1.0000 em=1.0000 | val loss=0.0263 acc=0.9932 em=0.8985 | random≈0.0013
  saved best_loss.pt (val_answer_loss=0.026344)
  saved best_acc.pt (val_answer_accuracy=0.993250)
epoch 17/20 train loss=0.0014 acc=1.0000 em=1.0000 | val loss=0.0253 acc=0.9931 em=0.8960 | random≈0.0013
  saved best_loss.pt (val_answer_loss=0.025308)
epoch 18/20 train loss=0.0012 acc=1.0000 em=1.0000 | val loss=0.0240 acc=0.9936 em=0.9020 | random≈0.0013
  saved best_loss.pt (val_answer_loss=0.023994)
  saved best_acc.pt (val_answer_accuracy=0.993594)
epoch 19/20 train loss=0.0011 acc=1.0000 em=1.0000 | val loss=0.0232 acc=0.9938 em=0.9055 | random≈0.0013
  saved best_loss.pt (val_answer_loss=0.023166)
  saved best_acc.pt (val_answer_accuracy=0.993750)
epoch 20/20 train loss=0.0009 acc=1.0000 em=1.0000 | val loss=0.0219 acc=0.9937 em=0.9045 | random≈0.0013
  saved best_loss.pt (val_answer_loss=0.021944)
test [best_loss_ckpt] loss=0.021723 acc=0.994313 em=0.914500
test [best_acc_ckpt]  loss=0.022873 acc=0.994188 em=0.912500 random_baseline≈0.001302
done. meta_metrics → /home/jovyan/shares/SR008.fs2/nvidenisov/other/repos/mamba/mamba_multi_scale_get_started/outputs/ArchEval/mqar_trans768_mamba2_split_ts_50_50_depth_6_seed44/meta_metrics.csv
