mqar_split_hashes: n_train=20000 uniq_train=20000 | n_val=2000 uniq_val=2000 | n_test=2000 uniq_test=2000
mqar_answer_positions[train]: min=16 mean=16.0000 max=16 (expected 16 per sample)
mqar_answer_positions[val]: min=16 mean=16.0000 max=16 (expected 16 per sample)
mqar_answer_positions[test]: min=16 mean=16.0000 max=16 (expected 16 per sample)
experiment=archeval_mqar_trans704_ms_gated_right_init_seed43 device=cuda:0 out_dir=/home/jovyan/shares/SR008.fs2/nvidenisov/other/repos/mamba/mamba_multi_scale_get_started/outputs/ArchEval/mqar_trans704_ms_gated_right_init_seed43
mqar data: fixed_examples=True random_baseline_acc≈1/vocab=0.001420 (vocab_size=704)
--- mqar resolved config (sanity) ---
  experiment.name: archeval_mqar_trans704_ms_gated_right_init_seed43
  model.backbone: multiscale_mamba2_lm
  model.layer_headdims: [32, 32, 32, 32]
  model.multiscale.fast_layer_headdims: [32, 32, 32, 32]
  model.multiscale.slow_layer_headdims: [32, 32]
  model.multiscale.window_size: —
  model.multiscale.offsets: —
  model.multiscale.summary_mode: —
  model.multiscale.causal_mode: —
  model.multiscale.gate_type: —
  data.input_seq_len: 128
  data.num_kv_pairs: 16
  data.vocab_size: 704
  data.train_examples: 20000  val_examples: 2000  test_examples: 2000
  data.fixed_examples: True
  data.min_query_pos: null
  train.lr: 0.0003
  train.epochs: 20
  num_parameters_trainable: 2996832
  tags(backbone,fusion,stride): multiscale_mamba2_lm, gated, 2
--- end resolved config ---
epoch 1/20 train loss=5.8679 acc=0.0037 em=0.0000 | val loss=5.8802 acc=0.0032 em=0.0000 | random≈0.0014
  saved best_loss.pt (val_answer_loss=5.880247)
  saved best_acc.pt (val_answer_accuracy=0.003250)
epoch 2/20 train loss=5.8245 acc=0.0131 em=0.0000 | val loss=5.8670 acc=0.0107 em=0.0000 | random≈0.0014
  saved best_loss.pt (val_answer_loss=5.866970)
  saved best_acc.pt (val_answer_accuracy=0.010750)
epoch 3/20 train loss=5.5457 acc=0.0560 em=0.0000 | val loss=5.7155 acc=0.0467 em=0.0000 | random≈0.0014
  saved best_loss.pt (val_answer_loss=5.715489)
  saved best_acc.pt (val_answer_accuracy=0.046656)
epoch 4/20 train loss=4.6842 acc=0.1729 em=0.0000 | val loss=5.0393 acc=0.1366 em=0.0000 | random≈0.0014
  saved best_loss.pt (val_answer_loss=5.039283)
  saved best_acc.pt (val_answer_accuracy=0.136625)
epoch 5/20 train loss=1.1961 acc=0.7471 em=0.0062 | val loss=1.4090 acc=0.6922 em=0.0005 | random≈0.0014
  saved best_loss.pt (val_answer_loss=1.409031)
  saved best_acc.pt (val_answer_accuracy=0.692219)
epoch 6/20 train loss=0.1705 acc=0.9758 em=0.6771 | val loss=0.2633 acc=0.9493 em=0.4365 | random≈0.0014
  saved best_loss.pt (val_answer_loss=0.263304)
  saved best_acc.pt (val_answer_accuracy=0.949344)
epoch 7/20 train loss=0.0334 acc=0.9980 em=0.9692 | val loss=0.0743 acc=0.9867 em=0.8100 | random≈0.0014
  saved best_loss.pt (val_answer_loss=0.074346)
  saved best_acc.pt (val_answer_accuracy=0.986656)
epoch 8/20 train loss=0.0125 acc=0.9999 em=0.9981 | val loss=0.0402 acc=0.9923 em=0.8865 | random≈0.0014
  saved best_loss.pt (val_answer_loss=0.040229)
  saved best_acc.pt (val_answer_accuracy=0.992313)
epoch 9/20 train loss=0.0066 acc=1.0000 em=1.0000 | val loss=0.0278 acc=0.9948 em=0.9225 | random≈0.0014
  saved best_loss.pt (val_answer_loss=0.027805)
  saved best_acc.pt (val_answer_accuracy=0.994812)
epoch 10/20 train loss=0.0045 acc=1.0000 em=1.0000 | val loss=0.0224 acc=0.9954 em=0.9295 | random≈0.0014
  saved best_loss.pt (val_answer_loss=0.022358)
  saved best_acc.pt (val_answer_accuracy=0.995375)
epoch 11/20 train loss=0.0034 acc=1.0000 em=1.0000 | val loss=0.0196 acc=0.9960 em=0.9385 | random≈0.0014
  saved best_loss.pt (val_answer_loss=0.019636)
  saved best_acc.pt (val_answer_accuracy=0.995969)
epoch 12/20 train loss=0.0027 acc=1.0000 em=1.0000 | val loss=0.0179 acc=0.9960 em=0.9400 | random≈0.0014
  saved best_loss.pt (val_answer_loss=0.017864)
epoch 13/20 train loss=0.0022 acc=1.0000 em=1.0000 | val loss=0.0162 acc=0.9961 em=0.9400 | random≈0.0014
  saved best_loss.pt (val_answer_loss=0.016213)
  saved best_acc.pt (val_answer_accuracy=0.996125)
epoch 14/20 train loss=0.0018 acc=1.0000 em=1.0000 | val loss=0.0150 acc=0.9966 em=0.9470 | random≈0.0014
  saved best_loss.pt (val_answer_loss=0.014977)
  saved best_acc.pt (val_answer_accuracy=0.996594)
epoch 15/20 train loss=0.0015 acc=1.0000 em=1.0000 | val loss=0.0138 acc=0.9966 em=0.9470 | random≈0.0014
  saved best_loss.pt (val_answer_loss=0.013836)
epoch 16/20 train loss=0.0013 acc=1.0000 em=1.0000 | val loss=0.0130 acc=0.9968 em=0.9510 | random≈0.0014
  saved best_loss.pt (val_answer_loss=0.013027)
  saved best_acc.pt (val_answer_accuracy=0.996844)
epoch 17/20 train loss=0.0011 acc=1.0000 em=1.0000 | val loss=0.0123 acc=0.9972 em=0.9560 | random≈0.0014
  saved best_loss.pt (val_answer_loss=0.012290)
  saved best_acc.pt (val_answer_accuracy=0.997156)
epoch 18/20 train loss=0.0010 acc=1.0000 em=1.0000 | val loss=0.0117 acc=0.9972 em=0.9560 | random≈0.0014
  saved best_loss.pt (val_answer_loss=0.011715)
epoch 19/20 train loss=0.0008 acc=1.0000 em=1.0000 | val loss=0.0111 acc=0.9972 em=0.9575 | random≈0.0014
  saved best_loss.pt (val_answer_loss=0.011070)
epoch 20/20 train loss=0.0007 acc=1.0000 em=1.0000 | val loss=0.0107 acc=0.9973 em=0.9580 | random≈0.0014
  saved best_loss.pt (val_answer_loss=0.010682)
  saved best_acc.pt (val_answer_accuracy=0.997313)
test [best_loss_ckpt] loss=0.009675 acc=0.997531 em=0.961500
test [best_acc_ckpt]  loss=0.009675 acc=0.997531 em=0.961500 random_baseline≈0.001420
done. meta_metrics → /home/jovyan/shares/SR008.fs2/nvidenisov/other/repos/mamba/mamba_multi_scale_get_started/outputs/ArchEval/mqar_trans704_ms_gated_right_init_seed43/meta_metrics.csv
