mqar_split_hashes: n_train=20000 uniq_train=20000 | n_val=2000 uniq_val=2000 | n_test=2000 uniq_test=2000
mqar_answer_positions[train]: min=16 mean=16.0000 max=16 (expected 16 per sample)
mqar_answer_positions[val]: min=16 mean=16.0000 max=16 (expected 16 per sample)
mqar_answer_positions[test]: min=16 mean=16.0000 max=16 (expected 16 per sample)
experiment=archeval_mqar_easy_ms_gated_right_init_equal_param_seed43 device=cuda:0 out_dir=/home/jovyan/shares/SR008.fs2/nvidenisov/other/repos/mamba/mamba_multi_scale_get_started/outputs/ArchEval/mqar_easy_ms_gated_right_init_equal_param_seed43
mqar data: fixed_examples=True random_baseline_acc≈1/vocab=0.001953 (vocab_size=512)
--- mqar resolved config (sanity) ---
  experiment.name: archeval_mqar_easy_ms_gated_right_init_equal_param_seed43
  model.backbone: multiscale_mamba2_lm
  model.layer_headdims: [14, 14, 14, 14]
  model.multiscale.fast_layer_headdims: [14, 14, 14, 14]
  model.multiscale.slow_layer_headdims: [14, 14]
  model.multiscale.window_size: —
  model.multiscale.offsets: —
  model.multiscale.summary_mode: —
  model.multiscale.causal_mode: —
  model.multiscale.gate_type: —
  data.input_seq_len: 128
  data.num_kv_pairs: 16
  data.vocab_size: 512
  data.train_examples: 20000  val_examples: 2000  test_examples: 2000
  data.fixed_examples: True
  data.min_query_pos: null
  train.lr: 0.0003
  train.epochs: 20
  num_parameters_trainable: 1906079
  tags(backbone,fusion,stride): multiscale_mamba2_lm, gated, 2
--- end resolved config ---
mqar_split_hashes: n_train=20000 uniq_train=20000 | n_val=2000 uniq_val=2000 | n_test=2000 uniq_test=2000
mqar_answer_positions[train]: min=16 mean=16.0000 max=16 (expected 16 per sample)
mqar_answer_positions[val]: min=16 mean=16.0000 max=16 (expected 16 per sample)
mqar_answer_positions[test]: min=16 mean=16.0000 max=16 (expected 16 per sample)
experiment=archeval_mqar_easy_ms_gated_right_init_equal_param_seed43 device=cuda:0 out_dir=/home/jovyan/shares/SR008.fs2/nvidenisov/other/repos/mamba/mamba_multi_scale_get_started/outputs/ArchEval/mqar_easy_ms_gated_right_init_equal_param_seed43
mqar data: fixed_examples=True random_baseline_acc≈1/vocab=0.001953 (vocab_size=512)
--- mqar resolved config (sanity) ---
  experiment.name: archeval_mqar_easy_ms_gated_right_init_equal_param_seed43
  model.backbone: multiscale_mamba2_lm
  model.layer_headdims: [16, 16, 16, 16]
  model.multiscale.fast_layer_headdims: [16, 16, 16, 16]
  model.multiscale.slow_layer_headdims: [16, 16]
  model.multiscale.window_size: —
  model.multiscale.offsets: —
  model.multiscale.summary_mode: —
  model.multiscale.causal_mode: —
  model.multiscale.gate_type: —
  data.input_seq_len: 128
  data.num_kv_pairs: 16
  data.vocab_size: 512
  data.train_examples: 20000  val_examples: 2000  test_examples: 2000
  data.fixed_examples: True
  data.min_query_pos: null
  train.lr: 0.0003
  train.epochs: 20
  num_parameters_trainable: 1924880
  tags(backbone,fusion,stride): multiscale_mamba2_lm, gated, 2
--- end resolved config ---
epoch 1/20 train loss=5.5533 acc=0.0047 em=0.0000 | val loss=5.5617 acc=0.0040 em=0.0000 | random≈0.0020
  saved best_loss.pt (val_answer_loss=5.561711)
  saved best_acc.pt (val_answer_accuracy=0.003969)
epoch 2/20 train loss=5.5244 acc=0.0122 em=0.0000 | val loss=5.5460 acc=0.0106 em=0.0000 | random≈0.0020
  saved best_loss.pt (val_answer_loss=5.546048)
  saved best_acc.pt (val_answer_accuracy=0.010625)
epoch 3/20 train loss=5.3499 acc=0.0479 em=0.0000 | val loss=5.4303 acc=0.0422 em=0.0000 | random≈0.0020
  saved best_loss.pt (val_answer_loss=5.430254)
  saved best_acc.pt (val_answer_accuracy=0.042156)
epoch 4/20 train loss=4.2822 acc=0.2166 em=0.0000 | val loss=4.4383 acc=0.1935 em=0.0000 | random≈0.0020
  saved best_loss.pt (val_answer_loss=4.438258)
  saved best_acc.pt (val_answer_accuracy=0.193500)
epoch 5/20 train loss=0.5676 acc=0.9598 em=0.5277 | val loss=0.6312 acc=0.9462 em=0.4125 | random≈0.0020
  saved best_loss.pt (val_answer_loss=0.631183)
  saved best_acc.pt (val_answer_accuracy=0.946187)
epoch 6/20 train loss=0.0472 acc=0.9991 em=0.9860 | val loss=0.0644 acc=0.9964 em=0.9435 | random≈0.0020
  saved best_loss.pt (val_answer_loss=0.064426)
  saved best_acc.pt (val_answer_accuracy=0.996406)
epoch 7/20 train loss=0.0168 acc=1.0000 em=0.9999 | val loss=0.0260 acc=0.9990 em=0.9840 | random≈0.0020
  saved best_loss.pt (val_answer_loss=0.026002)
  saved best_acc.pt (val_answer_accuracy=0.999000)
epoch 8/20 train loss=0.0093 acc=1.0000 em=1.0000 | val loss=0.0157 acc=0.9993 em=0.9890 | random≈0.0020
  saved best_loss.pt (val_answer_loss=0.015737)
  saved best_acc.pt (val_answer_accuracy=0.999313)
epoch 9/20 train loss=0.0062 acc=1.0000 em=1.0000 | val loss=0.0111 acc=0.9995 em=0.9925 | random≈0.0020
  saved best_loss.pt (val_answer_loss=0.011091)
  saved best_acc.pt (val_answer_accuracy=0.999531)
epoch 10/20 train loss=0.0046 acc=1.0000 em=1.0000 | val loss=0.0085 acc=0.9997 em=0.9950 | random≈0.0020
  saved best_loss.pt (val_answer_loss=0.008495)
  saved best_acc.pt (val_answer_accuracy=0.999687)
epoch 11/20 train loss=0.0035 acc=1.0000 em=1.0000 | val loss=0.0068 acc=0.9996 em=0.9940 | random≈0.0020
  saved best_loss.pt (val_answer_loss=0.006833)
epoch 12/20 train loss=0.0028 acc=1.0000 em=1.0000 | val loss=0.0056 acc=0.9997 em=0.9955 | random≈0.0020
  saved best_loss.pt (val_answer_loss=0.005631)
epoch 13/20 train loss=0.0023 acc=1.0000 em=1.0000 | val loss=0.0047 acc=0.9998 em=0.9970 | random≈0.0020
  saved best_loss.pt (val_answer_loss=0.004685)
  saved best_acc.pt (val_answer_accuracy=0.999812)
epoch 14/20 train loss=0.0019 acc=1.0000 em=1.0000 | val loss=0.0040 acc=0.9998 em=0.9965 | random≈0.0020
  saved best_loss.pt (val_answer_loss=0.004036)
epoch 15/20 train loss=0.0016 acc=1.0000 em=1.0000 | val loss=0.0035 acc=0.9998 em=0.9970 | random≈0.0020
  saved best_loss.pt (val_answer_loss=0.003499)
epoch 16/20 train loss=0.0014 acc=1.0000 em=1.0000 | val loss=0.0030 acc=0.9998 em=0.9970 | random≈0.0020
  saved best_loss.pt (val_answer_loss=0.003048)
epoch 17/20 train loss=0.0012 acc=1.0000 em=1.0000 | val loss=0.0027 acc=0.9998 em=0.9970 | random≈0.0020
  saved best_loss.pt (val_answer_loss=0.002654)
epoch 18/20 train loss=0.0010 acc=1.0000 em=1.0000 | val loss=0.0024 acc=0.9998 em=0.9975 | random≈0.0020
  saved best_loss.pt (val_answer_loss=0.002353)
epoch 19/20 train loss=0.0009 acc=1.0000 em=1.0000 | val loss=0.0021 acc=0.9998 em=0.9975 | random≈0.0020
  saved best_loss.pt (val_answer_loss=0.002102)
epoch 20/20 train loss=0.0008 acc=1.0000 em=1.0000 | val loss=0.0019 acc=0.9999 em=0.9985 | random≈0.0020
  saved best_loss.pt (val_answer_loss=0.001881)
test [best_loss_ckpt] loss=0.002373 acc=0.999750 em=0.996000
test [best_acc_ckpt]  loss=0.005328 acc=0.999594 em=0.993500 random_baseline≈0.001953
done. meta_metrics → /home/jovyan/shares/SR008.fs2/nvidenisov/other/repos/mamba/mamba_multi_scale_get_started/outputs/ArchEval/mqar_easy_ms_gated_right_init_equal_param_seed43/meta_metrics.csv
