mqar_split_hashes: n_train=20000 uniq_train=20000 | n_val=2000 uniq_val=2000 | n_test=2000 uniq_test=2000
mqar_answer_positions[train]: min=16 mean=16.0000 max=16 (expected 16 per sample)
mqar_answer_positions[val]: min=16 mean=16.0000 max=16 (expected 16 per sample)
mqar_answer_positions[test]: min=16 mean=16.0000 max=16 (expected 16 per sample)
experiment=mqar_fail_mamba2_slow_init_v1024_seed51 device=cuda:0 out_dir=/home/jovyan/shares/SR008.fs2/nvidenisov/other/repos/mamba/mamba_multi_scale_get_started/outputs/MQARFailureSweep/mqar_fail_mamba2_slow_init_v1024_seed51
mqar data: fixed_examples=True random_baseline_acc≈1/vocab=0.000977 (vocab_size=1024)
--- mqar resolved config (sanity) ---
  experiment.name: mqar_fail_mamba2_slow_init_v1024_seed51
  model.backbone: mamba2_lm
  model.layer_headdims: [32, 32, 32, 32]
  model.multiscale.fast_layer_headdims: —
  model.multiscale.slow_layer_headdims: —
  model.multiscale.window_size: —
  model.multiscale.offsets: —
  model.multiscale.summary_mode: —
  model.multiscale.causal_mode: —
  model.multiscale.gate_type: —
  data.input_seq_len: 128
  data.num_kv_pairs: 16
  data.vocab_size: 1024
  data.train_examples: 20000  val_examples: 2000  test_examples: 2000
  data.fixed_examples: True
  data.min_query_pos: null
  train.lr: 0.0003
  train.epochs: 20
  num_parameters_trainable: 2194368
  tags(backbone,fusion,stride): mamba2_lm, , 
--- end resolved config ---
epoch 1/20 train loss=6.2447 acc=0.0026 em=0.0000 | val loss=6.2597 acc=0.0023 em=0.0000 | random≈0.0010
  saved best_loss.pt (val_answer_loss=6.259713)
  saved best_acc.pt (val_answer_accuracy=0.002281)
epoch 2/20 train loss=6.2184 acc=0.0050 em=0.0000 | val loss=6.2569 acc=0.0031 em=0.0000 | random≈0.0010
  saved best_loss.pt (val_answer_loss=6.256876)
  saved best_acc.pt (val_answer_accuracy=0.003094)
epoch 3/20 train loss=6.1149 acc=0.0195 em=0.0000 | val loss=6.2509 acc=0.0142 em=0.0000 | random≈0.0010
  saved best_loss.pt (val_answer_loss=6.250874)
  saved best_acc.pt (val_answer_accuracy=0.014219)
epoch 4/20 train loss=5.8633 acc=0.0395 em=0.0000 | val loss=6.2598 acc=0.0216 em=0.0000 | random≈0.0010
  saved best_acc.pt (val_answer_accuracy=0.021562)
epoch 5/20 train loss=5.5083 acc=0.0747 em=0.0000 | val loss=6.2983 acc=0.0271 em=0.0000 | random≈0.0010
  saved best_acc.pt (val_answer_accuracy=0.027062)
epoch 6/20 train loss=5.0822 acc=0.1273 em=0.0000 | val loss=6.3662 acc=0.0287 em=0.0000 | random≈0.0010
  saved best_acc.pt (val_answer_accuracy=0.028719)
epoch 7/20 train loss=4.6573 acc=0.1853 em=0.0000 | val loss=6.4472 acc=0.0312 em=0.0000 | random≈0.0010
  saved best_acc.pt (val_answer_accuracy=0.031156)
early stopping at epoch 7: val answer_loss did not improve by min_delta=0.0001 for 4 epochs
test [best_loss_ckpt] loss=6.245729 acc=0.015437 em=0.000000
test [best_acc_ckpt]  loss=6.450190 acc=0.030969 em=0.000000 random_baseline≈0.000977
done. meta_metrics → /home/jovyan/shares/SR008.fs2/nvidenisov/other/repos/mamba/mamba_multi_scale_get_started/outputs/MQARFailureSweep/mqar_fail_mamba2_slow_init_v1024_seed51/meta_metrics.csv
