mqar_split_hashes: n_train=20000 uniq_train=20000 | n_val=2000 uniq_val=2000 | n_test=2000 uniq_test=2000
mqar_answer_positions[train]: min=16 mean=16.0000 max=16 (expected 16 per sample)
mqar_answer_positions[val]: min=16 mean=16.0000 max=16 (expected 16 per sample)
mqar_answer_positions[test]: min=16 mean=16.0000 max=16 (expected 16 per sample)
experiment=mqar_fail_mamba2_split_ts_slow_default_v768_seed43 device=cuda:0 out_dir=/home/jovyan/shares/SR008.fs2/nvidenisov/other/repos/mamba/mamba_multi_scale_get_started/outputs/MQARFailureSweep/mqar_fail_mamba2_split_ts_slow_default_v768_seed43
mqar data: fixed_examples=True random_baseline_acc≈1/vocab=0.001302 (vocab_size=768)
--- mqar resolved config (sanity) ---
  experiment.name: mqar_fail_mamba2_split_ts_slow_default_v768_seed43
  model.backbone: mamba2_lm
  model.layer_headdims: [32, 32, 32, 32]
  model.multiscale.fast_layer_headdims: —
  model.multiscale.slow_layer_headdims: —
  model.multiscale.window_size: —
  model.multiscale.offsets: —
  model.multiscale.summary_mode: —
  model.multiscale.causal_mode: —
  model.multiscale.gate_type: —
  data.input_seq_len: 128
  data.num_kv_pairs: 16
  data.vocab_size: 768
  data.train_examples: 20000  val_examples: 2000  test_examples: 2000
  data.fixed_examples: True
  data.min_query_pos: null
  train.lr: 0.0003
  train.epochs: 20
  num_parameters_trainable: 2063040
  tags(backbone,fusion,stride): mamba2_lm, , 
--- end resolved config ---
epoch 1/20 train loss=5.9564 acc=0.0033 em=0.0000 | val loss=5.9682 acc=0.0027 em=0.0000 | random≈0.0013
  saved best_loss.pt (val_answer_loss=5.968228)
  saved best_acc.pt (val_answer_accuracy=0.002687)
epoch 2/20 train loss=5.9236 acc=0.0091 em=0.0000 | val loss=5.9622 acc=0.0067 em=0.0000 | random≈0.0013
  saved best_loss.pt (val_answer_loss=5.962155)
  saved best_acc.pt (val_answer_accuracy=0.006656)
epoch 3/20 train loss=5.7296 acc=0.0437 em=0.0000 | val loss=5.8683 acc=0.0392 em=0.0000 | random≈0.0013
  saved best_loss.pt (val_answer_loss=5.868341)
  saved best_acc.pt (val_answer_accuracy=0.039156)
epoch 4/20 train loss=5.2775 acc=0.0971 em=0.0000 | val loss=5.5975 acc=0.0729 em=0.0000 | random≈0.0013
  saved best_loss.pt (val_answer_loss=5.597454)
  saved best_acc.pt (val_answer_accuracy=0.072938)
epoch 5/20 train loss=2.9941 acc=0.4564 em=0.0000 | val loss=3.2678 acc=0.4019 em=0.0000 | random≈0.0013
  saved best_loss.pt (val_answer_loss=3.267796)
  saved best_acc.pt (val_answer_accuracy=0.401875)
epoch 6/20 train loss=0.3345 acc=0.9590 em=0.5171 | val loss=0.4427 acc=0.9309 em=0.3215 | random≈0.0013
  saved best_loss.pt (val_answer_loss=0.442711)
  saved best_acc.pt (val_answer_accuracy=0.930875)
epoch 7/20 train loss=0.0465 acc=0.9981 em=0.9701 | val loss=0.0855 acc=0.9888 em=0.8320 | random≈0.0013
  saved best_loss.pt (val_answer_loss=0.085500)
  saved best_acc.pt (val_answer_accuracy=0.988844)
epoch 8/20 train loss=0.0160 acc=1.0000 em=0.9994 | val loss=0.0401 acc=0.9949 em=0.9200 | random≈0.0013
  saved best_loss.pt (val_answer_loss=0.040074)
  saved best_acc.pt (val_answer_accuracy=0.994938)
epoch 9/20 train loss=0.0086 acc=1.0000 em=1.0000 | val loss=0.0266 acc=0.9964 em=0.9440 | random≈0.0013
  saved best_loss.pt (val_answer_loss=0.026629)
  saved best_acc.pt (val_answer_accuracy=0.996375)
epoch 10/20 train loss=0.0059 acc=1.0000 em=1.0000 | val loss=0.0209 acc=0.9968 em=0.9495 | random≈0.0013
  saved best_loss.pt (val_answer_loss=0.020880)
  saved best_acc.pt (val_answer_accuracy=0.996750)
epoch 11/20 train loss=0.0044 acc=1.0000 em=1.0000 | val loss=0.0175 acc=0.9971 em=0.9555 | random≈0.0013
  saved best_loss.pt (val_answer_loss=0.017492)
  saved best_acc.pt (val_answer_accuracy=0.997094)
epoch 12/20 train loss=0.0034 acc=1.0000 em=1.0000 | val loss=0.0154 acc=0.9973 em=0.9575 | random≈0.0013
  saved best_loss.pt (val_answer_loss=0.015373)
  saved best_acc.pt (val_answer_accuracy=0.997313)
epoch 13/20 train loss=0.0028 acc=1.0000 em=1.0000 | val loss=0.0136 acc=0.9975 em=0.9605 | random≈0.0013
  saved best_loss.pt (val_answer_loss=0.013595)
  saved best_acc.pt (val_answer_accuracy=0.997469)
epoch 14/20 train loss=0.0023 acc=1.0000 em=1.0000 | val loss=0.0121 acc=0.9978 em=0.9655 | random≈0.0013
  saved best_loss.pt (val_answer_loss=0.012143)
  saved best_acc.pt (val_answer_accuracy=0.997844)
epoch 15/20 train loss=0.0019 acc=1.0000 em=1.0000 | val loss=0.0111 acc=0.9979 em=0.9675 | random≈0.0013
  saved best_loss.pt (val_answer_loss=0.011126)
epoch 16/20 train loss=0.0016 acc=1.0000 em=1.0000 | val loss=0.0102 acc=0.9980 em=0.9690 | random≈0.0013
  saved best_loss.pt (val_answer_loss=0.010237)
  saved best_acc.pt (val_answer_accuracy=0.998031)
epoch 17/20 train loss=0.0014 acc=1.0000 em=1.0000 | val loss=0.0094 acc=0.9981 em=0.9695 | random≈0.0013
  saved best_loss.pt (val_answer_loss=0.009397)
epoch 18/20 train loss=0.0012 acc=1.0000 em=1.0000 | val loss=0.0086 acc=0.9981 em=0.9700 | random≈0.0013
  saved best_loss.pt (val_answer_loss=0.008641)
epoch 19/20 train loss=0.0010 acc=1.0000 em=1.0000 | val loss=0.0081 acc=0.9982 em=0.9720 | random≈0.0013
  saved best_loss.pt (val_answer_loss=0.008132)
  saved best_acc.pt (val_answer_accuracy=0.998250)
epoch 20/20 train loss=0.0009 acc=1.0000 em=1.0000 | val loss=0.0077 acc=0.9983 em=0.9725 | random≈0.0013
  saved best_loss.pt (val_answer_loss=0.007705)
test [best_loss_ckpt] loss=0.006626 acc=0.998812 em=0.981500
test [best_acc_ckpt]  loss=0.007208 acc=0.998719 em=0.980000 random_baseline≈0.001302
done. meta_metrics → /home/jovyan/shares/SR008.fs2/nvidenisov/other/repos/mamba/mamba_multi_scale_get_started/outputs/MQARFailureSweep/mqar_fail_mamba2_split_ts_slow_default_v768_seed43/meta_metrics.csv
