mqar_split_hashes: n_train=20000 uniq_train=20000 | n_val=2000 uniq_val=2000 | n_test=2000 uniq_test=2000
mqar_answer_positions[train]: min=16 mean=16.0000 max=16 (expected 16 per sample)
mqar_answer_positions[val]: min=16 mean=16.0000 max=16 (expected 16 per sample)
mqar_answer_positions[test]: min=16 mean=16.0000 max=16 (expected 16 per sample)
experiment=mqar_fail_ms_gated_right_init_v512_seed44 device=cuda:0 out_dir=/home/jovyan/shares/SR008.fs2/nvidenisov/other/repos/mamba/mamba_multi_scale_get_started/outputs/MQARFailureSweep/mqar_fail_ms_gated_right_init_v512_seed44
mqar data: fixed_examples=True random_baseline_acc≈1/vocab=0.001953 (vocab_size=512)
--- mqar resolved config (sanity) ---
  experiment.name: mqar_fail_ms_gated_right_init_v512_seed44
  model.backbone: multiscale_mamba2_lm
  model.layer_headdims: [32, 32, 32, 32]
  model.multiscale.fast_layer_headdims: [32, 32, 32, 32]
  model.multiscale.slow_layer_headdims: [32, 32]
  model.multiscale.window_size: —
  model.multiscale.offsets: —
  model.multiscale.summary_mode: —
  model.multiscale.causal_mode: —
  model.multiscale.gate_type: —
  data.input_seq_len: 128
  data.num_kv_pairs: 16
  data.vocab_size: 512
  data.train_examples: 20000  val_examples: 2000  test_examples: 2000
  data.fixed_examples: True
  data.min_query_pos: null
  train.lr: 0.0003
  train.epochs: 20
  num_parameters_trainable: 2898336
  tags(backbone,fusion,stride): multiscale_mamba2_lm, gated, 2
--- end resolved config ---
epoch 1/20 train loss=5.5484 acc=0.0049 em=0.0000 | val loss=5.5599 acc=0.0046 em=0.0000 | random≈0.0020
  saved best_loss.pt (val_answer_loss=5.559900)
  saved best_acc.pt (val_answer_accuracy=0.004562)
epoch 2/20 train loss=5.4823 acc=0.0264 em=0.0000 | val loss=5.5241 acc=0.0237 em=0.0000 | random≈0.0020
  saved best_loss.pt (val_answer_loss=5.524054)
  saved best_acc.pt (val_answer_accuracy=0.023656)
epoch 3/20 train loss=5.1254 acc=0.0665 em=0.0000 | val loss=5.2842 acc=0.0560 em=0.0000 | random≈0.0020
  saved best_loss.pt (val_answer_loss=5.284184)
  saved best_acc.pt (val_answer_accuracy=0.056031)
epoch 4/20 train loss=3.5244 acc=0.3312 em=0.0000 | val loss=3.7814 acc=0.2874 em=0.0000 | random≈0.0020
  saved best_loss.pt (val_answer_loss=3.781449)
  saved best_acc.pt (val_answer_accuracy=0.287406)
epoch 5/20 train loss=0.3641 acc=0.9418 em=0.3871 | val loss=0.4726 acc=0.9092 em=0.2095 | random≈0.0020
  saved best_loss.pt (val_answer_loss=0.472638)
  saved best_acc.pt (val_answer_accuracy=0.909188)
epoch 6/20 train loss=0.0589 acc=0.9949 em=0.9224 | val loss=0.1073 acc=0.9795 em=0.7175 | random≈0.0020
  saved best_loss.pt (val_answer_loss=0.107337)
  saved best_acc.pt (val_answer_accuracy=0.979531)
epoch 7/20 train loss=0.0176 acc=0.9996 em=0.9939 | val loss=0.0491 acc=0.9903 em=0.8580 | random≈0.0020
  saved best_loss.pt (val_answer_loss=0.049141)
  saved best_acc.pt (val_answer_accuracy=0.990344)
epoch 8/20 train loss=0.0076 acc=1.0000 em=0.9999 | val loss=0.0309 acc=0.9939 em=0.9085 | random≈0.0020
  saved best_loss.pt (val_answer_loss=0.030895)
  saved best_acc.pt (val_answer_accuracy=0.993906)
epoch 9/20 train loss=0.0046 acc=1.0000 em=1.0000 | val loss=0.0239 acc=0.9952 em=0.9270 | random≈0.0020
  saved best_loss.pt (val_answer_loss=0.023919)
  saved best_acc.pt (val_answer_accuracy=0.995250)
epoch 10/20 train loss=0.0033 acc=1.0000 em=1.0000 | val loss=0.0204 acc=0.9952 em=0.9265 | random≈0.0020
  saved best_loss.pt (val_answer_loss=0.020436)
epoch 11/20 train loss=0.0025 acc=1.0000 em=1.0000 | val loss=0.0182 acc=0.9961 em=0.9400 | random≈0.0020
  saved best_loss.pt (val_answer_loss=0.018215)
  saved best_acc.pt (val_answer_accuracy=0.996125)
epoch 12/20 train loss=0.0019 acc=1.0000 em=1.0000 | val loss=0.0166 acc=0.9959 em=0.9365 | random≈0.0020
  saved best_loss.pt (val_answer_loss=0.016571)
epoch 13/20 train loss=0.0016 acc=1.0000 em=1.0000 | val loss=0.0155 acc=0.9963 em=0.9440 | random≈0.0020
  saved best_loss.pt (val_answer_loss=0.015545)
  saved best_acc.pt (val_answer_accuracy=0.996344)
epoch 14/20 train loss=0.0013 acc=1.0000 em=1.0000 | val loss=0.0143 acc=0.9968 em=0.9485 | random≈0.0020
  saved best_loss.pt (val_answer_loss=0.014335)
  saved best_acc.pt (val_answer_accuracy=0.996750)
epoch 15/20 train loss=0.0011 acc=1.0000 em=1.0000 | val loss=0.0134 acc=0.9969 em=0.9520 | random≈0.0020
  saved best_loss.pt (val_answer_loss=0.013397)
  saved best_acc.pt (val_answer_accuracy=0.996938)
epoch 16/20 train loss=0.0009 acc=1.0000 em=1.0000 | val loss=0.0129 acc=0.9970 em=0.9525 | random≈0.0020
  saved best_loss.pt (val_answer_loss=0.012888)
epoch 17/20 train loss=0.0008 acc=1.0000 em=1.0000 | val loss=0.0123 acc=0.9971 em=0.9535 | random≈0.0020
  saved best_loss.pt (val_answer_loss=0.012306)
  saved best_acc.pt (val_answer_accuracy=0.997094)
epoch 18/20 train loss=0.0007 acc=1.0000 em=1.0000 | val loss=0.0118 acc=0.9972 em=0.9555 | random≈0.0020
  saved best_loss.pt (val_answer_loss=0.011839)
epoch 19/20 train loss=0.0006 acc=1.0000 em=1.0000 | val loss=0.0115 acc=0.9973 em=0.9565 | random≈0.0020
  saved best_loss.pt (val_answer_loss=0.011455)
  saved best_acc.pt (val_answer_accuracy=0.997281)
epoch 20/20 train loss=0.0005 acc=1.0000 em=1.0000 | val loss=0.0110 acc=0.9974 em=0.9580 | random≈0.0020
  saved best_loss.pt (val_answer_loss=0.010978)
test [best_loss_ckpt] loss=0.010046 acc=0.997469 em=0.959500
test [best_acc_ckpt]  loss=0.010492 acc=0.997250 em=0.956500 random_baseline≈0.001953
done. meta_metrics → /home/jovyan/shares/SR008.fs2/nvidenisov/other/repos/mamba/mamba_multi_scale_get_started/outputs/MQARFailureSweep/mqar_fail_ms_gated_right_init_v512_seed44/meta_metrics.csv
