experiment=archeval_lm_transformer_param_match_seed44 device=cuda:0 out_dir=/home/jovyan/shares/SR008.fs2/nvidenisov/other/repos/mamba/mamba_multi_scale_get_started/outputs/ArchEval/lm_transformer_param_match_seed44
early_stopping: patience=3 min_delta=0.0001 (disable with train.early_stopping.patience=0)
epoch 1/10 train_loss=3.4488 val_loss=3.0570 val_ppl=21.26 val_bpc=4.4103
  saved best.pt (val_loss=3.056971)
epoch 2/10 train_loss=2.9107 val_loss=2.7892 val_ppl=16.27 val_bpc=4.0239
  saved best.pt (val_loss=2.789180)
epoch 3/10 train_loss=2.7308 val_loss=2.6577 val_ppl=14.26 val_bpc=3.8342
  saved best.pt (val_loss=2.657683)
epoch 4/10 train_loss=2.6459 val_loss=2.5942 val_ppl=13.39 val_bpc=3.7427
  saved best.pt (val_loss=2.594236)
epoch 5/10 train_loss=2.5966 val_loss=2.5604 val_ppl=12.94 val_bpc=3.6939
  saved best.pt (val_loss=2.560402)
epoch 6/10 train_loss=2.5650 val_loss=2.5399 val_ppl=12.68 val_bpc=3.6643
  saved best.pt (val_loss=2.539934)
epoch 7/10 train_loss=2.5437 val_loss=2.5266 val_ppl=12.51 val_bpc=3.6451
  saved best.pt (val_loss=2.526621)
epoch 8/10 train_loss=2.5311 val_loss=2.5174 val_ppl=12.40 val_bpc=3.6319
  saved best.pt (val_loss=2.517408)
epoch 9/10 train_loss=2.5177 val_loss=2.5108 val_ppl=12.31 val_bpc=3.6223
  saved best.pt (val_loss=2.510811)
epoch 10/10 train_loss=2.5107 val_loss=2.5042 val_ppl=12.23 val_bpc=3.6127
  saved best.pt (val_loss=2.504151)
meta_metrics: train=30.20s eval=611.79s loop=643.19s setup=3.06s → meta_metrics.csv
