mqar_split_hashes: n_train=20000 uniq_train=20000 | n_val=2000 uniq_val=2000 | n_test=2000 uniq_test=2000
mqar_answer_positions[train]: min=16 mean=16.0000 max=16 (expected 16 per sample)
mqar_answer_positions[val]: min=16 mean=16.0000 max=16 (expected 16 per sample)
mqar_answer_positions[test]: min=16 mean=16.0000 max=16 (expected 16 per sample)
experiment=mqar_fail_transformer_param_match_v768_seed44 device=cuda:0 out_dir=/home/jovyan/shares/SR008.fs2/nvidenisov/other/repos/mamba/mamba_multi_scale_get_started/outputs/MQARFailureSweep/mqar_fail_transformer_param_match_v768_seed44
mqar data: fixed_examples=True random_baseline_acc≈1/vocab=0.001302 (vocab_size=768)
--- mqar resolved config (sanity) ---
  experiment.name: mqar_fail_transformer_param_match_v768_seed44
  model.backbone: transformer_lm
  model.layer_headdims: —
  model.multiscale.fast_layer_headdims: —
  model.multiscale.slow_layer_headdims: —
  model.multiscale.window_size: —
  model.multiscale.offsets: —
  model.multiscale.summary_mode: —
  model.multiscale.causal_mode: —
  model.multiscale.gate_type: —
  data.input_seq_len: 128
  data.num_kv_pairs: 16
  data.vocab_size: 768
  data.train_examples: 20000  val_examples: 2000  test_examples: 2000
  data.fixed_examples: True
  data.min_query_pos: null
  train.lr: 0.0003
  train.epochs: 20
  num_parameters_trainable: 3190768
  tags(backbone,fusion,stride): transformer_lm, , 
--- end resolved config ---
epoch 1/20 train loss=5.9636 acc=0.0029 em=0.0000 | val loss=5.9663 acc=0.0021 em=0.0000 | random≈0.0013
  saved best_loss.pt (val_answer_loss=5.966305)
  saved best_acc.pt (val_answer_accuracy=0.002063)
epoch 2/20 train loss=5.9558 acc=0.0030 em=0.0000 | val loss=5.9597 acc=0.0029 em=0.0000 | random≈0.0013
  saved best_loss.pt (val_answer_loss=5.959704)
  saved best_acc.pt (val_answer_accuracy=0.002875)
epoch 3/20 train loss=5.7702 acc=0.0484 em=0.0000 | val loss=5.8152 acc=0.0451 em=0.0000 | random≈0.0013
  saved best_loss.pt (val_answer_loss=5.815151)
  saved best_acc.pt (val_answer_accuracy=0.045094)
epoch 4/20 train loss=4.9477 acc=0.0830 em=0.0000 | val loss=5.0590 acc=0.0738 em=0.0000 | random≈0.0013
  saved best_loss.pt (val_answer_loss=5.058967)
  saved best_acc.pt (val_answer_accuracy=0.073781)
epoch 5/20 train loss=4.4118 acc=0.0935 em=0.0000 | val loss=4.5922 acc=0.0769 em=0.0000 | random≈0.0013
  saved best_loss.pt (val_answer_loss=4.592190)
  saved best_acc.pt (val_answer_accuracy=0.076938)
epoch 6/20 train loss=4.0450 acc=0.1028 em=0.0000 | val loss=4.2985 acc=0.0768 em=0.0000 | random≈0.0013
  saved best_loss.pt (val_answer_loss=4.298482)
epoch 7/20 train loss=3.7739 acc=0.1130 em=0.0000 | val loss=4.1015 acc=0.0769 em=0.0000 | random≈0.0013
  saved best_loss.pt (val_answer_loss=4.101504)
epoch 8/20 train loss=3.5716 acc=0.1226 em=0.0000 | val loss=3.9646 acc=0.0801 em=0.0000 | random≈0.0013
  saved best_loss.pt (val_answer_loss=3.964597)
  saved best_acc.pt (val_answer_accuracy=0.080094)
epoch 9/20 train loss=3.1907 acc=0.1952 em=0.0000 | val loss=3.6591 acc=0.1226 em=0.0000 | random≈0.0013
  saved best_loss.pt (val_answer_loss=3.659103)
  saved best_acc.pt (val_answer_accuracy=0.122563)
epoch 10/20 train loss=0.0017 acc=1.0000 em=0.9997 | val loss=0.0019 acc=1.0000 em=1.0000 | random≈0.0013
  saved best_loss.pt (val_answer_loss=0.001901)
  saved best_acc.pt (val_answer_accuracy=1.000000)
epoch 11/20 train loss=0.0005 acc=1.0000 em=1.0000 | val loss=0.0005 acc=1.0000 em=1.0000 | random≈0.0013
  saved best_loss.pt (val_answer_loss=0.000523)
epoch 12/20 train loss=0.0003 acc=1.0000 em=1.0000 | val loss=0.0003 acc=1.0000 em=1.0000 | random≈0.0013
  saved best_loss.pt (val_answer_loss=0.000280)
epoch 13/20 train loss=0.0002 acc=1.0000 em=1.0000 | val loss=0.0002 acc=1.0000 em=1.0000 | random≈0.0013
epoch 14/20 train loss=0.0001 acc=1.0000 em=1.0000 | val loss=0.0001 acc=1.0000 em=1.0000 | random≈0.0013
  saved best_loss.pt (val_answer_loss=0.000129)
epoch 15/20 train loss=0.0001 acc=1.0000 em=1.0000 | val loss=0.0001 acc=1.0000 em=1.0000 | random≈0.0013
epoch 16/20 train loss=0.0001 acc=1.0000 em=1.0000 | val loss=0.0001 acc=1.0000 em=1.0000 | random≈0.0013
epoch 17/20 train loss=0.0001 acc=1.0000 em=1.0000 | val loss=0.0001 acc=1.0000 em=1.0000 | random≈0.0013
epoch 18/20 train loss=0.0001 acc=1.0000 em=1.0000 | val loss=0.0001 acc=1.0000 em=1.0000 | random≈0.0013
early stopping at epoch 18: val answer_loss did not improve by min_delta=0.0001 for 4 epochs
test [best_loss_ckpt] loss=0.000128 acc=1.000000 em=1.000000
test [best_acc_ckpt]  loss=0.001851 acc=1.000000 em=1.000000 random_baseline≈0.001302
done. meta_metrics → /home/jovyan/shares/SR008.fs2/nvidenisov/other/repos/mamba/mamba_multi_scale_get_started/outputs/MQARFailureSweep/mqar_fail_transformer_param_match_v768_seed44/meta_metrics.csv
