mqar_split_hashes: n_train=20000 uniq_train=20000 | n_val=2000 uniq_val=2000 | n_test=2000 uniq_test=2000
mqar_answer_positions[train]: min=16 mean=16.0000 max=16 (expected 16 per sample)
mqar_answer_positions[val]: min=16 mean=16.0000 max=16 (expected 16 per sample)
mqar_answer_positions[test]: min=16 mean=16.0000 max=16 (expected 16 per sample)
experiment=mqar_fail_transformer_param_match_v1280_seed46 device=cuda:0 out_dir=/home/jovyan/shares/SR008.fs2/nvidenisov/other/repos/mamba/mamba_multi_scale_get_started/outputs/MQARFailureSweep/mqar_fail_transformer_param_match_v1280_seed46
mqar data: fixed_examples=True random_baseline_acc≈1/vocab=0.000781 (vocab_size=1280)
--- mqar resolved config (sanity) ---
  experiment.name: mqar_fail_transformer_param_match_v1280_seed46
  model.backbone: transformer_lm
  model.layer_headdims: —
  model.multiscale.fast_layer_headdims: —
  model.multiscale.slow_layer_headdims: —
  model.multiscale.window_size: —
  model.multiscale.offsets: —
  model.multiscale.summary_mode: —
  model.multiscale.causal_mode: —
  model.multiscale.gate_type: —
  data.input_seq_len: 128
  data.num_kv_pairs: 16
  data.vocab_size: 1280
  data.train_examples: 20000  val_examples: 2000  test_examples: 2000
  data.fixed_examples: True
  data.min_query_pos: null
  train.lr: 0.0003
  train.epochs: 20
  num_parameters_trainable: 3428848
  tags(backbone,fusion,stride): transformer_lm, , 
--- end resolved config ---
epoch 1/20 train loss=6.4754 acc=0.0019 em=0.0000 | val loss=6.4801 acc=0.0018 em=0.0000 | random≈0.0008
  saved best_loss.pt (val_answer_loss=6.480122)
  saved best_acc.pt (val_answer_accuracy=0.001844)
epoch 2/20 train loss=6.4698 acc=0.0018 em=0.0000 | val loss=6.4744 acc=0.0018 em=0.0000 | random≈0.0008
  saved best_loss.pt (val_answer_loss=6.474434)
epoch 3/20 train loss=6.4558 acc=0.0031 em=0.0000 | val loss=6.4668 acc=0.0031 em=0.0000 | random≈0.0008
  saved best_loss.pt (val_answer_loss=6.466835)
  saved best_acc.pt (val_answer_accuracy=0.003125)
epoch 4/20 train loss=5.9228 acc=0.0683 em=0.0000 | val loss=6.0132 acc=0.0638 em=0.0000 | random≈0.0008
  saved best_loss.pt (val_answer_loss=6.013244)
  saved best_acc.pt (val_answer_accuracy=0.063844)
epoch 5/20 train loss=5.3233 acc=0.0863 em=0.0000 | val loss=5.4860 acc=0.0734 em=0.0000 | random≈0.0008
  saved best_loss.pt (val_answer_loss=5.486011)
  saved best_acc.pt (val_answer_accuracy=0.073438)
epoch 6/20 train loss=4.8575 acc=0.0969 em=0.0000 | val loss=5.1058 acc=0.0759 em=0.0000 | random≈0.0008
  saved best_loss.pt (val_answer_loss=5.105840)
  saved best_acc.pt (val_answer_accuracy=0.075906)
epoch 7/20 train loss=4.4876 acc=0.1051 em=0.0000 | val loss=4.8187 acc=0.0758 em=0.0000 | random≈0.0008
  saved best_loss.pt (val_answer_loss=4.818686)
epoch 8/20 train loss=4.1938 acc=0.1149 em=0.0000 | val loss=4.6149 acc=0.0773 em=0.0000 | random≈0.0008
  saved best_loss.pt (val_answer_loss=4.614914)
  saved best_acc.pt (val_answer_accuracy=0.077313)
epoch 9/20 train loss=3.9503 acc=0.1287 em=0.0000 | val loss=4.4615 acc=0.0795 em=0.0000 | random≈0.0008
  saved best_loss.pt (val_answer_loss=4.461537)
  saved best_acc.pt (val_answer_accuracy=0.079531)
epoch 10/20 train loss=2.5414 acc=0.4314 em=0.0000 | val loss=3.0695 acc=0.3260 em=0.0000 | random≈0.0008
  saved best_loss.pt (val_answer_loss=3.069491)
  saved best_acc.pt (val_answer_accuracy=0.325969)
epoch 11/20 train loss=0.0024 acc=0.9999 em=0.9990 | val loss=0.0027 acc=0.9999 em=0.9980 | random≈0.0008
  saved best_loss.pt (val_answer_loss=0.002731)
  saved best_acc.pt (val_answer_accuracy=0.999875)
epoch 12/20 train loss=0.0007 acc=1.0000 em=1.0000 | val loss=0.0008 acc=1.0000 em=1.0000 | random≈0.0008
  saved best_loss.pt (val_answer_loss=0.000782)
  saved best_acc.pt (val_answer_accuracy=1.000000)
epoch 13/20 train loss=0.0004 acc=1.0000 em=1.0000 | val loss=0.0004 acc=1.0000 em=1.0000 | random≈0.0008
  saved best_loss.pt (val_answer_loss=0.000425)
epoch 14/20 train loss=0.0003 acc=1.0000 em=1.0000 | val loss=0.0003 acc=1.0000 em=1.0000 | random≈0.0008
  saved best_loss.pt (val_answer_loss=0.000274)
epoch 15/20 train loss=0.0002 acc=1.0000 em=1.0000 | val loss=0.0002 acc=1.0000 em=1.0000 | random≈0.0008
epoch 16/20 train loss=0.0001 acc=1.0000 em=1.0000 | val loss=0.0001 acc=1.0000 em=1.0000 | random≈0.0008
  saved best_loss.pt (val_answer_loss=0.000144)
epoch 17/20 train loss=0.0001 acc=1.0000 em=1.0000 | val loss=0.0001 acc=1.0000 em=1.0000 | random≈0.0008
epoch 18/20 train loss=0.0001 acc=1.0000 em=1.0000 | val loss=0.0001 acc=1.0000 em=1.0000 | random≈0.0008
epoch 19/20 train loss=0.0001 acc=1.0000 em=1.0000 | val loss=0.0001 acc=1.0000 em=1.0000 | random≈0.0008
epoch 20/20 train loss=0.0001 acc=1.0000 em=1.0000 | val loss=0.0001 acc=1.0000 em=1.0000 | random≈0.0008
early stopping at epoch 20: val answer_loss did not improve by min_delta=0.0001 for 4 epochs
test [best_loss_ckpt] loss=0.000146 acc=1.000000 em=1.000000
test [best_acc_ckpt]  loss=0.000806 acc=1.000000 em=1.000000 random_baseline≈0.000781
done. meta_metrics → /home/jovyan/shares/SR008.fs2/nvidenisov/other/repos/mamba/mamba_multi_scale_get_started/outputs/MQARFailureSweep/mqar_fail_transformer_param_match_v1280_seed46/meta_metrics.csv
