experiment=archeval_lm_transformer_latency_match device=cuda:0 out_dir=/home/jovyan/shares/SR008.fs2/nvidenisov/other/repos/mamba/mamba_multi_scale_get_started/outputs/ArchEval/lm_transformer_latency_match
early_stopping: patience=3 min_delta=0.0001 (disable with train.early_stopping.patience=0)
epoch 1/10 train_loss=3.6208 val_loss=3.1923 val_ppl=24.34 val_bpc=4.6055
  saved best.pt (val_loss=3.192305)
epoch 2/10 train_loss=3.0372 val_loss=2.9101 val_ppl=18.36 val_bpc=4.1984
  saved best.pt (val_loss=2.910139)
epoch 3/10 train_loss=2.8314 val_loss=2.7732 val_ppl=16.01 val_bpc=4.0009
  saved best.pt (val_loss=2.773230)
epoch 4/10 train_loss=2.7286 val_loss=2.6785 val_ppl=14.56 val_bpc=3.8642
  saved best.pt (val_loss=2.678480)
epoch 5/10 train_loss=2.6620 val_loss=2.6250 val_ppl=13.80 val_bpc=3.7871
  saved best.pt (val_loss=2.624992)
epoch 6/10 train_loss=2.6208 val_loss=2.5878 val_ppl=13.30 val_bpc=3.7334
  saved best.pt (val_loss=2.587815)
epoch 7/10 train_loss=2.5922 val_loss=2.5647 val_ppl=13.00 val_bpc=3.7000
  saved best.pt (val_loss=2.564668)
epoch 8/10 train_loss=2.5718 val_loss=2.5487 val_ppl=12.79 val_bpc=3.6770
  saved best.pt (val_loss=2.548703)
epoch 9/10 train_loss=2.5537 val_loss=2.5354 val_ppl=12.62 val_bpc=3.6577
  saved best.pt (val_loss=2.535357)
epoch 10/10 train_loss=2.5427 val_loss=2.5245 val_ppl=12.48 val_bpc=3.6421
  saved best.pt (val_loss=2.524527)
meta_metrics: train=16.78s eval=276.03s loop=294.46s setup=2.76s → meta_metrics.csv
