Resolved config:
 experiment:
  name: imdb_mamba2_baseline
  seed: 42
device: auto
data:
  dataset: imdb
  train_split: train
  eval_split: test
  text_key: text
  label_key: label
  tokenizer: bert-base-uncased
  max_length: 512
  train_subset: null
  eval_subset: null
loader:
  batch_size: 128
  num_workers: 0
  pin_memory: true
model:
  lit_class: mamba_heads_lit.MambaHeadsLitModule
  lit_init: {}
  d_model: 256
  num_classes: 2
  layer_headdims:
  - 32
  - 32
  - 32
  - 32
  - 32
  - 32
  - 32
  - 32
  mamba:
    d_state: 32
    d_conv: 4
    expand: 2
    ngroups: 1
train:
  epochs: 3
  optimizer: adamw
  lr: 0.0002
  weight_decay: 0.01
  devices: 1
  precision: 32
logging:
  output_dir: outputs/imdb_mamba2_baseline
  save_plots: true
  require_confusion_matrix: false

Device hint (data loaders): cuda
Loading tokenizer and HF dataset loaders...
Building Lightning module: mamba_heads_lit.MambaHeadsLitModule ...
Parameters: total=11,151,746 trainable=11,151,746
┏━━━┳━━━━━━━━━━┳━━━━━━━━━━━━━━━━━━━━━━┳━━━━━━━━┳━━━━━━━┳━━━━━━━┓
┃   ┃ Name     ┃ Type                 ┃ Params ┃ Mode  ┃ FLOPs ┃
┡━━━╇━━━━━━━━━━╇━━━━━━━━━━━━━━━━━━━━━━╇━━━━━━━━╇━━━━━━━╇━━━━━━━┩
│ 0 │ backbone │ MambaHeadsClassifier │ 11.2 M │ train │     0 │
│ 1 │ loss_fn  │ CrossEntropyLoss     │      0 │ train │     0 │
└───┴──────────┴──────────────────────┴────────┴───────┴───────┘
Trainable params: 11.2 M                                                                                                                                
Non-trainable params: 0                                                                                                                                 
Total params: 11.2 M                                                                                                                                    
Total estimated model params size (MB): 44                                                                                                              
Modules in train mode: 63                                                                                                                               
Modules in eval mode: 0                                                                                                                                 
Total FLOPs: 0                                                                                                                                          
Epoch 2/2  ━━━━━━━━━━━━━━━━━━━━━━━━━━━━━━━━━━━━━━━━ 196/196 0:00:12 • 0:00:00 16.31it/s train_loss: 0.028
Test Accuracy: 0.8576
Classification Report:
               precision    recall  f1-score   support

           0     0.9225    0.7807    0.8457     12500
           1     0.8099    0.9344    0.8677     12500

    accuracy                         0.8576     25000
   macro avg     0.8662    0.8576    0.8567     25000
weighted avg     0.8662    0.8576    0.8567     25000

Testing ━━━━━━━━━━━━━━━━━━━━━━━━━━━━━━━━━━━━━━━━ 196/196 0:00:09 • 0:00:00 21.51it/s  
Saved: outputs/imdb_mamba2_baseline/train_loss.png
Saved: outputs/imdb_mamba2_baseline/confusion_matrix.png
