Resolved config:
 experiment:
  name: imdb_mamba2_baseline__seed_43
  seed: 43
device: auto
data:
  dataset: imdb
  train_split: train
  eval_split: test
  text_key: text
  label_key: label
  tokenizer: bert-base-uncased
  max_length: 512
  train_subset: null
  eval_subset: null
loader:
  batch_size: 256
  num_workers: 64
  pin_memory: true
model:
  lit_class: mamba_heads_lit.MambaHeadsLitModule
  lit_init: {}
  d_model: 256
  num_classes: 2
  layer_headdims:
  - 32
  - 32
  - 32
  - 32
  - 32
  - 32
  - 32
  - 32
  mamba:
    d_state: 32
    d_conv: 4
    expand: 2
    ngroups: 1
train:
  epochs: 3
  optimizer: adamw
  lr: 0.0002
  weight_decay: 0.01
  devices: 1
  precision: 32
  float32_matmul_precision: high
logging:
  output_dir: outputs/imdb_mamba2_baseline__seed_43
  save_metrics: true
  save_plots: true
  plotly_include_js: cdn
  require_confusion_matrix: false
  tensorboard: true
  tensorboard_subdir: tensorboard
  tensorboard_log_every_n_steps: 50

Device hint (data loaders): cuda
Saved resolved config snapshot: outputs/imdb_mamba2_baseline__seed_43/resolved_config.yaml
Loading tokenizer and HF dataset loaders...
Building Lightning module: mamba_heads_lit.MambaHeadsLitModule ...
Parameters: total=11,151,746 trainable=11,151,746
TensorBoard: logdir=outputs/imdb_mamba2_baseline__seed_43/tensorboard/version_1
┏━━━┳━━━━━━━━━━┳━━━━━━━━━━━━━━━━━━━━━━┳━━━━━━━━┳━━━━━━━┳━━━━━━━┓
┃   ┃ Name     ┃ Type                 ┃ Params ┃ Mode  ┃ FLOPs ┃
┡━━━╇━━━━━━━━━━╇━━━━━━━━━━━━━━━━━━━━━━╇━━━━━━━━╇━━━━━━━╇━━━━━━━┩
│ 0 │ backbone │ MambaHeadsClassifier │ 11.2 M │ train │     0 │
│ 1 │ loss_fn  │ CrossEntropyLoss     │      0 │ train │     0 │
└───┴──────────┴──────────────────────┴────────┴───────┴───────┘
Trainable params: 11.2 M                                                                                                                                
Non-trainable params: 0                                                                                                                                 
Total params: 11.2 M                                                                                                                                    
Total estimated model params size (MB): 44                                                                                                              
Modules in train mode: 63                                                                                                                               
Modules in eval mode: 0                                                                                                                                 
Total FLOPs: 0                                                                                                                                          
Epoch 2/2  ━━━━━━━━━━━━━━━━━━━━━━━━━━━━━━━━━━━━━━━━ 98/98 0:00:09 • 0:00:00 12.34it/s v_num: 1.000 train_loss: 0.163
Test Accuracy: 0.8568
Classification Report:
               precision    recall  f1-score   support

           0     0.9088    0.7932    0.8471     12500
           1     0.8165    0.9204    0.8654     12500

    accuracy                         0.8568     25000
   macro avg     0.8627    0.8568    0.8562     25000
weighted avg     0.8627    0.8568    0.8562     25000

┏━━━━━━━━━━━━━━━━━━━━━━━━━━━┳━━━━━━━━━━━━━━━━━━━━━━━━━━━┓
┃        Test metric        ┃       DataLoader 0        ┃
┡━━━━━━━━━━━━━━━━━━━━━━━━━━━╇━━━━━━━━━━━━━━━━━━━━━━━━━━━┩
│       test/accuracy       │    0.8568000197410583     │
│       test/f1_macro       │    0.8562183976173401     │
│     test/f1_weighted      │    0.8562183976173401     │
│         test/loss         │    0.3493228256702423     │
└───────────────────────────┴───────────────────────────┘
Testing ━━━━━━━━━━━━━━━━━━━━━━━━━━━━━━━━━━━━━━━━ 98/98 0:00:02 • 0:00:00 48.29it/s  
Saved: outputs/imdb_mamba2_baseline__seed_43/metrics.csv
Saved: outputs/imdb_mamba2_baseline__seed_43/train_loss.html
Saved: outputs/imdb_mamba2_baseline__seed_43/confusion_matrix.html
Saved: outputs/imdb_mamba2_baseline__seed_43/interactive_report.html
