Resolved config:
 experiment:
  name: imdb_mamba2_baseline__seed_42__128_d_model
  seed: 42
device: auto
data:
  dataset: imdb
  train_split: train
  eval_split: test
  text_key: text
  label_key: label
  tokenizer: bert-base-uncased
  max_length: 512
  train_subset: null
  eval_subset: null
loader:
  batch_size: 256
  num_workers: 64
  pin_memory: true
model:
  lit_class: classifier_lit.SequenceClassifierLitModule
  backbone: mamba
  d_model: 128
  num_classes: 2
  layer_headdims:
  - 32
  - 32
  - 32
  - 32
  - 32
  - 32
  - 32
  - 32
  mamba:
    d_state: 32
    d_conv: 4
    expand: 2
    ngroups: 1
  rnn:
    hidden_size: 256
    num_layers: 2
    dropout: 0.1
    bidirectional: false
train:
  epochs: 3
  optimizer: adamw
  lr: 0.0002
  weight_decay: 0.01
  devices: 1
  precision: 32
  float32_matmul_precision: high
logging:
  output_dir: outputs/imdb_mamba2_baseline__seed_42__128_d_model
  save_metrics: true
  save_plots: true
  plotly_include_js: cdn
  require_confusion_matrix: false
  tensorboard: true
  tensorboard_subdir: tensorboard
  tensorboard_log_every_n_steps: 50

Device hint (data loaders): cuda
Saved resolved config snapshot: outputs/imdb_mamba2_baseline__seed_42__128_d_model/resolved_config.yaml
Loading tokenizer and HF dataset loaders...
Building Lightning module: classifier_lit.SequenceClassifierLitModule ...
Parameters: total=4,782,530 trainable=4,782,530
TensorBoard: logdir=outputs/imdb_mamba2_baseline__seed_42__128_d_model/tensorboard/version_1
┏━━━┳━━━━━━━━━━┳━━━━━━━━━━━━━━━━━━━━━━┳━━━━━━━━┳━━━━━━━┳━━━━━━━┓
┃   ┃ Name     ┃ Type                 ┃ Params ┃ Mode  ┃ FLOPs ┃
┡━━━╇━━━━━━━━━━╇━━━━━━━━━━━━━━━━━━━━━━╇━━━━━━━━╇━━━━━━━╇━━━━━━━┩
│ 0 │ backbone │ MambaHeadsClassifier │  4.8 M │ train │     0 │
│ 1 │ loss_fn  │ CrossEntropyLoss     │      0 │ train │     0 │
└───┴──────────┴──────────────────────┴────────┴───────┴───────┘
Trainable params: 4.8 M                                                                                                                                 
Non-trainable params: 0                                                                                                                                 
Total params: 4.8 M                                                                                                                                     
Total estimated model params size (MB): 19                                                                                                              
Modules in train mode: 63                                                                                                                               
Modules in eval mode: 0                                                                                                                                 
Total FLOPs: 0                                                                                                                                          
Epoch 2/2  ━━━━━━━━━━━━━━━━━━━━━━━━━━━━━━━━━━━━━━━━ 98/98 0:00:06 • 0:00:00 18.95it/s v_num: 1.000 train_loss: 0.228
Test Accuracy: 0.7810
Classification Report:
               precision    recall  f1-score   support

           0     0.9234    0.6130    0.7368     12500
           1     0.7103    0.9491    0.8125     12500

    accuracy                         0.7810     25000
   macro avg     0.8168    0.7810    0.7747     25000
weighted avg     0.8168    0.7810    0.7747     25000

┏━━━━━━━━━━━━━━━━━━━━━━━━━━━┳━━━━━━━━━━━━━━━━━━━━━━━━━━━┓
┃        Test metric        ┃       DataLoader 0        ┃
┡━━━━━━━━━━━━━━━━━━━━━━━━━━━╇━━━━━━━━━━━━━━━━━━━━━━━━━━━┩
│       test/accuracy       │    0.7810400128364563     │
│       test/f1_macro       │    0.7746743559837341     │
│     test/f1_weighted      │    0.7746743559837341     │
│         test/loss         │    0.5067091584205627     │
└───────────────────────────┴───────────────────────────┘
Testing ━━━━━━━━━━━━━━━━━━━━━━━━━━━━━━━━━━━━━━━━ 98/98 0:00:01 • 0:00:00 80.91it/s  
Saved: outputs/imdb_mamba2_baseline__seed_42__128_d_model/metrics.csv
Saved: outputs/imdb_mamba2_baseline__seed_42__128_d_model/train_loss.html
Saved: outputs/imdb_mamba2_baseline__seed_42__128_d_model/confusion_matrix.html
Saved: outputs/imdb_mamba2_baseline__seed_42__128_d_model/interactive_report.html
