Resolved config:
 experiment:
  name: imdb_mamba2_baseline__seed_42__12_layers
  seed: 42
device: auto
data:
  dataset: imdb
  train_split: train
  eval_split: test
  text_key: text
  label_key: label
  tokenizer: bert-base-uncased
  max_length: 512
  train_subset: null
  eval_subset: null
loader:
  batch_size: 256
  num_workers: 64
  pin_memory: true
model:
  lit_class: classifier_lit.SequenceClassifierLitModule
  backbone: mamba
  d_model: 256
  num_classes: 2
  layer_headdims:
  - 32
  - 32
  - 32
  - 32
  - 32
  - 32
  - 32
  - 32
  - 32
  - 32
  - 32
  - 32
  mamba:
    d_state: 32
    d_conv: 4
    expand: 2
    ngroups: 1
  rnn:
    hidden_size: 256
    num_layers: 2
    dropout: 0.1
    bidirectional: false
train:
  epochs: 3
  optimizer: adamw
  lr: 0.0002
  weight_decay: 0.01
  devices: 1
  precision: 32
  float32_matmul_precision: high
logging:
  output_dir: outputs/imdb_mamba2_baseline__seed_42__12_layers
  save_metrics: true
  save_plots: true
  plotly_include_js: cdn
  require_confusion_matrix: false
  tensorboard: true
  tensorboard_subdir: tensorboard
  tensorboard_log_every_n_steps: 50

Device hint (data loaders): cuda
Saved resolved config snapshot: outputs/imdb_mamba2_baseline__seed_42__12_layers/resolved_config.yaml
Loading tokenizer and HF dataset loaders...
Building Lightning module: classifier_lit.SequenceClassifierLitModule ...
Parameters: total=12,820,290 trainable=12,820,290
TensorBoard: logdir=outputs/imdb_mamba2_baseline__seed_42__12_layers/tensorboard/version_0
┏━━━┳━━━━━━━━━━┳━━━━━━━━━━━━━━━━━━━━━━┳━━━━━━━━┳━━━━━━━┳━━━━━━━┓
┃   ┃ Name     ┃ Type                 ┃ Params ┃ Mode  ┃ FLOPs ┃
┡━━━╇━━━━━━━━━━╇━━━━━━━━━━━━━━━━━━━━━━╇━━━━━━━━╇━━━━━━━╇━━━━━━━┩
│ 0 │ backbone │ MambaHeadsClassifier │ 12.8 M │ train │     0 │
│ 1 │ loss_fn  │ CrossEntropyLoss     │      0 │ train │     0 │
└───┴──────────┴──────────────────────┴────────┴───────┴───────┘
Trainable params: 12.8 M                                                                                                                                
Non-trainable params: 0                                                                                                                                 
Total params: 12.8 M                                                                                                                                    
Total estimated model params size (MB): 51                                                                                                              
Modules in train mode: 91                                                                                                                               
Modules in eval mode: 0                                                                                                                                 
Total FLOPs: 0                                                                                                                                          
Epoch 2/2  ━━━━━━━━━━━━━━━━━━━━━━━━━━━━━━━━━━━━━━━━ 98/98 0:00:13 • 0:00:00 8.38it/s v_num: 0.000 train_loss: 0.185
Test Accuracy: 0.8360
Classification Report:
               precision    recall  f1-score   support

           0     0.9177    0.7382    0.8182     12500
           1     0.7810    0.9338    0.8506     12500

    accuracy                         0.8360     25000
   macro avg     0.8494    0.8360    0.8344     25000
weighted avg     0.8494    0.8360    0.8344     25000

┏━━━━━━━━━━━━━━━━━━━━━━━━━━━┳━━━━━━━━━━━━━━━━━━━━━━━━━━━┓
┃        Test metric        ┃       DataLoader 0        ┃
┡━━━━━━━━━━━━━━━━━━━━━━━━━━━╇━━━━━━━━━━━━━━━━━━━━━━━━━━━┩
│       test/accuracy       │    0.8360000252723694     │
│       test/f1_macro       │    0.8344175219535828     │
│     test/f1_weighted      │    0.8344175219535828     │
│         test/loss         │     0.405182808637619     │
└───────────────────────────┴───────────────────────────┘
Testing ━━━━━━━━━━━━━━━━━━━━━━━━━━━━━━━━━━━━━━━━ 98/98 0:00:03 • 0:00:00 32.35it/s  
Saved: outputs/imdb_mamba2_baseline__seed_42__12_layers/metrics.csv
Saved: outputs/imdb_mamba2_baseline__seed_42__12_layers/train_loss.html
Saved: outputs/imdb_mamba2_baseline__seed_42__12_layers/confusion_matrix.html
Saved: outputs/imdb_mamba2_baseline__seed_42__12_layers/interactive_report.html
