Loading tokenizer and dataset...
Downloading readme: 100%|██████████████████████████████████████████████████████████████████████████████████████████| 7.81k/7.81k [00:00<00:00, 13.6kB/s]
Downloading data: 100%|████████████████████████████████████████████████████████████████████████████████████████████| 21.0M/21.0M [00:01<00:00, 19.8MB/s]
Downloading data: 100%|████████████████████████████████████████████████████████████████████████████████████████████| 20.5M/20.5M [00:00<00:00, 31.3MB/s]
Downloading data: 100%|████████████████████████████████████████████████████████████████████████████████████████████| 42.0M/42.0M [00:00<00:00, 46.4MB/s]
Generating train split: 100%|██████████████████████████████████████████████████████████████████████████| 25000/25000 [00:00<00:00, 158002.31 examples/s]
Generating test split: 100%|███████████████████████████████████████████████████████████████████████████| 25000/25000 [00:00<00:00, 209313.74 examples/s]
Generating unsupervised split: 100%|███████████████████████████████████████████████████████████████████| 50000/50000 [00:00<00:00, 219565.57 examples/s]
Building model...
Parameters: total=11,151,746 trainable=11,151,746
100%|█████████████████████████████████████████████████████████████████████████████████████████████████████████████████| 196/196 [01:55<00:00,  1.69it/s]
Epoch 1/3 - train_loss: 0.5399
100%|█████████████████████████████████████████████████████████████████████████████████████████████████████████████████| 196/196 [00:17<00:00, 11.28it/s]
Epoch 2/3 - train_loss: 0.2166
100%|█████████████████████████████████████████████████████████████████████████████████████████████████████████████████| 196/196 [00:17<00:00, 11.26it/s]
Epoch 3/3 - train_loss: 0.0262
Evaluating on test set...
Test Accuracy: 0.8297
Classification Report:
               precision    recall  f1-score   support

           0     0.7663    0.9487    0.8478     12500
           1     0.9327    0.7106    0.8067     12500

    accuracy                         0.8297     25000
   macro avg     0.8495    0.8297    0.8272     25000
weighted avg     0.8495    0.8297    0.8272     25000

Saved: outputs/train_loss.png
Saved: outputs/confusion_matrix.png

