mqar_split_hashes: n_train=20000 uniq_train=20000 | n_val=2000 uniq_val=2000 | n_test=2000 uniq_test=2000
mqar_answer_positions[train]: min=16 mean=16.0000 max=16 (expected 16 per sample)
mqar_answer_positions[val]: min=16 mean=16.0000 max=16 (expected 16 per sample)
mqar_answer_positions[test]: min=16 mean=16.0000 max=16 (expected 16 per sample)
experiment=mqar_final_transition768_mamba2_depth4_L128_minnull_kv16_vocab768_train20000_seed44 device=cuda:0 out_dir=/home/jovyan/shares/SR008.fs2/nvidenisov/other/repos/mamba/mamba_multi_scale_get_started/outputs/MQAR/mqar_final_transition768_mamba2_depth4_L128_minnull_kv16_vocab768_train20000_seed44
mqar data: fixed_examples=True random_baseline_acc≈1/vocab=0.001302 (vocab_size=768)
--- mqar resolved config (sanity) ---
  experiment.name: mqar_final_transition768_mamba2_depth4_L128_minnull_kv16_vocab768_train20000_seed44
  model.backbone: mamba2_lm
  model.layer_headdims: [32, 32, 32, 32]
  model.multiscale.fast_layer_headdims: —
  model.multiscale.slow_layer_headdims: —
  data.input_seq_len: 128
  data.num_kv_pairs: 16
  data.vocab_size: 768
  data.train_examples: 20000  val_examples: 2000  test_examples: 2000
  data.fixed_examples: True
  data.min_query_pos: null
  train.lr: 0.0003
  train.epochs: 20
  num_parameters_trainable: 2063040
  tags(backbone,fusion,stride): mamba2_lm, , 
--- end resolved config ---
epoch 1/20 train loss=5.9555 acc=0.0033 em=0.0000 | val loss=5.9694 acc=0.0022 em=0.0000 | random≈0.0013
  saved best_loss.pt (val_answer_loss=5.969369)
  saved best_acc.pt (val_answer_accuracy=0.002188)
epoch 2/20 train loss=5.9352 acc=0.0046 em=0.0000 | val loss=5.9696 acc=0.0026 em=0.0000 | random≈0.0013
  saved best_acc.pt (val_answer_accuracy=0.002563)
epoch 3/20 train loss=5.8294 acc=0.0206 em=0.0000 | val loss=5.9631 acc=0.0140 em=0.0000 | random≈0.0013
  saved best_loss.pt (val_answer_loss=5.963060)
  saved best_acc.pt (val_answer_accuracy=0.014000)
epoch 4/20 train loss=5.5672 acc=0.0489 em=0.0000 | val loss=5.9219 acc=0.0328 em=0.0000 | random≈0.0013
  saved best_loss.pt (val_answer_loss=5.921930)
  saved best_acc.pt (val_answer_accuracy=0.032813)
epoch 5/20 train loss=5.2215 acc=0.0818 em=0.0000 | val loss=5.9289 acc=0.0395 em=0.0000 | random≈0.0013
  saved best_acc.pt (val_answer_accuracy=0.039531)
epoch 6/20 train loss=4.8081 acc=0.1361 em=0.0000 | val loss=5.9741 acc=0.0397 em=0.0000 | random≈0.0013
  saved best_acc.pt (val_answer_accuracy=0.039719)
epoch 7/20 train loss=4.3575 acc=0.2031 em=0.0000 | val loss=5.9503 acc=0.0549 em=0.0000 | random≈0.0013
  saved best_acc.pt (val_answer_accuracy=0.054906)
epoch 8/20 train loss=3.8395 acc=0.2865 em=0.0000 | val loss=5.7823 acc=0.0849 em=0.0000 | random≈0.0013
  saved best_loss.pt (val_answer_loss=5.782300)
  saved best_acc.pt (val_answer_accuracy=0.084906)
epoch 9/20 train loss=3.1609 acc=0.4106 em=0.0000 | val loss=5.1969 acc=0.1441 em=0.0000 | random≈0.0013
  saved best_loss.pt (val_answer_loss=5.196870)
  saved best_acc.pt (val_answer_accuracy=0.144094)
epoch 10/20 train loss=1.3260 acc=0.7816 em=0.0158 | val loss=2.4246 acc=0.5191 em=0.0000 | random≈0.0013
  saved best_loss.pt (val_answer_loss=2.424592)
  saved best_acc.pt (val_answer_accuracy=0.519062)
epoch 11/20 train loss=0.1712 acc=0.9826 em=0.7580 | val loss=0.4517 acc=0.9114 em=0.2355 | random≈0.0013
  saved best_loss.pt (val_answer_loss=0.451742)
  saved best_acc.pt (val_answer_accuracy=0.911438)
epoch 12/20 train loss=0.0385 acc=0.9988 em=0.9815 | val loss=0.1607 acc=0.9667 em=0.5760 | random≈0.0013
  saved best_loss.pt (val_answer_loss=0.160660)
  saved best_acc.pt (val_answer_accuracy=0.966688)
epoch 13/20 train loss=0.0151 acc=1.0000 em=0.9997 | val loss=0.0945 acc=0.9805 em=0.7325 | random≈0.0013
  saved best_loss.pt (val_answer_loss=0.094482)
  saved best_acc.pt (val_answer_accuracy=0.980500)
epoch 14/20 train loss=0.0091 acc=1.0000 em=1.0000 | val loss=0.0715 acc=0.9844 em=0.7795 | random≈0.0013
  saved best_loss.pt (val_answer_loss=0.071503)
  saved best_acc.pt (val_answer_accuracy=0.984406)
epoch 15/20 train loss=0.0065 acc=1.0000 em=1.0000 | val loss=0.0595 acc=0.9867 em=0.8100 | random≈0.0013
  saved best_loss.pt (val_answer_loss=0.059473)
  saved best_acc.pt (val_answer_accuracy=0.986656)
epoch 16/20 train loss=0.0050 acc=1.0000 em=1.0000 | val loss=0.0516 acc=0.9882 em=0.8300 | random≈0.0013
  saved best_loss.pt (val_answer_loss=0.051633)
  saved best_acc.pt (val_answer_accuracy=0.988250)
epoch 17/20 train loss=0.0040 acc=1.0000 em=1.0000 | val loss=0.0462 acc=0.9892 em=0.8445 | random≈0.0013
  saved best_loss.pt (val_answer_loss=0.046156)
  saved best_acc.pt (val_answer_accuracy=0.989187)
epoch 18/20 train loss=0.0033 acc=1.0000 em=1.0000 | val loss=0.0415 acc=0.9903 em=0.8580 | random≈0.0013
  saved best_loss.pt (val_answer_loss=0.041451)
  saved best_acc.pt (val_answer_accuracy=0.990313)
epoch 19/20 train loss=0.0027 acc=1.0000 em=1.0000 | val loss=0.0382 acc=0.9908 em=0.8615 | random≈0.0013
  saved best_loss.pt (val_answer_loss=0.038196)
  saved best_acc.pt (val_answer_accuracy=0.990750)
epoch 20/20 train loss=0.0023 acc=1.0000 em=1.0000 | val loss=0.0342 acc=0.9919 em=0.8770 | random≈0.0013
  saved best_loss.pt (val_answer_loss=0.034232)
  saved best_acc.pt (val_answer_accuracy=0.991875)
test [best_loss_ckpt] loss=0.032711 acc=0.992906 em=0.891000
test [best_acc_ckpt]  loss=0.032711 acc=0.992906 em=0.891000 random_baseline≈0.001302
done. meta_metrics → /home/jovyan/shares/SR008.fs2/nvidenisov/other/repos/mamba/mamba_multi_scale_get_started/outputs/MQAR/mqar_final_transition768_mamba2_depth4_L128_minnull_kv16_vocab768_train20000_seed44/meta_metrics.csv
