mqar_split_hashes: n_train=20000 uniq_train=20000 | n_val=2000 uniq_val=2000 | n_test=2000 uniq_test=2000
mqar_answer_positions[train]: min=16 mean=16.0000 max=16 (expected 16 per sample)
mqar_answer_positions[val]: min=16 mean=16.0000 max=16 (expected 16 per sample)
mqar_answer_positions[test]: min=16 mean=16.0000 max=16 (expected 16 per sample)
experiment=archeval_mqar_trans704_ms_gated_right_init_equal_param_seed44 device=cuda:0 out_dir=/home/jovyan/shares/SR008.fs2/nvidenisov/other/repos/mamba/mamba_multi_scale_get_started/outputs/ArchEval/mqar_trans704_ms_gated_right_init_equal_param_seed44
mqar data: fixed_examples=True random_baseline_acc≈1/vocab=0.001420 (vocab_size=704)
--- mqar resolved config (sanity) ---
  experiment.name: archeval_mqar_trans704_ms_gated_right_init_equal_param_seed44
  model.backbone: multiscale_mamba2_lm
  model.layer_headdims: [16, 16, 16, 16]
  model.multiscale.fast_layer_headdims: [16, 16, 16, 16]
  model.multiscale.slow_layer_headdims: [16, 16]
  model.multiscale.window_size: —
  model.multiscale.offsets: —
  model.multiscale.summary_mode: —
  model.multiscale.causal_mode: —
  model.multiscale.gate_type: —
  data.input_seq_len: 128
  data.num_kv_pairs: 16
  data.vocab_size: 704
  data.train_examples: 20000  val_examples: 2000  test_examples: 2000
  data.fixed_examples: True
  data.min_query_pos: null
  train.lr: 0.0003
  train.epochs: 20
  num_parameters_trainable: 1998800
  tags(backbone,fusion,stride): multiscale_mamba2_lm, gated, 2
--- end resolved config ---
epoch 1/20 train loss=5.8715 acc=0.0034 em=0.0000 | val loss=5.8795 acc=0.0033 em=0.0000 | random≈0.0014
  saved best_loss.pt (val_answer_loss=5.879462)
  saved best_acc.pt (val_answer_accuracy=0.003312)
epoch 2/20 train loss=5.8536 acc=0.0070 em=0.0000 | val loss=5.8744 acc=0.0054 em=0.0000 | random≈0.0014
  saved best_loss.pt (val_answer_loss=5.874404)
  saved best_acc.pt (val_answer_accuracy=0.005406)
epoch 3/20 train loss=5.7466 acc=0.0303 em=0.0000 | val loss=5.8219 acc=0.0257 em=0.0000 | random≈0.0014
  saved best_loss.pt (val_answer_loss=5.821869)
  saved best_acc.pt (val_answer_accuracy=0.025687)
epoch 4/20 train loss=5.4622 acc=0.0634 em=0.0000 | val loss=5.6507 acc=0.0517 em=0.0000 | random≈0.0014
  saved best_loss.pt (val_answer_loss=5.650729)
  saved best_acc.pt (val_answer_accuracy=0.051750)
epoch 5/20 train loss=3.2093 acc=0.4210 em=0.0000 | val loss=3.3693 acc=0.3875 em=0.0000 | random≈0.0014
  saved best_loss.pt (val_answer_loss=3.369315)
  saved best_acc.pt (val_answer_accuracy=0.387531)
epoch 6/20 train loss=0.2675 acc=0.9908 em=0.8642 | val loss=0.3227 acc=0.9823 em=0.7555 | random≈0.0014
  saved best_loss.pt (val_answer_loss=0.322701)
  saved best_acc.pt (val_answer_accuracy=0.982344)
epoch 7/20 train loss=0.0379 acc=0.9997 em=0.9960 | val loss=0.0581 acc=0.9964 em=0.9445 | random≈0.0014
  saved best_loss.pt (val_answer_loss=0.058111)
  saved best_acc.pt (val_answer_accuracy=0.996375)
epoch 8/20 train loss=0.0162 acc=1.0000 em=1.0000 | val loss=0.0287 acc=0.9982 em=0.9720 | random≈0.0014
  saved best_loss.pt (val_answer_loss=0.028690)
  saved best_acc.pt (val_answer_accuracy=0.998250)
epoch 9/20 train loss=0.0098 acc=1.0000 em=1.0000 | val loss=0.0191 acc=0.9988 em=0.9805 | random≈0.0014
  saved best_loss.pt (val_answer_loss=0.019093)
  saved best_acc.pt (val_answer_accuracy=0.998781)
epoch 10/20 train loss=0.0069 acc=1.0000 em=1.0000 | val loss=0.0144 acc=0.9991 em=0.9850 | random≈0.0014
  saved best_loss.pt (val_answer_loss=0.014350)
  saved best_acc.pt (val_answer_accuracy=0.999062)
epoch 11/20 train loss=0.0052 acc=1.0000 em=1.0000 | val loss=0.0115 acc=0.9991 em=0.9860 | random≈0.0014
  saved best_loss.pt (val_answer_loss=0.011537)
epoch 12/20 train loss=0.0040 acc=1.0000 em=1.0000 | val loss=0.0095 acc=0.9992 em=0.9865 | random≈0.0014
  saved best_loss.pt (val_answer_loss=0.009480)
epoch 13/20 train loss=0.0032 acc=1.0000 em=1.0000 | val loss=0.0081 acc=0.9993 em=0.9885 | random≈0.0014
  saved best_loss.pt (val_answer_loss=0.008101)
  saved best_acc.pt (val_answer_accuracy=0.999281)
epoch 14/20 train loss=0.0027 acc=1.0000 em=1.0000 | val loss=0.0070 acc=0.9993 em=0.9895 | random≈0.0014
  saved best_loss.pt (val_answer_loss=0.006963)
epoch 15/20 train loss=0.0022 acc=1.0000 em=1.0000 | val loss=0.0061 acc=0.9994 em=0.9900 | random≈0.0014
  saved best_loss.pt (val_answer_loss=0.006112)
epoch 16/20 train loss=0.0019 acc=1.0000 em=1.0000 | val loss=0.0055 acc=0.9994 em=0.9900 | random≈0.0014
  saved best_loss.pt (val_answer_loss=0.005505)
epoch 17/20 train loss=0.0016 acc=1.0000 em=1.0000 | val loss=0.0049 acc=0.9994 em=0.9900 | random≈0.0014
  saved best_loss.pt (val_answer_loss=0.004937)
epoch 18/20 train loss=0.0014 acc=1.0000 em=1.0000 | val loss=0.0044 acc=0.9995 em=0.9915 | random≈0.0014
  saved best_loss.pt (val_answer_loss=0.004430)
  saved best_acc.pt (val_answer_accuracy=0.999469)
epoch 19/20 train loss=0.0012 acc=1.0000 em=1.0000 | val loss=0.0040 acc=0.9995 em=0.9920 | random≈0.0014
  saved best_loss.pt (val_answer_loss=0.004014)
epoch 20/20 train loss=0.0011 acc=1.0000 em=1.0000 | val loss=0.0037 acc=0.9995 em=0.9920 | random≈0.0014
  saved best_loss.pt (val_answer_loss=0.003674)
test [best_loss_ckpt] loss=0.003292 acc=0.999625 em=0.994000
test [best_acc_ckpt]  loss=0.004000 acc=0.999531 em=0.992500 random_baseline≈0.001420
done. meta_metrics → /home/jovyan/shares/SR008.fs2/nvidenisov/other/repos/mamba/mamba_multi_scale_get_started/outputs/ArchEval/mqar_trans704_ms_gated_right_init_equal_param_seed44/meta_metrics.csv
