experiment=tiny_shakespeare_multiscale_gated_mamba2_random_windows_block_size_1024_stride_16 device=cuda:0 out_dir=/home/jovyan/shares/SR008.fs2/nvidenisov/other/repos/mamba/mamba_multi_scale_get_started/outputs/TinyShakespeare/tiny_shakespeare_multiscale_gated_mamba2_random_windows_block_size_1024_stride_16
early_stopping: patience=3 min_delta=0.0001 (disable with train.early_stopping.patience=0)
epoch 1/10 train_loss=3.0323 val_loss=2.4793 val_ppl=11.93 val_bpc=3.5769
  saved best.pt (val_loss=2.479294)
epoch 2/10 train_loss=2.2594 val_loss=2.1483 val_ppl=8.57 val_bpc=3.0993
  saved best.pt (val_loss=2.148274)
epoch 3/10 train_loss=1.9832 val_loss=1.9760 val_ppl=7.21 val_bpc=2.8507
  saved best.pt (val_loss=1.975975)
epoch 4/10 train_loss=1.7990 val_loss=1.8663 val_ppl=6.46 val_bpc=2.6925
  saved best.pt (val_loss=1.866285)
epoch 5/10 train_loss=1.6713 val_loss=1.7835 val_ppl=5.95 val_bpc=2.5730
  saved best.pt (val_loss=1.783463)
epoch 6/10 train_loss=1.5743 val_loss=1.7208 val_ppl=5.59 val_bpc=2.4826
  saved best.pt (val_loss=1.720827)
epoch 7/10 train_loss=1.5060 val_loss=1.6675 val_ppl=5.30 val_bpc=2.4057
  saved best.pt (val_loss=1.667487)
epoch 8/10 train_loss=1.4513 val_loss=1.6284 val_ppl=5.10 val_bpc=2.3492
  saved best.pt (val_loss=1.628356)
epoch 9/10 train_loss=1.4093 val_loss=1.5994 val_ppl=4.95 val_bpc=2.3074
  saved best.pt (val_loss=1.599367)
epoch 10/10 train_loss=1.3767 val_loss=1.5750 val_ppl=4.83 val_bpc=2.2723
  saved best.pt (val_loss=1.575041)
meta_metrics: train=37.27s eval=219.45s loop=258.23s setup=1.90s → meta_metrics.csv
