mqar_split_hashes: n_train=20000 uniq_train=20000 | n_val=2000 uniq_val=2000 | n_test=2000 uniq_test=2000
mqar_answer_positions[train]: min=16 mean=16.0000 max=16 (expected 16 per sample)
mqar_answer_positions[val]: min=16 mean=16.0000 max=16 (expected 16 per sample)
mqar_answer_positions[test]: min=16 mean=16.0000 max=16 (expected 16 per sample)
experiment=archeval_mqar_trans704_ms_multiaxis_s2_s8_seed44 device=cuda:0 out_dir=/home/jovyan/shares/SR008.fs2/nvidenisov/other/repos/mamba/mamba_multi_scale_get_started/outputs/ArchEval/mqar_trans704_ms_multiaxis_s2_s8_seed44
mqar data: fixed_examples=True random_baseline_acc≈1/vocab=0.001420 (vocab_size=704)
--- mqar resolved config (sanity) ---
  experiment.name: archeval_mqar_trans704_ms_multiaxis_s2_s8_seed44
  model.backbone: multiscale_mamba2_multiaxis_lm
  model.layer_headdims: [32, 32, 32, 32]
  model.multiscale.fast_layer_headdims: [32, 32, 32, 32]
  model.multiscale.slow_layer_headdims: —
  data.input_seq_len: 128
  data.num_kv_pairs: 16
  data.vocab_size: 704
  data.train_examples: 20000  val_examples: 2000  test_examples: 2000
  data.fixed_examples: True
  data.min_query_pos: null
  train.lr: 0.0003
  train.epochs: 20
  num_parameters_trainable: 3544272
  tags(backbone,fusion,stride): multiscale_mamba2_multiaxis_lm, residual_gated_sum, 
--- end resolved config ---
epoch 1/20 train loss=5.8681 acc=0.0038 em=0.0000 | val loss=5.8820 acc=0.0033 em=0.0000 | random≈0.0014
  saved best_loss.pt (val_answer_loss=5.881965)
  saved best_acc.pt (val_answer_accuracy=0.003281)
epoch 2/20 train loss=5.8373 acc=0.0066 em=0.0000 | val loss=5.8833 acc=0.0035 em=0.0000 | random≈0.0014
  saved best_acc.pt (val_answer_accuracy=0.003531)
epoch 3/20 train loss=5.6882 acc=0.0254 em=0.0000 | val loss=5.8725 acc=0.0177 em=0.0000 | random≈0.0014
  saved best_loss.pt (val_answer_loss=5.872527)
  saved best_acc.pt (val_answer_accuracy=0.017750)
epoch 4/20 train loss=5.3484 acc=0.0569 em=0.0000 | val loss=5.8878 acc=0.0276 em=0.0000 | random≈0.0014
  saved best_acc.pt (val_answer_accuracy=0.027563)
epoch 5/20 train loss=4.8487 acc=0.1171 em=0.0000 | val loss=5.9321 acc=0.0303 em=0.0000 | random≈0.0014
  saved best_acc.pt (val_answer_accuracy=0.030344)
epoch 6/20 train loss=4.2331 acc=0.2165 em=0.0000 | val loss=6.0417 acc=0.0273 em=0.0000 | random≈0.0014
epoch 7/20 train loss=3.6004 acc=0.3376 em=0.0000 | val loss=6.1715 acc=0.0236 em=0.0000 | random≈0.0014
early stopping at epoch 7: val answer_loss did not improve by min_delta=0.0001 for 4 epochs
test [best_loss_ckpt] loss=5.869682 acc=0.018437 em=0.000000
test [best_acc_ckpt]  loss=5.930741 acc=0.031281 em=0.000000 random_baseline≈0.001420
done. meta_metrics → /home/jovyan/shares/SR008.fs2/nvidenisov/other/repos/mamba/mamba_multi_scale_get_started/outputs/ArchEval/mqar_trans704_ms_multiaxis_s2_s8_seed44/meta_metrics.csv
