experiment=archeval_lm_mamba2_split_ts_slow_veryslow_seed44 device=cuda:0 out_dir=/home/jovyan/shares/SR008.fs2/nvidenisov/other/repos/mamba/mamba_multi_scale_get_started/outputs/ArchEval/lm_mamba2_split_ts_slow_veryslow_seed44
early_stopping: patience=3 min_delta=0.0001 (disable with train.early_stopping.patience=0)
epoch 1/10 train_loss=3.0953 val_loss=2.4960 val_ppl=12.13 val_bpc=3.6010
  saved best.pt (val_loss=2.496024)
epoch 2/10 train_loss=2.2597 val_loss=2.1535 val_ppl=8.62 val_bpc=3.1069
  saved best.pt (val_loss=2.153535)
epoch 3/10 train_loss=1.9753 val_loss=1.9791 val_ppl=7.24 val_bpc=2.8552
  saved best.pt (val_loss=1.979102)
epoch 4/10 train_loss=1.7988 val_loss=1.8709 val_ppl=6.49 val_bpc=2.6992
  saved best.pt (val_loss=1.870913)
epoch 5/10 train_loss=1.6719 val_loss=1.7901 val_ppl=5.99 val_bpc=2.5826
  saved best.pt (val_loss=1.790091)
epoch 6/10 train_loss=1.5805 val_loss=1.7297 val_ppl=5.64 val_bpc=2.4954
  saved best.pt (val_loss=1.729698)
epoch 7/10 train_loss=1.5143 val_loss=1.6817 val_ppl=5.37 val_bpc=2.4262
  saved best.pt (val_loss=1.681730)
epoch 8/10 train_loss=1.4686 val_loss=1.6413 val_ppl=5.16 val_bpc=2.3679
  saved best.pt (val_loss=1.641326)
epoch 9/10 train_loss=1.4244 val_loss=1.6187 val_ppl=5.05 val_bpc=2.3353
  saved best.pt (val_loss=1.618716)
epoch 10/10 train_loss=1.3998 val_loss=1.5929 val_ppl=4.92 val_bpc=2.2981
  saved best.pt (val_loss=1.592899)
meta_metrics: train=25.94s eval=192.33s loop=219.83s setup=3.07s → meta_metrics.csv
