mqar_split_hashes: n_train=20000 uniq_train=20000 | n_val=2000 uniq_val=2000 | n_test=2000 uniq_test=2000
mqar_answer_positions[train]: min=16 mean=16.0000 max=16 (expected 16 per sample)
mqar_answer_positions[val]: min=16 mean=16.0000 max=16 (expected 16 per sample)
mqar_answer_positions[test]: min=16 mean=16.0000 max=16 (expected 16 per sample)
experiment=mqar_fail_mamba2_split_ts_slow_veryslow_v1024_seed42 device=cuda:0 out_dir=/home/jovyan/shares/SR008.fs2/nvidenisov/other/repos/mamba/mamba_multi_scale_get_started/outputs/MQARFailureSweep/mqar_fail_mamba2_split_ts_slow_veryslow_v1024_seed42
mqar data: fixed_examples=True random_baseline_acc≈1/vocab=0.000977 (vocab_size=1024)
--- mqar resolved config (sanity) ---
  experiment.name: mqar_fail_mamba2_split_ts_slow_veryslow_v1024_seed42
  model.backbone: mamba2_lm
  model.layer_headdims: [32, 32, 32, 32]
  model.multiscale.fast_layer_headdims: —
  model.multiscale.slow_layer_headdims: —
  model.multiscale.window_size: —
  model.multiscale.offsets: —
  model.multiscale.summary_mode: —
  model.multiscale.causal_mode: —
  model.multiscale.gate_type: —
  data.input_seq_len: 128
  data.num_kv_pairs: 16
  data.vocab_size: 1024
  data.train_examples: 20000  val_examples: 2000  test_examples: 2000
  data.fixed_examples: True
  data.min_query_pos: null
  train.lr: 0.0003
  train.epochs: 20
  num_parameters_trainable: 2194368
  tags(backbone,fusion,stride): mamba2_lm, , 
--- end resolved config ---
epoch 1/20 train loss=6.2448 acc=0.0023 em=0.0000 | val loss=6.2580 acc=0.0022 em=0.0000 | random≈0.0010
  saved best_loss.pt (val_answer_loss=6.257954)
  saved best_acc.pt (val_answer_accuracy=0.002188)
epoch 2/20 train loss=6.2169 acc=0.0064 em=0.0000 | val loss=6.2543 acc=0.0051 em=0.0000 | random≈0.0010
  saved best_loss.pt (val_answer_loss=6.254349)
  saved best_acc.pt (val_answer_accuracy=0.005094)
epoch 3/20 train loss=6.0852 acc=0.0259 em=0.0000 | val loss=6.2152 acc=0.0203 em=0.0000 | random≈0.0010
  saved best_loss.pt (val_answer_loss=6.215219)
  saved best_acc.pt (val_answer_accuracy=0.020313)
epoch 4/20 train loss=5.6531 acc=0.0830 em=0.0000 | val loss=6.0004 acc=0.0613 em=0.0000 | random≈0.0010
  saved best_loss.pt (val_answer_loss=6.000391)
  saved best_acc.pt (val_answer_accuracy=0.061344)
epoch 5/20 train loss=2.7618 acc=0.5503 em=0.0000 | val loss=3.0425 acc=0.4895 em=0.0000 | random≈0.0010
  saved best_loss.pt (val_answer_loss=3.042468)
  saved best_acc.pt (val_answer_accuracy=0.489531)
epoch 6/20 train loss=0.3981 acc=0.9460 em=0.4143 | val loss=0.5158 acc=0.9157 em=0.2415 | random≈0.0010
  saved best_loss.pt (val_answer_loss=0.515774)
  saved best_acc.pt (val_answer_accuracy=0.915656)
epoch 7/20 train loss=0.0848 acc=0.9941 em=0.9105 | val loss=0.1408 acc=0.9796 em=0.7280 | random≈0.0010
  saved best_loss.pt (val_answer_loss=0.140825)
  saved best_acc.pt (val_answer_accuracy=0.979594)
epoch 8/20 train loss=0.0321 acc=0.9994 em=0.9908 | val loss=0.0709 acc=0.9899 em=0.8510 | random≈0.0010
  saved best_loss.pt (val_answer_loss=0.070949)
  saved best_acc.pt (val_answer_accuracy=0.989938)
epoch 9/20 train loss=0.0158 acc=1.0000 em=0.9996 | val loss=0.0446 acc=0.9934 em=0.9010 | random≈0.0010
  saved best_loss.pt (val_answer_loss=0.044578)
  saved best_acc.pt (val_answer_accuracy=0.993406)
epoch 10/20 train loss=0.0102 acc=1.0000 em=1.0000 | val loss=0.0344 acc=0.9944 em=0.9150 | random≈0.0010
  saved best_loss.pt (val_answer_loss=0.034423)
  saved best_acc.pt (val_answer_accuracy=0.994437)
epoch 11/20 train loss=0.0078 acc=0.9999 em=0.9981 | val loss=0.0301 acc=0.9946 em=0.9200 | random≈0.0010
  saved best_loss.pt (val_answer_loss=0.030117)
  saved best_acc.pt (val_answer_accuracy=0.994594)
epoch 12/20 train loss=0.0057 acc=1.0000 em=1.0000 | val loss=0.0249 acc=0.9956 em=0.9335 | random≈0.0010
  saved best_loss.pt (val_answer_loss=0.024856)
  saved best_acc.pt (val_answer_accuracy=0.995594)
epoch 13/20 train loss=0.0045 acc=1.0000 em=1.0000 | val loss=0.0222 acc=0.9958 em=0.9355 | random≈0.0010
  saved best_loss.pt (val_answer_loss=0.022184)
  saved best_acc.pt (val_answer_accuracy=0.995812)
epoch 14/20 train loss=0.0036 acc=1.0000 em=1.0000 | val loss=0.0197 acc=0.9964 em=0.9445 | random≈0.0010
  saved best_loss.pt (val_answer_loss=0.019717)
  saved best_acc.pt (val_answer_accuracy=0.996437)
epoch 15/20 train loss=0.0030 acc=1.0000 em=1.0000 | val loss=0.0179 acc=0.9965 em=0.9465 | random≈0.0010
  saved best_loss.pt (val_answer_loss=0.017891)
epoch 16/20 train loss=0.0025 acc=1.0000 em=1.0000 | val loss=0.0163 acc=0.9967 em=0.9490 | random≈0.0010
  saved best_loss.pt (val_answer_loss=0.016288)
  saved best_acc.pt (val_answer_accuracy=0.996719)
epoch 17/20 train loss=0.0021 acc=1.0000 em=1.0000 | val loss=0.0150 acc=0.9968 em=0.9500 | random≈0.0010
  saved best_loss.pt (val_answer_loss=0.014999)
epoch 18/20 train loss=0.0018 acc=1.0000 em=1.0000 | val loss=0.0139 acc=0.9972 em=0.9565 | random≈0.0010
  saved best_loss.pt (val_answer_loss=0.013875)
  saved best_acc.pt (val_answer_accuracy=0.997188)
epoch 19/20 train loss=0.0016 acc=1.0000 em=1.0000 | val loss=0.0127 acc=0.9974 em=0.9605 | random≈0.0010
  saved best_loss.pt (val_answer_loss=0.012671)
  saved best_acc.pt (val_answer_accuracy=0.997406)
epoch 20/20 train loss=0.0014 acc=1.0000 em=1.0000 | val loss=0.0117 acc=0.9973 em=0.9590 | random≈0.0010
  saved best_loss.pt (val_answer_loss=0.011709)
test [best_loss_ckpt] loss=0.012540 acc=0.997313 em=0.958500
test [best_acc_ckpt]  loss=0.013293 acc=0.997281 em=0.958500 random_baseline≈0.000977
done. meta_metrics → /home/jovyan/shares/SR008.fs2/nvidenisov/other/repos/mamba/mamba_multi_scale_get_started/outputs/MQARFailureSweep/mqar_fail_mamba2_split_ts_slow_veryslow_v1024_seed42/meta_metrics.csv
