experiment=archeval_lm_ms_attention_stride4 device=cuda:0 out_dir=/home/jovyan/shares/SR008.fs2/nvidenisov/other/repos/mamba/mamba_multi_scale_get_started/outputs/ArchEval/lm_ms_attention_stride4
early_stopping: patience=3 min_delta=0.0001 (disable with train.early_stopping.patience=0)
epoch 1/10 train_loss=3.0431 val_loss=2.4928 val_ppl=12.10 val_bpc=3.5964
  saved best.pt (val_loss=2.492829)
epoch 2/10 train_loss=2.2580 val_loss=2.1474 val_ppl=8.56 val_bpc=3.0981
  saved best.pt (val_loss=2.147438)
epoch 3/10 train_loss=1.9676 val_loss=1.9634 val_ppl=7.12 val_bpc=2.8326
  saved best.pt (val_loss=1.963428)
epoch 4/10 train_loss=1.7828 val_loss=1.8553 val_ppl=6.39 val_bpc=2.6767
  saved best.pt (val_loss=1.855321)
epoch 5/10 train_loss=1.6567 val_loss=1.7661 val_ppl=5.85 val_bpc=2.5480
  saved best.pt (val_loss=1.766109)
epoch 6/10 train_loss=1.5677 val_loss=1.6994 val_ppl=5.47 val_bpc=2.4518
  saved best.pt (val_loss=1.699437)
epoch 7/10 train_loss=1.4939 val_loss=1.6567 val_ppl=5.24 val_bpc=2.3901
  saved best.pt (val_loss=1.656671)
epoch 8/10 train_loss=1.4386 val_loss=1.6235 val_ppl=5.07 val_bpc=2.3422
  saved best.pt (val_loss=1.623494)
epoch 9/10 train_loss=1.4028 val_loss=1.5922 val_ppl=4.91 val_bpc=2.2970
  saved best.pt (val_loss=1.592193)
epoch 10/10 train_loss=1.3636 val_loss=1.5723 val_ppl=4.82 val_bpc=2.2683
  saved best.pt (val_loss=1.572270)
meta_metrics: train=28.25s eval=237.15s loop=266.97s setup=2.86s → meta_metrics.csv
