mqar_split_hashes: n_train=20000 uniq_train=20000 | n_val=2000 uniq_val=2000 | n_test=2000 uniq_test=2000
mqar_answer_positions[train]: min=16 mean=16.0000 max=16 (expected 16 per sample)
mqar_answer_positions[val]: min=16 mean=16.0000 max=16 (expected 16 per sample)
mqar_answer_positions[test]: min=16 mean=16.0000 max=16 (expected 16 per sample)
experiment=mqar_final_transition704_mamba2_depth4_L128_minnull_kv16_vocab704_train20000_seed42 device=cuda:0 out_dir=/home/jovyan/shares/SR008.fs2/nvidenisov/other/repos/mamba/mamba_multi_scale_get_started/outputs/MQAR/mqar_final_transition704_mamba2_depth4_L128_minnull_kv16_vocab704_train20000_seed42
mqar data: fixed_examples=True random_baseline_acc≈1/vocab=0.001420 (vocab_size=704)
--- mqar resolved config (sanity) ---
  experiment.name: mqar_final_transition704_mamba2_depth4_L128_minnull_kv16_vocab704_train20000_seed42
  model.backbone: mamba2_lm
  model.layer_headdims: [32, 32, 32, 32]
  model.multiscale.fast_layer_headdims: —
  model.multiscale.slow_layer_headdims: —
  data.input_seq_len: 128
  data.num_kv_pairs: 16
  data.vocab_size: 704
  data.train_examples: 20000  val_examples: 2000  test_examples: 2000
  data.fixed_examples: True
  data.min_query_pos: null
  train.lr: 0.0003
  train.epochs: 20
  num_parameters_trainable: 2030208
  tags(backbone,fusion,stride): mamba2_lm, , 
--- end resolved config ---
epoch 1/20 train loss=5.8692 acc=0.0036 em=0.0000 | val loss=5.8831 acc=0.0024 em=0.0000 | random≈0.0014
  saved best_loss.pt (val_answer_loss=5.883070)
  saved best_acc.pt (val_answer_accuracy=0.002437)
epoch 2/20 train loss=5.8379 acc=0.0094 em=0.0000 | val loss=5.8759 acc=0.0076 em=0.0000 | random≈0.0014
  saved best_loss.pt (val_answer_loss=5.875881)
  saved best_acc.pt (val_answer_accuracy=0.007594)
epoch 3/20 train loss=5.7248 acc=0.0253 em=0.0000 | val loss=5.8556 acc=0.0198 em=0.0000 | random≈0.0014
  saved best_loss.pt (val_answer_loss=5.855585)
  saved best_acc.pt (val_answer_accuracy=0.019844)
epoch 4/20 train loss=5.4907 acc=0.0488 em=0.0000 | val loss=5.8377 acc=0.0343 em=0.0000 | random≈0.0014
  saved best_loss.pt (val_answer_loss=5.837653)
  saved best_acc.pt (val_answer_accuracy=0.034313)
epoch 5/20 train loss=5.1524 acc=0.0797 em=0.0000 | val loss=5.8546 acc=0.0423 em=0.0000 | random≈0.0014
  saved best_acc.pt (val_answer_accuracy=0.042344)
epoch 6/20 train loss=4.7520 acc=0.1291 em=0.0000 | val loss=5.9013 acc=0.0377 em=0.0000 | random≈0.0014
epoch 7/20 train loss=4.3183 acc=0.1926 em=0.0000 | val loss=5.9138 acc=0.0379 em=0.0000 | random≈0.0014
epoch 8/20 train loss=3.6266 acc=0.3157 em=0.0000 | val loss=5.3417 acc=0.0944 em=0.0000 | random≈0.0014
  saved best_loss.pt (val_answer_loss=5.341673)
  saved best_acc.pt (val_answer_accuracy=0.094406)
epoch 9/20 train loss=1.3827 acc=0.7514 em=0.0083 | val loss=2.3608 acc=0.5114 em=0.0000 | random≈0.0014
  saved best_loss.pt (val_answer_loss=2.360820)
  saved best_acc.pt (val_answer_accuracy=0.511375)
epoch 10/20 train loss=0.2807 acc=0.9580 em=0.5116 | val loss=0.6472 acc=0.8564 em=0.0765 | random≈0.0014
  saved best_loss.pt (val_answer_loss=0.647219)
  saved best_acc.pt (val_answer_accuracy=0.856375)
epoch 11/20 train loss=0.0811 acc=0.9925 em=0.8880 | val loss=0.2726 acc=0.9344 em=0.3365 | random≈0.0014
  saved best_loss.pt (val_answer_loss=0.272568)
  saved best_acc.pt (val_answer_accuracy=0.934438)
epoch 12/20 train loss=0.0304 acc=0.9996 em=0.9940 | val loss=0.1656 acc=0.9591 em=0.5095 | random≈0.0014
  saved best_loss.pt (val_answer_loss=0.165551)
  saved best_acc.pt (val_answer_accuracy=0.959063)
epoch 13/20 train loss=0.0158 acc=1.0000 em=1.0000 | val loss=0.1290 acc=0.9678 em=0.5910 | random≈0.0014
  saved best_loss.pt (val_answer_loss=0.128985)
  saved best_acc.pt (val_answer_accuracy=0.967812)
epoch 14/20 train loss=0.0105 acc=1.0000 em=1.0000 | val loss=0.1124 acc=0.9713 em=0.6280 | random≈0.0014
  saved best_loss.pt (val_answer_loss=0.112370)
  saved best_acc.pt (val_answer_accuracy=0.971313)
epoch 15/20 train loss=0.0078 acc=1.0000 em=1.0000 | val loss=0.1019 acc=0.9738 em=0.6565 | random≈0.0014
  saved best_loss.pt (val_answer_loss=0.101942)
  saved best_acc.pt (val_answer_accuracy=0.973781)
epoch 16/20 train loss=0.0061 acc=1.0000 em=1.0000 | val loss=0.0932 acc=0.9759 em=0.6780 | random≈0.0014
  saved best_loss.pt (val_answer_loss=0.093161)
  saved best_acc.pt (val_answer_accuracy=0.975906)
epoch 17/20 train loss=0.0049 acc=1.0000 em=1.0000 | val loss=0.0876 acc=0.9772 em=0.6895 | random≈0.0014
  saved best_loss.pt (val_answer_loss=0.087596)
  saved best_acc.pt (val_answer_accuracy=0.977187)
epoch 18/20 train loss=0.0040 acc=1.0000 em=1.0000 | val loss=0.0801 acc=0.9790 em=0.7100 | random≈0.0014
  saved best_loss.pt (val_answer_loss=0.080121)
  saved best_acc.pt (val_answer_accuracy=0.979000)
epoch 19/20 train loss=0.0034 acc=1.0000 em=1.0000 | val loss=0.0762 acc=0.9805 em=0.7295 | random≈0.0014
  saved best_loss.pt (val_answer_loss=0.076248)
  saved best_acc.pt (val_answer_accuracy=0.980531)
epoch 20/20 train loss=0.0029 acc=1.0000 em=1.0000 | val loss=0.0718 acc=0.9811 em=0.7375 | random≈0.0014
  saved best_loss.pt (val_answer_loss=0.071834)
  saved best_acc.pt (val_answer_accuracy=0.981125)
test [best_loss_ckpt] loss=0.071384 acc=0.981094 em=0.735000
test [best_acc_ckpt]  loss=0.071384 acc=0.981094 em=0.735000 random_baseline≈0.001420
done. meta_metrics → /home/jovyan/shares/SR008.fs2/nvidenisov/other/repos/mamba/mamba_multi_scale_get_started/outputs/MQAR/mqar_final_transition704_mamba2_depth4_L128_minnull_kv16_vocab704_train20000_seed42/meta_metrics.csv
