mqar_split_hashes: n_train=20000 uniq_train=20000 | n_val=2000 uniq_val=2000 | n_test=2000 uniq_test=2000
mqar_answer_positions[train]: min=16 mean=16.0000 max=16 (expected 16 per sample)
mqar_answer_positions[val]: min=16 mean=16.0000 max=16 (expected 16 per sample)
mqar_answer_positions[test]: min=16 mean=16.0000 max=16 (expected 16 per sample)
experiment=archeval_mqar_trans768_ms_window_ws8_o0_o4_seed43 device=cuda:0 out_dir=/home/jovyan/shares/SR008.fs2/nvidenisov/other/repos/mamba/mamba_multi_scale_get_started/outputs/ArchEval/mqar_trans768_ms_window_ws8_o0_o4_seed43
mqar data: fixed_examples=True random_baseline_acc≈1/vocab=0.001302 (vocab_size=768)
--- mqar resolved config (sanity) ---
  experiment.name: archeval_mqar_trans768_ms_window_ws8_o0_o4_seed43
  model.backbone: multiscale_mamba2_window_summary_lm
  model.layer_headdims: [32, 32, 32, 32]
  model.multiscale.fast_layer_headdims: —
  model.multiscale.slow_layer_headdims: [32, 32]
  data.input_seq_len: 128
  data.num_kv_pairs: 16
  data.vocab_size: 768
  data.train_examples: 20000  val_examples: 2000  test_examples: 2000
  data.fixed_examples: True
  data.min_query_pos: null
  train.lr: 0.0003
  train.epochs: 20
  num_parameters_trainable: 3994240
  tags(backbone,fusion,stride): multiscale_mamba2_window_summary_lm, window_residual_gated, 
--- end resolved config ---
epoch 1/20 train loss=5.9455 acc=0.0040 em=0.0000 | val loss=5.9675 acc=0.0032 em=0.0000 | random≈0.0013
  saved best_loss.pt (val_answer_loss=5.967486)
  saved best_acc.pt (val_answer_accuracy=0.003156)
epoch 2/20 train loss=5.7875 acc=0.0160 em=0.0000 | val loss=5.9302 acc=0.0054 em=0.0000 | random≈0.0013
  saved best_loss.pt (val_answer_loss=5.930190)
  saved best_acc.pt (val_answer_accuracy=0.005437)
epoch 3/20 train loss=5.1774 acc=0.0786 em=0.0000 | val loss=5.5887 acc=0.0265 em=0.0000 | random≈0.0013
  saved best_loss.pt (val_answer_loss=5.588741)
  saved best_acc.pt (val_answer_accuracy=0.026500)
epoch 4/20 train loss=4.4704 acc=0.1543 em=0.0000 | val loss=5.2654 acc=0.0429 em=0.0000 | random≈0.0013
  saved best_loss.pt (val_answer_loss=5.265355)
  saved best_acc.pt (val_answer_accuracy=0.042938)
epoch 5/20 train loss=3.7411 acc=0.2481 em=0.0000 | val loss=4.9979 acc=0.0532 em=0.0000 | random≈0.0013
  saved best_loss.pt (val_answer_loss=4.997919)
  saved best_acc.pt (val_answer_accuracy=0.053219)
epoch 6/20 train loss=3.0559 acc=0.3844 em=0.0000 | val loss=5.0076 acc=0.0521 em=0.0000 | random≈0.0013
epoch 7/20 train loss=2.4230 acc=0.5321 em=0.0001 | val loss=5.1453 acc=0.0487 em=0.0000 | random≈0.0013
epoch 8/20 train loss=1.8588 acc=0.6674 em=0.0019 | val loss=5.3493 acc=0.0446 em=0.0000 | random≈0.0013
epoch 9/20 train loss=1.3762 acc=0.7825 em=0.0255 | val loss=5.5995 acc=0.0424 em=0.0000 | random≈0.0013
early stopping at epoch 9: val answer_loss did not improve by min_delta=0.0001 for 4 epochs
test [best_loss_ckpt] loss=4.994166 acc=0.052469 em=0.000000
test [best_acc_ckpt]  loss=4.994166 acc=0.052469 em=0.000000 random_baseline≈0.001302
done. meta_metrics → /home/jovyan/shares/SR008.fs2/nvidenisov/other/repos/mamba/mamba_multi_scale_get_started/outputs/ArchEval/mqar_trans768_ms_window_ws8_o0_o4_seed43/meta_metrics.csv
mqar_split_hashes: n_train=20000 uniq_train=20000 | n_val=2000 uniq_val=2000 | n_test=2000 uniq_test=2000
mqar_answer_positions[train]: min=16 mean=16.0000 max=16 (expected 16 per sample)
mqar_answer_positions[val]: min=16 mean=16.0000 max=16 (expected 16 per sample)
mqar_answer_positions[test]: min=16 mean=16.0000 max=16 (expected 16 per sample)
experiment=archeval_mqar_trans768_ms_window_ws8_o0_o4_seed43 device=cuda:0 out_dir=/home/jovyan/shares/SR008.fs2/nvidenisov/other/repos/mamba/mamba_multi_scale_get_started/outputs/ArchEval/mqar_trans768_ms_window_ws8_o0_o4_seed43
mqar data: fixed_examples=True random_baseline_acc≈1/vocab=0.001302 (vocab_size=768)
--- mqar resolved config (sanity) ---
  experiment.name: archeval_mqar_trans768_ms_window_ws8_o0_o4_seed43
  model.backbone: multiscale_mamba2_window_summary_lm
  model.layer_headdims: [32, 32, 32, 32]
  model.multiscale.fast_layer_headdims: —
  model.multiscale.slow_layer_headdims: [32, 32]
  model.multiscale.window_size: 8
  model.multiscale.offsets: [0, 4]
  model.multiscale.summary_mode: mean
  model.multiscale.causal_mode: —
  model.multiscale.gate_type: vector
  data.input_seq_len: 128
  data.num_kv_pairs: 16
  data.vocab_size: 768
  data.train_examples: 20000  val_examples: 2000  test_examples: 2000
  data.fixed_examples: True
  data.min_query_pos: null
  train.lr: 0.0003
  train.epochs: 20
  num_parameters_trainable: 3994240
  tags(backbone,fusion,stride): multiscale_mamba2_window_summary_lm, window_residual_gated, 
--- end resolved config ---
epoch 1/20 train loss=5.9455 acc=0.0040 em=0.0000 | val loss=5.9675 acc=0.0032 em=0.0000 | random≈0.0013
  saved best_loss.pt (val_answer_loss=5.967486)
  saved best_acc.pt (val_answer_accuracy=0.003156)
epoch 2/20 train loss=5.7875 acc=0.0160 em=0.0000 | val loss=5.9302 acc=0.0054 em=0.0000 | random≈0.0013
  saved best_loss.pt (val_answer_loss=5.930190)
  saved best_acc.pt (val_answer_accuracy=0.005437)
epoch 3/20 train loss=5.1774 acc=0.0786 em=0.0000 | val loss=5.5887 acc=0.0265 em=0.0000 | random≈0.0013
  saved best_loss.pt (val_answer_loss=5.588742)
  saved best_acc.pt (val_answer_accuracy=0.026500)
epoch 4/20 train loss=4.4704 acc=0.1543 em=0.0000 | val loss=5.2654 acc=0.0429 em=0.0000 | random≈0.0013
  saved best_loss.pt (val_answer_loss=5.265358)
  saved best_acc.pt (val_answer_accuracy=0.042938)
epoch 5/20 train loss=3.7411 acc=0.2481 em=0.0000 | val loss=4.9979 acc=0.0532 em=0.0000 | random≈0.0013
  saved best_loss.pt (val_answer_loss=4.997921)
  saved best_acc.pt (val_answer_accuracy=0.053219)
epoch 6/20 train loss=3.0559 acc=0.3843 em=0.0000 | val loss=5.0076 acc=0.0521 em=0.0000 | random≈0.0013
epoch 7/20 train loss=2.4230 acc=0.5321 em=0.0001 | val loss=5.1453 acc=0.0488 em=0.0000 | random≈0.0013
epoch 8/20 train loss=1.8588 acc=0.6673 em=0.0019 | val loss=5.3493 acc=0.0446 em=0.0000 | random≈0.0013
epoch 9/20 train loss=1.3762 acc=0.7825 em=0.0255 | val loss=5.5995 acc=0.0424 em=0.0000 | random≈0.0013
early stopping at epoch 9: val answer_loss did not improve by min_delta=0.0001 for 4 epochs
test [best_loss_ckpt] loss=4.994168 acc=0.052469 em=0.000000
test [best_acc_ckpt]  loss=4.994168 acc=0.052469 em=0.000000 random_baseline≈0.001302
done. meta_metrics → /home/jovyan/shares/SR008.fs2/nvidenisov/other/repos/mamba/mamba_multi_scale_get_started/outputs/ArchEval/mqar_trans768_ms_window_ws8_o0_o4_seed43/meta_metrics.csv
mqar_split_hashes: n_train=20000 uniq_train=20000 | n_val=2000 uniq_val=2000 | n_test=2000 uniq_test=2000
mqar_answer_positions[train]: min=16 mean=16.0000 max=16 (expected 16 per sample)
mqar_answer_positions[val]: min=16 mean=16.0000 max=16 (expected 16 per sample)
mqar_answer_positions[test]: min=16 mean=16.0000 max=16 (expected 16 per sample)
experiment=archeval_mqar_trans768_ms_window_ws8_o0_o4_seed43 device=cuda:0 out_dir=/home/jovyan/shares/SR008.fs2/nvidenisov/other/repos/mamba/mamba_multi_scale_get_started/outputs/ArchEval/mqar_trans768_ms_window_ws8_o0_o4_seed43
mqar data: fixed_examples=True random_baseline_acc≈1/vocab=0.001302 (vocab_size=768)
--- mqar resolved config (sanity) ---
  experiment.name: archeval_mqar_trans768_ms_window_ws8_o0_o4_seed43
  model.backbone: multiscale_mamba2_window_summary_lm
  model.layer_headdims: [32, 32, 32, 32]
  model.multiscale.fast_layer_headdims: —
  model.multiscale.slow_layer_headdims: [32, 32]
  model.multiscale.window_size: 8
  model.multiscale.offsets: [0, 4]
  model.multiscale.summary_mode: mean
  model.multiscale.causal_mode: —
  model.multiscale.gate_type: vector
  data.input_seq_len: 128
  data.num_kv_pairs: 16
  data.vocab_size: 768
  data.train_examples: 20000  val_examples: 2000  test_examples: 2000
  data.fixed_examples: True
  data.min_query_pos: null
  train.lr: 0.0003
  train.epochs: 20
  num_parameters_trainable: 3994240
  tags(backbone,fusion,stride): multiscale_mamba2_window_summary_lm, window_residual_gated, 
--- end resolved config ---
epoch 1/20 train loss=5.9455 acc=0.0040 em=0.0000 | val loss=5.9675 acc=0.0032 em=0.0000 | random≈0.0013
  saved best_loss.pt (val_answer_loss=5.967486)
  saved best_acc.pt (val_answer_accuracy=0.003156)
epoch 2/20 train loss=5.7874 acc=0.0160 em=0.0000 | val loss=5.9302 acc=0.0054 em=0.0000 | random≈0.0013
  saved best_loss.pt (val_answer_loss=5.930189)
  saved best_acc.pt (val_answer_accuracy=0.005437)
epoch 3/20 train loss=5.1774 acc=0.0786 em=0.0000 | val loss=5.5887 acc=0.0265 em=0.0000 | random≈0.0013
  saved best_loss.pt (val_answer_loss=5.588741)
  saved best_acc.pt (val_answer_accuracy=0.026500)
epoch 4/20 train loss=4.4704 acc=0.1543 em=0.0000 | val loss=5.2654 acc=0.0430 em=0.0000 | random≈0.0013
  saved best_loss.pt (val_answer_loss=5.265360)
  saved best_acc.pt (val_answer_accuracy=0.042969)
epoch 5/20 train loss=3.7411 acc=0.2481 em=0.0000 | val loss=4.9979 acc=0.0532 em=0.0000 | random≈0.0013
  saved best_loss.pt (val_answer_loss=4.997924)
  saved best_acc.pt (val_answer_accuracy=0.053219)
epoch 6/20 train loss=3.0559 acc=0.3843 em=0.0000 | val loss=5.0076 acc=0.0521 em=0.0000 | random≈0.0013
epoch 7/20 train loss=2.4230 acc=0.5321 em=0.0001 | val loss=5.1453 acc=0.0488 em=0.0000 | random≈0.0013
epoch 8/20 train loss=1.8588 acc=0.6674 em=0.0019 | val loss=5.3493 acc=0.0446 em=0.0000 | random≈0.0013
epoch 9/20 train loss=1.3762 acc=0.7825 em=0.0255 | val loss=5.5995 acc=0.0424 em=0.0000 | random≈0.0013
early stopping at epoch 9: val answer_loss did not improve by min_delta=0.0001 for 4 epochs
test [best_loss_ckpt] loss=4.994170 acc=0.052469 em=0.000000
test [best_acc_ckpt]  loss=4.994170 acc=0.052469 em=0.000000 random_baseline≈0.001302
done. meta_metrics → /home/jovyan/shares/SR008.fs2/nvidenisov/other/repos/mamba/mamba_multi_scale_get_started/outputs/ArchEval/mqar_trans768_ms_window_ws8_o0_o4_seed43/meta_metrics.csv
mqar_split_hashes: n_train=20000 uniq_train=20000 | n_val=2000 uniq_val=2000 | n_test=2000 uniq_test=2000
mqar_answer_positions[train]: min=16 mean=16.0000 max=16 (expected 16 per sample)
mqar_answer_positions[val]: min=16 mean=16.0000 max=16 (expected 16 per sample)
mqar_answer_positions[test]: min=16 mean=16.0000 max=16 (expected 16 per sample)
experiment=archeval_mqar_trans768_ms_window_ws8_o0_o4_seed43 device=cuda:0 out_dir=/home/jovyan/shares/SR008.fs2/nvidenisov/other/repos/mamba/mamba_multi_scale_get_started/outputs/ArchEval/mqar_trans768_ms_window_ws8_o0_o4_seed43
mqar data: fixed_examples=True random_baseline_acc≈1/vocab=0.001302 (vocab_size=768)
--- mqar resolved config (sanity) ---
  experiment.name: archeval_mqar_trans768_ms_window_ws8_o0_o4_seed43
  model.backbone: multiscale_mamba2_window_summary_lm
  model.layer_headdims: [32, 32, 32, 32]
  model.multiscale.fast_layer_headdims: —
  model.multiscale.slow_layer_headdims: [32, 32]
  model.multiscale.window_size: 8
  model.multiscale.offsets: [0, 4]
  model.multiscale.summary_mode: last
  model.multiscale.causal_mode: completed
  model.multiscale.gate_type: vector
  data.input_seq_len: 128
  data.num_kv_pairs: 16
  data.vocab_size: 768
  data.train_examples: 20000  val_examples: 2000  test_examples: 2000
  data.fixed_examples: True
  data.min_query_pos: null
  train.lr: 0.0003
  train.epochs: 20
  num_parameters_trainable: 3994240
  tags(backbone,fusion,stride): multiscale_mamba2_window_summary_lm, window_residual_gated, 
--- end resolved config ---
epoch 1/20 train loss=5.9482 acc=0.0038 em=0.0000 | val loss=5.9701 acc=0.0025 em=0.0000 | random≈0.0013
  saved best_loss.pt (val_answer_loss=5.970091)
  saved best_acc.pt (val_answer_accuracy=0.002469)
epoch 2/20 train loss=5.8794 acc=0.0083 em=0.0000 | val loss=5.9818 acc=0.0021 em=0.0000 | random≈0.0013
epoch 3/20 train loss=5.6173 acc=0.0362 em=0.0000 | val loss=6.0220 acc=0.0053 em=0.0000 | random≈0.0013
  saved best_acc.pt (val_answer_accuracy=0.005281)
epoch 4/20 train loss=5.1322 acc=0.1095 em=0.0000 | val loss=6.1101 acc=0.0063 em=0.0000 | random≈0.0013
  saved best_acc.pt (val_answer_accuracy=0.006281)
epoch 5/20 train loss=4.5105 acc=0.2308 em=0.0000 | val loss=6.2453 acc=0.0053 em=0.0000 | random≈0.0013
early stopping at epoch 5: val answer_loss did not improve by min_delta=0.0001 for 4 epochs
test [best_loss_ckpt] loss=5.970813 acc=0.002781 em=0.000000
test [best_acc_ckpt]  loss=6.107476 acc=0.005375 em=0.000000 random_baseline≈0.001302
done. meta_metrics → /home/jovyan/shares/SR008.fs2/nvidenisov/other/repos/mamba/mamba_multi_scale_get_started/outputs/ArchEval/mqar_trans768_ms_window_ws8_o0_o4_seed43/meta_metrics.csv
