mqar_split_hashes: n_train=20000 uniq_train=20000 | n_val=2000 uniq_val=2000 | n_test=2000 uniq_test=2000
mqar_answer_positions[train]: min=16 mean=16.0000 max=16 (expected 16 per sample)
mqar_answer_positions[val]: min=16 mean=16.0000 max=16 (expected 16 per sample)
mqar_answer_positions[test]: min=16 mean=16.0000 max=16 (expected 16 per sample)
experiment=mqar_fail_ms_gated_slow_init_v768_seed44 device=cuda:0 out_dir=/home/jovyan/shares/SR008.fs2/nvidenisov/other/repos/mamba/mamba_multi_scale_get_started/outputs/MQARFailureSweep/mqar_fail_ms_gated_slow_init_v768_seed44
mqar data: fixed_examples=True random_baseline_acc≈1/vocab=0.001302 (vocab_size=768)
--- mqar resolved config (sanity) ---
  experiment.name: mqar_fail_ms_gated_slow_init_v768_seed44
  model.backbone: multiscale_mamba2_lm
  model.layer_headdims: [32, 32, 32, 32]
  model.multiscale.fast_layer_headdims: [32, 32, 32, 32]
  model.multiscale.slow_layer_headdims: [32, 32]
  model.multiscale.window_size: —
  model.multiscale.offsets: —
  model.multiscale.summary_mode: —
  model.multiscale.causal_mode: —
  model.multiscale.gate_type: —
  data.input_seq_len: 128
  data.num_kv_pairs: 16
  data.vocab_size: 768
  data.train_examples: 20000  val_examples: 2000  test_examples: 2000
  data.fixed_examples: True
  data.min_query_pos: null
  train.lr: 0.0003
  train.epochs: 20
  num_parameters_trainable: 3029664
  tags(backbone,fusion,stride): multiscale_mamba2_lm, gated, 2
--- end resolved config ---
epoch 1/20 train loss=5.9566 acc=0.0032 em=0.0000 | val loss=5.9694 acc=0.0026 em=0.0000 | random≈0.0013
  saved best_loss.pt (val_answer_loss=5.969440)
  saved best_acc.pt (val_answer_accuracy=0.002563)
epoch 2/20 train loss=5.9292 acc=0.0066 em=0.0000 | val loss=5.9660 acc=0.0042 em=0.0000 | random≈0.0013
  saved best_loss.pt (val_answer_loss=5.966001)
  saved best_acc.pt (val_answer_accuracy=0.004188)
epoch 3/20 train loss=5.7186 acc=0.0425 em=0.0000 | val loss=5.8812 acc=0.0343 em=0.0000 | random≈0.0013
  saved best_loss.pt (val_answer_loss=5.881187)
  saved best_acc.pt (val_answer_accuracy=0.034344)
epoch 4/20 train loss=5.1533 acc=0.0860 em=0.0000 | val loss=5.5514 acc=0.0518 em=0.0000 | random≈0.0013
  saved best_loss.pt (val_answer_loss=5.551433)
  saved best_acc.pt (val_answer_accuracy=0.051812)
epoch 5/20 train loss=2.0895 acc=0.5654 em=0.0000 | val loss=2.3929 acc=0.4907 em=0.0000 | random≈0.0013
  saved best_loss.pt (val_answer_loss=2.392864)
  saved best_acc.pt (val_answer_accuracy=0.490719)
epoch 6/20 train loss=0.2220 acc=0.9692 em=0.6146 | val loss=0.3225 acc=0.9415 em=0.3790 | random≈0.0013
  saved best_loss.pt (val_answer_loss=0.322484)
  saved best_acc.pt (val_answer_accuracy=0.941469)
epoch 7/20 train loss=0.0393 acc=0.9978 em=0.9648 | val loss=0.0830 acc=0.9861 em=0.8015 | random≈0.0013
  saved best_loss.pt (val_answer_loss=0.082959)
  saved best_acc.pt (val_answer_accuracy=0.986094)
epoch 8/20 train loss=0.0141 acc=0.9999 em=0.9989 | val loss=0.0412 acc=0.9937 em=0.9055 | random≈0.0013
  saved best_loss.pt (val_answer_loss=0.041161)
  saved best_acc.pt (val_answer_accuracy=0.993719)
epoch 9/20 train loss=0.0077 acc=1.0000 em=1.0000 | val loss=0.0280 acc=0.9957 em=0.9355 | random≈0.0013
  saved best_loss.pt (val_answer_loss=0.028010)
  saved best_acc.pt (val_answer_accuracy=0.995719)
epoch 10/20 train loss=0.0053 acc=1.0000 em=1.0000 | val loss=0.0225 acc=0.9962 em=0.9410 | random≈0.0013
  saved best_loss.pt (val_answer_loss=0.022456)
  saved best_acc.pt (val_answer_accuracy=0.996188)
epoch 11/20 train loss=0.0040 acc=1.0000 em=1.0000 | val loss=0.0191 acc=0.9966 em=0.9470 | random≈0.0013
  saved best_loss.pt (val_answer_loss=0.019109)
  saved best_acc.pt (val_answer_accuracy=0.996594)
epoch 12/20 train loss=0.0031 acc=1.0000 em=1.0000 | val loss=0.0168 acc=0.9968 em=0.9495 | random≈0.0013
  saved best_loss.pt (val_answer_loss=0.016844)
  saved best_acc.pt (val_answer_accuracy=0.996750)
epoch 13/20 train loss=0.0025 acc=1.0000 em=1.0000 | val loss=0.0148 acc=0.9971 em=0.9550 | random≈0.0013
  saved best_loss.pt (val_answer_loss=0.014830)
  saved best_acc.pt (val_answer_accuracy=0.997125)
epoch 14/20 train loss=0.0021 acc=1.0000 em=1.0000 | val loss=0.0135 acc=0.9973 em=0.9575 | random≈0.0013
  saved best_loss.pt (val_answer_loss=0.013471)
  saved best_acc.pt (val_answer_accuracy=0.997281)
epoch 15/20 train loss=0.0018 acc=1.0000 em=1.0000 | val loss=0.0124 acc=0.9973 em=0.9585 | random≈0.0013
  saved best_loss.pt (val_answer_loss=0.012357)
epoch 16/20 train loss=0.0015 acc=1.0000 em=1.0000 | val loss=0.0114 acc=0.9976 em=0.9630 | random≈0.0013
  saved best_loss.pt (val_answer_loss=0.011419)
  saved best_acc.pt (val_answer_accuracy=0.997625)
epoch 17/20 train loss=0.0013 acc=1.0000 em=1.0000 | val loss=0.0105 acc=0.9978 em=0.9655 | random≈0.0013
  saved best_loss.pt (val_answer_loss=0.010475)
  saved best_acc.pt (val_answer_accuracy=0.997781)
epoch 18/20 train loss=0.0011 acc=1.0000 em=1.0000 | val loss=0.0098 acc=0.9978 em=0.9665 | random≈0.0013
  saved best_loss.pt (val_answer_loss=0.009841)
epoch 19/20 train loss=0.0010 acc=1.0000 em=1.0000 | val loss=0.0091 acc=0.9979 em=0.9680 | random≈0.0013
  saved best_loss.pt (val_answer_loss=0.009149)
  saved best_acc.pt (val_answer_accuracy=0.997938)
epoch 20/20 train loss=0.0008 acc=1.0000 em=1.0000 | val loss=0.0085 acc=0.9981 em=0.9710 | random≈0.0013
  saved best_loss.pt (val_answer_loss=0.008546)
  saved best_acc.pt (val_answer_accuracy=0.998125)
test [best_loss_ckpt] loss=0.007958 acc=0.998500 em=0.977000
test [best_acc_ckpt]  loss=0.007958 acc=0.998500 em=0.977000 random_baseline≈0.001302
done. meta_metrics → /home/jovyan/shares/SR008.fs2/nvidenisov/other/repos/mamba/mamba_multi_scale_get_started/outputs/MQARFailureSweep/mqar_fail_ms_gated_slow_init_v768_seed44/meta_metrics.csv
