mqar_split_hashes: n_train=20000 uniq_train=20000 | n_val=2000 uniq_val=2000 | n_test=2000 uniq_test=2000
mqar_answer_positions[train]: min=16 mean=16.0000 max=16 (expected 16 per sample)
mqar_answer_positions[val]: min=16 mean=16.0000 max=16 (expected 16 per sample)
mqar_answer_positions[test]: min=16 mean=16.0000 max=16 (expected 16 per sample)
experiment=archeval_mqar_trans768_mamba2_depth4_seed50 device=cuda:0 out_dir=/home/jovyan/shares/SR008.fs2/nvidenisov/other/repos/mamba/mamba_multi_scale_get_started/outputs/ArchEval/mqar_trans768_mamba2_depth4_seed50
mqar data: fixed_examples=True random_baseline_acc≈1/vocab=0.001302 (vocab_size=768)
--- mqar resolved config (sanity) ---
  experiment.name: archeval_mqar_trans768_mamba2_depth4_seed50
  model.backbone: mamba2_lm
  model.layer_headdims: [32, 32, 32, 32]
  model.multiscale.fast_layer_headdims: —
  model.multiscale.slow_layer_headdims: —
  model.multiscale.window_size: —
  model.multiscale.offsets: —
  model.multiscale.summary_mode: —
  model.multiscale.causal_mode: —
  model.multiscale.gate_type: —
  data.input_seq_len: 128
  data.num_kv_pairs: 16
  data.vocab_size: 768
  data.train_examples: 20000  val_examples: 2000  test_examples: 2000
  data.fixed_examples: True
  data.min_query_pos: null
  train.lr: 0.0003
  train.epochs: 20
  num_parameters_trainable: 2063040
  tags(backbone,fusion,stride): mamba2_lm, , 
--- end resolved config ---
epoch 1/20 train loss=5.9557 acc=0.0034 em=0.0000 | val loss=5.9710 acc=0.0026 em=0.0000 | random≈0.0013
  saved best_loss.pt (val_answer_loss=5.970999)
  saved best_acc.pt (val_answer_accuracy=0.002594)
epoch 2/20 train loss=5.9298 acc=0.0049 em=0.0000 | val loss=5.9709 acc=0.0029 em=0.0000 | random≈0.0013
  saved best_acc.pt (val_answer_accuracy=0.002938)
epoch 3/20 train loss=5.8305 acc=0.0155 em=0.0000 | val loss=5.9823 acc=0.0067 em=0.0000 | random≈0.0013
  saved best_acc.pt (val_answer_accuracy=0.006656)
epoch 4/20 train loss=5.5652 acc=0.0431 em=0.0000 | val loss=5.9964 acc=0.0202 em=0.0000 | random≈0.0013
  saved best_acc.pt (val_answer_accuracy=0.020188)
epoch 5/20 train loss=5.1806 acc=0.0862 em=0.0000 | val loss=6.0742 acc=0.0219 em=0.0000 | random≈0.0013
  saved best_acc.pt (val_answer_accuracy=0.021937)
early stopping at epoch 5: val answer_loss did not improve by min_delta=0.0001 for 4 epochs
test [best_loss_ckpt] loss=5.970095 acc=0.003187 em=0.000000
test [best_acc_ckpt]  loss=6.070232 acc=0.021250 em=0.000000 random_baseline≈0.001302
done. meta_metrics → /home/jovyan/shares/SR008.fs2/nvidenisov/other/repos/mamba/mamba_multi_scale_get_started/outputs/ArchEval/mqar_trans768_mamba2_depth4_seed50/meta_metrics.csv
