mqar_split_hashes: n_train=20000 uniq_train=20000 | n_val=2000 uniq_val=2000 | n_test=2000 uniq_test=2000
mqar_answer_positions[train]: min=16 mean=16.0000 max=16 (expected 16 per sample)
mqar_answer_positions[val]: min=16 mean=16.0000 max=16 (expected 16 per sample)
mqar_answer_positions[test]: min=16 mean=16.0000 max=16 (expected 16 per sample)
experiment=mqar_fail_mamba2_split_ts_slow_veryslow_v896_seed51 device=cuda:0 out_dir=/home/jovyan/shares/SR008.fs2/nvidenisov/other/repos/mamba/mamba_multi_scale_get_started/outputs/MQARFailureSweep/mqar_fail_mamba2_split_ts_slow_veryslow_v896_seed51
mqar data: fixed_examples=True random_baseline_acc≈1/vocab=0.001116 (vocab_size=896)
--- mqar resolved config (sanity) ---
  experiment.name: mqar_fail_mamba2_split_ts_slow_veryslow_v896_seed51
  model.backbone: mamba2_lm
  model.layer_headdims: [32, 32, 32, 32]
  model.multiscale.fast_layer_headdims: —
  model.multiscale.slow_layer_headdims: —
  model.multiscale.window_size: —
  model.multiscale.offsets: —
  model.multiscale.summary_mode: —
  model.multiscale.causal_mode: —
  model.multiscale.gate_type: —
  data.input_seq_len: 128
  data.num_kv_pairs: 16
  data.vocab_size: 896
  data.train_examples: 20000  val_examples: 2000  test_examples: 2000
  data.fixed_examples: True
  data.min_query_pos: null
  train.lr: 0.0003
  train.epochs: 20
  num_parameters_trainable: 2128704
  tags(backbone,fusion,stride): mamba2_lm, , 
--- end resolved config ---
epoch 1/20 train loss=6.1096 acc=0.0028 em=0.0000 | val loss=6.1232 acc=0.0021 em=0.0000 | random≈0.0011
  saved best_loss.pt (val_answer_loss=6.123184)
  saved best_acc.pt (val_answer_accuracy=0.002063)
epoch 2/20 train loss=6.0761 acc=0.0099 em=0.0000 | val loss=6.1150 acc=0.0088 em=0.0000 | random≈0.0011
  saved best_loss.pt (val_answer_loss=6.115009)
  saved best_acc.pt (val_answer_accuracy=0.008781)
epoch 3/20 train loss=5.8955 acc=0.0386 em=0.0000 | val loss=6.0442 acc=0.0326 em=0.0000 | random≈0.0011
  saved best_loss.pt (val_answer_loss=6.044220)
  saved best_acc.pt (val_answer_accuracy=0.032594)
epoch 4/20 train loss=5.3931 acc=0.1038 em=0.0000 | val loss=5.7322 acc=0.0813 em=0.0000 | random≈0.0011
  saved best_loss.pt (val_answer_loss=5.732196)
  saved best_acc.pt (val_answer_accuracy=0.081344)
epoch 5/20 train loss=3.0572 acc=0.4794 em=0.0000 | val loss=3.3438 acc=0.4309 em=0.0000 | random≈0.0011
  saved best_loss.pt (val_answer_loss=3.343820)
  saved best_acc.pt (val_answer_accuracy=0.430875)
epoch 6/20 train loss=0.3814 acc=0.9575 em=0.5030 | val loss=0.5037 acc=0.9267 em=0.2970 | random≈0.0011
  saved best_loss.pt (val_answer_loss=0.503651)
  saved best_acc.pt (val_answer_accuracy=0.926656)
epoch 7/20 train loss=0.0618 acc=0.9966 em=0.9467 | val loss=0.1132 acc=0.9843 em=0.7765 | random≈0.0011
  saved best_loss.pt (val_answer_loss=0.113231)
  saved best_acc.pt (val_answer_accuracy=0.984281)
epoch 8/20 train loss=0.0195 acc=0.9999 em=0.9980 | val loss=0.0503 acc=0.9930 em=0.8925 | random≈0.0011
  saved best_loss.pt (val_answer_loss=0.050336)
  saved best_acc.pt (val_answer_accuracy=0.992969)
epoch 9/20 train loss=0.0096 acc=1.0000 em=1.0000 | val loss=0.0312 acc=0.9953 em=0.9280 | random≈0.0011
  saved best_loss.pt (val_answer_loss=0.031249)
  saved best_acc.pt (val_answer_accuracy=0.995313)
epoch 10/20 train loss=0.0065 acc=1.0000 em=1.0000 | val loss=0.0244 acc=0.9963 em=0.9425 | random≈0.0011
  saved best_loss.pt (val_answer_loss=0.024404)
  saved best_acc.pt (val_answer_accuracy=0.996313)
epoch 11/20 train loss=0.0048 acc=1.0000 em=1.0000 | val loss=0.0206 acc=0.9966 em=0.9460 | random≈0.0011
  saved best_loss.pt (val_answer_loss=0.020603)
  saved best_acc.pt (val_answer_accuracy=0.996563)
epoch 12/20 train loss=0.0037 acc=1.0000 em=1.0000 | val loss=0.0178 acc=0.9967 em=0.9485 | random≈0.0011
  saved best_loss.pt (val_answer_loss=0.017796)
  saved best_acc.pt (val_answer_accuracy=0.996719)
epoch 13/20 train loss=0.0030 acc=1.0000 em=1.0000 | val loss=0.0158 acc=0.9969 em=0.9515 | random≈0.0011
  saved best_loss.pt (val_answer_loss=0.015820)
  saved best_acc.pt (val_answer_accuracy=0.996906)
epoch 14/20 train loss=0.0025 acc=1.0000 em=1.0000 | val loss=0.0144 acc=0.9970 em=0.9530 | random≈0.0011
  saved best_loss.pt (val_answer_loss=0.014407)
epoch 15/20 train loss=0.0021 acc=1.0000 em=1.0000 | val loss=0.0131 acc=0.9971 em=0.9545 | random≈0.0011
  saved best_loss.pt (val_answer_loss=0.013120)
  saved best_acc.pt (val_answer_accuracy=0.997094)
epoch 16/20 train loss=0.0017 acc=1.0000 em=1.0000 | val loss=0.0121 acc=0.9972 em=0.9570 | random≈0.0011
  saved best_loss.pt (val_answer_loss=0.012099)
  saved best_acc.pt (val_answer_accuracy=0.997250)
epoch 17/20 train loss=0.0015 acc=1.0000 em=1.0000 | val loss=0.0111 acc=0.9974 em=0.9590 | random≈0.0011
  saved best_loss.pt (val_answer_loss=0.011103)
  saved best_acc.pt (val_answer_accuracy=0.997406)
epoch 18/20 train loss=0.0013 acc=1.0000 em=1.0000 | val loss=0.0105 acc=0.9974 em=0.9590 | random≈0.0011
  saved best_loss.pt (val_answer_loss=0.010522)
epoch 19/20 train loss=0.0011 acc=1.0000 em=1.0000 | val loss=0.0097 acc=0.9975 em=0.9610 | random≈0.0011
  saved best_loss.pt (val_answer_loss=0.009700)
  saved best_acc.pt (val_answer_accuracy=0.997531)
epoch 20/20 train loss=0.0010 acc=1.0000 em=1.0000 | val loss=0.0093 acc=0.9976 em=0.9620 | random≈0.0011
  saved best_loss.pt (val_answer_loss=0.009300)
test [best_loss_ckpt] loss=0.008790 acc=0.998031 em=0.969000
test [best_acc_ckpt]  loss=0.009365 acc=0.998125 em=0.970500 random_baseline≈0.001116
done. meta_metrics → /home/jovyan/shares/SR008.fs2/nvidenisov/other/repos/mamba/mamba_multi_scale_get_started/outputs/MQARFailureSweep/mqar_fail_mamba2_split_ts_slow_veryslow_v896_seed51/meta_metrics.csv
