experiment=archeval_lm_mamba2_slow_init_seed43 device=cuda:0 out_dir=/home/jovyan/shares/SR008.fs2/nvidenisov/other/repos/mamba/mamba_multi_scale_get_started/outputs/ArchEval/lm_mamba2_slow_init_seed43
early_stopping: patience=3 min_delta=0.0001 (disable with train.early_stopping.patience=0)
epoch 1/10 train_loss=3.0416 val_loss=2.4711 val_ppl=11.84 val_bpc=3.5650
  saved best.pt (val_loss=2.471102)
epoch 2/10 train_loss=2.2493 val_loss=2.1391 val_ppl=8.49 val_bpc=3.0860
  saved best.pt (val_loss=2.139080)
epoch 3/10 train_loss=1.9740 val_loss=1.9674 val_ppl=7.15 val_bpc=2.8384
  saved best.pt (val_loss=1.967430)
epoch 4/10 train_loss=1.7888 val_loss=1.8633 val_ppl=6.45 val_bpc=2.6882
  saved best.pt (val_loss=1.863316)
epoch 5/10 train_loss=1.6646 val_loss=1.7901 val_ppl=5.99 val_bpc=2.5826
  saved best.pt (val_loss=1.790127)
epoch 6/10 train_loss=1.5773 val_loss=1.7329 val_ppl=5.66 val_bpc=2.5001
  saved best.pt (val_loss=1.732925)
epoch 7/10 train_loss=1.5139 val_loss=1.6864 val_ppl=5.40 val_bpc=2.4330
  saved best.pt (val_loss=1.686434)
epoch 8/10 train_loss=1.4655 val_loss=1.6523 val_ppl=5.22 val_bpc=2.3838
  saved best.pt (val_loss=1.652291)
epoch 9/10 train_loss=1.4201 val_loss=1.6187 val_ppl=5.05 val_bpc=2.3353
  saved best.pt (val_loss=1.618728)
epoch 10/10 train_loss=1.3809 val_loss=1.5966 val_ppl=4.94 val_bpc=2.3034
  saved best.pt (val_loss=1.596591)
meta_metrics: train=25.52s eval=192.02s loop=219.44s setup=3.44s → meta_metrics.csv
