mqar_split_hashes: n_train=5000 uniq_train=5000 | n_val=2000 uniq_val=2000 | n_test=2000 uniq_test=2000
mqar_answer_positions[train]: min=16 mean=16.0000 max=16 (expected 16 per sample)
mqar_answer_positions[val]: min=16 mean=16.0000 max=16 (expected 16 per sample)
mqar_answer_positions[test]: min=16 mean=16.0000 max=16 (expected 16 per sample)
experiment=mqar_sweep_D_ms_gated_stride2_L128_minNone_kv16_vocab512_train5000_seed42 device=cuda:0 out_dir=/home/jovyan/shares/SR008.fs2/nvidenisov/other/repos/mamba/mamba_multi_scale_get_started/outputs/MQAR/mqar_sweep_D_ms_gated_stride2_L128_minNone_kv16_vocab512_train5000_seed42
mqar data: fixed_examples=True random_baseline_acc≈1/vocab=0.001953 (vocab_size=512)
--- mqar resolved config (sanity) ---
  experiment.name: mqar_sweep_D_ms_gated_stride2_L128_minNone_kv16_vocab512_train5000_seed42
  model.backbone: multiscale_mamba2_lm
  model.layer_headdims: [32, 32, 32, 32]
  model.multiscale.fast_layer_headdims: [32, 32, 32, 32]
  model.multiscale.slow_layer_headdims: [32, 32]
  data.input_seq_len: 128
  data.num_kv_pairs: 16
  data.vocab_size: 512
  data.train_examples: 5000  val_examples: 2000  test_examples: 2000
  data.fixed_examples: True
  data.min_query_pos: null
  train.lr: 0.0003
  train.epochs: 20
  num_parameters_trainable: 2898336
  tags(backbone,fusion,stride): multiscale_mamba2_lm, gated, 2
--- end resolved config ---
epoch 1/20 train loss=5.5679 acc=0.0073 em=0.0000 | val loss=5.6183 acc=0.0046 em=0.0000 | random≈0.0020
  saved best_loss.pt (val_answer_loss=5.618340)
  saved best_acc.pt (val_answer_accuracy=0.004562)
epoch 2/20 train loss=5.4993 acc=0.0115 em=0.0000 | val loss=5.5827 acc=0.0044 em=0.0000 | random≈0.0020
  saved best_loss.pt (val_answer_loss=5.582734)
epoch 3/20 train loss=5.3753 acc=0.0242 em=0.0000 | val loss=5.6211 acc=0.0048 em=0.0000 | random≈0.0020
  saved best_acc.pt (val_answer_accuracy=0.004781)
epoch 4/20 train loss=5.1306 acc=0.0678 em=0.0002 | val loss=5.6630 acc=0.0040 em=0.0000 | random≈0.0020
epoch 5/20 train loss=4.7472 acc=0.1726 em=0.0010 | val loss=5.7140 acc=0.0038 em=0.0000 | random≈0.0020
epoch 6/20 train loss=4.2163 acc=0.3512 em=0.0028 | val loss=5.7849 acc=0.0035 em=0.0000 | random≈0.0020
early stopping at epoch 6: val answer_loss did not improve by min_delta=0.0001 for 4 epochs
test [best_loss_ckpt] loss=5.586417 acc=0.004125 em=0.000000
test [best_acc_ckpt]  loss=5.630537 acc=0.003500 em=0.000000 random_baseline≈0.001953
done. meta_metrics → /home/jovyan/shares/SR008.fs2/nvidenisov/other/repos/mamba/mamba_multi_scale_get_started/outputs/MQAR/mqar_sweep_D_ms_gated_stride2_L128_minNone_kv16_vocab512_train5000_seed42/meta_metrics.csv
