mqar_split_hashes: n_train=20000 uniq_train=20000 | n_val=2000 uniq_val=2000 | n_test=2000 uniq_test=2000
mqar_answer_positions[train]: min=16 mean=16.0000 max=16 (expected 16 per sample)
mqar_answer_positions[val]: min=16 mean=16.0000 max=16 (expected 16 per sample)
mqar_answer_positions[test]: min=16 mean=16.0000 max=16 (expected 16 per sample)
experiment=archeval_mqar_easy_transformer_param_match_seed45 device=cuda:0 out_dir=/home/jovyan/shares/SR008.fs2/nvidenisov/other/repos/mamba/mamba_multi_scale_get_started/outputs/ArchEval/mqar_easy_transformer_param_match_seed45
mqar data: fixed_examples=True random_baseline_acc‚Čą1/vocab=0.001953 (vocab_size=512)
--- mqar resolved config (sanity) ---
  experiment.name: archeval_mqar_easy_transformer_param_match_seed45
  model.backbone: transformer_lm
  model.layer_headdims: ‚ÄĒ
  model.multiscale.fast_layer_headdims: ‚ÄĒ
  model.multiscale.slow_layer_headdims: ‚ÄĒ
  model.multiscale.window_size: ‚ÄĒ
  model.multiscale.offsets: ‚ÄĒ
  model.multiscale.summary_mode: ‚ÄĒ
  model.multiscale.causal_mode: ‚ÄĒ
  model.multiscale.gate_type: ‚ÄĒ
  data.input_seq_len: 128
  data.num_kv_pairs: 16
  data.vocab_size: 512
  data.train_examples: 20000  val_examples: 2000  test_examples: 2000
  data.fixed_examples: True
  data.min_query_pos: null
  train.lr: 0.0003
  train.epochs: 20
  num_parameters_trainable: 3071728
  tags(backbone,fusion,stride): transformer_lm, , 
--- end resolved config ---
epoch 1/20 train loss=5.5557 acc=0.0042 em=0.0000 | val loss=5.5564 acc=0.0043 em=0.0000 | random‚Čą0.0020
  saved best_loss.pt (val_answer_loss=5.556426)
  saved best_acc.pt (val_answer_accuracy=0.004313)
epoch 2/20 train loss=5.5458 acc=0.0053 em=0.0000 | val loss=5.5490 acc=0.0050 em=0.0000 | random‚Čą0.0020
  saved best_loss.pt (val_answer_loss=5.549036)
  saved best_acc.pt (val_answer_accuracy=0.005031)
epoch 3/20 train loss=4.8856 acc=0.0778 em=0.0000 | val loss=4.9507 acc=0.0716 em=0.0000 | random‚Čą0.0020
  saved best_loss.pt (val_answer_loss=4.950688)
  saved best_acc.pt (val_answer_accuracy=0.071594)
epoch 4/20 train loss=4.1884 acc=0.0911 em=0.0000 | val loss=4.3102 acc=0.0772 em=0.0000 | random‚Čą0.0020
  saved best_loss.pt (val_answer_loss=4.310243)
  saved best_acc.pt (val_answer_accuracy=0.077156)
epoch 5/20 train loss=3.7903 acc=0.0992 em=0.0000 | val loss=3.9753 acc=0.0763 em=0.0000 | random‚Čą0.0020
  saved best_loss.pt (val_answer_loss=3.975316)
epoch 6/20 train loss=3.5317 acc=0.1075 em=0.0000 | val loss=3.7709 acc=0.0786 em=0.0000 | random‚Čą0.0020
  saved best_loss.pt (val_answer_loss=3.770916)
  saved best_acc.pt (val_answer_accuracy=0.078625)
epoch 7/20 train loss=3.2835 acc=0.1366 em=0.0000 | val loss=3.5768 acc=0.0932 em=0.0000 | random‚Čą0.0020
  saved best_loss.pt (val_answer_loss=3.576821)
  saved best_acc.pt (val_answer_accuracy=0.093188)
epoch 8/20 train loss=0.0030 acc=0.9999 em=0.9990 | val loss=0.0032 acc=1.0000 em=0.9995 | random‚Čą0.0020
  saved best_loss.pt (val_answer_loss=0.003228)
  saved best_acc.pt (val_answer_accuracy=0.999969)
epoch 9/20 train loss=0.0006 acc=1.0000 em=1.0000 | val loss=0.0006 acc=1.0000 em=1.0000 | random‚Čą0.0020
  saved best_loss.pt (val_answer_loss=0.000587)
epoch 10/20 train loss=0.0003 acc=1.0000 em=1.0000 | val loss=0.0003 acc=1.0000 em=1.0000 | random‚Čą0.0020
  saved best_loss.pt (val_answer_loss=0.000303)
epoch 11/20 train loss=0.0002 acc=1.0000 em=1.0000 | val loss=0.0002 acc=1.0000 em=1.0000 | random‚Čą0.0020
  saved best_loss.pt (val_answer_loss=0.000194)
epoch 12/20 train loss=0.0001 acc=1.0000 em=1.0000 | val loss=0.0001 acc=1.0000 em=1.0000 | random‚Čą0.0020
epoch 13/20 train loss=0.0001 acc=1.0000 em=1.0000 | val loss=0.0001 acc=1.0000 em=1.0000 | random‚Čą0.0020
epoch 14/20 train loss=0.0001 acc=1.0000 em=1.0000 | val loss=0.0001 acc=1.0000 em=1.0000 | random‚Čą0.0020
  saved best_loss.pt (val_answer_loss=0.000087)
epoch 15/20 train loss=0.0001 acc=1.0000 em=1.0000 | val loss=0.0001 acc=1.0000 em=1.0000 | random‚Čą0.0020
epoch 16/20 train loss=0.0001 acc=1.0000 em=1.0000 | val loss=0.0001 acc=1.0000 em=1.0000 | random‚Čą0.0020
epoch 17/20 train loss=0.0000 acc=1.0000 em=1.0000 | val loss=0.0000 acc=1.0000 em=1.0000 | random‚Čą0.0020
epoch 18/20 train loss=0.0000 acc=1.0000 em=1.0000 | val loss=0.0000 acc=1.0000 em=1.0000 | random‚Čą0.0020
early stopping at epoch 18: val answer_loss did not improve by min_delta=0.0001 for 4 epochs
test [best_loss_ckpt] loss=0.000087 acc=1.000000 em=1.000000
test [best_acc_ckpt]  loss=0.003164 acc=1.000000 em=1.000000 random_baseline‚Čą0.001953
done. meta_metrics ‚Üí /home/jovyan/shares/SR008.fs2/nvidenisov/other/repos/mamba/mamba_multi_scale_get_started/outputs/ArchEval/mqar_easy_transformer_param_match_seed45/meta_metrics.csv
