mqar_split_hashes: n_train=20000 uniq_train=20000 | n_val=2000 uniq_val=2000 | n_test=2000 uniq_test=2000
mqar_answer_positions[train]: min=16 mean=16.0000 max=16 (expected 16 per sample)
mqar_answer_positions[val]: min=16 mean=16.0000 max=16 (expected 16 per sample)
mqar_answer_positions[test]: min=16 mean=16.0000 max=16 (expected 16 per sample)
experiment=mqar_fail_mamba2_split_ts_slow_veryslow_v896_seed49 device=cuda:0 out_dir=/home/jovyan/shares/SR008.fs2/nvidenisov/other/repos/mamba/mamba_multi_scale_get_started/outputs/MQARFailureSweep/mqar_fail_mamba2_split_ts_slow_veryslow_v896_seed49
mqar data: fixed_examples=True random_baseline_acc≈1/vocab=0.001116 (vocab_size=896)
--- mqar resolved config (sanity) ---
  experiment.name: mqar_fail_mamba2_split_ts_slow_veryslow_v896_seed49
  model.backbone: mamba2_lm
  model.layer_headdims: [32, 32, 32, 32]
  model.multiscale.fast_layer_headdims: —
  model.multiscale.slow_layer_headdims: —
  model.multiscale.window_size: —
  model.multiscale.offsets: —
  model.multiscale.summary_mode: —
  model.multiscale.causal_mode: —
  model.multiscale.gate_type: —
  data.input_seq_len: 128
  data.num_kv_pairs: 16
  data.vocab_size: 896
  data.train_examples: 20000  val_examples: 2000  test_examples: 2000
  data.fixed_examples: True
  data.min_query_pos: null
  train.lr: 0.0003
  train.epochs: 20
  num_parameters_trainable: 2128704
  tags(backbone,fusion,stride): mamba2_lm, , 
--- end resolved config ---
epoch 1/20 train loss=6.1091 acc=0.0029 em=0.0000 | val loss=6.1242 acc=0.0026 em=0.0000 | random≈0.0011
  saved best_loss.pt (val_answer_loss=6.124190)
  saved best_acc.pt (val_answer_accuracy=0.002563)
epoch 2/20 train loss=6.0783 acc=0.0069 em=0.0000 | val loss=6.1200 acc=0.0039 em=0.0000 | random≈0.0011
  saved best_loss.pt (val_answer_loss=6.120049)
  saved best_acc.pt (val_answer_accuracy=0.003938)
epoch 3/20 train loss=5.8777 acc=0.0411 em=0.0000 | val loss=6.0373 acc=0.0346 em=0.0000 | random≈0.0011
  saved best_loss.pt (val_answer_loss=6.037296)
  saved best_acc.pt (val_answer_accuracy=0.034594)
epoch 4/20 train loss=5.4150 acc=0.0980 em=0.0000 | val loss=5.7725 acc=0.0740 em=0.0000 | random≈0.0011
  saved best_loss.pt (val_answer_loss=5.772456)
  saved best_acc.pt (val_answer_accuracy=0.074000)
epoch 5/20 train loss=2.6955 acc=0.5497 em=0.0000 | val loss=2.9458 acc=0.4985 em=0.0000 | random≈0.0011
  saved best_loss.pt (val_answer_loss=2.945786)
  saved best_acc.pt (val_answer_accuracy=0.498469)
epoch 6/20 train loss=0.1796 acc=0.9804 em=0.7300 | val loss=0.2393 acc=0.9686 em=0.5915 | random≈0.0011
  saved best_loss.pt (val_answer_loss=0.239304)
  saved best_acc.pt (val_answer_accuracy=0.968594)
epoch 7/20 train loss=0.0369 acc=0.9984 em=0.9747 | val loss=0.0650 acc=0.9923 em=0.8855 | random≈0.0011
  saved best_loss.pt (val_answer_loss=0.064992)
  saved best_acc.pt (val_answer_accuracy=0.992281)
epoch 8/20 train loss=0.0144 acc=0.9999 em=0.9987 | val loss=0.0331 acc=0.9958 em=0.9365 | random≈0.0011
  saved best_loss.pt (val_answer_loss=0.033065)
  saved best_acc.pt (val_answer_accuracy=0.995812)
epoch 9/20 train loss=0.0083 acc=1.0000 em=0.9999 | val loss=0.0226 acc=0.9969 em=0.9535 | random≈0.0011
  saved best_loss.pt (val_answer_loss=0.022639)
  saved best_acc.pt (val_answer_accuracy=0.996906)
epoch 10/20 train loss=0.0058 acc=1.0000 em=1.0000 | val loss=0.0178 acc=0.9975 em=0.9635 | random≈0.0011
  saved best_loss.pt (val_answer_loss=0.017761)
  saved best_acc.pt (val_answer_accuracy=0.997531)
epoch 11/20 train loss=0.0044 acc=1.0000 em=1.0000 | val loss=0.0149 acc=0.9979 em=0.9680 | random≈0.0011
  saved best_loss.pt (val_answer_loss=0.014924)
  saved best_acc.pt (val_answer_accuracy=0.997906)
epoch 12/20 train loss=0.0035 acc=1.0000 em=1.0000 | val loss=0.0130 acc=0.9979 em=0.9675 | random≈0.0011
  saved best_loss.pt (val_answer_loss=0.013016)
epoch 13/20 train loss=0.0028 acc=1.0000 em=1.0000 | val loss=0.0115 acc=0.9982 em=0.9720 | random≈0.0011
  saved best_loss.pt (val_answer_loss=0.011468)
  saved best_acc.pt (val_answer_accuracy=0.998188)
epoch 14/20 train loss=0.0024 acc=1.0000 em=1.0000 | val loss=0.0101 acc=0.9985 em=0.9760 | random≈0.0011
  saved best_loss.pt (val_answer_loss=0.010076)
  saved best_acc.pt (val_answer_accuracy=0.998469)
epoch 15/20 train loss=0.0020 acc=1.0000 em=1.0000 | val loss=0.0092 acc=0.9985 em=0.9760 | random≈0.0011
  saved best_loss.pt (val_answer_loss=0.009219)
epoch 16/20 train loss=0.0017 acc=1.0000 em=1.0000 | val loss=0.0083 acc=0.9986 em=0.9785 | random≈0.0011
  saved best_loss.pt (val_answer_loss=0.008325)
  saved best_acc.pt (val_answer_accuracy=0.998625)
epoch 17/20 train loss=0.0015 acc=1.0000 em=1.0000 | val loss=0.0076 acc=0.9987 em=0.9800 | random≈0.0011
  saved best_loss.pt (val_answer_loss=0.007647)
epoch 18/20 train loss=0.0013 acc=1.0000 em=1.0000 | val loss=0.0070 acc=0.9988 em=0.9815 | random≈0.0011
  saved best_loss.pt (val_answer_loss=0.006973)
  saved best_acc.pt (val_answer_accuracy=0.998812)
epoch 19/20 train loss=0.0011 acc=1.0000 em=1.0000 | val loss=0.0065 acc=0.9988 em=0.9810 | random≈0.0011
  saved best_loss.pt (val_answer_loss=0.006466)
epoch 20/20 train loss=0.0010 acc=1.0000 em=1.0000 | val loss=0.0061 acc=0.9989 em=0.9830 | random≈0.0011
  saved best_loss.pt (val_answer_loss=0.006067)
test [best_loss_ckpt] loss=0.007284 acc=0.998219 em=0.971500
test [best_acc_ckpt]  loss=0.008394 acc=0.998094 em=0.969500 random_baseline≈0.001116
done. meta_metrics → /home/jovyan/shares/SR008.fs2/nvidenisov/other/repos/mamba/mamba_multi_scale_get_started/outputs/MQARFailureSweep/mqar_fail_mamba2_split_ts_slow_veryslow_v896_seed49/meta_metrics.csv
