mqar_split_hashes: n_train=20000 uniq_train=20000 | n_val=2000 uniq_val=2000 | n_test=2000 uniq_test=2000
mqar_answer_positions[train]: min=16 mean=16.0000 max=16 (expected 16 per sample)
mqar_answer_positions[val]: min=16 mean=16.0000 max=16 (expected 16 per sample)
mqar_answer_positions[test]: min=16 mean=16.0000 max=16 (expected 16 per sample)
experiment=mqar_fail_transformer_param_match_v640_seed51 device=cuda:0 out_dir=/home/jovyan/shares/SR008.fs2/nvidenisov/other/repos/mamba/mamba_multi_scale_get_started/outputs/MQARFailureSweep/mqar_fail_transformer_param_match_v640_seed51
mqar data: fixed_examples=True random_baseline_acc≈1/vocab=0.001563 (vocab_size=640)
--- mqar resolved config (sanity) ---
  experiment.name: mqar_fail_transformer_param_match_v640_seed51
  model.backbone: transformer_lm
  model.layer_headdims: —
  model.multiscale.fast_layer_headdims: —
  model.multiscale.slow_layer_headdims: —
  model.multiscale.window_size: —
  model.multiscale.offsets: —
  model.multiscale.summary_mode: —
  model.multiscale.causal_mode: —
  model.multiscale.gate_type: —
  data.input_seq_len: 128
  data.num_kv_pairs: 16
  data.vocab_size: 640
  data.train_examples: 20000  val_examples: 2000  test_examples: 2000
  data.fixed_examples: True
  data.min_query_pos: null
  train.lr: 0.0003
  train.epochs: 20
  num_parameters_trainable: 3131248
  tags(backbone,fusion,stride): transformer_lm, , 
--- end resolved config ---
epoch 1/20 train loss=5.7794 acc=0.0032 em=0.0000 | val loss=5.7802 acc=0.0030 em=0.0000 | random≈0.0016
  saved best_loss.pt (val_answer_loss=5.780233)
  saved best_acc.pt (val_answer_accuracy=0.002969)
epoch 2/20 train loss=5.7719 acc=0.0038 em=0.0000 | val loss=5.7770 acc=0.0033 em=0.0000 | random≈0.0016
  saved best_loss.pt (val_answer_loss=5.777030)
  saved best_acc.pt (val_answer_accuracy=0.003281)
epoch 3/20 train loss=5.3562 acc=0.0703 em=0.0000 | val loss=5.4105 acc=0.0676 em=0.0000 | random≈0.0016
  saved best_loss.pt (val_answer_loss=5.410462)
  saved best_acc.pt (val_answer_accuracy=0.067562)
epoch 4/20 train loss=4.5682 acc=0.0875 em=0.0000 | val loss=4.6834 acc=0.0767 em=0.0000 | random≈0.0016
  saved best_loss.pt (val_answer_loss=4.683368)
  saved best_acc.pt (val_answer_accuracy=0.076750)
epoch 5/20 train loss=4.1015 acc=0.0965 em=0.0000 | val loss=4.2923 acc=0.0775 em=0.0000 | random≈0.0016
  saved best_loss.pt (val_answer_loss=4.292332)
  saved best_acc.pt (val_answer_accuracy=0.077531)
epoch 6/20 train loss=3.7840 acc=0.1061 em=0.0000 | val loss=4.0415 acc=0.0794 em=0.0000 | random≈0.0016
  saved best_loss.pt (val_answer_loss=4.041478)
  saved best_acc.pt (val_answer_accuracy=0.079375)
epoch 7/20 train loss=3.5589 acc=0.1154 em=0.0000 | val loss=3.8758 acc=0.0804 em=0.0000 | random≈0.0016
  saved best_loss.pt (val_answer_loss=3.875783)
  saved best_acc.pt (val_answer_accuracy=0.080375)
epoch 8/20 train loss=3.2145 acc=0.1732 em=0.0000 | val loss=3.5937 acc=0.1144 em=0.0000 | random≈0.0016
  saved best_loss.pt (val_answer_loss=3.593740)
  saved best_acc.pt (val_answer_accuracy=0.114406)
epoch 9/20 train loss=0.0018 acc=1.0000 em=0.9997 | val loss=0.0020 acc=1.0000 em=0.9995 | random≈0.0016
  saved best_loss.pt (val_answer_loss=0.002030)
  saved best_acc.pt (val_answer_accuracy=0.999969)
epoch 10/20 train loss=0.0005 acc=1.0000 em=1.0000 | val loss=0.0006 acc=1.0000 em=1.0000 | random≈0.0016
  saved best_loss.pt (val_answer_loss=0.000575)
epoch 11/20 train loss=0.0003 acc=1.0000 em=1.0000 | val loss=0.0003 acc=1.0000 em=1.0000 | random≈0.0016
  saved best_loss.pt (val_answer_loss=0.000319)
epoch 12/20 train loss=0.0002 acc=1.0000 em=1.0000 | val loss=0.0002 acc=1.0000 em=1.0000 | random≈0.0016
  saved best_loss.pt (val_answer_loss=0.000210)
epoch 13/20 train loss=0.0001 acc=1.0000 em=1.0000 | val loss=0.0002 acc=1.0000 em=1.0000 | random≈0.0016
epoch 14/20 train loss=0.0001 acc=1.0000 em=1.0000 | val loss=0.0001 acc=1.0000 em=1.0000 | random≈0.0016
epoch 15/20 train loss=0.0001 acc=1.0000 em=1.0000 | val loss=0.0001 acc=1.0000 em=1.0000 | random≈0.0016
  saved best_loss.pt (val_answer_loss=0.000091)
epoch 16/20 train loss=0.0001 acc=1.0000 em=1.0000 | val loss=0.0001 acc=1.0000 em=1.0000 | random≈0.0016
epoch 17/20 train loss=0.0001 acc=1.0000 em=1.0000 | val loss=0.0001 acc=1.0000 em=1.0000 | random≈0.0016
epoch 18/20 train loss=0.0000 acc=1.0000 em=1.0000 | val loss=0.0001 acc=1.0000 em=1.0000 | random≈0.0016
epoch 19/20 train loss=0.0000 acc=1.0000 em=1.0000 | val loss=0.0000 acc=1.0000 em=1.0000 | random≈0.0016
early stopping at epoch 19: val answer_loss did not improve by min_delta=0.0001 for 4 epochs
test [best_loss_ckpt] loss=0.000092 acc=1.000000 em=1.000000
test [best_acc_ckpt]  loss=0.001970 acc=1.000000 em=1.000000 random_baseline≈0.001563
done. meta_metrics → /home/jovyan/shares/SR008.fs2/nvidenisov/other/repos/mamba/mamba_multi_scale_get_started/outputs/MQARFailureSweep/mqar_fail_transformer_param_match_v640_seed51/meta_metrics.csv
