mqar_split_hashes: n_train=20000 uniq_train=20000 | n_val=2000 uniq_val=2000 | n_test=2000 uniq_test=2000
mqar_answer_positions[train]: min=16 mean=16.0000 max=16 (expected 16 per sample)
mqar_answer_positions[val]: min=16 mean=16.0000 max=16 (expected 16 per sample)
mqar_answer_positions[test]: min=16 mean=16.0000 max=16 (expected 16 per sample)
experiment=mqar_fail_mamba2_slow_init_v640_seed50 device=cuda:0 out_dir=/home/jovyan/shares/SR008.fs2/nvidenisov/other/repos/mamba/mamba_multi_scale_get_started/outputs/MQARFailureSweep/mqar_fail_mamba2_slow_init_v640_seed50
mqar data: fixed_examples=True random_baseline_acc≈1/vocab=0.001563 (vocab_size=640)
--- mqar resolved config (sanity) ---
  experiment.name: mqar_fail_mamba2_slow_init_v640_seed50
  model.backbone: mamba2_lm
  model.layer_headdims: [32, 32, 32, 32]
  model.multiscale.fast_layer_headdims: —
  model.multiscale.slow_layer_headdims: —
  model.multiscale.window_size: —
  model.multiscale.offsets: —
  model.multiscale.summary_mode: —
  model.multiscale.causal_mode: —
  model.multiscale.gate_type: —
  data.input_seq_len: 128
  data.num_kv_pairs: 16
  data.vocab_size: 640
  data.train_examples: 20000  val_examples: 2000  test_examples: 2000
  data.fixed_examples: True
  data.min_query_pos: null
  train.lr: 0.0003
  train.epochs: 20
  num_parameters_trainable: 1997376
  tags(backbone,fusion,stride): mamba2_lm, , 
--- end resolved config ---
epoch 1/20 train loss=5.7741 acc=0.0042 em=0.0000 | val loss=5.7844 acc=0.0029 em=0.0000 | random≈0.0016
  saved best_loss.pt (val_answer_loss=5.784380)
  saved best_acc.pt (val_answer_accuracy=0.002875)
epoch 2/20 train loss=5.7357 acc=0.0142 em=0.0000 | val loss=5.7672 acc=0.0130 em=0.0000 | random≈0.0016
  saved best_loss.pt (val_answer_loss=5.767247)
  saved best_acc.pt (val_answer_accuracy=0.013000)
epoch 3/20 train loss=5.5413 acc=0.0473 em=0.0000 | val loss=5.6646 acc=0.0411 em=0.0000 | random≈0.0016
  saved best_loss.pt (val_answer_loss=5.664594)
  saved best_acc.pt (val_answer_accuracy=0.041125)
epoch 4/20 train loss=5.1247 acc=0.0824 em=0.0000 | val loss=5.4119 acc=0.0585 em=0.0000 | random≈0.0016
  saved best_loss.pt (val_answer_loss=5.411907)
  saved best_acc.pt (val_answer_accuracy=0.058469)
epoch 5/20 train loss=2.8290 acc=0.4736 em=0.0000 | val loss=3.1053 acc=0.4136 em=0.0000 | random≈0.0016
  saved best_loss.pt (val_answer_loss=3.105329)
  saved best_acc.pt (val_answer_accuracy=0.413625)
epoch 6/20 train loss=0.3704 acc=0.9433 em=0.3987 | val loss=0.4725 acc=0.9161 em=0.2435 | random≈0.0016
  saved best_loss.pt (val_answer_loss=0.472458)
  saved best_acc.pt (val_answer_accuracy=0.916063)
epoch 7/20 train loss=0.0626 acc=0.9937 em=0.9046 | val loss=0.1104 acc=0.9792 em=0.7185 | random≈0.0016
  saved best_loss.pt (val_answer_loss=0.110434)
  saved best_acc.pt (val_answer_accuracy=0.979219)
epoch 8/20 train loss=0.0185 acc=0.9994 em=0.9912 | val loss=0.0476 acc=0.9908 em=0.8620 | random≈0.0016
  saved best_loss.pt (val_answer_loss=0.047623)
  saved best_acc.pt (val_answer_accuracy=0.990844)
epoch 9/20 train loss=0.0079 acc=1.0000 em=1.0000 | val loss=0.0292 acc=0.9943 em=0.9160 | random≈0.0016
  saved best_loss.pt (val_answer_loss=0.029159)
  saved best_acc.pt (val_answer_accuracy=0.994344)
epoch 10/20 train loss=0.0049 acc=1.0000 em=1.0000 | val loss=0.0220 acc=0.9957 em=0.9350 | random≈0.0016
  saved best_loss.pt (val_answer_loss=0.021979)
  saved best_acc.pt (val_answer_accuracy=0.995719)
epoch 11/20 train loss=0.0035 acc=1.0000 em=1.0000 | val loss=0.0184 acc=0.9963 em=0.9435 | random≈0.0016
  saved best_loss.pt (val_answer_loss=0.018380)
  saved best_acc.pt (val_answer_accuracy=0.996313)
epoch 12/20 train loss=0.0027 acc=1.0000 em=1.0000 | val loss=0.0163 acc=0.9967 em=0.9490 | random≈0.0016
  saved best_loss.pt (val_answer_loss=0.016272)
  saved best_acc.pt (val_answer_accuracy=0.996719)
epoch 13/20 train loss=0.0022 acc=1.0000 em=1.0000 | val loss=0.0146 acc=0.9967 em=0.9510 | random≈0.0016
  saved best_loss.pt (val_answer_loss=0.014617)
epoch 14/20 train loss=0.0018 acc=1.0000 em=1.0000 | val loss=0.0132 acc=0.9970 em=0.9540 | random≈0.0016
  saved best_loss.pt (val_answer_loss=0.013170)
  saved best_acc.pt (val_answer_accuracy=0.997031)
epoch 15/20 train loss=0.0015 acc=1.0000 em=1.0000 | val loss=0.0122 acc=0.9972 em=0.9560 | random≈0.0016
  saved best_loss.pt (val_answer_loss=0.012246)
  saved best_acc.pt (val_answer_accuracy=0.997188)
epoch 16/20 train loss=0.0012 acc=1.0000 em=1.0000 | val loss=0.0114 acc=0.9974 em=0.9590 | random≈0.0016
  saved best_loss.pt (val_answer_loss=0.011449)
  saved best_acc.pt (val_answer_accuracy=0.997406)
epoch 17/20 train loss=0.0011 acc=1.0000 em=1.0000 | val loss=0.0107 acc=0.9975 em=0.9615 | random≈0.0016
  saved best_loss.pt (val_answer_loss=0.010708)
  saved best_acc.pt (val_answer_accuracy=0.997531)
epoch 18/20 train loss=0.0009 acc=1.0000 em=1.0000 | val loss=0.0100 acc=0.9976 em=0.9620 | random≈0.0016
  saved best_loss.pt (val_answer_loss=0.010033)
epoch 19/20 train loss=0.0008 acc=1.0000 em=1.0000 | val loss=0.0094 acc=0.9977 em=0.9635 | random≈0.0016
  saved best_loss.pt (val_answer_loss=0.009429)
  saved best_acc.pt (val_answer_accuracy=0.997656)
epoch 20/20 train loss=0.0007 acc=1.0000 em=1.0000 | val loss=0.0090 acc=0.9978 em=0.9645 | random≈0.0016
  saved best_loss.pt (val_answer_loss=0.008994)
test [best_loss_ckpt] loss=0.009883 acc=0.997375 em=0.959500
test [best_acc_ckpt]  loss=0.010228 acc=0.997281 em=0.957500 random_baseline≈0.001563
done. meta_metrics → /home/jovyan/shares/SR008.fs2/nvidenisov/other/repos/mamba/mamba_multi_scale_get_started/outputs/MQARFailureSweep/mqar_fail_mamba2_slow_init_v640_seed50/meta_metrics.csv
