mqar_split_hashes: n_train=20000 uniq_train=20000 | n_val=2000 uniq_val=2000 | n_test=2000 uniq_test=2000
mqar_answer_positions[train]: min=16 mean=16.0000 max=16 (expected 16 per sample)
mqar_answer_positions[val]: min=16 mean=16.0000 max=16 (expected 16 per sample)
mqar_answer_positions[test]: min=16 mean=16.0000 max=16 (expected 16 per sample)
experiment=mqar_fail_ms_gated_right_init_v1280_seed44 device=cuda:0 out_dir=/home/jovyan/shares/SR008.fs2/nvidenisov/other/repos/mamba/mamba_multi_scale_get_started/outputs/MQARFailureSweep/mqar_fail_ms_gated_right_init_v1280_seed44
mqar data: fixed_examples=True random_baseline_acc≈1/vocab=0.000781 (vocab_size=1280)
--- mqar resolved config (sanity) ---
  experiment.name: mqar_fail_ms_gated_right_init_v1280_seed44
  model.backbone: multiscale_mamba2_lm
  model.layer_headdims: [32, 32, 32, 32]
  model.multiscale.fast_layer_headdims: [32, 32, 32, 32]
  model.multiscale.slow_layer_headdims: [32, 32]
  model.multiscale.window_size: —
  model.multiscale.offsets: —
  model.multiscale.summary_mode: —
  model.multiscale.causal_mode: —
  model.multiscale.gate_type: —
  data.input_seq_len: 128
  data.num_kv_pairs: 16
  data.vocab_size: 1280
  data.train_examples: 20000  val_examples: 2000  test_examples: 2000
  data.fixed_examples: True
  data.min_query_pos: null
  train.lr: 0.0003
  train.epochs: 20
  num_parameters_trainable: 3292320
  tags(backbone,fusion,stride): multiscale_mamba2_lm, gated, 2
--- end resolved config ---
epoch 1/20 train loss=6.4662 acc=0.0021 em=0.0000 | val loss=6.4814 acc=0.0022 em=0.0000 | random≈0.0008
  saved best_loss.pt (val_answer_loss=6.481450)
  saved best_acc.pt (val_answer_accuracy=0.002188)
epoch 2/20 train loss=6.4376 acc=0.0032 em=0.0000 | val loss=6.4848 acc=0.0016 em=0.0000 | random≈0.0008
epoch 3/20 train loss=6.3050 acc=0.0126 em=0.0000 | val loss=6.5051 acc=0.0056 em=0.0000 | random≈0.0008
  saved best_acc.pt (val_answer_accuracy=0.005625)
epoch 4/20 train loss=5.9559 acc=0.0418 em=0.0000 | val loss=6.5488 acc=0.0117 em=0.0000 | random≈0.0008
  saved best_acc.pt (val_answer_accuracy=0.011719)
epoch 5/20 train loss=5.4546 acc=0.1022 em=0.0000 | val loss=6.6187 acc=0.0153 em=0.0000 | random≈0.0008
  saved best_acc.pt (val_answer_accuracy=0.015312)
early stopping at epoch 5: val answer_loss did not improve by min_delta=0.0001 for 4 epochs
test [best_loss_ckpt] loss=6.482078 acc=0.001719 em=0.000000
test [best_acc_ckpt]  loss=6.619400 acc=0.013875 em=0.000000 random_baseline≈0.000781
done. meta_metrics → /home/jovyan/shares/SR008.fs2/nvidenisov/other/repos/mamba/mamba_multi_scale_get_started/outputs/MQARFailureSweep/mqar_fail_ms_gated_right_init_v1280_seed44/meta_metrics.csv
