mqar_split_hashes: n_train=20000 uniq_train=20000 | n_val=2000 uniq_val=2000 | n_test=2000 uniq_test=2000
mqar_answer_positions[train]: min=16 mean=16.0000 max=16 (expected 16 per sample)
mqar_answer_positions[val]: min=16 mean=16.0000 max=16 (expected 16 per sample)
mqar_answer_positions[test]: min=16 mean=16.0000 max=16 (expected 16 per sample)
experiment=mqar_final_easy_ms_attention_stride4_L128_minnull_kv16_vocab512_train20000_seed44 device=cuda:0 out_dir=/home/jovyan/shares/SR008.fs2/nvidenisov/other/repos/mamba/mamba_multi_scale_get_started/outputs/MQAR/mqar_final_easy_ms_attention_stride4_L128_minnull_kv16_vocab512_train20000_seed44
mqar data: fixed_examples=True random_baseline_acc≈1/vocab=0.001953 (vocab_size=512)
--- mqar resolved config (sanity) ---
  experiment.name: mqar_final_easy_ms_attention_stride4_L128_minnull_kv16_vocab512_train20000_seed44
  model.backbone: multiscale_mamba2_attention_lm
  model.layer_headdims: [32, 32, 32, 32]
  model.multiscale.fast_layer_headdims: [32, 32, 32, 32]
  model.multiscale.slow_layer_headdims: [32, 32]
  data.input_seq_len: 128
  data.num_kv_pairs: 16
  data.vocab_size: 512
  data.train_examples: 20000  val_examples: 2000  test_examples: 2000
  data.fixed_examples: True
  data.min_query_pos: null
  train.lr: 0.0003
  train.epochs: 20
  num_parameters_trainable: 3030176
  tags(backbone,fusion,stride): multiscale_mamba2_attention_lm, residual, 4
--- end resolved config ---
epoch 1/20 train loss=5.5491 acc=0.0047 em=0.0000 | val loss=5.5600 acc=0.0039 em=0.0000 | random≈0.0020
  saved best_loss.pt (val_answer_loss=5.560028)
  saved best_acc.pt (val_answer_accuracy=0.003906)
epoch 2/20 train loss=5.5061 acc=0.0133 em=0.0000 | val loss=5.5616 acc=0.0087 em=0.0000 | random≈0.0020
  saved best_acc.pt (val_answer_accuracy=0.008719)
epoch 3/20 train loss=5.3154 acc=0.0424 em=0.0000 | val loss=5.5174 acc=0.0323 em=0.0000 | random≈0.0020
  saved best_loss.pt (val_answer_loss=5.517369)
  saved best_acc.pt (val_answer_accuracy=0.032281)
epoch 4/20 train loss=4.9560 acc=0.0851 em=0.0000 | val loss=5.4757 acc=0.0497 em=0.0000 | random≈0.0020
  saved best_loss.pt (val_answer_loss=5.475707)
  saved best_acc.pt (val_answer_accuracy=0.049688)
epoch 5/20 train loss=4.2589 acc=0.2105 em=0.0000 | val loss=5.0187 acc=0.1339 em=0.0000 | random≈0.0020
  saved best_loss.pt (val_answer_loss=5.018684)
  saved best_acc.pt (val_answer_accuracy=0.133875)
epoch 6/20 train loss=2.0479 acc=0.5937 em=0.0001 | val loss=2.6018 acc=0.4638 em=0.0000 | random≈0.0020
  saved best_loss.pt (val_answer_loss=2.601782)
  saved best_acc.pt (val_answer_accuracy=0.463844)
epoch 7/20 train loss=0.6049 acc=0.8734 em=0.1169 | val loss=0.9197 acc=0.7731 em=0.0125 | random≈0.0020
  saved best_loss.pt (val_answer_loss=0.919740)
  saved best_acc.pt (val_answer_accuracy=0.773094)
epoch 8/20 train loss=0.2012 acc=0.9656 em=0.5752 | val loss=0.3704 acc=0.9092 em=0.2145 | random≈0.0020
  saved best_loss.pt (val_answer_loss=0.370382)
  saved best_acc.pt (val_answer_accuracy=0.909188)
epoch 9/20 train loss=0.0790 acc=0.9931 em=0.8958 | val loss=0.1929 acc=0.9532 em=0.4660 | random≈0.0020
  saved best_loss.pt (val_answer_loss=0.192856)
  saved best_acc.pt (val_answer_accuracy=0.953187)
epoch 10/20 train loss=0.0372 acc=0.9991 em=0.9858 | val loss=0.1286 acc=0.9672 em=0.5860 | random≈0.0020
  saved best_loss.pt (val_answer_loss=0.128635)
  saved best_acc.pt (val_answer_accuracy=0.967156)
epoch 11/20 train loss=0.0197 acc=1.0000 em=0.9999 | val loss=0.0970 acc=0.9760 em=0.6820 | random≈0.0020
  saved best_loss.pt (val_answer_loss=0.097010)
  saved best_acc.pt (val_answer_accuracy=0.976000)
epoch 12/20 train loss=0.0129 acc=1.0000 em=1.0000 | val loss=0.0812 acc=0.9803 em=0.7340 | random≈0.0020
  saved best_loss.pt (val_answer_loss=0.081221)
  saved best_acc.pt (val_answer_accuracy=0.980313)
epoch 13/20 train loss=0.0094 acc=1.0000 em=1.0000 | val loss=0.0729 acc=0.9825 em=0.7560 | random≈0.0020
  saved best_loss.pt (val_answer_loss=0.072900)
  saved best_acc.pt (val_answer_accuracy=0.982531)
epoch 14/20 train loss=0.0075 acc=1.0000 em=1.0000 | val loss=0.0683 acc=0.9822 em=0.7550 | random≈0.0020
  saved best_loss.pt (val_answer_loss=0.068324)
epoch 15/20 train loss=0.0060 acc=1.0000 em=1.0000 | val loss=0.0632 acc=0.9838 em=0.7735 | random≈0.0020
  saved best_loss.pt (val_answer_loss=0.063226)
  saved best_acc.pt (val_answer_accuracy=0.983781)
epoch 16/20 train loss=0.0049 acc=1.0000 em=1.0000 | val loss=0.0596 acc=0.9837 em=0.7710 | random≈0.0020
  saved best_loss.pt (val_answer_loss=0.059612)
epoch 17/20 train loss=0.0041 acc=1.0000 em=1.0000 | val loss=0.0571 acc=0.9845 em=0.7800 | random≈0.0020
  saved best_loss.pt (val_answer_loss=0.057058)
  saved best_acc.pt (val_answer_accuracy=0.984469)
epoch 18/20 train loss=0.0035 acc=1.0000 em=1.0000 | val loss=0.0547 acc=0.9848 em=0.7845 | random≈0.0020
  saved best_loss.pt (val_answer_loss=0.054740)
  saved best_acc.pt (val_answer_accuracy=0.984812)
epoch 19/20 train loss=0.0030 acc=1.0000 em=1.0000 | val loss=0.0528 acc=0.9854 em=0.7940 | random≈0.0020
  saved best_loss.pt (val_answer_loss=0.052792)
  saved best_acc.pt (val_answer_accuracy=0.985406)
epoch 20/20 train loss=0.0026 acc=1.0000 em=1.0000 | val loss=0.0508 acc=0.9860 em=0.7995 | random≈0.0020
  saved best_loss.pt (val_answer_loss=0.050810)
  saved best_acc.pt (val_answer_accuracy=0.985969)
test [best_loss_ckpt] loss=0.049359 acc=0.986906 em=0.815000
test [best_acc_ckpt]  loss=0.049359 acc=0.986906 em=0.815000 random_baseline≈0.001953
done. meta_metrics → /home/jovyan/shares/SR008.fs2/nvidenisov/other/repos/mamba/mamba_multi_scale_get_started/outputs/MQAR/mqar_final_easy_ms_attention_stride4_L128_minnull_kv16_vocab512_train20000_seed44/meta_metrics.csv
