mqar_split_hashes: n_train=20000 uniq_train=20000 | n_val=2000 uniq_val=2000 | n_test=2000 uniq_test=2000
mqar_answer_positions[train]: min=16 mean=16.0000 max=16 (expected 16 per sample)
mqar_answer_positions[val]: min=16 mean=16.0000 max=16 (expected 16 per sample)
mqar_answer_positions[test]: min=16 mean=16.0000 max=16 (expected 16 per sample)
experiment=mqar_fail_mamba2_split_ts_slow_veryslow_v768_seed47 device=cuda:0 out_dir=/home/jovyan/shares/SR008.fs2/nvidenisov/other/repos/mamba/mamba_multi_scale_get_started/outputs/MQARFailureSweep/mqar_fail_mamba2_split_ts_slow_veryslow_v768_seed47
mqar data: fixed_examples=True random_baseline_acc≈1/vocab=0.001302 (vocab_size=768)
--- mqar resolved config (sanity) ---
  experiment.name: mqar_fail_mamba2_split_ts_slow_veryslow_v768_seed47
  model.backbone: mamba2_lm
  model.layer_headdims: [32, 32, 32, 32]
  model.multiscale.fast_layer_headdims: —
  model.multiscale.slow_layer_headdims: —
  model.multiscale.window_size: —
  model.multiscale.offsets: —
  model.multiscale.summary_mode: —
  model.multiscale.causal_mode: —
  model.multiscale.gate_type: —
  data.input_seq_len: 128
  data.num_kv_pairs: 16
  data.vocab_size: 768
  data.train_examples: 20000  val_examples: 2000  test_examples: 2000
  data.fixed_examples: True
  data.min_query_pos: null
  train.lr: 0.0003
  train.epochs: 20
  num_parameters_trainable: 2063040
  tags(backbone,fusion,stride): mamba2_lm, , 
--- end resolved config ---
epoch 1/20 train loss=5.9561 acc=0.0032 em=0.0000 | val loss=5.9682 acc=0.0032 em=0.0000 | random≈0.0013
  saved best_loss.pt (val_answer_loss=5.968203)
  saved best_acc.pt (val_answer_accuracy=0.003219)
epoch 2/20 train loss=5.9223 acc=0.0086 em=0.0000 | val loss=5.9578 acc=0.0062 em=0.0000 | random≈0.0013
  saved best_loss.pt (val_answer_loss=5.957783)
  saved best_acc.pt (val_answer_accuracy=0.006219)
epoch 3/20 train loss=5.6415 acc=0.0524 em=0.0000 | val loss=5.7966 acc=0.0446 em=0.0000 | random≈0.0013
  saved best_loss.pt (val_answer_loss=5.796631)
  saved best_acc.pt (val_answer_accuracy=0.044594)
epoch 4/20 train loss=3.8605 acc=0.3109 em=0.0000 | val loss=4.0549 acc=0.2797 em=0.0000 | random≈0.0013
  saved best_loss.pt (val_answer_loss=4.054873)
  saved best_acc.pt (val_answer_accuracy=0.279719)
epoch 5/20 train loss=0.6501 acc=0.8893 em=0.1541 | val loss=0.7770 acc=0.8538 em=0.0690 | random≈0.0013
  saved best_loss.pt (val_answer_loss=0.777018)
  saved best_acc.pt (val_answer_accuracy=0.853844)
epoch 6/20 train loss=0.0628 acc=0.9964 em=0.9451 | val loss=0.0995 acc=0.9878 em=0.8200 | random≈0.0013
  saved best_loss.pt (val_answer_loss=0.099525)
  saved best_acc.pt (val_answer_accuracy=0.987812)
epoch 7/20 train loss=0.0178 acc=0.9999 em=0.9987 | val loss=0.0382 acc=0.9956 em=0.9315 | random≈0.0013
  saved best_loss.pt (val_answer_loss=0.038192)
  saved best_acc.pt (val_answer_accuracy=0.995625)
epoch 8/20 train loss=0.0089 acc=1.0000 em=1.0000 | val loss=0.0237 acc=0.9973 em=0.9580 | random≈0.0013
  saved best_loss.pt (val_answer_loss=0.023704)
  saved best_acc.pt (val_answer_accuracy=0.997281)
epoch 9/20 train loss=0.0060 acc=1.0000 em=1.0000 | val loss=0.0178 acc=0.9976 em=0.9625 | random≈0.0013
  saved best_loss.pt (val_answer_loss=0.017773)
  saved best_acc.pt (val_answer_accuracy=0.997594)
epoch 10/20 train loss=0.0044 acc=1.0000 em=1.0000 | val loss=0.0143 acc=0.9980 em=0.9685 | random≈0.0013
  saved best_loss.pt (val_answer_loss=0.014338)
  saved best_acc.pt (val_answer_accuracy=0.998000)
epoch 11/20 train loss=0.0034 acc=1.0000 em=1.0000 | val loss=0.0121 acc=0.9982 em=0.9720 | random≈0.0013
  saved best_loss.pt (val_answer_loss=0.012085)
  saved best_acc.pt (val_answer_accuracy=0.998219)
epoch 12/20 train loss=0.0027 acc=1.0000 em=1.0000 | val loss=0.0104 acc=0.9985 em=0.9755 | random≈0.0013
  saved best_loss.pt (val_answer_loss=0.010367)
  saved best_acc.pt (val_answer_accuracy=0.998469)
epoch 13/20 train loss=0.0022 acc=1.0000 em=1.0000 | val loss=0.0091 acc=0.9987 em=0.9785 | random≈0.0013
  saved best_loss.pt (val_answer_loss=0.009082)
  saved best_acc.pt (val_answer_accuracy=0.998656)
epoch 14/20 train loss=0.0019 acc=1.0000 em=1.0000 | val loss=0.0081 acc=0.9988 em=0.9800 | random≈0.0013
  saved best_loss.pt (val_answer_loss=0.008057)
epoch 15/20 train loss=0.0016 acc=1.0000 em=1.0000 | val loss=0.0072 acc=0.9988 em=0.9805 | random≈0.0013
  saved best_loss.pt (val_answer_loss=0.007228)
  saved best_acc.pt (val_answer_accuracy=0.998781)
epoch 16/20 train loss=0.0013 acc=1.0000 em=1.0000 | val loss=0.0065 acc=0.9991 em=0.9850 | random≈0.0013
  saved best_loss.pt (val_answer_loss=0.006507)
  saved best_acc.pt (val_answer_accuracy=0.999062)
epoch 17/20 train loss=0.0012 acc=1.0000 em=1.0000 | val loss=0.0060 acc=0.9990 em=0.9840 | random≈0.0013
  saved best_loss.pt (val_answer_loss=0.005983)
epoch 18/20 train loss=0.0010 acc=1.0000 em=1.0000 | val loss=0.0054 acc=0.9991 em=0.9860 | random≈0.0013
  saved best_loss.pt (val_answer_loss=0.005450)
epoch 19/20 train loss=0.0009 acc=1.0000 em=1.0000 | val loss=0.0050 acc=0.9992 em=0.9875 | random≈0.0013
  saved best_loss.pt (val_answer_loss=0.005033)
  saved best_acc.pt (val_answer_accuracy=0.999219)
epoch 20/20 train loss=0.0008 acc=1.0000 em=1.0000 | val loss=0.0046 acc=0.9992 em=0.9875 | random≈0.0013
  saved best_loss.pt (val_answer_loss=0.004633)
test [best_loss_ckpt] loss=0.005403 acc=0.998906 em=0.983000
test [best_acc_ckpt]  loss=0.005775 acc=0.998875 em=0.983000 random_baseline≈0.001302
done. meta_metrics → /home/jovyan/shares/SR008.fs2/nvidenisov/other/repos/mamba/mamba_multi_scale_get_started/outputs/MQARFailureSweep/mqar_fail_mamba2_split_ts_slow_veryslow_v768_seed47/meta_metrics.csv
