mqar_split_hashes: n_train=20000 uniq_train=20000 | n_val=2000 uniq_val=2000 | n_test=2000 uniq_test=2000
mqar_answer_positions[train]: min=16 mean=16.0000 max=16 (expected 16 per sample)
mqar_answer_positions[val]: min=16 mean=16.0000 max=16 (expected 16 per sample)
mqar_answer_positions[test]: min=16 mean=16.0000 max=16 (expected 16 per sample)
experiment=mqar_fail_mamba2_slow_init_v512_seed43 device=cuda:0 out_dir=/home/jovyan/shares/SR008.fs2/nvidenisov/other/repos/mamba/mamba_multi_scale_get_started/outputs/MQARFailureSweep/mqar_fail_mamba2_slow_init_v512_seed43
mqar data: fixed_examples=True random_baseline_acc≈1/vocab=0.001953 (vocab_size=512)
--- mqar resolved config (sanity) ---
  experiment.name: mqar_fail_mamba2_slow_init_v512_seed43
  model.backbone: mamba2_lm
  model.layer_headdims: [32, 32, 32, 32]
  model.multiscale.fast_layer_headdims: —
  model.multiscale.slow_layer_headdims: —
  model.multiscale.window_size: —
  model.multiscale.offsets: —
  model.multiscale.summary_mode: —
  model.multiscale.causal_mode: —
  model.multiscale.gate_type: —
  data.input_seq_len: 128
  data.num_kv_pairs: 16
  data.vocab_size: 512
  data.train_examples: 20000  val_examples: 2000  test_examples: 2000
  data.fixed_examples: True
  data.min_query_pos: null
  train.lr: 0.0003
  train.epochs: 20
  num_parameters_trainable: 1931712
  tags(backbone,fusion,stride): mamba2_lm, , 
--- end resolved config ---
epoch 1/20 train loss=5.5487 acc=0.0053 em=0.0000 | val loss=5.5618 acc=0.0038 em=0.0000 | random≈0.0020
  saved best_loss.pt (val_answer_loss=5.561759)
  saved best_acc.pt (val_answer_accuracy=0.003812)
epoch 2/20 train loss=5.4834 acc=0.0250 em=0.0000 | val loss=5.5294 acc=0.0226 em=0.0000 | random≈0.0020
  saved best_loss.pt (val_answer_loss=5.529406)
  saved best_acc.pt (val_answer_accuracy=0.022562)
epoch 3/20 train loss=5.1765 acc=0.0632 em=0.0000 | val loss=5.3473 acc=0.0532 em=0.0000 | random≈0.0020
  saved best_loss.pt (val_answer_loss=5.347287)
  saved best_acc.pt (val_answer_accuracy=0.053187)
epoch 4/20 train loss=3.7359 acc=0.2987 em=0.0000 | val loss=3.9665 acc=0.2614 em=0.0000 | random≈0.0020
  saved best_loss.pt (val_answer_loss=3.966535)
  saved best_acc.pt (val_answer_accuracy=0.261375)
epoch 5/20 train loss=0.3152 acc=0.9541 em=0.4719 | val loss=0.3901 acc=0.9325 em=0.3245 | random≈0.0020
  saved best_loss.pt (val_answer_loss=0.390104)
  saved best_acc.pt (val_answer_accuracy=0.932469)
epoch 6/20 train loss=0.0368 acc=0.9983 em=0.9728 | val loss=0.0638 acc=0.9913 em=0.8700 | random≈0.0020
  saved best_loss.pt (val_answer_loss=0.063761)
  saved best_acc.pt (val_answer_accuracy=0.991313)
epoch 7/20 train loss=0.0121 acc=1.0000 em=0.9994 | val loss=0.0275 acc=0.9965 em=0.9445 | random≈0.0020
  saved best_loss.pt (val_answer_loss=0.027457)
  saved best_acc.pt (val_answer_accuracy=0.996469)
epoch 8/20 train loss=0.0064 acc=1.0000 em=1.0000 | val loss=0.0181 acc=0.9977 em=0.9645 | random≈0.0020
  saved best_loss.pt (val_answer_loss=0.018108)
  saved best_acc.pt (val_answer_accuracy=0.997719)
epoch 9/20 train loss=0.0044 acc=1.0000 em=1.0000 | val loss=0.0144 acc=0.9979 em=0.9675 | random≈0.0020
  saved best_loss.pt (val_answer_loss=0.014427)
  saved best_acc.pt (val_answer_accuracy=0.997906)
epoch 10/20 train loss=0.0033 acc=1.0000 em=1.0000 | val loss=0.0121 acc=0.9983 em=0.9735 | random≈0.0020
  saved best_loss.pt (val_answer_loss=0.012081)
  saved best_acc.pt (val_answer_accuracy=0.998281)
epoch 11/20 train loss=0.0025 acc=1.0000 em=1.0000 | val loss=0.0103 acc=0.9984 em=0.9750 | random≈0.0020
  saved best_loss.pt (val_answer_loss=0.010312)
epoch 12/20 train loss=0.0020 acc=1.0000 em=1.0000 | val loss=0.0091 acc=0.9985 em=0.9770 | random≈0.0020
  saved best_loss.pt (val_answer_loss=0.009115)
  saved best_acc.pt (val_answer_accuracy=0.998500)
epoch 13/20 train loss=0.0017 acc=1.0000 em=1.0000 | val loss=0.0082 acc=0.9986 em=0.9780 | random≈0.0020
  saved best_loss.pt (val_answer_loss=0.008248)
epoch 14/20 train loss=0.0014 acc=1.0000 em=1.0000 | val loss=0.0075 acc=0.9986 em=0.9775 | random≈0.0020
  saved best_loss.pt (val_answer_loss=0.007455)
epoch 15/20 train loss=0.0012 acc=1.0000 em=1.0000 | val loss=0.0067 acc=0.9987 em=0.9790 | random≈0.0020
  saved best_loss.pt (val_answer_loss=0.006715)
  saved best_acc.pt (val_answer_accuracy=0.998656)
epoch 16/20 train loss=0.0010 acc=1.0000 em=1.0000 | val loss=0.0062 acc=0.9989 em=0.9825 | random≈0.0020
  saved best_loss.pt (val_answer_loss=0.006248)
  saved best_acc.pt (val_answer_accuracy=0.998906)
epoch 17/20 train loss=0.0009 acc=1.0000 em=1.0000 | val loss=0.0057 acc=0.9990 em=0.9850 | random≈0.0020
  saved best_loss.pt (val_answer_loss=0.005702)
  saved best_acc.pt (val_answer_accuracy=0.999031)
epoch 18/20 train loss=0.0008 acc=1.0000 em=1.0000 | val loss=0.0053 acc=0.9991 em=0.9855 | random≈0.0020
  saved best_loss.pt (val_answer_loss=0.005340)
epoch 19/20 train loss=0.0007 acc=1.0000 em=1.0000 | val loss=0.0050 acc=0.9991 em=0.9850 | random≈0.0020
  saved best_loss.pt (val_answer_loss=0.004979)
epoch 20/20 train loss=0.0006 acc=1.0000 em=1.0000 | val loss=0.0046 acc=0.9991 em=0.9860 | random≈0.0020
  saved best_loss.pt (val_answer_loss=0.004600)
test [best_loss_ckpt] loss=0.004118 acc=0.999125 em=0.986000
test [best_acc_ckpt]  loss=0.005301 acc=0.998875 em=0.982000 random_baseline≈0.001953
done. meta_metrics → /home/jovyan/shares/SR008.fs2/nvidenisov/other/repos/mamba/mamba_multi_scale_get_started/outputs/MQARFailureSweep/mqar_fail_mamba2_slow_init_v512_seed43/meta_metrics.csv
