mqar_split_hashes: n_train=20000 uniq_train=20000 | n_val=2000 uniq_val=2000 | n_test=2000 uniq_test=2000
mqar_answer_positions[train]: min=16 mean=16.0000 max=16 (expected 16 per sample)
mqar_answer_positions[val]: min=16 mean=16.0000 max=16 (expected 16 per sample)
mqar_answer_positions[test]: min=16 mean=16.0000 max=16 (expected 16 per sample)
experiment=mqar_fail_ms_gated_right_init_v640_seed45 device=cuda:0 out_dir=/home/jovyan/shares/SR008.fs2/nvidenisov/other/repos/mamba/mamba_multi_scale_get_started/outputs/MQARFailureSweep/mqar_fail_ms_gated_right_init_v640_seed45
mqar data: fixed_examples=True random_baseline_acc≈1/vocab=0.001563 (vocab_size=640)
--- mqar resolved config (sanity) ---
  experiment.name: mqar_fail_ms_gated_right_init_v640_seed45
  model.backbone: multiscale_mamba2_lm
  model.layer_headdims: [32, 32, 32, 32]
  model.multiscale.fast_layer_headdims: [32, 32, 32, 32]
  model.multiscale.slow_layer_headdims: [32, 32]
  model.multiscale.window_size: —
  model.multiscale.offsets: —
  model.multiscale.summary_mode: —
  model.multiscale.causal_mode: —
  model.multiscale.gate_type: —
  data.input_seq_len: 128
  data.num_kv_pairs: 16
  data.vocab_size: 640
  data.train_examples: 20000  val_examples: 2000  test_examples: 2000
  data.fixed_examples: True
  data.min_query_pos: null
  train.lr: 0.0003
  train.epochs: 20
  num_parameters_trainable: 2964000
  tags(backbone,fusion,stride): multiscale_mamba2_lm, gated, 2
--- end resolved config ---
epoch 1/20 train loss=5.7718 acc=0.0040 em=0.0000 | val loss=5.7858 acc=0.0029 em=0.0000 | random≈0.0016
  saved best_loss.pt (val_answer_loss=5.785786)
  saved best_acc.pt (val_answer_accuracy=0.002906)
epoch 2/20 train loss=5.7128 acc=0.0209 em=0.0000 | val loss=5.7649 acc=0.0175 em=0.0000 | random≈0.0016
  saved best_loss.pt (val_answer_loss=5.764895)
  saved best_acc.pt (val_answer_accuracy=0.017469)
epoch 3/20 train loss=5.4208 acc=0.0583 em=0.0000 | val loss=5.6043 acc=0.0483 em=0.0000 | random≈0.0016
  saved best_loss.pt (val_answer_loss=5.604288)
  saved best_acc.pt (val_answer_accuracy=0.048281)
epoch 4/20 train loss=4.3919 acc=0.1885 em=0.0000 | val loss=4.7317 acc=0.1466 em=0.0000 | random≈0.0016
  saved best_loss.pt (val_answer_loss=4.731725)
  saved best_acc.pt (val_answer_accuracy=0.146625)
epoch 5/20 train loss=0.8663 acc=0.8379 em=0.0537 | val loss=1.0479 acc=0.7880 em=0.0110 | random≈0.0016
  saved best_loss.pt (val_answer_loss=1.047904)
  saved best_acc.pt (val_answer_accuracy=0.788000)
epoch 6/20 train loss=0.0807 acc=0.9912 em=0.8694 | val loss=0.1326 acc=0.9766 em=0.6860 | random≈0.0016
  saved best_loss.pt (val_answer_loss=0.132565)
  saved best_acc.pt (val_answer_accuracy=0.976594)
epoch 7/20 train loss=0.0194 acc=0.9996 em=0.9929 | val loss=0.0459 acc=0.9929 em=0.8920 | random≈0.0016
  saved best_loss.pt (val_answer_loss=0.045863)
  saved best_acc.pt (val_answer_accuracy=0.992938)
epoch 8/20 train loss=0.0081 acc=1.0000 em=1.0000 | val loss=0.0245 acc=0.9967 em=0.9485 | random≈0.0016
  saved best_loss.pt (val_answer_loss=0.024502)
  saved best_acc.pt (val_answer_accuracy=0.996656)
epoch 9/20 train loss=0.0052 acc=1.0000 em=1.0000 | val loss=0.0181 acc=0.9976 em=0.9630 | random≈0.0016
  saved best_loss.pt (val_answer_loss=0.018083)
  saved best_acc.pt (val_answer_accuracy=0.997625)
epoch 10/20 train loss=0.0038 acc=1.0000 em=1.0000 | val loss=0.0151 acc=0.9976 em=0.9630 | random≈0.0016
  saved best_loss.pt (val_answer_loss=0.015058)
epoch 11/20 train loss=0.0029 acc=1.0000 em=1.0000 | val loss=0.0128 acc=0.9979 em=0.9680 | random≈0.0016
  saved best_loss.pt (val_answer_loss=0.012825)
  saved best_acc.pt (val_answer_accuracy=0.997906)
epoch 12/20 train loss=0.0023 acc=1.0000 em=1.0000 | val loss=0.0114 acc=0.9979 em=0.9690 | random≈0.0016
  saved best_loss.pt (val_answer_loss=0.011365)
epoch 13/20 train loss=0.0019 acc=1.0000 em=1.0000 | val loss=0.0101 acc=0.9979 em=0.9675 | random≈0.0016
  saved best_loss.pt (val_answer_loss=0.010137)
epoch 14/20 train loss=0.0016 acc=1.0000 em=1.0000 | val loss=0.0091 acc=0.9982 em=0.9715 | random≈0.0016
  saved best_loss.pt (val_answer_loss=0.009131)
  saved best_acc.pt (val_answer_accuracy=0.998156)
epoch 15/20 train loss=0.0013 acc=1.0000 em=1.0000 | val loss=0.0084 acc=0.9982 em=0.9720 | random≈0.0016
  saved best_loss.pt (val_answer_loss=0.008376)
epoch 16/20 train loss=0.0011 acc=1.0000 em=1.0000 | val loss=0.0077 acc=0.9983 em=0.9740 | random≈0.0016
  saved best_loss.pt (val_answer_loss=0.007716)
  saved best_acc.pt (val_answer_accuracy=0.998344)
epoch 17/20 train loss=0.0010 acc=1.0000 em=1.0000 | val loss=0.0072 acc=0.9985 em=0.9765 | random≈0.0016
  saved best_loss.pt (val_answer_loss=0.007176)
  saved best_acc.pt (val_answer_accuracy=0.998469)
epoch 18/20 train loss=0.0009 acc=1.0000 em=1.0000 | val loss=0.0067 acc=0.9984 em=0.9760 | random≈0.0016
  saved best_loss.pt (val_answer_loss=0.006659)
epoch 19/20 train loss=0.0007 acc=1.0000 em=1.0000 | val loss=0.0063 acc=0.9985 em=0.9775 | random≈0.0016
  saved best_loss.pt (val_answer_loss=0.006250)
epoch 20/20 train loss=0.0007 acc=1.0000 em=1.0000 | val loss=0.0058 acc=0.9986 em=0.9785 | random≈0.0016
  saved best_loss.pt (val_answer_loss=0.005827)
  saved best_acc.pt (val_answer_accuracy=0.998594)
test [best_loss_ckpt] loss=0.005170 acc=0.998750 em=0.980000
test [best_acc_ckpt]  loss=0.005170 acc=0.998750 em=0.980000 random_baseline≈0.001563
done. meta_metrics → /home/jovyan/shares/SR008.fs2/nvidenisov/other/repos/mamba/mamba_multi_scale_get_started/outputs/MQARFailureSweep/mqar_fail_ms_gated_right_init_v640_seed45/meta_metrics.csv
