mqar_split_hashes: n_train=20000 uniq_train=20000 | n_val=2000 uniq_val=2000 | n_test=2000 uniq_test=2000
mqar_answer_positions[train]: min=16 mean=16.0000 max=16 (expected 16 per sample)
mqar_answer_positions[val]: min=16 mean=16.0000 max=16 (expected 16 per sample)
mqar_answer_positions[test]: min=16 mean=16.0000 max=16 (expected 16 per sample)
experiment=archeval_mqar_easy_mamba2_slow_init_seed51 device=cuda:0 out_dir=/home/jovyan/shares/SR008.fs2/nvidenisov/other/repos/mamba/mamba_multi_scale_get_started/outputs/ArchEval/mqar_easy_mamba2_slow_init_seed51
mqar data: fixed_examples=True random_baseline_acc≈1/vocab=0.001953 (vocab_size=512)
--- mqar resolved config (sanity) ---
  experiment.name: archeval_mqar_easy_mamba2_slow_init_seed51
  model.backbone: mamba2_lm
  model.layer_headdims: [32, 32, 32, 32]
  model.multiscale.fast_layer_headdims: —
  model.multiscale.slow_layer_headdims: —
  model.multiscale.window_size: —
  model.multiscale.offsets: —
  model.multiscale.summary_mode: —
  model.multiscale.causal_mode: —
  model.multiscale.gate_type: —
  data.input_seq_len: 128
  data.num_kv_pairs: 16
  data.vocab_size: 512
  data.train_examples: 20000  val_examples: 2000  test_examples: 2000
  data.fixed_examples: True
  data.min_query_pos: null
  train.lr: 0.0003
  train.epochs: 20
  num_parameters_trainable: 1931712
  tags(backbone,fusion,stride): mamba2_lm, , 
--- end resolved config ---
epoch 1/20 train loss=5.5468 acc=0.0080 em=0.0000 | val loss=5.5596 acc=0.0067 em=0.0000 | random≈0.0020
  saved best_loss.pt (val_answer_loss=5.559592)
  saved best_acc.pt (val_answer_accuracy=0.006750)
epoch 2/20 train loss=5.4800 acc=0.0269 em=0.0000 | val loss=5.5203 acc=0.0229 em=0.0000 | random≈0.0020
  saved best_loss.pt (val_answer_loss=5.520333)
  saved best_acc.pt (val_answer_accuracy=0.022937)
epoch 3/20 train loss=5.1715 acc=0.0642 em=0.0000 | val loss=5.3045 acc=0.0522 em=0.0000 | random≈0.0020
  saved best_loss.pt (val_answer_loss=5.304505)
  saved best_acc.pt (val_answer_accuracy=0.052250)
epoch 4/20 train loss=3.6304 acc=0.3243 em=0.0000 | val loss=3.8325 acc=0.2894 em=0.0000 | random≈0.0020
  saved best_loss.pt (val_answer_loss=3.832550)
  saved best_acc.pt (val_answer_accuracy=0.289438)
epoch 5/20 train loss=0.6357 acc=0.8859 em=0.1439 | val loss=0.7552 acc=0.8491 em=0.0720 | random≈0.0020
  saved best_loss.pt (val_answer_loss=0.755249)
  saved best_acc.pt (val_answer_accuracy=0.849094)
epoch 6/20 train loss=0.1037 acc=0.9874 em=0.8189 | val loss=0.1607 acc=0.9700 em=0.6140 | random≈0.0020
  saved best_loss.pt (val_answer_loss=0.160733)
  saved best_acc.pt (val_answer_accuracy=0.970000)
epoch 7/20 train loss=0.0237 acc=0.9989 em=0.9833 | val loss=0.0526 acc=0.9904 em=0.8540 | random≈0.0020
  saved best_loss.pt (val_answer_loss=0.052647)
  saved best_acc.pt (val_answer_accuracy=0.990406)
epoch 8/20 train loss=0.0087 acc=1.0000 em=0.9998 | val loss=0.0279 acc=0.9948 em=0.9190 | random≈0.0020
  saved best_loss.pt (val_answer_loss=0.027857)
  saved best_acc.pt (val_answer_accuracy=0.994844)
epoch 9/20 train loss=0.0050 acc=1.0000 em=1.0000 | val loss=0.0197 acc=0.9962 em=0.9415 | random≈0.0020
  saved best_loss.pt (val_answer_loss=0.019710)
  saved best_acc.pt (val_answer_accuracy=0.996250)
epoch 10/20 train loss=0.0034 acc=1.0000 em=1.0000 | val loss=0.0165 acc=0.9964 em=0.9445 | random≈0.0020
  saved best_loss.pt (val_answer_loss=0.016489)
  saved best_acc.pt (val_answer_accuracy=0.996406)
epoch 11/20 train loss=0.0026 acc=1.0000 em=1.0000 | val loss=0.0145 acc=0.9968 em=0.9490 | random≈0.0020
  saved best_loss.pt (val_answer_loss=0.014529)
  saved best_acc.pt (val_answer_accuracy=0.996750)
epoch 12/20 train loss=0.0020 acc=1.0000 em=1.0000 | val loss=0.0126 acc=0.9971 em=0.9550 | random≈0.0020
  saved best_loss.pt (val_answer_loss=0.012639)
  saved best_acc.pt (val_answer_accuracy=0.997125)
epoch 13/20 train loss=0.0016 acc=1.0000 em=1.0000 | val loss=0.0115 acc=0.9973 em=0.9580 | random≈0.0020
  saved best_loss.pt (val_answer_loss=0.011466)
  saved best_acc.pt (val_answer_accuracy=0.997313)
epoch 14/20 train loss=0.0014 acc=1.0000 em=1.0000 | val loss=0.0106 acc=0.9974 em=0.9590 | random≈0.0020
  saved best_loss.pt (val_answer_loss=0.010603)
epoch 15/20 train loss=0.0011 acc=1.0000 em=1.0000 | val loss=0.0099 acc=0.9977 em=0.9635 | random≈0.0020
  saved best_loss.pt (val_answer_loss=0.009869)
  saved best_acc.pt (val_answer_accuracy=0.997656)
epoch 16/20 train loss=0.0010 acc=1.0000 em=1.0000 | val loss=0.0092 acc=0.9977 em=0.9640 | random≈0.0020
  saved best_loss.pt (val_answer_loss=0.009215)
epoch 17/20 train loss=0.0008 acc=1.0000 em=1.0000 | val loss=0.0086 acc=0.9978 em=0.9650 | random≈0.0020
  saved best_loss.pt (val_answer_loss=0.008567)
  saved best_acc.pt (val_answer_accuracy=0.997781)
epoch 18/20 train loss=0.0007 acc=1.0000 em=1.0000 | val loss=0.0081 acc=0.9978 em=0.9660 | random≈0.0020
  saved best_loss.pt (val_answer_loss=0.008074)
epoch 19/20 train loss=0.0006 acc=1.0000 em=1.0000 | val loss=0.0078 acc=0.9978 em=0.9655 | random≈0.0020
  saved best_loss.pt (val_answer_loss=0.007801)
epoch 20/20 train loss=0.0005 acc=1.0000 em=1.0000 | val loss=0.0074 acc=0.9979 em=0.9670 | random≈0.0020
  saved best_loss.pt (val_answer_loss=0.007391)
  saved best_acc.pt (val_answer_accuracy=0.997906)
test [best_loss_ckpt] loss=0.007839 acc=0.997906 em=0.968000
test [best_acc_ckpt]  loss=0.007839 acc=0.997906 em=0.968000 random_baseline≈0.001953
done. meta_metrics → /home/jovyan/shares/SR008.fs2/nvidenisov/other/repos/mamba/mamba_multi_scale_get_started/outputs/ArchEval/mqar_easy_mamba2_slow_init_seed51/meta_metrics.csv
