mqar_split_hashes: n_train=20000 uniq_train=20000 | n_val=2000 uniq_val=2000 | n_test=2000 uniq_test=2000
mqar_answer_positions[train]: min=16 mean=16.0000 max=16 (expected 16 per sample)
mqar_answer_positions[val]: min=16 mean=16.0000 max=16 (expected 16 per sample)
mqar_answer_positions[test]: min=16 mean=16.0000 max=16 (expected 16 per sample)
experiment=archeval_mqar_easy_ms_window_ws8_o0_seed43 device=cuda:0 out_dir=/home/jovyan/shares/SR008.fs2/nvidenisov/other/repos/mamba/mamba_multi_scale_get_started/outputs/ArchEval/mqar_easy_ms_window_ws8_o0_seed43
mqar data: fixed_examples=True random_baseline_acc≈1/vocab=0.001953 (vocab_size=512)
--- mqar resolved config (sanity) ---
  experiment.name: archeval_mqar_easy_ms_window_ws8_o0_seed43
  model.backbone: multiscale_mamba2_window_summary_lm
  model.layer_headdims: [32, 32, 32, 32]
  model.multiscale.fast_layer_headdims: —
  model.multiscale.slow_layer_headdims: [32, 32]
  data.input_seq_len: 128
  data.num_kv_pairs: 16
  data.vocab_size: 512
  data.train_examples: 20000  val_examples: 2000  test_examples: 2000
  data.fixed_examples: True
  data.min_query_pos: null
  train.lr: 0.0003
  train.epochs: 20
  num_parameters_trainable: 2897312
  tags(backbone,fusion,stride): multiscale_mamba2_window_summary_lm, window_residual_gated, 
--- end resolved config ---
epoch 1/20 train loss=5.5418 acc=0.0057 em=0.0000 | val loss=5.5582 acc=0.0036 em=0.0000 | random≈0.0020
  saved best_loss.pt (val_answer_loss=5.558157)
  saved best_acc.pt (val_answer_accuracy=0.003625)
epoch 2/20 train loss=5.2736 acc=0.0319 em=0.0000 | val loss=5.4065 acc=0.0182 em=0.0000 | random≈0.0020
  saved best_loss.pt (val_answer_loss=5.406466)
  saved best_acc.pt (val_answer_accuracy=0.018156)
epoch 3/20 train loss=4.5979 acc=0.0902 em=0.0000 | val loss=4.9080 acc=0.0495 em=0.0000 | random≈0.0020
  saved best_loss.pt (val_answer_loss=4.907962)
  saved best_acc.pt (val_answer_accuracy=0.049531)
epoch 4/20 train loss=3.9529 acc=0.1399 em=0.0000 | val loss=4.5000 acc=0.0646 em=0.0000 | random≈0.0020
  saved best_loss.pt (val_answer_loss=4.499951)
  saved best_acc.pt (val_answer_accuracy=0.064562)
epoch 5/20 train loss=3.4292 acc=0.2107 em=0.0000 | val loss=4.3544 acc=0.0653 em=0.0000 | random≈0.0020
  saved best_loss.pt (val_answer_loss=4.354368)
  saved best_acc.pt (val_answer_accuracy=0.065312)
epoch 6/20 train loss=2.9008 acc=0.3238 em=0.0000 | val loss=4.3771 acc=0.0653 em=0.0000 | random≈0.0020
epoch 7/20 train loss=2.3861 acc=0.4544 em=0.0000 | val loss=4.4849 acc=0.0630 em=0.0000 | random≈0.0020
epoch 8/20 train loss=1.9031 acc=0.5870 em=0.0001 | val loss=4.6765 acc=0.0607 em=0.0000 | random≈0.0020
epoch 9/20 train loss=1.4794 acc=0.7031 em=0.0054 | val loss=4.8999 acc=0.0583 em=0.0000 | random≈0.0020
early stopping at epoch 9: val answer_loss did not improve by min_delta=0.0001 for 4 epochs
test [best_loss_ckpt] loss=4.344769 acc=0.069250 em=0.000000
test [best_acc_ckpt]  loss=4.344769 acc=0.069250 em=0.000000 random_baseline≈0.001953
done. meta_metrics → /home/jovyan/shares/SR008.fs2/nvidenisov/other/repos/mamba/mamba_multi_scale_get_started/outputs/ArchEval/mqar_easy_ms_window_ws8_o0_seed43/meta_metrics.csv
mqar_split_hashes: n_train=20000 uniq_train=20000 | n_val=2000 uniq_val=2000 | n_test=2000 uniq_test=2000
mqar_answer_positions[train]: min=16 mean=16.0000 max=16 (expected 16 per sample)
mqar_answer_positions[val]: min=16 mean=16.0000 max=16 (expected 16 per sample)
mqar_answer_positions[test]: min=16 mean=16.0000 max=16 (expected 16 per sample)
experiment=archeval_mqar_easy_ms_window_ws8_o0_seed43 device=cuda:0 out_dir=/home/jovyan/shares/SR008.fs2/nvidenisov/other/repos/mamba/mamba_multi_scale_get_started/outputs/ArchEval/mqar_easy_ms_window_ws8_o0_seed43
mqar data: fixed_examples=True random_baseline_acc≈1/vocab=0.001953 (vocab_size=512)
--- mqar resolved config (sanity) ---
  experiment.name: archeval_mqar_easy_ms_window_ws8_o0_seed43
  model.backbone: multiscale_mamba2_window_summary_lm
  model.layer_headdims: [32, 32, 32, 32]
  model.multiscale.fast_layer_headdims: —
  model.multiscale.slow_layer_headdims: [32, 32]
  model.multiscale.window_size: 8
  model.multiscale.offsets: [0]
  model.multiscale.summary_mode: mean
  model.multiscale.causal_mode: —
  model.multiscale.gate_type: vector
  data.input_seq_len: 128
  data.num_kv_pairs: 16
  data.vocab_size: 512
  data.train_examples: 20000  val_examples: 2000  test_examples: 2000
  data.fixed_examples: True
  data.min_query_pos: null
  train.lr: 0.0003
  train.epochs: 20
  num_parameters_trainable: 2897312
  tags(backbone,fusion,stride): multiscale_mamba2_window_summary_lm, window_residual_gated, 
--- end resolved config ---
epoch 1/20 train loss=5.5418 acc=0.0057 em=0.0000 | val loss=5.5582 acc=0.0036 em=0.0000 | random≈0.0020
  saved best_loss.pt (val_answer_loss=5.558157)
  saved best_acc.pt (val_answer_accuracy=0.003625)
epoch 2/20 train loss=5.2734 acc=0.0319 em=0.0000 | val loss=5.4064 acc=0.0180 em=0.0000 | random≈0.0020
  saved best_loss.pt (val_answer_loss=5.406359)
  saved best_acc.pt (val_answer_accuracy=0.018031)
epoch 3/20 train loss=4.5979 acc=0.0901 em=0.0000 | val loss=4.9077 acc=0.0498 em=0.0000 | random≈0.0020
  saved best_loss.pt (val_answer_loss=4.907719)
  saved best_acc.pt (val_answer_accuracy=0.049813)
epoch 4/20 train loss=3.9527 acc=0.1401 em=0.0000 | val loss=4.4994 acc=0.0645 em=0.0000 | random≈0.0020
  saved best_loss.pt (val_answer_loss=4.499382)
  saved best_acc.pt (val_answer_accuracy=0.064469)
epoch 5/20 train loss=3.4296 acc=0.2109 em=0.0000 | val loss=4.3538 acc=0.0656 em=0.0000 | random≈0.0020
  saved best_loss.pt (val_answer_loss=4.353815)
  saved best_acc.pt (val_answer_accuracy=0.065562)
epoch 6/20 train loss=2.9017 acc=0.3233 em=0.0000 | val loss=4.3763 acc=0.0653 em=0.0000 | random≈0.0020
epoch 7/20 train loss=2.3873 acc=0.4538 em=0.0000 | val loss=4.4844 acc=0.0627 em=0.0000 | random≈0.0020
epoch 8/20 train loss=1.9041 acc=0.5867 em=0.0003 | val loss=4.6761 acc=0.0605 em=0.0000 | random≈0.0020
epoch 9/20 train loss=1.4804 acc=0.7028 em=0.0057 | val loss=4.8990 acc=0.0587 em=0.0000 | random≈0.0020
early stopping at epoch 9: val answer_loss did not improve by min_delta=0.0001 for 4 epochs
test [best_loss_ckpt] loss=4.344323 acc=0.069000 em=0.000000
test [best_acc_ckpt]  loss=4.344323 acc=0.069000 em=0.000000 random_baseline≈0.001953
done. meta_metrics → /home/jovyan/shares/SR008.fs2/nvidenisov/other/repos/mamba/mamba_multi_scale_get_started/outputs/ArchEval/mqar_easy_ms_window_ws8_o0_seed43/meta_metrics.csv
mqar_split_hashes: n_train=20000 uniq_train=20000 | n_val=2000 uniq_val=2000 | n_test=2000 uniq_test=2000
mqar_answer_positions[train]: min=16 mean=16.0000 max=16 (expected 16 per sample)
mqar_answer_positions[val]: min=16 mean=16.0000 max=16 (expected 16 per sample)
mqar_answer_positions[test]: min=16 mean=16.0000 max=16 (expected 16 per sample)
experiment=archeval_mqar_easy_ms_window_ws8_o0_seed43 device=cuda:0 out_dir=/home/jovyan/shares/SR008.fs2/nvidenisov/other/repos/mamba/mamba_multi_scale_get_started/outputs/ArchEval/mqar_easy_ms_window_ws8_o0_seed43
mqar data: fixed_examples=True random_baseline_acc≈1/vocab=0.001953 (vocab_size=512)
--- mqar resolved config (sanity) ---
  experiment.name: archeval_mqar_easy_ms_window_ws8_o0_seed43
  model.backbone: multiscale_mamba2_window_summary_lm
  model.layer_headdims: [32, 32, 32, 32]
  model.multiscale.fast_layer_headdims: —
  model.multiscale.slow_layer_headdims: [32, 32]
  model.multiscale.window_size: 8
  model.multiscale.offsets: [0]
  model.multiscale.summary_mode: mean
  model.multiscale.causal_mode: —
  model.multiscale.gate_type: vector
  data.input_seq_len: 128
  data.num_kv_pairs: 16
  data.vocab_size: 512
  data.train_examples: 20000  val_examples: 2000  test_examples: 2000
  data.fixed_examples: True
  data.min_query_pos: null
  train.lr: 0.0003
  train.epochs: 20
  num_parameters_trainable: 2897312
  tags(backbone,fusion,stride): multiscale_mamba2_window_summary_lm, window_residual_gated, 
--- end resolved config ---
epoch 1/20 train loss=5.5418 acc=0.0057 em=0.0000 | val loss=5.5582 acc=0.0036 em=0.0000 | random≈0.0020
  saved best_loss.pt (val_answer_loss=5.558157)
  saved best_acc.pt (val_answer_accuracy=0.003625)
epoch 2/20 train loss=5.2736 acc=0.0319 em=0.0000 | val loss=5.4064 acc=0.0181 em=0.0000 | random≈0.0020
  saved best_loss.pt (val_answer_loss=5.406445)
  saved best_acc.pt (val_answer_accuracy=0.018125)
epoch 3/20 train loss=4.5979 acc=0.0902 em=0.0000 | val loss=4.9079 acc=0.0496 em=0.0000 | random≈0.0020
  saved best_loss.pt (val_answer_loss=4.907923)
  saved best_acc.pt (val_answer_accuracy=0.049563)
epoch 4/20 train loss=3.9529 acc=0.1399 em=0.0000 | val loss=4.4998 acc=0.0646 em=0.0000 | random≈0.0020
  saved best_loss.pt (val_answer_loss=4.499822)
  saved best_acc.pt (val_answer_accuracy=0.064562)
epoch 5/20 train loss=3.4293 acc=0.2107 em=0.0000 | val loss=4.3542 acc=0.0653 em=0.0000 | random≈0.0020
  saved best_loss.pt (val_answer_loss=4.354249)
  saved best_acc.pt (val_answer_accuracy=0.065312)
epoch 6/20 train loss=2.9009 acc=0.3237 em=0.0000 | val loss=4.3769 acc=0.0651 em=0.0000 | random≈0.0020
epoch 7/20 train loss=2.3863 acc=0.4543 em=0.0000 | val loss=4.4848 acc=0.0630 em=0.0000 | random≈0.0020
epoch 8/20 train loss=1.9033 acc=0.5870 em=0.0001 | val loss=4.6764 acc=0.0608 em=0.0000 | random≈0.0020
epoch 9/20 train loss=1.4796 acc=0.7031 em=0.0054 | val loss=4.8997 acc=0.0579 em=0.0000 | random≈0.0020
early stopping at epoch 9: val answer_loss did not improve by min_delta=0.0001 for 4 epochs
test [best_loss_ckpt] loss=4.344658 acc=0.069281 em=0.000000
test [best_acc_ckpt]  loss=4.344658 acc=0.069281 em=0.000000 random_baseline≈0.001953
done. meta_metrics → /home/jovyan/shares/SR008.fs2/nvidenisov/other/repos/mamba/mamba_multi_scale_get_started/outputs/ArchEval/mqar_easy_ms_window_ws8_o0_seed43/meta_metrics.csv
mqar_split_hashes: n_train=20000 uniq_train=20000 | n_val=2000 uniq_val=2000 | n_test=2000 uniq_test=2000
mqar_answer_positions[train]: min=16 mean=16.0000 max=16 (expected 16 per sample)
mqar_answer_positions[val]: min=16 mean=16.0000 max=16 (expected 16 per sample)
mqar_answer_positions[test]: min=16 mean=16.0000 max=16 (expected 16 per sample)
experiment=archeval_mqar_easy_ms_window_ws8_o0_seed43 device=cuda:0 out_dir=/home/jovyan/shares/SR008.fs2/nvidenisov/other/repos/mamba/mamba_multi_scale_get_started/outputs/ArchEval/mqar_easy_ms_window_ws8_o0_seed43
mqar data: fixed_examples=True random_baseline_acc≈1/vocab=0.001953 (vocab_size=512)
--- mqar resolved config (sanity) ---
  experiment.name: archeval_mqar_easy_ms_window_ws8_o0_seed43
  model.backbone: multiscale_mamba2_window_summary_lm
  model.layer_headdims: [32, 32, 32, 32]
  model.multiscale.fast_layer_headdims: —
  model.multiscale.slow_layer_headdims: [32, 32]
  model.multiscale.window_size: 8
  model.multiscale.offsets: [0]
  model.multiscale.summary_mode: last
  model.multiscale.causal_mode: completed
  model.multiscale.gate_type: vector
  data.input_seq_len: 128
  data.num_kv_pairs: 16
  data.vocab_size: 512
  data.train_examples: 20000  val_examples: 2000  test_examples: 2000
  data.fixed_examples: True
  data.min_query_pos: null
  train.lr: 0.0003
  train.epochs: 20
  num_parameters_trainable: 2897312
  tags(backbone,fusion,stride): multiscale_mamba2_window_summary_lm, window_residual_gated, 
--- end resolved config ---
epoch 1/20 train loss=5.5457 acc=0.0053 em=0.0000 | val loss=5.5615 acc=0.0038 em=0.0000 | random≈0.0020
  saved best_loss.pt (val_answer_loss=5.561531)
  saved best_acc.pt (val_answer_accuracy=0.003781)
epoch 2/20 train loss=5.4816 acc=0.0182 em=0.0000 | val loss=5.5475 acc=0.0141 em=0.0000 | random≈0.0020
  saved best_loss.pt (val_answer_loss=5.547523)
  saved best_acc.pt (val_answer_accuracy=0.014063)
epoch 3/20 train loss=5.2357 acc=0.0510 em=0.0000 | val loss=5.4700 acc=0.0404 em=0.0000 | random≈0.0020
  saved best_loss.pt (val_answer_loss=5.470031)
  saved best_acc.pt (val_answer_accuracy=0.040406)
epoch 4/20 train loss=4.8339 acc=0.0877 em=0.0000 | val loss=5.3948 acc=0.0488 em=0.0000 | random≈0.0020
  saved best_loss.pt (val_answer_loss=5.394760)
  saved best_acc.pt (val_answer_accuracy=0.048844)
epoch 5/20 train loss=4.1195 acc=0.2021 em=0.0000 | val loss=5.0490 acc=0.0960 em=0.0000 | random≈0.0020
  saved best_loss.pt (val_answer_loss=5.048971)
  saved best_acc.pt (val_answer_accuracy=0.096000)
epoch 6/20 train loss=1.1426 acc=0.8014 em=0.0240 | val loss=1.6304 acc=0.6672 em=0.0020 | random≈0.0020
  saved best_loss.pt (val_answer_loss=1.630361)
  saved best_acc.pt (val_answer_accuracy=0.667156)
epoch 7/20 train loss=0.1366 acc=0.9867 em=0.8088 | val loss=0.2591 acc=0.9533 em=0.4585 | random≈0.0020
  saved best_loss.pt (val_answer_loss=0.259129)
  saved best_acc.pt (val_answer_accuracy=0.953344)
epoch 8/20 train loss=0.0308 acc=0.9994 em=0.9905 | val loss=0.0821 acc=0.9876 em=0.8165 | random≈0.0020
  saved best_loss.pt (val_answer_loss=0.082068)
  saved best_acc.pt (val_answer_accuracy=0.987594)
epoch 9/20 train loss=0.0131 acc=1.0000 em=1.0000 | val loss=0.0450 acc=0.9935 em=0.9000 | random≈0.0020
  saved best_loss.pt (val_answer_loss=0.045038)
  saved best_acc.pt (val_answer_accuracy=0.993500)
epoch 10/20 train loss=0.0079 acc=1.0000 em=1.0000 | val loss=0.0326 acc=0.9956 em=0.9320 | random≈0.0020
  saved best_loss.pt (val_answer_loss=0.032561)
  saved best_acc.pt (val_answer_accuracy=0.995594)
epoch 11/20 train loss=0.0055 acc=1.0000 em=1.0000 | val loss=0.0258 acc=0.9962 em=0.9410 | random≈0.0020
  saved best_loss.pt (val_answer_loss=0.025814)
  saved best_acc.pt (val_answer_accuracy=0.996219)
epoch 12/20 train loss=0.0041 acc=1.0000 em=1.0000 | val loss=0.0212 acc=0.9969 em=0.9510 | random≈0.0020
  saved best_loss.pt (val_answer_loss=0.021242)
  saved best_acc.pt (val_answer_accuracy=0.996875)
epoch 13/20 train loss=0.0031 acc=1.0000 em=1.0000 | val loss=0.0181 acc=0.9970 em=0.9525 | random≈0.0020
  saved best_loss.pt (val_answer_loss=0.018054)
epoch 14/20 train loss=0.0025 acc=1.0000 em=1.0000 | val loss=0.0157 acc=0.9974 em=0.9590 | random≈0.0020
  saved best_loss.pt (val_answer_loss=0.015734)
  saved best_acc.pt (val_answer_accuracy=0.997406)
epoch 15/20 train loss=0.0020 acc=1.0000 em=1.0000 | val loss=0.0139 acc=0.9977 em=0.9640 | random≈0.0020
  saved best_loss.pt (val_answer_loss=0.013855)
  saved best_acc.pt (val_answer_accuracy=0.997719)
epoch 16/20 train loss=0.0017 acc=1.0000 em=1.0000 | val loss=0.0122 acc=0.9980 em=0.9685 | random≈0.0020
  saved best_loss.pt (val_answer_loss=0.012216)
  saved best_acc.pt (val_answer_accuracy=0.997969)
epoch 17/20 train loss=0.0014 acc=1.0000 em=1.0000 | val loss=0.0110 acc=0.9979 em=0.9675 | random≈0.0020
  saved best_loss.pt (val_answer_loss=0.011008)
epoch 18/20 train loss=0.0012 acc=1.0000 em=1.0000 | val loss=0.0100 acc=0.9982 em=0.9710 | random≈0.0020
  saved best_loss.pt (val_answer_loss=0.009969)
  saved best_acc.pt (val_answer_accuracy=0.998156)
epoch 19/20 train loss=0.0010 acc=1.0000 em=1.0000 | val loss=0.0090 acc=0.9983 em=0.9730 | random≈0.0020
  saved best_loss.pt (val_answer_loss=0.008952)
  saved best_acc.pt (val_answer_accuracy=0.998313)
epoch 20/20 train loss=0.0008 acc=1.0000 em=1.0000 | val loss=0.0082 acc=0.9985 em=0.9765 | random≈0.0020
  saved best_loss.pt (val_answer_loss=0.008177)
  saved best_acc.pt (val_answer_accuracy=0.998500)
test [best_loss_ckpt] loss=0.007619 acc=0.998656 em=0.979000
test [best_acc_ckpt]  loss=0.007619 acc=0.998656 em=0.979000 random_baseline≈0.001953
done. meta_metrics → /home/jovyan/shares/SR008.fs2/nvidenisov/other/repos/mamba/mamba_multi_scale_get_started/outputs/ArchEval/mqar_easy_ms_window_ws8_o0_seed43/meta_metrics.csv
