mqar_split_hashes: n_train=20000 uniq_train=20000 | n_val=2000 uniq_val=2000 | n_test=2000 uniq_test=2000
mqar_answer_positions[train]: min=16 mean=16.0000 max=16 (expected 16 per sample)
mqar_answer_positions[val]: min=16 mean=16.0000 max=16 (expected 16 per sample)
mqar_answer_positions[test]: min=16 mean=16.0000 max=16 (expected 16 per sample)
experiment=archeval_mqar_trans768_mamba2_slow_init_seed42 device=cuda:0 out_dir=/home/jovyan/shares/SR008.fs2/nvidenisov/other/repos/mamba/mamba_multi_scale_get_started/outputs/ArchEval/mqar_trans768_mamba2_slow_init_seed42
mqar data: fixed_examples=True random_baseline_acc≈1/vocab=0.001302 (vocab_size=768)
--- mqar resolved config (sanity) ---
  experiment.name: archeval_mqar_trans768_mamba2_slow_init_seed42
  model.backbone: mamba2_lm
  model.layer_headdims: [32, 32, 32, 32]
  model.multiscale.fast_layer_headdims: —
  model.multiscale.slow_layer_headdims: —
  model.multiscale.window_size: —
  model.multiscale.offsets: —
  model.multiscale.summary_mode: —
  model.multiscale.causal_mode: —
  model.multiscale.gate_type: —
  data.input_seq_len: 128
  data.num_kv_pairs: 16
  data.vocab_size: 768
  data.train_examples: 20000  val_examples: 2000  test_examples: 2000
  data.fixed_examples: True
  data.min_query_pos: null
  train.lr: 0.0003
  train.epochs: 20
  num_parameters_trainable: 2063040
  tags(backbone,fusion,stride): mamba2_lm, , 
--- end resolved config ---
epoch 1/20 train loss=5.9565 acc=0.0034 em=0.0000 | val loss=5.9684 acc=0.0030 em=0.0000 | random≈0.0013
  saved best_loss.pt (val_answer_loss=5.968431)
  saved best_acc.pt (val_answer_accuracy=0.003031)
epoch 2/20 train loss=5.9336 acc=0.0065 em=0.0000 | val loss=5.9671 acc=0.0044 em=0.0000 | random≈0.0013
  saved best_loss.pt (val_answer_loss=5.967103)
  saved best_acc.pt (val_answer_accuracy=0.004375)
epoch 3/20 train loss=5.8074 acc=0.0302 em=0.0000 | val loss=5.9240 acc=0.0242 em=0.0000 | random≈0.0013
  saved best_loss.pt (val_answer_loss=5.924029)
  saved best_acc.pt (val_answer_accuracy=0.024188)
epoch 4/20 train loss=5.4712 acc=0.0645 em=0.0000 | val loss=5.7861 acc=0.0461 em=0.0000 | random≈0.0013
  saved best_loss.pt (val_answer_loss=5.786149)
  saved best_acc.pt (val_answer_accuracy=0.046125)
epoch 5/20 train loss=4.4426 acc=0.2121 em=0.0000 | val loss=4.8447 acc=0.1648 em=0.0000 | random≈0.0013
  saved best_loss.pt (val_answer_loss=4.844743)
  saved best_acc.pt (val_answer_accuracy=0.164813)
epoch 6/20 train loss=1.2281 acc=0.7785 em=0.0132 | val loss=1.4398 acc=0.7229 em=0.0025 | random≈0.0013
  saved best_loss.pt (val_answer_loss=1.439835)
  saved best_acc.pt (val_answer_accuracy=0.722875)
epoch 7/20 train loss=0.1646 acc=0.9797 em=0.7234 | val loss=0.2527 acc=0.9562 em=0.4995 | random≈0.0013
  saved best_loss.pt (val_answer_loss=0.252652)
  saved best_acc.pt (val_answer_accuracy=0.956156)
epoch 8/20 train loss=0.0368 acc=0.9976 em=0.9619 | val loss=0.0794 acc=0.9858 em=0.7945 | random≈0.0013
  saved best_loss.pt (val_answer_loss=0.079401)
  saved best_acc.pt (val_answer_accuracy=0.985781)
epoch 9/20 train loss=0.0135 acc=0.9998 em=0.9974 | val loss=0.0426 acc=0.9922 em=0.8825 | random≈0.0013
  saved best_loss.pt (val_answer_loss=0.042570)
  saved best_acc.pt (val_answer_accuracy=0.992250)
epoch 10/20 train loss=0.0069 acc=1.0000 em=1.0000 | val loss=0.0284 acc=0.9948 em=0.9220 | random≈0.0013
  saved best_loss.pt (val_answer_loss=0.028416)
  saved best_acc.pt (val_answer_accuracy=0.994812)
epoch 11/20 train loss=0.0048 acc=1.0000 em=1.0000 | val loss=0.0232 acc=0.9954 em=0.9305 | random≈0.0013
  saved best_loss.pt (val_answer_loss=0.023182)
  saved best_acc.pt (val_answer_accuracy=0.995406)
epoch 12/20 train loss=0.0036 acc=1.0000 em=1.0000 | val loss=0.0199 acc=0.9960 em=0.9385 | random≈0.0013
  saved best_loss.pt (val_answer_loss=0.019930)
  saved best_acc.pt (val_answer_accuracy=0.996000)
epoch 13/20 train loss=0.0028 acc=1.0000 em=1.0000 | val loss=0.0176 acc=0.9961 em=0.9405 | random≈0.0013
  saved best_loss.pt (val_answer_loss=0.017550)
  saved best_acc.pt (val_answer_accuracy=0.996125)
epoch 14/20 train loss=0.0023 acc=1.0000 em=1.0000 | val loss=0.0158 acc=0.9963 em=0.9430 | random≈0.0013
  saved best_loss.pt (val_answer_loss=0.015826)
  saved best_acc.pt (val_answer_accuracy=0.996344)
epoch 15/20 train loss=0.0019 acc=1.0000 em=1.0000 | val loss=0.0146 acc=0.9964 em=0.9440 | random≈0.0013
  saved best_loss.pt (val_answer_loss=0.014609)
epoch 16/20 train loss=0.0016 acc=1.0000 em=1.0000 | val loss=0.0134 acc=0.9967 em=0.9490 | random≈0.0013
  saved best_loss.pt (val_answer_loss=0.013395)
  saved best_acc.pt (val_answer_accuracy=0.996719)
epoch 17/20 train loss=0.0014 acc=1.0000 em=1.0000 | val loss=0.0125 acc=0.9968 em=0.9505 | random≈0.0013
  saved best_loss.pt (val_answer_loss=0.012491)
epoch 18/20 train loss=0.0012 acc=1.0000 em=1.0000 | val loss=0.0117 acc=0.9969 em=0.9520 | random≈0.0013
  saved best_loss.pt (val_answer_loss=0.011651)
  saved best_acc.pt (val_answer_accuracy=0.996906)
epoch 19/20 train loss=0.0010 acc=1.0000 em=1.0000 | val loss=0.0108 acc=0.9972 em=0.9560 | random≈0.0013
  saved best_loss.pt (val_answer_loss=0.010832)
  saved best_acc.pt (val_answer_accuracy=0.997156)
epoch 20/20 train loss=0.0009 acc=1.0000 em=1.0000 | val loss=0.0104 acc=0.9972 em=0.9560 | random≈0.0013
  saved best_loss.pt (val_answer_loss=0.010361)
test [best_loss_ckpt] loss=0.009994 acc=0.997344 em=0.958000
test [best_acc_ckpt]  loss=0.010712 acc=0.997281 em=0.956500 random_baseline≈0.001302
done. meta_metrics → /home/jovyan/shares/SR008.fs2/nvidenisov/other/repos/mamba/mamba_multi_scale_get_started/outputs/ArchEval/mqar_trans768_mamba2_slow_init_seed42/meta_metrics.csv
