mqar_split_hashes: n_train=20000 uniq_train=20000 | n_val=2000 uniq_val=2000 | n_test=2000 uniq_test=2000
mqar_answer_positions[train]: min=16 mean=16.0000 max=16 (expected 16 per sample)
mqar_answer_positions[val]: min=16 mean=16.0000 max=16 (expected 16 per sample)
mqar_answer_positions[test]: min=16 mean=16.0000 max=16 (expected 16 per sample)
experiment=mqar_fail_ms_gated_right_init_v768_seed50 device=cuda:0 out_dir=/home/jovyan/shares/SR008.fs2/nvidenisov/other/repos/mamba/mamba_multi_scale_get_started/outputs/MQARFailureSweep/mqar_fail_ms_gated_right_init_v768_seed50
mqar data: fixed_examples=True random_baseline_acc≈1/vocab=0.001302 (vocab_size=768)
--- mqar resolved config (sanity) ---
  experiment.name: mqar_fail_ms_gated_right_init_v768_seed50
  model.backbone: multiscale_mamba2_lm
  model.layer_headdims: [32, 32, 32, 32]
  model.multiscale.fast_layer_headdims: [32, 32, 32, 32]
  model.multiscale.slow_layer_headdims: [32, 32]
  model.multiscale.window_size: —
  model.multiscale.offsets: —
  model.multiscale.summary_mode: —
  model.multiscale.causal_mode: —
  model.multiscale.gate_type: —
  data.input_seq_len: 128
  data.num_kv_pairs: 16
  data.vocab_size: 768
  data.train_examples: 20000  val_examples: 2000  test_examples: 2000
  data.fixed_examples: True
  data.min_query_pos: null
  train.lr: 0.0003
  train.epochs: 20
  num_parameters_trainable: 3029664
  tags(backbone,fusion,stride): multiscale_mamba2_lm, gated, 2
--- end resolved config ---
epoch 1/20 train loss=5.9542 acc=0.0035 em=0.0000 | val loss=5.9682 acc=0.0031 em=0.0000 | random≈0.0013
  saved best_loss.pt (val_answer_loss=5.968157)
  saved best_acc.pt (val_answer_accuracy=0.003125)
epoch 2/20 train loss=5.9225 acc=0.0086 em=0.0000 | val loss=5.9641 acc=0.0056 em=0.0000 | random≈0.0013
  saved best_loss.pt (val_answer_loss=5.964150)
  saved best_acc.pt (val_answer_accuracy=0.005625)
epoch 3/20 train loss=5.7402 acc=0.0372 em=0.0000 | val loss=5.9070 acc=0.0304 em=0.0000 | random≈0.0013
  saved best_loss.pt (val_answer_loss=5.907023)
  saved best_acc.pt (val_answer_accuracy=0.030437)
epoch 4/20 train loss=5.2292 acc=0.0873 em=0.0000 | val loss=5.6506 acc=0.0562 em=0.0000 | random≈0.0013
  saved best_loss.pt (val_answer_loss=5.650587)
  saved best_acc.pt (val_answer_accuracy=0.056188)
epoch 5/20 train loss=3.2467 acc=0.3857 em=0.0000 | val loss=3.7175 acc=0.2975 em=0.0000 | random≈0.0013
  saved best_loss.pt (val_answer_loss=3.717492)
  saved best_acc.pt (val_answer_accuracy=0.297531)
epoch 6/20 train loss=0.4965 acc=0.9171 em=0.2532 | val loss=0.6869 acc=0.8635 em=0.0885 | random≈0.0013
  saved best_loss.pt (val_answer_loss=0.686885)
  saved best_acc.pt (val_answer_accuracy=0.863531)
epoch 7/20 train loss=0.0976 acc=0.9893 em=0.8440 | val loss=0.1840 acc=0.9650 em=0.5740 | random≈0.0013
  saved best_loss.pt (val_answer_loss=0.184046)
  saved best_acc.pt (val_answer_accuracy=0.964969)
epoch 8/20 train loss=0.0311 acc=0.9988 em=0.9804 | val loss=0.0873 acc=0.9835 em=0.7685 | random≈0.0013
  saved best_loss.pt (val_answer_loss=0.087347)
  saved best_acc.pt (val_answer_accuracy=0.983500)
epoch 9/20 train loss=0.0129 acc=1.0000 em=0.9996 | val loss=0.0516 acc=0.9900 em=0.8510 | random≈0.0013
  saved best_loss.pt (val_answer_loss=0.051630)
  saved best_acc.pt (val_answer_accuracy=0.989969)
epoch 10/20 train loss=0.0075 acc=1.0000 em=1.0000 | val loss=0.0384 acc=0.9924 em=0.8855 | random≈0.0013
  saved best_loss.pt (val_answer_loss=0.038430)
  saved best_acc.pt (val_answer_accuracy=0.992406)
epoch 11/20 train loss=0.0053 acc=1.0000 em=1.0000 | val loss=0.0322 acc=0.9929 em=0.8920 | random≈0.0013
  saved best_loss.pt (val_answer_loss=0.032197)
  saved best_acc.pt (val_answer_accuracy=0.992938)
epoch 12/20 train loss=0.0040 acc=1.0000 em=1.0000 | val loss=0.0284 acc=0.9936 em=0.9030 | random≈0.0013
  saved best_loss.pt (val_answer_loss=0.028428)
  saved best_acc.pt (val_answer_accuracy=0.993625)
epoch 13/20 train loss=0.0032 acc=1.0000 em=1.0000 | val loss=0.0252 acc=0.9943 em=0.9135 | random≈0.0013
  saved best_loss.pt (val_answer_loss=0.025172)
  saved best_acc.pt (val_answer_accuracy=0.994344)
epoch 14/20 train loss=0.0025 acc=1.0000 em=1.0000 | val loss=0.0229 acc=0.9947 em=0.9170 | random≈0.0013
  saved best_loss.pt (val_answer_loss=0.022936)
  saved best_acc.pt (val_answer_accuracy=0.994656)
epoch 15/20 train loss=0.0021 acc=1.0000 em=1.0000 | val loss=0.0210 acc=0.9951 em=0.9235 | random≈0.0013
  saved best_loss.pt (val_answer_loss=0.020953)
  saved best_acc.pt (val_answer_accuracy=0.995125)
epoch 16/20 train loss=0.0017 acc=1.0000 em=1.0000 | val loss=0.0194 acc=0.9952 em=0.9245 | random≈0.0013
  saved best_loss.pt (val_answer_loss=0.019446)
  saved best_acc.pt (val_answer_accuracy=0.995250)
epoch 17/20 train loss=0.0015 acc=1.0000 em=1.0000 | val loss=0.0181 acc=0.9955 em=0.9290 | random≈0.0013
  saved best_loss.pt (val_answer_loss=0.018061)
  saved best_acc.pt (val_answer_accuracy=0.995469)
epoch 18/20 train loss=0.0013 acc=1.0000 em=1.0000 | val loss=0.0167 acc=0.9957 em=0.9325 | random≈0.0013
  saved best_loss.pt (val_answer_loss=0.016730)
  saved best_acc.pt (val_answer_accuracy=0.995687)
epoch 19/20 train loss=0.0011 acc=1.0000 em=1.0000 | val loss=0.0158 acc=0.9959 em=0.9355 | random≈0.0013
  saved best_loss.pt (val_answer_loss=0.015842)
  saved best_acc.pt (val_answer_accuracy=0.995906)
epoch 20/20 train loss=0.0009 acc=1.0000 em=1.0000 | val loss=0.0150 acc=0.9960 em=0.9375 | random≈0.0013
  saved best_loss.pt (val_answer_loss=0.015015)
  saved best_acc.pt (val_answer_accuracy=0.996031)
test [best_loss_ckpt] loss=0.015346 acc=0.995750 em=0.935000
test [best_acc_ckpt]  loss=0.015346 acc=0.995750 em=0.935000 random_baseline≈0.001302
done. meta_metrics → /home/jovyan/shares/SR008.fs2/nvidenisov/other/repos/mamba/mamba_multi_scale_get_started/outputs/MQARFailureSweep/mqar_fail_ms_gated_right_init_v768_seed50/meta_metrics.csv
