mqar_split_hashes: n_train=20000 uniq_train=20000 | n_val=2000 uniq_val=2000 | n_test=2000 uniq_test=2000
mqar_answer_positions[train]: min=16 mean=16.0000 max=16 (expected 16 per sample)
mqar_answer_positions[val]: min=16 mean=16.0000 max=16 (expected 16 per sample)
mqar_answer_positions[test]: min=16 mean=16.0000 max=16 (expected 16 per sample)
experiment=archeval_mqar_trans768_transformer_latency_match_seed43 device=cuda:0 out_dir=/home/jovyan/shares/SR008.fs2/nvidenisov/other/repos/mamba/mamba_multi_scale_get_started/outputs/ArchEval/mqar_trans768_transformer_latency_match_seed43
mqar data: fixed_examples=True random_baseline_acc≈1/vocab=0.001302 (vocab_size=768)
--- mqar resolved config (sanity) ---
  experiment.name: archeval_mqar_trans768_transformer_latency_match_seed43
  model.backbone: transformer_lm
  model.layer_headdims: —
  model.multiscale.fast_layer_headdims: —
  model.multiscale.slow_layer_headdims: —
  model.multiscale.window_size: —
  model.multiscale.offsets: —
  model.multiscale.summary_mode: —
  model.multiscale.causal_mode: —
  model.multiscale.gate_type: —
  data.input_seq_len: 128
  data.num_kv_pairs: 16
  data.vocab_size: 768
  data.train_examples: 20000  val_examples: 2000  test_examples: 2000
  data.fixed_examples: True
  data.min_query_pos: null
  train.lr: 0.0003
  train.epochs: 20
  num_parameters_trainable: 1827264
  tags(backbone,fusion,stride): transformer_lm, , 
--- end resolved config ---
epoch 1/20 train loss=5.9630 acc=0.0029 em=0.0000 | val loss=5.9652 acc=0.0032 em=0.0000 | random≈0.0013
  saved best_loss.pt (val_answer_loss=5.965211)
  saved best_acc.pt (val_answer_accuracy=0.003250)
epoch 2/20 train loss=5.9567 acc=0.0028 em=0.0000 | val loss=5.9580 acc=0.0026 em=0.0000 | random≈0.0013
  saved best_loss.pt (val_answer_loss=5.957997)
epoch 3/20 train loss=5.9546 acc=0.0031 em=0.0000 | val loss=5.9592 acc=0.0026 em=0.0000 | random≈0.0013
epoch 4/20 train loss=5.8446 acc=0.0307 em=0.0000 | val loss=5.8808 acc=0.0276 em=0.0000 | random≈0.0013
  saved best_loss.pt (val_answer_loss=5.880819)
  saved best_acc.pt (val_answer_accuracy=0.027625)
epoch 5/20 train loss=5.2853 acc=0.0778 em=0.0000 | val loss=5.3753 acc=0.0712 em=0.0000 | random≈0.0013
  saved best_loss.pt (val_answer_loss=5.375302)
  saved best_acc.pt (val_answer_accuracy=0.071188)
epoch 6/20 train loss=4.8650 acc=0.0882 em=0.0000 | val loss=5.0072 acc=0.0743 em=0.0000 | random≈0.0013
  saved best_loss.pt (val_answer_loss=5.007156)
  saved best_acc.pt (val_answer_accuracy=0.074313)
epoch 7/20 train loss=4.5332 acc=0.0962 em=0.0000 | val loss=4.7328 acc=0.0764 em=0.0000 | random≈0.0013
  saved best_loss.pt (val_answer_loss=4.732808)
  saved best_acc.pt (val_answer_accuracy=0.076438)
epoch 8/20 train loss=4.2516 acc=0.1077 em=0.0000 | val loss=4.5036 acc=0.0813 em=0.0000 | random≈0.0013
  saved best_loss.pt (val_answer_loss=4.503609)
  saved best_acc.pt (val_answer_accuracy=0.081312)
epoch 9/20 train loss=1.5311 acc=0.7370 em=0.0052 | val loss=1.6629 acc=0.7132 em=0.0015 | random≈0.0013
  saved best_loss.pt (val_answer_loss=1.662920)
  saved best_acc.pt (val_answer_accuracy=0.713187)
epoch 10/20 train loss=0.0043 acc=1.0000 em=0.9999 | val loss=0.0045 acc=1.0000 em=1.0000 | random≈0.0013
  saved best_loss.pt (val_answer_loss=0.004492)
  saved best_acc.pt (val_answer_accuracy=1.000000)
epoch 11/20 train loss=0.0016 acc=1.0000 em=1.0000 | val loss=0.0017 acc=1.0000 em=1.0000 | random≈0.0013
  saved best_loss.pt (val_answer_loss=0.001652)
epoch 12/20 train loss=0.0009 acc=1.0000 em=1.0000 | val loss=0.0009 acc=1.0000 em=1.0000 | random≈0.0013
  saved best_loss.pt (val_answer_loss=0.000928)
epoch 13/20 train loss=0.0006 acc=1.0000 em=1.0000 | val loss=0.0006 acc=1.0000 em=1.0000 | random≈0.0013
  saved best_loss.pt (val_answer_loss=0.000621)
epoch 14/20 train loss=0.0004 acc=1.0000 em=1.0000 | val loss=0.0004 acc=1.0000 em=1.0000 | random≈0.0013
  saved best_loss.pt (val_answer_loss=0.000440)
epoch 15/20 train loss=0.0003 acc=1.0000 em=1.0000 | val loss=0.0003 acc=1.0000 em=1.0000 | random≈0.0013
  saved best_loss.pt (val_answer_loss=0.000323)
epoch 16/20 train loss=0.0002 acc=1.0000 em=1.0000 | val loss=0.0002 acc=1.0000 em=1.0000 | random≈0.0013
epoch 17/20 train loss=0.0002 acc=1.0000 em=1.0000 | val loss=0.0002 acc=1.0000 em=1.0000 | random≈0.0013
  saved best_loss.pt (val_answer_loss=0.000196)
epoch 18/20 train loss=0.0002 acc=1.0000 em=1.0000 | val loss=0.0002 acc=1.0000 em=1.0000 | random≈0.0013
epoch 19/20 train loss=0.0001 acc=1.0000 em=1.0000 | val loss=0.0001 acc=1.0000 em=1.0000 | random≈0.0013
epoch 20/20 train loss=0.0001 acc=1.0000 em=1.0000 | val loss=0.0001 acc=1.0000 em=1.0000 | random≈0.0013
test [best_loss_ckpt] loss=0.000198 acc=1.000000 em=1.000000
test [best_acc_ckpt]  loss=0.004694 acc=0.999969 em=0.999500 random_baseline≈0.001302
done. meta_metrics → /home/jovyan/shares/SR008.fs2/nvidenisov/other/repos/mamba/mamba_multi_scale_get_started/outputs/ArchEval/mqar_trans768_transformer_latency_match_seed43/meta_metrics.csv
