mqar_split_hashes: n_train=20000 uniq_train=20000 | n_val=2000 uniq_val=2000 | n_test=2000 uniq_test=2000
mqar_answer_positions[train]: min=16 mean=16.0000 max=16 (expected 16 per sample)
mqar_answer_positions[val]: min=16 mean=16.0000 max=16 (expected 16 per sample)
mqar_answer_positions[test]: min=16 mean=16.0000 max=16 (expected 16 per sample)
experiment=mqar_fail_transformer_param_match_v896_seed47 device=cuda:0 out_dir=/home/jovyan/shares/SR008.fs2/nvidenisov/other/repos/mamba/mamba_multi_scale_get_started/outputs/MQARFailureSweep/mqar_fail_transformer_param_match_v896_seed47
mqar data: fixed_examples=True random_baseline_acc≈1/vocab=0.001116 (vocab_size=896)
--- mqar resolved config (sanity) ---
  experiment.name: mqar_fail_transformer_param_match_v896_seed47
  model.backbone: transformer_lm
  model.layer_headdims: —
  model.multiscale.fast_layer_headdims: —
  model.multiscale.slow_layer_headdims: —
  model.multiscale.window_size: —
  model.multiscale.offsets: —
  model.multiscale.summary_mode: —
  model.multiscale.causal_mode: —
  model.multiscale.gate_type: —
  data.input_seq_len: 128
  data.num_kv_pairs: 16
  data.vocab_size: 896
  data.train_examples: 20000  val_examples: 2000  test_examples: 2000
  data.fixed_examples: True
  data.min_query_pos: null
  train.lr: 0.0003
  train.epochs: 20
  num_parameters_trainable: 3250288
  tags(backbone,fusion,stride): transformer_lm, , 
--- end resolved config ---
epoch 1/20 train loss=6.1181 acc=0.0025 em=0.0000 | val loss=6.1214 acc=0.0022 em=0.0000 | random≈0.0011
  saved best_loss.pt (val_answer_loss=6.121395)
  saved best_acc.pt (val_answer_accuracy=0.002156)
epoch 2/20 train loss=6.1113 acc=0.0024 em=0.0000 | val loss=6.1147 acc=0.0024 em=0.0000 | random≈0.0011
  saved best_loss.pt (val_answer_loss=6.114683)
  saved best_acc.pt (val_answer_accuracy=0.002406)
epoch 3/20 train loss=6.0549 acc=0.0126 em=0.0000 | val loss=6.0820 acc=0.0107 em=0.0000 | random≈0.0011
  saved best_loss.pt (val_answer_loss=6.081985)
  saved best_acc.pt (val_answer_accuracy=0.010688)
epoch 4/20 train loss=5.2892 acc=0.0803 em=0.0000 | val loss=5.3891 acc=0.0721 em=0.0000 | random≈0.0011
  saved best_loss.pt (val_answer_loss=5.389063)
  saved best_acc.pt (val_answer_accuracy=0.072063)
epoch 5/20 train loss=4.7080 acc=0.0918 em=0.0000 | val loss=4.8811 acc=0.0750 em=0.0000 | random≈0.0011
  saved best_loss.pt (val_answer_loss=4.881122)
  saved best_acc.pt (val_answer_accuracy=0.074969)
epoch 6/20 train loss=4.2855 acc=0.0999 em=0.0000 | val loss=4.5330 acc=0.0771 em=0.0000 | random≈0.0011
  saved best_loss.pt (val_answer_loss=4.532957)
  saved best_acc.pt (val_answer_accuracy=0.077094)
epoch 7/20 train loss=3.9745 acc=0.1099 em=0.0000 | val loss=4.2950 acc=0.0774 em=0.0000 | random≈0.0011
  saved best_loss.pt (val_answer_loss=4.295010)
  saved best_acc.pt (val_answer_accuracy=0.077375)
epoch 8/20 train loss=3.7347 acc=0.1210 em=0.0000 | val loss=4.1217 acc=0.0815 em=0.0000 | random≈0.0011
  saved best_loss.pt (val_answer_loss=4.121747)
  saved best_acc.pt (val_answer_accuracy=0.081531)
epoch 9/20 train loss=1.7890 acc=0.5930 em=0.0001 | val loss=2.0983 acc=0.5201 em=0.0000 | random≈0.0011
  saved best_loss.pt (val_answer_loss=2.098345)
  saved best_acc.pt (val_answer_accuracy=0.520125)
epoch 10/20 train loss=0.0014 acc=1.0000 em=0.9998 | val loss=0.0016 acc=1.0000 em=1.0000 | random≈0.0011
  saved best_loss.pt (val_answer_loss=0.001598)
  saved best_acc.pt (val_answer_accuracy=1.000000)
epoch 11/20 train loss=0.0006 acc=1.0000 em=1.0000 | val loss=0.0007 acc=1.0000 em=1.0000 | random≈0.0011
  saved best_loss.pt (val_answer_loss=0.000671)
epoch 12/20 train loss=0.0003 acc=1.0000 em=1.0000 | val loss=0.0004 acc=1.0000 em=1.0000 | random≈0.0011
  saved best_loss.pt (val_answer_loss=0.000374)
epoch 13/20 train loss=0.0002 acc=1.0000 em=1.0000 | val loss=0.0002 acc=1.0000 em=1.0000 | random≈0.0011
  saved best_loss.pt (val_answer_loss=0.000243)
epoch 14/20 train loss=0.0002 acc=1.0000 em=1.0000 | val loss=0.0002 acc=1.0000 em=1.0000 | random≈0.0011
epoch 15/20 train loss=0.0001 acc=1.0000 em=1.0000 | val loss=0.0001 acc=1.0000 em=1.0000 | random≈0.0011
  saved best_loss.pt (val_answer_loss=0.000130)
epoch 16/20 train loss=0.0001 acc=1.0000 em=1.0000 | val loss=0.0001 acc=1.0000 em=1.0000 | random≈0.0011
epoch 17/20 train loss=0.0001 acc=1.0000 em=1.0000 | val loss=0.0001 acc=1.0000 em=1.0000 | random≈0.0011
epoch 18/20 train loss=0.0001 acc=1.0000 em=1.0000 | val loss=0.0001 acc=1.0000 em=1.0000 | random≈0.0011
epoch 19/20 train loss=0.0000 acc=1.0000 em=1.0000 | val loss=0.0001 acc=1.0000 em=1.0000 | random≈0.0011
early stopping at epoch 19: val answer_loss did not improve by min_delta=0.0001 for 4 epochs
test [best_loss_ckpt] loss=0.000129 acc=1.000000 em=1.000000
test [best_acc_ckpt]  loss=0.001559 acc=1.000000 em=1.000000 random_baseline≈0.001116
done. meta_metrics → /home/jovyan/shares/SR008.fs2/nvidenisov/other/repos/mamba/mamba_multi_scale_get_started/outputs/MQARFailureSweep/mqar_fail_transformer_param_match_v896_seed47/meta_metrics.csv
