mqar_split_hashes: n_train=20000 uniq_train=20000 | n_val=2000 uniq_val=2000 | n_test=2000 uniq_test=2000
mqar_answer_positions[train]: min=16 mean=16.0000 max=16 (expected 16 per sample)
mqar_answer_positions[val]: min=16 mean=16.0000 max=16 (expected 16 per sample)
mqar_answer_positions[test]: min=16 mean=16.0000 max=16 (expected 16 per sample)
experiment=archeval_mqar_easy_mamba2_split_ts_slow_veryslow_seed48 device=cuda:0 out_dir=/home/jovyan/shares/SR008.fs2/nvidenisov/other/repos/mamba/mamba_multi_scale_get_started/outputs/ArchEval/mqar_easy_mamba2_split_ts_slow_veryslow_seed48
mqar data: fixed_examples=True random_baseline_acc≈1/vocab=0.001953 (vocab_size=512)
--- mqar resolved config (sanity) ---
  experiment.name: archeval_mqar_easy_mamba2_split_ts_slow_veryslow_seed48
  model.backbone: mamba2_lm
  model.layer_headdims: [32, 32, 32, 32]
  model.multiscale.fast_layer_headdims: —
  model.multiscale.slow_layer_headdims: —
  model.multiscale.window_size: —
  model.multiscale.offsets: —
  model.multiscale.summary_mode: —
  model.multiscale.causal_mode: —
  model.multiscale.gate_type: —
  data.input_seq_len: 128
  data.num_kv_pairs: 16
  data.vocab_size: 512
  data.train_examples: 20000  val_examples: 2000  test_examples: 2000
  data.fixed_examples: True
  data.min_query_pos: null
  train.lr: 0.0003
  train.epochs: 20
  num_parameters_trainable: 1931712
  tags(backbone,fusion,stride): mamba2_lm, , 
--- end resolved config ---
epoch 1/20 train loss=5.5491 acc=0.0051 em=0.0000 | val loss=5.5587 acc=0.0037 em=0.0000 | random≈0.0020
  saved best_loss.pt (val_answer_loss=5.558674)
  saved best_acc.pt (val_answer_accuracy=0.003656)
epoch 2/20 train loss=5.4617 acc=0.0315 em=0.0000 | val loss=5.5094 acc=0.0288 em=0.0000 | random≈0.0020
  saved best_loss.pt (val_answer_loss=5.509384)
  saved best_acc.pt (val_answer_accuracy=0.028813)
epoch 3/20 train loss=4.9714 acc=0.0893 em=0.0000 | val loss=5.1458 acc=0.0744 em=0.0000 | random≈0.0020
  saved best_loss.pt (val_answer_loss=5.145823)
  saved best_acc.pt (val_answer_accuracy=0.074375)
epoch 4/20 train loss=1.3026 acc=0.7613 em=0.0077 | val loss=1.4227 acc=0.7303 em=0.0045 | random≈0.0020
  saved best_loss.pt (val_answer_loss=1.422663)
  saved best_acc.pt (val_answer_accuracy=0.730281)
epoch 5/20 train loss=0.1155 acc=0.9865 em=0.8069 | val loss=0.1619 acc=0.9736 em=0.6600 | random≈0.0020
  saved best_loss.pt (val_answer_loss=0.161852)
  saved best_acc.pt (val_answer_accuracy=0.973625)
epoch 6/20 train loss=0.0218 acc=0.9993 em=0.9886 | val loss=0.0435 acc=0.9937 em=0.9040 | random≈0.0020
  saved best_loss.pt (val_answer_loss=0.043481)
  saved best_acc.pt (val_answer_accuracy=0.993719)
epoch 7/20 train loss=0.0083 acc=1.0000 em=1.0000 | val loss=0.0225 acc=0.9968 em=0.9500 | random≈0.0020
  saved best_loss.pt (val_answer_loss=0.022450)
  saved best_acc.pt (val_answer_accuracy=0.996750)
epoch 8/20 train loss=0.0049 acc=1.0000 em=1.0000 | val loss=0.0158 acc=0.9973 em=0.9570 | random≈0.0020
  saved best_loss.pt (val_answer_loss=0.015831)
  saved best_acc.pt (val_answer_accuracy=0.997281)
epoch 9/20 train loss=0.0035 acc=1.0000 em=1.0000 | val loss=0.0130 acc=0.9976 em=0.9625 | random≈0.0020
  saved best_loss.pt (val_answer_loss=0.013017)
  saved best_acc.pt (val_answer_accuracy=0.997625)
epoch 10/20 train loss=0.0027 acc=1.0000 em=1.0000 | val loss=0.0110 acc=0.9980 em=0.9675 | random≈0.0020
  saved best_loss.pt (val_answer_loss=0.010971)
  saved best_acc.pt (val_answer_accuracy=0.997969)
epoch 11/20 train loss=0.0021 acc=1.0000 em=1.0000 | val loss=0.0097 acc=0.9981 em=0.9700 | random≈0.0020
  saved best_loss.pt (val_answer_loss=0.009663)
  saved best_acc.pt (val_answer_accuracy=0.998125)
epoch 12/20 train loss=0.0017 acc=1.0000 em=1.0000 | val loss=0.0085 acc=0.9983 em=0.9735 | random≈0.0020
  saved best_loss.pt (val_answer_loss=0.008535)
  saved best_acc.pt (val_answer_accuracy=0.998313)
epoch 13/20 train loss=0.0014 acc=1.0000 em=1.0000 | val loss=0.0077 acc=0.9984 em=0.9750 | random≈0.0020
  saved best_loss.pt (val_answer_loss=0.007739)
epoch 14/20 train loss=0.0012 acc=1.0000 em=1.0000 | val loss=0.0070 acc=0.9987 em=0.9795 | random≈0.0020
  saved best_loss.pt (val_answer_loss=0.006956)
  saved best_acc.pt (val_answer_accuracy=0.998687)
epoch 15/20 train loss=0.0010 acc=1.0000 em=1.0000 | val loss=0.0064 acc=0.9987 em=0.9800 | random≈0.0020
  saved best_loss.pt (val_answer_loss=0.006403)
epoch 16/20 train loss=0.0009 acc=1.0000 em=1.0000 | val loss=0.0059 acc=0.9987 em=0.9800 | random≈0.0020
  saved best_loss.pt (val_answer_loss=0.005948)
epoch 17/20 train loss=0.0008 acc=1.0000 em=1.0000 | val loss=0.0055 acc=0.9988 em=0.9815 | random≈0.0020
  saved best_loss.pt (val_answer_loss=0.005490)
  saved best_acc.pt (val_answer_accuracy=0.998844)
epoch 18/20 train loss=0.0007 acc=1.0000 em=1.0000 | val loss=0.0051 acc=0.9990 em=0.9835 | random≈0.0020
  saved best_loss.pt (val_answer_loss=0.005091)
  saved best_acc.pt (val_answer_accuracy=0.998969)
epoch 19/20 train loss=0.0006 acc=1.0000 em=1.0000 | val loss=0.0048 acc=0.9990 em=0.9845 | random≈0.0020
  saved best_loss.pt (val_answer_loss=0.004774)
epoch 20/20 train loss=0.0005 acc=1.0000 em=1.0000 | val loss=0.0045 acc=0.9991 em=0.9855 | random≈0.0020
  saved best_loss.pt (val_answer_loss=0.004480)
  saved best_acc.pt (val_answer_accuracy=0.999094)
test [best_loss_ckpt] loss=0.004137 acc=0.999062 em=0.985500
test [best_acc_ckpt]  loss=0.004137 acc=0.999062 em=0.985500 random_baseline≈0.001953
done. meta_metrics → /home/jovyan/shares/SR008.fs2/nvidenisov/other/repos/mamba/mamba_multi_scale_get_started/outputs/ArchEval/mqar_easy_mamba2_split_ts_slow_veryslow_seed48/meta_metrics.csv
