mqar_split_hashes: n_train=20000 uniq_train=20000 | n_val=2000 uniq_val=2000 | n_test=2000 uniq_test=2000
mqar_answer_positions[train]: min=16 mean=16.0000 max=16 (expected 16 per sample)
mqar_answer_positions[val]: min=16 mean=16.0000 max=16 (expected 16 per sample)
mqar_answer_positions[test]: min=16 mean=16.0000 max=16 (expected 16 per sample)
experiment=archeval_mqar_trans768_mamba2_slow_init_seed43 device=cuda:0 out_dir=/home/jovyan/shares/SR008.fs2/nvidenisov/other/repos/mamba/mamba_multi_scale_get_started/outputs/ArchEval/mqar_trans768_mamba2_slow_init_seed43
mqar data: fixed_examples=True random_baseline_acc≈1/vocab=0.001302 (vocab_size=768)
--- mqar resolved config (sanity) ---
  experiment.name: archeval_mqar_trans768_mamba2_slow_init_seed43
  model.backbone: mamba2_lm
  model.layer_headdims: [32, 32, 32, 32]
  model.multiscale.fast_layer_headdims: —
  model.multiscale.slow_layer_headdims: —
  model.multiscale.window_size: —
  model.multiscale.offsets: —
  model.multiscale.summary_mode: —
  model.multiscale.causal_mode: —
  model.multiscale.gate_type: —
  data.input_seq_len: 128
  data.num_kv_pairs: 16
  data.vocab_size: 768
  data.train_examples: 20000  val_examples: 2000  test_examples: 2000
  data.fixed_examples: True
  data.min_query_pos: null
  train.lr: 0.0003
  train.epochs: 20
  num_parameters_trainable: 2063040
  tags(backbone,fusion,stride): mamba2_lm, , 
--- end resolved config ---
epoch 1/20 train loss=5.9565 acc=0.0035 em=0.0000 | val loss=5.9681 acc=0.0027 em=0.0000 | random≈0.0013
  saved best_loss.pt (val_answer_loss=5.968066)
  saved best_acc.pt (val_answer_accuracy=0.002687)
epoch 2/20 train loss=5.9272 acc=0.0072 em=0.0000 | val loss=5.9654 acc=0.0051 em=0.0000 | random≈0.0013
  saved best_loss.pt (val_answer_loss=5.965406)
  saved best_acc.pt (val_answer_accuracy=0.005125)
epoch 3/20 train loss=5.8127 acc=0.0269 em=0.0000 | val loss=5.9380 acc=0.0223 em=0.0000 | random≈0.0013
  saved best_loss.pt (val_answer_loss=5.938007)
  saved best_acc.pt (val_answer_accuracy=0.022344)
epoch 4/20 train loss=5.5165 acc=0.0615 em=0.0000 | val loss=5.8675 acc=0.0410 em=0.0000 | random≈0.0013
  saved best_loss.pt (val_answer_loss=5.867519)
  saved best_acc.pt (val_answer_accuracy=0.041031)
epoch 5/20 train loss=4.7913 acc=0.1808 em=0.0000 | val loss=5.3039 acc=0.1337 em=0.0000 | random≈0.0013
  saved best_loss.pt (val_answer_loss=5.303930)
  saved best_acc.pt (val_answer_accuracy=0.133656)
epoch 6/20 train loss=2.2257 acc=0.6203 em=0.0001 | val loss=2.5568 acc=0.5484 em=0.0000 | random≈0.0013
  saved best_loss.pt (val_answer_loss=2.556849)
  saved best_acc.pt (val_answer_accuracy=0.548438)
epoch 7/20 train loss=0.1845 acc=0.9794 em=0.7215 | val loss=0.2756 acc=0.9571 em=0.5045 | random≈0.0013
  saved best_loss.pt (val_answer_loss=0.275589)
  saved best_acc.pt (val_answer_accuracy=0.957094)
epoch 8/20 train loss=0.0328 acc=0.9988 em=0.9807 | val loss=0.0671 acc=0.9910 em=0.8660 | random≈0.0013
  saved best_loss.pt (val_answer_loss=0.067087)
  saved best_acc.pt (val_answer_accuracy=0.991031)
epoch 9/20 train loss=0.0127 acc=1.0000 em=0.9994 | val loss=0.0346 acc=0.9954 em=0.9280 | random≈0.0013
  saved best_loss.pt (val_answer_loss=0.034577)
  saved best_acc.pt (val_answer_accuracy=0.995375)
epoch 10/20 train loss=0.0075 acc=1.0000 em=1.0000 | val loss=0.0248 acc=0.9963 em=0.9430 | random≈0.0013
  saved best_loss.pt (val_answer_loss=0.024818)
  saved best_acc.pt (val_answer_accuracy=0.996344)
epoch 11/20 train loss=0.0053 acc=1.0000 em=1.0000 | val loss=0.0202 acc=0.9968 em=0.9495 | random≈0.0013
  saved best_loss.pt (val_answer_loss=0.020194)
  saved best_acc.pt (val_answer_accuracy=0.996812)
epoch 12/20 train loss=0.0041 acc=1.0000 em=1.0000 | val loss=0.0169 acc=0.9971 em=0.9540 | random≈0.0013
  saved best_loss.pt (val_answer_loss=0.016894)
  saved best_acc.pt (val_answer_accuracy=0.997094)
epoch 13/20 train loss=0.0032 acc=1.0000 em=1.0000 | val loss=0.0148 acc=0.9973 em=0.9575 | random≈0.0013
  saved best_loss.pt (val_answer_loss=0.014751)
  saved best_acc.pt (val_answer_accuracy=0.997313)
epoch 14/20 train loss=0.0026 acc=1.0000 em=1.0000 | val loss=0.0132 acc=0.9975 em=0.9605 | random≈0.0013
  saved best_loss.pt (val_answer_loss=0.013176)
  saved best_acc.pt (val_answer_accuracy=0.997500)
epoch 15/20 train loss=0.0022 acc=1.0000 em=1.0000 | val loss=0.0117 acc=0.9978 em=0.9660 | random≈0.0013
  saved best_loss.pt (val_answer_loss=0.011656)
  saved best_acc.pt (val_answer_accuracy=0.997844)
epoch 16/20 train loss=0.0018 acc=1.0000 em=1.0000 | val loss=0.0107 acc=0.9980 em=0.9685 | random≈0.0013
  saved best_loss.pt (val_answer_loss=0.010653)
  saved best_acc.pt (val_answer_accuracy=0.998000)
epoch 17/20 train loss=0.0016 acc=1.0000 em=1.0000 | val loss=0.0096 acc=0.9982 em=0.9710 | random≈0.0013
  saved best_loss.pt (val_answer_loss=0.009641)
  saved best_acc.pt (val_answer_accuracy=0.998156)
epoch 18/20 train loss=0.0013 acc=1.0000 em=1.0000 | val loss=0.0090 acc=0.9982 em=0.9725 | random≈0.0013
  saved best_loss.pt (val_answer_loss=0.008976)
epoch 19/20 train loss=0.0012 acc=1.0000 em=1.0000 | val loss=0.0083 acc=0.9985 em=0.9760 | random≈0.0013
  saved best_loss.pt (val_answer_loss=0.008267)
  saved best_acc.pt (val_answer_accuracy=0.998469)
epoch 20/20 train loss=0.0010 acc=1.0000 em=1.0000 | val loss=0.0077 acc=0.9985 em=0.9760 | random≈0.0013
  saved best_loss.pt (val_answer_loss=0.007652)
test [best_loss_ckpt] loss=0.006412 acc=0.998750 em=0.980000
test [best_acc_ckpt]  loss=0.006987 acc=0.998719 em=0.979500 random_baseline≈0.001302
done. meta_metrics → /home/jovyan/shares/SR008.fs2/nvidenisov/other/repos/mamba/mamba_multi_scale_get_started/outputs/ArchEval/mqar_trans768_mamba2_slow_init_seed43/meta_metrics.csv
