mqar_split_hashes: n_train=20000 uniq_train=20000 | n_val=2000 uniq_val=2000 | n_test=2000 uniq_test=2000
mqar_answer_positions[train]: min=16 mean=16.0000 max=16 (expected 16 per sample)
mqar_answer_positions[val]: min=16 mean=16.0000 max=16 (expected 16 per sample)
mqar_answer_positions[test]: min=16 mean=16.0000 max=16 (expected 16 per sample)
experiment=archeval_mqar_trans768_transformer_param_match_seed45 device=cuda:0 out_dir=/home/jovyan/shares/SR008.fs2/nvidenisov/other/repos/mamba/mamba_multi_scale_get_started/outputs/ArchEval/mqar_trans768_transformer_param_match_seed45
mqar data: fixed_examples=True random_baseline_acc≈1/vocab=0.001302 (vocab_size=768)
--- mqar resolved config (sanity) ---
  experiment.name: archeval_mqar_trans768_transformer_param_match_seed45
  model.backbone: transformer_lm
  model.layer_headdims: —
  model.multiscale.fast_layer_headdims: —
  model.multiscale.slow_layer_headdims: —
  model.multiscale.window_size: —
  model.multiscale.offsets: —
  model.multiscale.summary_mode: —
  model.multiscale.causal_mode: —
  model.multiscale.gate_type: —
  data.input_seq_len: 128
  data.num_kv_pairs: 16
  data.vocab_size: 768
  data.train_examples: 20000  val_examples: 2000  test_examples: 2000
  data.fixed_examples: True
  data.min_query_pos: null
  train.lr: 0.0003
  train.epochs: 20
  num_parameters_trainable: 3190768
  tags(backbone,fusion,stride): transformer_lm, , 
--- end resolved config ---
epoch 1/20 train loss=5.9617 acc=0.0026 em=0.0000 | val loss=5.9645 acc=0.0030 em=0.0000 | random≈0.0013
  saved best_loss.pt (val_answer_loss=5.964507)
  saved best_acc.pt (val_answer_accuracy=0.002969)
epoch 2/20 train loss=5.9556 acc=0.0032 em=0.0000 | val loss=5.9593 acc=0.0024 em=0.0000 | random≈0.0013
  saved best_loss.pt (val_answer_loss=5.959280)
epoch 3/20 train loss=5.6682 acc=0.0596 em=0.0000 | val loss=5.7171 acc=0.0547 em=0.0000 | random≈0.0013
  saved best_loss.pt (val_answer_loss=5.717095)
  saved best_acc.pt (val_answer_accuracy=0.054719)
epoch 4/20 train loss=4.8694 acc=0.0858 em=0.0000 | val loss=4.9838 acc=0.0742 em=0.0000 | random≈0.0013
  saved best_loss.pt (val_answer_loss=4.983842)
  saved best_acc.pt (val_answer_accuracy=0.074188)
epoch 5/20 train loss=4.3639 acc=0.0950 em=0.0000 | val loss=4.5485 acc=0.0776 em=0.0000 | random≈0.0013
  saved best_loss.pt (val_answer_loss=4.548459)
  saved best_acc.pt (val_answer_accuracy=0.077563)
epoch 6/20 train loss=4.0150 acc=0.1036 em=0.0000 | val loss=4.2722 acc=0.0769 em=0.0000 | random≈0.0013
  saved best_loss.pt (val_answer_loss=4.272191)
epoch 7/20 train loss=3.7593 acc=0.1124 em=0.0000 | val loss=4.0866 acc=0.0772 em=0.0000 | random≈0.0013
  saved best_loss.pt (val_answer_loss=4.086563)
epoch 8/20 train loss=3.5550 acc=0.1249 em=0.0000 | val loss=3.9545 acc=0.0791 em=0.0000 | random≈0.0013
  saved best_loss.pt (val_answer_loss=3.954463)
  saved best_acc.pt (val_answer_accuracy=0.079062)
epoch 9/20 train loss=2.8625 acc=0.2846 em=0.0000 | val loss=3.3191 acc=0.1933 em=0.0000 | random≈0.0013
  saved best_loss.pt (val_answer_loss=3.319066)
  saved best_acc.pt (val_answer_accuracy=0.193312)
epoch 10/20 train loss=0.0016 acc=1.0000 em=0.9998 | val loss=0.0017 acc=1.0000 em=0.9995 | random≈0.0013
  saved best_loss.pt (val_answer_loss=0.001729)
  saved best_acc.pt (val_answer_accuracy=0.999969)
epoch 11/20 train loss=0.0005 acc=1.0000 em=1.0000 | val loss=0.0006 acc=1.0000 em=1.0000 | random≈0.0013
  saved best_loss.pt (val_answer_loss=0.000584)
epoch 12/20 train loss=0.0003 acc=1.0000 em=1.0000 | val loss=0.0003 acc=1.0000 em=1.0000 | random≈0.0013
  saved best_loss.pt (val_answer_loss=0.000311)
epoch 13/20 train loss=0.0002 acc=1.0000 em=1.0000 | val loss=0.0002 acc=1.0000 em=1.0000 | random≈0.0013
  saved best_loss.pt (val_answer_loss=0.000201)
epoch 14/20 train loss=0.0001 acc=1.0000 em=1.0000 | val loss=0.0001 acc=1.0000 em=1.0000 | random≈0.0013
epoch 15/20 train loss=0.0001 acc=1.0000 em=1.0000 | val loss=0.0001 acc=1.0000 em=1.0000 | random≈0.0013
epoch 16/20 train loss=0.0001 acc=1.0000 em=1.0000 | val loss=0.0001 acc=1.0000 em=1.0000 | random≈0.0013
  saved best_loss.pt (val_answer_loss=0.000080)
epoch 17/20 train loss=0.0001 acc=1.0000 em=1.0000 | val loss=0.0001 acc=1.0000 em=1.0000 | random≈0.0013
epoch 18/20 train loss=0.0000 acc=1.0000 em=1.0000 | val loss=0.0001 acc=1.0000 em=1.0000 | random≈0.0013
epoch 19/20 train loss=0.0000 acc=1.0000 em=1.0000 | val loss=0.0000 acc=1.0000 em=1.0000 | random≈0.0013
epoch 20/20 train loss=0.0000 acc=1.0000 em=1.0000 | val loss=0.0000 acc=1.0000 em=1.0000 | random≈0.0013
early stopping at epoch 20: val answer_loss did not improve by min_delta=0.0001 for 4 epochs
test [best_loss_ckpt] loss=0.000080 acc=1.000000 em=1.000000
test [best_acc_ckpt]  loss=0.001833 acc=0.999969 em=0.999500 random_baseline≈0.001302
done. meta_metrics → /home/jovyan/shares/SR008.fs2/nvidenisov/other/repos/mamba/mamba_multi_scale_get_started/outputs/ArchEval/mqar_trans768_transformer_param_match_seed45/meta_metrics.csv
