mqar_split_hashes: n_train=20000 uniq_train=20000 | n_val=2000 uniq_val=2000 | n_test=2000 uniq_test=2000
mqar_answer_positions[train]: min=16 mean=16.0000 max=16 (expected 16 per sample)
mqar_answer_positions[val]: min=16 mean=16.0000 max=16 (expected 16 per sample)
mqar_answer_positions[test]: min=16 mean=16.0000 max=16 (expected 16 per sample)
experiment=archeval_mqar_easy_ms_window_ws8_o0_o4_seed44 device=cuda:0 out_dir=/home/jovyan/shares/SR008.fs2/nvidenisov/other/repos/mamba/mamba_multi_scale_get_started/outputs/ArchEval/mqar_easy_ms_window_ws8_o0_o4_seed44
mqar data: fixed_examples=True random_baseline_acc≈1/vocab=0.001953 (vocab_size=512)
--- mqar resolved config (sanity) ---
  experiment.name: archeval_mqar_easy_ms_window_ws8_o0_o4_seed44
  model.backbone: multiscale_mamba2_window_summary_lm
  model.layer_headdims: [32, 32, 32, 32]
  model.multiscale.fast_layer_headdims: —
  model.multiscale.slow_layer_headdims: [32, 32]
  data.input_seq_len: 128
  data.num_kv_pairs: 16
  data.vocab_size: 512
  data.train_examples: 20000  val_examples: 2000  test_examples: 2000
  data.fixed_examples: True
  data.min_query_pos: null
  train.lr: 0.0003
  train.epochs: 20
  num_parameters_trainable: 3862912
  tags(backbone,fusion,stride): multiscale_mamba2_window_summary_lm, window_residual_gated, 
--- end resolved config ---
epoch 1/20 train loss=5.5382 acc=0.0057 em=0.0000 | val loss=5.5574 acc=0.0039 em=0.0000 | random≈0.0020
  saved best_loss.pt (val_answer_loss=5.557359)
  saved best_acc.pt (val_answer_accuracy=0.003875)
epoch 2/20 train loss=5.1676 acc=0.0441 em=0.0000 | val loss=5.3396 acc=0.0232 em=0.0000 | random≈0.0020
  saved best_loss.pt (val_answer_loss=5.339571)
  saved best_acc.pt (val_answer_accuracy=0.023219)
epoch 3/20 train loss=4.4305 acc=0.1046 em=0.0000 | val loss=4.8366 acc=0.0516 em=0.0000 | random≈0.0020
  saved best_loss.pt (val_answer_loss=4.836568)
  saved best_acc.pt (val_answer_accuracy=0.051562)
epoch 4/20 train loss=3.7351 acc=0.1709 em=0.0000 | val loss=4.4696 acc=0.0626 em=0.0000 | random≈0.0020
  saved best_loss.pt (val_answer_loss=4.469564)
  saved best_acc.pt (val_answer_accuracy=0.062594)
epoch 5/20 train loss=3.1068 acc=0.2811 em=0.0000 | val loss=4.3816 acc=0.0657 em=0.0000 | random≈0.0020
  saved best_loss.pt (val_answer_loss=4.381587)
  saved best_acc.pt (val_answer_accuracy=0.065656)
epoch 6/20 train loss=2.4859 acc=0.4376 em=0.0000 | val loss=4.4898 acc=0.0633 em=0.0000 | random≈0.0020
epoch 7/20 train loss=1.9056 acc=0.6006 em=0.0006 | val loss=4.6963 acc=0.0592 em=0.0000 | random≈0.0020
epoch 8/20 train loss=1.3997 acc=0.7416 em=0.0132 | val loss=4.9483 acc=0.0571 em=0.0000 | random≈0.0020
epoch 9/20 train loss=0.9839 acc=0.8514 em=0.0964 | val loss=5.2266 acc=0.0522 em=0.0000 | random≈0.0020
early stopping at epoch 9: val answer_loss did not improve by min_delta=0.0001 for 4 epochs
test [best_loss_ckpt] loss=4.377479 acc=0.063062 em=0.000000
test [best_acc_ckpt]  loss=4.377479 acc=0.063062 em=0.000000 random_baseline≈0.001953
done. meta_metrics → /home/jovyan/shares/SR008.fs2/nvidenisov/other/repos/mamba/mamba_multi_scale_get_started/outputs/ArchEval/mqar_easy_ms_window_ws8_o0_o4_seed44/meta_metrics.csv
mqar_split_hashes: n_train=20000 uniq_train=20000 | n_val=2000 uniq_val=2000 | n_test=2000 uniq_test=2000
mqar_answer_positions[train]: min=16 mean=16.0000 max=16 (expected 16 per sample)
mqar_answer_positions[val]: min=16 mean=16.0000 max=16 (expected 16 per sample)
mqar_answer_positions[test]: min=16 mean=16.0000 max=16 (expected 16 per sample)
experiment=archeval_mqar_easy_ms_window_ws8_o0_o4_seed44 device=cuda:0 out_dir=/home/jovyan/shares/SR008.fs2/nvidenisov/other/repos/mamba/mamba_multi_scale_get_started/outputs/ArchEval/mqar_easy_ms_window_ws8_o0_o4_seed44
mqar data: fixed_examples=True random_baseline_acc≈1/vocab=0.001953 (vocab_size=512)
--- mqar resolved config (sanity) ---
  experiment.name: archeval_mqar_easy_ms_window_ws8_o0_o4_seed44
  model.backbone: multiscale_mamba2_window_summary_lm
  model.layer_headdims: [32, 32, 32, 32]
  model.multiscale.fast_layer_headdims: —
  model.multiscale.slow_layer_headdims: [32, 32]
  model.multiscale.window_size: 8
  model.multiscale.offsets: [0, 4]
  model.multiscale.summary_mode: mean
  model.multiscale.causal_mode: —
  model.multiscale.gate_type: vector
  data.input_seq_len: 128
  data.num_kv_pairs: 16
  data.vocab_size: 512
  data.train_examples: 20000  val_examples: 2000  test_examples: 2000
  data.fixed_examples: True
  data.min_query_pos: null
  train.lr: 0.0003
  train.epochs: 20
  num_parameters_trainable: 3862912
  tags(backbone,fusion,stride): multiscale_mamba2_window_summary_lm, window_residual_gated, 
--- end resolved config ---
epoch 1/20 train loss=5.5382 acc=0.0057 em=0.0000 | val loss=5.5574 acc=0.0039 em=0.0000 | random≈0.0020
  saved best_loss.pt (val_answer_loss=5.557359)
  saved best_acc.pt (val_answer_accuracy=0.003875)
epoch 2/20 train loss=5.1676 acc=0.0441 em=0.0000 | val loss=5.3396 acc=0.0232 em=0.0000 | random≈0.0020
  saved best_loss.pt (val_answer_loss=5.339571)
  saved best_acc.pt (val_answer_accuracy=0.023187)
epoch 3/20 train loss=4.4305 acc=0.1046 em=0.0000 | val loss=4.8366 acc=0.0516 em=0.0000 | random≈0.0020
  saved best_loss.pt (val_answer_loss=4.836568)
  saved best_acc.pt (val_answer_accuracy=0.051625)
epoch 4/20 train loss=3.7351 acc=0.1709 em=0.0000 | val loss=4.4696 acc=0.0626 em=0.0000 | random≈0.0020
  saved best_loss.pt (val_answer_loss=4.469566)
  saved best_acc.pt (val_answer_accuracy=0.062625)
epoch 5/20 train loss=3.1068 acc=0.2811 em=0.0000 | val loss=4.3816 acc=0.0657 em=0.0000 | random≈0.0020
  saved best_loss.pt (val_answer_loss=4.381592)
  saved best_acc.pt (val_answer_accuracy=0.065687)
epoch 6/20 train loss=2.4859 acc=0.4376 em=0.0000 | val loss=4.4898 acc=0.0633 em=0.0000 | random≈0.0020
epoch 7/20 train loss=1.9056 acc=0.6006 em=0.0006 | val loss=4.6963 acc=0.0592 em=0.0000 | random≈0.0020
epoch 8/20 train loss=1.3997 acc=0.7417 em=0.0132 | val loss=4.9484 acc=0.0571 em=0.0000 | random≈0.0020
epoch 9/20 train loss=0.9838 acc=0.8514 em=0.0963 | val loss=5.2266 acc=0.0522 em=0.0000 | random≈0.0020
early stopping at epoch 9: val answer_loss did not improve by min_delta=0.0001 for 4 epochs
test [best_loss_ckpt] loss=4.377486 acc=0.063094 em=0.000000
test [best_acc_ckpt]  loss=4.377486 acc=0.063094 em=0.000000 random_baseline≈0.001953
done. meta_metrics → /home/jovyan/shares/SR008.fs2/nvidenisov/other/repos/mamba/mamba_multi_scale_get_started/outputs/ArchEval/mqar_easy_ms_window_ws8_o0_o4_seed44/meta_metrics.csv
mqar_split_hashes: n_train=20000 uniq_train=20000 | n_val=2000 uniq_val=2000 | n_test=2000 uniq_test=2000
mqar_answer_positions[train]: min=16 mean=16.0000 max=16 (expected 16 per sample)
mqar_answer_positions[val]: min=16 mean=16.0000 max=16 (expected 16 per sample)
mqar_answer_positions[test]: min=16 mean=16.0000 max=16 (expected 16 per sample)
experiment=archeval_mqar_easy_ms_window_ws8_o0_o4_seed44 device=cuda:0 out_dir=/home/jovyan/shares/SR008.fs2/nvidenisov/other/repos/mamba/mamba_multi_scale_get_started/outputs/ArchEval/mqar_easy_ms_window_ws8_o0_o4_seed44
mqar data: fixed_examples=True random_baseline_acc≈1/vocab=0.001953 (vocab_size=512)
--- mqar resolved config (sanity) ---
  experiment.name: archeval_mqar_easy_ms_window_ws8_o0_o4_seed44
  model.backbone: multiscale_mamba2_window_summary_lm
  model.layer_headdims: [32, 32, 32, 32]
  model.multiscale.fast_layer_headdims: —
  model.multiscale.slow_layer_headdims: [32, 32]
  model.multiscale.window_size: 8
  model.multiscale.offsets: [0, 4]
  model.multiscale.summary_mode: mean
  model.multiscale.causal_mode: —
  model.multiscale.gate_type: vector
  data.input_seq_len: 128
  data.num_kv_pairs: 16
  data.vocab_size: 512
  data.train_examples: 20000  val_examples: 2000  test_examples: 2000
  data.fixed_examples: True
  data.min_query_pos: null
  train.lr: 0.0003
  train.epochs: 20
  num_parameters_trainable: 3862912
  tags(backbone,fusion,stride): multiscale_mamba2_window_summary_lm, window_residual_gated, 
--- end resolved config ---
epoch 1/20 train loss=5.5382 acc=0.0057 em=0.0000 | val loss=5.5574 acc=0.0039 em=0.0000 | random≈0.0020
  saved best_loss.pt (val_answer_loss=5.557359)
  saved best_acc.pt (val_answer_accuracy=0.003875)
epoch 2/20 train loss=5.1676 acc=0.0441 em=0.0000 | val loss=5.3396 acc=0.0232 em=0.0000 | random≈0.0020
  saved best_loss.pt (val_answer_loss=5.339573)
  saved best_acc.pt (val_answer_accuracy=0.023219)
epoch 3/20 train loss=4.4305 acc=0.1046 em=0.0000 | val loss=4.8366 acc=0.0516 em=0.0000 | random≈0.0020
  saved best_loss.pt (val_answer_loss=4.836571)
  saved best_acc.pt (val_answer_accuracy=0.051625)
epoch 4/20 train loss=3.7351 acc=0.1709 em=0.0000 | val loss=4.4696 acc=0.0626 em=0.0000 | random≈0.0020
  saved best_loss.pt (val_answer_loss=4.469566)
  saved best_acc.pt (val_answer_accuracy=0.062594)
epoch 5/20 train loss=3.1068 acc=0.2812 em=0.0000 | val loss=4.3816 acc=0.0656 em=0.0000 | random≈0.0020
  saved best_loss.pt (val_answer_loss=4.381591)
  saved best_acc.pt (val_answer_accuracy=0.065625)
epoch 6/20 train loss=2.4859 acc=0.4376 em=0.0000 | val loss=4.4898 acc=0.0633 em=0.0000 | random≈0.0020
epoch 7/20 train loss=1.9056 acc=0.6006 em=0.0006 | val loss=4.6963 acc=0.0592 em=0.0000 | random≈0.0020
epoch 8/20 train loss=1.3997 acc=0.7416 em=0.0132 | val loss=4.9484 acc=0.0571 em=0.0000 | random≈0.0020
epoch 9/20 train loss=0.9839 acc=0.8515 em=0.0962 | val loss=5.2266 acc=0.0522 em=0.0000 | random≈0.0020
early stopping at epoch 9: val answer_loss did not improve by min_delta=0.0001 for 4 epochs
test [best_loss_ckpt] loss=4.377483 acc=0.063094 em=0.000000
test [best_acc_ckpt]  loss=4.377483 acc=0.063094 em=0.000000 random_baseline≈0.001953
done. meta_metrics → /home/jovyan/shares/SR008.fs2/nvidenisov/other/repos/mamba/mamba_multi_scale_get_started/outputs/ArchEval/mqar_easy_ms_window_ws8_o0_o4_seed44/meta_metrics.csv
mqar_split_hashes: n_train=20000 uniq_train=20000 | n_val=2000 uniq_val=2000 | n_test=2000 uniq_test=2000
mqar_answer_positions[train]: min=16 mean=16.0000 max=16 (expected 16 per sample)
mqar_answer_positions[val]: min=16 mean=16.0000 max=16 (expected 16 per sample)
mqar_answer_positions[test]: min=16 mean=16.0000 max=16 (expected 16 per sample)
experiment=archeval_mqar_easy_ms_window_ws8_o0_o4_seed44 device=cuda:0 out_dir=/home/jovyan/shares/SR008.fs2/nvidenisov/other/repos/mamba/mamba_multi_scale_get_started/outputs/ArchEval/mqar_easy_ms_window_ws8_o0_o4_seed44
mqar data: fixed_examples=True random_baseline_acc≈1/vocab=0.001953 (vocab_size=512)
--- mqar resolved config (sanity) ---
  experiment.name: archeval_mqar_easy_ms_window_ws8_o0_o4_seed44
  model.backbone: multiscale_mamba2_window_summary_lm
  model.layer_headdims: [32, 32, 32, 32]
  model.multiscale.fast_layer_headdims: —
  model.multiscale.slow_layer_headdims: [32, 32]
  model.multiscale.window_size: 8
  model.multiscale.offsets: [0, 4]
  model.multiscale.summary_mode: last
  model.multiscale.causal_mode: completed
  model.multiscale.gate_type: vector
  data.input_seq_len: 128
  data.num_kv_pairs: 16
  data.vocab_size: 512
  data.train_examples: 20000  val_examples: 2000  test_examples: 2000
  data.fixed_examples: True
  data.min_query_pos: null
  train.lr: 0.0003
  train.epochs: 20
  num_parameters_trainable: 3862912
  tags(backbone,fusion,stride): multiscale_mamba2_window_summary_lm, window_residual_gated, 
--- end resolved config ---
epoch 1/20 train loss=5.5418 acc=0.0054 em=0.0000 | val loss=5.5624 acc=0.0037 em=0.0000 | random≈0.0020
  saved best_loss.pt (val_answer_loss=5.562439)
  saved best_acc.pt (val_answer_accuracy=0.003656)
epoch 2/20 train loss=5.4574 acc=0.0185 em=0.0000 | val loss=5.5596 acc=0.0116 em=0.0000 | random≈0.0020
  saved best_loss.pt (val_answer_loss=5.559636)
  saved best_acc.pt (val_answer_accuracy=0.011594)
epoch 3/20 train loss=5.1740 acc=0.0488 em=0.0000 | val loss=5.5535 acc=0.0266 em=0.0000 | random≈0.0020
  saved best_loss.pt (val_answer_loss=5.553454)
  saved best_acc.pt (val_answer_accuracy=0.026625)
epoch 4/20 train loss=4.6712 acc=0.1107 em=0.0000 | val loss=5.5784 acc=0.0330 em=0.0000 | random≈0.0020
  saved best_acc.pt (val_answer_accuracy=0.032969)
epoch 5/20 train loss=3.9825 acc=0.2269 em=0.0000 | val loss=5.6013 acc=0.0338 em=0.0000 | random≈0.0020
  saved best_acc.pt (val_answer_accuracy=0.033813)
epoch 6/20 train loss=3.0996 acc=0.3989 em=0.0000 | val loss=5.3698 acc=0.0588 em=0.0000 | random≈0.0020
  saved best_loss.pt (val_answer_loss=5.369781)
  saved best_acc.pt (val_answer_accuracy=0.058844)
epoch 7/20 train loss=0.8324 acc=0.8571 em=0.0858 | val loss=2.2754 acc=0.4934 em=0.0000 | random≈0.0020
  saved best_loss.pt (val_answer_loss=2.275440)
  saved best_acc.pt (val_answer_accuracy=0.493406)
epoch 8/20 train loss=0.1294 acc=0.9855 em=0.7966 | val loss=0.6654 acc=0.8319 em=0.0510 | random≈0.0020
  saved best_loss.pt (val_answer_loss=0.665356)
  saved best_acc.pt (val_answer_accuracy=0.831937)
epoch 9/20 train loss=0.0374 acc=0.9991 em=0.9855 | val loss=0.3780 acc=0.8983 em=0.1740 | random≈0.0020
  saved best_loss.pt (val_answer_loss=0.378002)
  saved best_acc.pt (val_answer_accuracy=0.898281)
epoch 10/20 train loss=0.0163 acc=1.0000 em=0.9997 | val loss=0.2775 acc=0.9227 em=0.2685 | random≈0.0020
  saved best_loss.pt (val_answer_loss=0.277456)
  saved best_acc.pt (val_answer_accuracy=0.922687)
epoch 11/20 train loss=0.0106 acc=1.0000 em=1.0000 | val loss=0.2461 acc=0.9293 em=0.3010 | random≈0.0020
  saved best_loss.pt (val_answer_loss=0.246149)
  saved best_acc.pt (val_answer_accuracy=0.929281)
epoch 12/20 train loss=0.0077 acc=1.0000 em=1.0000 | val loss=0.2241 acc=0.9347 em=0.3365 | random≈0.0020
  saved best_loss.pt (val_answer_loss=0.224087)
  saved best_acc.pt (val_answer_accuracy=0.934719)
epoch 13/20 train loss=0.0059 acc=1.0000 em=1.0000 | val loss=0.2031 acc=0.9398 em=0.3710 | random≈0.0020
  saved best_loss.pt (val_answer_loss=0.203124)
  saved best_acc.pt (val_answer_accuracy=0.939844)
epoch 14/20 train loss=0.0046 acc=1.0000 em=1.0000 | val loss=0.1876 acc=0.9440 em=0.3910 | random≈0.0020
  saved best_loss.pt (val_answer_loss=0.187617)
  saved best_acc.pt (val_answer_accuracy=0.944031)
epoch 15/20 train loss=0.0038 acc=1.0000 em=1.0000 | val loss=0.1753 acc=0.9475 em=0.4195 | random≈0.0020
  saved best_loss.pt (val_answer_loss=0.175316)
  saved best_acc.pt (val_answer_accuracy=0.947469)
epoch 16/20 train loss=0.0032 acc=1.0000 em=1.0000 | val loss=0.1669 acc=0.9502 em=0.4420 | random≈0.0020
  saved best_loss.pt (val_answer_loss=0.166854)
  saved best_acc.pt (val_answer_accuracy=0.950156)
epoch 17/20 train loss=0.0027 acc=1.0000 em=1.0000 | val loss=0.1602 acc=0.9520 em=0.4545 | random≈0.0020
  saved best_loss.pt (val_answer_loss=0.160195)
  saved best_acc.pt (val_answer_accuracy=0.951969)
epoch 18/20 train loss=0.0023 acc=1.0000 em=1.0000 | val loss=0.1555 acc=0.9533 em=0.4690 | random≈0.0020
  saved best_loss.pt (val_answer_loss=0.155457)
  saved best_acc.pt (val_answer_accuracy=0.953281)
epoch 19/20 train loss=0.0020 acc=1.0000 em=1.0000 | val loss=0.1503 acc=0.9546 em=0.4790 | random≈0.0020
  saved best_loss.pt (val_answer_loss=0.150288)
  saved best_acc.pt (val_answer_accuracy=0.954562)
epoch 20/20 train loss=0.0018 acc=1.0000 em=1.0000 | val loss=0.1482 acc=0.9549 em=0.4815 | random≈0.0020
  saved best_loss.pt (val_answer_loss=0.148220)
  saved best_acc.pt (val_answer_accuracy=0.954937)
test [best_loss_ckpt] loss=0.150367 acc=0.953438 em=0.468000
test [best_acc_ckpt]  loss=0.150367 acc=0.953438 em=0.468000 random_baseline≈0.001953
done. meta_metrics → /home/jovyan/shares/SR008.fs2/nvidenisov/other/repos/mamba/mamba_multi_scale_get_started/outputs/ArchEval/mqar_easy_ms_window_ws8_o0_o4_seed44/meta_metrics.csv
