mqar_split_hashes: n_train=20000 uniq_train=20000 | n_val=2000 uniq_val=2000 | n_test=2000 uniq_test=2000
mqar_answer_positions[train]: min=16 mean=16.0000 max=16 (expected 16 per sample)
mqar_answer_positions[val]: min=16 mean=16.0000 max=16 (expected 16 per sample)
mqar_answer_positions[test]: min=16 mean=16.0000 max=16 (expected 16 per sample)
experiment=archeval_mqar_trans768_mamba2_split_ts_slow_veryslow_seed42 device=cuda:0 out_dir=/home/jovyan/shares/SR008.fs2/nvidenisov/other/repos/mamba/mamba_multi_scale_get_started/outputs/ArchEval/mqar_trans768_mamba2_split_ts_slow_veryslow_seed42
mqar data: fixed_examples=True random_baseline_acc≈1/vocab=0.001302 (vocab_size=768)
--- mqar resolved config (sanity) ---
  experiment.name: archeval_mqar_trans768_mamba2_split_ts_slow_veryslow_seed42
  model.backbone: mamba2_lm
  model.layer_headdims: [32, 32, 32, 32]
  model.multiscale.fast_layer_headdims: —
  model.multiscale.slow_layer_headdims: —
  model.multiscale.window_size: —
  model.multiscale.offsets: —
  model.multiscale.summary_mode: —
  model.multiscale.causal_mode: —
  model.multiscale.gate_type: —
  data.input_seq_len: 128
  data.num_kv_pairs: 16
  data.vocab_size: 768
  data.train_examples: 20000  val_examples: 2000  test_examples: 2000
  data.fixed_examples: True
  data.min_query_pos: null
  train.lr: 0.0003
  train.epochs: 20
  num_parameters_trainable: 2063040
  tags(backbone,fusion,stride): mamba2_lm, , 
--- end resolved config ---
epoch 1/20 train loss=5.9554 acc=0.0034 em=0.0000 | val loss=5.9685 acc=0.0027 em=0.0000 | random≈0.0013
  saved best_loss.pt (val_answer_loss=5.968454)
  saved best_acc.pt (val_answer_accuracy=0.002687)
epoch 2/20 train loss=5.9117 acc=0.0136 em=0.0000 | val loss=5.9486 acc=0.0117 em=0.0000 | random≈0.0013
  saved best_loss.pt (val_answer_loss=5.948568)
  saved best_acc.pt (val_answer_accuracy=0.011656)
epoch 3/20 train loss=5.6810 acc=0.0510 em=0.0000 | val loss=5.8201 acc=0.0451 em=0.0000 | random≈0.0013
  saved best_loss.pt (val_answer_loss=5.820079)
  saved best_acc.pt (val_answer_accuracy=0.045094)
epoch 4/20 train loss=4.8887 acc=0.1740 em=0.0000 | val loss=5.1615 acc=0.1462 em=0.0000 | random≈0.0013
  saved best_loss.pt (val_answer_loss=5.161536)
  saved best_acc.pt (val_answer_accuracy=0.146187)
epoch 5/20 train loss=1.7391 acc=0.6948 em=0.0013 | val loss=1.9295 acc=0.6506 em=0.0000 | random≈0.0013
  saved best_loss.pt (val_answer_loss=1.929543)
  saved best_acc.pt (val_answer_accuracy=0.650594)
epoch 6/20 train loss=0.2863 acc=0.9653 em=0.5705 | val loss=0.3888 acc=0.9354 em=0.3370 | random≈0.0013
  saved best_loss.pt (val_answer_loss=0.388760)
  saved best_acc.pt (val_answer_accuracy=0.935375)
epoch 7/20 train loss=0.0695 acc=0.9949 em=0.9230 | val loss=0.1261 acc=0.9787 em=0.7135 | random≈0.0013
  saved best_loss.pt (val_answer_loss=0.126111)
  saved best_acc.pt (val_answer_accuracy=0.978688)
epoch 8/20 train loss=0.0251 acc=0.9995 em=0.9928 | val loss=0.0643 acc=0.9892 em=0.8395 | random≈0.0013
  saved best_loss.pt (val_answer_loss=0.064262)
  saved best_acc.pt (val_answer_accuracy=0.989219)
epoch 9/20 train loss=0.0120 acc=1.0000 em=0.9998 | val loss=0.0422 acc=0.9932 em=0.8970 | random≈0.0013
  saved best_loss.pt (val_answer_loss=0.042154)
  saved best_acc.pt (val_answer_accuracy=0.993188)
epoch 10/20 train loss=0.0074 acc=1.0000 em=1.0000 | val loss=0.0335 acc=0.9938 em=0.9040 | random≈0.0013
  saved best_loss.pt (val_answer_loss=0.033529)
  saved best_acc.pt (val_answer_accuracy=0.993750)
epoch 11/20 train loss=0.0054 acc=1.0000 em=1.0000 | val loss=0.0290 acc=0.9942 em=0.9100 | random≈0.0013
  saved best_loss.pt (val_answer_loss=0.029018)
  saved best_acc.pt (val_answer_accuracy=0.994250)
epoch 12/20 train loss=0.0042 acc=1.0000 em=1.0000 | val loss=0.0256 acc=0.9948 em=0.9195 | random≈0.0013
  saved best_loss.pt (val_answer_loss=0.025600)
  saved best_acc.pt (val_answer_accuracy=0.994844)
epoch 13/20 train loss=0.0034 acc=1.0000 em=1.0000 | val loss=0.0237 acc=0.9949 em=0.9205 | random≈0.0013
  saved best_loss.pt (val_answer_loss=0.023675)
epoch 14/20 train loss=0.0027 acc=1.0000 em=1.0000 | val loss=0.0218 acc=0.9950 em=0.9220 | random≈0.0013
  saved best_loss.pt (val_answer_loss=0.021792)
  saved best_acc.pt (val_answer_accuracy=0.995000)
epoch 15/20 train loss=0.0023 acc=1.0000 em=1.0000 | val loss=0.0204 acc=0.9953 em=0.9260 | random≈0.0013
  saved best_loss.pt (val_answer_loss=0.020367)
  saved best_acc.pt (val_answer_accuracy=0.995281)
epoch 16/20 train loss=0.0019 acc=1.0000 em=1.0000 | val loss=0.0193 acc=0.9955 em=0.9305 | random≈0.0013
  saved best_loss.pt (val_answer_loss=0.019321)
  saved best_acc.pt (val_answer_accuracy=0.995531)
epoch 17/20 train loss=0.0016 acc=1.0000 em=1.0000 | val loss=0.0182 acc=0.9958 em=0.9325 | random≈0.0013
  saved best_loss.pt (val_answer_loss=0.018198)
  saved best_acc.pt (val_answer_accuracy=0.995750)
epoch 18/20 train loss=0.0014 acc=1.0000 em=1.0000 | val loss=0.0172 acc=0.9957 em=0.9330 | random≈0.0013
  saved best_loss.pt (val_answer_loss=0.017246)
epoch 19/20 train loss=0.0012 acc=1.0000 em=1.0000 | val loss=0.0165 acc=0.9961 em=0.9390 | random≈0.0013
  saved best_loss.pt (val_answer_loss=0.016499)
  saved best_acc.pt (val_answer_accuracy=0.996062)
epoch 20/20 train loss=0.0011 acc=1.0000 em=1.0000 | val loss=0.0157 acc=0.9962 em=0.9395 | random≈0.0013
  saved best_loss.pt (val_answer_loss=0.015703)
test [best_loss_ckpt] loss=0.014387 acc=0.996437 em=0.945500
test [best_acc_ckpt]  loss=0.015123 acc=0.996250 em=0.943000 random_baseline≈0.001302
done. meta_metrics → /home/jovyan/shares/SR008.fs2/nvidenisov/other/repos/mamba/mamba_multi_scale_get_started/outputs/ArchEval/mqar_trans768_mamba2_split_ts_slow_veryslow_seed42/meta_metrics.csv
