mqar_split_hashes: n_train=20000 uniq_train=20000 | n_val=2000 uniq_val=2000 | n_test=2000 uniq_test=2000
mqar_answer_positions[train]: min=16 mean=16.0000 max=16 (expected 16 per sample)
mqar_answer_positions[val]: min=16 mean=16.0000 max=16 (expected 16 per sample)
mqar_answer_positions[test]: min=16 mean=16.0000 max=16 (expected 16 per sample)
experiment=archeval_mqar_trans768_transformer_param_match_seed49 device=cuda:0 out_dir=/home/jovyan/shares/SR008.fs2/nvidenisov/other/repos/mamba/mamba_multi_scale_get_started/outputs/ArchEval/mqar_trans768_transformer_param_match_seed49
mqar data: fixed_examples=True random_baseline_acc≈1/vocab=0.001302 (vocab_size=768)
--- mqar resolved config (sanity) ---
  experiment.name: archeval_mqar_trans768_transformer_param_match_seed49
  model.backbone: transformer_lm
  model.layer_headdims: —
  model.multiscale.fast_layer_headdims: —
  model.multiscale.slow_layer_headdims: —
  model.multiscale.window_size: —
  model.multiscale.offsets: —
  model.multiscale.summary_mode: —
  model.multiscale.causal_mode: —
  model.multiscale.gate_type: —
  data.input_seq_len: 128
  data.num_kv_pairs: 16
  data.vocab_size: 768
  data.train_examples: 20000  val_examples: 2000  test_examples: 2000
  data.fixed_examples: True
  data.min_query_pos: null
  train.lr: 0.0003
  train.epochs: 20
  num_parameters_trainable: 3190768
  tags(backbone,fusion,stride): transformer_lm, , 
--- end resolved config ---
epoch 1/20 train loss=5.9631 acc=0.0028 em=0.0000 | val loss=5.9665 acc=0.0024 em=0.0000 | random≈0.0013
  saved best_loss.pt (val_answer_loss=5.966507)
  saved best_acc.pt (val_answer_accuracy=0.002437)
epoch 2/20 train loss=5.9561 acc=0.0029 em=0.0000 | val loss=5.9593 acc=0.0021 em=0.0000 | random≈0.0013
  saved best_loss.pt (val_answer_loss=5.959313)
epoch 3/20 train loss=5.7502 acc=0.0486 em=0.0000 | val loss=5.7991 acc=0.0452 em=0.0000 | random≈0.0013
  saved best_loss.pt (val_answer_loss=5.799112)
  saved best_acc.pt (val_answer_accuracy=0.045219)
epoch 4/20 train loss=4.9191 acc=0.0846 em=0.0000 | val loss=5.0412 acc=0.0734 em=0.0000 | random≈0.0013
  saved best_loss.pt (val_answer_loss=5.041206)
  saved best_acc.pt (val_answer_accuracy=0.073375)
epoch 5/20 train loss=4.3858 acc=0.0954 em=0.0000 | val loss=4.5781 acc=0.0768 em=0.0000 | random≈0.0013
  saved best_loss.pt (val_answer_loss=4.578146)
  saved best_acc.pt (val_answer_accuracy=0.076844)
epoch 6/20 train loss=4.0149 acc=0.1034 em=0.0000 | val loss=4.2803 acc=0.0744 em=0.0000 | random≈0.0013
  saved best_loss.pt (val_answer_loss=4.280329)
epoch 7/20 train loss=3.7570 acc=0.1129 em=0.0000 | val loss=4.0951 acc=0.0776 em=0.0000 | random≈0.0013
  saved best_loss.pt (val_answer_loss=4.095079)
  saved best_acc.pt (val_answer_accuracy=0.077563)
epoch 8/20 train loss=3.5629 acc=0.1221 em=0.0000 | val loss=3.9670 acc=0.0795 em=0.0000 | random≈0.0013
  saved best_loss.pt (val_answer_loss=3.966957)
  saved best_acc.pt (val_answer_accuracy=0.079531)
epoch 9/20 train loss=3.2826 acc=0.1650 em=0.0000 | val loss=3.7634 acc=0.1000 em=0.0000 | random≈0.0013
  saved best_loss.pt (val_answer_loss=3.763371)
  saved best_acc.pt (val_answer_accuracy=0.100000)
epoch 10/20 train loss=0.0021 acc=1.0000 em=0.9993 | val loss=0.0024 acc=0.9999 em=0.9990 | random≈0.0013
  saved best_loss.pt (val_answer_loss=0.002410)
  saved best_acc.pt (val_answer_accuracy=0.999938)
epoch 11/20 train loss=0.0005 acc=1.0000 em=1.0000 | val loss=0.0005 acc=1.0000 em=1.0000 | random≈0.0013
  saved best_loss.pt (val_answer_loss=0.000528)
epoch 12/20 train loss=0.0003 acc=1.0000 em=1.0000 | val loss=0.0003 acc=1.0000 em=1.0000 | random≈0.0013
  saved best_loss.pt (val_answer_loss=0.000279)
epoch 13/20 train loss=0.0002 acc=1.0000 em=1.0000 | val loss=0.0002 acc=1.0000 em=1.0000 | random≈0.0013
epoch 14/20 train loss=0.0001 acc=1.0000 em=1.0000 | val loss=0.0001 acc=1.0000 em=1.0000 | random≈0.0013
  saved best_loss.pt (val_answer_loss=0.000131)
epoch 15/20 train loss=0.0001 acc=1.0000 em=1.0000 | val loss=0.0001 acc=1.0000 em=1.0000 | random≈0.0013
epoch 16/20 train loss=0.0001 acc=1.0000 em=1.0000 | val loss=0.0001 acc=1.0000 em=1.0000 | random≈0.0013
epoch 17/20 train loss=0.0001 acc=1.0000 em=1.0000 | val loss=0.0001 acc=1.0000 em=1.0000 | random≈0.0013
epoch 18/20 train loss=0.0001 acc=1.0000 em=1.0000 | val loss=0.0001 acc=1.0000 em=1.0000 | random≈0.0013
early stopping at epoch 18: val answer_loss did not improve by min_delta=0.0001 for 4 epochs
test [best_loss_ckpt] loss=0.000130 acc=1.000000 em=1.000000
test [best_acc_ckpt]  loss=0.002237 acc=1.000000 em=1.000000 random_baseline≈0.001302
done. meta_metrics → /home/jovyan/shares/SR008.fs2/nvidenisov/other/repos/mamba/mamba_multi_scale_get_started/outputs/ArchEval/mqar_trans768_transformer_param_match_seed49/meta_metrics.csv
