mqar_split_hashes: n_train=20000 uniq_train=20000 | n_val=2000 uniq_val=2000 | n_test=2000 uniq_test=2000
mqar_answer_positions[train]: min=16 mean=16.0000 max=16 (expected 16 per sample)
mqar_answer_positions[val]: min=16 mean=16.0000 max=16 (expected 16 per sample)
mqar_answer_positions[test]: min=16 mean=16.0000 max=16 (expected 16 per sample)
experiment=archeval_mqar_easy_mamba2_split_ts_50_50_seed42 device=cuda:0 out_dir=/home/jovyan/shares/SR008.fs2/nvidenisov/other/repos/mamba/mamba_multi_scale_get_started/outputs/ArchEval/mqar_easy_mamba2_split_ts_50_50_seed42
mqar data: fixed_examples=True random_baseline_acc≈1/vocab=0.001953 (vocab_size=512)
--- mqar resolved config (sanity) ---
  experiment.name: archeval_mqar_easy_mamba2_split_ts_50_50_seed42
  model.backbone: mamba2_lm
  model.layer_headdims: [32, 32, 32, 32]
  model.multiscale.fast_layer_headdims: —
  model.multiscale.slow_layer_headdims: —
  model.multiscale.window_size: —
  model.multiscale.offsets: —
  model.multiscale.summary_mode: —
  model.multiscale.causal_mode: —
  model.multiscale.gate_type: —
  data.input_seq_len: 128
  data.num_kv_pairs: 16
  data.vocab_size: 512
  data.train_examples: 20000  val_examples: 2000  test_examples: 2000
  data.fixed_examples: True
  data.min_query_pos: null
  train.lr: 0.0003
  train.epochs: 20
  num_parameters_trainable: 1931712
  tags(backbone,fusion,stride): mamba2_lm, , 
--- end resolved config ---
epoch 1/20 train loss=5.5499 acc=0.0048 em=0.0000 | val loss=5.5619 acc=0.0036 em=0.0000 | random≈0.0020
  saved best_loss.pt (val_answer_loss=5.561854)
  saved best_acc.pt (val_answer_accuracy=0.003625)
epoch 2/20 train loss=5.4543 acc=0.0355 em=0.0000 | val loss=5.5018 acc=0.0339 em=0.0000 | random≈0.0020
  saved best_loss.pt (val_answer_loss=5.501833)
  saved best_acc.pt (val_answer_accuracy=0.033906)
epoch 3/20 train loss=5.1299 acc=0.0662 em=0.0000 | val loss=5.2581 acc=0.0571 em=0.0000 | random≈0.0020
  saved best_loss.pt (val_answer_loss=5.258125)
  saved best_acc.pt (val_answer_accuracy=0.057094)
epoch 4/20 train loss=3.7239 acc=0.2991 em=0.0000 | val loss=3.9097 acc=0.2694 em=0.0000 | random≈0.0020
  saved best_loss.pt (val_answer_loss=3.909695)
  saved best_acc.pt (val_answer_accuracy=0.269437)
epoch 5/20 train loss=0.5405 acc=0.9111 em=0.2246 | val loss=0.6372 acc=0.8813 em=0.1255 | random≈0.0020
  saved best_loss.pt (val_answer_loss=0.637237)
  saved best_acc.pt (val_answer_accuracy=0.881344)
epoch 6/20 train loss=0.0614 acc=0.9954 em=0.9291 | val loss=0.0938 acc=0.9864 em=0.8020 | random≈0.0020
  saved best_loss.pt (val_answer_loss=0.093848)
  saved best_acc.pt (val_answer_accuracy=0.986437)
epoch 7/20 train loss=0.0165 acc=0.9999 em=0.9977 | val loss=0.0340 acc=0.9960 em=0.9370 | random≈0.0020
  saved best_loss.pt (val_answer_loss=0.033998)
  saved best_acc.pt (val_answer_accuracy=0.996000)
epoch 8/20 train loss=0.0078 acc=1.0000 em=1.0000 | val loss=0.0203 acc=0.9974 em=0.9585 | random≈0.0020
  saved best_loss.pt (val_answer_loss=0.020303)
  saved best_acc.pt (val_answer_accuracy=0.997375)
epoch 9/20 train loss=0.0051 acc=1.0000 em=1.0000 | val loss=0.0152 acc=0.9979 em=0.9665 | random≈0.0020
  saved best_loss.pt (val_answer_loss=0.015150)
  saved best_acc.pt (val_answer_accuracy=0.997906)
epoch 10/20 train loss=0.0038 acc=1.0000 em=1.0000 | val loss=0.0125 acc=0.9981 em=0.9705 | random≈0.0020
  saved best_loss.pt (val_answer_loss=0.012538)
  saved best_acc.pt (val_answer_accuracy=0.998125)
epoch 11/20 train loss=0.0029 acc=1.0000 em=1.0000 | val loss=0.0105 acc=0.9984 em=0.9750 | random≈0.0020
  saved best_loss.pt (val_answer_loss=0.010450)
  saved best_acc.pt (val_answer_accuracy=0.998406)
epoch 12/20 train loss=0.0023 acc=1.0000 em=1.0000 | val loss=0.0092 acc=0.9987 em=0.9795 | random≈0.0020
  saved best_loss.pt (val_answer_loss=0.009153)
  saved best_acc.pt (val_answer_accuracy=0.998687)
epoch 13/20 train loss=0.0019 acc=1.0000 em=1.0000 | val loss=0.0082 acc=0.9988 em=0.9815 | random≈0.0020
  saved best_loss.pt (val_answer_loss=0.008204)
  saved best_acc.pt (val_answer_accuracy=0.998812)
epoch 14/20 train loss=0.0016 acc=1.0000 em=1.0000 | val loss=0.0072 acc=0.9990 em=0.9845 | random≈0.0020
  saved best_loss.pt (val_answer_loss=0.007207)
  saved best_acc.pt (val_answer_accuracy=0.999000)
epoch 15/20 train loss=0.0013 acc=1.0000 em=1.0000 | val loss=0.0066 acc=0.9989 em=0.9825 | random≈0.0020
  saved best_loss.pt (val_answer_loss=0.006609)
epoch 16/20 train loss=0.0011 acc=1.0000 em=1.0000 | val loss=0.0060 acc=0.9991 em=0.9860 | random≈0.0020
  saved best_loss.pt (val_answer_loss=0.006009)
epoch 17/20 train loss=0.0010 acc=1.0000 em=1.0000 | val loss=0.0055 acc=0.9992 em=0.9870 | random≈0.0020
  saved best_loss.pt (val_answer_loss=0.005484)
  saved best_acc.pt (val_answer_accuracy=0.999156)
epoch 18/20 train loss=0.0008 acc=1.0000 em=1.0000 | val loss=0.0050 acc=0.9992 em=0.9875 | random≈0.0020
  saved best_loss.pt (val_answer_loss=0.005011)
epoch 19/20 train loss=0.0007 acc=1.0000 em=1.0000 | val loss=0.0046 acc=0.9992 em=0.9875 | random≈0.0020
  saved best_loss.pt (val_answer_loss=0.004650)
epoch 20/20 train loss=0.0007 acc=1.0000 em=1.0000 | val loss=0.0044 acc=0.9993 em=0.9890 | random≈0.0020
  saved best_loss.pt (val_answer_loss=0.004409)
  saved best_acc.pt (val_answer_accuracy=0.999281)
test [best_loss_ckpt] loss=0.005245 acc=0.999000 em=0.984000
test [best_acc_ckpt]  loss=0.005245 acc=0.999000 em=0.984000 random_baseline≈0.001953
done. meta_metrics → /home/jovyan/shares/SR008.fs2/nvidenisov/other/repos/mamba/mamba_multi_scale_get_started/outputs/ArchEval/mqar_easy_mamba2_split_ts_50_50_seed42/meta_metrics.csv
