mqar_split_hashes: n_train=20000 uniq_train=20000 | n_val=2000 uniq_val=2000 | n_test=2000 uniq_test=2000
mqar_answer_positions[train]: min=16 mean=16.0000 max=16 (expected 16 per sample)
mqar_answer_positions[val]: min=16 mean=16.0000 max=16 (expected 16 per sample)
mqar_answer_positions[test]: min=16 mean=16.0000 max=16 (expected 16 per sample)
experiment=mqar_fail_transformer_param_match_v2048_seed42 device=cuda:0 out_dir=/home/jovyan/shares/SR008.fs2/nvidenisov/other/repos/mamba/mamba_multi_scale_get_started/outputs/MQARFailureSweep/mqar_fail_transformer_param_match_v2048_seed42
mqar data: fixed_examples=True random_baseline_acc≈1/vocab=0.000488 (vocab_size=2048)
--- mqar resolved config (sanity) ---
  experiment.name: mqar_fail_transformer_param_match_v2048_seed42
  model.backbone: transformer_lm
  model.layer_headdims: —
  model.multiscale.fast_layer_headdims: —
  model.multiscale.slow_layer_headdims: —
  model.multiscale.window_size: —
  model.multiscale.offsets: —
  model.multiscale.summary_mode: —
  model.multiscale.causal_mode: —
  model.multiscale.gate_type: —
  data.input_seq_len: 128
  data.num_kv_pairs: 16
  data.vocab_size: 2048
  data.train_examples: 20000  val_examples: 2000  test_examples: 2000
  data.fixed_examples: True
  data.min_query_pos: null
  train.lr: 0.0003
  train.epochs: 20
  num_parameters_trainable: 3785968
  tags(backbone,fusion,stride): transformer_lm, , 
--- end resolved config ---
epoch 1/20 train loss=6.9475 acc=0.0011 em=0.0000 | val loss=6.9543 acc=0.0008 em=0.0000 | random≈0.0005
  saved best_loss.pt (val_answer_loss=6.954328)
  saved best_acc.pt (val_answer_accuracy=0.000750)
epoch 2/20 train loss=6.9417 acc=0.0011 em=0.0000 | val loss=6.9494 acc=0.0011 em=0.0000 | random≈0.0005
  saved best_loss.pt (val_answer_loss=6.949358)
  saved best_acc.pt (val_answer_accuracy=0.001094)
epoch 3/20 train loss=6.9376 acc=0.0013 em=0.0000 | val loss=6.9480 acc=0.0011 em=0.0000 | random≈0.0005
  saved best_loss.pt (val_answer_loss=6.947960)
epoch 4/20 train loss=6.8877 acc=0.0036 em=0.0000 | val loss=6.9332 acc=0.0027 em=0.0000 | random≈0.0005
  saved best_loss.pt (val_answer_loss=6.933220)
  saved best_acc.pt (val_answer_accuracy=0.002719)
epoch 5/20 train loss=6.3450 acc=0.0644 em=0.0000 | val loss=6.4902 acc=0.0559 em=0.0000 | random≈0.0005
  saved best_loss.pt (val_answer_loss=6.490194)
  saved best_acc.pt (val_answer_accuracy=0.055938)
epoch 6/20 train loss=5.7983 acc=0.0850 em=0.0000 | val loss=6.0338 acc=0.0707 em=0.0000 | random≈0.0005
  saved best_loss.pt (val_answer_loss=6.033778)
  saved best_acc.pt (val_answer_accuracy=0.070719)
epoch 7/20 train loss=5.3499 acc=0.0975 em=0.0000 | val loss=5.6835 acc=0.0745 em=0.0000 | random≈0.0005
  saved best_loss.pt (val_answer_loss=5.683543)
  saved best_acc.pt (val_answer_accuracy=0.074469)
epoch 8/20 train loss=4.9659 acc=0.1078 em=0.0000 | val loss=5.4070 acc=0.0752 em=0.0000 | random≈0.0005
  saved best_loss.pt (val_answer_loss=5.407017)
  saved best_acc.pt (val_answer_accuracy=0.075250)
epoch 9/20 train loss=4.6386 acc=0.1192 em=0.0000 | val loss=5.1861 acc=0.0768 em=0.0000 | random≈0.0005
  saved best_loss.pt (val_answer_loss=5.186074)
  saved best_acc.pt (val_answer_accuracy=0.076844)
epoch 10/20 train loss=4.3382 acc=0.1353 em=0.0000 | val loss=5.0038 acc=0.0797 em=0.0000 | random≈0.0005
  saved best_loss.pt (val_answer_loss=5.003828)
  saved best_acc.pt (val_answer_accuracy=0.079687)
epoch 11/20 train loss=2.2294 acc=0.5650 em=0.0001 | val loss=2.7852 acc=0.4717 em=0.0000 | random≈0.0005
  saved best_loss.pt (val_answer_loss=2.785210)
  saved best_acc.pt (val_answer_accuracy=0.471719)
epoch 12/20 train loss=0.0038 acc=1.0000 em=0.9992 | val loss=0.0046 acc=0.9999 em=0.9990 | random≈0.0005
  saved best_loss.pt (val_answer_loss=0.004604)
  saved best_acc.pt (val_answer_accuracy=0.999938)
epoch 13/20 train loss=0.0012 acc=1.0000 em=0.9999 | val loss=0.0014 acc=1.0000 em=1.0000 | random≈0.0005
  saved best_loss.pt (val_answer_loss=0.001362)
epoch 14/20 train loss=0.0006 acc=1.0000 em=1.0000 | val loss=0.0007 acc=1.0000 em=1.0000 | random≈0.0005
  saved best_loss.pt (val_answer_loss=0.000715)
epoch 15/20 train loss=0.0004 acc=1.0000 em=1.0000 | val loss=0.0005 acc=1.0000 em=1.0000 | random≈0.0005
  saved best_loss.pt (val_answer_loss=0.000464)
epoch 16/20 train loss=0.0003 acc=1.0000 em=1.0000 | val loss=0.0003 acc=1.0000 em=1.0000 | random≈0.0005
  saved best_loss.pt (val_answer_loss=0.000342)
epoch 17/20 train loss=0.0002 acc=1.0000 em=1.0000 | val loss=0.0002 acc=1.0000 em=1.0000 | random≈0.0005
epoch 18/20 train loss=0.0002 acc=1.0000 em=1.0000 | val loss=0.0002 acc=1.0000 em=1.0000 | random≈0.0005
  saved best_loss.pt (val_answer_loss=0.000193)
epoch 19/20 train loss=0.0001 acc=1.0000 em=1.0000 | val loss=0.0002 acc=1.0000 em=1.0000 | random≈0.0005
epoch 20/20 train loss=0.0001 acc=1.0000 em=1.0000 | val loss=0.0001 acc=1.0000 em=1.0000 | random≈0.0005
test [best_loss_ckpt] loss=0.000193 acc=1.000000 em=1.000000
test [best_acc_ckpt]  loss=0.004355 acc=0.999969 em=0.999500 random_baseline≈0.000488
done. meta_metrics → /home/jovyan/shares/SR008.fs2/nvidenisov/other/repos/mamba/mamba_multi_scale_get_started/outputs/MQARFailureSweep/mqar_fail_transformer_param_match_v2048_seed42/meta_metrics.csv
