mqar_split_hashes: n_train=20000 uniq_train=20000 | n_val=2000 uniq_val=2000 | n_test=2000 uniq_test=2000
mqar_answer_positions[train]: min=16 mean=16.0000 max=16 (expected 16 per sample)
mqar_answer_positions[val]: min=16 mean=16.0000 max=16 (expected 16 per sample)
mqar_answer_positions[test]: min=16 mean=16.0000 max=16 (expected 16 per sample)
experiment=mqar_fail_ms_gated_right_init_v896_seed45 device=cuda:0 out_dir=/home/jovyan/shares/SR008.fs2/nvidenisov/other/repos/mamba/mamba_multi_scale_get_started/outputs/MQARFailureSweep/mqar_fail_ms_gated_right_init_v896_seed45
mqar data: fixed_examples=True random_baseline_acc≈1/vocab=0.001116 (vocab_size=896)
--- mqar resolved config (sanity) ---
  experiment.name: mqar_fail_ms_gated_right_init_v896_seed45
  model.backbone: multiscale_mamba2_lm
  model.layer_headdims: [32, 32, 32, 32]
  model.multiscale.fast_layer_headdims: [32, 32, 32, 32]
  model.multiscale.slow_layer_headdims: [32, 32]
  model.multiscale.window_size: —
  model.multiscale.offsets: —
  model.multiscale.summary_mode: —
  model.multiscale.causal_mode: —
  model.multiscale.gate_type: —
  data.input_seq_len: 128
  data.num_kv_pairs: 16
  data.vocab_size: 896
  data.train_examples: 20000  val_examples: 2000  test_examples: 2000
  data.fixed_examples: True
  data.min_query_pos: null
  train.lr: 0.0003
  train.epochs: 20
  num_parameters_trainable: 3095328
  tags(backbone,fusion,stride): multiscale_mamba2_lm, gated, 2
--- end resolved config ---
epoch 1/20 train loss=6.1095 acc=0.0031 em=0.0000 | val loss=6.1220 acc=0.0022 em=0.0000 | random≈0.0011
  saved best_loss.pt (val_answer_loss=6.121961)
  saved best_acc.pt (val_answer_accuracy=0.002156)
epoch 2/20 train loss=6.0798 acc=0.0064 em=0.0000 | val loss=6.1210 acc=0.0046 em=0.0000 | random≈0.0011
  saved best_loss.pt (val_answer_loss=6.121044)
  saved best_acc.pt (val_answer_accuracy=0.004594)
epoch 3/20 train loss=5.9295 acc=0.0289 em=0.0000 | val loss=6.0971 acc=0.0209 em=0.0000 | random≈0.0011
  saved best_loss.pt (val_answer_loss=6.097081)
  saved best_acc.pt (val_answer_accuracy=0.020875)
epoch 4/20 train loss=5.5218 acc=0.0795 em=0.0000 | val loss=5.9620 acc=0.0552 em=0.0000 | random≈0.0011
  saved best_loss.pt (val_answer_loss=5.961979)
  saved best_acc.pt (val_answer_accuracy=0.055188)
epoch 5/20 train loss=4.2418 acc=0.2781 em=0.0000 | val loss=4.8190 acc=0.2116 em=0.0000 | random≈0.0011
  saved best_loss.pt (val_answer_loss=4.819003)
  saved best_acc.pt (val_answer_accuracy=0.211562)
epoch 6/20 train loss=1.0058 acc=0.8689 em=0.0971 | val loss=1.2954 acc=0.8033 em=0.0210 | random≈0.0011
  saved best_loss.pt (val_answer_loss=1.295441)
  saved best_acc.pt (val_answer_accuracy=0.803312)
epoch 7/20 train loss=0.1247 acc=0.9914 em=0.8719 | val loss=0.2103 acc=0.9749 em=0.6695 | random≈0.0011
  saved best_loss.pt (val_answer_loss=0.210311)
  saved best_acc.pt (val_answer_accuracy=0.974906)
epoch 8/20 train loss=0.0331 acc=0.9993 em=0.9891 | val loss=0.0796 acc=0.9893 em=0.8430 | random≈0.0011
  saved best_loss.pt (val_answer_loss=0.079572)
  saved best_acc.pt (val_answer_accuracy=0.989281)
epoch 9/20 train loss=0.0145 acc=1.0000 em=0.9999 | val loss=0.0460 acc=0.9934 em=0.9010 | random≈0.0011
  saved best_loss.pt (val_answer_loss=0.046038)
  saved best_acc.pt (val_answer_accuracy=0.993437)
epoch 10/20 train loss=0.0086 acc=1.0000 em=1.0000 | val loss=0.0323 acc=0.9953 em=0.9295 | random≈0.0011
  saved best_loss.pt (val_answer_loss=0.032336)
  saved best_acc.pt (val_answer_accuracy=0.995344)
epoch 11/20 train loss=0.0061 acc=1.0000 em=1.0000 | val loss=0.0264 acc=0.9960 em=0.9380 | random≈0.0011
  saved best_loss.pt (val_answer_loss=0.026410)
  saved best_acc.pt (val_answer_accuracy=0.995969)
epoch 12/20 train loss=0.0047 acc=1.0000 em=1.0000 | val loss=0.0225 acc=0.9964 em=0.9455 | random≈0.0011
  saved best_loss.pt (val_answer_loss=0.022460)
  saved best_acc.pt (val_answer_accuracy=0.996406)
epoch 13/20 train loss=0.0037 acc=1.0000 em=1.0000 | val loss=0.0193 acc=0.9967 em=0.9495 | random≈0.0011
  saved best_loss.pt (val_answer_loss=0.019308)
  saved best_acc.pt (val_answer_accuracy=0.996719)
epoch 14/20 train loss=0.0030 acc=1.0000 em=1.0000 | val loss=0.0174 acc=0.9969 em=0.9515 | random≈0.0011
  saved best_loss.pt (val_answer_loss=0.017389)
  saved best_acc.pt (val_answer_accuracy=0.996875)
epoch 15/20 train loss=0.0025 acc=1.0000 em=1.0000 | val loss=0.0157 acc=0.9970 em=0.9535 | random≈0.0011
  saved best_loss.pt (val_answer_loss=0.015747)
  saved best_acc.pt (val_answer_accuracy=0.997000)
epoch 16/20 train loss=0.0021 acc=1.0000 em=1.0000 | val loss=0.0144 acc=0.9972 em=0.9570 | random≈0.0011
  saved best_loss.pt (val_answer_loss=0.014386)
  saved best_acc.pt (val_answer_accuracy=0.997219)
epoch 17/20 train loss=0.0018 acc=1.0000 em=1.0000 | val loss=0.0134 acc=0.9974 em=0.9605 | random≈0.0011
  saved best_loss.pt (val_answer_loss=0.013412)
  saved best_acc.pt (val_answer_accuracy=0.997437)
epoch 18/20 train loss=0.0015 acc=1.0000 em=1.0000 | val loss=0.0123 acc=0.9976 em=0.9620 | random≈0.0011
  saved best_loss.pt (val_answer_loss=0.012340)
  saved best_acc.pt (val_answer_accuracy=0.997563)
epoch 19/20 train loss=0.0013 acc=1.0000 em=1.0000 | val loss=0.0116 acc=0.9975 em=0.9610 | random≈0.0011
  saved best_loss.pt (val_answer_loss=0.011557)
epoch 20/20 train loss=0.0012 acc=1.0000 em=1.0000 | val loss=0.0106 acc=0.9976 em=0.9625 | random≈0.0011
  saved best_loss.pt (val_answer_loss=0.010635)
test [best_loss_ckpt] loss=0.010142 acc=0.997906 em=0.967000
test [best_acc_ckpt]  loss=0.011738 acc=0.997594 em=0.962000 random_baseline≈0.001116
done. meta_metrics → /home/jovyan/shares/SR008.fs2/nvidenisov/other/repos/mamba/mamba_multi_scale_get_started/outputs/MQARFailureSweep/mqar_fail_ms_gated_right_init_v896_seed45/meta_metrics.csv
