mqar_split_hashes: n_train=20000 uniq_train=20000 | n_val=2000 uniq_val=2000 | n_test=2000 uniq_test=2000
mqar_answer_positions[train]: min=16 mean=16.0000 max=16 (expected 16 per sample)
mqar_answer_positions[val]: min=16 mean=16.0000 max=16 (expected 16 per sample)
mqar_answer_positions[test]: min=16 mean=16.0000 max=16 (expected 16 per sample)
experiment=mqar_fail_transformer_param_match_v1536_seed46 device=cuda:0 out_dir=/home/jovyan/shares/SR008.fs2/nvidenisov/other/repos/mamba/mamba_multi_scale_get_started/outputs/MQARFailureSweep/mqar_fail_transformer_param_match_v1536_seed46
mqar data: fixed_examples=True random_baseline_acc≈1/vocab=0.000651 (vocab_size=1536)
--- mqar resolved config (sanity) ---
  experiment.name: mqar_fail_transformer_param_match_v1536_seed46
  model.backbone: transformer_lm
  model.layer_headdims: —
  model.multiscale.fast_layer_headdims: —
  model.multiscale.slow_layer_headdims: —
  model.multiscale.window_size: —
  model.multiscale.offsets: —
  model.multiscale.summary_mode: —
  model.multiscale.causal_mode: —
  model.multiscale.gate_type: —
  data.input_seq_len: 128
  data.num_kv_pairs: 16
  data.vocab_size: 1536
  data.train_examples: 20000  val_examples: 2000  test_examples: 2000
  data.fixed_examples: True
  data.min_query_pos: null
  train.lr: 0.0003
  train.epochs: 20
  num_parameters_trainable: 3547888
  tags(backbone,fusion,stride): transformer_lm, , 
--- end resolved config ---
epoch 1/20 train loss=6.6593 acc=0.0014 em=0.0000 | val loss=6.6651 acc=0.0014 em=0.0000 | random≈0.0007
  saved best_loss.pt (val_answer_loss=6.665146)
  saved best_acc.pt (val_answer_accuracy=0.001437)
epoch 2/20 train loss=6.6521 acc=0.0014 em=0.0000 | val loss=6.6591 acc=0.0012 em=0.0000 | random≈0.0007
  saved best_loss.pt (val_answer_loss=6.659054)
epoch 3/20 train loss=6.6481 acc=0.0017 em=0.0000 | val loss=6.6565 acc=0.0015 em=0.0000 | random≈0.0007
  saved best_loss.pt (val_answer_loss=6.656521)
epoch 4/20 train loss=6.3989 acc=0.0461 em=0.0000 | val loss=6.4823 acc=0.0403 em=0.0000 | random≈0.0007
  saved best_loss.pt (val_answer_loss=6.482299)
  saved best_acc.pt (val_answer_accuracy=0.040313)
epoch 5/20 train loss=5.7548 acc=0.0791 em=0.0000 | val loss=5.9196 acc=0.0676 em=0.0000 | random≈0.0007
  saved best_loss.pt (val_answer_loss=5.919619)
  saved best_acc.pt (val_answer_accuracy=0.067625)
epoch 6/20 train loss=5.2446 acc=0.0924 em=0.0000 | val loss=5.4990 acc=0.0711 em=0.0000 | random≈0.0007
  saved best_loss.pt (val_answer_loss=5.499006)
  saved best_acc.pt (val_answer_accuracy=0.071063)
epoch 7/20 train loss=4.8273 acc=0.1040 em=0.0000 | val loss=5.1764 acc=0.0759 em=0.0000 | random≈0.0007
  saved best_loss.pt (val_answer_loss=5.176377)
  saved best_acc.pt (val_answer_accuracy=0.075906)
epoch 8/20 train loss=4.4828 acc=0.1137 em=0.0000 | val loss=4.9253 acc=0.0757 em=0.0000 | random≈0.0007
  saved best_loss.pt (val_answer_loss=4.925320)
epoch 9/20 train loss=4.1834 acc=0.1278 em=0.0000 | val loss=4.7330 acc=0.0781 em=0.0000 | random≈0.0007
  saved best_loss.pt (val_answer_loss=4.733002)
  saved best_acc.pt (val_answer_accuracy=0.078125)
epoch 10/20 train loss=3.5492 acc=0.2337 em=0.0000 | val loss=4.2062 acc=0.1446 em=0.0000 | random≈0.0007
  saved best_loss.pt (val_answer_loss=4.206232)
  saved best_acc.pt (val_answer_accuracy=0.144563)
epoch 11/20 train loss=0.0038 acc=1.0000 em=0.9994 | val loss=0.0043 acc=1.0000 em=0.9995 | random≈0.0007
  saved best_loss.pt (val_answer_loss=0.004284)
  saved best_acc.pt (val_answer_accuracy=0.999969)
epoch 12/20 train loss=0.0010 acc=1.0000 em=1.0000 | val loss=0.0012 acc=1.0000 em=1.0000 | random≈0.0007
  saved best_loss.pt (val_answer_loss=0.001171)
epoch 13/20 train loss=0.0006 acc=1.0000 em=1.0000 | val loss=0.0006 acc=1.0000 em=1.0000 | random≈0.0007
  saved best_loss.pt (val_answer_loss=0.000606)
epoch 14/20 train loss=0.0004 acc=1.0000 em=1.0000 | val loss=0.0004 acc=1.0000 em=1.0000 | random≈0.0007
  saved best_loss.pt (val_answer_loss=0.000387)
epoch 15/20 train loss=0.0003 acc=1.0000 em=1.0000 | val loss=0.0003 acc=1.0000 em=1.0000 | random≈0.0007
  saved best_loss.pt (val_answer_loss=0.000285)
epoch 16/20 train loss=0.0002 acc=1.0000 em=1.0000 | val loss=0.0002 acc=1.0000 em=1.0000 | random≈0.0007
epoch 17/20 train loss=0.0001 acc=1.0000 em=1.0000 | val loss=0.0002 acc=1.0000 em=1.0000 | random≈0.0007
  saved best_loss.pt (val_answer_loss=0.000163)
epoch 18/20 train loss=0.0001 acc=1.0000 em=1.0000 | val loss=0.0001 acc=1.0000 em=1.0000 | random≈0.0007
epoch 19/20 train loss=0.0001 acc=1.0000 em=1.0000 | val loss=0.0001 acc=1.0000 em=1.0000 | random≈0.0007
epoch 20/20 train loss=0.0001 acc=1.0000 em=1.0000 | val loss=0.0001 acc=1.0000 em=1.0000 | random≈0.0007
test [best_loss_ckpt] loss=0.000162 acc=1.000000 em=1.000000
test [best_acc_ckpt]  loss=0.004261 acc=0.999938 em=0.999000 random_baseline≈0.000651
done. meta_metrics → /home/jovyan/shares/SR008.fs2/nvidenisov/other/repos/mamba/mamba_multi_scale_get_started/outputs/MQARFailureSweep/mqar_fail_transformer_param_match_v1536_seed46/meta_metrics.csv
