mqar_split_hashes: n_train=20000 uniq_train=20000 | n_val=2000 uniq_val=2000 | n_test=2000 uniq_test=2000
mqar_answer_positions[train]: min=16 mean=16.0000 max=16 (expected 16 per sample)
mqar_answer_positions[val]: min=16 mean=16.0000 max=16 (expected 16 per sample)
mqar_answer_positions[test]: min=16 mean=16.0000 max=16 (expected 16 per sample)
experiment=archeval_mqar_easy_mamba2_split_ts_50_50_depth_6_seed44 device=cuda:0 out_dir=/home/jovyan/shares/SR008.fs2/nvidenisov/other/repos/mamba/mamba_multi_scale_get_started/outputs/ArchEval/mqar_easy_mamba2_split_ts_50_50_depth_6_seed44
mqar data: fixed_examples=True random_baseline_acc≈1/vocab=0.001953 (vocab_size=512)
--- mqar resolved config (sanity) ---
  experiment.name: archeval_mqar_easy_mamba2_split_ts_50_50_depth_6_seed44
  model.backbone: mamba2_lm
  model.layer_headdims: [32, 32, 32, 32, 32, 32]
  model.multiscale.fast_layer_headdims: —
  model.multiscale.slow_layer_headdims: —
  model.multiscale.window_size: —
  model.multiscale.offsets: —
  model.multiscale.summary_mode: —
  model.multiscale.causal_mode: —
  model.multiscale.gate_type: —
  data.input_seq_len: 128
  data.num_kv_pairs: 16
  data.vocab_size: 512
  data.train_examples: 20000  val_examples: 2000  test_examples: 2000
  data.fixed_examples: True
  data.min_query_pos: null
  train.lr: 0.0003
  train.epochs: 20
  num_parameters_trainable: 2765984
  tags(backbone,fusion,stride): mamba2_lm, , 
--- end resolved config ---
epoch 1/20 train loss=5.5484 acc=0.0049 em=0.0000 | val loss=5.5597 acc=0.0037 em=0.0000 | random≈0.0020
  saved best_loss.pt (val_answer_loss=5.559741)
  saved best_acc.pt (val_answer_accuracy=0.003687)
epoch 2/20 train loss=5.4834 acc=0.0255 em=0.0000 | val loss=5.5280 acc=0.0231 em=0.0000 | random≈0.0020
  saved best_loss.pt (val_answer_loss=5.527956)
  saved best_acc.pt (val_answer_accuracy=0.023094)
epoch 3/20 train loss=5.1339 acc=0.0688 em=0.0000 | val loss=5.3047 acc=0.0554 em=0.0000 | random≈0.0020
  saved best_loss.pt (val_answer_loss=5.304684)
  saved best_acc.pt (val_answer_accuracy=0.055406)
epoch 4/20 train loss=3.1472 acc=0.4031 em=0.0000 | val loss=3.3551 acc=0.3610 em=0.0000 | random≈0.0020
  saved best_loss.pt (val_answer_loss=3.355089)
  saved best_acc.pt (val_answer_accuracy=0.361031)
epoch 5/20 train loss=0.2219 acc=0.9658 em=0.5836 | val loss=0.2982 acc=0.9438 em=0.3875 | random≈0.0020
  saved best_loss.pt (val_answer_loss=0.298174)
  saved best_acc.pt (val_answer_accuracy=0.943781)
epoch 6/20 train loss=0.0303 acc=0.9976 em=0.9629 | val loss=0.0626 acc=0.9886 em=0.8360 | random≈0.0020
  saved best_loss.pt (val_answer_loss=0.062632)
  saved best_acc.pt (val_answer_accuracy=0.988625)
epoch 7/20 train loss=0.0086 acc=0.9999 em=0.9978 | val loss=0.0302 acc=0.9936 em=0.9010 | random≈0.0020
  saved best_loss.pt (val_answer_loss=0.030183)
  saved best_acc.pt (val_answer_accuracy=0.993594)
epoch 8/20 train loss=0.0039 acc=1.0000 em=1.0000 | val loss=0.0204 acc=0.9955 em=0.9280 | random≈0.0020
  saved best_loss.pt (val_answer_loss=0.020373)
  saved best_acc.pt (val_answer_accuracy=0.995500)
epoch 9/20 train loss=0.0026 acc=1.0000 em=1.0000 | val loss=0.0175 acc=0.9957 em=0.9310 | random≈0.0020
  saved best_loss.pt (val_answer_loss=0.017530)
  saved best_acc.pt (val_answer_accuracy=0.995656)
epoch 10/20 train loss=0.0019 acc=1.0000 em=1.0000 | val loss=0.0159 acc=0.9958 em=0.9340 | random≈0.0020
  saved best_loss.pt (val_answer_loss=0.015926)
  saved best_acc.pt (val_answer_accuracy=0.995812)
epoch 11/20 train loss=0.0015 acc=1.0000 em=1.0000 | val loss=0.0148 acc=0.9962 em=0.9400 | random≈0.0020
  saved best_loss.pt (val_answer_loss=0.014800)
  saved best_acc.pt (val_answer_accuracy=0.996219)
epoch 12/20 train loss=0.0012 acc=1.0000 em=1.0000 | val loss=0.0140 acc=0.9964 em=0.9430 | random≈0.0020
  saved best_loss.pt (val_answer_loss=0.014003)
  saved best_acc.pt (val_answer_accuracy=0.996406)
epoch 13/20 train loss=0.0010 acc=1.0000 em=1.0000 | val loss=0.0133 acc=0.9964 em=0.9425 | random≈0.0020
  saved best_loss.pt (val_answer_loss=0.013307)
epoch 14/20 train loss=0.0008 acc=1.0000 em=1.0000 | val loss=0.0129 acc=0.9966 em=0.9465 | random≈0.0020
  saved best_loss.pt (val_answer_loss=0.012855)
  saved best_acc.pt (val_answer_accuracy=0.996625)
epoch 15/20 train loss=0.0007 acc=1.0000 em=1.0000 | val loss=0.0125 acc=0.9965 em=0.9445 | random≈0.0020
  saved best_loss.pt (val_answer_loss=0.012468)
epoch 16/20 train loss=0.0006 acc=1.0000 em=1.0000 | val loss=0.0120 acc=0.9966 em=0.9460 | random≈0.0020
  saved best_loss.pt (val_answer_loss=0.012040)
epoch 17/20 train loss=0.0005 acc=1.0000 em=1.0000 | val loss=0.0118 acc=0.9967 em=0.9470 | random≈0.0020
  saved best_loss.pt (val_answer_loss=0.011763)
epoch 18/20 train loss=0.0005 acc=1.0000 em=1.0000 | val loss=0.0114 acc=0.9969 em=0.9500 | random≈0.0020
  saved best_loss.pt (val_answer_loss=0.011437)
  saved best_acc.pt (val_answer_accuracy=0.996875)
epoch 19/20 train loss=0.0004 acc=1.0000 em=1.0000 | val loss=0.0112 acc=0.9966 em=0.9460 | random≈0.0020
  saved best_loss.pt (val_answer_loss=0.011247)
epoch 20/20 train loss=0.0004 acc=1.0000 em=1.0000 | val loss=0.0110 acc=0.9968 em=0.9480 | random≈0.0020
  saved best_loss.pt (val_answer_loss=0.011000)
test [best_loss_ckpt] loss=0.010245 acc=0.997531 em=0.962500
test [best_acc_ckpt]  loss=0.010563 acc=0.997375 em=0.960000 random_baseline≈0.001953
done. meta_metrics → /home/jovyan/shares/SR008.fs2/nvidenisov/other/repos/mamba/mamba_multi_scale_get_started/outputs/ArchEval/mqar_easy_mamba2_split_ts_50_50_depth_6_seed44/meta_metrics.csv
