mqar_split_hashes: n_train=20000 uniq_train=20000 | n_val=2000 uniq_val=2000 | n_test=2000 uniq_test=2000
mqar_answer_positions[train]: min=16 mean=16.0000 max=16 (expected 16 per sample)
mqar_answer_positions[val]: min=16 mean=16.0000 max=16 (expected 16 per sample)
mqar_answer_positions[test]: min=16 mean=16.0000 max=16 (expected 16 per sample)
experiment=archeval_mqar_trans704_ms_multiaxis_s4_s16_seed42 device=cuda:0 out_dir=/home/jovyan/shares/SR008.fs2/nvidenisov/other/repos/mamba/mamba_multi_scale_get_started/outputs/ArchEval/mqar_trans704_ms_multiaxis_s4_s16_seed42
mqar data: fixed_examples=True random_baseline_acc≈1/vocab=0.001420 (vocab_size=704)
--- mqar resolved config (sanity) ---
  experiment.name: archeval_mqar_trans704_ms_multiaxis_s4_s16_seed42
  model.backbone: multiscale_mamba2_multiaxis_lm
  model.layer_headdims: [32, 32, 32, 32]
  model.multiscale.fast_layer_headdims: [32, 32, 32, 32]
  model.multiscale.slow_layer_headdims: —
  data.input_seq_len: 128
  data.num_kv_pairs: 16
  data.vocab_size: 704
  data.train_examples: 20000  val_examples: 2000  test_examples: 2000
  data.fixed_examples: True
  data.min_query_pos: null
  train.lr: 0.0003
  train.epochs: 20
  num_parameters_trainable: 3544272
  tags(backbone,fusion,stride): multiscale_mamba2_multiaxis_lm, residual_gated_sum, 
--- end resolved config ---
epoch 1/20 train loss=5.8679 acc=0.0038 em=0.0000 | val loss=5.8817 acc=0.0032 em=0.0000 | random≈0.0014
  saved best_loss.pt (val_answer_loss=5.881741)
  saved best_acc.pt (val_answer_accuracy=0.003156)
epoch 2/20 train loss=5.8290 acc=0.0102 em=0.0000 | val loss=5.8786 acc=0.0075 em=0.0000 | random≈0.0014
  saved best_loss.pt (val_answer_loss=5.878612)
  saved best_acc.pt (val_answer_accuracy=0.007500)
epoch 3/20 train loss=5.6724 acc=0.0312 em=0.0000 | val loss=5.8531 acc=0.0236 em=0.0000 | random≈0.0014
  saved best_loss.pt (val_answer_loss=5.853095)
  saved best_acc.pt (val_answer_accuracy=0.023563)
epoch 4/20 train loss=5.3322 acc=0.0615 em=0.0000 | val loss=5.8498 acc=0.0341 em=0.0000 | random≈0.0014
  saved best_loss.pt (val_answer_loss=5.849758)
  saved best_acc.pt (val_answer_accuracy=0.034063)
epoch 5/20 train loss=4.8380 acc=0.1132 em=0.0000 | val loss=5.8822 acc=0.0390 em=0.0000 | random≈0.0014
  saved best_acc.pt (val_answer_accuracy=0.039031)
epoch 6/20 train loss=4.2134 acc=0.2153 em=0.0000 | val loss=5.9235 acc=0.0366 em=0.0000 | random≈0.0014
epoch 7/20 train loss=3.5418 acc=0.3351 em=0.0000 | val loss=5.9380 acc=0.0404 em=0.0000 | random≈0.0014
  saved best_acc.pt (val_answer_accuracy=0.040438)
epoch 8/20 train loss=2.6579 acc=0.4995 em=0.0000 | val loss=5.3889 acc=0.0887 em=0.0000 | random≈0.0014
  saved best_loss.pt (val_answer_loss=5.388891)
  saved best_acc.pt (val_answer_accuracy=0.088750)
epoch 9/20 train loss=0.6415 acc=0.8995 em=0.1886 | val loss=2.0888 acc=0.5431 em=0.0000 | random≈0.0014
  saved best_loss.pt (val_answer_loss=2.088815)
  saved best_acc.pt (val_answer_accuracy=0.543063)
epoch 10/20 train loss=0.1450 acc=0.9857 em=0.7966 | val loss=0.8709 acc=0.7888 em=0.0220 | random≈0.0014
  saved best_loss.pt (val_answer_loss=0.870915)
  saved best_acc.pt (val_answer_accuracy=0.788844)
epoch 11/20 train loss=0.0456 acc=0.9985 em=0.9757 | val loss=0.5306 acc=0.8628 em=0.0990 | random≈0.0014
  saved best_loss.pt (val_answer_loss=0.530637)
  saved best_acc.pt (val_answer_accuracy=0.862844)
epoch 12/20 train loss=0.0197 acc=1.0000 em=0.9992 | val loss=0.4132 acc=0.8862 em=0.1480 | random≈0.0014
  saved best_loss.pt (val_answer_loss=0.413204)
  saved best_acc.pt (val_answer_accuracy=0.886188)
epoch 13/20 train loss=0.0123 acc=1.0000 em=0.9995 | val loss=0.3655 acc=0.8967 em=0.1785 | random≈0.0014
  saved best_loss.pt (val_answer_loss=0.365464)
  saved best_acc.pt (val_answer_accuracy=0.896656)
epoch 14/20 train loss=0.0086 acc=1.0000 em=1.0000 | val loss=0.3279 acc=0.9064 em=0.2100 | random≈0.0014
  saved best_loss.pt (val_answer_loss=0.327924)
  saved best_acc.pt (val_answer_accuracy=0.906406)
epoch 15/20 train loss=0.0065 acc=1.0000 em=1.0000 | val loss=0.3008 acc=0.9130 em=0.2385 | random≈0.0014
  saved best_loss.pt (val_answer_loss=0.300761)
  saved best_acc.pt (val_answer_accuracy=0.912969)
epoch 16/20 train loss=0.0053 acc=1.0000 em=1.0000 | val loss=0.2810 acc=0.9187 em=0.2570 | random≈0.0014
  saved best_loss.pt (val_answer_loss=0.280990)
  saved best_acc.pt (val_answer_accuracy=0.918656)
epoch 17/20 train loss=0.0044 acc=1.0000 em=1.0000 | val loss=0.2693 acc=0.9207 em=0.2705 | random≈0.0014
  saved best_loss.pt (val_answer_loss=0.269299)
  saved best_acc.pt (val_answer_accuracy=0.920750)
epoch 18/20 train loss=0.0037 acc=1.0000 em=1.0000 | val loss=0.2588 acc=0.9232 em=0.2790 | random≈0.0014
  saved best_loss.pt (val_answer_loss=0.258807)
  saved best_acc.pt (val_answer_accuracy=0.923188)
epoch 19/20 train loss=0.0032 acc=1.0000 em=1.0000 | val loss=0.2518 acc=0.9249 em=0.2895 | random≈0.0014
  saved best_loss.pt (val_answer_loss=0.251788)
  saved best_acc.pt (val_answer_accuracy=0.924875)
epoch 20/20 train loss=0.0027 acc=1.0000 em=1.0000 | val loss=0.2451 acc=0.9265 em=0.2965 | random≈0.0014
  saved best_loss.pt (val_answer_loss=0.245057)
  saved best_acc.pt (val_answer_accuracy=0.926500)
test [best_loss_ckpt] loss=0.254802 acc=0.923500 em=0.291500
test [best_acc_ckpt]  loss=0.254802 acc=0.923500 em=0.291500 random_baseline≈0.001420
done. meta_metrics → /home/jovyan/shares/SR008.fs2/nvidenisov/other/repos/mamba/mamba_multi_scale_get_started/outputs/ArchEval/mqar_trans704_ms_multiaxis_s4_s16_seed42/meta_metrics.csv
