mqar_split_hashes: n_train=20000 uniq_train=20000 | n_val=2000 uniq_val=2000 | n_test=2000 uniq_test=2000
mqar_answer_positions[train]: min=16 mean=16.0000 max=16 (expected 16 per sample)
mqar_answer_positions[val]: min=16 mean=16.0000 max=16 (expected 16 per sample)
mqar_answer_positions[test]: min=16 mean=16.0000 max=16 (expected 16 per sample)
experiment=archeval_mqar_trans704_mamba2_split_ts_25slow_75fast_seed43 device=cuda:0 out_dir=/home/jovyan/shares/SR008.fs2/nvidenisov/other/repos/mamba/mamba_multi_scale_get_started/outputs/ArchEval/mqar_trans704_mamba2_split_ts_25slow_75fast_seed43
mqar data: fixed_examples=True random_baseline_acc≈1/vocab=0.001420 (vocab_size=704)
--- mqar resolved config (sanity) ---
  experiment.name: archeval_mqar_trans704_mamba2_split_ts_25slow_75fast_seed43
  model.backbone: mamba2_lm
  model.layer_headdims: [32, 32, 32, 32]
  model.multiscale.fast_layer_headdims: —
  model.multiscale.slow_layer_headdims: —
  model.multiscale.window_size: —
  model.multiscale.offsets: —
  model.multiscale.summary_mode: —
  model.multiscale.causal_mode: —
  model.multiscale.gate_type: —
  data.input_seq_len: 128
  data.num_kv_pairs: 16
  data.vocab_size: 704
  data.train_examples: 20000  val_examples: 2000  test_examples: 2000
  data.fixed_examples: True
  data.min_query_pos: null
  train.lr: 0.0003
  train.epochs: 20
  num_parameters_trainable: 2030208
  tags(backbone,fusion,stride): mamba2_lm, , 
--- end resolved config ---
epoch 1/20 train loss=5.8677 acc=0.0035 em=0.0000 | val loss=5.8809 acc=0.0026 em=0.0000 | random≈0.0014
  saved best_loss.pt (val_answer_loss=5.880873)
  saved best_acc.pt (val_answer_accuracy=0.002625)
epoch 2/20 train loss=5.8436 acc=0.0064 em=0.0000 | val loss=5.8812 acc=0.0048 em=0.0000 | random≈0.0014
  saved best_acc.pt (val_answer_accuracy=0.004812)
epoch 3/20 train loss=5.7463 acc=0.0187 em=0.0000 | val loss=5.8801 acc=0.0109 em=0.0000 | random≈0.0014
  saved best_loss.pt (val_answer_loss=5.880111)
  saved best_acc.pt (val_answer_accuracy=0.010906)
epoch 4/20 train loss=5.4851 acc=0.0470 em=0.0000 | val loss=5.8755 acc=0.0270 em=0.0000 | random≈0.0014
  saved best_loss.pt (val_answer_loss=5.875546)
  saved best_acc.pt (val_answer_accuracy=0.027000)
epoch 5/20 train loss=5.1116 acc=0.0876 em=0.0000 | val loss=5.9208 acc=0.0299 em=0.0000 | random≈0.0014
  saved best_acc.pt (val_answer_accuracy=0.029906)
epoch 6/20 train loss=4.6781 acc=0.1506 em=0.0000 | val loss=6.0057 acc=0.0294 em=0.0000 | random≈0.0014
epoch 7/20 train loss=4.2434 acc=0.2166 em=0.0000 | val loss=6.0955 acc=0.0329 em=0.0000 | random≈0.0014
  saved best_acc.pt (val_answer_accuracy=0.032938)
epoch 8/20 train loss=3.8209 acc=0.2854 em=0.0000 | val loss=6.2149 acc=0.0336 em=0.0000 | random≈0.0014
  saved best_acc.pt (val_answer_accuracy=0.033594)
early stopping at epoch 8: val answer_loss did not improve by min_delta=0.0001 for 4 epochs
test [best_loss_ckpt] loss=5.874672 acc=0.026250 em=0.000000
test [best_acc_ckpt]  loss=6.208713 acc=0.033125 em=0.000000 random_baseline≈0.001420
done. meta_metrics → /home/jovyan/shares/SR008.fs2/nvidenisov/other/repos/mamba/mamba_multi_scale_get_started/outputs/ArchEval/mqar_trans704_mamba2_split_ts_25slow_75fast_seed43/meta_metrics.csv
