mqar_split_hashes: n_train=20000 uniq_train=20000 | n_val=2000 uniq_val=2000 | n_test=2000 uniq_test=2000
mqar_answer_positions[train]: min=16 mean=16.0000 max=16 (expected 16 per sample)
mqar_answer_positions[val]: min=16 mean=16.0000 max=16 (expected 16 per sample)
mqar_answer_positions[test]: min=16 mean=16.0000 max=16 (expected 16 per sample)
experiment=archeval_mqar_easy_transformer_param_match_seed51 device=cuda:0 out_dir=/home/jovyan/shares/SR008.fs2/nvidenisov/other/repos/mamba/mamba_multi_scale_get_started/outputs/ArchEval/mqar_easy_transformer_param_match_seed51
mqar data: fixed_examples=True random_baseline_acc‚Čą1/vocab=0.001953 (vocab_size=512)
--- mqar resolved config (sanity) ---
  experiment.name: archeval_mqar_easy_transformer_param_match_seed51
  model.backbone: transformer_lm
  model.layer_headdims: ‚ÄĒ
  model.multiscale.fast_layer_headdims: ‚ÄĒ
  model.multiscale.slow_layer_headdims: ‚ÄĒ
  model.multiscale.window_size: ‚ÄĒ
  model.multiscale.offsets: ‚ÄĒ
  model.multiscale.summary_mode: ‚ÄĒ
  model.multiscale.causal_mode: ‚ÄĒ
  model.multiscale.gate_type: ‚ÄĒ
  data.input_seq_len: 128
  data.num_kv_pairs: 16
  data.vocab_size: 512
  data.train_examples: 20000  val_examples: 2000  test_examples: 2000
  data.fixed_examples: True
  data.min_query_pos: null
  train.lr: 0.0003
  train.epochs: 20
  num_parameters_trainable: 3071728
  tags(backbone,fusion,stride): transformer_lm, , 
--- end resolved config ---
epoch 1/20 train loss=5.5566 acc=0.0041 em=0.0000 | val loss=5.5591 acc=0.0041 em=0.0000 | random‚Čą0.0020
  saved best_loss.pt (val_answer_loss=5.559125)
  saved best_acc.pt (val_answer_accuracy=0.004063)
epoch 2/20 train loss=5.5442 acc=0.0047 em=0.0000 | val loss=5.5478 acc=0.0044 em=0.0000 | random‚Čą0.0020
  saved best_loss.pt (val_answer_loss=5.547772)
  saved best_acc.pt (val_answer_accuracy=0.004437)
epoch 3/20 train loss=4.8565 acc=0.0784 em=0.0000 | val loss=4.9208 acc=0.0717 em=0.0000 | random‚Čą0.0020
  saved best_loss.pt (val_answer_loss=4.920766)
  saved best_acc.pt (val_answer_accuracy=0.071750)
epoch 4/20 train loss=4.1643 acc=0.0911 em=0.0000 | val loss=4.2906 acc=0.0776 em=0.0000 | random‚Čą0.0020
  saved best_loss.pt (val_answer_loss=4.290639)
  saved best_acc.pt (val_answer_accuracy=0.077563)
epoch 5/20 train loss=3.7759 acc=0.0998 em=0.0000 | val loss=3.9626 acc=0.0772 em=0.0000 | random‚Čą0.0020
  saved best_loss.pt (val_answer_loss=3.962557)
epoch 6/20 train loss=3.5235 acc=0.1089 em=0.0000 | val loss=3.7635 acc=0.0788 em=0.0000 | random‚Čą0.0020
  saved best_loss.pt (val_answer_loss=3.763465)
  saved best_acc.pt (val_answer_accuracy=0.078812)
epoch 7/20 train loss=3.1716 acc=0.1650 em=0.0000 | val loss=3.4735 acc=0.1138 em=0.0000 | random‚Čą0.0020
  saved best_loss.pt (val_answer_loss=3.473471)
  saved best_acc.pt (val_answer_accuracy=0.113844)
epoch 8/20 train loss=0.0021 acc=1.0000 em=0.9993 | val loss=0.0023 acc=1.0000 em=0.9995 | random‚Čą0.0020
  saved best_loss.pt (val_answer_loss=0.002282)
  saved best_acc.pt (val_answer_accuracy=0.999969)
epoch 9/20 train loss=0.0006 acc=1.0000 em=1.0000 | val loss=0.0006 acc=1.0000 em=1.0000 | random‚Čą0.0020
  saved best_loss.pt (val_answer_loss=0.000607)
epoch 10/20 train loss=0.0003 acc=1.0000 em=1.0000 | val loss=0.0003 acc=1.0000 em=1.0000 | random‚Čą0.0020
  saved best_loss.pt (val_answer_loss=0.000308)
epoch 11/20 train loss=0.0002 acc=1.0000 em=1.0000 | val loss=0.0002 acc=1.0000 em=1.0000 | random‚Čą0.0020
  saved best_loss.pt (val_answer_loss=0.000192)
epoch 12/20 train loss=0.0001 acc=1.0000 em=1.0000 | val loss=0.0001 acc=1.0000 em=1.0000 | random‚Čą0.0020
epoch 13/20 train loss=0.0001 acc=1.0000 em=1.0000 | val loss=0.0001 acc=1.0000 em=1.0000 | random‚Čą0.0020
epoch 14/20 train loss=0.0001 acc=1.0000 em=1.0000 | val loss=0.0001 acc=1.0000 em=1.0000 | random‚Čą0.0020
  saved best_loss.pt (val_answer_loss=0.000080)
epoch 15/20 train loss=0.0001 acc=1.0000 em=1.0000 | val loss=0.0001 acc=1.0000 em=1.0000 | random‚Čą0.0020
epoch 16/20 train loss=0.0001 acc=1.0000 em=1.0000 | val loss=0.0001 acc=1.0000 em=1.0000 | random‚Čą0.0020
epoch 17/20 train loss=0.0000 acc=1.0000 em=1.0000 | val loss=0.0000 acc=1.0000 em=1.0000 | random‚Čą0.0020
epoch 18/20 train loss=0.0000 acc=1.0000 em=1.0000 | val loss=0.0000 acc=1.0000 em=1.0000 | random‚Čą0.0020
early stopping at epoch 18: val answer_loss did not improve by min_delta=0.0001 for 4 epochs
test [best_loss_ckpt] loss=0.000080 acc=1.000000 em=1.000000
test [best_acc_ckpt]  loss=0.002232 acc=0.999969 em=0.999500 random_baseline‚Čą0.001953
done. meta_metrics ‚Üí /home/jovyan/shares/SR008.fs2/nvidenisov/other/repos/mamba/mamba_multi_scale_get_started/outputs/ArchEval/mqar_easy_transformer_param_match_seed51/meta_metrics.csv
