mqar_split_hashes: n_train=20000 uniq_train=20000 | n_val=2000 uniq_val=2000 | n_test=2000 uniq_test=2000
mqar_answer_positions[train]: min=16 mean=16.0000 max=16 (expected 16 per sample)
mqar_answer_positions[val]: min=16 mean=16.0000 max=16 (expected 16 per sample)
mqar_answer_positions[test]: min=16 mean=16.0000 max=16 (expected 16 per sample)
experiment=archeval_mqar_trans704_mamba2_split_ts_slow_veryslow_seed43 device=cuda:0 out_dir=/home/jovyan/shares/SR008.fs2/nvidenisov/other/repos/mamba/mamba_multi_scale_get_started/outputs/ArchEval/mqar_trans704_mamba2_split_ts_slow_veryslow_seed43
mqar data: fixed_examples=True random_baseline_acc≈1/vocab=0.001420 (vocab_size=704)
--- mqar resolved config (sanity) ---
  experiment.name: archeval_mqar_trans704_mamba2_split_ts_slow_veryslow_seed43
  model.backbone: mamba2_lm
  model.layer_headdims: [32, 32, 32, 32]
  model.multiscale.fast_layer_headdims: —
  model.multiscale.slow_layer_headdims: —
  model.multiscale.window_size: —
  model.multiscale.offsets: —
  model.multiscale.summary_mode: —
  model.multiscale.causal_mode: —
  model.multiscale.gate_type: —
  data.input_seq_len: 128
  data.num_kv_pairs: 16
  data.vocab_size: 704
  data.train_examples: 20000  val_examples: 2000  test_examples: 2000
  data.fixed_examples: True
  data.min_query_pos: null
  train.lr: 0.0003
  train.epochs: 20
  num_parameters_trainable: 2030208
  tags(backbone,fusion,stride): mamba2_lm, , 
--- end resolved config ---
epoch 1/20 train loss=5.8677 acc=0.0036 em=0.0000 | val loss=5.8800 acc=0.0025 em=0.0000 | random≈0.0014
  saved best_loss.pt (val_answer_loss=5.880032)
  saved best_acc.pt (val_answer_accuracy=0.002500)
epoch 2/20 train loss=5.8230 acc=0.0152 em=0.0000 | val loss=5.8653 acc=0.0122 em=0.0000 | random≈0.0014
  saved best_loss.pt (val_answer_loss=5.865321)
  saved best_acc.pt (val_answer_accuracy=0.012156)
epoch 3/20 train loss=5.5244 acc=0.0604 em=0.0000 | val loss=5.6918 acc=0.0492 em=0.0000 | random≈0.0014
  saved best_loss.pt (val_answer_loss=5.691757)
  saved best_acc.pt (val_answer_accuracy=0.049156)
epoch 4/20 train loss=3.7955 acc=0.3188 em=0.0000 | val loss=4.0291 acc=0.2812 em=0.0000 | random≈0.0014
  saved best_loss.pt (val_answer_loss=4.029112)
  saved best_acc.pt (val_answer_accuracy=0.281156)
epoch 5/20 train loss=0.6156 acc=0.8863 em=0.1406 | val loss=0.7470 acc=0.8448 em=0.0550 | random≈0.0014
  saved best_loss.pt (val_answer_loss=0.746976)
  saved best_acc.pt (val_answer_accuracy=0.844781)
epoch 6/20 train loss=0.0914 acc=0.9905 em=0.8600 | val loss=0.1432 acc=0.9753 em=0.6695 | random≈0.0014
  saved best_loss.pt (val_answer_loss=0.143150)
  saved best_acc.pt (val_answer_accuracy=0.975344)
epoch 7/20 train loss=0.0215 acc=0.9996 em=0.9931 | val loss=0.0474 acc=0.9932 em=0.8955 | random≈0.0014
  saved best_loss.pt (val_answer_loss=0.047432)
  saved best_acc.pt (val_answer_accuracy=0.993156)
epoch 8/20 train loss=0.0094 acc=1.0000 em=0.9999 | val loss=0.0263 acc=0.9963 em=0.9435 | random≈0.0014
  saved best_loss.pt (val_answer_loss=0.026299)
  saved best_acc.pt (val_answer_accuracy=0.996344)
epoch 9/20 train loss=0.0058 acc=1.0000 em=1.0000 | val loss=0.0194 acc=0.9973 em=0.9575 | random≈0.0014
  saved best_loss.pt (val_answer_loss=0.019354)
  saved best_acc.pt (val_answer_accuracy=0.997313)
epoch 10/20 train loss=0.0042 acc=1.0000 em=1.0000 | val loss=0.0160 acc=0.9974 em=0.9590 | random≈0.0014
  saved best_loss.pt (val_answer_loss=0.015996)
epoch 11/20 train loss=0.0032 acc=1.0000 em=1.0000 | val loss=0.0135 acc=0.9978 em=0.9650 | random≈0.0014
  saved best_loss.pt (val_answer_loss=0.013468)
  saved best_acc.pt (val_answer_accuracy=0.997781)
epoch 12/20 train loss=0.0026 acc=1.0000 em=1.0000 | val loss=0.0118 acc=0.9978 em=0.9655 | random≈0.0014
  saved best_loss.pt (val_answer_loss=0.011832)
epoch 13/20 train loss=0.0021 acc=1.0000 em=1.0000 | val loss=0.0105 acc=0.9980 em=0.9685 | random≈0.0014
  saved best_loss.pt (val_answer_loss=0.010527)
  saved best_acc.pt (val_answer_accuracy=0.998000)
epoch 14/20 train loss=0.0017 acc=1.0000 em=1.0000 | val loss=0.0094 acc=0.9981 em=0.9705 | random≈0.0014
  saved best_loss.pt (val_answer_loss=0.009416)
  saved best_acc.pt (val_answer_accuracy=0.998125)
epoch 15/20 train loss=0.0015 acc=1.0000 em=1.0000 | val loss=0.0085 acc=0.9983 em=0.9730 | random≈0.0014
  saved best_loss.pt (val_answer_loss=0.008482)
  saved best_acc.pt (val_answer_accuracy=0.998313)
epoch 16/20 train loss=0.0012 acc=1.0000 em=1.0000 | val loss=0.0077 acc=0.9985 em=0.9755 | random≈0.0014
  saved best_loss.pt (val_answer_loss=0.007747)
  saved best_acc.pt (val_answer_accuracy=0.998469)
epoch 17/20 train loss=0.0011 acc=1.0000 em=1.0000 | val loss=0.0072 acc=0.9985 em=0.9765 | random≈0.0014
  saved best_loss.pt (val_answer_loss=0.007169)
epoch 18/20 train loss=0.0009 acc=1.0000 em=1.0000 | val loss=0.0067 acc=0.9987 em=0.9785 | random≈0.0014
  saved best_loss.pt (val_answer_loss=0.006657)
  saved best_acc.pt (val_answer_accuracy=0.998656)
epoch 19/20 train loss=0.0008 acc=1.0000 em=1.0000 | val loss=0.0061 acc=0.9987 em=0.9785 | random≈0.0014
  saved best_loss.pt (val_answer_loss=0.006128)
epoch 20/20 train loss=0.0007 acc=1.0000 em=1.0000 | val loss=0.0057 acc=0.9988 em=0.9800 | random≈0.0014
  saved best_loss.pt (val_answer_loss=0.005667)
test [best_loss_ckpt] loss=0.005007 acc=0.999062 em=0.985500
test [best_acc_ckpt]  loss=0.005864 acc=0.999000 em=0.984500 random_baseline≈0.001420
done. meta_metrics → /home/jovyan/shares/SR008.fs2/nvidenisov/other/repos/mamba/mamba_multi_scale_get_started/outputs/ArchEval/mqar_trans704_mamba2_split_ts_slow_veryslow_seed43/meta_metrics.csv
