mqar_split_hashes: n_train=20000 uniq_train=20000 | n_val=2000 uniq_val=2000 | n_test=2000 uniq_test=2000
mqar_answer_positions[train]: min=16 mean=16.0000 max=16 (expected 16 per sample)
mqar_answer_positions[val]: min=16 mean=16.0000 max=16 (expected 16 per sample)
mqar_answer_positions[test]: min=16 mean=16.0000 max=16 (expected 16 per sample)
experiment=archeval_mqar_trans704_ms_gated_stride2_seed42 device=cuda:0 out_dir=/home/jovyan/shares/SR008.fs2/nvidenisov/other/repos/mamba/mamba_multi_scale_get_started/outputs/ArchEval/mqar_trans704_ms_gated_stride2_seed42
mqar data: fixed_examples=True random_baseline_acc≈1/vocab=0.001420 (vocab_size=704)
--- mqar resolved config (sanity) ---
  experiment.name: archeval_mqar_trans704_ms_gated_stride2_seed42
  model.backbone: multiscale_mamba2_lm
  model.layer_headdims: [32, 32, 32, 32]
  model.multiscale.fast_layer_headdims: [32, 32, 32, 32]
  model.multiscale.slow_layer_headdims: [32, 32]
  data.input_seq_len: 128
  data.num_kv_pairs: 16
  data.vocab_size: 704
  data.train_examples: 20000  val_examples: 2000  test_examples: 2000
  data.fixed_examples: True
  data.min_query_pos: null
  train.lr: 0.0003
  train.epochs: 20
  num_parameters_trainable: 2996832
  tags(backbone,fusion,stride): multiscale_mamba2_lm, gated, 2
--- end resolved config ---
epoch 1/20 train loss=5.8678 acc=0.0035 em=0.0000 | val loss=5.8809 acc=0.0026 em=0.0000 | random≈0.0014
  saved best_loss.pt (val_answer_loss=5.880882)
  saved best_acc.pt (val_answer_accuracy=0.002563)
epoch 2/20 train loss=5.8332 acc=0.0114 em=0.0000 | val loss=5.8768 acc=0.0080 em=0.0000 | random≈0.0014
  saved best_loss.pt (val_answer_loss=5.876789)
  saved best_acc.pt (val_answer_accuracy=0.007969)
epoch 3/20 train loss=5.6800 acc=0.0336 em=0.0000 | val loss=5.8408 acc=0.0260 em=0.0000 | random≈0.0014
  saved best_loss.pt (val_answer_loss=5.840805)
  saved best_acc.pt (val_answer_accuracy=0.026000)
epoch 4/20 train loss=5.3623 acc=0.0621 em=0.0000 | val loss=5.7952 acc=0.0417 em=0.0000 | random≈0.0014
  saved best_loss.pt (val_answer_loss=5.795221)
  saved best_acc.pt (val_answer_accuracy=0.041688)
epoch 5/20 train loss=4.8527 acc=0.1208 em=0.0000 | val loss=5.7204 acc=0.0567 em=0.0000 | random≈0.0014
  saved best_loss.pt (val_answer_loss=5.720396)
  saved best_acc.pt (val_answer_accuracy=0.056656)
epoch 6/20 train loss=3.9727 acc=0.2655 em=0.0000 | val loss=5.1362 acc=0.1307 em=0.0000 | random≈0.0014
  saved best_loss.pt (val_answer_loss=5.136220)
  saved best_acc.pt (val_answer_accuracy=0.130688)
epoch 7/20 train loss=1.4987 acc=0.7405 em=0.0050 | val loss=2.2198 acc=0.5618 em=0.0000 | random≈0.0014
  saved best_loss.pt (val_answer_loss=2.219779)
  saved best_acc.pt (val_answer_accuracy=0.561781)
epoch 8/20 train loss=0.2359 acc=0.9710 em=0.6312 | val loss=0.5025 acc=0.9036 em=0.1975 | random≈0.0014
  saved best_loss.pt (val_answer_loss=0.502501)
  saved best_acc.pt (val_answer_accuracy=0.903563)
epoch 9/20 train loss=0.0529 acc=0.9964 em=0.9435 | val loss=0.1760 acc=0.9659 em=0.5765 | random≈0.0014
  saved best_loss.pt (val_answer_loss=0.176043)
  saved best_acc.pt (val_answer_accuracy=0.965875)
epoch 10/20 train loss=0.0162 acc=0.9999 em=0.9983 | val loss=0.0889 acc=0.9812 em=0.7435 | random≈0.0014
  saved best_loss.pt (val_answer_loss=0.088915)
  saved best_acc.pt (val_answer_accuracy=0.981250)
epoch 11/20 train loss=0.0081 acc=1.0000 em=1.0000 | val loss=0.0611 acc=0.9868 em=0.8125 | random≈0.0014
  saved best_loss.pt (val_answer_loss=0.061051)
  saved best_acc.pt (val_answer_accuracy=0.986812)
epoch 12/20 train loss=0.0055 acc=1.0000 em=1.0000 | val loss=0.0506 acc=0.9887 em=0.8380 | random≈0.0014
  saved best_loss.pt (val_answer_loss=0.050584)
  saved best_acc.pt (val_answer_accuracy=0.988688)
epoch 13/20 train loss=0.0041 acc=1.0000 em=1.0000 | val loss=0.0444 acc=0.9893 em=0.8445 | random≈0.0014
  saved best_loss.pt (val_answer_loss=0.044417)
  saved best_acc.pt (val_answer_accuracy=0.989313)
epoch 14/20 train loss=0.0032 acc=1.0000 em=1.0000 | val loss=0.0397 acc=0.9903 em=0.8590 | random≈0.0014
  saved best_loss.pt (val_answer_loss=0.039665)
  saved best_acc.pt (val_answer_accuracy=0.990344)
epoch 15/20 train loss=0.0026 acc=1.0000 em=1.0000 | val loss=0.0359 acc=0.9909 em=0.8665 | random≈0.0014
  saved best_loss.pt (val_answer_loss=0.035939)
  saved best_acc.pt (val_answer_accuracy=0.990875)
epoch 16/20 train loss=0.0021 acc=1.0000 em=1.0000 | val loss=0.0328 acc=0.9914 em=0.8735 | random≈0.0014
  saved best_loss.pt (val_answer_loss=0.032755)
  saved best_acc.pt (val_answer_accuracy=0.991437)
epoch 17/20 train loss=0.0018 acc=1.0000 em=1.0000 | val loss=0.0306 acc=0.9920 em=0.8815 | random≈0.0014
  saved best_loss.pt (val_answer_loss=0.030569)
  saved best_acc.pt (val_answer_accuracy=0.991969)
epoch 18/20 train loss=0.0015 acc=1.0000 em=1.0000 | val loss=0.0284 acc=0.9927 em=0.8900 | random≈0.0014
  saved best_loss.pt (val_answer_loss=0.028448)
  saved best_acc.pt (val_answer_accuracy=0.992656)
epoch 19/20 train loss=0.0013 acc=1.0000 em=1.0000 | val loss=0.0268 acc=0.9926 em=0.8900 | random≈0.0014
  saved best_loss.pt (val_answer_loss=0.026769)
epoch 20/20 train loss=0.0011 acc=1.0000 em=1.0000 | val loss=0.0252 acc=0.9930 em=0.8950 | random≈0.0014
  saved best_loss.pt (val_answer_loss=0.025177)
  saved best_acc.pt (val_answer_accuracy=0.993031)
test [best_loss_ckpt] loss=0.025902 acc=0.993844 em=0.907000
test [best_acc_ckpt]  loss=0.025902 acc=0.993844 em=0.907000 random_baseline≈0.001420
done. meta_metrics → /home/jovyan/shares/SR008.fs2/nvidenisov/other/repos/mamba/mamba_multi_scale_get_started/outputs/ArchEval/mqar_trans704_ms_gated_stride2_seed42/meta_metrics.csv
