experiment=archeval_lm_transformer_param_match_seed45 device=cuda:0 out_dir=/home/jovyan/shares/SR008.fs2/nvidenisov/other/repos/mamba/mamba_multi_scale_get_started/outputs/ArchEval/lm_transformer_param_match_seed45
early_stopping: patience=3 min_delta=0.0001 (disable with train.early_stopping.patience=0)
epoch 1/10 train_loss=3.4346 val_loss=3.0288 val_ppl=20.67 val_bpc=4.3696
  saved best.pt (val_loss=3.028797)
epoch 2/10 train_loss=2.8918 val_loss=2.7871 val_ppl=16.23 val_bpc=4.0209
  saved best.pt (val_loss=2.787092)
epoch 3/10 train_loss=2.7311 val_loss=2.6707 val_ppl=14.45 val_bpc=3.8529
  saved best.pt (val_loss=2.670655)
epoch 4/10 train_loss=2.6453 val_loss=2.6005 val_ppl=13.47 val_bpc=3.7517
  saved best.pt (val_loss=2.600477)
epoch 5/10 train_loss=2.5963 val_loss=2.5651 val_ppl=13.00 val_bpc=3.7006
  saved best.pt (val_loss=2.565077)
epoch 6/10 train_loss=2.5678 val_loss=2.5449 val_ppl=12.74 val_bpc=3.6715
  saved best.pt (val_loss=2.544921)
epoch 7/10 train_loss=2.5479 val_loss=2.5273 val_ppl=12.52 val_bpc=3.6461
  saved best.pt (val_loss=2.527299)
epoch 8/10 train_loss=2.5325 val_loss=2.5199 val_ppl=12.43 val_bpc=3.6355
  saved best.pt (val_loss=2.519941)
epoch 9/10 train_loss=2.5222 val_loss=2.5126 val_ppl=12.34 val_bpc=3.6249
  saved best.pt (val_loss=2.512562)
epoch 10/10 train_loss=2.5107 val_loss=2.5041 val_ppl=12.23 val_bpc=3.6127
  saved best.pt (val_loss=2.504115)
meta_metrics: train=30.18s eval=611.51s loop=644.23s setup=1.41s → meta_metrics.csv
