mqar_split_hashes: n_train=20000 uniq_train=20000 | n_val=2000 uniq_val=2000 | n_test=2000 uniq_test=2000
mqar_answer_positions[train]: min=16 mean=16.0000 max=16 (expected 16 per sample)
mqar_answer_positions[val]: min=16 mean=16.0000 max=16 (expected 16 per sample)
mqar_answer_positions[test]: min=16 mean=16.0000 max=16 (expected 16 per sample)
experiment=mqar_sweep_C_ms_gated_stride2_L128_minNone_kv16_vocab704_train20000_seed42 device=cuda:0 out_dir=/home/jovyan/shares/SR008.fs2/nvidenisov/other/repos/mamba/mamba_multi_scale_get_started/outputs/MQAR/mqar_sweep_C_ms_gated_stride2_L128_minNone_kv16_vocab704_train20000_seed42
mqar data: fixed_examples=True random_baseline_acc≈1/vocab=0.001420 (vocab_size=704)
--- mqar resolved config (sanity) ---
  experiment.name: mqar_sweep_C_ms_gated_stride2_L128_minNone_kv16_vocab704_train20000_seed42
  model.backbone: multiscale_mamba2_lm
  model.layer_headdims: [32, 32, 32, 32]
  model.multiscale.fast_layer_headdims: [32, 32, 32, 32]
  model.multiscale.slow_layer_headdims: [32, 32]
  data.input_seq_len: 128
  data.num_kv_pairs: 16
  data.vocab_size: 704
  data.train_examples: 20000  val_examples: 2000  test_examples: 2000
  data.fixed_examples: True
  data.min_query_pos: null
  train.lr: 0.0003
  train.epochs: 20
  num_parameters_trainable: 2996832
  tags(backbone,fusion,stride): multiscale_mamba2_lm, gated, 2
--- end resolved config ---
epoch 1/20 train loss=5.8678 acc=0.0034 em=0.0000 | val loss=5.8809 acc=0.0026 em=0.0000 | random≈0.0014
  saved best_loss.pt (val_answer_loss=5.880882)
  saved best_acc.pt (val_answer_accuracy=0.002563)
epoch 2/20 train loss=5.8332 acc=0.0114 em=0.0000 | val loss=5.8768 acc=0.0080 em=0.0000 | random≈0.0014
  saved best_loss.pt (val_answer_loss=5.876790)
  saved best_acc.pt (val_answer_accuracy=0.007969)
epoch 3/20 train loss=5.6800 acc=0.0336 em=0.0000 | val loss=5.8408 acc=0.0260 em=0.0000 | random≈0.0014
  saved best_loss.pt (val_answer_loss=5.840817)
  saved best_acc.pt (val_answer_accuracy=0.026000)
epoch 4/20 train loss=5.3623 acc=0.0621 em=0.0000 | val loss=5.7952 acc=0.0417 em=0.0000 | random≈0.0014
  saved best_loss.pt (val_answer_loss=5.795242)
  saved best_acc.pt (val_answer_accuracy=0.041688)
epoch 5/20 train loss=4.8526 acc=0.1208 em=0.0000 | val loss=5.7204 acc=0.0568 em=0.0000 | random≈0.0014
  saved best_loss.pt (val_answer_loss=5.720443)
  saved best_acc.pt (val_answer_accuracy=0.056750)
epoch 6/20 train loss=3.9730 acc=0.2654 em=0.0000 | val loss=5.1367 acc=0.1304 em=0.0000 | random≈0.0014
  saved best_loss.pt (val_answer_loss=5.136721)
  saved best_acc.pt (val_answer_accuracy=0.130375)
epoch 7/20 train loss=1.5003 acc=0.7400 em=0.0051 | val loss=2.2219 acc=0.5613 em=0.0000 | random≈0.0014
  saved best_loss.pt (val_answer_loss=2.221893)
  saved best_acc.pt (val_answer_accuracy=0.561344)
epoch 8/20 train loss=0.2360 acc=0.9710 em=0.6309 | val loss=0.5026 acc=0.9035 em=0.1955 | random≈0.0014
  saved best_loss.pt (val_answer_loss=0.502601)
  saved best_acc.pt (val_answer_accuracy=0.903500)
epoch 9/20 train loss=0.0530 acc=0.9963 em=0.9426 | val loss=0.1765 acc=0.9659 em=0.5780 | random≈0.0014
  saved best_loss.pt (val_answer_loss=0.176483)
  saved best_acc.pt (val_answer_accuracy=0.965875)
epoch 10/20 train loss=0.0162 acc=0.9999 em=0.9983 | val loss=0.0890 acc=0.9812 em=0.7440 | random≈0.0014
  saved best_loss.pt (val_answer_loss=0.088986)
  saved best_acc.pt (val_answer_accuracy=0.981187)
epoch 11/20 train loss=0.0081 acc=1.0000 em=1.0000 | val loss=0.0610 acc=0.9866 em=0.8100 | random≈0.0014
  saved best_loss.pt (val_answer_loss=0.061021)
  saved best_acc.pt (val_answer_accuracy=0.986594)
epoch 12/20 train loss=0.0055 acc=1.0000 em=1.0000 | val loss=0.0506 acc=0.9886 em=0.8375 | random≈0.0014
  saved best_loss.pt (val_answer_loss=0.050586)
  saved best_acc.pt (val_answer_accuracy=0.988625)
epoch 13/20 train loss=0.0041 acc=1.0000 em=1.0000 | val loss=0.0444 acc=0.9895 em=0.8470 | random≈0.0014
  saved best_loss.pt (val_answer_loss=0.044386)
  saved best_acc.pt (val_answer_accuracy=0.989531)
epoch 14/20 train loss=0.0032 acc=1.0000 em=1.0000 | val loss=0.0396 acc=0.9904 em=0.8595 | random≈0.0014
  saved best_loss.pt (val_answer_loss=0.039618)
  saved best_acc.pt (val_answer_accuracy=0.990406)
epoch 15/20 train loss=0.0026 acc=1.0000 em=1.0000 | val loss=0.0359 acc=0.9909 em=0.8670 | random≈0.0014
  saved best_loss.pt (val_answer_loss=0.035876)
  saved best_acc.pt (val_answer_accuracy=0.990938)
epoch 16/20 train loss=0.0021 acc=1.0000 em=1.0000 | val loss=0.0327 acc=0.9916 em=0.8760 | random≈0.0014
  saved best_loss.pt (val_answer_loss=0.032703)
  saved best_acc.pt (val_answer_accuracy=0.991594)
epoch 17/20 train loss=0.0018 acc=1.0000 em=1.0000 | val loss=0.0305 acc=0.9920 em=0.8810 | random≈0.0014
  saved best_loss.pt (val_answer_loss=0.030518)
  saved best_acc.pt (val_answer_accuracy=0.992000)
epoch 18/20 train loss=0.0015 acc=1.0000 em=1.0000 | val loss=0.0284 acc=0.9926 em=0.8895 | random≈0.0014
  saved best_loss.pt (val_answer_loss=0.028404)
  saved best_acc.pt (val_answer_accuracy=0.992625)
epoch 19/20 train loss=0.0013 acc=1.0000 em=1.0000 | val loss=0.0267 acc=0.9927 em=0.8905 | random≈0.0014
  saved best_loss.pt (val_answer_loss=0.026718)
epoch 20/20 train loss=0.0011 acc=1.0000 em=1.0000 | val loss=0.0251 acc=0.9931 em=0.8960 | random≈0.0014
  saved best_loss.pt (val_answer_loss=0.025130)
  saved best_acc.pt (val_answer_accuracy=0.993062)
test [best_loss_ckpt] loss=0.025818 acc=0.993750 em=0.905000
test [best_acc_ckpt]  loss=0.025818 acc=0.993750 em=0.905000 random_baseline≈0.001420
done. meta_metrics → /home/jovyan/shares/SR008.fs2/nvidenisov/other/repos/mamba/mamba_multi_scale_get_started/outputs/MQAR/mqar_sweep_C_ms_gated_stride2_L128_minNone_kv16_vocab704_train20000_seed42/meta_metrics.csv
