mqar_split_hashes: n_train=20000 uniq_train=20000 | n_val=2000 uniq_val=2000 | n_test=2000 uniq_test=2000
mqar_answer_positions[train]: min=16 mean=16.0000 max=16 (expected 16 per sample)
mqar_answer_positions[val]: min=16 mean=16.0000 max=16 (expected 16 per sample)
mqar_answer_positions[test]: min=16 mean=16.0000 max=16 (expected 16 per sample)
experiment=archeval_mqar_trans768_mamba2_split_ts_slow_veryslow_seed43 device=cuda:0 out_dir=/home/jovyan/shares/SR008.fs2/nvidenisov/other/repos/mamba/mamba_multi_scale_get_started/outputs/ArchEval/mqar_trans768_mamba2_split_ts_slow_veryslow_seed43
mqar data: fixed_examples=True random_baseline_acc≈1/vocab=0.001302 (vocab_size=768)
--- mqar resolved config (sanity) ---
  experiment.name: archeval_mqar_trans768_mamba2_split_ts_slow_veryslow_seed43
  model.backbone: mamba2_lm
  model.layer_headdims: [32, 32, 32, 32]
  model.multiscale.fast_layer_headdims: —
  model.multiscale.slow_layer_headdims: —
  model.multiscale.window_size: —
  model.multiscale.offsets: —
  model.multiscale.summary_mode: —
  model.multiscale.causal_mode: —
  model.multiscale.gate_type: —
  data.input_seq_len: 128
  data.num_kv_pairs: 16
  data.vocab_size: 768
  data.train_examples: 20000  val_examples: 2000  test_examples: 2000
  data.fixed_examples: True
  data.min_query_pos: null
  train.lr: 0.0003
  train.epochs: 20
  num_parameters_trainable: 2063040
  tags(backbone,fusion,stride): mamba2_lm, , 
--- end resolved config ---
epoch 1/20 train loss=5.9561 acc=0.0033 em=0.0000 | val loss=5.9679 acc=0.0027 em=0.0000 | random≈0.0013
  saved best_loss.pt (val_answer_loss=5.967930)
  saved best_acc.pt (val_answer_accuracy=0.002750)
epoch 2/20 train loss=5.9156 acc=0.0114 em=0.0000 | val loss=5.9569 acc=0.0092 em=0.0000 | random≈0.0013
  saved best_loss.pt (val_answer_loss=5.956910)
  saved best_acc.pt (val_answer_accuracy=0.009156)
epoch 3/20 train loss=5.6992 acc=0.0472 em=0.0000 | val loss=5.8533 acc=0.0417 em=0.0000 | random≈0.0013
  saved best_loss.pt (val_answer_loss=5.853270)
  saved best_acc.pt (val_answer_accuracy=0.041656)
epoch 4/20 train loss=4.8541 acc=0.1738 em=0.0000 | val loss=5.1412 acc=0.1487 em=0.0000 | random≈0.0013
  saved best_loss.pt (val_answer_loss=5.141240)
  saved best_acc.pt (val_answer_accuracy=0.148750)
epoch 5/20 train loss=1.1689 acc=0.8040 em=0.0234 | val loss=1.3369 acc=0.7612 em=0.0075 | random≈0.0013
  saved best_loss.pt (val_answer_loss=1.336899)
  saved best_acc.pt (val_answer_accuracy=0.761219)
epoch 6/20 train loss=0.1236 acc=0.9897 em=0.8488 | val loss=0.1873 acc=0.9722 em=0.6365 | random≈0.0013
  saved best_loss.pt (val_answer_loss=0.187254)
  saved best_acc.pt (val_answer_accuracy=0.972219)
epoch 7/20 train loss=0.0297 acc=0.9994 em=0.9911 | val loss=0.0609 acc=0.9923 em=0.8850 | random≈0.0013
  saved best_loss.pt (val_answer_loss=0.060932)
  saved best_acc.pt (val_answer_accuracy=0.992344)
epoch 8/20 train loss=0.0126 acc=1.0000 em=0.9999 | val loss=0.0330 acc=0.9961 em=0.9390 | random≈0.0013
  saved best_loss.pt (val_answer_loss=0.033002)
  saved best_acc.pt (val_answer_accuracy=0.996125)
epoch 9/20 train loss=0.0077 acc=1.0000 em=1.0000 | val loss=0.0233 acc=0.9971 em=0.9540 | random≈0.0013
  saved best_loss.pt (val_answer_loss=0.023288)
  saved best_acc.pt (val_answer_accuracy=0.997062)
epoch 10/20 train loss=0.0055 acc=1.0000 em=1.0000 | val loss=0.0185 acc=0.9978 em=0.9650 | random≈0.0013
  saved best_loss.pt (val_answer_loss=0.018512)
  saved best_acc.pt (val_answer_accuracy=0.997750)
epoch 11/20 train loss=0.0042 acc=1.0000 em=1.0000 | val loss=0.0154 acc=0.9979 em=0.9675 | random≈0.0013
  saved best_loss.pt (val_answer_loss=0.015398)
  saved best_acc.pt (val_answer_accuracy=0.997906)
epoch 12/20 train loss=0.0033 acc=1.0000 em=1.0000 | val loss=0.0132 acc=0.9982 em=0.9720 | random≈0.0013
  saved best_loss.pt (val_answer_loss=0.013237)
  saved best_acc.pt (val_answer_accuracy=0.998219)
epoch 13/20 train loss=0.0026 acc=1.0000 em=1.0000 | val loss=0.0117 acc=0.9983 em=0.9735 | random≈0.0013
  saved best_loss.pt (val_answer_loss=0.011694)
epoch 14/20 train loss=0.0022 acc=1.0000 em=1.0000 | val loss=0.0104 acc=0.9986 em=0.9775 | random≈0.0013
  saved best_loss.pt (val_answer_loss=0.010391)
  saved best_acc.pt (val_answer_accuracy=0.998563)
epoch 15/20 train loss=0.0018 acc=1.0000 em=1.0000 | val loss=0.0093 acc=0.9986 em=0.9775 | random≈0.0013
  saved best_loss.pt (val_answer_loss=0.009281)
epoch 16/20 train loss=0.0015 acc=1.0000 em=1.0000 | val loss=0.0084 acc=0.9986 em=0.9780 | random≈0.0013
  saved best_loss.pt (val_answer_loss=0.008404)
epoch 17/20 train loss=0.0013 acc=1.0000 em=1.0000 | val loss=0.0077 acc=0.9988 em=0.9805 | random≈0.0013
  saved best_loss.pt (val_answer_loss=0.007680)
  saved best_acc.pt (val_answer_accuracy=0.998750)
epoch 18/20 train loss=0.0011 acc=1.0000 em=1.0000 | val loss=0.0070 acc=0.9989 em=0.9830 | random≈0.0013
  saved best_loss.pt (val_answer_loss=0.007002)
  saved best_acc.pt (val_answer_accuracy=0.998906)
epoch 19/20 train loss=0.0010 acc=1.0000 em=1.0000 | val loss=0.0065 acc=0.9988 em=0.9820 | random≈0.0013
  saved best_loss.pt (val_answer_loss=0.006497)
epoch 20/20 train loss=0.0009 acc=1.0000 em=1.0000 | val loss=0.0060 acc=0.9989 em=0.9830 | random≈0.0013
  saved best_loss.pt (val_answer_loss=0.006003)
test [best_loss_ckpt] loss=0.006114 acc=0.999031 em=0.984500
test [best_acc_ckpt]  loss=0.007179 acc=0.998812 em=0.981000 random_baseline≈0.001302
done. meta_metrics → /home/jovyan/shares/SR008.fs2/nvidenisov/other/repos/mamba/mamba_multi_scale_get_started/outputs/ArchEval/mqar_trans768_mamba2_split_ts_slow_veryslow_seed43/meta_metrics.csv
