mqar_split_hashes: n_train=20000 uniq_train=20000 | n_val=2000 uniq_val=2000 | n_test=2000 uniq_test=2000
mqar_answer_positions[train]: min=16 mean=16.0000 max=16 (expected 16 per sample)
mqar_answer_positions[val]: min=16 mean=16.0000 max=16 (expected 16 per sample)
mqar_answer_positions[test]: min=16 mean=16.0000 max=16 (expected 16 per sample)
experiment=mqar_fail_ms_gated_slow_init_v896_seed43 device=cuda:0 out_dir=/home/jovyan/shares/SR008.fs2/nvidenisov/other/repos/mamba/mamba_multi_scale_get_started/outputs/MQARFailureSweep/mqar_fail_ms_gated_slow_init_v896_seed43
mqar data: fixed_examples=True random_baseline_acc≈1/vocab=0.001116 (vocab_size=896)
--- mqar resolved config (sanity) ---
  experiment.name: mqar_fail_ms_gated_slow_init_v896_seed43
  model.backbone: multiscale_mamba2_lm
  model.layer_headdims: [32, 32, 32, 32]
  model.multiscale.fast_layer_headdims: [32, 32, 32, 32]
  model.multiscale.slow_layer_headdims: [32, 32]
  model.multiscale.window_size: —
  model.multiscale.offsets: —
  model.multiscale.summary_mode: —
  model.multiscale.causal_mode: —
  model.multiscale.gate_type: —
  data.input_seq_len: 128
  data.num_kv_pairs: 16
  data.vocab_size: 896
  data.train_examples: 20000  val_examples: 2000  test_examples: 2000
  data.fixed_examples: True
  data.min_query_pos: null
  train.lr: 0.0003
  train.epochs: 20
  num_parameters_trainable: 3095328
  tags(backbone,fusion,stride): multiscale_mamba2_lm, gated, 2
--- end resolved config ---
epoch 1/20 train loss=6.1097 acc=0.0027 em=0.0000 | val loss=6.1231 acc=0.0017 em=0.0000 | random≈0.0011
  saved best_loss.pt (val_answer_loss=6.123092)
  saved best_acc.pt (val_answer_accuracy=0.001656)
epoch 2/20 train loss=6.0774 acc=0.0066 em=0.0000 | val loss=6.1199 acc=0.0042 em=0.0000 | random≈0.0011
  saved best_loss.pt (val_answer_loss=6.119865)
  saved best_acc.pt (val_answer_accuracy=0.004188)
epoch 3/20 train loss=5.9486 acc=0.0239 em=0.0000 | val loss=6.1005 acc=0.0174 em=0.0000 | random≈0.0011
  saved best_loss.pt (val_answer_loss=6.100524)
  saved best_acc.pt (val_answer_accuracy=0.017438)
epoch 4/20 train loss=5.5848 acc=0.0617 em=0.0000 | val loss=6.0416 acc=0.0399 em=0.0000 | random≈0.0011
  saved best_loss.pt (val_answer_loss=6.041554)
  saved best_acc.pt (val_answer_accuracy=0.039938)
epoch 5/20 train loss=4.9790 acc=0.1371 em=0.0000 | val loss=5.8108 acc=0.0745 em=0.0000 | random≈0.0011
  saved best_loss.pt (val_answer_loss=5.810842)
  saved best_acc.pt (val_answer_accuracy=0.074469)
epoch 6/20 train loss=3.7421 acc=0.3432 em=0.0000 | val loss=4.7411 acc=0.2167 em=0.0000 | random≈0.0011
  saved best_loss.pt (val_answer_loss=4.741081)
  saved best_acc.pt (val_answer_accuracy=0.216719)
epoch 7/20 train loss=0.8486 acc=0.8879 em=0.1418 | val loss=1.3277 acc=0.7808 em=0.0140 | random≈0.0011
  saved best_loss.pt (val_answer_loss=1.327696)
  saved best_acc.pt (val_answer_accuracy=0.780781)
epoch 8/20 train loss=0.0781 acc=0.9943 em=0.9133 | val loss=0.1914 acc=0.9689 em=0.6065 | random≈0.0011
  saved best_loss.pt (val_answer_loss=0.191351)
  saved best_acc.pt (val_answer_accuracy=0.968906)
epoch 9/20 train loss=0.0211 acc=0.9995 em=0.9926 | val loss=0.0755 acc=0.9872 em=0.8190 | random≈0.0011
  saved best_loss.pt (val_answer_loss=0.075490)
  saved best_acc.pt (val_answer_accuracy=0.987219)
epoch 10/20 train loss=0.0087 acc=1.0000 em=0.9999 | val loss=0.0412 acc=0.9931 em=0.8975 | random≈0.0011
  saved best_loss.pt (val_answer_loss=0.041199)
  saved best_acc.pt (val_answer_accuracy=0.993125)
epoch 11/20 train loss=0.0057 acc=1.0000 em=1.0000 | val loss=0.0321 acc=0.9943 em=0.9150 | random≈0.0011
  saved best_loss.pt (val_answer_loss=0.032079)
  saved best_acc.pt (val_answer_accuracy=0.994313)
epoch 12/20 train loss=0.0041 acc=1.0000 em=1.0000 | val loss=0.0264 acc=0.9952 em=0.9270 | random≈0.0011
  saved best_loss.pt (val_answer_loss=0.026395)
  saved best_acc.pt (val_answer_accuracy=0.995219)
epoch 13/20 train loss=0.0032 acc=1.0000 em=1.0000 | val loss=0.0230 acc=0.9957 em=0.9340 | random≈0.0011
  saved best_loss.pt (val_answer_loss=0.023046)
  saved best_acc.pt (val_answer_accuracy=0.995719)
epoch 14/20 train loss=0.0026 acc=1.0000 em=1.0000 | val loss=0.0202 acc=0.9960 em=0.9380 | random≈0.0011
  saved best_loss.pt (val_answer_loss=0.020168)
  saved best_acc.pt (val_answer_accuracy=0.996031)
epoch 15/20 train loss=0.0021 acc=1.0000 em=1.0000 | val loss=0.0184 acc=0.9963 em=0.9425 | random≈0.0011
  saved best_loss.pt (val_answer_loss=0.018370)
  saved best_acc.pt (val_answer_accuracy=0.996344)
epoch 16/20 train loss=0.0018 acc=1.0000 em=1.0000 | val loss=0.0167 acc=0.9965 em=0.9445 | random≈0.0011
  saved best_loss.pt (val_answer_loss=0.016667)
  saved best_acc.pt (val_answer_accuracy=0.996469)
epoch 17/20 train loss=0.0015 acc=1.0000 em=1.0000 | val loss=0.0152 acc=0.9968 em=0.9485 | random≈0.0011
  saved best_loss.pt (val_answer_loss=0.015217)
  saved best_acc.pt (val_answer_accuracy=0.996750)
epoch 18/20 train loss=0.0013 acc=1.0000 em=1.0000 | val loss=0.0141 acc=0.9970 em=0.9520 | random≈0.0011
  saved best_loss.pt (val_answer_loss=0.014087)
  saved best_acc.pt (val_answer_accuracy=0.996969)
epoch 19/20 train loss=0.0011 acc=1.0000 em=1.0000 | val loss=0.0129 acc=0.9969 em=0.9520 | random≈0.0011
  saved best_loss.pt (val_answer_loss=0.012942)
epoch 20/20 train loss=0.0010 acc=1.0000 em=1.0000 | val loss=0.0122 acc=0.9971 em=0.9540 | random≈0.0011
  saved best_loss.pt (val_answer_loss=0.012168)
test [best_loss_ckpt] loss=0.011438 acc=0.997437 em=0.959500
test [best_acc_ckpt]  loss=0.013340 acc=0.997156 em=0.954500 random_baseline≈0.001116
done. meta_metrics → /home/jovyan/shares/SR008.fs2/nvidenisov/other/repos/mamba/mamba_multi_scale_get_started/outputs/MQARFailureSweep/mqar_fail_ms_gated_slow_init_v896_seed43/meta_metrics.csv
