mqar_split_hashes: n_train=20000 uniq_train=20000 | n_val=2000 uniq_val=2000 | n_test=2000 uniq_test=2000
mqar_answer_positions[train]: min=16 mean=16.0000 max=16 (expected 16 per sample)
mqar_answer_positions[val]: min=16 mean=16.0000 max=16 (expected 16 per sample)
mqar_answer_positions[test]: min=16 mean=16.0000 max=16 (expected 16 per sample)
experiment=mqar_fail_mamba2_slow_init_v704_seed49 device=cuda:0 out_dir=/home/jovyan/shares/SR008.fs2/nvidenisov/other/repos/mamba/mamba_multi_scale_get_started/outputs/MQARFailureSweep/mqar_fail_mamba2_slow_init_v704_seed49
mqar data: fixed_examples=True random_baseline_acc≈1/vocab=0.001420 (vocab_size=704)
--- mqar resolved config (sanity) ---
  experiment.name: mqar_fail_mamba2_slow_init_v704_seed49
  model.backbone: mamba2_lm
  model.layer_headdims: [32, 32, 32, 32]
  model.multiscale.fast_layer_headdims: —
  model.multiscale.slow_layer_headdims: —
  model.multiscale.window_size: —
  model.multiscale.offsets: —
  model.multiscale.summary_mode: —
  model.multiscale.causal_mode: —
  model.multiscale.gate_type: —
  data.input_seq_len: 128
  data.num_kv_pairs: 16
  data.vocab_size: 704
  data.train_examples: 20000  val_examples: 2000  test_examples: 2000
  data.fixed_examples: True
  data.min_query_pos: null
  train.lr: 0.0003
  train.epochs: 20
  num_parameters_trainable: 2030208
  tags(backbone,fusion,stride): mamba2_lm, , 
--- end resolved config ---
epoch 1/20 train loss=5.8688 acc=0.0036 em=0.0000 | val loss=5.8813 acc=0.0032 em=0.0000 | random≈0.0014
  saved best_loss.pt (val_answer_loss=5.881260)
  saved best_acc.pt (val_answer_accuracy=0.003156)
epoch 2/20 train loss=5.8321 acc=0.0101 em=0.0000 | val loss=5.8666 acc=0.0091 em=0.0000 | random≈0.0014
  saved best_loss.pt (val_answer_loss=5.866586)
  saved best_acc.pt (val_answer_accuracy=0.009062)
epoch 3/20 train loss=5.6552 acc=0.0420 em=0.0000 | val loss=5.7851 acc=0.0356 em=0.0000 | random≈0.0014
  saved best_loss.pt (val_answer_loss=5.785074)
  saved best_acc.pt (val_answer_accuracy=0.035594)
epoch 4/20 train loss=5.2761 acc=0.0801 em=0.0000 | val loss=5.5894 acc=0.0567 em=0.0000 | random≈0.0014
  saved best_loss.pt (val_answer_loss=5.589381)
  saved best_acc.pt (val_answer_accuracy=0.056656)
epoch 5/20 train loss=3.8943 acc=0.2700 em=0.0000 | val loss=4.2477 acc=0.2131 em=0.0000 | random≈0.0014
  saved best_loss.pt (val_answer_loss=4.247679)
  saved best_acc.pt (val_answer_accuracy=0.213062)
epoch 6/20 train loss=0.9933 acc=0.7994 em=0.0227 | val loss=1.2053 acc=0.7347 em=0.0025 | random≈0.0014
  saved best_loss.pt (val_answer_loss=1.205270)
  saved best_acc.pt (val_answer_accuracy=0.734719)
epoch 7/20 train loss=0.1228 acc=0.9858 em=0.7978 | val loss=0.1909 acc=0.9666 em=0.5775 | random≈0.0014
  saved best_loss.pt (val_answer_loss=0.190867)
  saved best_acc.pt (val_answer_accuracy=0.966625)
epoch 8/20 train loss=0.0271 acc=0.9992 em=0.9872 | val loss=0.0597 acc=0.9902 em=0.8520 | random≈0.0014
  saved best_loss.pt (val_answer_loss=0.059697)
  saved best_acc.pt (val_answer_accuracy=0.990187)
epoch 9/20 train loss=0.0113 acc=1.0000 em=0.9999 | val loss=0.0325 acc=0.9951 em=0.9225 | random≈0.0014
  saved best_loss.pt (val_answer_loss=0.032529)
  saved best_acc.pt (val_answer_accuracy=0.995094)
epoch 10/20 train loss=0.0069 acc=1.0000 em=1.0000 | val loss=0.0236 acc=0.9964 em=0.9425 | random≈0.0014
  saved best_loss.pt (val_answer_loss=0.023635)
  saved best_acc.pt (val_answer_accuracy=0.996406)
epoch 11/20 train loss=0.0050 acc=1.0000 em=1.0000 | val loss=0.0196 acc=0.9966 em=0.9465 | random≈0.0014
  saved best_loss.pt (val_answer_loss=0.019564)
  saved best_acc.pt (val_answer_accuracy=0.996594)
epoch 12/20 train loss=0.0038 acc=1.0000 em=1.0000 | val loss=0.0168 acc=0.9969 em=0.9505 | random≈0.0014
  saved best_loss.pt (val_answer_loss=0.016822)
  saved best_acc.pt (val_answer_accuracy=0.996875)
epoch 13/20 train loss=0.0030 acc=1.0000 em=1.0000 | val loss=0.0148 acc=0.9972 em=0.9565 | random≈0.0014
  saved best_loss.pt (val_answer_loss=0.014816)
  saved best_acc.pt (val_answer_accuracy=0.997250)
epoch 14/20 train loss=0.0025 acc=1.0000 em=1.0000 | val loss=0.0132 acc=0.9976 em=0.9610 | random≈0.0014
  saved best_loss.pt (val_answer_loss=0.013180)
  saved best_acc.pt (val_answer_accuracy=0.997563)
epoch 15/20 train loss=0.0021 acc=1.0000 em=1.0000 | val loss=0.0119 acc=0.9978 em=0.9650 | random≈0.0014
  saved best_loss.pt (val_answer_loss=0.011926)
  saved best_acc.pt (val_answer_accuracy=0.997812)
epoch 16/20 train loss=0.0017 acc=1.0000 em=1.0000 | val loss=0.0109 acc=0.9977 em=0.9635 | random≈0.0014
  saved best_loss.pt (val_answer_loss=0.010882)
epoch 17/20 train loss=0.0015 acc=1.0000 em=1.0000 | val loss=0.0099 acc=0.9981 em=0.9695 | random≈0.0014
  saved best_loss.pt (val_answer_loss=0.009915)
  saved best_acc.pt (val_answer_accuracy=0.998094)
epoch 18/20 train loss=0.0013 acc=1.0000 em=1.0000 | val loss=0.0091 acc=0.9983 em=0.9735 | random≈0.0014
  saved best_loss.pt (val_answer_loss=0.009107)
  saved best_acc.pt (val_answer_accuracy=0.998344)
epoch 19/20 train loss=0.0011 acc=1.0000 em=1.0000 | val loss=0.0085 acc=0.9984 em=0.9740 | random≈0.0014
  saved best_loss.pt (val_answer_loss=0.008454)
epoch 20/20 train loss=0.0010 acc=1.0000 em=1.0000 | val loss=0.0080 acc=0.9984 em=0.9745 | random≈0.0014
  saved best_loss.pt (val_answer_loss=0.007957)
test [best_loss_ckpt] loss=0.007764 acc=0.998469 em=0.976000
test [best_acc_ckpt]  loss=0.008983 acc=0.998281 em=0.973000 random_baseline≈0.001420
done. meta_metrics → /home/jovyan/shares/SR008.fs2/nvidenisov/other/repos/mamba/mamba_multi_scale_get_started/outputs/MQARFailureSweep/mqar_fail_mamba2_slow_init_v704_seed49/meta_metrics.csv
