mqar_split_hashes: n_train=20000 uniq_train=20000 | n_val=2000 uniq_val=2000 | n_test=2000 uniq_test=2000
mqar_answer_positions[train]: min=16 mean=16.0000 max=16 (expected 16 per sample)
mqar_answer_positions[val]: min=16 mean=16.0000 max=16 (expected 16 per sample)
mqar_answer_positions[test]: min=16 mean=16.0000 max=16 (expected 16 per sample)
experiment=mqar_fail_mamba2_split_ts_slow_default_v512_seed42 device=cuda:0 out_dir=/home/jovyan/shares/SR008.fs2/nvidenisov/other/repos/mamba/mamba_multi_scale_get_started/outputs/MQARFailureSweep/mqar_fail_mamba2_split_ts_slow_default_v512_seed42
mqar data: fixed_examples=True random_baseline_acc≈1/vocab=0.001953 (vocab_size=512)
--- mqar resolved config (sanity) ---
  experiment.name: mqar_fail_mamba2_split_ts_slow_default_v512_seed42
  model.backbone: mamba2_lm
  model.layer_headdims: [32, 32, 32, 32]
  model.multiscale.fast_layer_headdims: —
  model.multiscale.slow_layer_headdims: —
  model.multiscale.window_size: —
  model.multiscale.offsets: —
  model.multiscale.summary_mode: —
  model.multiscale.causal_mode: —
  model.multiscale.gate_type: —
  data.input_seq_len: 128
  data.num_kv_pairs: 16
  data.vocab_size: 512
  data.train_examples: 20000  val_examples: 2000  test_examples: 2000
  data.fixed_examples: True
  data.min_query_pos: null
  train.lr: 0.0003
  train.epochs: 20
  num_parameters_trainable: 1931712
  tags(backbone,fusion,stride): mamba2_lm, , 
--- end resolved config ---
epoch 1/20 train loss=5.5502 acc=0.0048 em=0.0000 | val loss=5.5617 acc=0.0035 em=0.0000 | random≈0.0020
  saved best_loss.pt (val_answer_loss=5.561705)
  saved best_acc.pt (val_answer_accuracy=0.003469)
epoch 2/20 train loss=5.4395 acc=0.0390 em=0.0000 | val loss=5.4895 acc=0.0362 em=0.0000 | random≈0.0020
  saved best_loss.pt (val_answer_loss=5.489478)
  saved best_acc.pt (val_answer_accuracy=0.036156)
epoch 3/20 train loss=5.0618 acc=0.0705 em=0.0000 | val loss=5.2006 acc=0.0597 em=0.0000 | random≈0.0020
  saved best_loss.pt (val_answer_loss=5.200646)
  saved best_acc.pt (val_answer_accuracy=0.059656)
epoch 4/20 train loss=3.1053 acc=0.3947 em=0.0000 | val loss=3.2798 acc=0.3582 em=0.0000 | random≈0.0020
  saved best_loss.pt (val_answer_loss=3.279801)
  saved best_acc.pt (val_answer_accuracy=0.358187)
epoch 5/20 train loss=0.3088 acc=0.9574 em=0.5017 | val loss=0.3823 acc=0.9341 em=0.3460 | random≈0.0020
  saved best_loss.pt (val_answer_loss=0.382273)
  saved best_acc.pt (val_answer_accuracy=0.934063)
epoch 6/20 train loss=0.0398 acc=0.9979 em=0.9670 | val loss=0.0668 acc=0.9909 em=0.8710 | random≈0.0020
  saved best_loss.pt (val_answer_loss=0.066753)
  saved best_acc.pt (val_answer_accuracy=0.990875)
epoch 7/20 train loss=0.0128 acc=1.0000 em=0.9996 | val loss=0.0289 acc=0.9965 em=0.9440 | random≈0.0020
  saved best_loss.pt (val_answer_loss=0.028878)
  saved best_acc.pt (val_answer_accuracy=0.996469)
epoch 8/20 train loss=0.0068 acc=1.0000 em=1.0000 | val loss=0.0186 acc=0.9976 em=0.9615 | random≈0.0020
  saved best_loss.pt (val_answer_loss=0.018556)
  saved best_acc.pt (val_answer_accuracy=0.997563)
epoch 9/20 train loss=0.0046 acc=1.0000 em=1.0000 | val loss=0.0143 acc=0.9982 em=0.9725 | random≈0.0020
  saved best_loss.pt (val_answer_loss=0.014289)
  saved best_acc.pt (val_answer_accuracy=0.998250)
epoch 10/20 train loss=0.0034 acc=1.0000 em=1.0000 | val loss=0.0117 acc=0.9985 em=0.9765 | random≈0.0020
  saved best_loss.pt (val_answer_loss=0.011692)
  saved best_acc.pt (val_answer_accuracy=0.998469)
epoch 11/20 train loss=0.0026 acc=1.0000 em=1.0000 | val loss=0.0099 acc=0.9986 em=0.9780 | random≈0.0020
  saved best_loss.pt (val_answer_loss=0.009895)
epoch 12/20 train loss=0.0021 acc=1.0000 em=1.0000 | val loss=0.0086 acc=0.9989 em=0.9825 | random≈0.0020
  saved best_loss.pt (val_answer_loss=0.008631)
  saved best_acc.pt (val_answer_accuracy=0.998875)
epoch 13/20 train loss=0.0017 acc=1.0000 em=1.0000 | val loss=0.0077 acc=0.9990 em=0.9840 | random≈0.0020
  saved best_loss.pt (val_answer_loss=0.007669)
epoch 14/20 train loss=0.0014 acc=1.0000 em=1.0000 | val loss=0.0069 acc=0.9991 em=0.9855 | random≈0.0020
  saved best_loss.pt (val_answer_loss=0.006889)
  saved best_acc.pt (val_answer_accuracy=0.999062)
epoch 15/20 train loss=0.0012 acc=1.0000 em=1.0000 | val loss=0.0062 acc=0.9990 em=0.9850 | random≈0.0020
  saved best_loss.pt (val_answer_loss=0.006218)
epoch 16/20 train loss=0.0010 acc=1.0000 em=1.0000 | val loss=0.0056 acc=0.9992 em=0.9875 | random≈0.0020
  saved best_loss.pt (val_answer_loss=0.005631)
  saved best_acc.pt (val_answer_accuracy=0.999188)
epoch 17/20 train loss=0.0009 acc=1.0000 em=1.0000 | val loss=0.0051 acc=0.9991 em=0.9865 | random≈0.0020
  saved best_loss.pt (val_answer_loss=0.005121)
epoch 18/20 train loss=0.0008 acc=1.0000 em=1.0000 | val loss=0.0048 acc=0.9992 em=0.9875 | random≈0.0020
  saved best_loss.pt (val_answer_loss=0.004753)
epoch 19/20 train loss=0.0007 acc=1.0000 em=1.0000 | val loss=0.0044 acc=0.9992 em=0.9885 | random≈0.0020
  saved best_loss.pt (val_answer_loss=0.004421)
epoch 20/20 train loss=0.0006 acc=1.0000 em=1.0000 | val loss=0.0041 acc=0.9992 em=0.9885 | random≈0.0020
  saved best_loss.pt (val_answer_loss=0.004149)
test [best_loss_ckpt] loss=0.004329 acc=0.999250 em=0.988500
test [best_acc_ckpt]  loss=0.005940 acc=0.998938 em=0.984000 random_baseline≈0.001953
done. meta_metrics → /home/jovyan/shares/SR008.fs2/nvidenisov/other/repos/mamba/mamba_multi_scale_get_started/outputs/MQARFailureSweep/mqar_fail_mamba2_split_ts_slow_default_v512_seed42/meta_metrics.csv
