experiment=archeval_lm_ms_film_stride2 device=cuda:0 out_dir=/home/jovyan/shares/SR008.fs2/nvidenisov/other/repos/mamba/mamba_multi_scale_get_started/outputs/ArchEval/lm_ms_film_stride2
early_stopping: patience=3 min_delta=0.0001 (disable with train.early_stopping.patience=0)
epoch 1/10 train_loss=2.9849 val_loss=2.4421 val_ppl=11.50 val_bpc=3.5232
  saved best.pt (val_loss=2.442106)
epoch 2/10 train_loss=2.2249 val_loss=2.1324 val_ppl=8.44 val_bpc=3.0764
  saved best.pt (val_loss=2.132422)
epoch 3/10 train_loss=1.9559 val_loss=1.9631 val_ppl=7.12 val_bpc=2.8321
  saved best.pt (val_loss=1.963096)
epoch 4/10 train_loss=1.7780 val_loss=1.8570 val_ppl=6.40 val_bpc=2.6791
  saved best.pt (val_loss=1.856998)
epoch 5/10 train_loss=1.6515 val_loss=1.7665 val_ppl=5.85 val_bpc=2.5485
  saved best.pt (val_loss=1.766468)
epoch 6/10 train_loss=1.5612 val_loss=1.6993 val_ppl=5.47 val_bpc=2.4515
  saved best.pt (val_loss=1.699269)
epoch 7/10 train_loss=1.4885 val_loss=1.6602 val_ppl=5.26 val_bpc=2.3952
  saved best.pt (val_loss=1.660219)
epoch 8/10 train_loss=1.4335 val_loss=1.6252 val_ppl=5.08 val_bpc=2.3447
  saved best.pt (val_loss=1.625237)
epoch 9/10 train_loss=1.3984 val_loss=1.5974 val_ppl=4.94 val_bpc=2.3046
  saved best.pt (val_loss=1.597437)
epoch 10/10 train_loss=1.3608 val_loss=1.5743 val_ppl=4.83 val_bpc=2.2712
  saved best.pt (val_loss=1.574257)
meta_metrics: train=28.50s eval=241.31s loop=272.16s setup=2.78s → meta_metrics.csv
