experiment=tsrch_d256_l6_h8_lr2em3_do0p05_s42 device=cuda:0 out_dir=/home/jovyan/shares/SR008.fs2/nvidenisov/other/repos/mamba/mamba_multi_scale_get_started/outputs/TransformerLMSearch/tsrch_d256_l6_h8_lr2em3_do0p05_s42
early_stopping: patience=8 min_delta=0.0001 (disable with train.early_stopping.patience=0)
epoch 1/50 train_loss=3.0435 val_loss=2.6354 val_ppl=13.95 val_bpc=3.8021
  saved best.pt (val_loss=2.635409)
epoch 2/50 train_loss=2.5732 val_loss=2.5250 val_ppl=12.49 val_bpc=3.6427
  saved best.pt (val_loss=2.524961)
epoch 3/50 train_loss=2.5040 val_loss=2.4937 val_ppl=12.11 val_bpc=3.5976
  saved best.pt (val_loss=2.493694)
epoch 4/50 train_loss=2.4759 val_loss=2.4725 val_ppl=11.85 val_bpc=3.5671
  saved best.pt (val_loss=2.472514)
epoch 5/50 train_loss=2.4560 val_loss=2.4663 val_ppl=11.78 val_bpc=3.5580
  saved best.pt (val_loss=2.466252)
epoch 6/50 train_loss=2.4359 val_loss=2.4347 val_ppl=11.41 val_bpc=3.5126
  saved best.pt (val_loss=2.434726)
epoch 7/50 train_loss=2.4134 val_loss=2.4145 val_ppl=11.18 val_bpc=3.4834
  saved best.pt (val_loss=2.414507)
epoch 8/50 train_loss=2.3691 val_loss=2.3621 val_ppl=10.61 val_bpc=3.4078
  saved best.pt (val_loss=2.362080)
epoch 9/50 train_loss=2.3138 val_loss=2.2968 val_ppl=9.94 val_bpc=3.3135
  saved best.pt (val_loss=2.296768)
epoch 10/50 train_loss=2.2350 val_loss=2.2118 val_ppl=9.13 val_bpc=3.1909
  saved best.pt (val_loss=2.211778)
epoch 11/50 train_loss=2.1799 val_loss=2.1577 val_ppl=8.65 val_bpc=3.1130
  saved best.pt (val_loss=2.157738)
epoch 12/50 train_loss=2.0851 val_loss=2.0976 val_ppl=8.15 val_bpc=3.0262
  saved best.pt (val_loss=2.097620)
epoch 13/50 train_loss=1.9965 val_loss=2.0339 val_ppl=7.64 val_bpc=2.9343
  saved best.pt (val_loss=2.033924)
epoch 14/50 train_loss=1.9386 val_loss=1.9939 val_ppl=7.34 val_bpc=2.8765
  saved best.pt (val_loss=1.993870)
epoch 15/50 train_loss=1.8792 val_loss=1.9389 val_ppl=6.95 val_bpc=2.7972
  saved best.pt (val_loss=1.938906)
epoch 16/50 train_loss=1.8225 val_loss=1.8947 val_ppl=6.65 val_bpc=2.7335
  saved best.pt (val_loss=1.894699)
epoch 17/50 train_loss=1.7747 val_loss=1.8542 val_ppl=6.39 val_bpc=2.6750
  saved best.pt (val_loss=1.854200)
epoch 18/50 train_loss=1.7329 val_loss=1.8218 val_ppl=6.18 val_bpc=2.6282
  saved best.pt (val_loss=1.821754)
epoch 19/50 train_loss=1.6961 val_loss=1.7879 val_ppl=5.98 val_bpc=2.5794
  saved best.pt (val_loss=1.787879)
epoch 20/50 train_loss=1.6574 val_loss=1.7705 val_ppl=5.87 val_bpc=2.5543
  saved best.pt (val_loss=1.770507)
epoch 21/50 train_loss=1.6309 val_loss=1.7395 val_ppl=5.69 val_bpc=2.5095
  saved best.pt (val_loss=1.739482)
epoch 22/50 train_loss=1.5985 val_loss=1.7237 val_ppl=5.61 val_bpc=2.4868
  saved best.pt (val_loss=1.723685)
epoch 23/50 train_loss=1.5795 val_loss=1.7048 val_ppl=5.50 val_bpc=2.4594
  saved best.pt (val_loss=1.704758)
epoch 24/50 train_loss=1.5591 val_loss=1.6846 val_ppl=5.39 val_bpc=2.4304
  saved best.pt (val_loss=1.684629)
epoch 25/50 train_loss=1.5348 val_loss=1.6642 val_ppl=5.28 val_bpc=2.4010
  saved best.pt (val_loss=1.664232)
epoch 26/50 train_loss=1.5216 val_loss=1.6550 val_ppl=5.23 val_bpc=2.3876
  saved best.pt (val_loss=1.654992)
epoch 27/50 train_loss=1.4969 val_loss=1.6432 val_ppl=5.17 val_bpc=2.3707
  saved best.pt (val_loss=1.643223)
epoch 28/50 train_loss=1.4897 val_loss=1.6231 val_ppl=5.07 val_bpc=2.3416
  saved best.pt (val_loss=1.623089)
epoch 29/50 train_loss=1.4621 val_loss=1.6213 val_ppl=5.06 val_bpc=2.3391
  saved best.pt (val_loss=1.621329)
epoch 30/50 train_loss=1.4507 val_loss=1.6118 val_ppl=5.01 val_bpc=2.3254
  saved best.pt (val_loss=1.611811)
epoch 31/50 train_loss=1.4413 val_loss=1.5970 val_ppl=4.94 val_bpc=2.3039
  saved best.pt (val_loss=1.596950)
epoch 32/50 train_loss=1.4206 val_loss=1.5923 val_ppl=4.91 val_bpc=2.2972
  saved best.pt (val_loss=1.592272)
epoch 33/50 train_loss=1.4156 val_loss=1.5867 val_ppl=4.89 val_bpc=2.2891
  saved best.pt (val_loss=1.586716)
epoch 34/50 train_loss=1.4002 val_loss=1.5763 val_ppl=4.84 val_bpc=2.2741
  saved best.pt (val_loss=1.576296)
epoch 35/50 train_loss=1.3944 val_loss=1.5719 val_ppl=4.82 val_bpc=2.2678
  saved best.pt (val_loss=1.571895)
epoch 36/50 train_loss=1.3751 val_loss=1.5739 val_ppl=4.83 val_bpc=2.2707
epoch 37/50 train_loss=1.3710 val_loss=1.5666 val_ppl=4.79 val_bpc=2.2602
  saved best.pt (val_loss=1.566629)
epoch 38/50 train_loss=1.3674 val_loss=1.5536 val_ppl=4.73 val_bpc=2.2414
  saved best.pt (val_loss=1.553622)
epoch 39/50 train_loss=1.3517 val_loss=1.5470 val_ppl=4.70 val_bpc=2.2319
  saved best.pt (val_loss=1.547013)
epoch 40/50 train_loss=1.3465 val_loss=1.5435 val_ppl=4.68 val_bpc=2.2268
  saved best.pt (val_loss=1.543498)
epoch 41/50 train_loss=1.3328 val_loss=1.5479 val_ppl=4.70 val_bpc=2.2331
epoch 42/50 train_loss=1.3314 val_loss=1.5408 val_ppl=4.67 val_bpc=2.2230
  saved best.pt (val_loss=1.540844)
epoch 43/50 train_loss=1.3200 val_loss=1.5355 val_ppl=4.64 val_bpc=2.2152
  saved best.pt (val_loss=1.535460)
epoch 44/50 train_loss=1.3134 val_loss=1.5299 val_ppl=4.62 val_bpc=2.2072
  saved best.pt (val_loss=1.529911)
epoch 45/50 train_loss=1.3043 val_loss=1.5315 val_ppl=4.63 val_bpc=2.2095
epoch 46/50 train_loss=1.2938 val_loss=1.5330 val_ppl=4.63 val_bpc=2.2116
epoch 47/50 train_loss=1.2950 val_loss=1.5222 val_ppl=4.58 val_bpc=2.1960
  saved best.pt (val_loss=1.522171)
epoch 48/50 train_loss=1.2906 val_loss=1.5153 val_ppl=4.55 val_bpc=2.1861
  saved best.pt (val_loss=1.515291)
epoch 49/50 train_loss=1.2795 val_loss=1.5170 val_ppl=4.56 val_bpc=2.1886
epoch 50/50 train_loss=1.2768 val_loss=1.5144 val_ppl=4.55 val_bpc=2.1849
  saved best.pt (val_loss=1.514426)
meta_metrics: train=39.82s eval=650.71s loop=700.54s setup=0.64s → meta_metrics.csv
