mqar_split_hashes: n_train=20000 uniq_train=20000 | n_val=2000 uniq_val=2000 | n_test=2000 uniq_test=2000
mqar_answer_positions[train]: min=16 mean=16.0000 max=16 (expected 16 per sample)
mqar_answer_positions[val]: min=16 mean=16.0000 max=16 (expected 16 per sample)
mqar_answer_positions[test]: min=16 mean=16.0000 max=16 (expected 16 per sample)
experiment=archeval_mqar_easy_ms_gated_right_init_equal_param_seed42 device=cuda:0 out_dir=/home/jovyan/shares/SR008.fs2/nvidenisov/other/repos/mamba/mamba_multi_scale_get_started/outputs/ArchEval/mqar_easy_ms_gated_right_init_equal_param_seed42
mqar data: fixed_examples=True random_baseline_acc≈1/vocab=0.001953 (vocab_size=512)
--- mqar resolved config (sanity) ---
  experiment.name: archeval_mqar_easy_ms_gated_right_init_equal_param_seed42
  model.backbone: multiscale_mamba2_lm
  model.layer_headdims: [14, 14, 14, 14]
  model.multiscale.fast_layer_headdims: [14, 14, 14, 14]
  model.multiscale.slow_layer_headdims: [14, 14]
  model.multiscale.window_size: —
  model.multiscale.offsets: —
  model.multiscale.summary_mode: —
  model.multiscale.causal_mode: —
  model.multiscale.gate_type: —
  data.input_seq_len: 128
  data.num_kv_pairs: 16
  data.vocab_size: 512
  data.train_examples: 20000  val_examples: 2000  test_examples: 2000
  data.fixed_examples: True
  data.min_query_pos: null
  train.lr: 0.0003
  train.epochs: 20
  num_parameters_trainable: 1906079
  tags(backbone,fusion,stride): multiscale_mamba2_lm, gated, 2
--- end resolved config ---
mqar_split_hashes: n_train=20000 uniq_train=20000 | n_val=2000 uniq_val=2000 | n_test=2000 uniq_test=2000
mqar_answer_positions[train]: min=16 mean=16.0000 max=16 (expected 16 per sample)
mqar_answer_positions[val]: min=16 mean=16.0000 max=16 (expected 16 per sample)
mqar_answer_positions[test]: min=16 mean=16.0000 max=16 (expected 16 per sample)
experiment=archeval_mqar_easy_ms_gated_right_init_equal_param_seed42 device=cuda:0 out_dir=/home/jovyan/shares/SR008.fs2/nvidenisov/other/repos/mamba/mamba_multi_scale_get_started/outputs/ArchEval/mqar_easy_ms_gated_right_init_equal_param_seed42
mqar data: fixed_examples=True random_baseline_acc≈1/vocab=0.001953 (vocab_size=512)
--- mqar resolved config (sanity) ---
  experiment.name: archeval_mqar_easy_ms_gated_right_init_equal_param_seed42
  model.backbone: multiscale_mamba2_lm
  model.layer_headdims: [16, 16, 16, 16]
  model.multiscale.fast_layer_headdims: [16, 16, 16, 16]
  model.multiscale.slow_layer_headdims: [16, 16]
  model.multiscale.window_size: —
  model.multiscale.offsets: —
  model.multiscale.summary_mode: —
  model.multiscale.causal_mode: —
  model.multiscale.gate_type: —
  data.input_seq_len: 128
  data.num_kv_pairs: 16
  data.vocab_size: 512
  data.train_examples: 20000  val_examples: 2000  test_examples: 2000
  data.fixed_examples: True
  data.min_query_pos: null
  train.lr: 0.0003
  train.epochs: 20
  num_parameters_trainable: 1924880
  tags(backbone,fusion,stride): multiscale_mamba2_lm, gated, 2
--- end resolved config ---
epoch 1/20 train loss=5.5522 acc=0.0048 em=0.0000 | val loss=5.5615 acc=0.0037 em=0.0000 | random≈0.0020
  saved best_loss.pt (val_answer_loss=5.561473)
  saved best_acc.pt (val_answer_accuracy=0.003750)
epoch 2/20 train loss=5.5223 acc=0.0177 em=0.0000 | val loss=5.5440 acc=0.0159 em=0.0000 | random≈0.0020
  saved best_loss.pt (val_answer_loss=5.543955)
  saved best_acc.pt (val_answer_accuracy=0.015875)
epoch 3/20 train loss=5.2720 acc=0.0585 em=0.0000 | val loss=5.3539 acc=0.0524 em=0.0000 | random≈0.0020
  saved best_loss.pt (val_answer_loss=5.353915)
  saved best_acc.pt (val_answer_accuracy=0.052437)
epoch 4/20 train loss=3.0294 acc=0.4603 em=0.0000 | val loss=3.1490 acc=0.4375 em=0.0000 | random≈0.0020
  saved best_loss.pt (val_answer_loss=3.149023)
  saved best_acc.pt (val_answer_accuracy=0.437500)
epoch 5/20 train loss=0.1243 acc=0.9946 em=0.9180 | val loss=0.1556 acc=0.9885 em=0.8365 | random≈0.0020
  saved best_loss.pt (val_answer_loss=0.155568)
  saved best_acc.pt (val_answer_accuracy=0.988500)
epoch 6/20 train loss=0.0244 acc=0.9999 em=0.9981 | val loss=0.0372 acc=0.9979 em=0.9665 | random≈0.0020
  saved best_loss.pt (val_answer_loss=0.037227)
  saved best_acc.pt (val_answer_accuracy=0.997875)
epoch 7/20 train loss=0.0113 acc=1.0000 em=1.0000 | val loss=0.0193 acc=0.9991 em=0.9850 | random≈0.0020
  saved best_loss.pt (val_answer_loss=0.019287)
  saved best_acc.pt (val_answer_accuracy=0.999062)
epoch 8/20 train loss=0.0071 acc=1.0000 em=1.0000 | val loss=0.0132 acc=0.9992 em=0.9880 | random≈0.0020
  saved best_loss.pt (val_answer_loss=0.013231)
  saved best_acc.pt (val_answer_accuracy=0.999250)
epoch 9/20 train loss=0.0051 acc=1.0000 em=1.0000 | val loss=0.0101 acc=0.9993 em=0.9895 | random≈0.0020
  saved best_loss.pt (val_answer_loss=0.010102)
epoch 10/20 train loss=0.0038 acc=1.0000 em=1.0000 | val loss=0.0080 acc=0.9994 em=0.9910 | random≈0.0020
  saved best_loss.pt (val_answer_loss=0.008008)
  saved best_acc.pt (val_answer_accuracy=0.999437)
epoch 11/20 train loss=0.0030 acc=1.0000 em=1.0000 | val loss=0.0067 acc=0.9995 em=0.9920 | random≈0.0020
  saved best_loss.pt (val_answer_loss=0.006700)
epoch 12/20 train loss=0.0024 acc=1.0000 em=1.0000 | val loss=0.0057 acc=0.9996 em=0.9930 | random≈0.0020
  saved best_loss.pt (val_answer_loss=0.005702)
  saved best_acc.pt (val_answer_accuracy=0.999563)
epoch 13/20 train loss=0.0020 acc=1.0000 em=1.0000 | val loss=0.0050 acc=0.9995 em=0.9920 | random≈0.0020
  saved best_loss.pt (val_answer_loss=0.004980)
epoch 14/20 train loss=0.0017 acc=1.0000 em=1.0000 | val loss=0.0043 acc=0.9996 em=0.9930 | random≈0.0020
  saved best_loss.pt (val_answer_loss=0.004331)
epoch 15/20 train loss=0.0014 acc=1.0000 em=1.0000 | val loss=0.0039 acc=0.9996 em=0.9935 | random≈0.0020
  saved best_loss.pt (val_answer_loss=0.003893)
epoch 16/20 train loss=0.0012 acc=1.0000 em=1.0000 | val loss=0.0035 acc=0.9996 em=0.9940 | random≈0.0020
  saved best_loss.pt (val_answer_loss=0.003501)
epoch 17/20 train loss=0.0010 acc=1.0000 em=1.0000 | val loss=0.0032 acc=0.9996 em=0.9940 | random≈0.0020
  saved best_loss.pt (val_answer_loss=0.003175)
epoch 18/20 train loss=0.0009 acc=1.0000 em=1.0000 | val loss=0.0029 acc=0.9997 em=0.9950 | random≈0.0020
  saved best_loss.pt (val_answer_loss=0.002891)
  saved best_acc.pt (val_answer_accuracy=0.999687)
epoch 19/20 train loss=0.0008 acc=1.0000 em=1.0000 | val loss=0.0026 acc=0.9997 em=0.9955 | random≈0.0020
  saved best_loss.pt (val_answer_loss=0.002642)
epoch 20/20 train loss=0.0007 acc=1.0000 em=1.0000 | val loss=0.0024 acc=0.9997 em=0.9955 | random≈0.0020
  saved best_loss.pt (val_answer_loss=0.002444)
test [best_loss_ckpt] loss=0.002049 acc=0.999844 em=0.997500
test [best_acc_ckpt]  loss=0.002540 acc=0.999687 em=0.995000 random_baseline≈0.001953
done. meta_metrics → /home/jovyan/shares/SR008.fs2/nvidenisov/other/repos/mamba/mamba_multi_scale_get_started/outputs/ArchEval/mqar_easy_ms_gated_right_init_equal_param_seed42/meta_metrics.csv
