mqar_split_hashes: n_train=20000 uniq_train=20000 | n_val=2000 uniq_val=2000 | n_test=2000 uniq_test=2000
mqar_answer_positions[train]: min=16 mean=16.0000 max=16 (expected 16 per sample)
mqar_answer_positions[val]: min=16 mean=16.0000 max=16 (expected 16 per sample)
mqar_answer_positions[test]: min=16 mean=16.0000 max=16 (expected 16 per sample)
experiment=archeval_mqar_trans768_ms_gated_right_init_d_model_128_seed44 device=cuda:0 out_dir=/home/jovyan/shares/SR008.fs2/nvidenisov/other/repos/mamba/mamba_multi_scale_get_started/outputs/ArchEval/mqar_trans768_ms_gated_right_init_d_model_128_seed44
mqar data: fixed_examples=True random_baseline_acc≈1/vocab=0.001302 (vocab_size=768)
--- mqar resolved config (sanity) ---
  experiment.name: archeval_mqar_trans768_ms_gated_right_init_d_model_128_seed44
  model.backbone: multiscale_mamba2_lm
  model.layer_headdims: [32, 32, 32, 32, 32, 32]
  model.multiscale.fast_layer_headdims: [32, 32, 32, 32, 32, 32]
  model.multiscale.slow_layer_headdims: [32, 32, 32, 32, 32, 32]
  model.multiscale.window_size: —
  model.multiscale.offsets: —
  model.multiscale.summary_mode: —
  model.multiscale.causal_mode: —
  model.multiscale.gate_type: —
  data.input_seq_len: 128
  data.num_kv_pairs: 16
  data.vocab_size: 768
  data.train_examples: 20000  val_examples: 2000  test_examples: 2000
  data.fixed_examples: True
  data.min_query_pos: null
  train.lr: 0.0003
  train.epochs: 20
  num_parameters_trainable: 2754496
  tags(backbone,fusion,stride): multiscale_mamba2_lm, gated, 2
--- end resolved config ---
epoch 1/20 train loss=5.9636 acc=0.0031 em=0.0000 | val loss=5.9729 acc=0.0034 em=0.0000 | random≈0.0013
  saved best_loss.pt (val_answer_loss=5.972886)
  saved best_acc.pt (val_answer_accuracy=0.003406)
epoch 2/20 train loss=5.9378 acc=0.0046 em=0.0000 | val loss=5.9687 acc=0.0025 em=0.0000 | random≈0.0013
  saved best_loss.pt (val_answer_loss=5.968669)
epoch 3/20 train loss=5.8478 acc=0.0130 em=0.0000 | val loss=5.9790 acc=0.0022 em=0.0000 | random≈0.0013
epoch 4/20 train loss=5.5173 acc=0.0536 em=0.0000 | val loss=6.0476 acc=0.0042 em=0.0000 | random≈0.0013
  saved best_acc.pt (val_answer_accuracy=0.004156)
epoch 5/20 train loss=4.9890 acc=0.1372 em=0.0000 | val loss=6.1852 acc=0.0040 em=0.0000 | random≈0.0013
epoch 6/20 train loss=4.4247 acc=0.2463 em=0.0000 | val loss=6.3548 acc=0.0035 em=0.0000 | random≈0.0013
early stopping at epoch 6: val answer_loss did not improve by min_delta=0.0001 for 4 epochs
test [best_loss_ckpt] loss=5.968276 acc=0.002469 em=0.000000
test [best_acc_ckpt]  loss=6.046441 acc=0.004031 em=0.000000 random_baseline≈0.001302
done. meta_metrics → /home/jovyan/shares/SR008.fs2/nvidenisov/other/repos/mamba/mamba_multi_scale_get_started/outputs/ArchEval/mqar_trans768_ms_gated_right_init_d_model_128_seed44/meta_metrics.csv
