experiment=tsrch_d384_l4_h8_lr7em4_do0p05_s42 device=cuda:0 out_dir=/home/jovyan/shares/SR008.fs2/nvidenisov/other/repos/mamba/mamba_multi_scale_get_started/outputs/TransformerLMSearch/tsrch_d384_l4_h8_lr7em4_do0p05_s42
early_stopping: patience=8 min_delta=0.0001 (disable with train.early_stopping.patience=0)
epoch 1/50 train_loss=2.9690 val_loss=2.6282 val_ppl=13.85 val_bpc=3.7916
  saved best.pt (val_loss=2.628152)
epoch 2/50 train_loss=2.5591 val_loss=2.5196 val_ppl=12.42 val_bpc=3.6350
  saved best.pt (val_loss=2.519594)
epoch 3/50 train_loss=2.4996 val_loss=2.4925 val_ppl=12.09 val_bpc=3.5959
  saved best.pt (val_loss=2.492480)
epoch 4/50 train_loss=2.4729 val_loss=2.4701 val_ppl=11.82 val_bpc=3.5635
  saved best.pt (val_loss=2.470053)
epoch 5/50 train_loss=2.4531 val_loss=2.4600 val_ppl=11.70 val_bpc=3.5490
  saved best.pt (val_loss=2.459954)
epoch 6/50 train_loss=2.4354 val_loss=2.4425 val_ppl=11.50 val_bpc=3.5238
  saved best.pt (val_loss=2.442521)
epoch 7/50 train_loss=2.4140 val_loss=2.4140 val_ppl=11.18 val_bpc=3.4826
  saved best.pt (val_loss=2.413971)
epoch 8/50 train_loss=2.3827 val_loss=2.3826 val_ppl=10.83 val_bpc=3.4373
  saved best.pt (val_loss=2.382553)
epoch 9/50 train_loss=2.3429 val_loss=2.3374 val_ppl=10.35 val_bpc=3.3722
  saved best.pt (val_loss=2.337427)
epoch 10/50 train_loss=2.2921 val_loss=2.2835 val_ppl=9.81 val_bpc=3.2944
  saved best.pt (val_loss=2.283508)
epoch 11/50 train_loss=2.2333 val_loss=2.2275 val_ppl=9.28 val_bpc=3.2136
  saved best.pt (val_loss=2.227528)
epoch 12/50 train_loss=2.1734 val_loss=2.1700 val_ppl=8.76 val_bpc=3.1306
  saved best.pt (val_loss=2.169996)
epoch 13/50 train_loss=2.0991 val_loss=2.1188 val_ppl=8.32 val_bpc=3.0568
  saved best.pt (val_loss=2.118811)
epoch 14/50 train_loss=2.0519 val_loss=2.0800 val_ppl=8.00 val_bpc=3.0008
  saved best.pt (val_loss=2.080024)
epoch 15/50 train_loss=2.0077 val_loss=2.0406 val_ppl=7.70 val_bpc=2.9440
  saved best.pt (val_loss=2.040597)
epoch 16/50 train_loss=1.9586 val_loss=2.0138 val_ppl=7.49 val_bpc=2.9053
  saved best.pt (val_loss=2.013827)
epoch 17/50 train_loss=1.9192 val_loss=1.9768 val_ppl=7.22 val_bpc=2.8519
  saved best.pt (val_loss=1.976773)
epoch 18/50 train_loss=1.8806 val_loss=1.9452 val_ppl=7.00 val_bpc=2.8064
  saved best.pt (val_loss=1.945231)
epoch 19/50 train_loss=1.8463 val_loss=1.9168 val_ppl=6.80 val_bpc=2.7654
  saved best.pt (val_loss=1.916804)
epoch 20/50 train_loss=1.8101 val_loss=1.8900 val_ppl=6.62 val_bpc=2.7267
  saved best.pt (val_loss=1.890031)
epoch 21/50 train_loss=1.7836 val_loss=1.8667 val_ppl=6.47 val_bpc=2.6930
  saved best.pt (val_loss=1.866651)
epoch 22/50 train_loss=1.7480 val_loss=1.8359 val_ppl=6.27 val_bpc=2.6487
  saved best.pt (val_loss=1.835937)
epoch 23/50 train_loss=1.7258 val_loss=1.8237 val_ppl=6.19 val_bpc=2.6311
  saved best.pt (val_loss=1.823734)
epoch 24/50 train_loss=1.7054 val_loss=1.8030 val_ppl=6.07 val_bpc=2.6012
  saved best.pt (val_loss=1.803001)
epoch 25/50 train_loss=1.6791 val_loss=1.7774 val_ppl=5.91 val_bpc=2.5642
  saved best.pt (val_loss=1.777376)
epoch 26/50 train_loss=1.6642 val_loss=1.7680 val_ppl=5.86 val_bpc=2.5506
  saved best.pt (val_loss=1.767956)
epoch 27/50 train_loss=1.6376 val_loss=1.7493 val_ppl=5.75 val_bpc=2.5237
  saved best.pt (val_loss=1.749287)
epoch 28/50 train_loss=1.6305 val_loss=1.7356 val_ppl=5.67 val_bpc=2.5040
  saved best.pt (val_loss=1.735645)
epoch 29/50 train_loss=1.5989 val_loss=1.7193 val_ppl=5.58 val_bpc=2.4805
  saved best.pt (val_loss=1.719345)
epoch 30/50 train_loss=1.5859 val_loss=1.7113 val_ppl=5.54 val_bpc=2.4689
  saved best.pt (val_loss=1.711298)
epoch 31/50 train_loss=1.5752 val_loss=1.6983 val_ppl=5.46 val_bpc=2.4501
  saved best.pt (val_loss=1.698254)
epoch 32/50 train_loss=1.5537 val_loss=1.6903 val_ppl=5.42 val_bpc=2.4387
  saved best.pt (val_loss=1.690348)
epoch 33/50 train_loss=1.5458 val_loss=1.6799 val_ppl=5.37 val_bpc=2.4236
  saved best.pt (val_loss=1.679915)
epoch 34/50 train_loss=1.5279 val_loss=1.6634 val_ppl=5.28 val_bpc=2.3997
  saved best.pt (val_loss=1.663378)
epoch 35/50 train_loss=1.5206 val_loss=1.6545 val_ppl=5.23 val_bpc=2.3869
  saved best.pt (val_loss=1.654464)
epoch 36/50 train_loss=1.5014 val_loss=1.6503 val_ppl=5.21 val_bpc=2.3809
  saved best.pt (val_loss=1.650288)
epoch 37/50 train_loss=1.4941 val_loss=1.6442 val_ppl=5.18 val_bpc=2.3721
  saved best.pt (val_loss=1.644219)
epoch 38/50 train_loss=1.4918 val_loss=1.6308 val_ppl=5.11 val_bpc=2.3527
  saved best.pt (val_loss=1.630801)
epoch 39/50 train_loss=1.4735 val_loss=1.6224 val_ppl=5.07 val_bpc=2.3406
  saved best.pt (val_loss=1.622367)
epoch 40/50 train_loss=1.4695 val_loss=1.6185 val_ppl=5.05 val_bpc=2.3350
  saved best.pt (val_loss=1.618487)
epoch 41/50 train_loss=1.4504 val_loss=1.6143 val_ppl=5.02 val_bpc=2.3290
  saved best.pt (val_loss=1.614346)
epoch 42/50 train_loss=1.4494 val_loss=1.6102 val_ppl=5.00 val_bpc=2.3231
  saved best.pt (val_loss=1.610234)
epoch 43/50 train_loss=1.4361 val_loss=1.5996 val_ppl=4.95 val_bpc=2.3077
  saved best.pt (val_loss=1.599562)
epoch 44/50 train_loss=1.4268 val_loss=1.5931 val_ppl=4.92 val_bpc=2.2983
  saved best.pt (val_loss=1.593083)
epoch 45/50 train_loss=1.4186 val_loss=1.5776 val_ppl=4.84 val_bpc=2.2760
  saved best.pt (val_loss=1.577611)
epoch 46/50 train_loss=1.4076 val_loss=1.5845 val_ppl=4.88 val_bpc=2.2859
epoch 47/50 train_loss=1.4075 val_loss=1.5781 val_ppl=4.85 val_bpc=2.2768
epoch 48/50 train_loss=1.4030 val_loss=1.5720 val_ppl=4.82 val_bpc=2.2680
  saved best.pt (val_loss=1.572031)
epoch 49/50 train_loss=1.3905 val_loss=1.5722 val_ppl=4.82 val_bpc=2.2682
epoch 50/50 train_loss=1.3830 val_loss=1.5647 val_ppl=4.78 val_bpc=2.2574
  saved best.pt (val_loss=1.564699)
meta_metrics: train=43.69s eval=730.90s loop=784.82s setup=0.68s → meta_metrics.csv
