experiment=tiny_shakespeare_multiscale_sum_mamba2_random_windows_block_size_1024 device=cuda:0 out_dir=/home/jovyan/shares/SR008.fs2/nvidenisov/other/repos/mamba/mamba_multi_scale_get_started/outputs/TinyShakespeare/tiny_shakespeare_multiscale_sum_mamba2_random_windows_block_size_1024
early_stopping: patience=3 min_delta=0.0001 (disable with train.early_stopping.patience=0)
epoch 1/10 train_loss=3.1099 val_loss=2.5443 val_ppl=12.73 val_bpc=3.6706
  saved best.pt (val_loss=2.544255)
epoch 2/10 train_loss=2.3242 val_loss=2.1926 val_ppl=8.96 val_bpc=3.1632
  saved best.pt (val_loss=2.192595)
epoch 3/10 train_loss=2.0331 val_loss=2.0037 val_ppl=7.42 val_bpc=2.8907
  saved best.pt (val_loss=2.003677)
epoch 4/10 train_loss=1.8351 val_loss=1.8833 val_ppl=6.58 val_bpc=2.7170
  saved best.pt (val_loss=1.883289)
epoch 5/10 train_loss=1.6962 val_loss=1.7919 val_ppl=6.00 val_bpc=2.5852
  saved best.pt (val_loss=1.791916)
epoch 6/10 train_loss=1.5889 val_loss=1.7235 val_ppl=5.60 val_bpc=2.4865
  saved best.pt (val_loss=1.723539)
epoch 7/10 train_loss=1.5141 val_loss=1.6669 val_ppl=5.30 val_bpc=2.4048
  saved best.pt (val_loss=1.666860)
epoch 8/10 train_loss=1.4564 val_loss=1.6292 val_ppl=5.10 val_bpc=2.3504
  saved best.pt (val_loss=1.629191)
epoch 9/10 train_loss=1.4148 val_loss=1.6000 val_ppl=4.95 val_bpc=2.3083
  saved best.pt (val_loss=1.600020)
epoch 10/10 train_loss=1.3805 val_loss=1.5772 val_ppl=4.84 val_bpc=2.2754
  saved best.pt (val_loss=1.577165)
meta_metrics: train=40.15s eval=219.52s loop=261.77s setup=3.65s → meta_metrics.csv
