mqar_split_hashes: n_train=20000 uniq_train=20000 | n_val=2000 uniq_val=2000 | n_test=2000 uniq_test=2000
mqar_answer_positions[train]: min=16 mean=16.0000 max=16 (expected 16 per sample)
mqar_answer_positions[val]: min=16 mean=16.0000 max=16 (expected 16 per sample)
mqar_answer_positions[test]: min=16 mean=16.0000 max=16 (expected 16 per sample)
experiment=archeval_mqar_trans768_transformer_latency_match_seed44 device=cuda:0 out_dir=/home/jovyan/shares/SR008.fs2/nvidenisov/other/repos/mamba/mamba_multi_scale_get_started/outputs/ArchEval/mqar_trans768_transformer_latency_match_seed44
mqar data: fixed_examples=True random_baseline_acc≈1/vocab=0.001302 (vocab_size=768)
--- mqar resolved config (sanity) ---
  experiment.name: archeval_mqar_trans768_transformer_latency_match_seed44
  model.backbone: transformer_lm
  model.layer_headdims: —
  model.multiscale.fast_layer_headdims: —
  model.multiscale.slow_layer_headdims: —
  model.multiscale.window_size: —
  model.multiscale.offsets: —
  model.multiscale.summary_mode: —
  model.multiscale.causal_mode: —
  model.multiscale.gate_type: —
  data.input_seq_len: 128
  data.num_kv_pairs: 16
  data.vocab_size: 768
  data.train_examples: 20000  val_examples: 2000  test_examples: 2000
  data.fixed_examples: True
  data.min_query_pos: null
  train.lr: 0.0003
  train.epochs: 20
  num_parameters_trainable: 1827264
  tags(backbone,fusion,stride): transformer_lm, , 
--- end resolved config ---
epoch 1/20 train loss=5.9626 acc=0.0027 em=0.0000 | val loss=5.9655 acc=0.0027 em=0.0000 | random≈0.0013
  saved best_loss.pt (val_answer_loss=5.965484)
  saved best_acc.pt (val_answer_accuracy=0.002719)
epoch 2/20 train loss=5.9578 acc=0.0029 em=0.0000 | val loss=5.9605 acc=0.0024 em=0.0000 | random≈0.0013
  saved best_loss.pt (val_answer_loss=5.960527)
epoch 3/20 train loss=5.9529 acc=0.0032 em=0.0000 | val loss=5.9585 acc=0.0026 em=0.0000 | random≈0.0013
  saved best_loss.pt (val_answer_loss=5.958479)
epoch 4/20 train loss=5.7696 acc=0.0466 em=0.0000 | val loss=5.8121 acc=0.0433 em=0.0000 | random≈0.0013
  saved best_loss.pt (val_answer_loss=5.812089)
  saved best_acc.pt (val_answer_accuracy=0.043344)
epoch 5/20 train loss=5.2107 acc=0.0776 em=0.0000 | val loss=5.2990 acc=0.0707 em=0.0000 | random≈0.0013
  saved best_loss.pt (val_answer_loss=5.299028)
  saved best_acc.pt (val_answer_accuracy=0.070750)
epoch 6/20 train loss=4.7872 acc=0.0887 em=0.0000 | val loss=4.9268 acc=0.0764 em=0.0000 | random≈0.0013
  saved best_loss.pt (val_answer_loss=4.926837)
  saved best_acc.pt (val_answer_accuracy=0.076406)
epoch 7/20 train loss=4.4621 acc=0.0963 em=0.0000 | val loss=4.6591 acc=0.0762 em=0.0000 | random≈0.0013
  saved best_loss.pt (val_answer_loss=4.659149)
epoch 8/20 train loss=4.2071 acc=0.1028 em=0.0000 | val loss=4.4590 acc=0.0788 em=0.0000 | random≈0.0013
  saved best_loss.pt (val_answer_loss=4.458969)
  saved best_acc.pt (val_answer_accuracy=0.078812)
epoch 9/20 train loss=3.9778 acc=0.1157 em=0.0000 | val loss=4.2822 acc=0.0843 em=0.0000 | random≈0.0013
  saved best_loss.pt (val_answer_loss=4.282191)
  saved best_acc.pt (val_answer_accuracy=0.084281)
epoch 10/20 train loss=0.8375 acc=0.8549 em=0.0732 | val loss=0.9297 acc=0.8396 em=0.0555 | random≈0.0013
  saved best_loss.pt (val_answer_loss=0.929718)
  saved best_acc.pt (val_answer_accuracy=0.839594)
epoch 11/20 train loss=0.0026 acc=1.0000 em=0.9999 | val loss=0.0028 acc=1.0000 em=0.9995 | random≈0.0013
  saved best_loss.pt (val_answer_loss=0.002779)
  saved best_acc.pt (val_answer_accuracy=0.999969)
epoch 12/20 train loss=0.0010 acc=1.0000 em=1.0000 | val loss=0.0011 acc=1.0000 em=1.0000 | random≈0.0013
  saved best_loss.pt (val_answer_loss=0.001069)
epoch 13/20 train loss=0.0006 acc=1.0000 em=1.0000 | val loss=0.0006 acc=1.0000 em=1.0000 | random≈0.0013
  saved best_loss.pt (val_answer_loss=0.000610)
epoch 14/20 train loss=0.0004 acc=1.0000 em=1.0000 | val loss=0.0004 acc=1.0000 em=1.0000 | random≈0.0013
  saved best_loss.pt (val_answer_loss=0.000418)
epoch 15/20 train loss=0.0003 acc=1.0000 em=1.0000 | val loss=0.0003 acc=1.0000 em=1.0000 | random≈0.0013
  saved best_loss.pt (val_answer_loss=0.000297)
epoch 16/20 train loss=0.0002 acc=1.0000 em=1.0000 | val loss=0.0002 acc=1.0000 em=1.0000 | random≈0.0013
epoch 17/20 train loss=0.0002 acc=1.0000 em=1.0000 | val loss=0.0002 acc=1.0000 em=1.0000 | random≈0.0013
  saved best_loss.pt (val_answer_loss=0.000171)
epoch 18/20 train loss=0.0001 acc=1.0000 em=1.0000 | val loss=0.0001 acc=1.0000 em=1.0000 | random≈0.0013
epoch 19/20 train loss=0.0001 acc=1.0000 em=1.0000 | val loss=0.0001 acc=1.0000 em=1.0000 | random≈0.0013
epoch 20/20 train loss=0.0001 acc=1.0000 em=1.0000 | val loss=0.0001 acc=1.0000 em=1.0000 | random≈0.0013
test [best_loss_ckpt] loss=0.000170 acc=1.000000 em=1.000000
test [best_acc_ckpt]  loss=0.002888 acc=0.999906 em=0.998500 random_baseline≈0.001302
done. meta_metrics → /home/jovyan/shares/SR008.fs2/nvidenisov/other/repos/mamba/mamba_multi_scale_get_started/outputs/ArchEval/mqar_trans768_transformer_latency_match_seed44/meta_metrics.csv
