mqar_split_hashes: n_train=20000 uniq_train=20000 | n_val=2000 uniq_val=2000 | n_test=2000 uniq_test=2000
mqar_answer_positions[train]: min=16 mean=16.0000 max=16 (expected 16 per sample)
mqar_answer_positions[val]: min=16 mean=16.0000 max=16 (expected 16 per sample)
mqar_answer_positions[test]: min=16 mean=16.0000 max=16 (expected 16 per sample)
experiment=archeval_mqar_trans768_mamba2_split_ts_50_50_depth_6_seed43 device=cuda:0 out_dir=/home/jovyan/shares/SR008.fs2/nvidenisov/other/repos/mamba/mamba_multi_scale_get_started/outputs/ArchEval/mqar_trans768_mamba2_split_ts_50_50_depth_6_seed43
mqar data: fixed_examples=True random_baseline_acc≈1/vocab=0.001302 (vocab_size=768)
--- mqar resolved config (sanity) ---
  experiment.name: archeval_mqar_trans768_mamba2_split_ts_50_50_depth_6_seed43
  model.backbone: mamba2_lm
  model.layer_headdims: [32, 32, 32, 32, 32, 32]
  model.multiscale.fast_layer_headdims: —
  model.multiscale.slow_layer_headdims: —
  model.multiscale.window_size: —
  model.multiscale.offsets: —
  model.multiscale.summary_mode: —
  model.multiscale.causal_mode: —
  model.multiscale.gate_type: —
  data.input_seq_len: 128
  data.num_kv_pairs: 16
  data.vocab_size: 768
  data.train_examples: 20000  val_examples: 2000  test_examples: 2000
  data.fixed_examples: True
  data.min_query_pos: null
  train.lr: 0.0003
  train.epochs: 20
  num_parameters_trainable: 2897312
  tags(backbone,fusion,stride): mamba2_lm, , 
--- end resolved config ---
epoch 1/20 train loss=5.9550 acc=0.0033 em=0.0000 | val loss=5.9676 acc=0.0026 em=0.0000 | random≈0.0013
  saved best_loss.pt (val_answer_loss=5.967583)
  saved best_acc.pt (val_answer_accuracy=0.002625)
epoch 2/20 train loss=5.9162 acc=0.0077 em=0.0000 | val loss=5.9664 acc=0.0048 em=0.0000 | random≈0.0013
  saved best_loss.pt (val_answer_loss=5.966390)
  saved best_acc.pt (val_answer_accuracy=0.004812)
epoch 3/20 train loss=5.7560 acc=0.0283 em=0.0000 | val loss=5.9529 acc=0.0183 em=0.0000 | random≈0.0013
  saved best_loss.pt (val_answer_loss=5.952883)
  saved best_acc.pt (val_answer_accuracy=0.018281)
epoch 4/20 train loss=5.3658 acc=0.0683 em=0.0000 | val loss=6.0084 acc=0.0224 em=0.0000 | random≈0.0013
  saved best_acc.pt (val_answer_accuracy=0.022437)
epoch 5/20 train loss=4.8295 acc=0.1457 em=0.0000 | val loss=6.1317 acc=0.0192 em=0.0000 | random≈0.0013
epoch 6/20 train loss=4.2542 acc=0.2523 em=0.0000 | val loss=6.3046 acc=0.0144 em=0.0000 | random≈0.0013
epoch 7/20 train loss=3.6700 acc=0.3653 em=0.0001 | val loss=6.5230 acc=0.0110 em=0.0000 | random≈0.0013
early stopping at epoch 7: val answer_loss did not improve by min_delta=0.0001 for 4 epochs
test [best_loss_ckpt] loss=5.952989 acc=0.018719 em=0.000000
test [best_acc_ckpt]  loss=6.013139 acc=0.022969 em=0.000000 random_baseline≈0.001302
done. meta_metrics → /home/jovyan/shares/SR008.fs2/nvidenisov/other/repos/mamba/mamba_multi_scale_get_started/outputs/ArchEval/mqar_trans768_mamba2_split_ts_50_50_depth_6_seed43/meta_metrics.csv
