mqar_split_hashes: n_train=20000 uniq_train=20000 | n_val=2000 uniq_val=2000 | n_test=2000 uniq_test=2000
mqar_answer_positions[train]: min=16 mean=16.0000 max=16 (expected 16 per sample)
mqar_answer_positions[val]: min=16 mean=16.0000 max=16 (expected 16 per sample)
mqar_answer_positions[test]: min=16 mean=16.0000 max=16 (expected 16 per sample)
experiment=mqar_fail_mamba2_split_ts_slow_veryslow_v704_seed47 device=cuda:0 out_dir=/home/jovyan/shares/SR008.fs2/nvidenisov/other/repos/mamba/mamba_multi_scale_get_started/outputs/MQARFailureSweep/mqar_fail_mamba2_split_ts_slow_veryslow_v704_seed47
mqar data: fixed_examples=True random_baseline_acc≈1/vocab=0.001420 (vocab_size=704)
--- mqar resolved config (sanity) ---
  experiment.name: mqar_fail_mamba2_split_ts_slow_veryslow_v704_seed47
  model.backbone: mamba2_lm
  model.layer_headdims: [32, 32, 32, 32]
  model.multiscale.fast_layer_headdims: —
  model.multiscale.slow_layer_headdims: —
  model.multiscale.window_size: —
  model.multiscale.offsets: —
  model.multiscale.summary_mode: —
  model.multiscale.causal_mode: —
  model.multiscale.gate_type: —
  data.input_seq_len: 128
  data.num_kv_pairs: 16
  data.vocab_size: 704
  data.train_examples: 20000  val_examples: 2000  test_examples: 2000
  data.fixed_examples: True
  data.min_query_pos: null
  train.lr: 0.0003
  train.epochs: 20
  num_parameters_trainable: 2030208
  tags(backbone,fusion,stride): mamba2_lm, , 
--- end resolved config ---
epoch 1/20 train loss=5.8688 acc=0.0038 em=0.0000 | val loss=5.8824 acc=0.0025 em=0.0000 | random≈0.0014
  saved best_loss.pt (val_answer_loss=5.882406)
  saved best_acc.pt (val_answer_accuracy=0.002500)
epoch 2/20 train loss=5.8142 acc=0.0180 em=0.0000 | val loss=5.8589 acc=0.0150 em=0.0000 | random≈0.0014
  saved best_loss.pt (val_answer_loss=5.858897)
  saved best_acc.pt (val_answer_accuracy=0.014969)
epoch 3/20 train loss=5.5458 acc=0.0562 em=0.0000 | val loss=5.7080 acc=0.0467 em=0.0000 | random≈0.0014
  saved best_loss.pt (val_answer_loss=5.708032)
  saved best_acc.pt (val_answer_accuracy=0.046687)
epoch 4/20 train loss=4.2025 acc=0.2606 em=0.0000 | val loss=4.4643 acc=0.2246 em=0.0000 | random≈0.0014
  saved best_loss.pt (val_answer_loss=4.464277)
  saved best_acc.pt (val_answer_accuracy=0.224594)
epoch 5/20 train loss=1.0558 acc=0.7615 em=0.0071 | val loss=1.2211 acc=0.7178 em=0.0015 | random≈0.0014
  saved best_loss.pt (val_answer_loss=1.221078)
  saved best_acc.pt (val_answer_accuracy=0.717812)
epoch 6/20 train loss=0.1645 acc=0.9788 em=0.7120 | val loss=0.2366 acc=0.9568 em=0.4990 | random≈0.0014
  saved best_loss.pt (val_answer_loss=0.236555)
  saved best_acc.pt (val_answer_accuracy=0.956781)
epoch 7/20 train loss=0.0349 acc=0.9981 em=0.9705 | val loss=0.0681 acc=0.9886 em=0.8315 | random≈0.0014
  saved best_loss.pt (val_answer_loss=0.068085)
  saved best_acc.pt (val_answer_accuracy=0.988625)
epoch 8/20 train loss=0.0124 acc=1.0000 em=0.9997 | val loss=0.0328 acc=0.9947 em=0.9195 | random≈0.0014
  saved best_loss.pt (val_answer_loss=0.032791)
  saved best_acc.pt (val_answer_accuracy=0.994719)
epoch 9/20 train loss=0.0070 acc=1.0000 em=1.0000 | val loss=0.0225 acc=0.9960 em=0.9385 | random≈0.0014
  saved best_loss.pt (val_answer_loss=0.022504)
  saved best_acc.pt (val_answer_accuracy=0.996031)
epoch 10/20 train loss=0.0049 acc=1.0000 em=1.0000 | val loss=0.0174 acc=0.9973 em=0.9575 | random≈0.0014
  saved best_loss.pt (val_answer_loss=0.017431)
  saved best_acc.pt (val_answer_accuracy=0.997313)
epoch 11/20 train loss=0.0037 acc=1.0000 em=1.0000 | val loss=0.0147 acc=0.9976 em=0.9615 | random≈0.0014
  saved best_loss.pt (val_answer_loss=0.014732)
  saved best_acc.pt (val_answer_accuracy=0.997594)
epoch 12/20 train loss=0.0029 acc=1.0000 em=1.0000 | val loss=0.0125 acc=0.9978 em=0.9660 | random≈0.0014
  saved best_loss.pt (val_answer_loss=0.012538)
  saved best_acc.pt (val_answer_accuracy=0.997844)
epoch 13/20 train loss=0.0023 acc=1.0000 em=1.0000 | val loss=0.0111 acc=0.9978 em=0.9655 | random≈0.0014
  saved best_loss.pt (val_answer_loss=0.011069)
epoch 14/20 train loss=0.0019 acc=1.0000 em=1.0000 | val loss=0.0099 acc=0.9981 em=0.9705 | random≈0.0014
  saved best_loss.pt (val_answer_loss=0.009887)
  saved best_acc.pt (val_answer_accuracy=0.998125)
epoch 15/20 train loss=0.0016 acc=1.0000 em=1.0000 | val loss=0.0090 acc=0.9983 em=0.9730 | random≈0.0014
  saved best_loss.pt (val_answer_loss=0.009015)
  saved best_acc.pt (val_answer_accuracy=0.998313)
epoch 16/20 train loss=0.0014 acc=1.0000 em=1.0000 | val loss=0.0082 acc=0.9984 em=0.9750 | random≈0.0014
  saved best_loss.pt (val_answer_loss=0.008165)
  saved best_acc.pt (val_answer_accuracy=0.998437)
epoch 17/20 train loss=0.0012 acc=1.0000 em=1.0000 | val loss=0.0074 acc=0.9986 em=0.9780 | random≈0.0014
  saved best_loss.pt (val_answer_loss=0.007432)
  saved best_acc.pt (val_answer_accuracy=0.998625)
epoch 18/20 train loss=0.0010 acc=1.0000 em=1.0000 | val loss=0.0069 acc=0.9986 em=0.9770 | random≈0.0014
  saved best_loss.pt (val_answer_loss=0.006945)
epoch 19/20 train loss=0.0009 acc=1.0000 em=1.0000 | val loss=0.0065 acc=0.9986 em=0.9780 | random≈0.0014
  saved best_loss.pt (val_answer_loss=0.006511)
epoch 20/20 train loss=0.0008 acc=1.0000 em=1.0000 | val loss=0.0060 acc=0.9986 em=0.9785 | random≈0.0014
  saved best_loss.pt (val_answer_loss=0.005982)
test [best_loss_ckpt] loss=0.006764 acc=0.998250 em=0.972500
test [best_acc_ckpt]  loss=0.008243 acc=0.998062 em=0.969500 random_baseline≈0.001420
done. meta_metrics → /home/jovyan/shares/SR008.fs2/nvidenisov/other/repos/mamba/mamba_multi_scale_get_started/outputs/MQARFailureSweep/mqar_fail_mamba2_split_ts_slow_veryslow_v704_seed47/meta_metrics.csv
