mqar_split_hashes: n_train=20000 uniq_train=20000 | n_val=2000 uniq_val=2000 | n_test=2000 uniq_test=2000
mqar_answer_positions[train]: min=16 mean=16.0000 max=16 (expected 16 per sample)
mqar_answer_positions[val]: min=16 mean=16.0000 max=16 (expected 16 per sample)
mqar_answer_positions[test]: min=16 mean=16.0000 max=16 (expected 16 per sample)
experiment=archeval_mqar_trans768_transformer_param_match_seed43 device=cuda:0 out_dir=/home/jovyan/shares/SR008.fs2/nvidenisov/other/repos/mamba/mamba_multi_scale_get_started/outputs/ArchEval/mqar_trans768_transformer_param_match_seed43
mqar data: fixed_examples=True random_baseline_acc≈1/vocab=0.001302 (vocab_size=768)
--- mqar resolved config (sanity) ---
  experiment.name: archeval_mqar_trans768_transformer_param_match_seed43
  model.backbone: transformer_lm
  model.layer_headdims: —
  model.multiscale.fast_layer_headdims: —
  model.multiscale.slow_layer_headdims: —
  model.multiscale.window_size: —
  model.multiscale.offsets: —
  model.multiscale.summary_mode: —
  model.multiscale.causal_mode: —
  model.multiscale.gate_type: —
  data.input_seq_len: 128
  data.num_kv_pairs: 16
  data.vocab_size: 768
  data.train_examples: 20000  val_examples: 2000  test_examples: 2000
  data.fixed_examples: True
  data.min_query_pos: null
  train.lr: 0.0003
  train.epochs: 20
  num_parameters_trainable: 3190768
  tags(backbone,fusion,stride): transformer_lm, , 
--- end resolved config ---
epoch 1/20 train loss=5.9624 acc=0.0029 em=0.0000 | val loss=5.9647 acc=0.0027 em=0.0000 | random≈0.0013
  saved best_loss.pt (val_answer_loss=5.964706)
  saved best_acc.pt (val_answer_accuracy=0.002719)
epoch 2/20 train loss=5.9565 acc=0.0030 em=0.0000 | val loss=5.9584 acc=0.0029 em=0.0000 | random≈0.0013
  saved best_loss.pt (val_answer_loss=5.958420)
  saved best_acc.pt (val_answer_accuracy=0.002906)
epoch 3/20 train loss=5.6770 acc=0.0613 em=0.0000 | val loss=5.7252 acc=0.0576 em=0.0000 | random≈0.0013
  saved best_loss.pt (val_answer_loss=5.725231)
  saved best_acc.pt (val_answer_accuracy=0.057625)
epoch 4/20 train loss=4.9268 acc=0.0851 em=0.0000 | val loss=5.0473 acc=0.0750 em=0.0000 | random≈0.0013
  saved best_loss.pt (val_answer_loss=5.047268)
  saved best_acc.pt (val_answer_accuracy=0.075031)
epoch 5/20 train loss=4.3987 acc=0.0953 em=0.0000 | val loss=4.5909 acc=0.0778 em=0.0000 | random≈0.0013
  saved best_loss.pt (val_answer_loss=4.590920)
  saved best_acc.pt (val_answer_accuracy=0.077781)
epoch 6/20 train loss=4.0313 acc=0.1047 em=0.0000 | val loss=4.2966 acc=0.0781 em=0.0000 | random≈0.0013
  saved best_loss.pt (val_answer_loss=4.296620)
  saved best_acc.pt (val_answer_accuracy=0.078063)
epoch 7/20 train loss=3.7626 acc=0.1131 em=0.0000 | val loss=4.1032 acc=0.0783 em=0.0000 | random≈0.0013
  saved best_loss.pt (val_answer_loss=4.103165)
  saved best_acc.pt (val_answer_accuracy=0.078250)
epoch 8/20 train loss=3.5416 acc=0.1285 em=0.0000 | val loss=3.9479 acc=0.0836 em=0.0000 | random≈0.0013
  saved best_loss.pt (val_answer_loss=3.947897)
  saved best_acc.pt (val_answer_accuracy=0.083562)
epoch 9/20 train loss=0.0287 acc=0.9967 em=0.9490 | val loss=0.0354 acc=0.9952 em=0.9260 | random≈0.0013
  saved best_loss.pt (val_answer_loss=0.035446)
  saved best_acc.pt (val_answer_accuracy=0.995156)
epoch 10/20 train loss=0.0009 acc=1.0000 em=0.9999 | val loss=0.0011 acc=1.0000 em=0.9995 | random≈0.0013
  saved best_loss.pt (val_answer_loss=0.001053)
  saved best_acc.pt (val_answer_accuracy=0.999969)
epoch 11/20 train loss=0.0004 acc=1.0000 em=1.0000 | val loss=0.0005 acc=1.0000 em=1.0000 | random≈0.0013
  saved best_loss.pt (val_answer_loss=0.000486)
epoch 12/20 train loss=0.0003 acc=1.0000 em=1.0000 | val loss=0.0003 acc=1.0000 em=1.0000 | random≈0.0013
  saved best_loss.pt (val_answer_loss=0.000292)
epoch 13/20 train loss=0.0002 acc=1.0000 em=1.0000 | val loss=0.0002 acc=1.0000 em=1.0000 | random≈0.0013
  saved best_loss.pt (val_answer_loss=0.000191)
epoch 14/20 train loss=0.0001 acc=1.0000 em=1.0000 | val loss=0.0001 acc=1.0000 em=1.0000 | random≈0.0013
epoch 15/20 train loss=0.0001 acc=1.0000 em=1.0000 | val loss=0.0001 acc=1.0000 em=1.0000 | random≈0.0013
epoch 16/20 train loss=0.0001 acc=1.0000 em=1.0000 | val loss=0.0001 acc=1.0000 em=1.0000 | random≈0.0013
  saved best_loss.pt (val_answer_loss=0.000083)
epoch 17/20 train loss=0.0001 acc=1.0000 em=1.0000 | val loss=0.0001 acc=1.0000 em=1.0000 | random≈0.0013
epoch 18/20 train loss=0.0001 acc=1.0000 em=1.0000 | val loss=0.0001 acc=1.0000 em=1.0000 | random≈0.0013
epoch 19/20 train loss=0.0000 acc=1.0000 em=1.0000 | val loss=0.0000 acc=1.0000 em=1.0000 | random≈0.0013
epoch 20/20 train loss=0.0000 acc=1.0000 em=1.0000 | val loss=0.0000 acc=1.0000 em=1.0000 | random≈0.0013
early stopping at epoch 20: val answer_loss did not improve by min_delta=0.0001 for 4 epochs
test [best_loss_ckpt] loss=0.000083 acc=1.000000 em=1.000000
test [best_acc_ckpt]  loss=0.000994 acc=1.000000 em=1.000000 random_baseline≈0.001302
done. meta_metrics → /home/jovyan/shares/SR008.fs2/nvidenisov/other/repos/mamba/mamba_multi_scale_get_started/outputs/ArchEval/mqar_trans768_transformer_param_match_seed43/meta_metrics.csv
