mqar_split_hashes: n_train=20000 uniq_train=20000 | n_val=2000 uniq_val=2000 | n_test=2000 uniq_test=2000
mqar_answer_positions[train]: min=16 mean=16.0000 max=16 (expected 16 per sample)
mqar_answer_positions[val]: min=16 mean=16.0000 max=16 (expected 16 per sample)
mqar_answer_positions[test]: min=16 mean=16.0000 max=16 (expected 16 per sample)
experiment=mqar_fail_ms_gated_right_init_v704_seed47 device=cuda:0 out_dir=/home/jovyan/shares/SR008.fs2/nvidenisov/other/repos/mamba/mamba_multi_scale_get_started/outputs/MQARFailureSweep/mqar_fail_ms_gated_right_init_v704_seed47
mqar data: fixed_examples=True random_baseline_acc≈1/vocab=0.001420 (vocab_size=704)
--- mqar resolved config (sanity) ---
  experiment.name: mqar_fail_ms_gated_right_init_v704_seed47
  model.backbone: multiscale_mamba2_lm
  model.layer_headdims: [32, 32, 32, 32]
  model.multiscale.fast_layer_headdims: [32, 32, 32, 32]
  model.multiscale.slow_layer_headdims: [32, 32]
  model.multiscale.window_size: —
  model.multiscale.offsets: —
  model.multiscale.summary_mode: —
  model.multiscale.causal_mode: —
  model.multiscale.gate_type: —
  data.input_seq_len: 128
  data.num_kv_pairs: 16
  data.vocab_size: 704
  data.train_examples: 20000  val_examples: 2000  test_examples: 2000
  data.fixed_examples: True
  data.min_query_pos: null
  train.lr: 0.0003
  train.epochs: 20
  num_parameters_trainable: 2996832
  tags(backbone,fusion,stride): multiscale_mamba2_lm, gated, 2
--- end resolved config ---
epoch 1/20 train loss=5.8683 acc=0.0037 em=0.0000 | val loss=5.8811 acc=0.0030 em=0.0000 | random≈0.0014
  saved best_loss.pt (val_answer_loss=5.881093)
  saved best_acc.pt (val_answer_accuracy=0.003031)
epoch 2/20 train loss=5.8370 acc=0.0079 em=0.0000 | val loss=5.8780 acc=0.0057 em=0.0000 | random≈0.0014
  saved best_loss.pt (val_answer_loss=5.877985)
  saved best_acc.pt (val_answer_accuracy=0.005750)
epoch 3/20 train loss=5.6535 acc=0.0393 em=0.0000 | val loss=5.8210 acc=0.0308 em=0.0000 | random≈0.0014
  saved best_loss.pt (val_answer_loss=5.821034)
  saved best_acc.pt (val_answer_accuracy=0.030812)
epoch 4/20 train loss=5.2121 acc=0.0961 em=0.0000 | val loss=5.6378 acc=0.0669 em=0.0000 | random≈0.0014
  saved best_loss.pt (val_answer_loss=5.637787)
  saved best_acc.pt (val_answer_accuracy=0.066906)
epoch 5/20 train loss=3.4637 acc=0.3750 em=0.0000 | val loss=3.9762 acc=0.2944 em=0.0000 | random≈0.0014
  saved best_loss.pt (val_answer_loss=3.976151)
  saved best_acc.pt (val_answer_accuracy=0.294375)
epoch 6/20 train loss=0.5459 acc=0.9155 em=0.2424 | val loss=0.7616 acc=0.8574 em=0.0770 | random≈0.0014
  saved best_loss.pt (val_answer_loss=0.761635)
  saved best_acc.pt (val_answer_accuracy=0.857406)
epoch 7/20 train loss=0.0923 acc=0.9917 em=0.8759 | val loss=0.1757 acc=0.9705 em=0.6210 | random≈0.0014
  saved best_loss.pt (val_answer_loss=0.175665)
  saved best_acc.pt (val_answer_accuracy=0.970500)
epoch 8/20 train loss=0.0266 acc=0.9992 em=0.9880 | val loss=0.0751 acc=0.9867 em=0.8080 | random≈0.0014
  saved best_loss.pt (val_answer_loss=0.075085)
  saved best_acc.pt (val_answer_accuracy=0.986688)
epoch 9/20 train loss=0.0105 acc=1.0000 em=1.0000 | val loss=0.0421 acc=0.9922 em=0.8835 | random≈0.0014
  saved best_loss.pt (val_answer_loss=0.042116)
  saved best_acc.pt (val_answer_accuracy=0.992156)
epoch 10/20 train loss=0.0064 acc=1.0000 em=1.0000 | val loss=0.0311 acc=0.9941 em=0.9100 | random≈0.0014
  saved best_loss.pt (val_answer_loss=0.031098)
  saved best_acc.pt (val_answer_accuracy=0.994062)
epoch 11/20 train loss=0.0046 acc=1.0000 em=1.0000 | val loss=0.0262 acc=0.9945 em=0.9150 | random≈0.0014
  saved best_loss.pt (val_answer_loss=0.026170)
  saved best_acc.pt (val_answer_accuracy=0.994469)
epoch 12/20 train loss=0.0035 acc=1.0000 em=1.0000 | val loss=0.0226 acc=0.9952 em=0.9270 | random≈0.0014
  saved best_loss.pt (val_answer_loss=0.022590)
  saved best_acc.pt (val_answer_accuracy=0.995219)
epoch 13/20 train loss=0.0028 acc=1.0000 em=1.0000 | val loss=0.0202 acc=0.9958 em=0.9355 | random≈0.0014
  saved best_loss.pt (val_answer_loss=0.020159)
  saved best_acc.pt (val_answer_accuracy=0.995750)
epoch 14/20 train loss=0.0023 acc=1.0000 em=1.0000 | val loss=0.0184 acc=0.9957 em=0.9340 | random≈0.0014
  saved best_loss.pt (val_answer_loss=0.018397)
epoch 15/20 train loss=0.0019 acc=1.0000 em=1.0000 | val loss=0.0169 acc=0.9959 em=0.9365 | random≈0.0014
  saved best_loss.pt (val_answer_loss=0.016935)
  saved best_acc.pt (val_answer_accuracy=0.995875)
epoch 16/20 train loss=0.0016 acc=1.0000 em=1.0000 | val loss=0.0156 acc=0.9963 em=0.9430 | random≈0.0014
  saved best_loss.pt (val_answer_loss=0.015551)
  saved best_acc.pt (val_answer_accuracy=0.996281)
epoch 17/20 train loss=0.0013 acc=1.0000 em=1.0000 | val loss=0.0144 acc=0.9965 em=0.9455 | random≈0.0014
  saved best_loss.pt (val_answer_loss=0.014414)
  saved best_acc.pt (val_answer_accuracy=0.996500)
epoch 18/20 train loss=0.0012 acc=1.0000 em=1.0000 | val loss=0.0137 acc=0.9964 em=0.9445 | random≈0.0014
  saved best_loss.pt (val_answer_loss=0.013695)
epoch 19/20 train loss=0.0010 acc=1.0000 em=1.0000 | val loss=0.0127 acc=0.9968 em=0.9495 | random≈0.0014
  saved best_loss.pt (val_answer_loss=0.012671)
  saved best_acc.pt (val_answer_accuracy=0.996750)
epoch 20/20 train loss=0.0009 acc=1.0000 em=1.0000 | val loss=0.0121 acc=0.9968 em=0.9510 | random≈0.0014
  saved best_loss.pt (val_answer_loss=0.012122)
test [best_loss_ckpt] loss=0.013223 acc=0.996406 em=0.943000
test [best_acc_ckpt]  loss=0.013726 acc=0.996313 em=0.942000 random_baseline≈0.001420
done. meta_metrics → /home/jovyan/shares/SR008.fs2/nvidenisov/other/repos/mamba/mamba_multi_scale_get_started/outputs/MQARFailureSweep/mqar_fail_ms_gated_right_init_v704_seed47/meta_metrics.csv
