experiment=text8_mamba2_depth4_random_windows device=cuda:0 out_dir=/home/jovyan/shares/SR008.fs2/nvidenisov/other/repos/mamba/mamba_multi_scale_get_started/outputs/Text8/text8_mamba2_depth4_random_windows
early_stopping: patience=3 min_delta=0.0001 (disable with train.early_stopping.patience=0)
experiment=text8_mamba2_depth4_random_windows device=cuda:0 out_dir=/home/jovyan/shares/SR008.fs2/nvidenisov/other/repos/mamba/mamba_multi_scale_get_started/outputs/Text8/text8_mamba2_depth4_random_windows
early_stopping: patience=3 min_delta=0.0001 (disable with train.early_stopping.patience=0)
epoch 1/10 train_loss=2.486276 val_loss=2.132225 val_ppl=8.43 val_bpc=3.076150 (train_updates_epoch=15)
  saved best.pt (val_loss=2.132225 val_bpc=3.076150)
epoch 2/10 train_loss=2.013442 val_loss=1.936559 val_ppl=6.93 val_bpc=2.793863 (train_updates_epoch=15)
  saved best.pt (val_loss=1.936559 val_bpc=2.793863)
epoch 3/10 train_loss=1.848925 val_loss=1.807162 val_ppl=6.09 val_bpc=2.607184 (train_updates_epoch=15)
  saved best.pt (val_loss=1.807162 val_bpc=2.607184)
epoch 4/10 train_loss=1.737329 val_loss=1.712995 val_ppl=5.55 val_bpc=2.471330 (train_updates_epoch=15)
  saved best.pt (val_loss=1.712995 val_bpc=2.471330)
epoch 5/10 train_loss=1.666051 val_loss=1.643860 val_ppl=5.18 val_bpc=2.371589 (train_updates_epoch=15)
  saved best.pt (val_loss=1.643860 val_bpc=2.371589)
epoch 6/10 train_loss=1.601703 val_loss=1.594930 val_ppl=4.93 val_bpc=2.300997 (train_updates_epoch=15)
  saved best.pt (val_loss=1.594930 val_bpc=2.300997)
epoch 7/10 train_loss=1.560489 val_loss=1.559630 val_ppl=4.76 val_bpc=2.250070 (train_updates_epoch=15)
  saved best.pt (val_loss=1.559630 val_bpc=2.250070)
epoch 8/10 train_loss=1.519492 val_loss=1.535901 val_ppl=4.65 val_bpc=2.215837 (train_updates_epoch=15)
  saved best.pt (val_loss=1.535901 val_bpc=2.215837)
epoch 9/10 train_loss=1.490039 val_loss=1.514186 val_ppl=4.55 val_bpc=2.184508 (train_updates_epoch=15)
  saved best.pt (val_loss=1.514186 val_bpc=2.184508)
epoch 10/10 train_loss=1.474756 val_loss=1.497291 val_ppl=4.47 val_bpc=2.160134 (train_updates_epoch=15)
  saved best.pt (val_loss=1.497291 val_bpc=2.160134)
meta_metrics: train=17.74s eval=11.86s loop=30.49s setup=9.49s → meta_metrics.csv
