mqar_split_hashes: n_train=20000 uniq_train=20000 | n_val=2000 uniq_val=2000 | n_test=2000 uniq_test=2000
mqar_answer_positions[train]: min=16 mean=16.0000 max=16 (expected 16 per sample)
mqar_answer_positions[val]: min=16 mean=16.0000 max=16 (expected 16 per sample)
mqar_answer_positions[test]: min=16 mean=16.0000 max=16 (expected 16 per sample)
experiment=mqar_vocab640_ms_gated_stride2_kv16_lr3e4_seed42 device=cuda:0 out_dir=/home/jovyan/shares/SR008.fs2/nvidenisov/other/repos/mamba/mamba_multi_scale_get_started/outputs/MQAR/mqar_vocab640_ms_gated_stride2_kv16_lr3e4_seed42
mqar data: fixed_examples=True random_baseline_acc≈1/vocab=0.001563 (vocab_size=640)
--- mqar resolved config (sanity) ---
  experiment.name: mqar_vocab640_ms_gated_stride2_kv16_lr3e4_seed42
  model.backbone: multiscale_mamba2_lm
  model.layer_headdims: [32, 32, 32, 32]
  model.multiscale.fast_layer_headdims: [32, 32, 32, 32]
  model.multiscale.slow_layer_headdims: [32, 32]
  data.input_seq_len: 128
  data.num_kv_pairs: 16
  data.vocab_size: 640
  data.train_examples: 20000  val_examples: 2000  test_examples: 2000
  data.fixed_examples: True
  train.lr: 0.0003
  train.epochs: 20
  num_parameters_trainable: 2964000
  tags(backbone,fusion,stride): multiscale_mamba2_lm, gated, 2
--- end resolved config ---
epoch 1/20 train loss=5.7721 acc=0.0040 em=0.0000 | val loss=5.7860 acc=0.0032 em=0.0000 | random≈0.0016
  saved best_loss.pt (val_answer_loss=5.786015)
  saved best_acc.pt (val_answer_accuracy=0.003156)
epoch 2/20 train loss=5.7390 acc=0.0114 em=0.0000 | val loss=5.7787 acc=0.0084 em=0.0000 | random≈0.0016
  saved best_loss.pt (val_answer_loss=5.778672)
  saved best_acc.pt (val_answer_accuracy=0.008438)
epoch 3/20 train loss=5.6073 acc=0.0322 em=0.0000 | val loss=5.7553 acc=0.0254 em=0.0000 | random≈0.0016
  saved best_loss.pt (val_answer_loss=5.755302)
  saved best_acc.pt (val_answer_accuracy=0.025437)
epoch 4/20 train loss=5.2987 acc=0.0616 em=0.0000 | val loss=5.7098 acc=0.0373 em=0.0000 | random≈0.0016
  saved best_loss.pt (val_answer_loss=5.709823)
  saved best_acc.pt (val_answer_accuracy=0.037312)
epoch 5/20 train loss=4.5205 acc=0.1783 em=0.0000 | val loss=5.1881 acc=0.1045 em=0.0000 | random≈0.0016
  saved best_loss.pt (val_answer_loss=5.188082)
  saved best_acc.pt (val_answer_accuracy=0.104500)
epoch 6/20 train loss=1.3990 acc=0.7333 em=0.0054 | val loss=1.7867 acc=0.6263 em=0.0000 | random≈0.0016
  saved best_loss.pt (val_answer_loss=1.786676)
  saved best_acc.pt (val_answer_accuracy=0.626313)
epoch 7/20 train loss=0.2698 acc=0.9616 em=0.5402 | val loss=0.4368 acc=0.9156 em=0.2770 | random≈0.0016
  saved best_loss.pt (val_answer_loss=0.436840)
  saved best_acc.pt (val_answer_accuracy=0.915562)
epoch 8/20 train loss=0.0727 acc=0.9939 em=0.9077 | val loss=0.1568 acc=0.9714 em=0.6370 | random≈0.0016
  saved best_loss.pt (val_answer_loss=0.156761)
  saved best_acc.pt (val_answer_accuracy=0.971437)
epoch 9/20 train loss=0.0270 acc=0.9993 em=0.9889 | val loss=0.0880 acc=0.9824 em=0.7530 | random≈0.0016
  saved best_loss.pt (val_answer_loss=0.087990)
  saved best_acc.pt (val_answer_accuracy=0.982375)
epoch 10/20 train loss=0.0123 acc=1.0000 em=0.9999 | val loss=0.0544 acc=0.9891 em=0.8395 | random≈0.0016
  saved best_loss.pt (val_answer_loss=0.054374)
  saved best_acc.pt (val_answer_accuracy=0.989125)
epoch 11/20 train loss=0.0076 acc=1.0000 em=1.0000 | val loss=0.0409 acc=0.9920 em=0.8780 | random≈0.0016
  saved best_loss.pt (val_answer_loss=0.040888)
  saved best_acc.pt (val_answer_accuracy=0.991969)
epoch 12/20 train loss=0.0054 acc=1.0000 em=1.0000 | val loss=0.0329 acc=0.9932 em=0.8985 | random≈0.0016
  saved best_loss.pt (val_answer_loss=0.032916)
  saved best_acc.pt (val_answer_accuracy=0.993250)
epoch 13/20 train loss=0.0041 acc=1.0000 em=1.0000 | val loss=0.0287 acc=0.9941 em=0.9095 | random≈0.0016
  saved best_loss.pt (val_answer_loss=0.028685)
  saved best_acc.pt (val_answer_accuracy=0.994094)
epoch 14/20 train loss=0.0032 acc=1.0000 em=1.0000 | val loss=0.0251 acc=0.9946 em=0.9185 | random≈0.0016
  saved best_loss.pt (val_answer_loss=0.025141)
  saved best_acc.pt (val_answer_accuracy=0.994625)
epoch 15/20 train loss=0.0026 acc=1.0000 em=1.0000 | val loss=0.0225 acc=0.9949 em=0.9215 | random≈0.0016
  saved best_loss.pt (val_answer_loss=0.022513)
  saved best_acc.pt (val_answer_accuracy=0.994938)
epoch 16/20 train loss=0.0022 acc=1.0000 em=1.0000 | val loss=0.0202 acc=0.9953 em=0.9280 | random≈0.0016
  saved best_loss.pt (val_answer_loss=0.020202)
  saved best_acc.pt (val_answer_accuracy=0.995344)
epoch 17/20 train loss=0.0018 acc=1.0000 em=1.0000 | val loss=0.0184 acc=0.9959 em=0.9365 | random≈0.0016
  saved best_loss.pt (val_answer_loss=0.018375)
  saved best_acc.pt (val_answer_accuracy=0.995906)
epoch 18/20 train loss=0.0015 acc=1.0000 em=1.0000 | val loss=0.0171 acc=0.9961 em=0.9395 | random≈0.0016
  saved best_loss.pt (val_answer_loss=0.017106)
  saved best_acc.pt (val_answer_accuracy=0.996125)
epoch 19/20 train loss=0.0013 acc=1.0000 em=1.0000 | val loss=0.0160 acc=0.9962 em=0.9405 | random≈0.0016
  saved best_loss.pt (val_answer_loss=0.015982)
epoch 20/20 train loss=0.0012 acc=1.0000 em=1.0000 | val loss=0.0149 acc=0.9964 em=0.9435 | random≈0.0016
  saved best_loss.pt (val_answer_loss=0.014904)
  saved best_acc.pt (val_answer_accuracy=0.996375)
test [best_loss_ckpt] loss=0.014994 acc=0.996719 em=0.949500
test [best_acc_ckpt]  loss=0.014994 acc=0.996719 em=0.949500 random_baseline≈0.001563
done. meta_metrics → /home/jovyan/shares/SR008.fs2/nvidenisov/other/repos/mamba/mamba_multi_scale_get_started/outputs/MQAR/mqar_vocab640_ms_gated_stride2_kv16_lr3e4_seed42/meta_metrics.csv
