mqar_split_hashes: n_train=20000 uniq_train=20000 | n_val=2000 uniq_val=2000 | n_test=2000 uniq_test=2000
mqar_answer_positions[train]: min=16 mean=16.0000 max=16 (expected 16 per sample)
mqar_answer_positions[val]: min=16 mean=16.0000 max=16 (expected 16 per sample)
mqar_answer_positions[test]: min=16 mean=16.0000 max=16 (expected 16 per sample)
experiment=mqar_sweep_A_ms_gated_stride2_L224_minNone_kv16_vocab512_train20000_seed42 device=cuda:0 out_dir=/home/jovyan/shares/SR008.fs2/nvidenisov/other/repos/mamba/mamba_multi_scale_get_started/outputs/MQAR/mqar_sweep_A_ms_gated_stride2_L224_minNone_kv16_vocab512_train20000_seed42
mqar data: fixed_examples=True random_baseline_acc≈1/vocab=0.001953 (vocab_size=512)
--- mqar resolved config (sanity) ---
  experiment.name: mqar_sweep_A_ms_gated_stride2_L224_minNone_kv16_vocab512_train20000_seed42
  model.backbone: multiscale_mamba2_lm
  model.layer_headdims: [32, 32, 32, 32]
  model.multiscale.fast_layer_headdims: [32, 32, 32, 32]
  model.multiscale.slow_layer_headdims: [32, 32]
  data.input_seq_len: 224
  data.num_kv_pairs: 16
  data.vocab_size: 512
  data.train_examples: 20000  val_examples: 2000  test_examples: 2000
  data.fixed_examples: True
  data.min_query_pos: null
  train.lr: 0.0003
  train.epochs: 20
  num_parameters_trainable: 2898336
  tags(backbone,fusion,stride): multiscale_mamba2_lm, gated, 2
--- end resolved config ---
epoch 1/20 train loss=5.5489 acc=0.0050 em=0.0000 | val loss=5.5630 acc=0.0042 em=0.0000 | random≈0.0020
  saved best_loss.pt (val_answer_loss=5.563024)
  saved best_acc.pt (val_answer_accuracy=0.004219)
epoch 2/20 train loss=5.5230 acc=0.0101 em=0.0000 | val loss=5.5577 acc=0.0075 em=0.0000 | random≈0.0020
  saved best_loss.pt (val_answer_loss=5.557749)
  saved best_acc.pt (val_answer_accuracy=0.007531)
epoch 3/20 train loss=5.3477 acc=0.0420 em=0.0000 | val loss=5.4835 acc=0.0377 em=0.0000 | random≈0.0020
  saved best_loss.pt (val_answer_loss=5.483459)
  saved best_acc.pt (val_answer_accuracy=0.037656)
epoch 4/20 train loss=4.9987 acc=0.0771 em=0.0000 | val loss=5.3719 acc=0.0534 em=0.0000 | random≈0.0020
  saved best_loss.pt (val_answer_loss=5.371937)
  saved best_acc.pt (val_answer_accuracy=0.053375)
epoch 5/20 train loss=4.3385 acc=0.1408 em=0.0000 | val loss=5.0246 acc=0.0587 em=0.0000 | random≈0.0020
  saved best_loss.pt (val_answer_loss=5.024600)
  saved best_acc.pt (val_answer_accuracy=0.058750)
epoch 6/20 train loss=2.7988 acc=0.4058 em=0.0000 | val loss=3.6246 acc=0.2323 em=0.0000 | random≈0.0020
  saved best_loss.pt (val_answer_loss=3.624556)
  saved best_acc.pt (val_answer_accuracy=0.232344)
epoch 7/20 train loss=0.5865 acc=0.8686 em=0.1034 | val loss=0.9999 acc=0.7399 em=0.0070 | random≈0.0020
  saved best_loss.pt (val_answer_loss=0.999940)
  saved best_acc.pt (val_answer_accuracy=0.739906)
epoch 8/20 train loss=0.1218 acc=0.9798 em=0.7249 | val loss=0.3045 acc=0.9197 em=0.2575 | random≈0.0020
  saved best_loss.pt (val_answer_loss=0.304518)
  saved best_acc.pt (val_answer_accuracy=0.919750)
epoch 9/20 train loss=0.0345 acc=0.9970 em=0.9525 | val loss=0.1368 acc=0.9645 em=0.5675 | random≈0.0020
  saved best_loss.pt (val_answer_loss=0.136796)
  saved best_acc.pt (val_answer_accuracy=0.964531)
epoch 10/20 train loss=0.0115 acc=0.9999 em=0.9981 | val loss=0.0810 acc=0.9785 em=0.7040 | random≈0.0020
  saved best_loss.pt (val_answer_loss=0.081009)
  saved best_acc.pt (val_answer_accuracy=0.978500)
epoch 11/20 train loss=0.0056 acc=1.0000 em=1.0000 | val loss=0.0592 acc=0.9837 em=0.7735 | random≈0.0020
  saved best_loss.pt (val_answer_loss=0.059166)
  saved best_acc.pt (val_answer_accuracy=0.983656)
epoch 12/20 train loss=0.0037 acc=1.0000 em=1.0000 | val loss=0.0503 acc=0.9856 em=0.7950 | random≈0.0020
  saved best_loss.pt (val_answer_loss=0.050267)
  saved best_acc.pt (val_answer_accuracy=0.985563)
epoch 13/20 train loss=0.0028 acc=1.0000 em=1.0000 | val loss=0.0448 acc=0.9874 em=0.8200 | random≈0.0020
  saved best_loss.pt (val_answer_loss=0.044807)
  saved best_acc.pt (val_answer_accuracy=0.987437)
epoch 14/20 train loss=0.0022 acc=1.0000 em=1.0000 | val loss=0.0402 acc=0.9885 em=0.8350 | random≈0.0020
  saved best_loss.pt (val_answer_loss=0.040229)
  saved best_acc.pt (val_answer_accuracy=0.988500)
epoch 15/20 train loss=0.0018 acc=1.0000 em=1.0000 | val loss=0.0374 acc=0.9888 em=0.8395 | random≈0.0020
  saved best_loss.pt (val_answer_loss=0.037440)
  saved best_acc.pt (val_answer_accuracy=0.988844)
epoch 16/20 train loss=0.0014 acc=1.0000 em=1.0000 | val loss=0.0345 acc=0.9896 em=0.8490 | random≈0.0020
  saved best_loss.pt (val_answer_loss=0.034512)
  saved best_acc.pt (val_answer_accuracy=0.989594)
epoch 17/20 train loss=0.0012 acc=1.0000 em=1.0000 | val loss=0.0322 acc=0.9903 em=0.8590 | random≈0.0020
  saved best_loss.pt (val_answer_loss=0.032244)
  saved best_acc.pt (val_answer_accuracy=0.990281)
epoch 18/20 train loss=0.0010 acc=1.0000 em=1.0000 | val loss=0.0306 acc=0.9908 em=0.8670 | random≈0.0020
  saved best_loss.pt (val_answer_loss=0.030592)
  saved best_acc.pt (val_answer_accuracy=0.990781)
epoch 19/20 train loss=0.0009 acc=1.0000 em=1.0000 | val loss=0.0287 acc=0.9913 em=0.8730 | random≈0.0020
  saved best_loss.pt (val_answer_loss=0.028746)
  saved best_acc.pt (val_answer_accuracy=0.991344)
epoch 20/20 train loss=0.0007 acc=1.0000 em=1.0000 | val loss=0.0271 acc=0.9918 em=0.8800 | random≈0.0020
  saved best_loss.pt (val_answer_loss=0.027129)
  saved best_acc.pt (val_answer_accuracy=0.991844)
test [best_loss_ckpt] loss=0.027153 acc=0.991500 em=0.874000
test [best_acc_ckpt]  loss=0.027153 acc=0.991500 em=0.874000 random_baseline≈0.001953
done. meta_metrics → /home/jovyan/shares/SR008.fs2/nvidenisov/other/repos/mamba/mamba_multi_scale_get_started/outputs/MQAR/mqar_sweep_A_ms_gated_stride2_L224_minNone_kv16_vocab512_train20000_seed42/meta_metrics.csv
