mqar_split_hashes: n_train=20000 uniq_train=20000 | n_val=2000 uniq_val=2000 | n_test=2000 uniq_test=2000
mqar_answer_positions[train]: min=16 mean=16.0000 max=16 (expected 16 per sample)
mqar_answer_positions[val]: min=16 mean=16.0000 max=16 (expected 16 per sample)
mqar_answer_positions[test]: min=16 mean=16.0000 max=16 (expected 16 per sample)
experiment=mqar_sweep_A_mamba2_depth4_L192_minNone_kv16_vocab512_train20000_seed42 device=cuda:0 out_dir=/home/jovyan/shares/SR008.fs2/nvidenisov/other/repos/mamba/mamba_multi_scale_get_started/outputs/MQAR/mqar_sweep_A_mamba2_depth4_L192_minNone_kv16_vocab512_train20000_seed42
mqar data: fixed_examples=True random_baseline_acc≈1/vocab=0.001953 (vocab_size=512)
--- mqar resolved config (sanity) ---
  experiment.name: mqar_sweep_A_mamba2_depth4_L192_minNone_kv16_vocab512_train20000_seed42
  model.backbone: mamba2_lm
  model.layer_headdims: [32, 32, 32, 32]
  model.multiscale.fast_layer_headdims: —
  model.multiscale.slow_layer_headdims: —
  data.input_seq_len: 192
  data.num_kv_pairs: 16
  data.vocab_size: 512
  data.train_examples: 20000  val_examples: 2000  test_examples: 2000
  data.fixed_examples: True
  data.min_query_pos: null
  train.lr: 0.0003
  train.epochs: 20
  num_parameters_trainable: 1931712
  tags(backbone,fusion,stride): mamba2_lm, , 
--- end resolved config ---
epoch 1/20 train loss=5.5493 acc=0.0049 em=0.0000 | val loss=5.5606 acc=0.0034 em=0.0000 | random≈0.0020
  saved best_loss.pt (val_answer_loss=5.560617)
  saved best_acc.pt (val_answer_accuracy=0.003438)
epoch 2/20 train loss=5.5064 acc=0.0186 em=0.0000 | val loss=5.5457 acc=0.0157 em=0.0000 | random≈0.0020
  saved best_loss.pt (val_answer_loss=5.545742)
  saved best_acc.pt (val_answer_accuracy=0.015719)
epoch 3/20 train loss=5.3130 acc=0.0523 em=0.0000 | val loss=5.4334 acc=0.0472 em=0.0000 | random≈0.0020
  saved best_loss.pt (val_answer_loss=5.433413)
  saved best_acc.pt (val_answer_accuracy=0.047156)
epoch 4/20 train loss=4.8974 acc=0.0800 em=0.0000 | val loss=5.1593 acc=0.0600 em=0.0000 | random≈0.0020
  saved best_loss.pt (val_answer_loss=5.159343)
  saved best_acc.pt (val_answer_accuracy=0.060000)
epoch 5/20 train loss=2.7746 acc=0.4474 em=0.0000 | val loss=3.0099 acc=0.3923 em=0.0000 | random≈0.0020
  saved best_loss.pt (val_answer_loss=3.009876)
  saved best_acc.pt (val_answer_accuracy=0.392281)
epoch 6/20 train loss=0.3721 acc=0.9355 em=0.3513 | val loss=0.4653 acc=0.9079 em=0.2095 | random≈0.0020
  saved best_loss.pt (val_answer_loss=0.465308)
  saved best_acc.pt (val_answer_accuracy=0.907937)
epoch 7/20 train loss=0.0710 acc=0.9919 em=0.8808 | val loss=0.1162 acc=0.9767 em=0.6905 | random≈0.0020
  saved best_loss.pt (val_answer_loss=0.116211)
  saved best_acc.pt (val_answer_accuracy=0.976656)
epoch 8/20 train loss=0.0204 acc=0.9992 em=0.9875 | val loss=0.0505 acc=0.9900 em=0.8525 | random≈0.0020
  saved best_loss.pt (val_answer_loss=0.050503)
  saved best_acc.pt (val_answer_accuracy=0.989969)
epoch 9/20 train loss=0.0080 acc=1.0000 em=0.9996 | val loss=0.0289 acc=0.9941 em=0.9095 | random≈0.0020
  saved best_loss.pt (val_answer_loss=0.028856)
  saved best_acc.pt (val_answer_accuracy=0.994094)
epoch 10/20 train loss=0.0046 acc=1.0000 em=1.0000 | val loss=0.0208 acc=0.9960 em=0.9395 | random≈0.0020
  saved best_loss.pt (val_answer_loss=0.020810)
  saved best_acc.pt (val_answer_accuracy=0.996031)
epoch 11/20 train loss=0.0033 acc=1.0000 em=1.0000 | val loss=0.0177 acc=0.9962 em=0.9435 | random≈0.0020
  saved best_loss.pt (val_answer_loss=0.017679)
  saved best_acc.pt (val_answer_accuracy=0.996250)
epoch 12/20 train loss=0.0025 acc=1.0000 em=1.0000 | val loss=0.0159 acc=0.9964 em=0.9445 | random≈0.0020
  saved best_loss.pt (val_answer_loss=0.015949)
  saved best_acc.pt (val_answer_accuracy=0.996375)
epoch 13/20 train loss=0.0020 acc=1.0000 em=1.0000 | val loss=0.0145 acc=0.9967 em=0.9485 | random≈0.0020
  saved best_loss.pt (val_answer_loss=0.014545)
  saved best_acc.pt (val_answer_accuracy=0.996687)
epoch 14/20 train loss=0.0016 acc=1.0000 em=1.0000 | val loss=0.0134 acc=0.9970 em=0.9535 | random≈0.0020
  saved best_loss.pt (val_answer_loss=0.013397)
  saved best_acc.pt (val_answer_accuracy=0.997031)
epoch 15/20 train loss=0.0014 acc=1.0000 em=1.0000 | val loss=0.0127 acc=0.9969 em=0.9520 | random≈0.0020
  saved best_loss.pt (val_answer_loss=0.012661)
epoch 16/20 train loss=0.0011 acc=1.0000 em=1.0000 | val loss=0.0118 acc=0.9971 em=0.9545 | random≈0.0020
  saved best_loss.pt (val_answer_loss=0.011777)
epoch 17/20 train loss=0.0010 acc=1.0000 em=1.0000 | val loss=0.0113 acc=0.9971 em=0.9545 | random≈0.0020
  saved best_loss.pt (val_answer_loss=0.011300)
epoch 18/20 train loss=0.0008 acc=1.0000 em=1.0000 | val loss=0.0108 acc=0.9972 em=0.9570 | random≈0.0020
  saved best_loss.pt (val_answer_loss=0.010804)
  saved best_acc.pt (val_answer_accuracy=0.997250)
epoch 19/20 train loss=0.0007 acc=1.0000 em=1.0000 | val loss=0.0104 acc=0.9973 em=0.9575 | random≈0.0020
  saved best_loss.pt (val_answer_loss=0.010355)
epoch 20/20 train loss=0.0006 acc=1.0000 em=1.0000 | val loss=0.0099 acc=0.9975 em=0.9600 | random≈0.0020
  saved best_loss.pt (val_answer_loss=0.009904)
  saved best_acc.pt (val_answer_accuracy=0.997469)
test [best_loss_ckpt] loss=0.010025 acc=0.997188 em=0.955500
test [best_acc_ckpt]  loss=0.010025 acc=0.997188 em=0.955500 random_baseline≈0.001953
done. meta_metrics → /home/jovyan/shares/SR008.fs2/nvidenisov/other/repos/mamba/mamba_multi_scale_get_started/outputs/MQAR/mqar_sweep_A_mamba2_depth4_L192_minNone_kv16_vocab512_train20000_seed42/meta_metrics.csv
