mqar_split_hashes: n_train=20000 uniq_train=20000 | n_val=2000 uniq_val=2000 | n_test=2000 uniq_test=2000
mqar_answer_positions[train]: min=16 mean=16.0000 max=16 (expected 16 per sample)
mqar_answer_positions[val]: min=16 mean=16.0000 max=16 (expected 16 per sample)
mqar_answer_positions[test]: min=16 mean=16.0000 max=16 (expected 16 per sample)
experiment=mqar_sweep_B_mamba2_depth4_L256_min96_kv16_vocab512_train20000_seed42 device=cuda:0 out_dir=/home/jovyan/shares/SR008.fs2/nvidenisov/other/repos/mamba/mamba_multi_scale_get_started/outputs/MQAR/mqar_sweep_B_mamba2_depth4_L256_min96_kv16_vocab512_train20000_seed42
mqar data: fixed_examples=True random_baseline_acc≈1/vocab=0.001953 (vocab_size=512)
--- mqar resolved config (sanity) ---
  experiment.name: mqar_sweep_B_mamba2_depth4_L256_min96_kv16_vocab512_train20000_seed42
  model.backbone: mamba2_lm
  model.layer_headdims: [32, 32, 32, 32]
  model.multiscale.fast_layer_headdims: —
  model.multiscale.slow_layer_headdims: —
  data.input_seq_len: 256
  data.num_kv_pairs: 16
  data.vocab_size: 512
  data.train_examples: 20000  val_examples: 2000  test_examples: 2000
  data.fixed_examples: True
  data.min_query_pos: 96
  train.lr: 0.0003
  train.epochs: 20
  num_parameters_trainable: 1931712
  tags(backbone,fusion,stride): mamba2_lm, , 
--- end resolved config ---
epoch 1/20 train loss=5.5503 acc=0.0050 em=0.0000 | val loss=5.5628 acc=0.0037 em=0.0000 | random≈0.0020
  saved best_loss.pt (val_answer_loss=5.562828)
  saved best_acc.pt (val_answer_accuracy=0.003719)
epoch 2/20 train loss=5.5294 acc=0.0064 em=0.0000 | val loss=5.5621 acc=0.0040 em=0.0000 | random≈0.0020
  saved best_loss.pt (val_answer_loss=5.562141)
  saved best_acc.pt (val_answer_accuracy=0.004031)
epoch 3/20 train loss=5.4601 acc=0.0142 em=0.0000 | val loss=5.5766 acc=0.0041 em=0.0000 | random≈0.0020
epoch 4/20 train loss=5.2478 acc=0.0392 em=0.0000 | val loss=5.6253 acc=0.0052 em=0.0000 | random≈0.0020
  saved best_acc.pt (val_answer_accuracy=0.005156)
epoch 5/20 train loss=4.8763 acc=0.0931 em=0.0000 | val loss=5.7351 acc=0.0056 em=0.0000 | random≈0.0020
  saved best_acc.pt (val_answer_accuracy=0.005562)
epoch 6/20 train loss=4.4483 acc=0.1626 em=0.0000 | val loss=5.8936 acc=0.0051 em=0.0000 | random≈0.0020
early stopping at epoch 6: val answer_loss did not improve by min_delta=0.0001 for 4 epochs
test [best_loss_ckpt] loss=5.563188 acc=0.003906 em=0.000000
test [best_acc_ckpt]  loss=5.734488 acc=0.005156 em=0.000000 random_baseline≈0.001953
done. meta_metrics → /home/jovyan/shares/SR008.fs2/nvidenisov/other/repos/mamba/mamba_multi_scale_get_started/outputs/MQAR/mqar_sweep_B_mamba2_depth4_L256_min96_kv16_vocab512_train20000_seed42/meta_metrics.csv
