mqar_split_hashes: n_train=20000 uniq_train=20000 | n_val=2000 uniq_val=2000 | n_test=2000 uniq_test=2000
mqar_answer_positions[train]: min=16 mean=16.0000 max=16 (expected 16 per sample)
mqar_answer_positions[val]: min=16 mean=16.0000 max=16 (expected 16 per sample)
mqar_answer_positions[test]: min=16 mean=16.0000 max=16 (expected 16 per sample)
experiment=mqar_sweep_C_ms_gated_stride2_L128_minNone_kv16_vocab512_train20000_seed42 device=cuda:0 out_dir=/home/jovyan/shares/SR008.fs2/nvidenisov/other/repos/mamba/mamba_multi_scale_get_started/outputs/MQAR/mqar_sweep_C_ms_gated_stride2_L128_minNone_kv16_vocab512_train20000_seed42
mqar data: fixed_examples=True random_baseline_acc≈1/vocab=0.001953 (vocab_size=512)
--- mqar resolved config (sanity) ---
  experiment.name: mqar_sweep_C_ms_gated_stride2_L128_minNone_kv16_vocab512_train20000_seed42
  model.backbone: multiscale_mamba2_lm
  model.layer_headdims: [32, 32, 32, 32]
  model.multiscale.fast_layer_headdims: [32, 32, 32, 32]
  model.multiscale.slow_layer_headdims: [32, 32]
  data.input_seq_len: 128
  data.num_kv_pairs: 16
  data.vocab_size: 512
  data.train_examples: 20000  val_examples: 2000  test_examples: 2000
  data.fixed_examples: True
  data.min_query_pos: null
  train.lr: 0.0003
  train.epochs: 20
  num_parameters_trainable: 2898336
  tags(backbone,fusion,stride): multiscale_mamba2_lm, gated, 2
--- end resolved config ---
epoch 1/20 train loss=5.5490 acc=0.0051 em=0.0000 | val loss=5.5612 acc=0.0044 em=0.0000 | random≈0.0020
  saved best_loss.pt (val_answer_loss=5.561170)
  saved best_acc.pt (val_answer_accuracy=0.004406)
epoch 2/20 train loss=5.4581 acc=0.0349 em=0.0000 | val loss=5.5022 acc=0.0323 em=0.0000 | random≈0.0020
  saved best_loss.pt (val_answer_loss=5.502169)
  saved best_acc.pt (val_answer_accuracy=0.032281)
epoch 3/20 train loss=5.2080 acc=0.0619 em=0.0000 | val loss=5.3495 acc=0.0542 em=0.0000 | random≈0.0020
  saved best_loss.pt (val_answer_loss=5.349517)
  saved best_acc.pt (val_answer_accuracy=0.054219)
epoch 4/20 train loss=4.7349 acc=0.0944 em=0.0000 | val loss=5.0734 acc=0.0615 em=0.0000 | random≈0.0020
  saved best_loss.pt (val_answer_loss=5.073360)
  saved best_acc.pt (val_answer_accuracy=0.061469)
epoch 5/20 train loss=2.2290 acc=0.5545 em=0.0000 | val loss=2.5793 acc=0.4671 em=0.0000 | random≈0.0020
  saved best_loss.pt (val_answer_loss=2.579301)
  saved best_acc.pt (val_answer_accuracy=0.467125)
epoch 6/20 train loss=0.2115 acc=0.9700 em=0.6186 | val loss=0.3135 acc=0.9413 em=0.3900 | random≈0.0020
  saved best_loss.pt (val_answer_loss=0.313507)
  saved best_acc.pt (val_answer_accuracy=0.941312)
epoch 7/20 train loss=0.0347 acc=0.9986 em=0.9778 | val loss=0.0719 acc=0.9893 em=0.8410 | random≈0.0020
  saved best_loss.pt (val_answer_loss=0.071889)
  saved best_acc.pt (val_answer_accuracy=0.989313)
epoch 8/20 train loss=0.0122 acc=1.0000 em=0.9999 | val loss=0.0350 acc=0.9951 em=0.9265 | random≈0.0020
  saved best_loss.pt (val_answer_loss=0.035008)
  saved best_acc.pt (val_answer_accuracy=0.995125)
epoch 9/20 train loss=0.0070 acc=1.0000 em=1.0000 | val loss=0.0237 acc=0.9969 em=0.9525 | random≈0.0020
  saved best_loss.pt (val_answer_loss=0.023710)
  saved best_acc.pt (val_answer_accuracy=0.996906)
epoch 10/20 train loss=0.0048 acc=1.0000 em=1.0000 | val loss=0.0187 acc=0.9974 em=0.9600 | random≈0.0020
  saved best_loss.pt (val_answer_loss=0.018727)
  saved best_acc.pt (val_answer_accuracy=0.997406)
epoch 11/20 train loss=0.0036 acc=1.0000 em=1.0000 | val loss=0.0156 acc=0.9975 em=0.9615 | random≈0.0020
  saved best_loss.pt (val_answer_loss=0.015641)
  saved best_acc.pt (val_answer_accuracy=0.997531)
epoch 12/20 train loss=0.0028 acc=1.0000 em=1.0000 | val loss=0.0132 acc=0.9981 em=0.9695 | random≈0.0020
  saved best_loss.pt (val_answer_loss=0.013216)
  saved best_acc.pt (val_answer_accuracy=0.998062)
epoch 13/20 train loss=0.0023 acc=1.0000 em=1.0000 | val loss=0.0118 acc=0.9981 em=0.9700 | random≈0.0020
  saved best_loss.pt (val_answer_loss=0.011764)
epoch 14/20 train loss=0.0019 acc=1.0000 em=1.0000 | val loss=0.0103 acc=0.9985 em=0.9760 | random≈0.0020
  saved best_loss.pt (val_answer_loss=0.010338)
  saved best_acc.pt (val_answer_accuracy=0.998469)
epoch 15/20 train loss=0.0016 acc=1.0000 em=1.0000 | val loss=0.0093 acc=0.9984 em=0.9760 | random≈0.0020
  saved best_loss.pt (val_answer_loss=0.009277)
epoch 16/20 train loss=0.0013 acc=1.0000 em=1.0000 | val loss=0.0084 acc=0.9985 em=0.9765 | random≈0.0020
  saved best_loss.pt (val_answer_loss=0.008448)
epoch 17/20 train loss=0.0011 acc=1.0000 em=1.0000 | val loss=0.0076 acc=0.9987 em=0.9795 | random≈0.0020
  saved best_loss.pt (val_answer_loss=0.007633)
  saved best_acc.pt (val_answer_accuracy=0.998687)
epoch 18/20 train loss=0.0010 acc=1.0000 em=1.0000 | val loss=0.0070 acc=0.9988 em=0.9815 | random≈0.0020
  saved best_loss.pt (val_answer_loss=0.007013)
  saved best_acc.pt (val_answer_accuracy=0.998812)
epoch 19/20 train loss=0.0009 acc=1.0000 em=1.0000 | val loss=0.0065 acc=0.9987 em=0.9800 | random≈0.0020
  saved best_loss.pt (val_answer_loss=0.006537)
epoch 20/20 train loss=0.0007 acc=1.0000 em=1.0000 | val loss=0.0060 acc=0.9989 em=0.9835 | random≈0.0020
  saved best_loss.pt (val_answer_loss=0.006010)
  saved best_acc.pt (val_answer_accuracy=0.998938)
test [best_loss_ckpt] loss=0.006985 acc=0.998781 em=0.980500
test [best_acc_ckpt]  loss=0.006985 acc=0.998781 em=0.980500 random_baseline≈0.001953
done. meta_metrics → /home/jovyan/shares/SR008.fs2/nvidenisov/other/repos/mamba/mamba_multi_scale_get_started/outputs/MQAR/mqar_sweep_C_ms_gated_stride2_L128_minNone_kv16_vocab512_train20000_seed42/meta_metrics.csv
