mqar_split_hashes: n_train=20000 uniq_train=20000 | n_val=2000 uniq_val=2000 | n_test=2000 uniq_test=2000
mqar_answer_positions[train]: min=16 mean=16.0000 max=16 (expected 16 per sample)
mqar_answer_positions[val]: min=16 mean=16.0000 max=16 (expected 16 per sample)
mqar_answer_positions[test]: min=16 mean=16.0000 max=16 (expected 16 per sample)
experiment=mqar_sweep_C_ms_gated_stride2_L128_minNone_kv16_vocab640_train20000_seed42 device=cuda:0 out_dir=/home/jovyan/shares/SR008.fs2/nvidenisov/other/repos/mamba/mamba_multi_scale_get_started/outputs/MQAR/mqar_sweep_C_ms_gated_stride2_L128_minNone_kv16_vocab640_train20000_seed42
mqar data: fixed_examples=True random_baseline_acc≈1/vocab=0.001563 (vocab_size=640)
--- mqar resolved config (sanity) ---
  experiment.name: mqar_sweep_C_ms_gated_stride2_L128_minNone_kv16_vocab640_train20000_seed42
  model.backbone: multiscale_mamba2_lm
  model.layer_headdims: [32, 32, 32, 32]
  model.multiscale.fast_layer_headdims: [32, 32, 32, 32]
  model.multiscale.slow_layer_headdims: [32, 32]
  data.input_seq_len: 128
  data.num_kv_pairs: 16
  data.vocab_size: 640
  data.train_examples: 20000  val_examples: 2000  test_examples: 2000
  data.fixed_examples: True
  data.min_query_pos: null
  train.lr: 0.0003
  train.epochs: 20
  num_parameters_trainable: 2964000
  tags(backbone,fusion,stride): multiscale_mamba2_lm, gated, 2
--- end resolved config ---
epoch 1/20 train loss=5.7721 acc=0.0040 em=0.0000 | val loss=5.7860 acc=0.0032 em=0.0000 | random≈0.0016
  saved best_loss.pt (val_answer_loss=5.786015)
  saved best_acc.pt (val_answer_accuracy=0.003156)
epoch 2/20 train loss=5.7390 acc=0.0114 em=0.0000 | val loss=5.7787 acc=0.0084 em=0.0000 | random≈0.0016
  saved best_loss.pt (val_answer_loss=5.778673)
  saved best_acc.pt (val_answer_accuracy=0.008438)
epoch 3/20 train loss=5.6073 acc=0.0322 em=0.0000 | val loss=5.7553 acc=0.0254 em=0.0000 | random≈0.0016
  saved best_loss.pt (val_answer_loss=5.755302)
  saved best_acc.pt (val_answer_accuracy=0.025437)
epoch 4/20 train loss=5.2988 acc=0.0616 em=0.0000 | val loss=5.7098 acc=0.0373 em=0.0000 | random≈0.0016
  saved best_loss.pt (val_answer_loss=5.709842)
  saved best_acc.pt (val_answer_accuracy=0.037312)
epoch 5/20 train loss=4.5206 acc=0.1784 em=0.0000 | val loss=5.1883 acc=0.1046 em=0.0000 | random≈0.0016
  saved best_loss.pt (val_answer_loss=5.188267)
  saved best_acc.pt (val_answer_accuracy=0.104563)
epoch 6/20 train loss=1.3993 acc=0.7334 em=0.0054 | val loss=1.7869 acc=0.6263 em=0.0000 | random≈0.0016
  saved best_loss.pt (val_answer_loss=1.786901)
  saved best_acc.pt (val_answer_accuracy=0.626313)
epoch 7/20 train loss=0.2696 acc=0.9616 em=0.5403 | val loss=0.4366 acc=0.9158 em=0.2790 | random≈0.0016
  saved best_loss.pt (val_answer_loss=0.436581)
  saved best_acc.pt (val_answer_accuracy=0.915813)
epoch 8/20 train loss=0.0726 acc=0.9939 em=0.9078 | val loss=0.1566 acc=0.9713 em=0.6355 | random≈0.0016
  saved best_loss.pt (val_answer_loss=0.156629)
  saved best_acc.pt (val_answer_accuracy=0.971313)
epoch 9/20 train loss=0.0270 acc=0.9993 em=0.9887 | val loss=0.0878 acc=0.9825 em=0.7555 | random≈0.0016
  saved best_loss.pt (val_answer_loss=0.087833)
  saved best_acc.pt (val_answer_accuracy=0.982531)
epoch 10/20 train loss=0.0122 acc=1.0000 em=0.9999 | val loss=0.0541 acc=0.9893 em=0.8420 | random≈0.0016
  saved best_loss.pt (val_answer_loss=0.054067)
  saved best_acc.pt (val_answer_accuracy=0.989313)
epoch 11/20 train loss=0.0075 acc=1.0000 em=1.0000 | val loss=0.0406 acc=0.9921 em=0.8795 | random≈0.0016
  saved best_loss.pt (val_answer_loss=0.040637)
  saved best_acc.pt (val_answer_accuracy=0.992062)
epoch 12/20 train loss=0.0053 acc=1.0000 em=1.0000 | val loss=0.0327 acc=0.9933 em=0.8995 | random≈0.0016
  saved best_loss.pt (val_answer_loss=0.032737)
  saved best_acc.pt (val_answer_accuracy=0.993344)
epoch 13/20 train loss=0.0041 acc=1.0000 em=1.0000 | val loss=0.0285 acc=0.9943 em=0.9130 | random≈0.0016
  saved best_loss.pt (val_answer_loss=0.028517)
  saved best_acc.pt (val_answer_accuracy=0.994313)
epoch 14/20 train loss=0.0032 acc=1.0000 em=1.0000 | val loss=0.0250 acc=0.9946 em=0.9180 | random≈0.0016
  saved best_loss.pt (val_answer_loss=0.025013)
  saved best_acc.pt (val_answer_accuracy=0.994625)
epoch 15/20 train loss=0.0026 acc=1.0000 em=1.0000 | val loss=0.0224 acc=0.9951 em=0.9235 | random≈0.0016
  saved best_loss.pt (val_answer_loss=0.022411)
  saved best_acc.pt (val_answer_accuracy=0.995062)
epoch 16/20 train loss=0.0022 acc=1.0000 em=1.0000 | val loss=0.0201 acc=0.9955 em=0.9300 | random≈0.0016
  saved best_loss.pt (val_answer_loss=0.020125)
  saved best_acc.pt (val_answer_accuracy=0.995469)
epoch 17/20 train loss=0.0018 acc=1.0000 em=1.0000 | val loss=0.0183 acc=0.9959 em=0.9370 | random≈0.0016
  saved best_loss.pt (val_answer_loss=0.018314)
  saved best_acc.pt (val_answer_accuracy=0.995938)
epoch 18/20 train loss=0.0015 acc=1.0000 em=1.0000 | val loss=0.0171 acc=0.9962 em=0.9400 | random≈0.0016
  saved best_loss.pt (val_answer_loss=0.017054)
  saved best_acc.pt (val_answer_accuracy=0.996156)
epoch 19/20 train loss=0.0013 acc=1.0000 em=1.0000 | val loss=0.0159 acc=0.9963 em=0.9430 | random≈0.0016
  saved best_loss.pt (val_answer_loss=0.015941)
  saved best_acc.pt (val_answer_accuracy=0.996344)
epoch 20/20 train loss=0.0012 acc=1.0000 em=1.0000 | val loss=0.0149 acc=0.9964 em=0.9440 | random≈0.0016
  saved best_loss.pt (val_answer_loss=0.014866)
test [best_loss_ckpt] loss=0.014939 acc=0.996781 em=0.950000
test [best_acc_ckpt]  loss=0.015744 acc=0.996906 em=0.952500 random_baseline≈0.001563
done. meta_metrics → /home/jovyan/shares/SR008.fs2/nvidenisov/other/repos/mamba/mamba_multi_scale_get_started/outputs/MQAR/mqar_sweep_C_ms_gated_stride2_L128_minNone_kv16_vocab640_train20000_seed42/meta_metrics.csv
