mqar_split_hashes: n_train=20000 uniq_train=20000 | n_val=2000 uniq_val=2000 | n_test=2000 uniq_test=2000
mqar_answer_positions[train]: min=16 mean=16.0000 max=16 (expected 16 per sample)
mqar_answer_positions[val]: min=16 mean=16.0000 max=16 (expected 16 per sample)
mqar_answer_positions[test]: min=16 mean=16.0000 max=16 (expected 16 per sample)
experiment=mqar_sweep_A_ms_attention_stride4_L192_minNone_kv16_vocab512_train20000_seed42 device=cuda:0 out_dir=/home/jovyan/shares/SR008.fs2/nvidenisov/other/repos/mamba/mamba_multi_scale_get_started/outputs/MQAR/mqar_sweep_A_ms_attention_stride4_L192_minNone_kv16_vocab512_train20000_seed42
mqar data: fixed_examples=True random_baseline_acc≈1/vocab=0.001953 (vocab_size=512)
--- mqar resolved config (sanity) ---
  experiment.name: mqar_sweep_A_ms_attention_stride4_L192_minNone_kv16_vocab512_train20000_seed42
  model.backbone: multiscale_mamba2_attention_lm
  model.layer_headdims: [32, 32, 32, 32]
  model.multiscale.fast_layer_headdims: [32, 32, 32, 32]
  model.multiscale.slow_layer_headdims: [32, 32]
  data.input_seq_len: 192
  data.num_kv_pairs: 16
  data.vocab_size: 512
  data.train_examples: 20000  val_examples: 2000  test_examples: 2000
  data.fixed_examples: True
  data.min_query_pos: null
  train.lr: 0.0003
  train.epochs: 20
  num_parameters_trainable: 3030176
  tags(backbone,fusion,stride): multiscale_mamba2_attention_lm, residual, 4
--- end resolved config ---
epoch 1/20 train loss=5.5492 acc=0.0044 em=0.0000 | val loss=5.5580 acc=0.0034 em=0.0000 | random≈0.0020
  saved best_loss.pt (val_answer_loss=5.558039)
  saved best_acc.pt (val_answer_accuracy=0.003406)
epoch 2/20 train loss=5.5075 acc=0.0135 em=0.0000 | val loss=5.5603 acc=0.0095 em=0.0000 | random≈0.0020
  saved best_acc.pt (val_answer_accuracy=0.009500)
epoch 3/20 train loss=5.3596 acc=0.0317 em=0.0000 | val loss=5.5556 acc=0.0188 em=0.0000 | random≈0.0020
  saved best_loss.pt (val_answer_loss=5.555595)
  saved best_acc.pt (val_answer_accuracy=0.018781)
epoch 4/20 train loss=5.0254 acc=0.0720 em=0.0000 | val loss=5.5859 acc=0.0263 em=0.0000 | random≈0.0020
  saved best_acc.pt (val_answer_accuracy=0.026344)
epoch 5/20 train loss=4.5714 acc=0.1357 em=0.0000 | val loss=5.6751 acc=0.0299 em=0.0000 | random≈0.0020
  saved best_acc.pt (val_answer_accuracy=0.029937)
epoch 6/20 train loss=4.0776 acc=0.2203 em=0.0000 | val loss=5.7639 acc=0.0356 em=0.0000 | random≈0.0020
  saved best_acc.pt (val_answer_accuracy=0.035562)
epoch 7/20 train loss=3.5691 acc=0.3080 em=0.0000 | val loss=5.8741 acc=0.0416 em=0.0000 | random≈0.0020
  saved best_acc.pt (val_answer_accuracy=0.041563)
early stopping at epoch 7: val answer_loss did not improve by min_delta=0.0001 for 4 epochs
test [best_loss_ckpt] loss=5.556180 acc=0.018375 em=0.000000
test [best_acc_ckpt]  loss=5.879117 acc=0.041375 em=0.000000 random_baseline≈0.001953
done. meta_metrics → /home/jovyan/shares/SR008.fs2/nvidenisov/other/repos/mamba/mamba_multi_scale_get_started/outputs/MQAR/mqar_sweep_A_ms_attention_stride4_L192_minNone_kv16_vocab512_train20000_seed42/meta_metrics.csv
