mqar_split_hashes: n_train=20000 uniq_train=20000 | n_val=2000 uniq_val=2000 | n_test=2000 uniq_test=2000
mqar_answer_positions[train]: min=16 mean=16.0000 max=16 (expected 16 per sample)
mqar_answer_positions[val]: min=16 mean=16.0000 max=16 (expected 16 per sample)
mqar_answer_positions[test]: min=16 mean=16.0000 max=16 (expected 16 per sample)
experiment=mqar_sweep_A_mamba2_depth4_L224_minNone_kv16_vocab512_train20000_seed42 device=cuda:0 out_dir=/home/jovyan/shares/SR008.fs2/nvidenisov/other/repos/mamba/mamba_multi_scale_get_started/outputs/MQAR/mqar_sweep_A_mamba2_depth4_L224_minNone_kv16_vocab512_train20000_seed42
mqar data: fixed_examples=True random_baseline_acc≈1/vocab=0.001953 (vocab_size=512)
--- mqar resolved config (sanity) ---
  experiment.name: mqar_sweep_A_mamba2_depth4_L224_minNone_kv16_vocab512_train20000_seed42
  model.backbone: mamba2_lm
  model.layer_headdims: [32, 32, 32, 32]
  model.multiscale.fast_layer_headdims: —
  model.multiscale.slow_layer_headdims: —
  data.input_seq_len: 224
  data.num_kv_pairs: 16
  data.vocab_size: 512
  data.train_examples: 20000  val_examples: 2000  test_examples: 2000
  data.fixed_examples: True
  data.min_query_pos: null
  train.lr: 0.0003
  train.epochs: 20
  num_parameters_trainable: 1931712
  tags(backbone,fusion,stride): mamba2_lm, , 
--- end resolved config ---
epoch 1/20 train loss=5.5493 acc=0.0049 em=0.0000 | val loss=5.5613 acc=0.0037 em=0.0000 | random≈0.0020
  saved best_loss.pt (val_answer_loss=5.561281)
  saved best_acc.pt (val_answer_accuracy=0.003656)
epoch 2/20 train loss=5.5029 acc=0.0174 em=0.0000 | val loss=5.5392 acc=0.0155 em=0.0000 | random≈0.0020
  saved best_loss.pt (val_answer_loss=5.539180)
  saved best_acc.pt (val_answer_accuracy=0.015469)
epoch 3/20 train loss=5.3266 acc=0.0487 em=0.0000 | val loss=5.4517 acc=0.0422 em=0.0000 | random≈0.0020
  saved best_loss.pt (val_answer_loss=5.451715)
  saved best_acc.pt (val_answer_accuracy=0.042188)
epoch 4/20 train loss=5.0362 acc=0.0759 em=0.0000 | val loss=5.3151 acc=0.0568 em=0.0000 | random≈0.0020
  saved best_loss.pt (val_answer_loss=5.315126)
  saved best_acc.pt (val_answer_accuracy=0.056813)
epoch 5/20 train loss=4.5656 acc=0.1114 em=0.0000 | val loss=5.0274 acc=0.0611 em=0.0000 | random≈0.0020
  saved best_loss.pt (val_answer_loss=5.027415)
  saved best_acc.pt (val_answer_accuracy=0.061062)
epoch 6/20 train loss=3.0857 acc=0.3535 em=0.0000 | val loss=3.5292 acc=0.2604 em=0.0000 | random≈0.0020
  saved best_loss.pt (val_answer_loss=3.529232)
  saved best_acc.pt (val_answer_accuracy=0.260437)
epoch 7/20 train loss=0.5127 acc=0.8891 em=0.1522 | val loss=0.6853 acc=0.8327 em=0.0450 | random≈0.0020
  saved best_loss.pt (val_answer_loss=0.685289)
  saved best_acc.pt (val_answer_accuracy=0.832688)
epoch 8/20 train loss=0.0704 acc=0.9904 em=0.8591 | val loss=0.1260 acc=0.9722 em=0.6295 | random≈0.0020
  saved best_loss.pt (val_answer_loss=0.126044)
  saved best_acc.pt (val_answer_accuracy=0.972187)
epoch 9/20 train loss=0.0180 acc=0.9995 em=0.9923 | val loss=0.0479 acc=0.9908 em=0.8625 | random≈0.0020
  saved best_loss.pt (val_answer_loss=0.047892)
  saved best_acc.pt (val_answer_accuracy=0.990781)
epoch 10/20 train loss=0.0072 acc=1.0000 em=0.9999 | val loss=0.0278 acc=0.9948 em=0.9210 | random≈0.0020
  saved best_loss.pt (val_answer_loss=0.027760)
  saved best_acc.pt (val_answer_accuracy=0.994781)
epoch 11/20 train loss=0.0045 acc=1.0000 em=1.0000 | val loss=0.0216 acc=0.9959 em=0.9380 | random≈0.0020
  saved best_loss.pt (val_answer_loss=0.021627)
  saved best_acc.pt (val_answer_accuracy=0.995875)
epoch 12/20 train loss=0.0033 acc=1.0000 em=1.0000 | val loss=0.0184 acc=0.9963 em=0.9445 | random≈0.0020
  saved best_loss.pt (val_answer_loss=0.018370)
  saved best_acc.pt (val_answer_accuracy=0.996313)
epoch 13/20 train loss=0.0025 acc=1.0000 em=1.0000 | val loss=0.0163 acc=0.9965 em=0.9465 | random≈0.0020
  saved best_loss.pt (val_answer_loss=0.016298)
  saved best_acc.pt (val_answer_accuracy=0.996500)
epoch 14/20 train loss=0.0020 acc=1.0000 em=1.0000 | val loss=0.0146 acc=0.9969 em=0.9525 | random≈0.0020
  saved best_loss.pt (val_answer_loss=0.014626)
  saved best_acc.pt (val_answer_accuracy=0.996938)
epoch 15/20 train loss=0.0016 acc=1.0000 em=1.0000 | val loss=0.0133 acc=0.9971 em=0.9550 | random≈0.0020
  saved best_loss.pt (val_answer_loss=0.013319)
  saved best_acc.pt (val_answer_accuracy=0.997094)
epoch 16/20 train loss=0.0014 acc=1.0000 em=1.0000 | val loss=0.0122 acc=0.9972 em=0.9570 | random≈0.0020
  saved best_loss.pt (val_answer_loss=0.012186)
  saved best_acc.pt (val_answer_accuracy=0.997219)
epoch 17/20 train loss=0.0012 acc=1.0000 em=1.0000 | val loss=0.0113 acc=0.9975 em=0.9610 | random≈0.0020
  saved best_loss.pt (val_answer_loss=0.011294)
  saved best_acc.pt (val_answer_accuracy=0.997469)
epoch 18/20 train loss=0.0010 acc=1.0000 em=1.0000 | val loss=0.0105 acc=0.9973 em=0.9585 | random≈0.0020
  saved best_loss.pt (val_answer_loss=0.010548)
epoch 19/20 train loss=0.0009 acc=1.0000 em=1.0000 | val loss=0.0099 acc=0.9977 em=0.9635 | random≈0.0020
  saved best_loss.pt (val_answer_loss=0.009895)
  saved best_acc.pt (val_answer_accuracy=0.997656)
epoch 20/20 train loss=0.0007 acc=1.0000 em=1.0000 | val loss=0.0094 acc=0.9978 em=0.9645 | random≈0.0020
  saved best_loss.pt (val_answer_loss=0.009420)
test [best_loss_ckpt] loss=0.010962 acc=0.996875 em=0.953000
test [best_acc_ckpt]  loss=0.011643 acc=0.996531 em=0.948000 random_baseline≈0.001953
done. meta_metrics → /home/jovyan/shares/SR008.fs2/nvidenisov/other/repos/mamba/mamba_multi_scale_get_started/outputs/MQAR/mqar_sweep_A_mamba2_depth4_L224_minNone_kv16_vocab512_train20000_seed42/meta_metrics.csv
