mqar_split_hashes: n_train=20000 uniq_train=20000 | n_val=2000 uniq_val=2000 | n_test=2000 uniq_test=2000
mqar_answer_positions[train]: min=16 mean=16.0000 max=16 (expected 16 per sample)
mqar_answer_positions[val]: min=16 mean=16.0000 max=16 (expected 16 per sample)
mqar_answer_positions[test]: min=16 mean=16.0000 max=16 (expected 16 per sample)
experiment=mqar_sweep_C_ms_gated_stride2_L128_minNone_kv16_vocab768_train20000_seed42 device=cuda:0 out_dir=/home/jovyan/shares/SR008.fs2/nvidenisov/other/repos/mamba/mamba_multi_scale_get_started/outputs/MQAR/mqar_sweep_C_ms_gated_stride2_L128_minNone_kv16_vocab768_train20000_seed42
mqar data: fixed_examples=True random_baseline_acc≈1/vocab=0.001302 (vocab_size=768)
--- mqar resolved config (sanity) ---
  experiment.name: mqar_sweep_C_ms_gated_stride2_L128_minNone_kv16_vocab768_train20000_seed42
  model.backbone: multiscale_mamba2_lm
  model.layer_headdims: [32, 32, 32, 32]
  model.multiscale.fast_layer_headdims: [32, 32, 32, 32]
  model.multiscale.slow_layer_headdims: [32, 32]
  data.input_seq_len: 128
  data.num_kv_pairs: 16
  data.vocab_size: 768
  data.train_examples: 20000  val_examples: 2000  test_examples: 2000
  data.fixed_examples: True
  data.min_query_pos: null
  train.lr: 0.0003
  train.epochs: 20
  num_parameters_trainable: 3029664
  tags(backbone,fusion,stride): multiscale_mamba2_lm, gated, 2
--- end resolved config ---
epoch 1/20 train loss=5.9553 acc=0.0033 em=0.0000 | val loss=5.9691 acc=0.0025 em=0.0000 | random≈0.0013
  saved best_loss.pt (val_answer_loss=5.969119)
  saved best_acc.pt (val_answer_accuracy=0.002500)
epoch 2/20 train loss=5.9240 acc=0.0088 em=0.0000 | val loss=5.9654 acc=0.0057 em=0.0000 | random≈0.0013
  saved best_loss.pt (val_answer_loss=5.965351)
  saved best_acc.pt (val_answer_accuracy=0.005750)
epoch 3/20 train loss=5.7968 acc=0.0259 em=0.0000 | val loss=5.9404 acc=0.0206 em=0.0000 | random≈0.0013
  saved best_loss.pt (val_answer_loss=5.940446)
  saved best_acc.pt (val_answer_accuracy=0.020625)
epoch 4/20 train loss=5.5238 acc=0.0495 em=0.0000 | val loss=5.9524 acc=0.0271 em=0.0000 | random≈0.0013
  saved best_acc.pt (val_answer_accuracy=0.027125)
epoch 5/20 train loss=5.0624 acc=0.0976 em=0.0000 | val loss=5.9515 acc=0.0362 em=0.0000 | random≈0.0013
  saved best_acc.pt (val_answer_accuracy=0.036187)
epoch 6/20 train loss=4.4677 acc=0.1832 em=0.0000 | val loss=5.9345 acc=0.0429 em=0.0000 | random≈0.0013
  saved best_loss.pt (val_answer_loss=5.934473)
  saved best_acc.pt (val_answer_accuracy=0.042938)
epoch 7/20 train loss=3.8211 acc=0.2917 em=0.0000 | val loss=5.9036 acc=0.0499 em=0.0000 | random≈0.0013
  saved best_loss.pt (val_answer_loss=5.903551)
  saved best_acc.pt (val_answer_accuracy=0.049875)
epoch 8/20 train loss=3.1685 acc=0.4089 em=0.0000 | val loss=5.8362 acc=0.0573 em=0.0000 | random≈0.0013
  saved best_loss.pt (val_answer_loss=5.836228)
  saved best_acc.pt (val_answer_accuracy=0.057281)
epoch 9/20 train loss=2.1893 acc=0.5998 em=0.0001 | val loss=4.8528 acc=0.1414 em=0.0000 | random≈0.0013
  saved best_loss.pt (val_answer_loss=4.852788)
  saved best_acc.pt (val_answer_accuracy=0.141437)
epoch 10/20 train loss=0.4897 acc=0.9219 em=0.2817 | val loss=1.7799 acc=0.5998 em=0.0000 | random≈0.0013
  saved best_loss.pt (val_answer_loss=1.779910)
  saved best_acc.pt (val_answer_accuracy=0.599750)
epoch 11/20 train loss=0.1196 acc=0.9887 em=0.8365 | val loss=0.8013 acc=0.8050 em=0.0285 | random≈0.0013
  saved best_loss.pt (val_answer_loss=0.801270)
  saved best_acc.pt (val_answer_accuracy=0.805031)
epoch 12/20 train loss=0.0333 acc=0.9992 em=0.9880 | val loss=0.4581 acc=0.8813 em=0.1235 | random≈0.0013
  saved best_loss.pt (val_answer_loss=0.458102)
  saved best_acc.pt (val_answer_accuracy=0.881344)
epoch 13/20 train loss=0.0134 acc=1.0000 em=0.9996 | val loss=0.3249 acc=0.9127 em=0.2265 | random≈0.0013
  saved best_loss.pt (val_answer_loss=0.324894)
  saved best_acc.pt (val_answer_accuracy=0.912750)
epoch 14/20 train loss=0.0081 acc=1.0000 em=1.0000 | val loss=0.2635 acc=0.9278 em=0.2955 | random≈0.0013
  saved best_loss.pt (val_answer_loss=0.263484)
  saved best_acc.pt (val_answer_accuracy=0.927844)
epoch 15/20 train loss=0.0058 acc=1.0000 em=1.0000 | val loss=0.2325 acc=0.9356 em=0.3435 | random≈0.0013
  saved best_loss.pt (val_answer_loss=0.232518)
  saved best_acc.pt (val_answer_accuracy=0.935562)
epoch 16/20 train loss=0.0045 acc=1.0000 em=1.0000 | val loss=0.2097 acc=0.9412 em=0.3795 | random≈0.0013
  saved best_loss.pt (val_answer_loss=0.209730)
  saved best_acc.pt (val_answer_accuracy=0.941187)
epoch 17/20 train loss=0.0036 acc=1.0000 em=1.0000 | val loss=0.1916 acc=0.9452 em=0.3985 | random≈0.0013
  saved best_loss.pt (val_answer_loss=0.191578)
  saved best_acc.pt (val_answer_accuracy=0.945187)
epoch 18/20 train loss=0.0029 acc=1.0000 em=1.0000 | val loss=0.1762 acc=0.9494 em=0.4330 | random≈0.0013
  saved best_loss.pt (val_answer_loss=0.176168)
  saved best_acc.pt (val_answer_accuracy=0.949375)
epoch 19/20 train loss=0.0024 acc=1.0000 em=1.0000 | val loss=0.1636 acc=0.9526 em=0.4585 | random≈0.0013
  saved best_loss.pt (val_answer_loss=0.163597)
  saved best_acc.pt (val_answer_accuracy=0.952625)
epoch 20/20 train loss=0.0021 acc=1.0000 em=1.0000 | val loss=0.1524 acc=0.9559 em=0.4845 | random≈0.0013
  saved best_loss.pt (val_answer_loss=0.152409)
  saved best_acc.pt (val_answer_accuracy=0.955875)
test [best_loss_ckpt] loss=0.146888 acc=0.958031 em=0.503000
test [best_acc_ckpt]  loss=0.146888 acc=0.958031 em=0.503000 random_baseline≈0.001302
done. meta_metrics → /home/jovyan/shares/SR008.fs2/nvidenisov/other/repos/mamba/mamba_multi_scale_get_started/outputs/MQAR/mqar_sweep_C_ms_gated_stride2_L128_minNone_kv16_vocab768_train20000_seed42/meta_metrics.csv
