mqar_split_hashes: n_train=20000 uniq_train=20000 | n_val=2000 uniq_val=2000 | n_test=2000 uniq_test=2000
mqar_answer_positions[train]: min=16 mean=16.0000 max=16 (expected 16 per sample)
mqar_answer_positions[val]: min=16 mean=16.0000 max=16 (expected 16 per sample)
mqar_answer_positions[test]: min=16 mean=16.0000 max=16 (expected 16 per sample)
experiment=mqar_sweep_C_mamba2_depth4_L128_minNone_kv16_vocab704_train20000_seed42 device=cuda:0 out_dir=/home/jovyan/shares/SR008.fs2/nvidenisov/other/repos/mamba/mamba_multi_scale_get_started/outputs/MQAR/mqar_sweep_C_mamba2_depth4_L128_minNone_kv16_vocab704_train20000_seed42
mqar data: fixed_examples=True random_baseline_acc≈1/vocab=0.001420 (vocab_size=704)
--- mqar resolved config (sanity) ---
  experiment.name: mqar_sweep_C_mamba2_depth4_L128_minNone_kv16_vocab704_train20000_seed42
  model.backbone: mamba2_lm
  model.layer_headdims: [32, 32, 32, 32]
  model.multiscale.fast_layer_headdims: —
  model.multiscale.slow_layer_headdims: —
  data.input_seq_len: 128
  data.num_kv_pairs: 16
  data.vocab_size: 704
  data.train_examples: 20000  val_examples: 2000  test_examples: 2000
  data.fixed_examples: True
  data.min_query_pos: null
  train.lr: 0.0003
  train.epochs: 20
  num_parameters_trainable: 2030208
  tags(backbone,fusion,stride): mamba2_lm, , 
--- end resolved config ---
epoch 1/20 train loss=5.8692 acc=0.0036 em=0.0000 | val loss=5.8831 acc=0.0024 em=0.0000 | random≈0.0014
  saved best_loss.pt (val_answer_loss=5.883070)
  saved best_acc.pt (val_answer_accuracy=0.002437)
epoch 2/20 train loss=5.8379 acc=0.0094 em=0.0000 | val loss=5.8759 acc=0.0076 em=0.0000 | random≈0.0014
  saved best_loss.pt (val_answer_loss=5.875882)
  saved best_acc.pt (val_answer_accuracy=0.007594)
epoch 3/20 train loss=5.7247 acc=0.0253 em=0.0000 | val loss=5.8556 acc=0.0198 em=0.0000 | random≈0.0014
  saved best_loss.pt (val_answer_loss=5.855570)
  saved best_acc.pt (val_answer_accuracy=0.019813)
epoch 4/20 train loss=5.4907 acc=0.0488 em=0.0000 | val loss=5.8377 acc=0.0343 em=0.0000 | random≈0.0014
  saved best_loss.pt (val_answer_loss=5.837681)
  saved best_acc.pt (val_answer_accuracy=0.034344)
epoch 5/20 train loss=5.1523 acc=0.0797 em=0.0000 | val loss=5.8546 acc=0.0425 em=0.0000 | random≈0.0014
  saved best_acc.pt (val_answer_accuracy=0.042469)
epoch 6/20 train loss=4.7520 acc=0.1291 em=0.0000 | val loss=5.9013 acc=0.0377 em=0.0000 | random≈0.0014
epoch 7/20 train loss=4.3183 acc=0.1925 em=0.0000 | val loss=5.9140 acc=0.0379 em=0.0000 | random≈0.0014
epoch 8/20 train loss=3.6272 acc=0.3156 em=0.0000 | val loss=5.3428 acc=0.0944 em=0.0000 | random≈0.0014
  saved best_loss.pt (val_answer_loss=5.342822)
  saved best_acc.pt (val_answer_accuracy=0.094375)
epoch 9/20 train loss=1.3845 acc=0.7512 em=0.0083 | val loss=2.3637 acc=0.5109 em=0.0000 | random≈0.0014
  saved best_loss.pt (val_answer_loss=2.363727)
  saved best_acc.pt (val_answer_accuracy=0.510906)
epoch 10/20 train loss=0.2824 acc=0.9576 em=0.5085 | val loss=0.6507 acc=0.8551 em=0.0770 | random≈0.0014
  saved best_loss.pt (val_answer_loss=0.650655)
  saved best_acc.pt (val_answer_accuracy=0.855125)
epoch 11/20 train loss=0.0836 acc=0.9920 em=0.8805 | val loss=0.2803 acc=0.9327 em=0.3260 | random≈0.0014
  saved best_loss.pt (val_answer_loss=0.280250)
  saved best_acc.pt (val_answer_accuracy=0.932688)
epoch 12/20 train loss=0.0306 acc=0.9996 em=0.9935 | val loss=0.1675 acc=0.9593 em=0.5120 | random≈0.0014
  saved best_loss.pt (val_answer_loss=0.167479)
  saved best_acc.pt (val_answer_accuracy=0.959250)
epoch 13/20 train loss=0.0158 acc=1.0000 em=1.0000 | val loss=0.1302 acc=0.9675 em=0.5850 | random≈0.0014
  saved best_loss.pt (val_answer_loss=0.130247)
  saved best_acc.pt (val_answer_accuracy=0.967469)
epoch 14/20 train loss=0.0105 acc=1.0000 em=1.0000 | val loss=0.1131 acc=0.9710 em=0.6255 | random≈0.0014
  saved best_loss.pt (val_answer_loss=0.113053)
  saved best_acc.pt (val_answer_accuracy=0.971031)
epoch 15/20 train loss=0.0078 acc=1.0000 em=1.0000 | val loss=0.1027 acc=0.9729 em=0.6455 | random≈0.0014
  saved best_loss.pt (val_answer_loss=0.102723)
  saved best_acc.pt (val_answer_accuracy=0.972906)
epoch 16/20 train loss=0.0061 acc=1.0000 em=1.0000 | val loss=0.0940 acc=0.9756 em=0.6740 | random≈0.0014
  saved best_loss.pt (val_answer_loss=0.094033)
  saved best_acc.pt (val_answer_accuracy=0.975594)
epoch 17/20 train loss=0.0049 acc=1.0000 em=1.0000 | val loss=0.0883 acc=0.9764 em=0.6840 | random≈0.0014
  saved best_loss.pt (val_answer_loss=0.088290)
  saved best_acc.pt (val_answer_accuracy=0.976437)
epoch 18/20 train loss=0.0040 acc=1.0000 em=1.0000 | val loss=0.0807 acc=0.9787 em=0.7075 | random≈0.0014
  saved best_loss.pt (val_answer_loss=0.080749)
  saved best_acc.pt (val_answer_accuracy=0.978688)
epoch 19/20 train loss=0.0034 acc=1.0000 em=1.0000 | val loss=0.0769 acc=0.9801 em=0.7260 | random≈0.0014
  saved best_loss.pt (val_answer_loss=0.076892)
  saved best_acc.pt (val_answer_accuracy=0.980125)
epoch 20/20 train loss=0.0029 acc=1.0000 em=1.0000 | val loss=0.0724 acc=0.9808 em=0.7310 | random≈0.0014
  saved best_loss.pt (val_answer_loss=0.072446)
  saved best_acc.pt (val_answer_accuracy=0.980781)
test [best_loss_ckpt] loss=0.071979 acc=0.981062 em=0.736500
test [best_acc_ckpt]  loss=0.071979 acc=0.981062 em=0.736500 random_baseline≈0.001420
done. meta_metrics → /home/jovyan/shares/SR008.fs2/nvidenisov/other/repos/mamba/mamba_multi_scale_get_started/outputs/MQAR/mqar_sweep_C_mamba2_depth4_L128_minNone_kv16_vocab704_train20000_seed42/meta_metrics.csv
