mqar_split_hashes: n_train=20000 uniq_train=20000 | n_val=2000 uniq_val=2000 | n_test=2000 uniq_test=2000
mqar_answer_positions[train]: min=16 mean=16.0000 max=16 (expected 16 per sample)
mqar_answer_positions[val]: min=16 mean=16.0000 max=16 (expected 16 per sample)
mqar_answer_positions[test]: min=16 mean=16.0000 max=16 (expected 16 per sample)
experiment=mqar_sweep_A_ms_attention_stride4_L128_minNone_kv16_vocab512_train20000_seed42 device=cuda:0 out_dir=/home/jovyan/shares/SR008.fs2/nvidenisov/other/repos/mamba/mamba_multi_scale_get_started/outputs/MQAR/mqar_sweep_A_ms_attention_stride4_L128_minNone_kv16_vocab512_train20000_seed42
mqar data: fixed_examples=True random_baseline_acc≈1/vocab=0.001953 (vocab_size=512)
--- mqar resolved config (sanity) ---
  experiment.name: mqar_sweep_A_ms_attention_stride4_L128_minNone_kv16_vocab512_train20000_seed42
  model.backbone: multiscale_mamba2_attention_lm
  model.layer_headdims: [32, 32, 32, 32]
  model.multiscale.fast_layer_headdims: [32, 32, 32, 32]
  model.multiscale.slow_layer_headdims: [32, 32]
  data.input_seq_len: 128
  data.num_kv_pairs: 16
  data.vocab_size: 512
  data.train_examples: 20000  val_examples: 2000  test_examples: 2000
  data.fixed_examples: True
  data.min_query_pos: null
  train.lr: 0.0003
  train.epochs: 20
  num_parameters_trainable: 3030176
  tags(backbone,fusion,stride): multiscale_mamba2_attention_lm, residual, 4
--- end resolved config ---
epoch 1/20 train loss=5.5509 acc=0.0047 em=0.0000 | val loss=5.5599 acc=0.0035 em=0.0000 | random≈0.0020
  saved best_loss.pt (val_answer_loss=5.559861)
  saved best_acc.pt (val_answer_accuracy=0.003469)
epoch 2/20 train loss=5.4778 acc=0.0231 em=0.0000 | val loss=5.5408 acc=0.0187 em=0.0000 | random≈0.0020
  saved best_loss.pt (val_answer_loss=5.540759)
  saved best_acc.pt (val_answer_accuracy=0.018687)
epoch 3/20 train loss=5.2645 acc=0.0512 em=0.0000 | val loss=5.4721 acc=0.0420 em=0.0000 | random≈0.0020
  saved best_loss.pt (val_answer_loss=5.472051)
  saved best_acc.pt (val_answer_accuracy=0.042000)
epoch 4/20 train loss=4.5889 acc=0.1769 em=0.0000 | val loss=4.9920 acc=0.1472 em=0.0000 | random≈0.0020
  saved best_loss.pt (val_answer_loss=4.991999)
  saved best_acc.pt (val_answer_accuracy=0.147219)
epoch 5/20 train loss=1.8167 acc=0.6605 em=0.0005 | val loss=2.1041 acc=0.5830 em=0.0000 | random≈0.0020
  saved best_loss.pt (val_answer_loss=2.104125)
  saved best_acc.pt (val_answer_accuracy=0.583031)
epoch 6/20 train loss=0.2457 acc=0.9713 em=0.6351 | val loss=0.3330 acc=0.9463 em=0.4195 | random≈0.0020
  saved best_loss.pt (val_answer_loss=0.332954)
  saved best_acc.pt (val_answer_accuracy=0.946344)
epoch 7/20 train loss=0.0614 acc=0.9968 em=0.9507 | val loss=0.1011 acc=0.9856 em=0.8025 | random≈0.0020
  saved best_loss.pt (val_answer_loss=0.101127)
  saved best_acc.pt (val_answer_accuracy=0.985625)
epoch 8/20 train loss=0.0234 acc=0.9999 em=0.9989 | val loss=0.0484 acc=0.9945 em=0.9185 | random≈0.0020
  saved best_loss.pt (val_answer_loss=0.048373)
  saved best_acc.pt (val_answer_accuracy=0.994531)
epoch 9/20 train loss=0.0133 acc=1.0000 em=1.0000 | val loss=0.0321 acc=0.9969 em=0.9525 | random≈0.0020
  saved best_loss.pt (val_answer_loss=0.032066)
  saved best_acc.pt (val_answer_accuracy=0.996875)
epoch 10/20 train loss=0.0092 acc=1.0000 em=1.0000 | val loss=0.0241 acc=0.9977 em=0.9640 | random≈0.0020
  saved best_loss.pt (val_answer_loss=0.024071)
  saved best_acc.pt (val_answer_accuracy=0.997687)
epoch 11/20 train loss=0.0067 acc=1.0000 em=1.0000 | val loss=0.0190 acc=0.9981 em=0.9705 | random≈0.0020
  saved best_loss.pt (val_answer_loss=0.019020)
  saved best_acc.pt (val_answer_accuracy=0.998062)
epoch 12/20 train loss=0.0052 acc=1.0000 em=1.0000 | val loss=0.0156 acc=0.9985 em=0.9760 | random≈0.0020
  saved best_loss.pt (val_answer_loss=0.015574)
  saved best_acc.pt (val_answer_accuracy=0.998469)
epoch 13/20 train loss=0.0041 acc=1.0000 em=1.0000 | val loss=0.0130 acc=0.9988 em=0.9810 | random≈0.0020
  saved best_loss.pt (val_answer_loss=0.012961)
  saved best_acc.pt (val_answer_accuracy=0.998812)
epoch 14/20 train loss=0.0033 acc=1.0000 em=1.0000 | val loss=0.0111 acc=0.9992 em=0.9865 | random≈0.0020
  saved best_loss.pt (val_answer_loss=0.011148)
  saved best_acc.pt (val_answer_accuracy=0.999156)
epoch 15/20 train loss=0.0028 acc=1.0000 em=1.0000 | val loss=0.0097 acc=0.9992 em=0.9880 | random≈0.0020
  saved best_loss.pt (val_answer_loss=0.009713)
epoch 16/20 train loss=0.0024 acc=1.0000 em=1.0000 | val loss=0.0086 acc=0.9992 em=0.9870 | random≈0.0020
  saved best_loss.pt (val_answer_loss=0.008560)
epoch 17/20 train loss=0.0020 acc=1.0000 em=1.0000 | val loss=0.0075 acc=0.9993 em=0.9895 | random≈0.0020
  saved best_loss.pt (val_answer_loss=0.007547)
  saved best_acc.pt (val_answer_accuracy=0.999344)
epoch 18/20 train loss=0.0018 acc=1.0000 em=1.0000 | val loss=0.0069 acc=0.9992 em=0.9880 | random≈0.0020
  saved best_loss.pt (val_answer_loss=0.006850)
epoch 19/20 train loss=0.0015 acc=1.0000 em=1.0000 | val loss=0.0062 acc=0.9995 em=0.9915 | random≈0.0020
  saved best_loss.pt (val_answer_loss=0.006200)
  saved best_acc.pt (val_answer_accuracy=0.999469)
epoch 20/20 train loss=0.0014 acc=1.0000 em=1.0000 | val loss=0.0057 acc=0.9995 em=0.9915 | random≈0.0020
  saved best_loss.pt (val_answer_loss=0.005662)
test [best_loss_ckpt] loss=0.005868 acc=0.999500 em=0.992000
test [best_acc_ckpt]  loss=0.006414 acc=0.999375 em=0.990000 random_baseline≈0.001953
done. meta_metrics → /home/jovyan/shares/SR008.fs2/nvidenisov/other/repos/mamba/mamba_multi_scale_get_started/outputs/MQAR/mqar_sweep_A_ms_attention_stride4_L128_minNone_kv16_vocab512_train20000_seed42/meta_metrics.csv
