mqar_split_hashes: n_train=20000 uniq_train=20000 | n_val=2000 uniq_val=2000 | n_test=2000 uniq_test=2000
mqar_answer_positions[train]: min=16 mean=16.0000 max=16 (expected 16 per sample)
mqar_answer_positions[val]: min=16 mean=16.0000 max=16 (expected 16 per sample)
mqar_answer_positions[test]: min=16 mean=16.0000 max=16 (expected 16 per sample)
experiment=archeval_mqar_easy_mamba2_split_ts_75slow_25fast_seed42 device=cuda:0 out_dir=/home/jovyan/shares/SR008.fs2/nvidenisov/other/repos/mamba/mamba_multi_scale_get_started/outputs/ArchEval/mqar_easy_mamba2_split_ts_75slow_25fast_seed42
mqar data: fixed_examples=True random_baseline_acc≈1/vocab=0.001953 (vocab_size=512)
--- mqar resolved config (sanity) ---
  experiment.name: archeval_mqar_easy_mamba2_split_ts_75slow_25fast_seed42
  model.backbone: mamba2_lm
  model.layer_headdims: [32, 32, 32, 32]
  model.multiscale.fast_layer_headdims: —
  model.multiscale.slow_layer_headdims: —
  model.multiscale.window_size: —
  model.multiscale.offsets: —
  model.multiscale.summary_mode: —
  model.multiscale.causal_mode: —
  model.multiscale.gate_type: —
  data.input_seq_len: 128
  data.num_kv_pairs: 16
  data.vocab_size: 512
  data.train_examples: 20000  val_examples: 2000  test_examples: 2000
  data.fixed_examples: True
  data.min_query_pos: null
  train.lr: 0.0003
  train.epochs: 20
  num_parameters_trainable: 1931712
  tags(backbone,fusion,stride): mamba2_lm, , 
--- end resolved config ---
epoch 1/20 train loss=5.5499 acc=0.0049 em=0.0000 | val loss=5.5619 acc=0.0033 em=0.0000 | random≈0.0020
  saved best_loss.pt (val_answer_loss=5.561943)
  saved best_acc.pt (val_answer_accuracy=0.003312)
epoch 2/20 train loss=5.4635 acc=0.0330 em=0.0000 | val loss=5.5079 acc=0.0303 em=0.0000 | random≈0.0020
  saved best_loss.pt (val_answer_loss=5.507877)
  saved best_acc.pt (val_answer_accuracy=0.030281)
epoch 3/20 train loss=5.1157 acc=0.0673 em=0.0000 | val loss=5.2512 acc=0.0578 em=0.0000 | random≈0.0020
  saved best_loss.pt (val_answer_loss=5.251244)
  saved best_acc.pt (val_answer_accuracy=0.057750)
epoch 4/20 train loss=2.9688 acc=0.4329 em=0.0000 | val loss=3.1423 acc=0.3937 em=0.0000 | random≈0.0020
  saved best_loss.pt (val_answer_loss=3.142259)
  saved best_acc.pt (val_answer_accuracy=0.393656)
epoch 5/20 train loss=0.2098 acc=0.9734 em=0.6522 | val loss=0.2663 acc=0.9583 em=0.4985 | random≈0.0020
  saved best_loss.pt (val_answer_loss=0.266326)
  saved best_acc.pt (val_answer_accuracy=0.958281)
epoch 6/20 train loss=0.0281 acc=0.9989 em=0.9829 | val loss=0.0500 acc=0.9929 em=0.8960 | random≈0.0020
  saved best_loss.pt (val_answer_loss=0.050004)
  saved best_acc.pt (val_answer_accuracy=0.992938)
epoch 7/20 train loss=0.0101 acc=1.0000 em=0.9994 | val loss=0.0241 acc=0.9964 em=0.9440 | random≈0.0020
  saved best_loss.pt (val_answer_loss=0.024149)
  saved best_acc.pt (val_answer_accuracy=0.996406)
epoch 8/20 train loss=0.0057 acc=1.0000 em=1.0000 | val loss=0.0167 acc=0.9973 em=0.9585 | random≈0.0020
  saved best_loss.pt (val_answer_loss=0.016745)
  saved best_acc.pt (val_answer_accuracy=0.997344)
epoch 9/20 train loss=0.0040 acc=1.0000 em=1.0000 | val loss=0.0133 acc=0.9978 em=0.9665 | random≈0.0020
  saved best_loss.pt (val_answer_loss=0.013323)
  saved best_acc.pt (val_answer_accuracy=0.997844)
epoch 10/20 train loss=0.0030 acc=1.0000 em=1.0000 | val loss=0.0115 acc=0.9980 em=0.9685 | random≈0.0020
  saved best_loss.pt (val_answer_loss=0.011453)
  saved best_acc.pt (val_answer_accuracy=0.997969)
epoch 11/20 train loss=0.0024 acc=1.0000 em=1.0000 | val loss=0.0100 acc=0.9981 em=0.9705 | random≈0.0020
  saved best_loss.pt (val_answer_loss=0.010011)
  saved best_acc.pt (val_answer_accuracy=0.998125)
epoch 12/20 train loss=0.0019 acc=1.0000 em=1.0000 | val loss=0.0090 acc=0.9980 em=0.9690 | random≈0.0020
  saved best_loss.pt (val_answer_loss=0.008959)
epoch 13/20 train loss=0.0016 acc=1.0000 em=1.0000 | val loss=0.0082 acc=0.9982 em=0.9715 | random≈0.0020
  saved best_loss.pt (val_answer_loss=0.008179)
epoch 14/20 train loss=0.0013 acc=1.0000 em=1.0000 | val loss=0.0074 acc=0.9985 em=0.9760 | random≈0.0020
  saved best_loss.pt (val_answer_loss=0.007392)
  saved best_acc.pt (val_answer_accuracy=0.998500)
epoch 15/20 train loss=0.0011 acc=1.0000 em=1.0000 | val loss=0.0068 acc=0.9985 em=0.9765 | random≈0.0020
  saved best_loss.pt (val_answer_loss=0.006771)
epoch 16/20 train loss=0.0010 acc=1.0000 em=1.0000 | val loss=0.0064 acc=0.9986 em=0.9785 | random≈0.0020
  saved best_loss.pt (val_answer_loss=0.006389)
  saved best_acc.pt (val_answer_accuracy=0.998625)
epoch 17/20 train loss=0.0008 acc=1.0000 em=1.0000 | val loss=0.0060 acc=0.9987 em=0.9785 | random≈0.0020
  saved best_loss.pt (val_answer_loss=0.006048)
epoch 18/20 train loss=0.0007 acc=1.0000 em=1.0000 | val loss=0.0056 acc=0.9988 em=0.9800 | random≈0.0020
  saved best_loss.pt (val_answer_loss=0.005552)
  saved best_acc.pt (val_answer_accuracy=0.998750)
epoch 19/20 train loss=0.0006 acc=1.0000 em=1.0000 | val loss=0.0052 acc=0.9988 em=0.9805 | random≈0.0020
  saved best_loss.pt (val_answer_loss=0.005182)
epoch 20/20 train loss=0.0006 acc=1.0000 em=1.0000 | val loss=0.0049 acc=0.9989 em=0.9825 | random≈0.0020
  saved best_loss.pt (val_answer_loss=0.004866)
  saved best_acc.pt (val_answer_accuracy=0.998875)
test [best_loss_ckpt] loss=0.004035 acc=0.999219 em=0.987500
test [best_acc_ckpt]  loss=0.004035 acc=0.999219 em=0.987500 random_baseline≈0.001953
done. meta_metrics → /home/jovyan/shares/SR008.fs2/nvidenisov/other/repos/mamba/mamba_multi_scale_get_started/outputs/ArchEval/mqar_easy_mamba2_split_ts_75slow_25fast_seed42/meta_metrics.csv
