mqar_split_hashes: n_train=20000 uniq_train=20000 | n_val=2000 uniq_val=2000 | n_test=2000 uniq_test=2000
mqar_answer_positions[train]: min=16 mean=16.0000 max=16 (expected 16 per sample)
mqar_answer_positions[val]: min=16 mean=16.0000 max=16 (expected 16 per sample)
mqar_answer_positions[test]: min=16 mean=16.0000 max=16 (expected 16 per sample)
experiment=mqar_fail_transformer_param_match_v2048_seed43 device=cuda:0 out_dir=/home/jovyan/shares/SR008.fs2/nvidenisov/other/repos/mamba/mamba_multi_scale_get_started/outputs/MQARFailureSweep/mqar_fail_transformer_param_match_v2048_seed43
mqar data: fixed_examples=True random_baseline_acc≈1/vocab=0.000488 (vocab_size=2048)
--- mqar resolved config (sanity) ---
  experiment.name: mqar_fail_transformer_param_match_v2048_seed43
  model.backbone: transformer_lm
  model.layer_headdims: —
  model.multiscale.fast_layer_headdims: —
  model.multiscale.slow_layer_headdims: —
  model.multiscale.window_size: —
  model.multiscale.offsets: —
  model.multiscale.summary_mode: —
  model.multiscale.causal_mode: —
  model.multiscale.gate_type: —
  data.input_seq_len: 128
  data.num_kv_pairs: 16
  data.vocab_size: 2048
  data.train_examples: 20000  val_examples: 2000  test_examples: 2000
  data.fixed_examples: True
  data.min_query_pos: null
  train.lr: 0.0003
  train.epochs: 20
  num_parameters_trainable: 3785968
  tags(backbone,fusion,stride): transformer_lm, , 
--- end resolved config ---
epoch 1/20 train loss=6.9462 acc=0.0011 em=0.0000 | val loss=6.9509 acc=0.0011 em=0.0000 | random≈0.0005
  saved best_loss.pt (val_answer_loss=6.950940)
  saved best_acc.pt (val_answer_accuracy=0.001125)
epoch 2/20 train loss=6.9420 acc=0.0010 em=0.0000 | val loss=6.9483 acc=0.0011 em=0.0000 | random≈0.0005
  saved best_loss.pt (val_answer_loss=6.948292)
epoch 3/20 train loss=6.9372 acc=0.0012 em=0.0000 | val loss=6.9451 acc=0.0012 em=0.0000 | random≈0.0005
  saved best_loss.pt (val_answer_loss=6.945082)
epoch 4/20 train loss=6.8147 acc=0.0197 em=0.0000 | val loss=6.8846 acc=0.0166 em=0.0000 | random≈0.0005
  saved best_loss.pt (val_answer_loss=6.884628)
  saved best_acc.pt (val_answer_accuracy=0.016594)
epoch 5/20 train loss=6.2618 acc=0.0699 em=0.0000 | val loss=6.4174 acc=0.0611 em=0.0000 | random≈0.0005
  saved best_loss.pt (val_answer_loss=6.417409)
  saved best_acc.pt (val_answer_accuracy=0.061062)
epoch 6/20 train loss=5.7686 acc=0.0860 em=0.0000 | val loss=6.0144 acc=0.0684 em=0.0000 | random≈0.0005
  saved best_loss.pt (val_answer_loss=6.014412)
  saved best_acc.pt (val_answer_accuracy=0.068375)
epoch 7/20 train loss=5.3474 acc=0.0967 em=0.0000 | val loss=5.6868 acc=0.0735 em=0.0000 | random≈0.0005
  saved best_loss.pt (val_answer_loss=5.686844)
  saved best_acc.pt (val_answer_accuracy=0.073531)
epoch 8/20 train loss=4.9849 acc=0.1077 em=0.0000 | val loss=5.4218 acc=0.0736 em=0.0000 | random≈0.0005
  saved best_loss.pt (val_answer_loss=5.421847)
epoch 9/20 train loss=4.6657 acc=0.1181 em=0.0000 | val loss=5.2078 acc=0.0727 em=0.0000 | random≈0.0005
  saved best_loss.pt (val_answer_loss=5.207798)
epoch 10/20 train loss=4.3819 acc=0.1319 em=0.0000 | val loss=5.0387 acc=0.0765 em=0.0000 | random≈0.0005
  saved best_loss.pt (val_answer_loss=5.038710)
  saved best_acc.pt (val_answer_accuracy=0.076531)
epoch 11/20 train loss=4.0510 acc=0.1642 em=0.0000 | val loss=4.8243 acc=0.0888 em=0.0000 | random≈0.0005
  saved best_loss.pt (val_answer_loss=4.824338)
  saved best_acc.pt (val_answer_accuracy=0.088813)
epoch 12/20 train loss=0.0234 acc=0.9990 em=0.9841 | val loss=0.0284 acc=0.9988 em=0.9800 | random≈0.0005
  saved best_loss.pt (val_answer_loss=0.028449)
  saved best_acc.pt (val_answer_accuracy=0.998750)
epoch 13/20 train loss=0.0016 acc=1.0000 em=0.9999 | val loss=0.0019 acc=1.0000 em=0.9995 | random≈0.0005
  saved best_loss.pt (val_answer_loss=0.001875)
  saved best_acc.pt (val_answer_accuracy=0.999969)
epoch 14/20 train loss=0.0007 acc=1.0000 em=1.0000 | val loss=0.0008 acc=1.0000 em=1.0000 | random≈0.0005
  saved best_loss.pt (val_answer_loss=0.000826)
epoch 15/20 train loss=0.0004 acc=1.0000 em=1.0000 | val loss=0.0005 acc=1.0000 em=1.0000 | random≈0.0005
  saved best_loss.pt (val_answer_loss=0.000498)
epoch 16/20 train loss=0.0003 acc=1.0000 em=1.0000 | val loss=0.0003 acc=1.0000 em=1.0000 | random≈0.0005
  saved best_loss.pt (val_answer_loss=0.000342)
epoch 17/20 train loss=0.0002 acc=1.0000 em=1.0000 | val loss=0.0003 acc=1.0000 em=1.0000 | random≈0.0005
epoch 18/20 train loss=0.0002 acc=1.0000 em=1.0000 | val loss=0.0002 acc=1.0000 em=1.0000 | random≈0.0005
  saved best_loss.pt (val_answer_loss=0.000197)
epoch 19/20 train loss=0.0001 acc=1.0000 em=1.0000 | val loss=0.0002 acc=1.0000 em=1.0000 | random≈0.0005
epoch 20/20 train loss=0.0001 acc=1.0000 em=1.0000 | val loss=0.0001 acc=1.0000 em=1.0000 | random≈0.0005
test [best_loss_ckpt] loss=0.000197 acc=1.000000 em=1.000000
test [best_acc_ckpt]  loss=0.001862 acc=0.999969 em=0.999500 random_baseline≈0.000488
done. meta_metrics → /home/jovyan/shares/SR008.fs2/nvidenisov/other/repos/mamba/mamba_multi_scale_get_started/outputs/MQARFailureSweep/mqar_fail_transformer_param_match_v2048_seed43/meta_metrics.csv
