mqar_split_hashes: n_train=20000 uniq_train=20000 | n_val=2000 uniq_val=2000 | n_test=2000 uniq_test=2000
mqar_answer_positions[train]: min=16 mean=16.0000 max=16 (expected 16 per sample)
mqar_answer_positions[val]: min=16 mean=16.0000 max=16 (expected 16 per sample)
mqar_answer_positions[test]: min=16 mean=16.0000 max=16 (expected 16 per sample)
experiment=mqar_fail_mamba2_split_ts_slow_veryslow_v512_seed43 device=cuda:0 out_dir=/home/jovyan/shares/SR008.fs2/nvidenisov/other/repos/mamba/mamba_multi_scale_get_started/outputs/MQARFailureSweep/mqar_fail_mamba2_split_ts_slow_veryslow_v512_seed43
mqar data: fixed_examples=True random_baseline_acc≈1/vocab=0.001953 (vocab_size=512)
--- mqar resolved config (sanity) ---
  experiment.name: mqar_fail_mamba2_split_ts_slow_veryslow_v512_seed43
  model.backbone: mamba2_lm
  model.layer_headdims: [32, 32, 32, 32]
  model.multiscale.fast_layer_headdims: —
  model.multiscale.slow_layer_headdims: —
  model.multiscale.window_size: —
  model.multiscale.offsets: —
  model.multiscale.summary_mode: —
  model.multiscale.causal_mode: —
  model.multiscale.gate_type: —
  data.input_seq_len: 128
  data.num_kv_pairs: 16
  data.vocab_size: 512
  data.train_examples: 20000  val_examples: 2000  test_examples: 2000
  data.fixed_examples: True
  data.min_query_pos: null
  train.lr: 0.0003
  train.epochs: 20
  num_parameters_trainable: 1931712
  tags(backbone,fusion,stride): mamba2_lm, , 
--- end resolved config ---
epoch 1/20 train loss=5.5485 acc=0.0063 em=0.0000 | val loss=5.5614 acc=0.0044 em=0.0000 | random≈0.0020
  saved best_loss.pt (val_answer_loss=5.561363)
  saved best_acc.pt (val_answer_accuracy=0.004437)
epoch 2/20 train loss=5.4473 acc=0.0340 em=0.0000 | val loss=5.4932 acc=0.0308 em=0.0000 | random≈0.0020
  saved best_loss.pt (val_answer_loss=5.493220)
  saved best_acc.pt (val_answer_accuracy=0.030844)
epoch 3/20 train loss=4.8337 acc=0.1038 em=0.0000 | val loss=4.9806 acc=0.0878 em=0.0000 | random≈0.0020
  saved best_loss.pt (val_answer_loss=4.980567)
  saved best_acc.pt (val_answer_accuracy=0.087781)
epoch 4/20 train loss=0.8808 acc=0.8636 em=0.0919 | val loss=0.9784 acc=0.8393 em=0.0540 | random≈0.0020
  saved best_loss.pt (val_answer_loss=0.978383)
  saved best_acc.pt (val_answer_accuracy=0.839313)
epoch 5/20 train loss=0.0626 acc=0.9943 em=0.9139 | val loss=0.0988 acc=0.9838 em=0.7700 | random≈0.0020
  saved best_loss.pt (val_answer_loss=0.098812)
  saved best_acc.pt (val_answer_accuracy=0.983750)
epoch 6/20 train loss=0.0165 acc=0.9996 em=0.9936 | val loss=0.0387 acc=0.9938 em=0.9055 | random≈0.0020
  saved best_loss.pt (val_answer_loss=0.038662)
  saved best_acc.pt (val_answer_accuracy=0.993844)
epoch 7/20 train loss=0.0072 acc=1.0000 em=0.9997 | val loss=0.0237 acc=0.9957 em=0.9355 | random≈0.0020
  saved best_loss.pt (val_answer_loss=0.023732)
  saved best_acc.pt (val_answer_accuracy=0.995719)
epoch 8/20 train loss=0.0045 acc=1.0000 em=1.0000 | val loss=0.0185 acc=0.9967 em=0.9470 | random≈0.0020
  saved best_loss.pt (val_answer_loss=0.018478)
  saved best_acc.pt (val_answer_accuracy=0.996656)
epoch 9/20 train loss=0.0033 acc=1.0000 em=0.9999 | val loss=0.0159 acc=0.9968 em=0.9500 | random≈0.0020
  saved best_loss.pt (val_answer_loss=0.015913)
  saved best_acc.pt (val_answer_accuracy=0.996844)
epoch 10/20 train loss=0.0024 acc=1.0000 em=1.0000 | val loss=0.0143 acc=0.9971 em=0.9535 | random≈0.0020
  saved best_loss.pt (val_answer_loss=0.014308)
  saved best_acc.pt (val_answer_accuracy=0.997062)
epoch 11/20 train loss=0.0019 acc=1.0000 em=1.0000 | val loss=0.0130 acc=0.9971 em=0.9540 | random≈0.0020
  saved best_loss.pt (val_answer_loss=0.013014)
epoch 12/20 train loss=0.0016 acc=1.0000 em=1.0000 | val loss=0.0120 acc=0.9974 em=0.9590 | random≈0.0020
  saved best_loss.pt (val_answer_loss=0.011984)
  saved best_acc.pt (val_answer_accuracy=0.997406)
epoch 13/20 train loss=0.0013 acc=1.0000 em=1.0000 | val loss=0.0112 acc=0.9975 em=0.9605 | random≈0.0020
  saved best_loss.pt (val_answer_loss=0.011246)
  saved best_acc.pt (val_answer_accuracy=0.997531)
epoch 14/20 train loss=0.0011 acc=1.0000 em=1.0000 | val loss=0.0107 acc=0.9974 em=0.9600 | random≈0.0020
  saved best_loss.pt (val_answer_loss=0.010747)
epoch 15/20 train loss=0.0009 acc=1.0000 em=1.0000 | val loss=0.0101 acc=0.9976 em=0.9610 | random≈0.0020
  saved best_loss.pt (val_answer_loss=0.010085)
epoch 16/20 train loss=0.0008 acc=1.0000 em=1.0000 | val loss=0.0097 acc=0.9975 em=0.9605 | random≈0.0020
  saved best_loss.pt (val_answer_loss=0.009736)
epoch 17/20 train loss=0.0007 acc=1.0000 em=1.0000 | val loss=0.0093 acc=0.9976 em=0.9615 | random≈0.0020
  saved best_loss.pt (val_answer_loss=0.009344)
epoch 18/20 train loss=0.0006 acc=1.0000 em=1.0000 | val loss=0.0090 acc=0.9976 em=0.9615 | random≈0.0020
  saved best_loss.pt (val_answer_loss=0.009009)
epoch 19/20 train loss=0.0005 acc=1.0000 em=1.0000 | val loss=0.0087 acc=0.9977 em=0.9630 | random≈0.0020
  saved best_loss.pt (val_answer_loss=0.008650)
  saved best_acc.pt (val_answer_accuracy=0.997687)
epoch 20/20 train loss=0.0005 acc=1.0000 em=1.0000 | val loss=0.0085 acc=0.9977 em=0.9635 | random≈0.0020
  saved best_loss.pt (val_answer_loss=0.008502)
test [best_loss_ckpt] loss=0.006265 acc=0.998219 em=0.971500
test [best_acc_ckpt]  loss=0.006570 acc=0.998188 em=0.971000 random_baseline≈0.001953
done. meta_metrics → /home/jovyan/shares/SR008.fs2/nvidenisov/other/repos/mamba/mamba_multi_scale_get_started/outputs/MQARFailureSweep/mqar_fail_mamba2_split_ts_slow_veryslow_v512_seed43/meta_metrics.csv
