mqar_split_hashes: n_train=20000 uniq_train=20000 | n_val=2000 uniq_val=2000 | n_test=2000 uniq_test=2000
mqar_answer_positions[train]: min=16 mean=16.0000 max=16 (expected 16 per sample)
mqar_answer_positions[val]: min=16 mean=16.0000 max=16 (expected 16 per sample)
mqar_answer_positions[test]: min=16 mean=16.0000 max=16 (expected 16 per sample)
experiment=mqar_fail_mamba2_split_ts_slow_veryslow_v896_seed44 device=cuda:0 out_dir=/home/jovyan/shares/SR008.fs2/nvidenisov/other/repos/mamba/mamba_multi_scale_get_started/outputs/MQARFailureSweep/mqar_fail_mamba2_split_ts_slow_veryslow_v896_seed44
mqar data: fixed_examples=True random_baseline_acc≈1/vocab=0.001116 (vocab_size=896)
--- mqar resolved config (sanity) ---
  experiment.name: mqar_fail_mamba2_split_ts_slow_veryslow_v896_seed44
  model.backbone: mamba2_lm
  model.layer_headdims: [32, 32, 32, 32]
  model.multiscale.fast_layer_headdims: —
  model.multiscale.slow_layer_headdims: —
  model.multiscale.window_size: —
  model.multiscale.offsets: —
  model.multiscale.summary_mode: —
  model.multiscale.causal_mode: —
  model.multiscale.gate_type: —
  data.input_seq_len: 128
  data.num_kv_pairs: 16
  data.vocab_size: 896
  data.train_examples: 20000  val_examples: 2000  test_examples: 2000
  data.fixed_examples: True
  data.min_query_pos: null
  train.lr: 0.0003
  train.epochs: 20
  num_parameters_trainable: 2128704
  tags(backbone,fusion,stride): mamba2_lm, , 
--- end resolved config ---
epoch 1/20 train loss=6.1114 acc=0.0029 em=0.0000 | val loss=6.1239 acc=0.0024 em=0.0000 | random≈0.0011
  saved best_loss.pt (val_answer_loss=6.123928)
  saved best_acc.pt (val_answer_accuracy=0.002375)
epoch 2/20 train loss=6.0865 acc=0.0042 em=0.0000 | val loss=6.1222 acc=0.0023 em=0.0000 | random≈0.0011
  saved best_loss.pt (val_answer_loss=6.122153)
epoch 3/20 train loss=5.9442 acc=0.0296 em=0.0000 | val loss=6.0804 acc=0.0230 em=0.0000 | random≈0.0011
  saved best_loss.pt (val_answer_loss=6.080430)
  saved best_acc.pt (val_answer_accuracy=0.023000)
epoch 4/20 train loss=5.5041 acc=0.0844 em=0.0000 | val loss=5.8540 acc=0.0607 em=0.0000 | random≈0.0011
  saved best_loss.pt (val_answer_loss=5.853995)
  saved best_acc.pt (val_answer_accuracy=0.060750)
epoch 5/20 train loss=3.2742 acc=0.4207 em=0.0000 | val loss=3.5879 acc=0.3614 em=0.0000 | random≈0.0011
  saved best_loss.pt (val_answer_loss=3.587889)
  saved best_acc.pt (val_answer_accuracy=0.361406)
epoch 6/20 train loss=0.6607 acc=0.8785 em=0.1227 | val loss=0.8221 acc=0.8297 em=0.0450 | random≈0.0011
  saved best_loss.pt (val_answer_loss=0.822056)
  saved best_acc.pt (val_answer_accuracy=0.829688)
epoch 7/20 train loss=0.1179 acc=0.9888 em=0.8370 | val loss=0.1872 acc=0.9699 em=0.6200 | random≈0.0011
  saved best_loss.pt (val_answer_loss=0.187158)
  saved best_acc.pt (val_answer_accuracy=0.969906)
epoch 8/20 train loss=0.0299 acc=0.9992 em=0.9878 | val loss=0.0662 acc=0.9897 em=0.8480 | random≈0.0011
  saved best_loss.pt (val_answer_loss=0.066193)
  saved best_acc.pt (val_answer_accuracy=0.989656)
epoch 9/20 train loss=0.0126 acc=1.0000 em=0.9998 | val loss=0.0367 acc=0.9944 em=0.9170 | random≈0.0011
  saved best_loss.pt (val_answer_loss=0.036737)
  saved best_acc.pt (val_answer_accuracy=0.994437)
epoch 10/20 train loss=0.0076 acc=1.0000 em=1.0000 | val loss=0.0269 acc=0.9959 em=0.9375 | random≈0.0011
  saved best_loss.pt (val_answer_loss=0.026863)
  saved best_acc.pt (val_answer_accuracy=0.995938)
epoch 11/20 train loss=0.0054 acc=1.0000 em=1.0000 | val loss=0.0216 acc=0.9963 em=0.9425 | random≈0.0011
  saved best_loss.pt (val_answer_loss=0.021622)
  saved best_acc.pt (val_answer_accuracy=0.996313)
epoch 12/20 train loss=0.0041 acc=1.0000 em=1.0000 | val loss=0.0184 acc=0.9966 em=0.9480 | random≈0.0011
  saved best_loss.pt (val_answer_loss=0.018360)
  saved best_acc.pt (val_answer_accuracy=0.996625)
epoch 13/20 train loss=0.0033 acc=1.0000 em=1.0000 | val loss=0.0157 acc=0.9968 em=0.9510 | random≈0.0011
  saved best_loss.pt (val_answer_loss=0.015682)
  saved best_acc.pt (val_answer_accuracy=0.996844)
epoch 14/20 train loss=0.0027 acc=1.0000 em=1.0000 | val loss=0.0140 acc=0.9973 em=0.9575 | random≈0.0011
  saved best_loss.pt (val_answer_loss=0.013951)
  saved best_acc.pt (val_answer_accuracy=0.997281)
epoch 15/20 train loss=0.0022 acc=1.0000 em=1.0000 | val loss=0.0124 acc=0.9974 em=0.9595 | random≈0.0011
  saved best_loss.pt (val_answer_loss=0.012417)
  saved best_acc.pt (val_answer_accuracy=0.997406)
epoch 16/20 train loss=0.0019 acc=1.0000 em=1.0000 | val loss=0.0111 acc=0.9977 em=0.9635 | random≈0.0011
  saved best_loss.pt (val_answer_loss=0.011068)
  saved best_acc.pt (val_answer_accuracy=0.997687)
epoch 17/20 train loss=0.0016 acc=1.0000 em=1.0000 | val loss=0.0100 acc=0.9982 em=0.9715 | random≈0.0011
  saved best_loss.pt (val_answer_loss=0.009998)
  saved best_acc.pt (val_answer_accuracy=0.998219)
epoch 18/20 train loss=0.0014 acc=1.0000 em=1.0000 | val loss=0.0092 acc=0.9982 em=0.9715 | random≈0.0011
  saved best_loss.pt (val_answer_loss=0.009224)
epoch 19/20 train loss=0.0012 acc=1.0000 em=1.0000 | val loss=0.0085 acc=0.9983 em=0.9735 | random≈0.0011
  saved best_loss.pt (val_answer_loss=0.008464)
  saved best_acc.pt (val_answer_accuracy=0.998344)
epoch 20/20 train loss=0.0010 acc=1.0000 em=1.0000 | val loss=0.0079 acc=0.9983 em=0.9735 | random≈0.0011
  saved best_loss.pt (val_answer_loss=0.007917)
test [best_loss_ckpt] loss=0.009060 acc=0.997969 em=0.967500
test [best_acc_ckpt]  loss=0.009737 acc=0.997969 em=0.967500 random_baseline≈0.001116
done. meta_metrics → /home/jovyan/shares/SR008.fs2/nvidenisov/other/repos/mamba/mamba_multi_scale_get_started/outputs/MQARFailureSweep/mqar_fail_mamba2_split_ts_slow_veryslow_v896_seed44/meta_metrics.csv
