experiment=tiny_shakespeare_multiscale_mamba2_attention_random_windows_block_size_256 device=cuda:0 out_dir=/home/jovyan/shares/SR008.fs2/nvidenisov/other/repos/mamba/mamba_multi_scale_get_started/outputs/TinyShakespeare/tiny_shakespeare_multiscale_mamba2_attention_random_windows_block_size_256
early_stopping: patience=3 min_delta=0.0001 (disable with train.early_stopping.patience=0)
epoch 1/10 train_loss=3.0503 val_loss=2.5009 val_ppl=12.19 val_bpc=3.6080
  saved best.pt (val_loss=2.500887)
epoch 2/10 train_loss=2.2738 val_loss=2.1650 val_ppl=8.71 val_bpc=3.1234
  saved best.pt (val_loss=2.164996)
epoch 3/10 train_loss=1.9950 val_loss=1.9849 val_ppl=7.28 val_bpc=2.8636
  saved best.pt (val_loss=1.984891)
epoch 4/10 train_loss=1.8229 val_loss=1.8839 val_ppl=6.58 val_bpc=2.7179
  saved best.pt (val_loss=1.883902)
epoch 5/10 train_loss=1.7030 val_loss=1.8048 val_ppl=6.08 val_bpc=2.6038
  saved best.pt (val_loss=1.804812)
epoch 6/10 train_loss=1.6133 val_loss=1.7488 val_ppl=5.75 val_bpc=2.5230
  saved best.pt (val_loss=1.748779)
epoch 7/10 train_loss=1.5484 val_loss=1.6959 val_ppl=5.45 val_bpc=2.4467
  saved best.pt (val_loss=1.695943)
epoch 8/10 train_loss=1.5000 val_loss=1.6605 val_ppl=5.26 val_bpc=2.3956
  saved best.pt (val_loss=1.660469)
epoch 9/10 train_loss=1.4609 val_loss=1.6338 val_ppl=5.12 val_bpc=2.3571
  saved best.pt (val_loss=1.633829)
epoch 10/10 train_loss=1.4357 val_loss=1.6078 val_ppl=4.99 val_bpc=2.3196
  saved best.pt (val_loss=1.607802)
meta_metrics: train=28.18s eval=70.48s loop=100.28s setup=0.67s → meta_metrics.csv
