experiment=archeval_lm_mamba2_depth4_seed43 device=cuda:0 out_dir=/home/jovyan/shares/SR008.fs2/nvidenisov/other/repos/mamba/mamba_multi_scale_get_started/outputs/ArchEval/lm_mamba2_depth4_seed43
early_stopping: patience=3 min_delta=0.0001 (disable with train.early_stopping.patience=0)
epoch 1/10 train_loss=3.0423 val_loss=2.4691 val_ppl=11.81 val_bpc=3.5621
  saved best.pt (val_loss=2.469072)
epoch 2/10 train_loss=2.2467 val_loss=2.1372 val_ppl=8.48 val_bpc=3.0833
  saved best.pt (val_loss=2.137203)
epoch 3/10 train_loss=1.9724 val_loss=1.9663 val_ppl=7.14 val_bpc=2.8368
  saved best.pt (val_loss=1.966331)
epoch 4/10 train_loss=1.7878 val_loss=1.8627 val_ppl=6.44 val_bpc=2.6873
  saved best.pt (val_loss=1.862705)
epoch 5/10 train_loss=1.6639 val_loss=1.7898 val_ppl=5.99 val_bpc=2.5821
  saved best.pt (val_loss=1.789795)
epoch 6/10 train_loss=1.5766 val_loss=1.7317 val_ppl=5.65 val_bpc=2.4983
  saved best.pt (val_loss=1.731722)
epoch 7/10 train_loss=1.5102 val_loss=1.6789 val_ppl=5.36 val_bpc=2.4222
  saved best.pt (val_loss=1.678926)
epoch 8/10 train_loss=1.4555 val_loss=1.6416 val_ppl=5.16 val_bpc=2.3684
  saved best.pt (val_loss=1.641617)
epoch 9/10 train_loss=1.4080 val_loss=1.6109 val_ppl=5.01 val_bpc=2.3240
  saved best.pt (val_loss=1.610881)
epoch 10/10 train_loss=1.3712 val_loss=1.5905 val_ppl=4.91 val_bpc=2.2947
  saved best.pt (val_loss=1.590548)
meta_metrics: train=25.74s eval=192.24s loop=220.06s setup=3.44s → meta_metrics.csv
