mqar_split_hashes: n_train=20000 uniq_train=20000 | n_val=2000 uniq_val=2000 | n_test=2000 uniq_test=2000
mqar_answer_positions[train]: min=16 mean=16.0000 max=16 (expected 16 per sample)
mqar_answer_positions[val]: min=16 mean=16.0000 max=16 (expected 16 per sample)
mqar_answer_positions[test]: min=16 mean=16.0000 max=16 (expected 16 per sample)
experiment=mqar_fail_mamba2_split_ts_slow_veryslow_v1024_seed47 device=cuda:0 out_dir=/home/jovyan/shares/SR008.fs2/nvidenisov/other/repos/mamba/mamba_multi_scale_get_started/outputs/MQARFailureSweep/mqar_fail_mamba2_split_ts_slow_veryslow_v1024_seed47
mqar data: fixed_examples=True random_baseline_acc≈1/vocab=0.000977 (vocab_size=1024)
--- mqar resolved config (sanity) ---
  experiment.name: mqar_fail_mamba2_split_ts_slow_veryslow_v1024_seed47
  model.backbone: mamba2_lm
  model.layer_headdims: [32, 32, 32, 32]
  model.multiscale.fast_layer_headdims: —
  model.multiscale.slow_layer_headdims: —
  model.multiscale.window_size: —
  model.multiscale.offsets: —
  model.multiscale.summary_mode: —
  model.multiscale.causal_mode: —
  model.multiscale.gate_type: —
  data.input_seq_len: 128
  data.num_kv_pairs: 16
  data.vocab_size: 1024
  data.train_examples: 20000  val_examples: 2000  test_examples: 2000
  data.fixed_examples: True
  data.min_query_pos: null
  train.lr: 0.0003
  train.epochs: 20
  num_parameters_trainable: 2194368
  tags(backbone,fusion,stride): mamba2_lm, , 
--- end resolved config ---
epoch 1/20 train loss=6.2449 acc=0.0024 em=0.0000 | val loss=6.2578 acc=0.0022 em=0.0000 | random≈0.0010
  saved best_loss.pt (val_answer_loss=6.257831)
  saved best_acc.pt (val_answer_accuracy=0.002188)
epoch 2/20 train loss=6.2168 acc=0.0063 em=0.0000 | val loss=6.2554 acc=0.0042 em=0.0000 | random≈0.0010
  saved best_loss.pt (val_answer_loss=6.255434)
  saved best_acc.pt (val_answer_accuracy=0.004156)
epoch 3/20 train loss=6.0911 acc=0.0260 em=0.0000 | val loss=6.2246 acc=0.0208 em=0.0000 | random≈0.0010
  saved best_loss.pt (val_answer_loss=6.224639)
  saved best_acc.pt (val_answer_accuracy=0.020750)
epoch 4/20 train loss=5.7358 acc=0.0713 em=0.0000 | val loss=6.0857 acc=0.0508 em=0.0000 | random≈0.0010
  saved best_loss.pt (val_answer_loss=6.085743)
  saved best_acc.pt (val_answer_accuracy=0.050781)
epoch 5/20 train loss=4.5313 acc=0.2516 em=0.0000 | val loss=4.9737 acc=0.1958 em=0.0000 | random≈0.0010
  saved best_loss.pt (val_answer_loss=4.973703)
  saved best_acc.pt (val_answer_accuracy=0.195813)
epoch 6/20 train loss=0.9281 acc=0.8901 em=0.1450 | val loss=1.1167 acc=0.8494 em=0.0630 | random≈0.0010
  saved best_loss.pt (val_answer_loss=1.116729)
  saved best_acc.pt (val_answer_accuracy=0.849375)
epoch 7/20 train loss=0.0887 acc=0.9933 em=0.8982 | val loss=0.1477 acc=0.9797 em=0.7280 | random≈0.0010
  saved best_loss.pt (val_answer_loss=0.147727)
  saved best_acc.pt (val_answer_accuracy=0.979719)
epoch 8/20 train loss=0.0261 acc=0.9996 em=0.9940 | val loss=0.0592 acc=0.9925 em=0.8930 | random≈0.0010
  saved best_loss.pt (val_answer_loss=0.059240)
  saved best_acc.pt (val_answer_accuracy=0.992531)
epoch 9/20 train loss=0.0126 acc=1.0000 em=0.9997 | val loss=0.0372 acc=0.9948 em=0.9210 | random≈0.0010
  saved best_loss.pt (val_answer_loss=0.037187)
  saved best_acc.pt (val_answer_accuracy=0.994750)
epoch 10/20 train loss=0.0082 acc=1.0000 em=1.0000 | val loss=0.0287 acc=0.9955 em=0.9320 | random≈0.0010
  saved best_loss.pt (val_answer_loss=0.028685)
  saved best_acc.pt (val_answer_accuracy=0.995531)
epoch 11/20 train loss=0.0060 acc=1.0000 em=1.0000 | val loss=0.0242 acc=0.9959 em=0.9380 | random≈0.0010
  saved best_loss.pt (val_answer_loss=0.024219)
  saved best_acc.pt (val_answer_accuracy=0.995938)
epoch 12/20 train loss=0.0046 acc=1.0000 em=1.0000 | val loss=0.0207 acc=0.9963 em=0.9440 | random≈0.0010
  saved best_loss.pt (val_answer_loss=0.020737)
  saved best_acc.pt (val_answer_accuracy=0.996344)
epoch 13/20 train loss=0.0037 acc=1.0000 em=1.0000 | val loss=0.0182 acc=0.9968 em=0.9500 | random≈0.0010
  saved best_loss.pt (val_answer_loss=0.018157)
  saved best_acc.pt (val_answer_accuracy=0.996781)
epoch 14/20 train loss=0.0031 acc=1.0000 em=1.0000 | val loss=0.0166 acc=0.9968 em=0.9505 | random≈0.0010
  saved best_loss.pt (val_answer_loss=0.016611)
epoch 15/20 train loss=0.0026 acc=1.0000 em=1.0000 | val loss=0.0150 acc=0.9970 em=0.9525 | random≈0.0010
  saved best_loss.pt (val_answer_loss=0.015034)
  saved best_acc.pt (val_answer_accuracy=0.996969)
epoch 16/20 train loss=0.0022 acc=1.0000 em=1.0000 | val loss=0.0137 acc=0.9972 em=0.9570 | random≈0.0010
  saved best_loss.pt (val_answer_loss=0.013680)
  saved best_acc.pt (val_answer_accuracy=0.997219)
epoch 17/20 train loss=0.0018 acc=1.0000 em=1.0000 | val loss=0.0125 acc=0.9973 em=0.9575 | random≈0.0010
  saved best_loss.pt (val_answer_loss=0.012507)
  saved best_acc.pt (val_answer_accuracy=0.997344)
epoch 18/20 train loss=0.0016 acc=1.0000 em=1.0000 | val loss=0.0116 acc=0.9974 em=0.9585 | random≈0.0010
  saved best_loss.pt (val_answer_loss=0.011561)
epoch 19/20 train loss=0.0014 acc=1.0000 em=1.0000 | val loss=0.0109 acc=0.9975 em=0.9610 | random≈0.0010
  saved best_loss.pt (val_answer_loss=0.010884)
  saved best_acc.pt (val_answer_accuracy=0.997500)
epoch 20/20 train loss=0.0012 acc=1.0000 em=1.0000 | val loss=0.0102 acc=0.9977 em=0.9630 | random≈0.0010
  saved best_loss.pt (val_answer_loss=0.010230)
  saved best_acc.pt (val_answer_accuracy=0.997656)
test [best_loss_ckpt] loss=0.008909 acc=0.998188 em=0.971000
test [best_acc_ckpt]  loss=0.008909 acc=0.998188 em=0.971000 random_baseline≈0.000977
done. meta_metrics → /home/jovyan/shares/SR008.fs2/nvidenisov/other/repos/mamba/mamba_multi_scale_get_started/outputs/MQARFailureSweep/mqar_fail_mamba2_split_ts_slow_veryslow_v1024_seed47/meta_metrics.csv
