mqar_split_hashes: n_train=20000 uniq_train=20000 | n_val=2000 uniq_val=2000 | n_test=2000 uniq_test=2000
mqar_answer_positions[train]: min=16 mean=16.0000 max=16 (expected 16 per sample)
mqar_answer_positions[val]: min=16 mean=16.0000 max=16 (expected 16 per sample)
mqar_answer_positions[test]: min=16 mean=16.0000 max=16 (expected 16 per sample)
experiment=archeval_mqar_easy_transformer_param_match_seed44 device=cuda:0 out_dir=/home/jovyan/shares/SR008.fs2/nvidenisov/other/repos/mamba/mamba_multi_scale_get_started/outputs/ArchEval/mqar_easy_transformer_param_match_seed44
mqar data: fixed_examples=True random_baseline_acc≈1/vocab=0.001953 (vocab_size=512)
--- mqar resolved config (sanity) ---
  experiment.name: archeval_mqar_easy_transformer_param_match_seed44
  model.backbone: transformer_lm
  model.layer_headdims: —
  model.multiscale.fast_layer_headdims: —
  model.multiscale.slow_layer_headdims: —
  model.multiscale.window_size: —
  model.multiscale.offsets: —
  model.multiscale.summary_mode: —
  model.multiscale.causal_mode: —
  model.multiscale.gate_type: —
  data.input_seq_len: 128
  data.num_kv_pairs: 16
  data.vocab_size: 512
  data.train_examples: 20000  val_examples: 2000  test_examples: 2000
  data.fixed_examples: True
  data.min_query_pos: null
  train.lr: 0.0003
  train.epochs: 20
  num_parameters_trainable: 3071728
  tags(backbone,fusion,stride): transformer_lm, , 
--- end resolved config ---
epoch 1/20 train loss=5.5547 acc=0.0042 em=0.0000 | val loss=5.5560 acc=0.0033 em=0.0000 | random≈0.0020
  saved best_loss.pt (val_answer_loss=5.556039)
  saved best_acc.pt (val_answer_accuracy=0.003344)
epoch 2/20 train loss=5.5451 acc=0.0050 em=0.0000 | val loss=5.5498 acc=0.0044 em=0.0000 | random≈0.0020
  saved best_loss.pt (val_answer_loss=5.549834)
  saved best_acc.pt (val_answer_accuracy=0.004437)
epoch 3/20 train loss=4.9301 acc=0.0770 em=0.0000 | val loss=4.9907 acc=0.0710 em=0.0000 | random≈0.0020
  saved best_loss.pt (val_answer_loss=4.990713)
  saved best_acc.pt (val_answer_accuracy=0.071000)
epoch 4/20 train loss=4.1900 acc=0.0905 em=0.0000 | val loss=4.3108 acc=0.0781 em=0.0000 | random≈0.0020
  saved best_loss.pt (val_answer_loss=4.310803)
  saved best_acc.pt (val_answer_accuracy=0.078094)
epoch 5/20 train loss=3.7983 acc=0.0984 em=0.0000 | val loss=3.9813 acc=0.0779 em=0.0000 | random≈0.0020
  saved best_loss.pt (val_answer_loss=3.981265)
epoch 6/20 train loss=3.5341 acc=0.1086 em=0.0000 | val loss=3.7784 acc=0.0768 em=0.0000 | random≈0.0020
  saved best_loss.pt (val_answer_loss=3.778435)
epoch 7/20 train loss=3.2724 acc=0.1400 em=0.0000 | val loss=3.5775 acc=0.0948 em=0.0000 | random≈0.0020
  saved best_loss.pt (val_answer_loss=3.577453)
  saved best_acc.pt (val_answer_accuracy=0.094812)
epoch 8/20 train loss=0.0026 acc=0.9999 em=0.9989 | val loss=0.0028 acc=0.9999 em=0.9985 | random≈0.0020
  saved best_loss.pt (val_answer_loss=0.002786)
  saved best_acc.pt (val_answer_accuracy=0.999906)
epoch 9/20 train loss=0.0006 acc=1.0000 em=1.0000 | val loss=0.0006 acc=1.0000 em=1.0000 | random≈0.0020
  saved best_loss.pt (val_answer_loss=0.000594)
epoch 10/20 train loss=0.0003 acc=1.0000 em=1.0000 | val loss=0.0003 acc=1.0000 em=1.0000 | random≈0.0020
  saved best_loss.pt (val_answer_loss=0.000310)
epoch 11/20 train loss=0.0002 acc=1.0000 em=1.0000 | val loss=0.0002 acc=1.0000 em=1.0000 | random≈0.0020
  saved best_loss.pt (val_answer_loss=0.000200)
epoch 12/20 train loss=0.0001 acc=1.0000 em=1.0000 | val loss=0.0001 acc=1.0000 em=1.0000 | random≈0.0020
epoch 13/20 train loss=0.0001 acc=1.0000 em=1.0000 | val loss=0.0001 acc=1.0000 em=1.0000 | random≈0.0020
epoch 14/20 train loss=0.0001 acc=1.0000 em=1.0000 | val loss=0.0001 acc=1.0000 em=1.0000 | random≈0.0020
  saved best_loss.pt (val_answer_loss=0.000088)
epoch 15/20 train loss=0.0001 acc=1.0000 em=1.0000 | val loss=0.0001 acc=1.0000 em=1.0000 | random≈0.0020
epoch 16/20 train loss=0.0001 acc=1.0000 em=1.0000 | val loss=0.0001 acc=1.0000 em=1.0000 | random≈0.0020
epoch 17/20 train loss=0.0000 acc=1.0000 em=1.0000 | val loss=0.0001 acc=1.0000 em=1.0000 | random≈0.0020
epoch 18/20 train loss=0.0000 acc=1.0000 em=1.0000 | val loss=0.0000 acc=1.0000 em=1.0000 | random≈0.0020
early stopping at epoch 18: val answer_loss did not improve by min_delta=0.0001 for 4 epochs
test [best_loss_ckpt] loss=0.000088 acc=1.000000 em=1.000000
test [best_acc_ckpt]  loss=0.002716 acc=1.000000 em=1.000000 random_baseline≈0.001953
done. meta_metrics → /home/jovyan/shares/SR008.fs2/nvidenisov/other/repos/mamba/mamba_multi_scale_get_started/outputs/ArchEval/mqar_easy_transformer_param_match_seed44/meta_metrics.csv
