mqar_split_hashes: n_train=20000 uniq_train=20000 | n_val=2000 uniq_val=2000 | n_test=2000 uniq_test=2000
mqar_answer_positions[train]: min=16 mean=16.0000 max=16 (expected 16 per sample)
mqar_answer_positions[val]: min=16 mean=16.0000 max=16 (expected 16 per sample)
mqar_answer_positions[test]: min=16 mean=16.0000 max=16 (expected 16 per sample)
experiment=archeval_mqar_trans704_ms_gated_right_init_seed44 device=cuda:0 out_dir=/home/jovyan/shares/SR008.fs2/nvidenisov/other/repos/mamba/mamba_multi_scale_get_started/outputs/ArchEval/mqar_trans704_ms_gated_right_init_seed44
mqar data: fixed_examples=True random_baseline_acc≈1/vocab=0.001420 (vocab_size=704)
--- mqar resolved config (sanity) ---
  experiment.name: archeval_mqar_trans704_ms_gated_right_init_seed44
  model.backbone: multiscale_mamba2_lm
  model.layer_headdims: [32, 32, 32, 32]
  model.multiscale.fast_layer_headdims: [32, 32, 32, 32]
  model.multiscale.slow_layer_headdims: [32, 32]
  model.multiscale.window_size: —
  model.multiscale.offsets: —
  model.multiscale.summary_mode: —
  model.multiscale.causal_mode: —
  model.multiscale.gate_type: —
  data.input_seq_len: 128
  data.num_kv_pairs: 16
  data.vocab_size: 704
  data.train_examples: 20000  val_examples: 2000  test_examples: 2000
  data.fixed_examples: True
  data.min_query_pos: null
  train.lr: 0.0003
  train.epochs: 20
  num_parameters_trainable: 2996832
  tags(backbone,fusion,stride): multiscale_mamba2_lm, gated, 2
--- end resolved config ---
epoch 1/20 train loss=5.8674 acc=0.0035 em=0.0000 | val loss=5.8812 acc=0.0027 em=0.0000 | random≈0.0014
  saved best_loss.pt (val_answer_loss=5.881219)
  saved best_acc.pt (val_answer_accuracy=0.002719)
epoch 2/20 train loss=5.8403 acc=0.0083 em=0.0000 | val loss=5.8767 acc=0.0059 em=0.0000 | random≈0.0014
  saved best_loss.pt (val_answer_loss=5.876745)
  saved best_acc.pt (val_answer_accuracy=0.005906)
epoch 3/20 train loss=5.6419 acc=0.0407 em=0.0000 | val loss=5.7860 acc=0.0352 em=0.0000 | random≈0.0014
  saved best_loss.pt (val_answer_loss=5.785989)
  saved best_acc.pt (val_answer_accuracy=0.035219)
epoch 4/20 train loss=5.1798 acc=0.0830 em=0.0000 | val loss=5.5576 acc=0.0545 em=0.0000 | random≈0.0014
  saved best_loss.pt (val_answer_loss=5.557592)
  saved best_acc.pt (val_answer_accuracy=0.054531)
epoch 5/20 train loss=3.4192 acc=0.3606 em=0.0000 | val loss=3.9099 acc=0.2733 em=0.0000 | random≈0.0014
  saved best_loss.pt (val_answer_loss=3.909913)
  saved best_acc.pt (val_answer_accuracy=0.273281)
epoch 6/20 train loss=0.5902 acc=0.8981 em=0.1789 | val loss=0.8093 acc=0.8333 em=0.0535 | random≈0.0014
  saved best_loss.pt (val_answer_loss=0.809327)
  saved best_acc.pt (val_answer_accuracy=0.833281)
epoch 7/20 train loss=0.1027 acc=0.9890 em=0.8405 | val loss=0.1929 acc=0.9639 em=0.5560 | random≈0.0014
  saved best_loss.pt (val_answer_loss=0.192901)
  saved best_acc.pt (val_answer_accuracy=0.963906)
epoch 8/20 train loss=0.0288 acc=0.9990 em=0.9838 | val loss=0.0786 acc=0.9846 em=0.7830 | random≈0.0014
  saved best_loss.pt (val_answer_loss=0.078596)
  saved best_acc.pt (val_answer_accuracy=0.984563)
epoch 9/20 train loss=0.0115 acc=1.0000 em=0.9996 | val loss=0.0447 acc=0.9922 em=0.8825 | random≈0.0014
  saved best_loss.pt (val_answer_loss=0.044653)
  saved best_acc.pt (val_answer_accuracy=0.992188)
epoch 10/20 train loss=0.0069 acc=1.0000 em=1.0000 | val loss=0.0329 acc=0.9946 em=0.9160 | random≈0.0014
  saved best_loss.pt (val_answer_loss=0.032867)
  saved best_acc.pt (val_answer_accuracy=0.994594)
epoch 11/20 train loss=0.0049 acc=1.0000 em=1.0000 | val loss=0.0270 acc=0.9953 em=0.9270 | random≈0.0014
  saved best_loss.pt (val_answer_loss=0.026960)
  saved best_acc.pt (val_answer_accuracy=0.995313)
epoch 12/20 train loss=0.0037 acc=1.0000 em=1.0000 | val loss=0.0231 acc=0.9958 em=0.9355 | random≈0.0014
  saved best_loss.pt (val_answer_loss=0.023099)
  saved best_acc.pt (val_answer_accuracy=0.995844)
epoch 13/20 train loss=0.0029 acc=1.0000 em=1.0000 | val loss=0.0207 acc=0.9962 em=0.9415 | random≈0.0014
  saved best_loss.pt (val_answer_loss=0.020704)
  saved best_acc.pt (val_answer_accuracy=0.996219)
epoch 14/20 train loss=0.0023 acc=1.0000 em=1.0000 | val loss=0.0188 acc=0.9963 em=0.9425 | random≈0.0014
  saved best_loss.pt (val_answer_loss=0.018798)
epoch 15/20 train loss=0.0019 acc=1.0000 em=1.0000 | val loss=0.0171 acc=0.9966 em=0.9475 | random≈0.0014
  saved best_loss.pt (val_answer_loss=0.017102)
  saved best_acc.pt (val_answer_accuracy=0.996625)
epoch 16/20 train loss=0.0016 acc=1.0000 em=1.0000 | val loss=0.0158 acc=0.9965 em=0.9450 | random≈0.0014
  saved best_loss.pt (val_answer_loss=0.015800)
epoch 17/20 train loss=0.0014 acc=1.0000 em=1.0000 | val loss=0.0145 acc=0.9969 em=0.9515 | random≈0.0014
  saved best_loss.pt (val_answer_loss=0.014497)
  saved best_acc.pt (val_answer_accuracy=0.996906)
epoch 18/20 train loss=0.0012 acc=1.0000 em=1.0000 | val loss=0.0135 acc=0.9971 em=0.9550 | random≈0.0014
  saved best_loss.pt (val_answer_loss=0.013487)
  saved best_acc.pt (val_answer_accuracy=0.997094)
epoch 19/20 train loss=0.0010 acc=1.0000 em=1.0000 | val loss=0.0127 acc=0.9971 em=0.9550 | random≈0.0014
  saved best_loss.pt (val_answer_loss=0.012680)
epoch 20/20 train loss=0.0009 acc=1.0000 em=1.0000 | val loss=0.0120 acc=0.9972 em=0.9560 | random≈0.0014
  saved best_loss.pt (val_answer_loss=0.011968)
test [best_loss_ckpt] loss=0.013261 acc=0.996844 em=0.950500
test [best_acc_ckpt]  loss=0.015027 acc=0.996344 em=0.944000 random_baseline≈0.001420
done. meta_metrics → /home/jovyan/shares/SR008.fs2/nvidenisov/other/repos/mamba/mamba_multi_scale_get_started/outputs/ArchEval/mqar_trans704_ms_gated_right_init_seed44/meta_metrics.csv
