mqar_split_hashes: n_train=20000 uniq_train=20000 | n_val=2000 uniq_val=2000 | n_test=2000 uniq_test=2000
mqar_answer_positions[train]: min=16 mean=16.0000 max=16 (expected 16 per sample)
mqar_answer_positions[val]: min=16 mean=16.0000 max=16 (expected 16 per sample)
mqar_answer_positions[test]: min=16 mean=16.0000 max=16 (expected 16 per sample)
experiment=mqar_bugcheck_mamba2_depth6_kv16_vocab512_lr3e4_seed43 device=cuda:0 out_dir=/home/jovyan/shares/SR008.fs2/nvidenisov/other/repos/mamba/mamba_multi_scale_get_started/outputs/MQAR/mqar_bugcheck_mamba2_depth6_kv16_vocab512_lr3e4_seed43
mqar data: fixed_examples=True random_baseline_acc≈1/vocab=0.001953 (vocab_size=512)
--- mqar resolved config (sanity) ---
  experiment.name: mqar_bugcheck_mamba2_depth6_kv16_vocab512_lr3e4_seed43
  model.backbone: mamba2_lm
  model.layer_headdims: [32, 32, 32, 32, 32, 32]
  model.multiscale.fast_layer_headdims: —
  model.multiscale.slow_layer_headdims: —
  data.input_seq_len: 128
  data.num_kv_pairs: 16
  data.vocab_size: 512
  data.train_examples: 20000  val_examples: 2000  test_examples: 2000
  data.fixed_examples: True
  train.lr: 0.0003
  train.epochs: 20
  num_parameters_trainable: 2765984
  tags(backbone,fusion,stride): mamba2_lm, , 
--- end resolved config ---
epoch 1/20 train loss=5.5481 acc=0.0056 em=0.0000 | val loss=5.5600 acc=0.0047 em=0.0000 | random≈0.0020
  saved best_loss.pt (val_answer_loss=5.560021)
  saved best_acc.pt (val_answer_accuracy=0.004750)
epoch 2/20 train loss=5.4811 acc=0.0220 em=0.0000 | val loss=5.5295 acc=0.0201 em=0.0000 | random≈0.0020
  saved best_loss.pt (val_answer_loss=5.529540)
  saved best_acc.pt (val_answer_accuracy=0.020063)
epoch 3/20 train loss=5.2374 acc=0.0567 em=0.0000 | val loss=5.4151 acc=0.0471 em=0.0000 | random≈0.0020
  saved best_loss.pt (val_answer_loss=5.415120)
  saved best_acc.pt (val_answer_accuracy=0.047094)
epoch 4/20 train loss=4.7955 acc=0.0969 em=0.0000 | val loss=5.2133 acc=0.0592 em=0.0000 | random≈0.0020
  saved best_loss.pt (val_answer_loss=5.213336)
  saved best_acc.pt (val_answer_accuracy=0.059156)
epoch 5/20 train loss=3.9366 acc=0.2293 em=0.0000 | val loss=4.6039 acc=0.1314 em=0.0000 | random≈0.0020
  saved best_loss.pt (val_answer_loss=4.603881)
  saved best_acc.pt (val_answer_accuracy=0.131438)
epoch 6/20 train loss=1.4047 acc=0.6650 em=0.0008 | val loss=1.8449 acc=0.5417 em=0.0000 | random≈0.0020
  saved best_loss.pt (val_answer_loss=1.844943)
  saved best_acc.pt (val_answer_accuracy=0.541687)
epoch 7/20 train loss=0.1583 acc=0.9781 em=0.7054 | val loss=0.2697 acc=0.9450 em=0.4035 | random≈0.0020
  saved best_loss.pt (val_answer_loss=0.269681)
  saved best_acc.pt (val_answer_accuracy=0.945000)
epoch 8/20 train loss=0.0232 acc=0.9992 em=0.9873 | val loss=0.0582 acc=0.9902 em=0.8525 | random≈0.0020
  saved best_loss.pt (val_answer_loss=0.058201)
  saved best_acc.pt (val_answer_accuracy=0.990156)
epoch 9/20 train loss=0.0080 acc=1.0000 em=0.9998 | val loss=0.0301 acc=0.9947 em=0.9160 | random≈0.0020
  saved best_loss.pt (val_answer_loss=0.030065)
  saved best_acc.pt (val_answer_accuracy=0.994656)
epoch 10/20 train loss=0.0045 acc=1.0000 em=1.0000 | val loss=0.0218 acc=0.9960 em=0.9385 | random≈0.0020
  saved best_loss.pt (val_answer_loss=0.021837)
  saved best_acc.pt (val_answer_accuracy=0.996031)
epoch 11/20 train loss=0.0032 acc=1.0000 em=1.0000 | val loss=0.0187 acc=0.9962 em=0.9405 | random≈0.0020
  saved best_loss.pt (val_answer_loss=0.018719)
  saved best_acc.pt (val_answer_accuracy=0.996219)
epoch 12/20 train loss=0.0024 acc=1.0000 em=1.0000 | val loss=0.0165 acc=0.9965 em=0.9450 | random≈0.0020
  saved best_loss.pt (val_answer_loss=0.016463)
  saved best_acc.pt (val_answer_accuracy=0.996500)
epoch 13/20 train loss=0.0019 acc=1.0000 em=1.0000 | val loss=0.0151 acc=0.9968 em=0.9490 | random≈0.0020
  saved best_loss.pt (val_answer_loss=0.015111)
  saved best_acc.pt (val_answer_accuracy=0.996750)
epoch 14/20 train loss=0.0016 acc=1.0000 em=1.0000 | val loss=0.0138 acc=0.9968 em=0.9495 | random≈0.0020
  saved best_loss.pt (val_answer_loss=0.013835)
epoch 15/20 train loss=0.0013 acc=1.0000 em=1.0000 | val loss=0.0128 acc=0.9970 em=0.9525 | random≈0.0020
  saved best_loss.pt (val_answer_loss=0.012752)
  saved best_acc.pt (val_answer_accuracy=0.996969)
epoch 16/20 train loss=0.0011 acc=1.0000 em=1.0000 | val loss=0.0119 acc=0.9971 em=0.9540 | random≈0.0020
  saved best_loss.pt (val_answer_loss=0.011897)
epoch 17/20 train loss=0.0009 acc=1.0000 em=1.0000 | val loss=0.0113 acc=0.9972 em=0.9555 | random≈0.0020
  saved best_loss.pt (val_answer_loss=0.011277)
  saved best_acc.pt (val_answer_accuracy=0.997156)
epoch 18/20 train loss=0.0008 acc=1.0000 em=1.0000 | val loss=0.0107 acc=0.9972 em=0.9565 | random≈0.0020
  saved best_loss.pt (val_answer_loss=0.010712)
epoch 19/20 train loss=0.0007 acc=1.0000 em=1.0000 | val loss=0.0103 acc=0.9972 em=0.9560 | random≈0.0020
  saved best_loss.pt (val_answer_loss=0.010316)
epoch 20/20 train loss=0.0006 acc=1.0000 em=1.0000 | val loss=0.0098 acc=0.9974 em=0.9595 | random≈0.0020
  saved best_loss.pt (val_answer_loss=0.009770)
  saved best_acc.pt (val_answer_accuracy=0.997437)
test [best_loss_ckpt] loss=0.008995 acc=0.997750 em=0.964500
test [best_acc_ckpt]  loss=0.008995 acc=0.997750 em=0.964500 random_baseline≈0.001953
done. meta_metrics → /home/jovyan/shares/SR008.fs2/nvidenisov/other/repos/mamba/mamba_multi_scale_get_started/outputs/MQAR/mqar_bugcheck_mamba2_depth6_kv16_vocab512_lr3e4_seed43/meta_metrics.csv
