mqar_split_hashes: n_train=20000 uniq_train=20000 | n_val=2000 uniq_val=2000 | n_test=2000 uniq_test=2000
mqar_answer_positions[train]: min=16 mean=16.0000 max=16 (expected 16 per sample)
mqar_answer_positions[val]: min=16 mean=16.0000 max=16 (expected 16 per sample)
mqar_answer_positions[test]: min=16 mean=16.0000 max=16 (expected 16 per sample)
experiment=archeval_mqar_trans768_mamba2_split_ts_25slow_75fast_seed43 device=cuda:0 out_dir=/home/jovyan/shares/SR008.fs2/nvidenisov/other/repos/mamba/mamba_multi_scale_get_started/outputs/ArchEval/mqar_trans768_mamba2_split_ts_25slow_75fast_seed43
mqar data: fixed_examples=True random_baseline_acc≈1/vocab=0.001302 (vocab_size=768)
--- mqar resolved config (sanity) ---
  experiment.name: archeval_mqar_trans768_mamba2_split_ts_25slow_75fast_seed43
  model.backbone: mamba2_lm
  model.layer_headdims: [32, 32, 32, 32]
  model.multiscale.fast_layer_headdims: —
  model.multiscale.slow_layer_headdims: —
  model.multiscale.window_size: —
  model.multiscale.offsets: —
  model.multiscale.summary_mode: —
  model.multiscale.causal_mode: —
  model.multiscale.gate_type: —
  data.input_seq_len: 128
  data.num_kv_pairs: 16
  data.vocab_size: 768
  data.train_examples: 20000  val_examples: 2000  test_examples: 2000
  data.fixed_examples: True
  data.min_query_pos: null
  train.lr: 0.0003
  train.epochs: 20
  num_parameters_trainable: 2063040
  tags(backbone,fusion,stride): mamba2_lm, , 
--- end resolved config ---
epoch 1/20 train loss=5.9552 acc=0.0034 em=0.0000 | val loss=5.9688 acc=0.0027 em=0.0000 | random≈0.0013
  saved best_loss.pt (val_answer_loss=5.968768)
  saved best_acc.pt (val_answer_accuracy=0.002687)
epoch 2/20 train loss=5.9201 acc=0.0096 em=0.0000 | val loss=5.9636 acc=0.0077 em=0.0000 | random≈0.0013
  saved best_loss.pt (val_answer_loss=5.963583)
  saved best_acc.pt (val_answer_accuracy=0.007656)
epoch 3/20 train loss=5.7994 acc=0.0252 em=0.0000 | val loss=5.9496 acc=0.0184 em=0.0000 | random≈0.0013
  saved best_loss.pt (val_answer_loss=5.949558)
  saved best_acc.pt (val_answer_accuracy=0.018437)
epoch 4/20 train loss=5.5328 acc=0.0502 em=0.0000 | val loss=5.9391 acc=0.0295 em=0.0000 | random≈0.0013
  saved best_loss.pt (val_answer_loss=5.939106)
  saved best_acc.pt (val_answer_accuracy=0.029500)
epoch 5/20 train loss=5.1469 acc=0.0916 em=0.0000 | val loss=5.9315 acc=0.0387 em=0.0000 | random≈0.0013
  saved best_loss.pt (val_answer_loss=5.931539)
  saved best_acc.pt (val_answer_accuracy=0.038656)
epoch 6/20 train loss=4.6149 acc=0.1718 em=0.0000 | val loss=5.7653 acc=0.0680 em=0.0000 | random≈0.0013
  saved best_loss.pt (val_answer_loss=5.765336)
  saved best_acc.pt (val_answer_accuracy=0.068031)
epoch 7/20 train loss=3.2394 acc=0.4124 em=0.0000 | val loss=4.2680 acc=0.2451 em=0.0000 | random≈0.0013
  saved best_loss.pt (val_answer_loss=4.267994)
  saved best_acc.pt (val_answer_accuracy=0.245062)
epoch 8/20 train loss=0.7413 acc=0.8655 em=0.0978 | val loss=1.2027 acc=0.7449 em=0.0040 | random≈0.0013
  saved best_loss.pt (val_answer_loss=1.202715)
  saved best_acc.pt (val_answer_accuracy=0.744938)
epoch 9/20 train loss=0.1663 acc=0.9797 em=0.7256 | val loss=0.3484 acc=0.9286 em=0.3075 | random≈0.0013
  saved best_loss.pt (val_answer_loss=0.348384)
  saved best_acc.pt (val_answer_accuracy=0.928625)
epoch 10/20 train loss=0.0549 acc=0.9968 em=0.9498 | val loss=0.1657 acc=0.9648 em=0.5635 | random≈0.0013
  saved best_loss.pt (val_answer_loss=0.165719)
  saved best_acc.pt (val_answer_accuracy=0.964844)
epoch 11/20 train loss=0.0228 acc=0.9999 em=0.9978 | val loss=0.1001 acc=0.9773 em=0.6985 | random≈0.0013
  saved best_loss.pt (val_answer_loss=0.100142)
  saved best_acc.pt (val_answer_accuracy=0.977313)
epoch 12/20 train loss=0.0133 acc=1.0000 em=1.0000 | val loss=0.0765 acc=0.9821 em=0.7510 | random≈0.0013
  saved best_loss.pt (val_answer_loss=0.076497)
  saved best_acc.pt (val_answer_accuracy=0.982125)
epoch 13/20 train loss=0.0094 acc=1.0000 em=1.0000 | val loss=0.0641 acc=0.9849 em=0.7850 | random≈0.0013
  saved best_loss.pt (val_answer_loss=0.064077)
  saved best_acc.pt (val_answer_accuracy=0.984875)
epoch 14/20 train loss=0.0072 acc=1.0000 em=1.0000 | val loss=0.0569 acc=0.9861 em=0.7990 | random≈0.0013
  saved best_loss.pt (val_answer_loss=0.056903)
  saved best_acc.pt (val_answer_accuracy=0.986062)
epoch 15/20 train loss=0.0058 acc=1.0000 em=1.0000 | val loss=0.0508 acc=0.9877 em=0.8175 | random≈0.0013
  saved best_loss.pt (val_answer_loss=0.050796)
  saved best_acc.pt (val_answer_accuracy=0.987688)
epoch 16/20 train loss=0.0047 acc=1.0000 em=1.0000 | val loss=0.0468 acc=0.9881 em=0.8235 | random≈0.0013
  saved best_loss.pt (val_answer_loss=0.046850)
  saved best_acc.pt (val_answer_accuracy=0.988125)
epoch 17/20 train loss=0.0040 acc=1.0000 em=1.0000 | val loss=0.0434 acc=0.9893 em=0.8400 | random≈0.0013
  saved best_loss.pt (val_answer_loss=0.043379)
  saved best_acc.pt (val_answer_accuracy=0.989281)
epoch 18/20 train loss=0.0034 acc=1.0000 em=1.0000 | val loss=0.0410 acc=0.9899 em=0.8495 | random≈0.0013
  saved best_loss.pt (val_answer_loss=0.041001)
  saved best_acc.pt (val_answer_accuracy=0.989875)
epoch 19/20 train loss=0.0029 acc=1.0000 em=1.0000 | val loss=0.0387 acc=0.9902 em=0.8535 | random≈0.0013
  saved best_loss.pt (val_answer_loss=0.038730)
  saved best_acc.pt (val_answer_accuracy=0.990156)
epoch 20/20 train loss=0.0025 acc=1.0000 em=1.0000 | val loss=0.0365 acc=0.9903 em=0.8560 | random≈0.0013
  saved best_loss.pt (val_answer_loss=0.036512)
  saved best_acc.pt (val_answer_accuracy=0.990344)
test [best_loss_ckpt] loss=0.034215 acc=0.992375 em=0.885500
test [best_acc_ckpt]  loss=0.034215 acc=0.992375 em=0.885500 random_baseline≈0.001302
done. meta_metrics → /home/jovyan/shares/SR008.fs2/nvidenisov/other/repos/mamba/mamba_multi_scale_get_started/outputs/ArchEval/mqar_trans768_mamba2_split_ts_25slow_75fast_seed43/meta_metrics.csv
