experiment=archeval_lm_mamba2_slow_init_seed46 device=cuda:0 out_dir=/home/jovyan/shares/SR008.fs2/nvidenisov/other/repos/mamba/mamba_multi_scale_get_started/outputs/ArchEval/lm_mamba2_slow_init_seed46
early_stopping: patience=3 min_delta=0.0001 (disable with train.early_stopping.patience=0)
epoch 1/10 train_loss=3.1046 val_loss=2.5171 val_ppl=12.39 val_bpc=3.6314
  saved best.pt (val_loss=2.517093)
epoch 2/10 train_loss=2.2808 val_loss=2.1647 val_ppl=8.71 val_bpc=3.1230
  saved best.pt (val_loss=2.164681)
epoch 3/10 train_loss=1.9934 val_loss=1.9825 val_ppl=7.26 val_bpc=2.8602
  saved best.pt (val_loss=1.982533)
epoch 4/10 train_loss=1.8079 val_loss=1.8719 val_ppl=6.50 val_bpc=2.7005
  saved best.pt (val_loss=1.871870)
epoch 5/10 train_loss=1.6794 val_loss=1.7911 val_ppl=6.00 val_bpc=2.5840
  saved best.pt (val_loss=1.791084)
epoch 6/10 train_loss=1.5909 val_loss=1.7347 val_ppl=5.67 val_bpc=2.5027
  saved best.pt (val_loss=1.734717)
epoch 7/10 train_loss=1.5245 val_loss=1.6836 val_ppl=5.38 val_bpc=2.4289
  saved best.pt (val_loss=1.683596)
epoch 8/10 train_loss=1.4687 val_loss=1.6504 val_ppl=5.21 val_bpc=2.3810
  saved best.pt (val_loss=1.650382)
epoch 9/10 train_loss=1.4302 val_loss=1.6213 val_ppl=5.06 val_bpc=2.3391
  saved best.pt (val_loss=1.621333)
epoch 10/10 train_loss=1.3945 val_loss=1.5989 val_ppl=4.95 val_bpc=2.3067
  saved best.pt (val_loss=1.598852)
meta_metrics: train=26.44s eval=192.12s loop=234.76s setup=1.79s → meta_metrics.csv
