mqar_split_hashes: n_train=20000 uniq_train=20000 | n_val=2000 uniq_val=2000 | n_test=2000 uniq_test=2000
mqar_answer_positions[train]: min=16 mean=16.0000 max=16 (expected 16 per sample)
mqar_answer_positions[val]: min=16 mean=16.0000 max=16 (expected 16 per sample)
mqar_answer_positions[test]: min=16 mean=16.0000 max=16 (expected 16 per sample)
experiment=mqar_fail_transformer_param_match_v640_seed49 device=cuda:0 out_dir=/home/jovyan/shares/SR008.fs2/nvidenisov/other/repos/mamba/mamba_multi_scale_get_started/outputs/MQARFailureSweep/mqar_fail_transformer_param_match_v640_seed49
mqar data: fixed_examples=True random_baseline_acc≈1/vocab=0.001563 (vocab_size=640)
--- mqar resolved config (sanity) ---
  experiment.name: mqar_fail_transformer_param_match_v640_seed49
  model.backbone: transformer_lm
  model.layer_headdims: —
  model.multiscale.fast_layer_headdims: —
  model.multiscale.slow_layer_headdims: —
  model.multiscale.window_size: —
  model.multiscale.offsets: —
  model.multiscale.summary_mode: —
  model.multiscale.causal_mode: —
  model.multiscale.gate_type: —
  data.input_seq_len: 128
  data.num_kv_pairs: 16
  data.vocab_size: 640
  data.train_examples: 20000  val_examples: 2000  test_examples: 2000
  data.fixed_examples: True
  data.min_query_pos: null
  train.lr: 0.0003
  train.epochs: 20
  num_parameters_trainable: 3131248
  tags(backbone,fusion,stride): transformer_lm, , 
--- end resolved config ---
epoch 1/20 train loss=5.7794 acc=0.0033 em=0.0000 | val loss=5.7823 acc=0.0028 em=0.0000 | random≈0.0016
  saved best_loss.pt (val_answer_loss=5.782273)
  saved best_acc.pt (val_answer_accuracy=0.002781)
epoch 2/20 train loss=5.7726 acc=0.0038 em=0.0000 | val loss=5.7758 acc=0.0036 em=0.0000 | random≈0.0016
  saved best_loss.pt (val_answer_loss=5.775790)
  saved best_acc.pt (val_answer_accuracy=0.003625)
epoch 3/20 train loss=5.3693 acc=0.0699 em=0.0000 | val loss=5.4288 acc=0.0657 em=0.0000 | random≈0.0016
  saved best_loss.pt (val_answer_loss=5.428786)
  saved best_acc.pt (val_answer_accuracy=0.065656)
epoch 4/20 train loss=4.6615 acc=0.0868 em=0.0000 | val loss=4.7824 acc=0.0759 em=0.0000 | random≈0.0016
  saved best_loss.pt (val_answer_loss=4.782428)
  saved best_acc.pt (val_answer_accuracy=0.075938)
epoch 5/20 train loss=4.1707 acc=0.0973 em=0.0000 | val loss=4.3588 acc=0.0770 em=0.0000 | random≈0.0016
  saved best_loss.pt (val_answer_loss=4.358766)
  saved best_acc.pt (val_answer_accuracy=0.077031)
epoch 6/20 train loss=3.8283 acc=0.1071 em=0.0000 | val loss=4.0814 acc=0.0768 em=0.0000 | random≈0.0016
  saved best_loss.pt (val_answer_loss=4.081360)
epoch 7/20 train loss=3.0622 acc=0.2506 em=0.0000 | val loss=3.3864 acc=0.1869 em=0.0000 | random≈0.0016
  saved best_loss.pt (val_answer_loss=3.386399)
  saved best_acc.pt (val_answer_accuracy=0.186875)
epoch 8/20 train loss=0.0021 acc=1.0000 em=0.9996 | val loss=0.0023 acc=1.0000 em=1.0000 | random≈0.0016
  saved best_loss.pt (val_answer_loss=0.002270)
  saved best_acc.pt (val_answer_accuracy=1.000000)
epoch 9/20 train loss=0.0007 acc=1.0000 em=1.0000 | val loss=0.0007 acc=1.0000 em=1.0000 | random≈0.0016
  saved best_loss.pt (val_answer_loss=0.000734)
epoch 10/20 train loss=0.0004 acc=1.0000 em=1.0000 | val loss=0.0004 acc=1.0000 em=1.0000 | random≈0.0016
  saved best_loss.pt (val_answer_loss=0.000425)
epoch 11/20 train loss=0.0003 acc=1.0000 em=1.0000 | val loss=0.0003 acc=1.0000 em=1.0000 | random≈0.0016
  saved best_loss.pt (val_answer_loss=0.000271)
epoch 12/20 train loss=0.0002 acc=1.0000 em=1.0000 | val loss=0.0002 acc=1.0000 em=1.0000 | random≈0.0016
epoch 13/20 train loss=0.0001 acc=1.0000 em=1.0000 | val loss=0.0002 acc=1.0000 em=1.0000 | random≈0.0016
  saved best_loss.pt (val_answer_loss=0.000153)
epoch 14/20 train loss=0.0001 acc=1.0000 em=1.0000 | val loss=0.0001 acc=1.0000 em=1.0000 | random≈0.0016
epoch 15/20 train loss=0.0001 acc=1.0000 em=1.0000 | val loss=0.0001 acc=1.0000 em=1.0000 | random≈0.0016
epoch 16/20 train loss=0.0001 acc=1.0000 em=1.0000 | val loss=0.0001 acc=1.0000 em=1.0000 | random≈0.0016
epoch 17/20 train loss=0.0001 acc=1.0000 em=1.0000 | val loss=0.0001 acc=1.0000 em=1.0000 | random≈0.0016
early stopping at epoch 17: val answer_loss did not improve by min_delta=0.0001 for 4 epochs
test [best_loss_ckpt] loss=0.000152 acc=1.000000 em=1.000000
test [best_acc_ckpt]  loss=0.002274 acc=1.000000 em=1.000000 random_baseline≈0.001563
done. meta_metrics → /home/jovyan/shares/SR008.fs2/nvidenisov/other/repos/mamba/mamba_multi_scale_get_started/outputs/MQARFailureSweep/mqar_fail_transformer_param_match_v640_seed49/meta_metrics.csv
