experiment=tsrch_d232_l4_h4_lr1em3_do0p0_s42 device=cuda:0 out_dir=/home/jovyan/shares/SR008.fs2/nvidenisov/other/repos/mamba/mamba_multi_scale_get_started/outputs/TransformerLMSearch/tsrch_d232_l4_h4_lr1em3_do0p0_s42
early_stopping: patience=8 min_delta=0.0001 (disable with train.early_stopping.patience=0)
epoch 1/50 train_loss=3.0552 val_loss=2.7139 val_ppl=15.09 val_bpc=3.9153
  saved best.pt (val_loss=2.713863)
epoch 2/50 train_loss=2.6067 val_loss=2.5523 val_ppl=12.84 val_bpc=3.6822
  saved best.pt (val_loss=2.552325)
epoch 3/50 train_loss=2.5233 val_loss=2.5114 val_ppl=12.32 val_bpc=3.6232
  saved best.pt (val_loss=2.511442)
epoch 4/50 train_loss=2.4884 val_loss=2.4899 val_ppl=12.06 val_bpc=3.5922
  saved best.pt (val_loss=2.489913)
epoch 5/50 train_loss=2.4653 val_loss=2.4778 val_ppl=11.91 val_bpc=3.5747
  saved best.pt (val_loss=2.477787)
epoch 6/50 train_loss=2.4493 val_loss=2.4560 val_ppl=11.66 val_bpc=3.5432
  saved best.pt (val_loss=2.455970)
epoch 7/50 train_loss=2.4300 val_loss=2.4515 val_ppl=11.61 val_bpc=3.5367
  saved best.pt (val_loss=2.451477)
epoch 8/50 train_loss=2.4090 val_loss=2.4175 val_ppl=11.22 val_bpc=3.4878
  saved best.pt (val_loss=2.417540)
epoch 9/50 train_loss=2.3752 val_loss=2.3977 val_ppl=11.00 val_bpc=3.4591
  saved best.pt (val_loss=2.397696)
epoch 10/50 train_loss=2.3401 val_loss=2.3462 val_ppl=10.45 val_bpc=3.3849
  saved best.pt (val_loss=2.346246)
epoch 11/50 train_loss=2.2947 val_loss=2.3029 val_ppl=10.00 val_bpc=3.3224
  saved best.pt (val_loss=2.302911)
epoch 12/50 train_loss=2.2379 val_loss=2.2398 val_ppl=9.39 val_bpc=3.2314
  saved best.pt (val_loss=2.239817)
epoch 13/50 train_loss=2.1633 val_loss=2.1855 val_ppl=8.90 val_bpc=3.1530
  saved best.pt (val_loss=2.185527)
epoch 14/50 train_loss=2.1080 val_loss=2.1437 val_ppl=8.53 val_bpc=3.0927
  saved best.pt (val_loss=2.143722)
epoch 15/50 train_loss=2.0531 val_loss=2.0938 val_ppl=8.12 val_bpc=3.0207
  saved best.pt (val_loss=2.093764)
epoch 16/50 train_loss=2.0005 val_loss=2.0574 val_ppl=7.83 val_bpc=2.9682
  saved best.pt (val_loss=2.057388)
epoch 17/50 train_loss=1.9485 val_loss=2.0218 val_ppl=7.55 val_bpc=2.9169
  saved best.pt (val_loss=2.021825)
epoch 18/50 train_loss=1.9103 val_loss=2.0063 val_ppl=7.44 val_bpc=2.8945
  saved best.pt (val_loss=2.006288)
epoch 19/50 train_loss=1.8680 val_loss=1.9659 val_ppl=7.14 val_bpc=2.8362
  saved best.pt (val_loss=1.965906)
epoch 20/50 train_loss=1.8287 val_loss=1.9396 val_ppl=6.96 val_bpc=2.7982
  saved best.pt (val_loss=1.939578)
epoch 21/50 train_loss=1.7938 val_loss=1.9106 val_ppl=6.76 val_bpc=2.7564
  saved best.pt (val_loss=1.910567)
epoch 22/50 train_loss=1.7567 val_loss=1.8848 val_ppl=6.58 val_bpc=2.7192
  saved best.pt (val_loss=1.884788)
epoch 23/50 train_loss=1.7336 val_loss=1.8663 val_ppl=6.46 val_bpc=2.6925
  saved best.pt (val_loss=1.866327)
epoch 24/50 train_loss=1.7131 val_loss=1.8455 val_ppl=6.33 val_bpc=2.6625
  saved best.pt (val_loss=1.845490)
epoch 25/50 train_loss=1.6818 val_loss=1.8227 val_ppl=6.19 val_bpc=2.6297
  saved best.pt (val_loss=1.822741)
epoch 26/50 train_loss=1.6656 val_loss=1.8052 val_ppl=6.08 val_bpc=2.6044
  saved best.pt (val_loss=1.805220)
epoch 27/50 train_loss=1.6349 val_loss=1.7927 val_ppl=6.01 val_bpc=2.5863
  saved best.pt (val_loss=1.792718)
epoch 28/50 train_loss=1.6264 val_loss=1.7795 val_ppl=5.93 val_bpc=2.5673
  saved best.pt (val_loss=1.779536)
epoch 29/50 train_loss=1.5966 val_loss=1.7631 val_ppl=5.83 val_bpc=2.5436
  saved best.pt (val_loss=1.763095)
epoch 30/50 train_loss=1.5851 val_loss=1.7515 val_ppl=5.76 val_bpc=2.5269
  saved best.pt (val_loss=1.751539)
epoch 31/50 train_loss=1.5677 val_loss=1.7323 val_ppl=5.65 val_bpc=2.4991
  saved best.pt (val_loss=1.732275)
epoch 32/50 train_loss=1.5485 val_loss=1.7309 val_ppl=5.65 val_bpc=2.4971
  saved best.pt (val_loss=1.730868)
epoch 33/50 train_loss=1.5403 val_loss=1.7228 val_ppl=5.60 val_bpc=2.4854
  saved best.pt (val_loss=1.722773)
epoch 34/50 train_loss=1.5204 val_loss=1.7076 val_ppl=5.52 val_bpc=2.4635
  saved best.pt (val_loss=1.707588)
epoch 35/50 train_loss=1.5129 val_loss=1.7015 val_ppl=5.48 val_bpc=2.4547
  saved best.pt (val_loss=1.701467)
epoch 36/50 train_loss=1.4926 val_loss=1.6866 val_ppl=5.40 val_bpc=2.4333
  saved best.pt (val_loss=1.686616)
epoch 37/50 train_loss=1.4836 val_loss=1.6818 val_ppl=5.38 val_bpc=2.4263
  saved best.pt (val_loss=1.681759)
epoch 38/50 train_loss=1.4798 val_loss=1.6677 val_ppl=5.30 val_bpc=2.4059
  saved best.pt (val_loss=1.667654)
epoch 39/50 train_loss=1.4614 val_loss=1.6538 val_ppl=5.23 val_bpc=2.3860
  saved best.pt (val_loss=1.653820)
epoch 40/50 train_loss=1.4587 val_loss=1.6516 val_ppl=5.22 val_bpc=2.3827
  saved best.pt (val_loss=1.651590)
epoch 41/50 train_loss=1.4403 val_loss=1.6578 val_ppl=5.25 val_bpc=2.3917
epoch 42/50 train_loss=1.4364 val_loss=1.6392 val_ppl=5.15 val_bpc=2.3649
  saved best.pt (val_loss=1.639195)
epoch 43/50 train_loss=1.4240 val_loss=1.6294 val_ppl=5.10 val_bpc=2.3508
  saved best.pt (val_loss=1.629447)
epoch 44/50 train_loss=1.4167 val_loss=1.6235 val_ppl=5.07 val_bpc=2.3422
  saved best.pt (val_loss=1.623461)
epoch 45/50 train_loss=1.4040 val_loss=1.6150 val_ppl=5.03 val_bpc=2.3299
  saved best.pt (val_loss=1.614970)
epoch 46/50 train_loss=1.3929 val_loss=1.6164 val_ppl=5.04 val_bpc=2.3320
epoch 47/50 train_loss=1.3935 val_loss=1.6024 val_ppl=4.97 val_bpc=2.3118
  saved best.pt (val_loss=1.602446)
epoch 48/50 train_loss=1.3890 val_loss=1.6073 val_ppl=4.99 val_bpc=2.3188
epoch 49/50 train_loss=1.3764 val_loss=1.6042 val_ppl=4.97 val_bpc=2.3143
epoch 50/50 train_loss=1.3685 val_loss=1.5890 val_ppl=4.90 val_bpc=2.2925
  saved best.pt (val_loss=1.589036)
meta_metrics: train=25.49s eval=481.62s loop=514.06s setup=1.26s → meta_metrics.csv
