=== tsrch_d256_l6_h8_lr1em3_do0p05_s42 CUDA_VISIBLE_DEVICES=3 ===
/home/jovyan/.mlspace/envs/nvidenisov-other-4/bin/python code/train_lm.py --config /home/jovyan/shares/SR008.fs2/nvidenisov/other/repos/mamba/mamba_multi_scale_get_started/configs/TinyShakespeare/tiny_shakespeare_transformer_param_match.yaml experiment.name=tsrch_d256_l6_h8_lr1em3_do0p05_s42 logging.output_dir=outputs/TransformerLMSearch/tsrch_d256_l6_h8_lr1em3_do0p05_s42 model.d_model=256 model.transformer.n_layers=6 model.transformer.n_heads=8 model.transformer.dropout=0.05 train.lr=1e-3 train.epochs=50 train.early_stopping.patience=8 experiment.seed=42 loader.batch_size=128 loader.num_workers=0 cuda_device=0 device=cuda:0
experiment=tsrch_d256_l6_h8_lr1em3_do0p05_s42 device=cuda:0 out_dir=/home/jovyan/shares/SR008.fs2/nvidenisov/other/repos/mamba/mamba_multi_scale_get_started/outputs/TransformerLMSearch/tsrch_d256_l6_h8_lr1em3_do0p05_s42
early_stopping: patience=8 min_delta=0.0001 (disable with train.early_stopping.patience=0)
epoch 1/50 train_loss=3.0098 val_loss=2.6537 val_ppl=14.21 val_bpc=3.8285
  saved best.pt (val_loss=2.653683)
epoch 2/50 train_loss=2.5866 val_loss=2.5343 val_ppl=12.61 val_bpc=3.6563
  saved best.pt (val_loss=2.534322)
epoch 3/50 train_loss=2.5157 val_loss=2.4977 val_ppl=12.16 val_bpc=3.6035
  saved best.pt (val_loss=2.497741)
epoch 4/50 train_loss=2.4860 val_loss=2.4813 val_ppl=11.96 val_bpc=3.5797
  saved best.pt (val_loss=2.481260)
epoch 5/50 train_loss=2.4650 val_loss=2.4719 val_ppl=11.84 val_bpc=3.5662
  saved best.pt (val_loss=2.471874)
epoch 6/50 train_loss=2.4496 val_loss=2.4475 val_ppl=11.56 val_bpc=3.5310
  saved best.pt (val_loss=2.447490)
epoch 7/50 train_loss=2.4302 val_loss=2.4310 val_ppl=11.37 val_bpc=3.5072
  saved best.pt (val_loss=2.430973)
epoch 8/50 train_loss=2.4041 val_loss=2.4015 val_ppl=11.04 val_bpc=3.4646
  saved best.pt (val_loss=2.401483)
epoch 9/50 train_loss=2.3719 val_loss=2.3606 val_ppl=10.60 val_bpc=3.4057
  saved best.pt (val_loss=2.360632)
epoch 10/50 train_loss=2.3290 val_loss=2.3233 val_ppl=10.21 val_bpc=3.3517
  saved best.pt (val_loss=2.323252)
epoch 11/50 train_loss=2.2910 val_loss=2.2756 val_ppl=9.73 val_bpc=3.2830
  saved best.pt (val_loss=2.275602)
epoch 12/50 train_loss=2.2336 val_loss=2.2241 val_ppl=9.24 val_bpc=3.2086
  saved best.pt (val_loss=2.224051)
epoch 13/50 train_loss=2.1812 val_loss=2.1804 val_ppl=8.85 val_bpc=3.1457
  saved best.pt (val_loss=2.180432)
epoch 14/50 train_loss=2.1196 val_loss=2.1242 val_ppl=8.37 val_bpc=3.0646
  saved best.pt (val_loss=2.124201)
epoch 15/50 train_loss=2.0657 val_loss=2.0941 val_ppl=8.12 val_bpc=3.0212
  saved best.pt (val_loss=2.094146)
epoch 16/50 train_loss=2.0141 val_loss=2.0499 val_ppl=7.77 val_bpc=2.9574
  saved best.pt (val_loss=2.049922)
epoch 17/50 train_loss=1.9636 val_loss=2.0034 val_ppl=7.41 val_bpc=2.8903
  saved best.pt (val_loss=2.003391)
epoch 18/50 train_loss=1.9195 val_loss=1.9657 val_ppl=7.14 val_bpc=2.8359
  saved best.pt (val_loss=1.965670)
epoch 19/50 train_loss=1.8821 val_loss=1.9384 val_ppl=6.95 val_bpc=2.7965
  saved best.pt (val_loss=1.938416)
epoch 20/50 train_loss=1.8421 val_loss=1.9115 val_ppl=6.76 val_bpc=2.7577
  saved best.pt (val_loss=1.911515)
epoch 21/50 train_loss=1.8120 val_loss=1.8811 val_ppl=6.56 val_bpc=2.7138
  saved best.pt (val_loss=1.881086)
epoch 22/50 train_loss=1.7771 val_loss=1.8540 val_ppl=6.39 val_bpc=2.6748
  saved best.pt (val_loss=1.854020)
epoch 23/50 train_loss=1.7537 val_loss=1.8405 val_ppl=6.30 val_bpc=2.6554
  saved best.pt (val_loss=1.840550)
epoch 24/50 train_loss=1.7288 val_loss=1.8160 val_ppl=6.15 val_bpc=2.6200
  saved best.pt (val_loss=1.816048)
epoch 25/50 train_loss=1.6994 val_loss=1.7900 val_ppl=5.99 val_bpc=2.5825
  saved best.pt (val_loss=1.790042)
epoch 26/50 train_loss=1.6850 val_loss=1.7754 val_ppl=5.90 val_bpc=2.5614
  saved best.pt (val_loss=1.775414)
epoch 27/50 train_loss=1.6577 val_loss=1.7705 val_ppl=5.87 val_bpc=2.5543
  saved best.pt (val_loss=1.770515)
epoch 28/50 train_loss=1.6492 val_loss=1.7537 val_ppl=5.78 val_bpc=2.5300
  saved best.pt (val_loss=1.753686)
epoch 29/50 train_loss=1.6184 val_loss=1.7376 val_ppl=5.68 val_bpc=2.5068
  saved best.pt (val_loss=1.737583)
epoch 30/50 train_loss=1.6062 val_loss=1.7309 val_ppl=5.65 val_bpc=2.4971
  saved best.pt (val_loss=1.730853)
epoch 31/50 train_loss=1.5899 val_loss=1.7175 val_ppl=5.57 val_bpc=2.4779
  saved best.pt (val_loss=1.717538)
epoch 32/50 train_loss=1.5704 val_loss=1.7061 val_ppl=5.51 val_bpc=2.4614
  saved best.pt (val_loss=1.706126)
epoch 33/50 train_loss=1.5627 val_loss=1.6947 val_ppl=5.44 val_bpc=2.4449
  saved best.pt (val_loss=1.694654)
epoch 34/50 train_loss=1.5432 val_loss=1.6829 val_ppl=5.38 val_bpc=2.4279
  saved best.pt (val_loss=1.682878)
epoch 35/50 train_loss=1.5334 val_loss=1.6748 val_ppl=5.34 val_bpc=2.4163
  saved best.pt (val_loss=1.674845)
epoch 36/50 train_loss=1.5131 val_loss=1.6683 val_ppl=5.30 val_bpc=2.4068
  saved best.pt (val_loss=1.668294)
epoch 37/50 train_loss=1.5065 val_loss=1.6572 val_ppl=5.24 val_bpc=2.3908
  saved best.pt (val_loss=1.657166)
epoch 38/50 train_loss=1.5002 val_loss=1.6510 val_ppl=5.21 val_bpc=2.3819
  saved best.pt (val_loss=1.650992)
epoch 39/50 train_loss=1.4824 val_loss=1.6350 val_ppl=5.13 val_bpc=2.3589
  saved best.pt (val_loss=1.635034)
epoch 40/50 train_loss=1.4793 val_loss=1.6318 val_ppl=5.11 val_bpc=2.3542
  saved best.pt (val_loss=1.631818)
epoch 41/50 train_loss=1.4603 val_loss=1.6332 val_ppl=5.12 val_bpc=2.3561
epoch 42/50 train_loss=1.4569 val_loss=1.6221 val_ppl=5.06 val_bpc=2.3403
  saved best.pt (val_loss=1.622145)
epoch 43/50 train_loss=1.4453 val_loss=1.6150 val_ppl=5.03 val_bpc=2.3299
  saved best.pt (val_loss=1.614973)
epoch 44/50 train_loss=1.4356 val_loss=1.6041 val_ppl=4.97 val_bpc=2.3142
  saved best.pt (val_loss=1.604091)
epoch 45/50 train_loss=1.4260 val_loss=1.5964 val_ppl=4.94 val_bpc=2.3032
  saved best.pt (val_loss=1.596426)
epoch 46/50 train_loss=1.4138 val_loss=1.5943 val_ppl=4.92 val_bpc=2.3001
  saved best.pt (val_loss=1.594280)
epoch 47/50 train_loss=1.4136 val_loss=1.5906 val_ppl=4.91 val_bpc=2.2947
  saved best.pt (val_loss=1.590583)
epoch 48/50 train_loss=1.4095 val_loss=1.5797 val_ppl=4.85 val_bpc=2.2790
  saved best.pt (val_loss=1.579706)
epoch 49/50 train_loss=1.3972 val_loss=1.5767 val_ppl=4.84 val_bpc=2.2747
  saved best.pt (val_loss=1.576729)
epoch 50/50 train_loss=1.3893 val_loss=1.5733 val_ppl=4.82 val_bpc=2.2698
  saved best.pt (val_loss=1.573319)
meta_metrics: train=41.47s eval=676.24s loop=727.56s setup=0.84s → meta_metrics.csv
