=== tsrch_d256_l4_h4_lr1p5em3_do0p05_s42 CUDA_VISIBLE_DEVICES=5 ===
/home/jovyan/.mlspace/envs/nvidenisov-other-4/bin/python code/train_lm.py --config /home/jovyan/shares/SR008.fs2/nvidenisov/other/repos/mamba/mamba_multi_scale_get_started/configs/TinyShakespeare/tiny_shakespeare_transformer_param_match.yaml experiment.name=tsrch_d256_l4_h4_lr1p5em3_do0p05_s42 logging.output_dir=outputs/TransformerLMSearch/tsrch_d256_l4_h4_lr1p5em3_do0p05_s42 model.d_model=256 model.transformer.n_layers=4 model.transformer.n_heads=4 model.transformer.dropout=0.05 train.lr=1.5e-3 train.epochs=50 train.early_stopping.patience=8 experiment.seed=42 loader.batch_size=128 loader.num_workers=0 cuda_device=0 device=cuda:0
experiment=tsrch_d256_l4_h4_lr1p5em3_do0p05_s42 device=cuda:0 out_dir=/home/jovyan/shares/SR008.fs2/nvidenisov/other/repos/mamba/mamba_multi_scale_get_started/outputs/TransformerLMSearch/tsrch_d256_l4_h4_lr1p5em3_do0p05_s42
early_stopping: patience=8 min_delta=0.0001 (disable with train.early_stopping.patience=0)
epoch 1/50 train_loss=2.9775 val_loss=2.6110 val_ppl=13.61 val_bpc=3.7669
  saved best.pt (val_loss=2.610983)
epoch 2/50 train_loss=2.5522 val_loss=2.5191 val_ppl=12.42 val_bpc=3.6342
  saved best.pt (val_loss=2.519064)
epoch 3/50 train_loss=2.4984 val_loss=2.4962 val_ppl=12.14 val_bpc=3.6013
  saved best.pt (val_loss=2.496229)
epoch 4/50 train_loss=2.4721 val_loss=2.4748 val_ppl=11.88 val_bpc=3.5704
  saved best.pt (val_loss=2.474790)
epoch 5/50 train_loss=2.4500 val_loss=2.4542 val_ppl=11.64 val_bpc=3.5407
  saved best.pt (val_loss=2.454203)
epoch 6/50 train_loss=2.4240 val_loss=2.4145 val_ppl=11.18 val_bpc=3.4834
  saved best.pt (val_loss=2.414501)
epoch 7/50 train_loss=2.3851 val_loss=2.3720 val_ppl=10.72 val_bpc=3.4221
  saved best.pt (val_loss=2.372019)
epoch 8/50 train_loss=2.3250 val_loss=2.3091 val_ppl=10.07 val_bpc=3.3313
  saved best.pt (val_loss=2.309110)
epoch 9/50 train_loss=2.2470 val_loss=2.2161 val_ppl=9.17 val_bpc=3.1972
  saved best.pt (val_loss=2.216141)
epoch 10/50 train_loss=2.1632 val_loss=2.1552 val_ppl=8.63 val_bpc=3.1092
  saved best.pt (val_loss=2.155151)
epoch 11/50 train_loss=2.0954 val_loss=2.1031 val_ppl=8.19 val_bpc=3.0342
  saved best.pt (val_loss=2.103130)
epoch 12/50 train_loss=2.0399 val_loss=2.0605 val_ppl=7.85 val_bpc=2.9727
  saved best.pt (val_loss=2.060495)
epoch 13/50 train_loss=1.9766 val_loss=2.0235 val_ppl=7.57 val_bpc=2.9194
  saved best.pt (val_loss=2.023543)
epoch 14/50 train_loss=1.9391 val_loss=1.9888 val_ppl=7.31 val_bpc=2.8692
  saved best.pt (val_loss=1.988757)
epoch 15/50 train_loss=1.8953 val_loss=1.9589 val_ppl=7.09 val_bpc=2.8260
  saved best.pt (val_loss=1.958860)
epoch 16/50 train_loss=1.8554 val_loss=1.9274 val_ppl=6.87 val_bpc=2.7807
  saved best.pt (val_loss=1.927410)
epoch 17/50 train_loss=1.8146 val_loss=1.8987 val_ppl=6.68 val_bpc=2.7393
  saved best.pt (val_loss=1.898734)
epoch 18/50 train_loss=1.7835 val_loss=1.8695 val_ppl=6.48 val_bpc=2.6971
  saved best.pt (val_loss=1.869473)
epoch 19/50 train_loss=1.7557 val_loss=1.8422 val_ppl=6.31 val_bpc=2.6577
  saved best.pt (val_loss=1.842168)
epoch 20/50 train_loss=1.7242 val_loss=1.8173 val_ppl=6.16 val_bpc=2.6218
  saved best.pt (val_loss=1.817320)
epoch 21/50 train_loss=1.6979 val_loss=1.7971 val_ppl=6.03 val_bpc=2.5926
  saved best.pt (val_loss=1.797051)
epoch 22/50 train_loss=1.6699 val_loss=1.7770 val_ppl=5.91 val_bpc=2.5637
  saved best.pt (val_loss=1.777012)
epoch 23/50 train_loss=1.6517 val_loss=1.7584 val_ppl=5.80 val_bpc=2.5369
  saved best.pt (val_loss=1.758439)
epoch 24/50 train_loss=1.6355 val_loss=1.7465 val_ppl=5.73 val_bpc=2.5196
  saved best.pt (val_loss=1.746455)
epoch 25/50 train_loss=1.6111 val_loss=1.7199 val_ppl=5.58 val_bpc=2.4812
  saved best.pt (val_loss=1.719853)
epoch 26/50 train_loss=1.5991 val_loss=1.7137 val_ppl=5.55 val_bpc=2.4723
  saved best.pt (val_loss=1.713658)
epoch 27/50 train_loss=1.5751 val_loss=1.7016 val_ppl=5.48 val_bpc=2.4549
  saved best.pt (val_loss=1.701586)
epoch 28/50 train_loss=1.5709 val_loss=1.6866 val_ppl=5.40 val_bpc=2.4332
  saved best.pt (val_loss=1.686599)
epoch 29/50 train_loss=1.5428 val_loss=1.6753 val_ppl=5.34 val_bpc=2.4170
  saved best.pt (val_loss=1.675341)
epoch 30/50 train_loss=1.5338 val_loss=1.6690 val_ppl=5.31 val_bpc=2.4079
  saved best.pt (val_loss=1.669010)
epoch 31/50 train_loss=1.5220 val_loss=1.6531 val_ppl=5.22 val_bpc=2.3850
  saved best.pt (val_loss=1.653129)
epoch 32/50 train_loss=1.5032 val_loss=1.6487 val_ppl=5.20 val_bpc=2.3785
  saved best.pt (val_loss=1.648659)
epoch 33/50 train_loss=1.5005 val_loss=1.6461 val_ppl=5.19 val_bpc=2.3748
  saved best.pt (val_loss=1.646097)
epoch 34/50 train_loss=1.4811 val_loss=1.6292 val_ppl=5.10 val_bpc=2.3505
  saved best.pt (val_loss=1.629219)
epoch 35/50 train_loss=1.4761 val_loss=1.6194 val_ppl=5.05 val_bpc=2.3363
  saved best.pt (val_loss=1.619429)
epoch 36/50 train_loss=1.4595 val_loss=1.6205 val_ppl=5.06 val_bpc=2.3379
epoch 37/50 train_loss=1.4536 val_loss=1.6099 val_ppl=5.00 val_bpc=2.3226
  saved best.pt (val_loss=1.609904)
epoch 38/50 train_loss=1.4518 val_loss=1.5995 val_ppl=4.95 val_bpc=2.3077
  saved best.pt (val_loss=1.599542)
epoch 39/50 train_loss=1.4365 val_loss=1.5902 val_ppl=4.90 val_bpc=2.2942
  saved best.pt (val_loss=1.590209)
epoch 40/50 train_loss=1.4326 val_loss=1.5893 val_ppl=4.90 val_bpc=2.2928
  saved best.pt (val_loss=1.589264)
epoch 41/50 train_loss=1.4178 val_loss=1.5860 val_ppl=4.88 val_bpc=2.2881
  saved best.pt (val_loss=1.586001)
epoch 42/50 train_loss=1.4173 val_loss=1.5834 val_ppl=4.87 val_bpc=2.2844
  saved best.pt (val_loss=1.583425)
epoch 43/50 train_loss=1.4071 val_loss=1.5767 val_ppl=4.84 val_bpc=2.2747
  saved best.pt (val_loss=1.576723)
epoch 44/50 train_loss=1.3991 val_loss=1.5656 val_ppl=4.79 val_bpc=2.2586
  saved best.pt (val_loss=1.565551)
epoch 45/50 train_loss=1.3906 val_loss=1.5614 val_ppl=4.77 val_bpc=2.2526
  saved best.pt (val_loss=1.561415)
epoch 46/50 train_loss=1.3813 val_loss=1.5588 val_ppl=4.75 val_bpc=2.2489
  saved best.pt (val_loss=1.558850)
epoch 47/50 train_loss=1.3819 val_loss=1.5570 val_ppl=4.74 val_bpc=2.2463
  saved best.pt (val_loss=1.557035)
epoch 48/50 train_loss=1.3795 val_loss=1.5479 val_ppl=4.70 val_bpc=2.2332
  saved best.pt (val_loss=1.547944)
epoch 49/50 train_loss=1.3677 val_loss=1.5507 val_ppl=4.71 val_bpc=2.2372
epoch 50/50 train_loss=1.3620 val_loss=1.5388 val_ppl=4.66 val_bpc=2.2200
  saved best.pt (val_loss=1.538795)
meta_metrics: train=25.02s eval=422.75s loop=456.50s setup=1.29s → meta_metrics.csv
