=== tsrch_d256_l6_h8_lr2em3_do0p0_s42 CUDA_VISIBLE_DEVICES=6 ===
/home/jovyan/.mlspace/envs/nvidenisov-other-4/bin/python code/train_lm.py --config /home/jovyan/shares/SR008.fs2/nvidenisov/other/repos/mamba/mamba_multi_scale_get_started/configs/TinyShakespeare/tiny_shakespeare_transformer_param_match.yaml experiment.name=tsrch_d256_l6_h8_lr2em3_do0p0_s42 logging.output_dir=outputs/TransformerLMSearch/tsrch_d256_l6_h8_lr2em3_do0p0_s42 model.d_model=256 model.transformer.n_layers=6 model.transformer.n_heads=8 model.transformer.dropout=0.0 train.lr=2e-3 train.epochs=50 train.early_stopping.patience=8 experiment.seed=42 loader.batch_size=128 loader.num_workers=0 cuda_device=0 device=cuda:0
experiment=tsrch_d256_l6_h8_lr2em3_do0p0_s42 device=cuda:0 out_dir=/home/jovyan/shares/SR008.fs2/nvidenisov/other/repos/mamba/mamba_multi_scale_get_started/outputs/TransformerLMSearch/tsrch_d256_l6_h8_lr2em3_do0p0_s42
early_stopping: patience=8 min_delta=0.0001 (disable with train.early_stopping.patience=0)
epoch 1/50 train_loss=3.0383 val_loss=2.6394 val_ppl=14.00 val_bpc=3.8078
  saved best.pt (val_loss=2.639375)
epoch 2/50 train_loss=2.5689 val_loss=2.5256 val_ppl=12.50 val_bpc=3.6437
  saved best.pt (val_loss=2.525595)
epoch 3/50 train_loss=2.4984 val_loss=2.4946 val_ppl=12.12 val_bpc=3.5989
  saved best.pt (val_loss=2.494559)
epoch 4/50 train_loss=2.4694 val_loss=2.4701 val_ppl=11.82 val_bpc=3.5636
  saved best.pt (val_loss=2.470100)
epoch 5/50 train_loss=2.4498 val_loss=2.4621 val_ppl=11.73 val_bpc=3.5520
  saved best.pt (val_loss=2.462086)
epoch 6/50 train_loss=2.4277 val_loss=2.4524 val_ppl=11.62 val_bpc=3.5381
  saved best.pt (val_loss=2.452415)
epoch 7/50 train_loss=2.3970 val_loss=2.4018 val_ppl=11.04 val_bpc=3.4651
  saved best.pt (val_loss=2.401808)
epoch 8/50 train_loss=2.3491 val_loss=2.3619 val_ppl=10.61 val_bpc=3.4075
  saved best.pt (val_loss=2.361883)
epoch 9/50 train_loss=2.2791 val_loss=2.2849 val_ppl=9.82 val_bpc=3.2964
  saved best.pt (val_loss=2.284870)
epoch 10/50 train_loss=2.1925 val_loss=2.1995 val_ppl=9.02 val_bpc=3.1733
  saved best.pt (val_loss=2.199534)
epoch 11/50 train_loss=2.0965 val_loss=2.1692 val_ppl=8.75 val_bpc=3.1295
  saved best.pt (val_loss=2.169175)
epoch 12/50 train_loss=2.0655 val_loss=2.1040 val_ppl=8.20 val_bpc=3.0355
  saved best.pt (val_loss=2.104044)
epoch 13/50 train_loss=1.9501 val_loss=2.0414 val_ppl=7.70 val_bpc=2.9451
  saved best.pt (val_loss=2.041421)
epoch 14/50 train_loss=1.8891 val_loss=1.9766 val_ppl=7.22 val_bpc=2.8516
  saved best.pt (val_loss=1.976565)
epoch 15/50 train_loss=1.8185 val_loss=1.9268 val_ppl=6.87 val_bpc=2.7798
  saved best.pt (val_loss=1.926776)
epoch 16/50 train_loss=1.7579 val_loss=1.8802 val_ppl=6.56 val_bpc=2.7126
  saved best.pt (val_loss=1.880245)
epoch 17/50 train_loss=1.7122 val_loss=1.8408 val_ppl=6.30 val_bpc=2.6557
  saved best.pt (val_loss=1.840823)
epoch 18/50 train_loss=1.6612 val_loss=1.8152 val_ppl=6.14 val_bpc=2.6188
  saved best.pt (val_loss=1.815241)
epoch 19/50 train_loss=1.6300 val_loss=1.7850 val_ppl=5.96 val_bpc=2.5753
  saved best.pt (val_loss=1.785029)
epoch 20/50 train_loss=1.5867 val_loss=1.7602 val_ppl=5.81 val_bpc=2.5394
  saved best.pt (val_loss=1.760203)
epoch 21/50 train_loss=1.5553 val_loss=1.7258 val_ppl=5.62 val_bpc=2.4898
  saved best.pt (val_loss=1.725789)
epoch 22/50 train_loss=1.5249 val_loss=1.7115 val_ppl=5.54 val_bpc=2.4691
  saved best.pt (val_loss=1.711455)
epoch 23/50 train_loss=1.5026 val_loss=1.6923 val_ppl=5.43 val_bpc=2.4414
  saved best.pt (val_loss=1.692270)
epoch 24/50 train_loss=1.4874 val_loss=1.6882 val_ppl=5.41 val_bpc=2.4356
  saved best.pt (val_loss=1.688225)
epoch 25/50 train_loss=1.4577 val_loss=1.6521 val_ppl=5.22 val_bpc=2.3834
  saved best.pt (val_loss=1.652078)
epoch 26/50 train_loss=1.4415 val_loss=1.6428 val_ppl=5.17 val_bpc=2.3701
  saved best.pt (val_loss=1.642828)
epoch 27/50 train_loss=1.4185 val_loss=1.6321 val_ppl=5.11 val_bpc=2.3546
  saved best.pt (val_loss=1.632053)
epoch 28/50 train_loss=1.4097 val_loss=1.6240 val_ppl=5.07 val_bpc=2.3429
  saved best.pt (val_loss=1.623976)
epoch 29/50 train_loss=1.3794 val_loss=1.6102 val_ppl=5.00 val_bpc=2.3230
  saved best.pt (val_loss=1.610181)
epoch 30/50 train_loss=1.3682 val_loss=1.6115 val_ppl=5.01 val_bpc=2.3248
epoch 31/50 train_loss=1.3578 val_loss=1.5986 val_ppl=4.95 val_bpc=2.3062
  saved best.pt (val_loss=1.598551)
epoch 32/50 train_loss=1.3356 val_loss=1.6011 val_ppl=4.96 val_bpc=2.3099
epoch 33/50 train_loss=1.3295 val_loss=1.5834 val_ppl=4.87 val_bpc=2.2844
  saved best.pt (val_loss=1.583412)
epoch 34/50 train_loss=1.3105 val_loss=1.5789 val_ppl=4.85 val_bpc=2.2778
  saved best.pt (val_loss=1.578860)
epoch 35/50 train_loss=1.3059 val_loss=1.5761 val_ppl=4.84 val_bpc=2.2738
  saved best.pt (val_loss=1.576063)
epoch 36/50 train_loss=1.2879 val_loss=1.5769 val_ppl=4.84 val_bpc=2.2750
epoch 37/50 train_loss=1.2793 val_loss=1.5723 val_ppl=4.82 val_bpc=2.2684
  saved best.pt (val_loss=1.572345)
epoch 38/50 train_loss=1.2761 val_loss=1.5679 val_ppl=4.80 val_bpc=2.2621
  saved best.pt (val_loss=1.567935)
epoch 39/50 train_loss=1.2589 val_loss=1.5569 val_ppl=4.74 val_bpc=2.2461
  saved best.pt (val_loss=1.556857)
epoch 40/50 train_loss=1.2508 val_loss=1.5645 val_ppl=4.78 val_bpc=2.2571
epoch 41/50 train_loss=1.2382 val_loss=1.5673 val_ppl=4.79 val_bpc=2.2611
epoch 42/50 train_loss=1.2349 val_loss=1.5628 val_ppl=4.77 val_bpc=2.2546
epoch 43/50 train_loss=1.2204 val_loss=1.5707 val_ppl=4.81 val_bpc=2.2660
epoch 44/50 train_loss=1.2114 val_loss=1.5633 val_ppl=4.77 val_bpc=2.2554
epoch 45/50 train_loss=1.2032 val_loss=1.5651 val_ppl=4.78 val_bpc=2.2580
epoch 46/50 train_loss=1.1879 val_loss=1.5739 val_ppl=4.83 val_bpc=2.2706
epoch 47/50 train_loss=1.1878 val_loss=1.5724 val_ppl=4.82 val_bpc=2.2685
early stopping at epoch 47: val_loss did not improve by min_delta=0.0001 for 8 epochs (best val_loss=1.556857)
meta_metrics: train=34.38s eval=612.38s loop=654.88s setup=1.01s → meta_metrics.csv
