=== tsrch_d384_l4_h8_lr1p5em3_do0p0_s42 CUDA_VISIBLE_DEVICES=4 ===
/home/jovyan/.mlspace/envs/nvidenisov-other-4/bin/python code/train_lm.py --config /home/jovyan/shares/SR008.fs2/nvidenisov/other/repos/mamba/mamba_multi_scale_get_started/configs/TinyShakespeare/tiny_shakespeare_transformer_param_match.yaml experiment.name=tsrch_d384_l4_h8_lr1p5em3_do0p0_s42 logging.output_dir=outputs/TransformerLMSearch/tsrch_d384_l4_h8_lr1p5em3_do0p0_s42 model.d_model=384 model.transformer.n_layers=4 model.transformer.n_heads=8 model.transformer.dropout=0.0 train.lr=1.5e-3 train.epochs=50 train.early_stopping.patience=8 experiment.seed=42 loader.batch_size=128 loader.num_workers=0 cuda_device=0 device=cuda:0
experiment=tsrch_d384_l4_h8_lr1p5em3_do0p0_s42 device=cuda:0 out_dir=/home/jovyan/shares/SR008.fs2/nvidenisov/other/repos/mamba/mamba_multi_scale_get_started/outputs/TransformerLMSearch/tsrch_d384_l4_h8_lr1p5em3_do0p0_s42
early_stopping: patience=8 min_delta=0.0001 (disable with train.early_stopping.patience=0)
epoch 1/50 train_loss=3.0054 val_loss=2.5645 val_ppl=12.99 val_bpc=3.6998
  saved best.pt (val_loss=2.564477)
epoch 2/50 train_loss=2.5143 val_loss=2.5001 val_ppl=12.18 val_bpc=3.6070
  saved best.pt (val_loss=2.500148)
epoch 3/50 train_loss=2.4694 val_loss=2.4803 val_ppl=11.94 val_bpc=3.5783
  saved best.pt (val_loss=2.480256)
epoch 4/50 train_loss=2.4472 val_loss=2.4558 val_ppl=11.66 val_bpc=3.5430
  saved best.pt (val_loss=2.455787)
epoch 5/50 train_loss=2.4200 val_loss=2.4324 val_ppl=11.39 val_bpc=3.5092
  saved best.pt (val_loss=2.432397)
epoch 6/50 train_loss=2.3904 val_loss=2.3954 val_ppl=10.97 val_bpc=3.4558
  saved best.pt (val_loss=2.395409)
epoch 7/50 train_loss=2.3389 val_loss=2.3380 val_ppl=10.36 val_bpc=3.3731
  saved best.pt (val_loss=2.338034)
epoch 8/50 train_loss=2.2623 val_loss=2.2962 val_ppl=9.94 val_bpc=3.3128
  saved best.pt (val_loss=2.296230)
epoch 9/50 train_loss=2.1693 val_loss=2.1918 val_ppl=8.95 val_bpc=3.1622
  saved best.pt (val_loss=2.191841)
epoch 10/50 train_loss=2.0762 val_loss=2.1228 val_ppl=8.35 val_bpc=3.0626
  saved best.pt (val_loss=2.122803)
epoch 11/50 train_loss=1.9736 val_loss=2.0481 val_ppl=7.75 val_bpc=2.9547
  saved best.pt (val_loss=2.048076)
epoch 12/50 train_loss=1.8927 val_loss=1.9791 val_ppl=7.24 val_bpc=2.8552
  saved best.pt (val_loss=1.979050)
epoch 13/50 train_loss=1.8036 val_loss=1.9286 val_ppl=6.88 val_bpc=2.7824
  saved best.pt (val_loss=1.928594)
epoch 14/50 train_loss=1.7546 val_loss=1.8853 val_ppl=6.59 val_bpc=2.7200
  saved best.pt (val_loss=1.885337)
epoch 15/50 train_loss=1.6935 val_loss=1.8417 val_ppl=6.31 val_bpc=2.6569
  saved best.pt (val_loss=1.841655)
epoch 16/50 train_loss=1.6491 val_loss=1.8055 val_ppl=6.08 val_bpc=2.6048
  saved best.pt (val_loss=1.805504)
epoch 17/50 train_loss=1.6020 val_loss=1.7622 val_ppl=5.83 val_bpc=2.5423
  saved best.pt (val_loss=1.762164)
epoch 18/50 train_loss=1.5686 val_loss=1.7406 val_ppl=5.70 val_bpc=2.5112
  saved best.pt (val_loss=1.740610)
epoch 19/50 train_loss=1.5402 val_loss=1.7103 val_ppl=5.53 val_bpc=2.4675
  saved best.pt (val_loss=1.710333)
epoch 20/50 train_loss=1.5103 val_loss=1.6982 val_ppl=5.46 val_bpc=2.4500
  saved best.pt (val_loss=1.698233)
epoch 21/50 train_loss=1.4867 val_loss=1.6798 val_ppl=5.36 val_bpc=2.4234
  saved best.pt (val_loss=1.679760)
epoch 22/50 train_loss=1.4617 val_loss=1.6620 val_ppl=5.27 val_bpc=2.3978
  saved best.pt (val_loss=1.662027)
epoch 23/50 train_loss=1.4462 val_loss=1.6568 val_ppl=5.24 val_bpc=2.3903
  saved best.pt (val_loss=1.656838)
epoch 24/50 train_loss=1.4347 val_loss=1.6384 val_ppl=5.15 val_bpc=2.3637
  saved best.pt (val_loss=1.638375)
epoch 25/50 train_loss=1.4081 val_loss=1.6173 val_ppl=5.04 val_bpc=2.3333
  saved best.pt (val_loss=1.617328)
epoch 26/50 train_loss=1.4009 val_loss=1.6143 val_ppl=5.02 val_bpc=2.3290
  saved best.pt (val_loss=1.614319)
epoch 27/50 train_loss=1.3774 val_loss=1.6144 val_ppl=5.02 val_bpc=2.3290
epoch 28/50 train_loss=1.3724 val_loss=1.5987 val_ppl=4.95 val_bpc=2.3065
  saved best.pt (val_loss=1.598711)
epoch 29/50 train_loss=1.3494 val_loss=1.5927 val_ppl=4.92 val_bpc=2.2978
  saved best.pt (val_loss=1.592729)
epoch 30/50 train_loss=1.3376 val_loss=1.5916 val_ppl=4.91 val_bpc=2.2961
  saved best.pt (val_loss=1.591564)
epoch 31/50 train_loss=1.3286 val_loss=1.5779 val_ppl=4.84 val_bpc=2.2764
  saved best.pt (val_loss=1.577879)
epoch 32/50 train_loss=1.3109 val_loss=1.5808 val_ppl=4.86 val_bpc=2.2806
epoch 33/50 train_loss=1.3062 val_loss=1.5781 val_ppl=4.85 val_bpc=2.2767
epoch 34/50 train_loss=1.2915 val_loss=1.5637 val_ppl=4.78 val_bpc=2.2559
  saved best.pt (val_loss=1.563657)
epoch 35/50 train_loss=1.2836 val_loss=1.5644 val_ppl=4.78 val_bpc=2.2570
epoch 36/50 train_loss=1.2668 val_loss=1.5693 val_ppl=4.80 val_bpc=2.2641
epoch 37/50 train_loss=1.2617 val_loss=1.5630 val_ppl=4.77 val_bpc=2.2549
  saved best.pt (val_loss=1.562969)
epoch 38/50 train_loss=1.2622 val_loss=1.5567 val_ppl=4.74 val_bpc=2.2459
  saved best.pt (val_loss=1.556720)
epoch 39/50 train_loss=1.2453 val_loss=1.5514 val_ppl=4.72 val_bpc=2.2382
  saved best.pt (val_loss=1.551399)
epoch 40/50 train_loss=1.2371 val_loss=1.5497 val_ppl=4.71 val_bpc=2.2358
  saved best.pt (val_loss=1.549746)
epoch 41/50 train_loss=1.2272 val_loss=1.5639 val_ppl=4.78 val_bpc=2.2562
epoch 42/50 train_loss=1.2234 val_loss=1.5548 val_ppl=4.73 val_bpc=2.2432
epoch 43/50 train_loss=1.2114 val_loss=1.5599 val_ppl=4.76 val_bpc=2.2505
epoch 44/50 train_loss=1.2018 val_loss=1.5536 val_ppl=4.73 val_bpc=2.2414
epoch 45/50 train_loss=1.1940 val_loss=1.5544 val_ppl=4.73 val_bpc=2.2425
epoch 46/50 train_loss=1.1801 val_loss=1.5639 val_ppl=4.78 val_bpc=2.2562
epoch 47/50 train_loss=1.1789 val_loss=1.5605 val_ppl=4.76 val_bpc=2.2514
epoch 48/50 train_loss=1.1730 val_loss=1.5564 val_ppl=4.74 val_bpc=2.2455
early stopping at epoch 48: val_loss did not improve by min_delta=0.0001 for 8 epochs (best val_loss=1.549746)
meta_metrics: train=39.29s eval=703.33s loop=751.48s setup=0.68s → meta_metrics.csv
