mqar_split_hashes: n_train=20000 uniq_train=20000 | n_val=2000 uniq_val=2000 | n_test=2000 uniq_test=2000
mqar_answer_positions[train]: min=16 mean=16.0000 max=16 (expected 16 per sample)
mqar_answer_positions[val]: min=16 mean=16.0000 max=16 (expected 16 per sample)
mqar_answer_positions[test]: min=16 mean=16.0000 max=16 (expected 16 per sample)
experiment=mqar_fail_mamba2_split_ts_slow_default_v768_seed42 device=cuda:0 out_dir=/home/jovyan/shares/SR008.fs2/nvidenisov/other/repos/mamba/mamba_multi_scale_get_started/outputs/MQARFailureSweep/mqar_fail_mamba2_split_ts_slow_default_v768_seed42
mqar data: fixed_examples=True random_baseline_acc≈1/vocab=0.001302 (vocab_size=768)
--- mqar resolved config (sanity) ---
  experiment.name: mqar_fail_mamba2_split_ts_slow_default_v768_seed42
  model.backbone: mamba2_lm
  model.layer_headdims: [32, 32, 32, 32]
  model.multiscale.fast_layer_headdims: —
  model.multiscale.slow_layer_headdims: —
  model.multiscale.window_size: —
  model.multiscale.offsets: —
  model.multiscale.summary_mode: —
  model.multiscale.causal_mode: —
  model.multiscale.gate_type: —
  data.input_seq_len: 128
  data.num_kv_pairs: 16
  data.vocab_size: 768
  data.train_examples: 20000  val_examples: 2000  test_examples: 2000
  data.fixed_examples: True
  data.min_query_pos: null
  train.lr: 0.0003
  train.epochs: 20
  num_parameters_trainable: 2063040
  tags(backbone,fusion,stride): mamba2_lm, , 
--- end resolved config ---
epoch 1/20 train loss=5.9558 acc=0.0033 em=0.0000 | val loss=5.9688 acc=0.0026 em=0.0000 | random≈0.0013
  saved best_loss.pt (val_answer_loss=5.968756)
  saved best_acc.pt (val_answer_accuracy=0.002625)
epoch 2/20 train loss=5.9273 acc=0.0105 em=0.0000 | val loss=5.9601 acc=0.0087 em=0.0000 | random≈0.0013
  saved best_loss.pt (val_answer_loss=5.960073)
  saved best_acc.pt (val_answer_accuracy=0.008719)
epoch 3/20 train loss=5.7509 acc=0.0408 em=0.0000 | val loss=5.8707 acc=0.0347 em=0.0000 | random≈0.0013
  saved best_loss.pt (val_answer_loss=5.870710)
  saved best_acc.pt (val_answer_accuracy=0.034656)
epoch 4/20 train loss=5.3807 acc=0.0725 em=0.0000 | val loss=5.6611 acc=0.0521 em=0.0000 | random≈0.0013
  saved best_loss.pt (val_answer_loss=5.661082)
  saved best_acc.pt (val_answer_accuracy=0.052062)
epoch 5/20 train loss=4.0411 acc=0.2885 em=0.0000 | val loss=4.3745 acc=0.2359 em=0.0000 | random≈0.0013
  saved best_loss.pt (val_answer_loss=4.374516)
  saved best_acc.pt (val_answer_accuracy=0.235906)
epoch 6/20 train loss=0.6973 acc=0.8924 em=0.1660 | val loss=0.8390 acc=0.8533 em=0.0750 | random≈0.0013
  saved best_loss.pt (val_answer_loss=0.838970)
  saved best_acc.pt (val_answer_accuracy=0.853281)
epoch 7/20 train loss=0.1207 acc=0.9877 em=0.8233 | val loss=0.1904 acc=0.9671 em=0.5995 | random≈0.0013
  saved best_loss.pt (val_answer_loss=0.190402)
  saved best_acc.pt (val_answer_accuracy=0.967063)
epoch 8/20 train loss=0.0329 acc=0.9990 em=0.9838 | val loss=0.0739 acc=0.9869 em=0.8090 | random≈0.0013
  saved best_loss.pt (val_answer_loss=0.073881)
  saved best_acc.pt (val_answer_accuracy=0.986906)
epoch 9/20 train loss=0.0143 acc=0.9999 em=0.9987 | val loss=0.0444 acc=0.9926 em=0.8840 | random≈0.0013
  saved best_loss.pt (val_answer_loss=0.044401)
  saved best_acc.pt (val_answer_accuracy=0.992625)
epoch 10/20 train loss=0.0080 acc=1.0000 em=1.0000 | val loss=0.0321 acc=0.9943 em=0.9100 | random≈0.0013
  saved best_loss.pt (val_answer_loss=0.032108)
  saved best_acc.pt (val_answer_accuracy=0.994344)
epoch 11/20 train loss=0.0056 acc=1.0000 em=1.0000 | val loss=0.0266 acc=0.9947 em=0.9170 | random≈0.0013
  saved best_loss.pt (val_answer_loss=0.026646)
  saved best_acc.pt (val_answer_accuracy=0.994719)
epoch 12/20 train loss=0.0042 acc=1.0000 em=1.0000 | val loss=0.0228 acc=0.9954 em=0.9270 | random≈0.0013
  saved best_loss.pt (val_answer_loss=0.022848)
  saved best_acc.pt (val_answer_accuracy=0.995406)
epoch 13/20 train loss=0.0033 acc=1.0000 em=1.0000 | val loss=0.0207 acc=0.9954 em=0.9265 | random≈0.0013
  saved best_loss.pt (val_answer_loss=0.020713)
epoch 14/20 train loss=0.0027 acc=1.0000 em=1.0000 | val loss=0.0184 acc=0.9961 em=0.9375 | random≈0.0013
  saved best_loss.pt (val_answer_loss=0.018448)
  saved best_acc.pt (val_answer_accuracy=0.996062)
epoch 15/20 train loss=0.0022 acc=1.0000 em=1.0000 | val loss=0.0168 acc=0.9962 em=0.9390 | random≈0.0013
  saved best_loss.pt (val_answer_loss=0.016779)
epoch 16/20 train loss=0.0019 acc=1.0000 em=1.0000 | val loss=0.0157 acc=0.9964 em=0.9430 | random≈0.0013
  saved best_loss.pt (val_answer_loss=0.015671)
  saved best_acc.pt (val_answer_accuracy=0.996406)
epoch 17/20 train loss=0.0016 acc=1.0000 em=1.0000 | val loss=0.0145 acc=0.9967 em=0.9470 | random≈0.0013
  saved best_loss.pt (val_answer_loss=0.014542)
  saved best_acc.pt (val_answer_accuracy=0.996656)
epoch 18/20 train loss=0.0013 acc=1.0000 em=1.0000 | val loss=0.0135 acc=0.9967 em=0.9475 | random≈0.0013
  saved best_loss.pt (val_answer_loss=0.013478)
epoch 19/20 train loss=0.0012 acc=1.0000 em=1.0000 | val loss=0.0129 acc=0.9967 em=0.9480 | random≈0.0013
  saved best_loss.pt (val_answer_loss=0.012889)
epoch 20/20 train loss=0.0010 acc=1.0000 em=1.0000 | val loss=0.0121 acc=0.9970 em=0.9525 | random≈0.0013
  saved best_loss.pt (val_answer_loss=0.012130)
  saved best_acc.pt (val_answer_accuracy=0.997000)
test [best_loss_ckpt] loss=0.011198 acc=0.997188 em=0.955500
test [best_acc_ckpt]  loss=0.011198 acc=0.997188 em=0.955500 random_baseline≈0.001302
done. meta_metrics → /home/jovyan/shares/SR008.fs2/nvidenisov/other/repos/mamba/mamba_multi_scale_get_started/outputs/MQARFailureSweep/mqar_fail_mamba2_split_ts_slow_default_v768_seed42/meta_metrics.csv
