mqar_split_hashes: n_train=20000 uniq_train=20000 | n_val=2000 uniq_val=2000 | n_test=2000 uniq_test=2000
mqar_answer_positions[train]: min=16 mean=16.0000 max=16 (expected 16 per sample)
mqar_answer_positions[val]: min=16 mean=16.0000 max=16 (expected 16 per sample)
mqar_answer_positions[test]: min=16 mean=16.0000 max=16 (expected 16 per sample)
experiment=archeval_mqar_easy_mamba2_split_ts_slow_veryslow_seed44 device=cuda:0 out_dir=/home/jovyan/shares/SR008.fs2/nvidenisov/other/repos/mamba/mamba_multi_scale_get_started/outputs/ArchEval/mqar_easy_mamba2_split_ts_slow_veryslow_seed44
mqar data: fixed_examples=True random_baseline_acc≈1/vocab=0.001953 (vocab_size=512)
--- mqar resolved config (sanity) ---
  experiment.name: archeval_mqar_easy_mamba2_split_ts_slow_veryslow_seed44
  model.backbone: mamba2_lm
  model.layer_headdims: [32, 32, 32, 32]
  model.multiscale.fast_layer_headdims: —
  model.multiscale.slow_layer_headdims: —
  model.multiscale.window_size: —
  model.multiscale.offsets: —
  model.multiscale.summary_mode: —
  model.multiscale.causal_mode: —
  model.multiscale.gate_type: —
  data.input_seq_len: 128
  data.num_kv_pairs: 16
  data.vocab_size: 512
  data.train_examples: 20000  val_examples: 2000  test_examples: 2000
  data.fixed_examples: True
  data.min_query_pos: null
  train.lr: 0.0003
  train.epochs: 20
  num_parameters_trainable: 1931712
  tags(backbone,fusion,stride): mamba2_lm, , 
--- end resolved config ---
epoch 1/20 train loss=5.5492 acc=0.0050 em=0.0000 | val loss=5.5610 acc=0.0043 em=0.0000 | random≈0.0020
  saved best_loss.pt (val_answer_loss=5.560983)
  saved best_acc.pt (val_answer_accuracy=0.004250)
epoch 2/20 train loss=5.4334 acc=0.0380 em=0.0000 | val loss=5.4879 acc=0.0347 em=0.0000 | random≈0.0020
  saved best_loss.pt (val_answer_loss=5.487942)
  saved best_acc.pt (val_answer_accuracy=0.034719)
epoch 3/20 train loss=4.8941 acc=0.0957 em=0.0000 | val loss=5.0604 acc=0.0789 em=0.0000 | random≈0.0020
  saved best_loss.pt (val_answer_loss=5.060397)
  saved best_acc.pt (val_answer_accuracy=0.078875)
epoch 4/20 train loss=0.8891 acc=0.8237 em=0.0395 | val loss=0.9815 acc=0.7962 em=0.0185 | random≈0.0020
  saved best_loss.pt (val_answer_loss=0.981536)
  saved best_acc.pt (val_answer_accuracy=0.796219)
epoch 5/20 train loss=0.1036 acc=0.9888 em=0.8379 | val loss=0.1426 acc=0.9769 em=0.6850 | random≈0.0020
  saved best_loss.pt (val_answer_loss=0.142592)
  saved best_acc.pt (val_answer_accuracy=0.976906)
epoch 6/20 train loss=0.0252 acc=0.9991 em=0.9861 | val loss=0.0476 acc=0.9925 em=0.8885 | random≈0.0020
  saved best_loss.pt (val_answer_loss=0.047611)
  saved best_acc.pt (val_answer_accuracy=0.992500)
epoch 7/20 train loss=0.0096 acc=1.0000 em=0.9997 | val loss=0.0253 acc=0.9962 em=0.9410 | random≈0.0020
  saved best_loss.pt (val_answer_loss=0.025305)
  saved best_acc.pt (val_answer_accuracy=0.996250)
epoch 8/20 train loss=0.0056 acc=1.0000 em=1.0000 | val loss=0.0174 acc=0.9972 em=0.9575 | random≈0.0020
  saved best_loss.pt (val_answer_loss=0.017412)
  saved best_acc.pt (val_answer_accuracy=0.997219)
epoch 9/20 train loss=0.0039 acc=1.0000 em=1.0000 | val loss=0.0143 acc=0.9978 em=0.9675 | random≈0.0020
  saved best_loss.pt (val_answer_loss=0.014344)
  saved best_acc.pt (val_answer_accuracy=0.997844)
epoch 10/20 train loss=0.0029 acc=1.0000 em=1.0000 | val loss=0.0123 acc=0.9981 em=0.9710 | random≈0.0020
  saved best_loss.pt (val_answer_loss=0.012313)
  saved best_acc.pt (val_answer_accuracy=0.998094)
epoch 11/20 train loss=0.0023 acc=1.0000 em=1.0000 | val loss=0.0109 acc=0.9980 em=0.9695 | random≈0.0020
  saved best_loss.pt (val_answer_loss=0.010925)
epoch 12/20 train loss=0.0019 acc=1.0000 em=1.0000 | val loss=0.0098 acc=0.9982 em=0.9720 | random≈0.0020
  saved best_loss.pt (val_answer_loss=0.009841)
epoch 13/20 train loss=0.0015 acc=1.0000 em=1.0000 | val loss=0.0092 acc=0.9982 em=0.9740 | random≈0.0020
  saved best_loss.pt (val_answer_loss=0.009184)
  saved best_acc.pt (val_answer_accuracy=0.998250)
epoch 14/20 train loss=0.0013 acc=1.0000 em=1.0000 | val loss=0.0084 acc=0.9983 em=0.9740 | random≈0.0020
  saved best_loss.pt (val_answer_loss=0.008421)
epoch 15/20 train loss=0.0011 acc=1.0000 em=1.0000 | val loss=0.0078 acc=0.9983 em=0.9750 | random≈0.0020
  saved best_loss.pt (val_answer_loss=0.007827)
epoch 16/20 train loss=0.0009 acc=1.0000 em=1.0000 | val loss=0.0075 acc=0.9984 em=0.9755 | random≈0.0020
  saved best_loss.pt (val_answer_loss=0.007453)
  saved best_acc.pt (val_answer_accuracy=0.998406)
epoch 17/20 train loss=0.0008 acc=1.0000 em=1.0000 | val loss=0.0070 acc=0.9985 em=0.9760 | random≈0.0020
  saved best_loss.pt (val_answer_loss=0.007018)
epoch 18/20 train loss=0.0007 acc=1.0000 em=1.0000 | val loss=0.0066 acc=0.9985 em=0.9770 | random≈0.0020
  saved best_loss.pt (val_answer_loss=0.006646)
  saved best_acc.pt (val_answer_accuracy=0.998531)
epoch 19/20 train loss=0.0006 acc=1.0000 em=1.0000 | val loss=0.0063 acc=0.9985 em=0.9770 | random≈0.0020
  saved best_loss.pt (val_answer_loss=0.006320)
epoch 20/20 train loss=0.0005 acc=1.0000 em=1.0000 | val loss=0.0061 acc=0.9985 em=0.9770 | random≈0.0020
  saved best_loss.pt (val_answer_loss=0.006149)
test [best_loss_ckpt] loss=0.006333 acc=0.998313 em=0.973000
test [best_acc_ckpt]  loss=0.006900 acc=0.998281 em=0.972500 random_baseline≈0.001953
done. meta_metrics → /home/jovyan/shares/SR008.fs2/nvidenisov/other/repos/mamba/mamba_multi_scale_get_started/outputs/ArchEval/mqar_easy_mamba2_split_ts_slow_veryslow_seed44/meta_metrics.csv
