mqar_split_hashes: n_train=20000 uniq_train=20000 | n_val=2000 uniq_val=2000 | n_test=2000 uniq_test=2000
mqar_answer_positions[train]: min=16 mean=16.0000 max=16 (expected 16 per sample)
mqar_answer_positions[val]: min=16 mean=16.0000 max=16 (expected 16 per sample)
mqar_answer_positions[test]: min=16 mean=16.0000 max=16 (expected 16 per sample)
experiment=archeval_mqar_easy_ms_gated_right_init_seed45 device=cuda:0 out_dir=/home/jovyan/shares/SR008.fs2/nvidenisov/other/repos/mamba/mamba_multi_scale_get_started/outputs/ArchEval/mqar_easy_ms_gated_right_init_seed45
mqar data: fixed_examples=True random_baseline_acc≈1/vocab=0.001953 (vocab_size=512)
--- mqar resolved config (sanity) ---
  experiment.name: archeval_mqar_easy_ms_gated_right_init_seed45
  model.backbone: multiscale_mamba2_lm
  model.layer_headdims: [32, 32, 32, 32]
  model.multiscale.fast_layer_headdims: [32, 32, 32, 32]
  model.multiscale.slow_layer_headdims: [32, 32]
  model.multiscale.window_size: —
  model.multiscale.offsets: —
  model.multiscale.summary_mode: —
  model.multiscale.causal_mode: —
  model.multiscale.gate_type: —
  data.input_seq_len: 128
  data.num_kv_pairs: 16
  data.vocab_size: 512
  data.train_examples: 20000  val_examples: 2000  test_examples: 2000
  data.fixed_examples: True
  data.min_query_pos: null
  train.lr: 0.0003
  train.epochs: 20
  num_parameters_trainable: 2898336
  tags(backbone,fusion,stride): multiscale_mamba2_lm, gated, 2
--- end resolved config ---
epoch 1/20 train loss=5.5481 acc=0.0057 em=0.0000 | val loss=5.5597 acc=0.0043 em=0.0000 | random≈0.0020
  saved best_loss.pt (val_answer_loss=5.559737)
  saved best_acc.pt (val_answer_accuracy=0.004313)
epoch 2/20 train loss=5.4790 acc=0.0250 em=0.0000 | val loss=5.5246 acc=0.0224 em=0.0000 | random≈0.0020
  saved best_loss.pt (val_answer_loss=5.524645)
  saved best_acc.pt (val_answer_accuracy=0.022437)
epoch 3/20 train loss=5.1721 acc=0.0624 em=0.0000 | val loss=5.3405 acc=0.0529 em=0.0000 | random≈0.0020
  saved best_loss.pt (val_answer_loss=5.340461)
  saved best_acc.pt (val_answer_accuracy=0.052937)
epoch 4/20 train loss=3.9654 acc=0.2285 em=0.0000 | val loss=4.2641 acc=0.1813 em=0.0000 | random≈0.0020
  saved best_loss.pt (val_answer_loss=4.264134)
  saved best_acc.pt (val_answer_accuracy=0.181281)
epoch 5/20 train loss=0.8428 acc=0.8184 em=0.0392 | val loss=1.0035 acc=0.7685 em=0.0115 | random≈0.0020
  saved best_loss.pt (val_answer_loss=1.003462)
  saved best_acc.pt (val_answer_accuracy=0.768500)
epoch 6/20 train loss=0.1382 acc=0.9803 em=0.7318 | val loss=0.2107 acc=0.9576 em=0.5005 | random≈0.0020
  saved best_loss.pt (val_answer_loss=0.210700)
  saved best_acc.pt (val_answer_accuracy=0.957625)
epoch 7/20 train loss=0.0326 acc=0.9978 em=0.9656 | val loss=0.0703 acc=0.9872 em=0.8115 | random≈0.0020
  saved best_loss.pt (val_answer_loss=0.070316)
  saved best_acc.pt (val_answer_accuracy=0.987219)
epoch 8/20 train loss=0.0104 acc=1.0000 em=0.9994 | val loss=0.0342 acc=0.9937 em=0.9045 | random≈0.0020
  saved best_loss.pt (val_answer_loss=0.034244)
  saved best_acc.pt (val_answer_accuracy=0.993687)
epoch 9/20 train loss=0.0055 acc=1.0000 em=1.0000 | val loss=0.0236 acc=0.9958 em=0.9345 | random≈0.0020
  saved best_loss.pt (val_answer_loss=0.023604)
  saved best_acc.pt (val_answer_accuracy=0.995781)
epoch 10/20 train loss=0.0037 acc=1.0000 em=1.0000 | val loss=0.0196 acc=0.9961 em=0.9400 | random≈0.0020
  saved best_loss.pt (val_answer_loss=0.019581)
  saved best_acc.pt (val_answer_accuracy=0.996094)
epoch 11/20 train loss=0.0027 acc=1.0000 em=1.0000 | val loss=0.0169 acc=0.9966 em=0.9475 | random≈0.0020
  saved best_loss.pt (val_answer_loss=0.016942)
  saved best_acc.pt (val_answer_accuracy=0.996594)
epoch 12/20 train loss=0.0021 acc=1.0000 em=1.0000 | val loss=0.0151 acc=0.9969 em=0.9520 | random≈0.0020
  saved best_loss.pt (val_answer_loss=0.015121)
  saved best_acc.pt (val_answer_accuracy=0.996906)
epoch 13/20 train loss=0.0017 acc=1.0000 em=1.0000 | val loss=0.0136 acc=0.9970 em=0.9535 | random≈0.0020
  saved best_loss.pt (val_answer_loss=0.013615)
  saved best_acc.pt (val_answer_accuracy=0.997031)
epoch 14/20 train loss=0.0014 acc=1.0000 em=1.0000 | val loss=0.0127 acc=0.9971 em=0.9550 | random≈0.0020
  saved best_loss.pt (val_answer_loss=0.012656)
epoch 15/20 train loss=0.0012 acc=1.0000 em=1.0000 | val loss=0.0117 acc=0.9972 em=0.9560 | random≈0.0020
  saved best_loss.pt (val_answer_loss=0.011651)
  saved best_acc.pt (val_answer_accuracy=0.997188)
epoch 16/20 train loss=0.0010 acc=1.0000 em=1.0000 | val loss=0.0110 acc=0.9972 em=0.9570 | random≈0.0020
  saved best_loss.pt (val_answer_loss=0.011014)
epoch 17/20 train loss=0.0008 acc=1.0000 em=1.0000 | val loss=0.0103 acc=0.9974 em=0.9605 | random≈0.0020
  saved best_loss.pt (val_answer_loss=0.010326)
  saved best_acc.pt (val_answer_accuracy=0.997437)
epoch 18/20 train loss=0.0007 acc=1.0000 em=1.0000 | val loss=0.0097 acc=0.9976 em=0.9620 | random≈0.0020
  saved best_loss.pt (val_answer_loss=0.009660)
  saved best_acc.pt (val_answer_accuracy=0.997594)
epoch 19/20 train loss=0.0006 acc=1.0000 em=1.0000 | val loss=0.0093 acc=0.9978 em=0.9650 | random≈0.0020
  saved best_loss.pt (val_answer_loss=0.009320)
  saved best_acc.pt (val_answer_accuracy=0.997750)
epoch 20/20 train loss=0.0005 acc=1.0000 em=1.0000 | val loss=0.0088 acc=0.9979 em=0.9670 | random≈0.0020
  saved best_loss.pt (val_answer_loss=0.008829)
  saved best_acc.pt (val_answer_accuracy=0.997875)
test [best_loss_ckpt] loss=0.008938 acc=0.997594 em=0.963000
test [best_acc_ckpt]  loss=0.008938 acc=0.997594 em=0.963000 random_baseline≈0.001953
done. meta_metrics → /home/jovyan/shares/SR008.fs2/nvidenisov/other/repos/mamba/mamba_multi_scale_get_started/outputs/ArchEval/mqar_easy_ms_gated_right_init_seed45/meta_metrics.csv
