mqar_split_hashes: n_train=20000 uniq_train=20000 | n_val=2000 uniq_val=2000 | n_test=2000 uniq_test=2000
mqar_answer_positions[train]: min=16 mean=16.0000 max=16 (expected 16 per sample)
mqar_answer_positions[val]: min=16 mean=16.0000 max=16 (expected 16 per sample)
mqar_answer_positions[test]: min=16 mean=16.0000 max=16 (expected 16 per sample)
experiment=archeval_mqar_easy_mamba2_slow_init_seed46 device=cuda:0 out_dir=/home/jovyan/shares/SR008.fs2/nvidenisov/other/repos/mamba/mamba_multi_scale_get_started/outputs/ArchEval/mqar_easy_mamba2_slow_init_seed46
mqar data: fixed_examples=True random_baseline_acc≈1/vocab=0.001953 (vocab_size=512)
--- mqar resolved config (sanity) ---
  experiment.name: archeval_mqar_easy_mamba2_slow_init_seed46
  model.backbone: mamba2_lm
  model.layer_headdims: [32, 32, 32, 32]
  model.multiscale.fast_layer_headdims: —
  model.multiscale.slow_layer_headdims: —
  model.multiscale.window_size: —
  model.multiscale.offsets: —
  model.multiscale.summary_mode: —
  model.multiscale.causal_mode: —
  model.multiscale.gate_type: —
  data.input_seq_len: 128
  data.num_kv_pairs: 16
  data.vocab_size: 512
  data.train_examples: 20000  val_examples: 2000  test_examples: 2000
  data.fixed_examples: True
  data.min_query_pos: null
  train.lr: 0.0003
  train.epochs: 20
  num_parameters_trainable: 1931712
  tags(backbone,fusion,stride): mamba2_lm, , 
--- end resolved config ---
epoch 1/20 train loss=5.5495 acc=0.0049 em=0.0000 | val loss=5.5610 acc=0.0037 em=0.0000 | random≈0.0020
  saved best_loss.pt (val_answer_loss=5.560962)
  saved best_acc.pt (val_answer_accuracy=0.003750)
epoch 2/20 train loss=5.4848 acc=0.0287 em=0.0000 | val loss=5.5251 acc=0.0260 em=0.0000 | random≈0.0020
  saved best_loss.pt (val_answer_loss=5.525149)
  saved best_acc.pt (val_answer_accuracy=0.025969)
epoch 3/20 train loss=5.2534 acc=0.0586 em=0.0000 | val loss=5.3777 acc=0.0502 em=0.0000 | random≈0.0020
  saved best_loss.pt (val_answer_loss=5.377724)
  saved best_acc.pt (val_answer_accuracy=0.050156)
epoch 4/20 train loss=4.0557 acc=0.2465 em=0.0000 | val loss=4.2553 acc=0.2202 em=0.0000 | random≈0.0020
  saved best_loss.pt (val_answer_loss=4.255264)
  saved best_acc.pt (val_answer_accuracy=0.220156)
epoch 5/20 train loss=0.6042 acc=0.9068 em=0.2124 | val loss=0.6976 acc=0.8788 em=0.1325 | random≈0.0020
  saved best_loss.pt (val_answer_loss=0.697560)
  saved best_acc.pt (val_answer_accuracy=0.878750)
epoch 6/20 train loss=0.0780 acc=0.9921 em=0.8824 | val loss=0.1180 acc=0.9800 em=0.7295 | random≈0.0020
  saved best_loss.pt (val_answer_loss=0.118049)
  saved best_acc.pt (val_answer_accuracy=0.980031)
epoch 7/20 train loss=0.0208 acc=0.9992 em=0.9872 | val loss=0.0446 acc=0.9922 em=0.8840 | random≈0.0020
  saved best_loss.pt (val_answer_loss=0.044589)
  saved best_acc.pt (val_answer_accuracy=0.992250)
epoch 8/20 train loss=0.0082 acc=1.0000 em=0.9998 | val loss=0.0232 acc=0.9961 em=0.9415 | random≈0.0020
  saved best_loss.pt (val_answer_loss=0.023163)
  saved best_acc.pt (val_answer_accuracy=0.996125)
epoch 9/20 train loss=0.0047 acc=1.0000 em=1.0000 | val loss=0.0164 acc=0.9973 em=0.9570 | random≈0.0020
  saved best_loss.pt (val_answer_loss=0.016393)
  saved best_acc.pt (val_answer_accuracy=0.997281)
epoch 10/20 train loss=0.0034 acc=1.0000 em=1.0000 | val loss=0.0134 acc=0.9976 em=0.9635 | random≈0.0020
  saved best_loss.pt (val_answer_loss=0.013389)
  saved best_acc.pt (val_answer_accuracy=0.997563)
epoch 11/20 train loss=0.0026 acc=1.0000 em=1.0000 | val loss=0.0116 acc=0.9978 em=0.9655 | random≈0.0020
  saved best_loss.pt (val_answer_loss=0.011635)
  saved best_acc.pt (val_answer_accuracy=0.997781)
epoch 12/20 train loss=0.0020 acc=1.0000 em=1.0000 | val loss=0.0103 acc=0.9982 em=0.9720 | random≈0.0020
  saved best_loss.pt (val_answer_loss=0.010261)
  saved best_acc.pt (val_answer_accuracy=0.998250)
epoch 13/20 train loss=0.0016 acc=1.0000 em=1.0000 | val loss=0.0092 acc=0.9982 em=0.9730 | random≈0.0020
  saved best_loss.pt (val_answer_loss=0.009226)
epoch 14/20 train loss=0.0014 acc=1.0000 em=1.0000 | val loss=0.0083 acc=0.9981 em=0.9705 | random≈0.0020
  saved best_loss.pt (val_answer_loss=0.008315)
epoch 15/20 train loss=0.0011 acc=1.0000 em=1.0000 | val loss=0.0077 acc=0.9982 em=0.9715 | random≈0.0020
  saved best_loss.pt (val_answer_loss=0.007712)
epoch 16/20 train loss=0.0010 acc=1.0000 em=1.0000 | val loss=0.0072 acc=0.9983 em=0.9725 | random≈0.0020
  saved best_loss.pt (val_answer_loss=0.007159)
epoch 17/20 train loss=0.0008 acc=1.0000 em=1.0000 | val loss=0.0066 acc=0.9985 em=0.9755 | random≈0.0020
  saved best_loss.pt (val_answer_loss=0.006588)
  saved best_acc.pt (val_answer_accuracy=0.998469)
epoch 18/20 train loss=0.0007 acc=1.0000 em=1.0000 | val loss=0.0063 acc=0.9984 em=0.9750 | random≈0.0020
  saved best_loss.pt (val_answer_loss=0.006309)
epoch 19/20 train loss=0.0006 acc=1.0000 em=1.0000 | val loss=0.0059 acc=0.9986 em=0.9770 | random≈0.0020
  saved best_loss.pt (val_answer_loss=0.005935)
epoch 20/20 train loss=0.0005 acc=1.0000 em=1.0000 | val loss=0.0056 acc=0.9985 em=0.9760 | random≈0.0020
  saved best_loss.pt (val_answer_loss=0.005567)
test [best_loss_ckpt] loss=0.006818 acc=0.998313 em=0.974000
test [best_acc_ckpt]  loss=0.007941 acc=0.998219 em=0.972500 random_baseline≈0.001953
done. meta_metrics → /home/jovyan/shares/SR008.fs2/nvidenisov/other/repos/mamba/mamba_multi_scale_get_started/outputs/ArchEval/mqar_easy_mamba2_slow_init_seed46/meta_metrics.csv
