mqar_split_hashes: n_train=20000 uniq_train=20000 | n_val=2000 uniq_val=2000 | n_test=2000 uniq_test=2000
mqar_answer_positions[train]: min=16 mean=16.0000 max=16 (expected 16 per sample)
mqar_answer_positions[val]: min=16 mean=16.0000 max=16 (expected 16 per sample)
mqar_answer_positions[test]: min=16 mean=16.0000 max=16 (expected 16 per sample)
experiment=mqar_fail_ms_gated_right_init_v640_seed44 device=cuda:0 out_dir=/home/jovyan/shares/SR008.fs2/nvidenisov/other/repos/mamba/mamba_multi_scale_get_started/outputs/MQARFailureSweep/mqar_fail_ms_gated_right_init_v640_seed44
mqar data: fixed_examples=True random_baseline_acc≈1/vocab=0.001563 (vocab_size=640)
--- mqar resolved config (sanity) ---
  experiment.name: mqar_fail_ms_gated_right_init_v640_seed44
  model.backbone: multiscale_mamba2_lm
  model.layer_headdims: [32, 32, 32, 32]
  model.multiscale.fast_layer_headdims: [32, 32, 32, 32]
  model.multiscale.slow_layer_headdims: [32, 32]
  model.multiscale.window_size: —
  model.multiscale.offsets: —
  model.multiscale.summary_mode: —
  model.multiscale.causal_mode: —
  model.multiscale.gate_type: —
  data.input_seq_len: 128
  data.num_kv_pairs: 16
  data.vocab_size: 640
  data.train_examples: 20000  val_examples: 2000  test_examples: 2000
  data.fixed_examples: True
  data.min_query_pos: null
  train.lr: 0.0003
  train.epochs: 20
  num_parameters_trainable: 2964000
  tags(backbone,fusion,stride): multiscale_mamba2_lm, gated, 2
--- end resolved config ---
epoch 1/20 train loss=5.7724 acc=0.0038 em=0.0000 | val loss=5.7864 acc=0.0031 em=0.0000 | random≈0.0016
  saved best_loss.pt (val_answer_loss=5.786353)
  saved best_acc.pt (val_answer_accuracy=0.003125)
epoch 2/20 train loss=5.7413 acc=0.0070 em=0.0000 | val loss=5.7849 acc=0.0039 em=0.0000 | random≈0.0016
  saved best_loss.pt (val_answer_loss=5.784880)
  saved best_acc.pt (val_answer_accuracy=0.003906)
epoch 3/20 train loss=5.5185 acc=0.0468 em=0.0000 | val loss=5.6983 acc=0.0363 em=0.0000 | random≈0.0016
  saved best_loss.pt (val_answer_loss=5.698275)
  saved best_acc.pt (val_answer_accuracy=0.036281)
epoch 4/20 train loss=4.4942 acc=0.1953 em=0.0000 | val loss=4.8558 acc=0.1504 em=0.0000 | random≈0.0016
  saved best_loss.pt (val_answer_loss=4.855761)
  saved best_acc.pt (val_answer_accuracy=0.150438)
epoch 5/20 train loss=1.1333 acc=0.7622 em=0.0093 | val loss=1.3334 acc=0.7084 em=0.0020 | random≈0.0016
  saved best_loss.pt (val_answer_loss=1.333355)
  saved best_acc.pt (val_answer_accuracy=0.708375)
epoch 6/20 train loss=0.2706 acc=0.9603 em=0.5312 | val loss=0.3929 acc=0.9248 em=0.2955 | random≈0.0016
  saved best_loss.pt (val_answer_loss=0.392918)
  saved best_acc.pt (val_answer_accuracy=0.924781)
epoch 7/20 train loss=0.0732 acc=0.9935 em=0.9026 | val loss=0.1477 acc=0.9713 em=0.6300 | random≈0.0016
  saved best_loss.pt (val_answer_loss=0.147691)
  saved best_acc.pt (val_answer_accuracy=0.971313)
epoch 8/20 train loss=0.0270 acc=0.9991 em=0.9859 | val loss=0.0818 acc=0.9834 em=0.7655 | random≈0.0016
  saved best_loss.pt (val_answer_loss=0.081788)
  saved best_acc.pt (val_answer_accuracy=0.983375)
epoch 9/20 train loss=0.0120 acc=1.0000 em=0.9998 | val loss=0.0545 acc=0.9881 em=0.8305 | random≈0.0016
  saved best_loss.pt (val_answer_loss=0.054464)
  saved best_acc.pt (val_answer_accuracy=0.988125)
epoch 10/20 train loss=0.0071 acc=1.0000 em=0.9998 | val loss=0.0425 acc=0.9908 em=0.8655 | random≈0.0016
  saved best_loss.pt (val_answer_loss=0.042496)
  saved best_acc.pt (val_answer_accuracy=0.990844)
epoch 11/20 train loss=0.0050 acc=1.0000 em=1.0000 | val loss=0.0354 acc=0.9922 em=0.8835 | random≈0.0016
  saved best_loss.pt (val_answer_loss=0.035384)
  saved best_acc.pt (val_answer_accuracy=0.992156)
epoch 12/20 train loss=0.0037 acc=1.0000 em=1.0000 | val loss=0.0314 acc=0.9932 em=0.8975 | random≈0.0016
  saved best_loss.pt (val_answer_loss=0.031393)
  saved best_acc.pt (val_answer_accuracy=0.993156)
epoch 13/20 train loss=0.0029 acc=1.0000 em=1.0000 | val loss=0.0281 acc=0.9936 em=0.9015 | random≈0.0016
  saved best_loss.pt (val_answer_loss=0.028107)
  saved best_acc.pt (val_answer_accuracy=0.993563)
epoch 14/20 train loss=0.0024 acc=1.0000 em=1.0000 | val loss=0.0259 acc=0.9941 em=0.9105 | random≈0.0016
  saved best_loss.pt (val_answer_loss=0.025930)
  saved best_acc.pt (val_answer_accuracy=0.994062)
epoch 15/20 train loss=0.0019 acc=1.0000 em=1.0000 | val loss=0.0233 acc=0.9947 em=0.9180 | random≈0.0016
  saved best_loss.pt (val_answer_loss=0.023335)
  saved best_acc.pt (val_answer_accuracy=0.994656)
epoch 16/20 train loss=0.0016 acc=1.0000 em=1.0000 | val loss=0.0217 acc=0.9951 em=0.9245 | random≈0.0016
  saved best_loss.pt (val_answer_loss=0.021735)
  saved best_acc.pt (val_answer_accuracy=0.995062)
epoch 17/20 train loss=0.0014 acc=1.0000 em=1.0000 | val loss=0.0199 acc=0.9952 em=0.9265 | random≈0.0016
  saved best_loss.pt (val_answer_loss=0.019917)
  saved best_acc.pt (val_answer_accuracy=0.995219)
epoch 18/20 train loss=0.0012 acc=1.0000 em=1.0000 | val loss=0.0189 acc=0.9955 em=0.9310 | random≈0.0016
  saved best_loss.pt (val_answer_loss=0.018923)
  saved best_acc.pt (val_answer_accuracy=0.995500)
epoch 19/20 train loss=0.0010 acc=1.0000 em=1.0000 | val loss=0.0178 acc=0.9955 em=0.9315 | random≈0.0016
  saved best_loss.pt (val_answer_loss=0.017810)
epoch 20/20 train loss=0.0009 acc=1.0000 em=1.0000 | val loss=0.0169 acc=0.9957 em=0.9340 | random≈0.0016
  saved best_loss.pt (val_answer_loss=0.016917)
  saved best_acc.pt (val_answer_accuracy=0.995719)
test [best_loss_ckpt] loss=0.016133 acc=0.996250 em=0.944000
test [best_acc_ckpt]  loss=0.016133 acc=0.996250 em=0.944000 random_baseline≈0.001563
done. meta_metrics → /home/jovyan/shares/SR008.fs2/nvidenisov/other/repos/mamba/mamba_multi_scale_get_started/outputs/MQARFailureSweep/mqar_fail_ms_gated_right_init_v640_seed44/meta_metrics.csv
