mqar_split_hashes: n_train=20000 uniq_train=20000 | n_val=2000 uniq_val=2000 | n_test=2000 uniq_test=2000
mqar_answer_positions[train]: min=16 mean=16.0000 max=16 (expected 16 per sample)
mqar_answer_positions[val]: min=16 mean=16.0000 max=16 (expected 16 per sample)
mqar_answer_positions[test]: min=16 mean=16.0000 max=16 (expected 16 per sample)
experiment=archeval_mqar_easy_transformer_latency_match_seed43 device=cuda:0 out_dir=/home/jovyan/shares/SR008.fs2/nvidenisov/other/repos/mamba/mamba_multi_scale_get_started/outputs/ArchEval/mqar_easy_transformer_latency_match_seed43
mqar data: fixed_examples=True random_baseline_acc≈1/vocab=0.001953 (vocab_size=512)
--- mqar resolved config (sanity) ---
  experiment.name: archeval_mqar_easy_transformer_latency_match_seed43
  model.backbone: transformer_lm
  model.layer_headdims: —
  model.multiscale.fast_layer_headdims: —
  model.multiscale.slow_layer_headdims: —
  model.multiscale.window_size: —
  model.multiscale.offsets: —
  model.multiscale.summary_mode: —
  model.multiscale.causal_mode: —
  model.multiscale.gate_type: —
  data.input_seq_len: 128
  data.num_kv_pairs: 16
  data.vocab_size: 512
  data.train_examples: 20000  val_examples: 2000  test_examples: 2000
  data.fixed_examples: True
  data.min_query_pos: null
  train.lr: 0.0003
  train.epochs: 20
  num_parameters_trainable: 1728704
  tags(backbone,fusion,stride): transformer_lm, , 
--- end resolved config ---
epoch 1/20 train loss=5.5563 acc=0.0043 em=0.0000 | val loss=5.5591 acc=0.0044 em=0.0000 | random≈0.0020
  saved best_loss.pt (val_answer_loss=5.559058)
  saved best_acc.pt (val_answer_accuracy=0.004406)
epoch 2/20 train loss=5.5501 acc=0.0042 em=0.0000 | val loss=5.5530 acc=0.0043 em=0.0000 | random≈0.0020
  saved best_loss.pt (val_answer_loss=5.553001)
epoch 3/20 train loss=5.5132 acc=0.0193 em=0.0000 | val loss=5.5248 acc=0.0189 em=0.0000 | random≈0.0020
  saved best_loss.pt (val_answer_loss=5.524847)
  saved best_acc.pt (val_answer_accuracy=0.018875)
epoch 4/20 train loss=4.9931 acc=0.0762 em=0.0000 | val loss=5.0552 acc=0.0718 em=0.0000 | random≈0.0020
  saved best_loss.pt (val_answer_loss=5.055228)
  saved best_acc.pt (val_answer_accuracy=0.071844)
epoch 5/20 train loss=4.5139 acc=0.0867 em=0.0000 | val loss=4.6239 acc=0.0755 em=0.0000 | random≈0.0020
  saved best_loss.pt (val_answer_loss=4.623933)
  saved best_acc.pt (val_answer_accuracy=0.075469)
epoch 6/20 train loss=4.1740 acc=0.0944 em=0.0000 | val loss=4.3321 acc=0.0751 em=0.0000 | random≈0.0020
  saved best_loss.pt (val_answer_loss=4.332128)
epoch 7/20 train loss=3.9198 acc=0.1010 em=0.0000 | val loss=4.1185 acc=0.0766 em=0.0000 | random≈0.0020
  saved best_loss.pt (val_answer_loss=4.118471)
  saved best_acc.pt (val_answer_accuracy=0.076625)
epoch 8/20 train loss=3.7104 acc=0.1110 em=0.0000 | val loss=3.9459 acc=0.0819 em=0.0000 | random≈0.0020
  saved best_loss.pt (val_answer_loss=3.945876)
  saved best_acc.pt (val_answer_accuracy=0.081937)
epoch 9/20 train loss=1.5397 acc=0.6643 em=0.0006 | val loss=1.6918 acc=0.6264 em=0.0000 | random≈0.0020
  saved best_loss.pt (val_answer_loss=1.691760)
  saved best_acc.pt (val_answer_accuracy=0.626406)
epoch 10/20 train loss=0.0024 acc=1.0000 em=0.9999 | val loss=0.0025 acc=1.0000 em=1.0000 | random≈0.0020
  saved best_loss.pt (val_answer_loss=0.002550)
  saved best_acc.pt (val_answer_accuracy=1.000000)
epoch 11/20 train loss=0.0008 acc=1.0000 em=1.0000 | val loss=0.0008 acc=1.0000 em=1.0000 | random≈0.0020
  saved best_loss.pt (val_answer_loss=0.000826)
epoch 12/20 train loss=0.0004 acc=1.0000 em=1.0000 | val loss=0.0004 acc=1.0000 em=1.0000 | random≈0.0020
  saved best_loss.pt (val_answer_loss=0.000437)
epoch 13/20 train loss=0.0003 acc=1.0000 em=1.0000 | val loss=0.0003 acc=1.0000 em=1.0000 | random≈0.0020
  saved best_loss.pt (val_answer_loss=0.000274)
epoch 14/20 train loss=0.0002 acc=1.0000 em=1.0000 | val loss=0.0002 acc=1.0000 em=1.0000 | random≈0.0020
epoch 15/20 train loss=0.0001 acc=1.0000 em=1.0000 | val loss=0.0001 acc=1.0000 em=1.0000 | random≈0.0020
  saved best_loss.pt (val_answer_loss=0.000147)
epoch 16/20 train loss=0.0001 acc=1.0000 em=1.0000 | val loss=0.0001 acc=1.0000 em=1.0000 | random≈0.0020
epoch 17/20 train loss=0.0001 acc=1.0000 em=1.0000 | val loss=0.0001 acc=1.0000 em=1.0000 | random≈0.0020
epoch 18/20 train loss=0.0001 acc=1.0000 em=1.0000 | val loss=0.0001 acc=1.0000 em=1.0000 | random≈0.0020
epoch 19/20 train loss=0.0001 acc=1.0000 em=1.0000 | val loss=0.0001 acc=1.0000 em=1.0000 | random≈0.0020
early stopping at epoch 19: val answer_loss did not improve by min_delta=0.0001 for 4 epochs
test [best_loss_ckpt] loss=0.000147 acc=1.000000 em=1.000000
test [best_acc_ckpt]  loss=0.002639 acc=0.999969 em=0.999500 random_baseline≈0.001953
done. meta_metrics → /home/jovyan/shares/SR008.fs2/nvidenisov/other/repos/mamba/mamba_multi_scale_get_started/outputs/ArchEval/mqar_easy_transformer_latency_match_seed43/meta_metrics.csv
