mqar_split_hashes: n_train=20000 uniq_train=20000 | n_val=2000 uniq_val=2000 | n_test=2000 uniq_test=2000
mqar_answer_positions[train]: min=16 mean=16.0000 max=16 (expected 16 per sample)
mqar_answer_positions[val]: min=16 mean=16.0000 max=16 (expected 16 per sample)
mqar_answer_positions[test]: min=16 mean=16.0000 max=16 (expected 16 per sample)
experiment=mqar_film_stride2_nozero_easy_seed42 device=cuda:0 out_dir=/home/jovyan/shares/SR008.fs2/nvidenisov/other/repos/mamba/mamba_multi_scale_get_started/outputs/ArchEval/mqar_film_stride2_nozero_easy_seed42
mqar data: fixed_examples=True random_baseline_acc≈1/vocab=0.001953 (vocab_size=512)
--- mqar resolved config (sanity) ---
  experiment.name: mqar_film_stride2_nozero_easy_seed42
  model.backbone: multiscale_mamba2_film_lm
  model.layer_headdims: [32, 32, 32, 32]
  model.multiscale.fast_layer_headdims: [32, 32, 32, 32]
  model.multiscale.slow_layer_headdims: [32, 32]
  data.input_seq_len: 128
  data.num_kv_pairs: 16
  data.vocab_size: 512
  data.train_examples: 20000  val_examples: 2000  test_examples: 2000
  data.fixed_examples: True
  data.min_query_pos: null
  train.lr: 0.0003
  train.epochs: 20
  num_parameters_trainable: 2897568
  tags(backbone,fusion,stride): multiscale_mamba2_film_lm, film, 2
--- end resolved config ---
epoch 1/20 train loss=5.5464 acc=0.0052 em=0.0000 | val loss=5.5647 acc=0.0039 em=0.0000 | random≈0.0020
  saved best_loss.pt (val_answer_loss=5.564719)
  saved best_acc.pt (val_answer_accuracy=0.003906)
epoch 2/20 train loss=5.4839 acc=0.0203 em=0.0000 | val loss=5.5571 acc=0.0148 em=0.0000 | random≈0.0020
  saved best_loss.pt (val_answer_loss=5.557126)
  saved best_acc.pt (val_answer_accuracy=0.014844)
epoch 3/20 train loss=5.2737 acc=0.0461 em=0.0000 | val loss=5.5134 acc=0.0318 em=0.0000 | random≈0.0020
  saved best_loss.pt (val_answer_loss=5.513392)
  saved best_acc.pt (val_answer_accuracy=0.031750)
epoch 4/20 train loss=4.8681 acc=0.0879 em=0.0000 | val loss=5.4749 acc=0.0453 em=0.0000 | random≈0.0020
  saved best_loss.pt (val_answer_loss=5.474909)
  saved best_acc.pt (val_answer_accuracy=0.045344)
epoch 5/20 train loss=3.7277 acc=0.3065 em=0.0000 | val loss=4.4971 acc=0.2034 em=0.0000 | random≈0.0020
  saved best_loss.pt (val_answer_loss=4.497143)
  saved best_acc.pt (val_answer_accuracy=0.203437)
epoch 6/20 train loss=0.7151 acc=0.8887 em=0.1486 | val loss=0.9586 acc=0.8226 em=0.0460 | random≈0.0020
  saved best_loss.pt (val_answer_loss=0.958623)
  saved best_acc.pt (val_answer_accuracy=0.822562)
epoch 7/20 train loss=0.0964 acc=0.9932 em=0.8980 | val loss=0.1623 acc=0.9753 em=0.6725 | random≈0.0020
  saved best_loss.pt (val_answer_loss=0.162258)
  saved best_acc.pt (val_answer_accuracy=0.975344)
epoch 8/20 train loss=0.0257 acc=0.9998 em=0.9973 | val loss=0.0549 acc=0.9939 em=0.9080 | random≈0.0020
  saved best_loss.pt (val_answer_loss=0.054896)
  saved best_acc.pt (val_answer_accuracy=0.993906)
epoch 9/20 train loss=0.0131 acc=1.0000 em=1.0000 | val loss=0.0330 acc=0.9966 em=0.9480 | random≈0.0020
  saved best_loss.pt (val_answer_loss=0.033016)
  saved best_acc.pt (val_answer_accuracy=0.996594)
epoch 10/20 train loss=0.0086 acc=1.0000 em=1.0000 | val loss=0.0241 acc=0.9975 em=0.9620 | random≈0.0020
  saved best_loss.pt (val_answer_loss=0.024105)
  saved best_acc.pt (val_answer_accuracy=0.997500)
epoch 11/20 train loss=0.0064 acc=1.0000 em=1.0000 | val loss=0.0193 acc=0.9982 em=0.9725 | random≈0.0020
  saved best_loss.pt (val_answer_loss=0.019258)
  saved best_acc.pt (val_answer_accuracy=0.998219)
epoch 12/20 train loss=0.0049 acc=1.0000 em=1.0000 | val loss=0.0158 acc=0.9985 em=0.9760 | random≈0.0020
  saved best_loss.pt (val_answer_loss=0.015811)
  saved best_acc.pt (val_answer_accuracy=0.998469)
epoch 13/20 train loss=0.0039 acc=1.0000 em=1.0000 | val loss=0.0135 acc=0.9985 em=0.9765 | random≈0.0020
  saved best_loss.pt (val_answer_loss=0.013499)
epoch 14/20 train loss=0.0032 acc=1.0000 em=1.0000 | val loss=0.0115 acc=0.9988 em=0.9805 | random≈0.0020
  saved best_loss.pt (val_answer_loss=0.011532)
  saved best_acc.pt (val_answer_accuracy=0.998750)
epoch 15/20 train loss=0.0026 acc=1.0000 em=1.0000 | val loss=0.0100 acc=0.9989 em=0.9825 | random≈0.0020
  saved best_loss.pt (val_answer_loss=0.010041)
  saved best_acc.pt (val_answer_accuracy=0.998875)
epoch 16/20 train loss=0.0022 acc=1.0000 em=1.0000 | val loss=0.0086 acc=0.9991 em=0.9855 | random≈0.0020
  saved best_loss.pt (val_answer_loss=0.008602)
  saved best_acc.pt (val_answer_accuracy=0.999062)
epoch 17/20 train loss=0.0019 acc=1.0000 em=1.0000 | val loss=0.0077 acc=0.9991 em=0.9860 | random≈0.0020
  saved best_loss.pt (val_answer_loss=0.007657)
epoch 18/20 train loss=0.0016 acc=1.0000 em=1.0000 | val loss=0.0068 acc=0.9993 em=0.9890 | random≈0.0020
  saved best_loss.pt (val_answer_loss=0.006831)
  saved best_acc.pt (val_answer_accuracy=0.999281)
epoch 19/20 train loss=0.0014 acc=1.0000 em=1.0000 | val loss=0.0062 acc=0.9993 em=0.9895 | random≈0.0020
  saved best_loss.pt (val_answer_loss=0.006151)
epoch 20/20 train loss=0.0012 acc=1.0000 em=1.0000 | val loss=0.0055 acc=0.9994 em=0.9910 | random≈0.0020
  saved best_loss.pt (val_answer_loss=0.005547)
  saved best_acc.pt (val_answer_accuracy=0.999406)
test [best_loss_ckpt] loss=0.005438 acc=0.999719 em=0.995500
test [best_acc_ckpt]  loss=0.005438 acc=0.999719 em=0.995500 random_baseline≈0.001953
done. meta_metrics → /home/jovyan/shares/SR008.fs2/nvidenisov/other/repos/mamba/mamba_multi_scale_get_started/outputs/ArchEval/mqar_film_stride2_nozero_easy_seed42/meta_metrics.csv
