mqar_split_hashes: n_train=20000 uniq_train=20000 | n_val=2000 uniq_val=2000 | n_test=2000 uniq_test=2000
mqar_answer_positions[train]: min=16 mean=16.0000 max=16 (expected 16 per sample)
mqar_answer_positions[val]: min=16 mean=16.0000 max=16 (expected 16 per sample)
mqar_answer_positions[test]: min=16 mean=16.0000 max=16 (expected 16 per sample)
experiment=mqar_bugcheck_ms_attention_stride4_kv16_vocab512_lr3e4_seed42 device=cuda:0 out_dir=/home/jovyan/shares/SR008.fs2/nvidenisov/other/repos/mamba/mamba_multi_scale_get_started/outputs/MQAR/mqar_bugcheck_ms_attention_stride4_kv16_vocab512_lr3e4_seed42
mqar data: fixed_examples=True random_baseline_acc≈1/vocab=0.001953 (vocab_size=512)
--- mqar resolved config (sanity) ---
  experiment.name: mqar_bugcheck_ms_attention_stride4_kv16_vocab512_lr3e4_seed42
  model.backbone: multiscale_mamba2_attention_lm
  model.layer_headdims: [32, 32, 32, 32]
  model.multiscale.fast_layer_headdims: [32, 32, 32, 32]
  model.multiscale.slow_layer_headdims: [32, 32]
  data.input_seq_len: 128
  data.num_kv_pairs: 16
  data.vocab_size: 512
  data.train_examples: 20000  val_examples: 2000  test_examples: 2000
  data.fixed_examples: True
  train.lr: 0.0003
  train.epochs: 20
  num_parameters_trainable: 3030176
  tags(backbone,fusion,stride): multiscale_mamba2_attention_lm, residual, 4
--- end resolved config ---
epoch 1/20 train loss=5.5509 acc=0.0047 em=0.0000 | val loss=5.5599 acc=0.0035 em=0.0000 | random≈0.0020
  saved best_loss.pt (val_answer_loss=5.559861)
  saved best_acc.pt (val_answer_accuracy=0.003469)
epoch 2/20 train loss=5.4778 acc=0.0231 em=0.0000 | val loss=5.5408 acc=0.0187 em=0.0000 | random≈0.0020
  saved best_loss.pt (val_answer_loss=5.540761)
  saved best_acc.pt (val_answer_accuracy=0.018687)
epoch 3/20 train loss=5.2645 acc=0.0511 em=0.0000 | val loss=5.4721 acc=0.0421 em=0.0000 | random≈0.0020
  saved best_loss.pt (val_answer_loss=5.472136)
  saved best_acc.pt (val_answer_accuracy=0.042094)
epoch 4/20 train loss=4.5892 acc=0.1767 em=0.0000 | val loss=4.9925 acc=0.1465 em=0.0000 | random≈0.0020
  saved best_loss.pt (val_answer_loss=4.992534)
  saved best_acc.pt (val_answer_accuracy=0.146500)
epoch 5/20 train loss=1.8074 acc=0.6609 em=0.0006 | val loss=2.0947 acc=0.5856 em=0.0000 | random≈0.0020
  saved best_loss.pt (val_answer_loss=2.094742)
  saved best_acc.pt (val_answer_accuracy=0.585562)
epoch 6/20 train loss=0.2482 acc=0.9710 em=0.6301 | val loss=0.3359 acc=0.9466 em=0.4210 | random≈0.0020
  saved best_loss.pt (val_answer_loss=0.335905)
  saved best_acc.pt (val_answer_accuracy=0.946594)
epoch 7/20 train loss=0.0606 acc=0.9970 em=0.9541 | val loss=0.1007 acc=0.9854 em=0.7995 | random≈0.0020
  saved best_loss.pt (val_answer_loss=0.100694)
  saved best_acc.pt (val_answer_accuracy=0.985437)
epoch 8/20 train loss=0.0233 acc=0.9999 em=0.9990 | val loss=0.0476 acc=0.9950 em=0.9230 | random≈0.0020
  saved best_loss.pt (val_answer_loss=0.047565)
  saved best_acc.pt (val_answer_accuracy=0.994969)
epoch 9/20 train loss=0.0133 acc=1.0000 em=1.0000 | val loss=0.0319 acc=0.9969 em=0.9530 | random≈0.0020
  saved best_loss.pt (val_answer_loss=0.031893)
  saved best_acc.pt (val_answer_accuracy=0.996906)
epoch 10/20 train loss=0.0093 acc=1.0000 em=1.0000 | val loss=0.0244 acc=0.9977 em=0.9640 | random≈0.0020
  saved best_loss.pt (val_answer_loss=0.024375)
  saved best_acc.pt (val_answer_accuracy=0.997687)
epoch 11/20 train loss=0.0068 acc=1.0000 em=1.0000 | val loss=0.0194 acc=0.9981 em=0.9705 | random≈0.0020
  saved best_loss.pt (val_answer_loss=0.019410)
  saved best_acc.pt (val_answer_accuracy=0.998094)
epoch 12/20 train loss=0.0053 acc=1.0000 em=1.0000 | val loss=0.0162 acc=0.9983 em=0.9730 | random≈0.0020
  saved best_loss.pt (val_answer_loss=0.016172)
  saved best_acc.pt (val_answer_accuracy=0.998313)
epoch 13/20 train loss=0.0042 acc=1.0000 em=1.0000 | val loss=0.0136 acc=0.9985 em=0.9765 | random≈0.0020
  saved best_loss.pt (val_answer_loss=0.013565)
  saved best_acc.pt (val_answer_accuracy=0.998531)
epoch 14/20 train loss=0.0034 acc=1.0000 em=1.0000 | val loss=0.0117 acc=0.9988 em=0.9800 | random≈0.0020
  saved best_loss.pt (val_answer_loss=0.011667)
  saved best_acc.pt (val_answer_accuracy=0.998750)
epoch 15/20 train loss=0.0028 acc=1.0000 em=1.0000 | val loss=0.0102 acc=0.9988 em=0.9815 | random≈0.0020
  saved best_loss.pt (val_answer_loss=0.010216)
epoch 16/20 train loss=0.0024 acc=1.0000 em=1.0000 | val loss=0.0090 acc=0.9989 em=0.9835 | random≈0.0020
  saved best_loss.pt (val_answer_loss=0.009010)
  saved best_acc.pt (val_answer_accuracy=0.998938)
epoch 17/20 train loss=0.0021 acc=1.0000 em=1.0000 | val loss=0.0080 acc=0.9991 em=0.9860 | random≈0.0020
  saved best_loss.pt (val_answer_loss=0.007950)
  saved best_acc.pt (val_answer_accuracy=0.999125)
epoch 18/20 train loss=0.0018 acc=1.0000 em=1.0000 | val loss=0.0072 acc=0.9992 em=0.9870 | random≈0.0020
  saved best_loss.pt (val_answer_loss=0.007178)
epoch 19/20 train loss=0.0016 acc=1.0000 em=1.0000 | val loss=0.0065 acc=0.9993 em=0.9885 | random≈0.0020
  saved best_loss.pt (val_answer_loss=0.006525)
  saved best_acc.pt (val_answer_accuracy=0.999281)
epoch 20/20 train loss=0.0014 acc=1.0000 em=1.0000 | val loss=0.0060 acc=0.9992 em=0.9875 | random≈0.0020
  saved best_loss.pt (val_answer_loss=0.005977)
test [best_loss_ckpt] loss=0.005858 acc=0.999563 em=0.993000
test [best_acc_ckpt]  loss=0.006450 acc=0.999437 em=0.991000 random_baseline≈0.001953
done. meta_metrics → /home/jovyan/shares/SR008.fs2/nvidenisov/other/repos/mamba/mamba_multi_scale_get_started/outputs/MQAR/mqar_bugcheck_ms_attention_stride4_kv16_vocab512_lr3e4_seed42/meta_metrics.csv
