mqar_split_hashes: n_train=20000 uniq_train=20000 | n_val=2000 uniq_val=2000 | n_test=2000 uniq_test=2000
mqar_answer_positions[train]: min=16 mean=16.0000 max=16 (expected 16 per sample)
mqar_answer_positions[val]: min=16 mean=16.0000 max=16 (expected 16 per sample)
mqar_answer_positions[test]: min=16 mean=16.0000 max=16 (expected 16 per sample)
experiment=mqar_fail_mamba2_split_ts_slow_default_v1024_seed43 device=cuda:0 out_dir=/home/jovyan/shares/SR008.fs2/nvidenisov/other/repos/mamba/mamba_multi_scale_get_started/outputs/MQARFailureSweep/mqar_fail_mamba2_split_ts_slow_default_v1024_seed43
mqar data: fixed_examples=True random_baseline_acc≈1/vocab=0.000977 (vocab_size=1024)
--- mqar resolved config (sanity) ---
  experiment.name: mqar_fail_mamba2_split_ts_slow_default_v1024_seed43
  model.backbone: mamba2_lm
  model.layer_headdims: [32, 32, 32, 32]
  model.multiscale.fast_layer_headdims: —
  model.multiscale.slow_layer_headdims: —
  model.multiscale.window_size: —
  model.multiscale.offsets: —
  model.multiscale.summary_mode: —
  model.multiscale.causal_mode: —
  model.multiscale.gate_type: —
  data.input_seq_len: 128
  data.num_kv_pairs: 16
  data.vocab_size: 1024
  data.train_examples: 20000  val_examples: 2000  test_examples: 2000
  data.fixed_examples: True
  data.min_query_pos: null
  train.lr: 0.0003
  train.epochs: 20
  num_parameters_trainable: 2194368
  tags(backbone,fusion,stride): mamba2_lm, , 
--- end resolved config ---
epoch 1/20 train loss=6.2432 acc=0.0025 em=0.0000 | val loss=6.2587 acc=0.0019 em=0.0000 | random≈0.0010
  saved best_loss.pt (val_answer_loss=6.258724)
  saved best_acc.pt (val_answer_accuracy=0.001875)
epoch 2/20 train loss=6.2170 acc=0.0036 em=0.0000 | val loss=6.2604 acc=0.0022 em=0.0000 | random≈0.0010
  saved best_acc.pt (val_answer_accuracy=0.002250)
epoch 3/20 train loss=6.0950 acc=0.0218 em=0.0000 | val loss=6.2519 acc=0.0135 em=0.0000 | random≈0.0010
  saved best_loss.pt (val_answer_loss=6.251911)
  saved best_acc.pt (val_answer_accuracy=0.013531)
epoch 4/20 train loss=5.7802 acc=0.0525 em=0.0000 | val loss=6.2031 acc=0.0341 em=0.0000 | random≈0.0010
  saved best_loss.pt (val_answer_loss=6.203073)
  saved best_acc.pt (val_answer_accuracy=0.034125)
epoch 5/20 train loss=5.3065 acc=0.1150 em=0.0000 | val loss=6.0440 acc=0.0634 em=0.0000 | random≈0.0010
  saved best_loss.pt (val_answer_loss=6.043964)
  saved best_acc.pt (val_answer_accuracy=0.063375)
epoch 6/20 train loss=4.3030 acc=0.2718 em=0.0000 | val loss=5.1691 acc=0.1711 em=0.0000 | random≈0.0010
  saved best_loss.pt (val_answer_loss=5.169135)
  saved best_acc.pt (val_answer_accuracy=0.171125)
epoch 7/20 train loss=1.4588 acc=0.7662 em=0.0097 | val loss=1.9217 acc=0.6631 em=0.0005 | random≈0.0010
  saved best_loss.pt (val_answer_loss=1.921712)
  saved best_acc.pt (val_answer_accuracy=0.663094)
epoch 8/20 train loss=0.2230 acc=0.9795 em=0.7236 | val loss=0.3764 acc=0.9417 em=0.3880 | random≈0.0010
  saved best_loss.pt (val_answer_loss=0.376401)
  saved best_acc.pt (val_answer_accuracy=0.941688)
epoch 9/20 train loss=0.0497 acc=0.9986 em=0.9777 | val loss=0.1131 acc=0.9848 em=0.7850 | random≈0.0010
  saved best_loss.pt (val_answer_loss=0.113123)
  saved best_acc.pt (val_answer_accuracy=0.984844)
epoch 10/20 train loss=0.0200 acc=1.0000 em=0.9996 | val loss=0.0621 acc=0.9915 em=0.8735 | random≈0.0010
  saved best_loss.pt (val_answer_loss=0.062097)
  saved best_acc.pt (val_answer_accuracy=0.991500)
epoch 11/20 train loss=0.0118 acc=1.0000 em=1.0000 | val loss=0.0441 acc=0.9938 em=0.9040 | random≈0.0010
  saved best_loss.pt (val_answer_loss=0.044117)
  saved best_acc.pt (val_answer_accuracy=0.993750)
epoch 12/20 train loss=0.0082 acc=1.0000 em=1.0000 | val loss=0.0353 acc=0.9948 em=0.9215 | random≈0.0010
  saved best_loss.pt (val_answer_loss=0.035278)
  saved best_acc.pt (val_answer_accuracy=0.994812)
epoch 13/20 train loss=0.0062 acc=1.0000 em=1.0000 | val loss=0.0293 acc=0.9957 em=0.9325 | random≈0.0010
  saved best_loss.pt (val_answer_loss=0.029339)
  saved best_acc.pt (val_answer_accuracy=0.995687)
epoch 14/20 train loss=0.0049 acc=1.0000 em=1.0000 | val loss=0.0251 acc=0.9962 em=0.9395 | random≈0.0010
  saved best_loss.pt (val_answer_loss=0.025114)
  saved best_acc.pt (val_answer_accuracy=0.996188)
epoch 15/20 train loss=0.0039 acc=1.0000 em=1.0000 | val loss=0.0224 acc=0.9964 em=0.9430 | random≈0.0010
  saved best_loss.pt (val_answer_loss=0.022376)
  saved best_acc.pt (val_answer_accuracy=0.996406)
epoch 16/20 train loss=0.0032 acc=1.0000 em=1.0000 | val loss=0.0200 acc=0.9970 em=0.9525 | random≈0.0010
  saved best_loss.pt (val_answer_loss=0.019962)
  saved best_acc.pt (val_answer_accuracy=0.997000)
epoch 17/20 train loss=0.0027 acc=1.0000 em=1.0000 | val loss=0.0182 acc=0.9970 em=0.9530 | random≈0.0010
  saved best_loss.pt (val_answer_loss=0.018163)
epoch 18/20 train loss=0.0023 acc=1.0000 em=1.0000 | val loss=0.0167 acc=0.9973 em=0.9570 | random≈0.0010
  saved best_loss.pt (val_answer_loss=0.016696)
  saved best_acc.pt (val_answer_accuracy=0.997281)
epoch 19/20 train loss=0.0020 acc=1.0000 em=1.0000 | val loss=0.0151 acc=0.9974 em=0.9585 | random≈0.0010
  saved best_loss.pt (val_answer_loss=0.015149)
epoch 20/20 train loss=0.0017 acc=1.0000 em=1.0000 | val loss=0.0139 acc=0.9977 em=0.9630 | random≈0.0010
  saved best_loss.pt (val_answer_loss=0.013868)
  saved best_acc.pt (val_answer_accuracy=0.997656)
test [best_loss_ckpt] loss=0.013129 acc=0.997406 em=0.959000
test [best_acc_ckpt]  loss=0.013129 acc=0.997406 em=0.959000 random_baseline≈0.000977
done. meta_metrics → /home/jovyan/shares/SR008.fs2/nvidenisov/other/repos/mamba/mamba_multi_scale_get_started/outputs/MQARFailureSweep/mqar_fail_mamba2_split_ts_slow_default_v1024_seed43/meta_metrics.csv
