mqar_split_hashes: n_train=20000 uniq_train=20000 | n_val=2000 uniq_val=2000 | n_test=2000 uniq_test=2000
mqar_answer_positions[train]: min=16 mean=16.0000 max=16 (expected 16 per sample)
mqar_answer_positions[val]: min=16 mean=16.0000 max=16 (expected 16 per sample)
mqar_answer_positions[test]: min=16 mean=16.0000 max=16 (expected 16 per sample)
experiment=mqar_fail_transformer_param_match_v640_seed42 device=cuda:0 out_dir=/home/jovyan/shares/SR008.fs2/nvidenisov/other/repos/mamba/mamba_multi_scale_get_started/outputs/MQARFailureSweep/mqar_fail_transformer_param_match_v640_seed42
mqar data: fixed_examples=True random_baseline_acc≈1/vocab=0.001563 (vocab_size=640)
--- mqar resolved config (sanity) ---
  experiment.name: mqar_fail_transformer_param_match_v640_seed42
  model.backbone: transformer_lm
  model.layer_headdims: —
  model.multiscale.fast_layer_headdims: —
  model.multiscale.slow_layer_headdims: —
  model.multiscale.window_size: —
  model.multiscale.offsets: —
  model.multiscale.summary_mode: —
  model.multiscale.causal_mode: —
  model.multiscale.gate_type: —
  data.input_seq_len: 128
  data.num_kv_pairs: 16
  data.vocab_size: 640
  data.train_examples: 20000  val_examples: 2000  test_examples: 2000
  data.fixed_examples: True
  data.min_query_pos: null
  train.lr: 0.0003
  train.epochs: 20
  num_parameters_trainable: 3131248
  tags(backbone,fusion,stride): transformer_lm, , 
--- end resolved config ---
epoch 1/20 train loss=5.7790 acc=0.0034 em=0.0000 | val loss=5.7821 acc=0.0036 em=0.0000 | random≈0.0016
  saved best_loss.pt (val_answer_loss=5.782107)
  saved best_acc.pt (val_answer_accuracy=0.003594)
epoch 2/20 train loss=5.7693 acc=0.0037 em=0.0000 | val loss=5.7735 acc=0.0044 em=0.0000 | random≈0.0016
  saved best_loss.pt (val_answer_loss=5.773522)
  saved best_acc.pt (val_answer_accuracy=0.004437)
epoch 3/20 train loss=5.1434 acc=0.0764 em=0.0000 | val loss=5.2132 acc=0.0699 em=0.0000 | random≈0.0016
  saved best_loss.pt (val_answer_loss=5.213180)
  saved best_acc.pt (val_answer_accuracy=0.069906)
epoch 4/20 train loss=4.4694 acc=0.0898 em=0.0000 | val loss=4.6058 acc=0.0762 em=0.0000 | random≈0.0016
  saved best_loss.pt (val_answer_loss=4.605762)
  saved best_acc.pt (val_answer_accuracy=0.076219)
epoch 5/20 train loss=4.0360 acc=0.0992 em=0.0000 | val loss=4.2455 acc=0.0769 em=0.0000 | random≈0.0016
  saved best_loss.pt (val_answer_loss=4.245480)
  saved best_acc.pt (val_answer_accuracy=0.076906)
epoch 6/20 train loss=3.7320 acc=0.1099 em=0.0000 | val loss=4.0063 acc=0.0795 em=0.0000 | random≈0.0016
  saved best_loss.pt (val_answer_loss=4.006309)
  saved best_acc.pt (val_answer_accuracy=0.079500)
epoch 7/20 train loss=1.9846 acc=0.5287 em=0.0000 | val loss=2.2391 acc=0.4645 em=0.0000 | random≈0.0016
  saved best_loss.pt (val_answer_loss=2.239052)
  saved best_acc.pt (val_answer_accuracy=0.464469)
epoch 8/20 train loss=0.0020 acc=1.0000 em=0.9998 | val loss=0.0022 acc=1.0000 em=0.9995 | random≈0.0016
  saved best_loss.pt (val_answer_loss=0.002211)
  saved best_acc.pt (val_answer_accuracy=0.999969)
epoch 9/20 train loss=0.0006 acc=1.0000 em=1.0000 | val loss=0.0007 acc=1.0000 em=1.0000 | random≈0.0016
  saved best_loss.pt (val_answer_loss=0.000672)
epoch 10/20 train loss=0.0003 acc=1.0000 em=1.0000 | val loss=0.0004 acc=1.0000 em=1.0000 | random≈0.0016
  saved best_loss.pt (val_answer_loss=0.000352)
epoch 11/20 train loss=0.0002 acc=1.0000 em=1.0000 | val loss=0.0002 acc=1.0000 em=1.0000 | random≈0.0016
  saved best_loss.pt (val_answer_loss=0.000230)
epoch 12/20 train loss=0.0002 acc=1.0000 em=1.0000 | val loss=0.0002 acc=1.0000 em=1.0000 | random≈0.0016
epoch 13/20 train loss=0.0001 acc=1.0000 em=1.0000 | val loss=0.0001 acc=1.0000 em=1.0000 | random≈0.0016
  saved best_loss.pt (val_answer_loss=0.000125)
epoch 14/20 train loss=0.0001 acc=1.0000 em=1.0000 | val loss=0.0001 acc=1.0000 em=1.0000 | random≈0.0016
epoch 15/20 train loss=0.0001 acc=1.0000 em=1.0000 | val loss=0.0001 acc=1.0000 em=1.0000 | random≈0.0016
epoch 16/20 train loss=0.0001 acc=1.0000 em=1.0000 | val loss=0.0001 acc=1.0000 em=1.0000 | random≈0.0016
epoch 17/20 train loss=0.0001 acc=1.0000 em=1.0000 | val loss=0.0001 acc=1.0000 em=1.0000 | random≈0.0016
early stopping at epoch 17: val answer_loss did not improve by min_delta=0.0001 for 4 epochs
test [best_loss_ckpt] loss=0.000125 acc=1.000000 em=1.000000
test [best_acc_ckpt]  loss=0.002234 acc=0.999969 em=0.999500 random_baseline≈0.001563
done. meta_metrics → /home/jovyan/shares/SR008.fs2/nvidenisov/other/repos/mamba/mamba_multi_scale_get_started/outputs/MQARFailureSweep/mqar_fail_transformer_param_match_v640_seed42/meta_metrics.csv
