mqar_split_hashes: n_train=20000 uniq_train=20000 | n_val=2000 uniq_val=2000 | n_test=2000 uniq_test=2000
mqar_answer_positions[train]: min=16 mean=16.0000 max=16 (expected 16 per sample)
mqar_answer_positions[val]: min=16 mean=16.0000 max=16 (expected 16 per sample)
mqar_answer_positions[test]: min=16 mean=16.0000 max=16 (expected 16 per sample)
experiment=mqar_fail_transformer_param_match_v896_seed46 device=cuda:0 out_dir=/home/jovyan/shares/SR008.fs2/nvidenisov/other/repos/mamba/mamba_multi_scale_get_started/outputs/MQARFailureSweep/mqar_fail_transformer_param_match_v896_seed46
mqar data: fixed_examples=True random_baseline_acc≈1/vocab=0.001116 (vocab_size=896)
--- mqar resolved config (sanity) ---
  experiment.name: mqar_fail_transformer_param_match_v896_seed46
  model.backbone: transformer_lm
  model.layer_headdims: —
  model.multiscale.fast_layer_headdims: —
  model.multiscale.slow_layer_headdims: —
  model.multiscale.window_size: —
  model.multiscale.offsets: —
  model.multiscale.summary_mode: —
  model.multiscale.causal_mode: —
  model.multiscale.gate_type: —
  data.input_seq_len: 128
  data.num_kv_pairs: 16
  data.vocab_size: 896
  data.train_examples: 20000  val_examples: 2000  test_examples: 2000
  data.fixed_examples: True
  data.min_query_pos: null
  train.lr: 0.0003
  train.epochs: 20
  num_parameters_trainable: 3250288
  tags(backbone,fusion,stride): transformer_lm, , 
--- end resolved config ---
epoch 1/20 train loss=6.1185 acc=0.0024 em=0.0000 | val loss=6.1220 acc=0.0025 em=0.0000 | random≈0.0011
  saved best_loss.pt (val_answer_loss=6.121983)
  saved best_acc.pt (val_answer_accuracy=0.002531)
epoch 2/20 train loss=6.1124 acc=0.0025 em=0.0000 | val loss=6.1161 acc=0.0027 em=0.0000 | random≈0.0011
  saved best_loss.pt (val_answer_loss=6.116053)
  saved best_acc.pt (val_answer_accuracy=0.002719)
epoch 3/20 train loss=6.0685 acc=0.0117 em=0.0000 | val loss=6.0899 acc=0.0103 em=0.0000 | random≈0.0011
  saved best_loss.pt (val_answer_loss=6.089933)
  saved best_acc.pt (val_answer_accuracy=0.010250)
epoch 4/20 train loss=5.3489 acc=0.0786 em=0.0000 | val loss=5.4510 acc=0.0720 em=0.0000 | random≈0.0011
  saved best_loss.pt (val_answer_loss=5.451028)
  saved best_acc.pt (val_answer_accuracy=0.071969)
epoch 5/20 train loss=4.7416 acc=0.0906 em=0.0000 | val loss=4.9143 acc=0.0751 em=0.0000 | random≈0.0011
  saved best_loss.pt (val_answer_loss=4.914274)
  saved best_acc.pt (val_answer_accuracy=0.075125)
epoch 6/20 train loss=4.3193 acc=0.1003 em=0.0000 | val loss=4.5664 acc=0.0757 em=0.0000 | random≈0.0011
  saved best_loss.pt (val_answer_loss=4.566385)
  saved best_acc.pt (val_answer_accuracy=0.075750)
epoch 7/20 train loss=3.9964 acc=0.1100 em=0.0000 | val loss=4.3201 acc=0.0774 em=0.0000 | random≈0.0011
  saved best_loss.pt (val_answer_loss=4.320139)
  saved best_acc.pt (val_answer_accuracy=0.077375)
epoch 8/20 train loss=3.7380 acc=0.1235 em=0.0000 | val loss=4.1423 acc=0.0802 em=0.0000 | random≈0.0011
  saved best_loss.pt (val_answer_loss=4.142308)
  saved best_acc.pt (val_answer_accuracy=0.080187)
epoch 9/20 train loss=0.0973 acc=0.9839 em=0.7718 | val loss=0.1169 acc=0.9807 em=0.7300 | random≈0.0011
  saved best_loss.pt (val_answer_loss=0.116926)
  saved best_acc.pt (val_answer_accuracy=0.980719)
epoch 10/20 train loss=0.0013 acc=1.0000 em=0.9999 | val loss=0.0015 acc=0.9999 em=0.9990 | random≈0.0011
  saved best_loss.pt (val_answer_loss=0.001461)
  saved best_acc.pt (val_answer_accuracy=0.999938)
epoch 11/20 train loss=0.0006 acc=1.0000 em=1.0000 | val loss=0.0006 acc=1.0000 em=1.0000 | random≈0.0011
  saved best_loss.pt (val_answer_loss=0.000619)
epoch 12/20 train loss=0.0003 acc=1.0000 em=1.0000 | val loss=0.0004 acc=1.0000 em=1.0000 | random≈0.0011
  saved best_loss.pt (val_answer_loss=0.000361)
epoch 13/20 train loss=0.0002 acc=1.0000 em=1.0000 | val loss=0.0002 acc=1.0000 em=1.0000 | random≈0.0011
  saved best_loss.pt (val_answer_loss=0.000242)
epoch 14/20 train loss=0.0002 acc=1.0000 em=1.0000 | val loss=0.0002 acc=1.0000 em=1.0000 | random≈0.0011
epoch 15/20 train loss=0.0001 acc=1.0000 em=1.0000 | val loss=0.0001 acc=1.0000 em=1.0000 | random≈0.0011
  saved best_loss.pt (val_answer_loss=0.000139)
epoch 16/20 train loss=0.0001 acc=1.0000 em=1.0000 | val loss=0.0001 acc=1.0000 em=1.0000 | random≈0.0011
epoch 17/20 train loss=0.0001 acc=1.0000 em=1.0000 | val loss=0.0001 acc=1.0000 em=1.0000 | random≈0.0011
epoch 18/20 train loss=0.0001 acc=1.0000 em=1.0000 | val loss=0.0001 acc=1.0000 em=1.0000 | random≈0.0011
epoch 19/20 train loss=0.0001 acc=1.0000 em=1.0000 | val loss=0.0001 acc=1.0000 em=1.0000 | random≈0.0011
early stopping at epoch 19: val answer_loss did not improve by min_delta=0.0001 for 4 epochs
test [best_loss_ckpt] loss=0.000139 acc=1.000000 em=1.000000
test [best_acc_ckpt]  loss=0.001398 acc=1.000000 em=1.000000 random_baseline≈0.001116
done. meta_metrics → /home/jovyan/shares/SR008.fs2/nvidenisov/other/repos/mamba/mamba_multi_scale_get_started/outputs/MQARFailureSweep/mqar_fail_transformer_param_match_v896_seed46/meta_metrics.csv
