mqar_split_hashes: n_train=20000 uniq_train=20000 | n_val=2000 uniq_val=2000 | n_test=2000 uniq_test=2000
mqar_answer_positions[train]: min=16 mean=16.0000 max=16 (expected 16 per sample)
mqar_answer_positions[val]: min=16 mean=16.0000 max=16 (expected 16 per sample)
mqar_answer_positions[test]: min=16 mean=16.0000 max=16 (expected 16 per sample)
experiment=mqar_fail_mamba2_split_ts_slow_veryslow_v896_seed45 device=cuda:0 out_dir=/home/jovyan/shares/SR008.fs2/nvidenisov/other/repos/mamba/mamba_multi_scale_get_started/outputs/MQARFailureSweep/mqar_fail_mamba2_split_ts_slow_veryslow_v896_seed45
mqar data: fixed_examples=True random_baseline_acc≈1/vocab=0.001116 (vocab_size=896)
--- mqar resolved config (sanity) ---
  experiment.name: mqar_fail_mamba2_split_ts_slow_veryslow_v896_seed45
  model.backbone: mamba2_lm
  model.layer_headdims: [32, 32, 32, 32]
  model.multiscale.fast_layer_headdims: —
  model.multiscale.slow_layer_headdims: —
  model.multiscale.window_size: —
  model.multiscale.offsets: —
  model.multiscale.summary_mode: —
  model.multiscale.causal_mode: —
  model.multiscale.gate_type: —
  data.input_seq_len: 128
  data.num_kv_pairs: 16
  data.vocab_size: 896
  data.train_examples: 20000  val_examples: 2000  test_examples: 2000
  data.fixed_examples: True
  data.min_query_pos: null
  train.lr: 0.0003
  train.epochs: 20
  num_parameters_trainable: 2128704
  tags(backbone,fusion,stride): mamba2_lm, , 
--- end resolved config ---
epoch 1/20 train loss=6.1096 acc=0.0028 em=0.0000 | val loss=6.1217 acc=0.0021 em=0.0000 | random≈0.0011
  saved best_loss.pt (val_answer_loss=6.121686)
  saved best_acc.pt (val_answer_accuracy=0.002063)
epoch 2/20 train loss=6.0889 acc=0.0040 em=0.0000 | val loss=6.1230 acc=0.0021 em=0.0000 | random≈0.0011
epoch 3/20 train loss=5.9292 acc=0.0342 em=0.0000 | val loss=6.0616 acc=0.0279 em=0.0000 | random≈0.0011
  saved best_loss.pt (val_answer_loss=6.061603)
  saved best_acc.pt (val_answer_accuracy=0.027938)
epoch 4/20 train loss=5.4550 acc=0.0944 em=0.0000 | val loss=5.7702 acc=0.0727 em=0.0000 | random≈0.0011
  saved best_loss.pt (val_answer_loss=5.770222)
  saved best_acc.pt (val_answer_accuracy=0.072719)
epoch 5/20 train loss=3.4652 acc=0.4043 em=0.0000 | val loss=3.7572 acc=0.3506 em=0.0000 | random≈0.0011
  saved best_loss.pt (val_answer_loss=3.757242)
  saved best_acc.pt (val_answer_accuracy=0.350625)
epoch 6/20 train loss=0.7400 acc=0.8665 em=0.1003 | val loss=0.8988 acc=0.8250 em=0.0365 | random≈0.0011
  saved best_loss.pt (val_answer_loss=0.898785)
  saved best_acc.pt (val_answer_accuracy=0.824969)
epoch 7/20 train loss=0.1503 acc=0.9855 em=0.7951 | val loss=0.2316 acc=0.9644 em=0.5600 | random≈0.0011
  saved best_loss.pt (val_answer_loss=0.231632)
  saved best_acc.pt (val_answer_accuracy=0.964375)
epoch 8/20 train loss=0.0409 acc=0.9981 em=0.9710 | val loss=0.0888 acc=0.9851 em=0.7895 | random≈0.0011
  saved best_loss.pt (val_answer_loss=0.088827)
  saved best_acc.pt (val_answer_accuracy=0.985125)
epoch 9/20 train loss=0.0160 acc=0.9999 em=0.9988 | val loss=0.0490 acc=0.9913 em=0.8695 | random≈0.0011
  saved best_loss.pt (val_answer_loss=0.049010)
  saved best_acc.pt (val_answer_accuracy=0.991281)
epoch 10/20 train loss=0.0090 acc=1.0000 em=1.0000 | val loss=0.0346 acc=0.9938 em=0.9070 | random≈0.0011
  saved best_loss.pt (val_answer_loss=0.034565)
  saved best_acc.pt (val_answer_accuracy=0.993844)
epoch 11/20 train loss=0.0062 acc=1.0000 em=1.0000 | val loss=0.0286 acc=0.9949 em=0.9220 | random≈0.0011
  saved best_loss.pt (val_answer_loss=0.028642)
  saved best_acc.pt (val_answer_accuracy=0.994906)
epoch 12/20 train loss=0.0047 acc=1.0000 em=1.0000 | val loss=0.0251 acc=0.9953 em=0.9270 | random≈0.0011
  saved best_loss.pt (val_answer_loss=0.025129)
  saved best_acc.pt (val_answer_accuracy=0.995281)
epoch 13/20 train loss=0.0037 acc=1.0000 em=1.0000 | val loss=0.0220 acc=0.9954 em=0.9275 | random≈0.0011
  saved best_loss.pt (val_answer_loss=0.021954)
  saved best_acc.pt (val_answer_accuracy=0.995406)
epoch 14/20 train loss=0.0030 acc=1.0000 em=1.0000 | val loss=0.0200 acc=0.9959 em=0.9355 | random≈0.0011
  saved best_loss.pt (val_answer_loss=0.019955)
  saved best_acc.pt (val_answer_accuracy=0.995906)
epoch 15/20 train loss=0.0025 acc=1.0000 em=1.0000 | val loss=0.0185 acc=0.9961 em=0.9380 | random≈0.0011
  saved best_loss.pt (val_answer_loss=0.018452)
  saved best_acc.pt (val_answer_accuracy=0.996062)
epoch 16/20 train loss=0.0021 acc=1.0000 em=1.0000 | val loss=0.0171 acc=0.9962 em=0.9400 | random≈0.0011
  saved best_loss.pt (val_answer_loss=0.017097)
  saved best_acc.pt (val_answer_accuracy=0.996219)
epoch 17/20 train loss=0.0018 acc=1.0000 em=1.0000 | val loss=0.0159 acc=0.9966 em=0.9455 | random≈0.0011
  saved best_loss.pt (val_answer_loss=0.015862)
  saved best_acc.pt (val_answer_accuracy=0.996563)
epoch 18/20 train loss=0.0015 acc=1.0000 em=1.0000 | val loss=0.0150 acc=0.9967 em=0.9470 | random≈0.0011
  saved best_loss.pt (val_answer_loss=0.014954)
epoch 19/20 train loss=0.0013 acc=1.0000 em=1.0000 | val loss=0.0143 acc=0.9968 em=0.9485 | random≈0.0011
  saved best_loss.pt (val_answer_loss=0.014252)
  saved best_acc.pt (val_answer_accuracy=0.996750)
epoch 20/20 train loss=0.0011 acc=1.0000 em=1.0000 | val loss=0.0133 acc=0.9970 em=0.9515 | random≈0.0011
  saved best_loss.pt (val_answer_loss=0.013261)
  saved best_acc.pt (val_answer_accuracy=0.996969)
test [best_loss_ckpt] loss=0.014963 acc=0.996281 em=0.942500
test [best_acc_ckpt]  loss=0.014963 acc=0.996281 em=0.942500 random_baseline≈0.001116
done. meta_metrics → /home/jovyan/shares/SR008.fs2/nvidenisov/other/repos/mamba/mamba_multi_scale_get_started/outputs/MQARFailureSweep/mqar_fail_mamba2_split_ts_slow_veryslow_v896_seed45/meta_metrics.csv
