mqar_split_hashes: n_train=20000 uniq_train=20000 | n_val=2000 uniq_val=2000 | n_test=2000 uniq_test=2000
mqar_answer_positions[train]: min=16 mean=16.0000 max=16 (expected 16 per sample)
mqar_answer_positions[val]: min=16 mean=16.0000 max=16 (expected 16 per sample)
mqar_answer_positions[test]: min=16 mean=16.0000 max=16 (expected 16 per sample)
experiment=mqar_fail_mamba2_split_ts_slow_veryslow_v512_seed48 device=cuda:0 out_dir=/home/jovyan/shares/SR008.fs2/nvidenisov/other/repos/mamba/mamba_multi_scale_get_started/outputs/MQARFailureSweep/mqar_fail_mamba2_split_ts_slow_veryslow_v512_seed48
mqar data: fixed_examples=True random_baseline_acc≈1/vocab=0.001953 (vocab_size=512)
--- mqar resolved config (sanity) ---
  experiment.name: mqar_fail_mamba2_split_ts_slow_veryslow_v512_seed48
  model.backbone: mamba2_lm
  model.layer_headdims: [32, 32, 32, 32]
  model.multiscale.fast_layer_headdims: —
  model.multiscale.slow_layer_headdims: —
  model.multiscale.window_size: —
  model.multiscale.offsets: —
  model.multiscale.summary_mode: —
  model.multiscale.causal_mode: —
  model.multiscale.gate_type: —
  data.input_seq_len: 128
  data.num_kv_pairs: 16
  data.vocab_size: 512
  data.train_examples: 20000  val_examples: 2000  test_examples: 2000
  data.fixed_examples: True
  data.min_query_pos: null
  train.lr: 0.0003
  train.epochs: 20
  num_parameters_trainable: 1931712
  tags(backbone,fusion,stride): mamba2_lm, , 
--- end resolved config ---
epoch 1/20 train loss=5.5491 acc=0.0051 em=0.0000 | val loss=5.5587 acc=0.0037 em=0.0000 | random≈0.0020
  saved best_loss.pt (val_answer_loss=5.558674)
  saved best_acc.pt (val_answer_accuracy=0.003656)
epoch 2/20 train loss=5.4617 acc=0.0315 em=0.0000 | val loss=5.5094 acc=0.0288 em=0.0000 | random≈0.0020
  saved best_loss.pt (val_answer_loss=5.509382)
  saved best_acc.pt (val_answer_accuracy=0.028813)
epoch 3/20 train loss=4.9715 acc=0.0893 em=0.0000 | val loss=5.1459 acc=0.0745 em=0.0000 | random≈0.0020
  saved best_loss.pt (val_answer_loss=5.145855)
  saved best_acc.pt (val_answer_accuracy=0.074469)
epoch 4/20 train loss=1.3026 acc=0.7613 em=0.0077 | val loss=1.4227 acc=0.7301 em=0.0045 | random≈0.0020
  saved best_loss.pt (val_answer_loss=1.422722)
  saved best_acc.pt (val_answer_accuracy=0.730125)
epoch 5/20 train loss=0.1155 acc=0.9865 em=0.8066 | val loss=0.1619 acc=0.9737 em=0.6600 | random≈0.0020
  saved best_loss.pt (val_answer_loss=0.161889)
  saved best_acc.pt (val_answer_accuracy=0.973688)
epoch 6/20 train loss=0.0218 acc=0.9993 em=0.9886 | val loss=0.0435 acc=0.9937 em=0.9030 | random≈0.0020
  saved best_loss.pt (val_answer_loss=0.043483)
  saved best_acc.pt (val_answer_accuracy=0.993656)
epoch 7/20 train loss=0.0083 acc=1.0000 em=1.0000 | val loss=0.0225 acc=0.9968 em=0.9505 | random≈0.0020
  saved best_loss.pt (val_answer_loss=0.022467)
  saved best_acc.pt (val_answer_accuracy=0.996781)
epoch 8/20 train loss=0.0049 acc=1.0000 em=1.0000 | val loss=0.0159 acc=0.9972 em=0.9565 | random≈0.0020
  saved best_loss.pt (val_answer_loss=0.015853)
  saved best_acc.pt (val_answer_accuracy=0.997250)
epoch 9/20 train loss=0.0035 acc=1.0000 em=1.0000 | val loss=0.0130 acc=0.9976 em=0.9625 | random≈0.0020
  saved best_loss.pt (val_answer_loss=0.013036)
  saved best_acc.pt (val_answer_accuracy=0.997625)
epoch 10/20 train loss=0.0027 acc=1.0000 em=1.0000 | val loss=0.0110 acc=0.9980 em=0.9680 | random≈0.0020
  saved best_loss.pt (val_answer_loss=0.010989)
  saved best_acc.pt (val_answer_accuracy=0.998000)
epoch 11/20 train loss=0.0021 acc=1.0000 em=1.0000 | val loss=0.0097 acc=0.9981 em=0.9700 | random≈0.0020
  saved best_loss.pt (val_answer_loss=0.009678)
  saved best_acc.pt (val_answer_accuracy=0.998125)
epoch 12/20 train loss=0.0017 acc=1.0000 em=1.0000 | val loss=0.0085 acc=0.9983 em=0.9740 | random≈0.0020
  saved best_loss.pt (val_answer_loss=0.008549)
  saved best_acc.pt (val_answer_accuracy=0.998344)
epoch 13/20 train loss=0.0014 acc=1.0000 em=1.0000 | val loss=0.0078 acc=0.9984 em=0.9750 | random≈0.0020
  saved best_loss.pt (val_answer_loss=0.007754)
epoch 14/20 train loss=0.0012 acc=1.0000 em=1.0000 | val loss=0.0070 acc=0.9987 em=0.9790 | random≈0.0020
  saved best_loss.pt (val_answer_loss=0.006968)
  saved best_acc.pt (val_answer_accuracy=0.998656)
epoch 15/20 train loss=0.0010 acc=1.0000 em=1.0000 | val loss=0.0064 acc=0.9987 em=0.9800 | random≈0.0020
  saved best_loss.pt (val_answer_loss=0.006416)
epoch 16/20 train loss=0.0009 acc=1.0000 em=1.0000 | val loss=0.0060 acc=0.9987 em=0.9795 | random≈0.0020
  saved best_loss.pt (val_answer_loss=0.005959)
epoch 17/20 train loss=0.0008 acc=1.0000 em=1.0000 | val loss=0.0055 acc=0.9988 em=0.9810 | random≈0.0020
  saved best_loss.pt (val_answer_loss=0.005502)
  saved best_acc.pt (val_answer_accuracy=0.998812)
epoch 18/20 train loss=0.0007 acc=1.0000 em=1.0000 | val loss=0.0051 acc=0.9990 em=0.9840 | random≈0.0020
  saved best_loss.pt (val_answer_loss=0.005103)
  saved best_acc.pt (val_answer_accuracy=0.999000)
epoch 19/20 train loss=0.0006 acc=1.0000 em=1.0000 | val loss=0.0048 acc=0.9991 em=0.9850 | random≈0.0020
  saved best_loss.pt (val_answer_loss=0.004784)
epoch 20/20 train loss=0.0005 acc=1.0000 em=1.0000 | val loss=0.0045 acc=0.9991 em=0.9855 | random≈0.0020
  saved best_loss.pt (val_answer_loss=0.004494)
test [best_loss_ckpt] loss=0.004141 acc=0.999062 em=0.985500
test [best_acc_ckpt]  loss=0.004715 acc=0.998969 em=0.984000 random_baseline≈0.001953
done. meta_metrics → /home/jovyan/shares/SR008.fs2/nvidenisov/other/repos/mamba/mamba_multi_scale_get_started/outputs/MQARFailureSweep/mqar_fail_mamba2_split_ts_slow_veryslow_v512_seed48/meta_metrics.csv
