mqar_split_hashes: n_train=20000 uniq_train=20000 | n_val=2000 uniq_val=2000 | n_test=2000 uniq_test=2000
mqar_answer_positions[train]: min=16 mean=16.0000 max=16 (expected 16 per sample)
mqar_answer_positions[val]: min=16 mean=16.0000 max=16 (expected 16 per sample)
mqar_answer_positions[test]: min=16 mean=16.0000 max=16 (expected 16 per sample)
experiment=mqar_fail_ms_gated_right_init_v512_seed50 device=cuda:0 out_dir=/home/jovyan/shares/SR008.fs2/nvidenisov/other/repos/mamba/mamba_multi_scale_get_started/outputs/MQARFailureSweep/mqar_fail_ms_gated_right_init_v512_seed50
mqar data: fixed_examples=True random_baseline_acc≈1/vocab=0.001953 (vocab_size=512)
--- mqar resolved config (sanity) ---
  experiment.name: mqar_fail_ms_gated_right_init_v512_seed50
  model.backbone: multiscale_mamba2_lm
  model.layer_headdims: [32, 32, 32, 32]
  model.multiscale.fast_layer_headdims: [32, 32, 32, 32]
  model.multiscale.slow_layer_headdims: [32, 32]
  model.multiscale.window_size: —
  model.multiscale.offsets: —
  model.multiscale.summary_mode: —
  model.multiscale.causal_mode: —
  model.multiscale.gate_type: —
  data.input_seq_len: 128
  data.num_kv_pairs: 16
  data.vocab_size: 512
  data.train_examples: 20000  val_examples: 2000  test_examples: 2000
  data.fixed_examples: True
  data.min_query_pos: null
  train.lr: 0.0003
  train.epochs: 20
  num_parameters_trainable: 2898336
  tags(backbone,fusion,stride): multiscale_mamba2_lm, gated, 2
--- end resolved config ---
epoch 1/20 train loss=5.5479 acc=0.0052 em=0.0000 | val loss=5.5601 acc=0.0046 em=0.0000 | random≈0.0020
  saved best_loss.pt (val_answer_loss=5.560112)
  saved best_acc.pt (val_answer_accuracy=0.004625)
epoch 2/20 train loss=5.5087 acc=0.0152 em=0.0000 | val loss=5.5483 acc=0.0116 em=0.0000 | random≈0.0020
  saved best_loss.pt (val_answer_loss=5.548274)
  saved best_acc.pt (val_answer_accuracy=0.011625)
epoch 3/20 train loss=5.2431 acc=0.0592 em=0.0000 | val loss=5.3987 acc=0.0507 em=0.0000 | random≈0.0020
  saved best_loss.pt (val_answer_loss=5.398659)
  saved best_acc.pt (val_answer_accuracy=0.050656)
epoch 4/20 train loss=4.5601 acc=0.1386 em=0.0000 | val loss=4.9199 acc=0.1004 em=0.0000 | random≈0.0020
  saved best_loss.pt (val_answer_loss=4.919935)
  saved best_acc.pt (val_answer_accuracy=0.100375)
epoch 5/20 train loss=0.9182 acc=0.8341 em=0.0479 | val loss=1.1135 acc=0.7788 em=0.0135 | random≈0.0020
  saved best_loss.pt (val_answer_loss=1.113512)
  saved best_acc.pt (val_answer_accuracy=0.778844)
epoch 6/20 train loss=0.0719 acc=0.9925 em=0.8869 | val loss=0.1184 acc=0.9795 em=0.7255 | random≈0.0020
  saved best_loss.pt (val_answer_loss=0.118415)
  saved best_acc.pt (val_answer_accuracy=0.979500)
epoch 7/20 train loss=0.0179 acc=0.9996 em=0.9935 | val loss=0.0440 acc=0.9919 em=0.8785 | random≈0.0020
  saved best_loss.pt (val_answer_loss=0.043974)
  saved best_acc.pt (val_answer_accuracy=0.991938)
epoch 8/20 train loss=0.0076 acc=1.0000 em=0.9998 | val loss=0.0254 acc=0.9953 em=0.9275 | random≈0.0020
  saved best_loss.pt (val_answer_loss=0.025394)
  saved best_acc.pt (val_answer_accuracy=0.995344)
epoch 9/20 train loss=0.0047 acc=1.0000 em=1.0000 | val loss=0.0187 acc=0.9965 em=0.9460 | random≈0.0020
  saved best_loss.pt (val_answer_loss=0.018736)
  saved best_acc.pt (val_answer_accuracy=0.996531)
epoch 10/20 train loss=0.0034 acc=1.0000 em=1.0000 | val loss=0.0159 acc=0.9968 em=0.9500 | random≈0.0020
  saved best_loss.pt (val_answer_loss=0.015870)
  saved best_acc.pt (val_answer_accuracy=0.996812)
epoch 11/20 train loss=0.0026 acc=1.0000 em=1.0000 | val loss=0.0138 acc=0.9971 em=0.9540 | random≈0.0020
  saved best_loss.pt (val_answer_loss=0.013803)
  saved best_acc.pt (val_answer_accuracy=0.997062)
epoch 12/20 train loss=0.0021 acc=1.0000 em=1.0000 | val loss=0.0122 acc=0.9974 em=0.9585 | random≈0.0020
  saved best_loss.pt (val_answer_loss=0.012248)
  saved best_acc.pt (val_answer_accuracy=0.997375)
epoch 13/20 train loss=0.0017 acc=1.0000 em=1.0000 | val loss=0.0109 acc=0.9976 em=0.9615 | random≈0.0020
  saved best_loss.pt (val_answer_loss=0.010912)
  saved best_acc.pt (val_answer_accuracy=0.997563)
epoch 14/20 train loss=0.0014 acc=1.0000 em=1.0000 | val loss=0.0099 acc=0.9978 em=0.9660 | random≈0.0020
  saved best_loss.pt (val_answer_loss=0.009908)
  saved best_acc.pt (val_answer_accuracy=0.997844)
epoch 15/20 train loss=0.0012 acc=1.0000 em=1.0000 | val loss=0.0090 acc=0.9979 em=0.9670 | random≈0.0020
  saved best_loss.pt (val_answer_loss=0.008962)
epoch 16/20 train loss=0.0010 acc=1.0000 em=1.0000 | val loss=0.0083 acc=0.9980 em=0.9680 | random≈0.0020
  saved best_loss.pt (val_answer_loss=0.008344)
  saved best_acc.pt (val_answer_accuracy=0.998000)
epoch 17/20 train loss=0.0009 acc=1.0000 em=1.0000 | val loss=0.0077 acc=0.9982 em=0.9705 | random≈0.0020
  saved best_loss.pt (val_answer_loss=0.007745)
  saved best_acc.pt (val_answer_accuracy=0.998156)
epoch 18/20 train loss=0.0008 acc=1.0000 em=1.0000 | val loss=0.0072 acc=0.9983 em=0.9735 | random≈0.0020
  saved best_loss.pt (val_answer_loss=0.007233)
  saved best_acc.pt (val_answer_accuracy=0.998313)
epoch 19/20 train loss=0.0007 acc=1.0000 em=1.0000 | val loss=0.0066 acc=0.9983 em=0.9725 | random≈0.0020
  saved best_loss.pt (val_answer_loss=0.006624)
epoch 20/20 train loss=0.0006 acc=1.0000 em=1.0000 | val loss=0.0063 acc=0.9984 em=0.9745 | random≈0.0020
  saved best_loss.pt (val_answer_loss=0.006284)
test [best_loss_ckpt] loss=0.006997 acc=0.998156 em=0.971000
test [best_acc_ckpt]  loss=0.007884 acc=0.998094 em=0.969500 random_baseline≈0.001953
done. meta_metrics → /home/jovyan/shares/SR008.fs2/nvidenisov/other/repos/mamba/mamba_multi_scale_get_started/outputs/MQARFailureSweep/mqar_fail_ms_gated_right_init_v512_seed50/meta_metrics.csv
