mqar_split_hashes: n_train=20000 uniq_train=20000 | n_val=2000 uniq_val=2000 | n_test=2000 uniq_test=2000
mqar_answer_positions[train]: min=16 mean=16.0000 max=16 (expected 16 per sample)
mqar_answer_positions[val]: min=16 mean=16.0000 max=16 (expected 16 per sample)
mqar_answer_positions[test]: min=16 mean=16.0000 max=16 (expected 16 per sample)
experiment=mqar_fail_mamba2_split_ts_slow_veryslow_v1024_seed50 device=cuda:0 out_dir=/home/jovyan/shares/SR008.fs2/nvidenisov/other/repos/mamba/mamba_multi_scale_get_started/outputs/MQARFailureSweep/mqar_fail_mamba2_split_ts_slow_veryslow_v1024_seed50
mqar data: fixed_examples=True random_baseline_acc≈1/vocab=0.000977 (vocab_size=1024)
--- mqar resolved config (sanity) ---
  experiment.name: mqar_fail_mamba2_split_ts_slow_veryslow_v1024_seed50
  model.backbone: mamba2_lm
  model.layer_headdims: [32, 32, 32, 32]
  model.multiscale.fast_layer_headdims: —
  model.multiscale.slow_layer_headdims: —
  model.multiscale.window_size: —
  model.multiscale.offsets: —
  model.multiscale.summary_mode: —
  model.multiscale.causal_mode: —
  model.multiscale.gate_type: —
  data.input_seq_len: 128
  data.num_kv_pairs: 16
  data.vocab_size: 1024
  data.train_examples: 20000  val_examples: 2000  test_examples: 2000
  data.fixed_examples: True
  data.min_query_pos: null
  train.lr: 0.0003
  train.epochs: 20
  num_parameters_trainable: 2194368
  tags(backbone,fusion,stride): mamba2_lm, , 
--- end resolved config ---
epoch 1/20 train loss=6.2430 acc=0.0025 em=0.0000 | val loss=6.2556 acc=0.0021 em=0.0000 | random≈0.0010
  saved best_loss.pt (val_answer_loss=6.255638)
  saved best_acc.pt (val_answer_accuracy=0.002125)
epoch 2/20 train loss=6.2143 acc=0.0060 em=0.0000 | val loss=6.2539 acc=0.0047 em=0.0000 | random≈0.0010
  saved best_loss.pt (val_answer_loss=6.253870)
  saved best_acc.pt (val_answer_accuracy=0.004656)
epoch 3/20 train loss=6.0707 acc=0.0268 em=0.0000 | val loss=6.2198 acc=0.0210 em=0.0000 | random≈0.0010
  saved best_loss.pt (val_answer_loss=6.219786)
  saved best_acc.pt (val_answer_accuracy=0.021000)
epoch 4/20 train loss=5.7279 acc=0.0651 em=0.0000 | val loss=6.0996 acc=0.0447 em=0.0000 | random≈0.0010
  saved best_loss.pt (val_answer_loss=6.099621)
  saved best_acc.pt (val_answer_accuracy=0.044719)
epoch 5/20 train loss=4.4075 acc=0.2680 em=0.0000 | val loss=4.8283 acc=0.2128 em=0.0000 | random≈0.0010
  saved best_loss.pt (val_answer_loss=4.828267)
  saved best_acc.pt (val_answer_accuracy=0.212844)
epoch 6/20 train loss=0.6613 acc=0.9323 em=0.3256 | val loss=0.8191 acc=0.9026 em=0.1900 | random≈0.0010
  saved best_loss.pt (val_answer_loss=0.819126)
  saved best_acc.pt (val_answer_accuracy=0.902594)
epoch 7/20 train loss=0.0824 acc=0.9944 em=0.9154 | val loss=0.1366 acc=0.9832 em=0.7665 | random≈0.0010
  saved best_loss.pt (val_answer_loss=0.136610)
  saved best_acc.pt (val_answer_accuracy=0.983156)
epoch 8/20 train loss=0.0259 acc=0.9996 em=0.9931 | val loss=0.0592 acc=0.9928 em=0.8915 | random≈0.0010
  saved best_loss.pt (val_answer_loss=0.059193)
  saved best_acc.pt (val_answer_accuracy=0.992812)
epoch 9/20 train loss=0.0125 acc=1.0000 em=0.9997 | val loss=0.0373 acc=0.9951 em=0.9230 | random≈0.0010
  saved best_loss.pt (val_answer_loss=0.037277)
  saved best_acc.pt (val_answer_accuracy=0.995062)
epoch 10/20 train loss=0.0083 acc=1.0000 em=1.0000 | val loss=0.0284 acc=0.9961 em=0.9395 | random≈0.0010
  saved best_loss.pt (val_answer_loss=0.028436)
  saved best_acc.pt (val_answer_accuracy=0.996094)
epoch 11/20 train loss=0.0061 acc=1.0000 em=1.0000 | val loss=0.0236 acc=0.9963 em=0.9435 | random≈0.0010
  saved best_loss.pt (val_answer_loss=0.023557)
  saved best_acc.pt (val_answer_accuracy=0.996344)
epoch 12/20 train loss=0.0047 acc=1.0000 em=1.0000 | val loss=0.0206 acc=0.9967 em=0.9485 | random≈0.0010
  saved best_loss.pt (val_answer_loss=0.020625)
  saved best_acc.pt (val_answer_accuracy=0.996687)
epoch 13/20 train loss=0.0038 acc=1.0000 em=1.0000 | val loss=0.0183 acc=0.9968 em=0.9500 | random≈0.0010
  saved best_loss.pt (val_answer_loss=0.018344)
epoch 14/20 train loss=0.0031 acc=1.0000 em=1.0000 | val loss=0.0165 acc=0.9969 em=0.9530 | random≈0.0010
  saved best_loss.pt (val_answer_loss=0.016454)
  saved best_acc.pt (val_answer_accuracy=0.996938)
epoch 15/20 train loss=0.0026 acc=1.0000 em=1.0000 | val loss=0.0149 acc=0.9970 em=0.9535 | random≈0.0010
  saved best_loss.pt (val_answer_loss=0.014875)
epoch 16/20 train loss=0.0022 acc=1.0000 em=1.0000 | val loss=0.0135 acc=0.9974 em=0.9605 | random≈0.0010
  saved best_loss.pt (val_answer_loss=0.013476)
  saved best_acc.pt (val_answer_accuracy=0.997437)
epoch 17/20 train loss=0.0019 acc=1.0000 em=1.0000 | val loss=0.0124 acc=0.9976 em=0.9635 | random≈0.0010
  saved best_loss.pt (val_answer_loss=0.012389)
  saved best_acc.pt (val_answer_accuracy=0.997594)
epoch 18/20 train loss=0.0016 acc=1.0000 em=1.0000 | val loss=0.0115 acc=0.9977 em=0.9645 | random≈0.0010
  saved best_loss.pt (val_answer_loss=0.011484)
epoch 19/20 train loss=0.0014 acc=1.0000 em=1.0000 | val loss=0.0107 acc=0.9977 em=0.9640 | random≈0.0010
  saved best_loss.pt (val_answer_loss=0.010692)
epoch 20/20 train loss=0.0012 acc=1.0000 em=1.0000 | val loss=0.0099 acc=0.9979 em=0.9680 | random≈0.0010
  saved best_loss.pt (val_answer_loss=0.009860)
  saved best_acc.pt (val_answer_accuracy=0.997906)
test [best_loss_ckpt] loss=0.009965 acc=0.998031 em=0.969000
test [best_acc_ckpt]  loss=0.009965 acc=0.998031 em=0.969000 random_baseline≈0.000977
done. meta_metrics → /home/jovyan/shares/SR008.fs2/nvidenisov/other/repos/mamba/mamba_multi_scale_get_started/outputs/MQARFailureSweep/mqar_fail_mamba2_split_ts_slow_veryslow_v1024_seed50/meta_metrics.csv
