mqar_split_hashes: n_train=20000 uniq_train=20000 | n_val=2000 uniq_val=2000 | n_test=2000 uniq_test=2000
mqar_answer_positions[train]: min=16 mean=16.0000 max=16 (expected 16 per sample)
mqar_answer_positions[val]: min=16 mean=16.0000 max=16 (expected 16 per sample)
mqar_answer_positions[test]: min=16 mean=16.0000 max=16 (expected 16 per sample)
experiment=mqar_fail_transformer_param_match_v2048_seed49 device=cuda:0 out_dir=/home/jovyan/shares/SR008.fs2/nvidenisov/other/repos/mamba/mamba_multi_scale_get_started/outputs/MQARFailureSweep/mqar_fail_transformer_param_match_v2048_seed49
mqar data: fixed_examples=True random_baseline_acc≈1/vocab=0.000488 (vocab_size=2048)
--- mqar resolved config (sanity) ---
  experiment.name: mqar_fail_transformer_param_match_v2048_seed49
  model.backbone: transformer_lm
  model.layer_headdims: —
  model.multiscale.fast_layer_headdims: —
  model.multiscale.slow_layer_headdims: —
  model.multiscale.window_size: —
  model.multiscale.offsets: —
  model.multiscale.summary_mode: —
  model.multiscale.causal_mode: —
  model.multiscale.gate_type: —
  data.input_seq_len: 128
  data.num_kv_pairs: 16
  data.vocab_size: 2048
  data.train_examples: 20000  val_examples: 2000  test_examples: 2000
  data.fixed_examples: True
  data.min_query_pos: null
  train.lr: 0.0003
  train.epochs: 20
  num_parameters_trainable: 3785968
  tags(backbone,fusion,stride): transformer_lm, , 
--- end resolved config ---
epoch 1/20 train loss=6.9469 acc=0.0012 em=0.0000 | val loss=6.9523 acc=0.0012 em=0.0000 | random≈0.0005
  saved best_loss.pt (val_answer_loss=6.952328)
  saved best_acc.pt (val_answer_accuracy=0.001219)
epoch 2/20 train loss=6.9421 acc=0.0011 em=0.0000 | val loss=6.9482 acc=0.0010 em=0.0000 | random≈0.0005
  saved best_loss.pt (val_answer_loss=6.948249)
epoch 3/20 train loss=6.9386 acc=0.0011 em=0.0000 | val loss=6.9464 acc=0.0010 em=0.0000 | random≈0.0005
  saved best_loss.pt (val_answer_loss=6.946422)
epoch 4/20 train loss=6.9124 acc=0.0021 em=0.0000 | val loss=6.9374 acc=0.0013 em=0.0000 | random≈0.0005
  saved best_loss.pt (val_answer_loss=6.937354)
  saved best_acc.pt (val_answer_accuracy=0.001344)
epoch 5/20 train loss=6.4553 acc=0.0550 em=0.0000 | val loss=6.5753 acc=0.0475 em=0.0000 | random≈0.0005
  saved best_loss.pt (val_answer_loss=6.575309)
  saved best_acc.pt (val_answer_accuracy=0.047469)
epoch 6/20 train loss=5.9056 acc=0.0802 em=0.0000 | val loss=6.1077 acc=0.0667 em=0.0000 | random≈0.0005
  saved best_loss.pt (val_answer_loss=6.107724)
  saved best_acc.pt (val_answer_accuracy=0.066687)
epoch 7/20 train loss=5.4544 acc=0.0940 em=0.0000 | val loss=5.7494 acc=0.0704 em=0.0000 | random≈0.0005
  saved best_loss.pt (val_answer_loss=5.749440)
  saved best_acc.pt (val_answer_accuracy=0.070406)
epoch 8/20 train loss=5.0683 acc=0.1048 em=0.0000 | val loss=5.4669 acc=0.0748 em=0.0000 | random≈0.0005
  saved best_loss.pt (val_answer_loss=5.466863)
  saved best_acc.pt (val_answer_accuracy=0.074813)
epoch 9/20 train loss=4.7297 acc=0.1161 em=0.0000 | val loss=5.2323 acc=0.0741 em=0.0000 | random≈0.0005
  saved best_loss.pt (val_answer_loss=5.232284)
epoch 10/20 train loss=4.4353 acc=0.1282 em=0.0000 | val loss=5.0451 acc=0.0758 em=0.0000 | random≈0.0005
  saved best_loss.pt (val_answer_loss=5.045057)
  saved best_acc.pt (val_answer_accuracy=0.075813)
epoch 11/20 train loss=4.1705 acc=0.1466 em=0.0000 | val loss=4.9037 acc=0.0791 em=0.0000 | random≈0.0005
  saved best_loss.pt (val_answer_loss=4.903675)
  saved best_acc.pt (val_answer_accuracy=0.079094)
epoch 12/20 train loss=1.7890 acc=0.6516 em=0.0006 | val loss=2.3006 acc=0.5599 em=0.0000 | random≈0.0005
  saved best_loss.pt (val_answer_loss=2.300596)
  saved best_acc.pt (val_answer_accuracy=0.559937)
epoch 13/20 train loss=0.0030 acc=1.0000 em=0.9996 | val loss=0.0034 acc=1.0000 em=1.0000 | random≈0.0005
  saved best_loss.pt (val_answer_loss=0.003441)
  saved best_acc.pt (val_answer_accuracy=1.000000)
epoch 14/20 train loss=0.0009 acc=1.0000 em=0.9999 | val loss=0.0010 acc=1.0000 em=1.0000 | random≈0.0005
  saved best_loss.pt (val_answer_loss=0.001030)
epoch 15/20 train loss=0.0005 acc=1.0000 em=1.0000 | val loss=0.0006 acc=1.0000 em=1.0000 | random≈0.0005
  saved best_loss.pt (val_answer_loss=0.000552)
epoch 16/20 train loss=0.0003 acc=1.0000 em=1.0000 | val loss=0.0004 acc=1.0000 em=1.0000 | random≈0.0005
  saved best_loss.pt (val_answer_loss=0.000366)
epoch 17/20 train loss=0.0002 acc=1.0000 em=1.0000 | val loss=0.0003 acc=1.0000 em=1.0000 | random≈0.0005
  saved best_loss.pt (val_answer_loss=0.000262)
epoch 18/20 train loss=0.0002 acc=1.0000 em=1.0000 | val loss=0.0002 acc=1.0000 em=1.0000 | random≈0.0005
epoch 19/20 train loss=0.0001 acc=1.0000 em=1.0000 | val loss=0.0001 acc=1.0000 em=1.0000 | random≈0.0005
  saved best_loss.pt (val_answer_loss=0.000149)
epoch 20/20 train loss=0.0001 acc=1.0000 em=1.0000 | val loss=0.0001 acc=1.0000 em=1.0000 | random≈0.0005
test [best_loss_ckpt] loss=0.000149 acc=1.000000 em=1.000000
test [best_acc_ckpt]  loss=0.003722 acc=0.999969 em=0.999500 random_baseline≈0.000488
done. meta_metrics → /home/jovyan/shares/SR008.fs2/nvidenisov/other/repos/mamba/mamba_multi_scale_get_started/outputs/MQARFailureSweep/mqar_fail_transformer_param_match_v2048_seed49/meta_metrics.csv
