mqar_split_hashes: n_train=20000 uniq_train=20000 | n_val=2000 uniq_val=2000 | n_test=2000 uniq_test=2000
mqar_answer_positions[train]: min=16 mean=16.0000 max=16 (expected 16 per sample)
mqar_answer_positions[val]: min=16 mean=16.0000 max=16 (expected 16 per sample)
mqar_answer_positions[test]: min=16 mean=16.0000 max=16 (expected 16 per sample)
experiment=mqar_fail_ms_gated_right_init_v896_seed47 device=cuda:0 out_dir=/home/jovyan/shares/SR008.fs2/nvidenisov/other/repos/mamba/mamba_multi_scale_get_started/outputs/MQARFailureSweep/mqar_fail_ms_gated_right_init_v896_seed47
mqar data: fixed_examples=True random_baseline_acc≈1/vocab=0.001116 (vocab_size=896)
--- mqar resolved config (sanity) ---
  experiment.name: mqar_fail_ms_gated_right_init_v896_seed47
  model.backbone: multiscale_mamba2_lm
  model.layer_headdims: [32, 32, 32, 32]
  model.multiscale.fast_layer_headdims: [32, 32, 32, 32]
  model.multiscale.slow_layer_headdims: [32, 32]
  model.multiscale.window_size: —
  model.multiscale.offsets: —
  model.multiscale.summary_mode: —
  model.multiscale.causal_mode: —
  model.multiscale.gate_type: —
  data.input_seq_len: 128
  data.num_kv_pairs: 16
  data.vocab_size: 896
  data.train_examples: 20000  val_examples: 2000  test_examples: 2000
  data.fixed_examples: True
  data.min_query_pos: null
  train.lr: 0.0003
  train.epochs: 20
  num_parameters_trainable: 3095328
  tags(backbone,fusion,stride): multiscale_mamba2_lm, gated, 2
--- end resolved config ---
epoch 1/20 train loss=6.1085 acc=0.0030 em=0.0000 | val loss=6.1231 acc=0.0023 em=0.0000 | random≈0.0011
  saved best_loss.pt (val_answer_loss=6.123127)
  saved best_acc.pt (val_answer_accuracy=0.002281)
epoch 2/20 train loss=6.0761 acc=0.0065 em=0.0000 | val loss=6.1191 acc=0.0044 em=0.0000 | random≈0.0011
  saved best_loss.pt (val_answer_loss=6.119066)
  saved best_acc.pt (val_answer_accuracy=0.004375)
epoch 3/20 train loss=5.9555 acc=0.0177 em=0.0000 | val loss=6.1306 acc=0.0092 em=0.0000 | random≈0.0011
  saved best_acc.pt (val_answer_accuracy=0.009156)
epoch 4/20 train loss=5.6241 acc=0.0499 em=0.0000 | val loss=6.1633 acc=0.0170 em=0.0000 | random≈0.0011
  saved best_acc.pt (val_answer_accuracy=0.017000)
epoch 5/20 train loss=5.1201 acc=0.1178 em=0.0000 | val loss=6.2411 acc=0.0192 em=0.0000 | random≈0.0011
  saved best_acc.pt (val_answer_accuracy=0.019219)
epoch 6/20 train loss=4.5432 acc=0.2113 em=0.0000 | val loss=6.3724 acc=0.0191 em=0.0000 | random≈0.0011
early stopping at epoch 6: val answer_loss did not improve by min_delta=0.0001 for 4 epochs
test [best_loss_ckpt] loss=6.123146 acc=0.003812 em=0.000000
test [best_acc_ckpt]  loss=6.243279 acc=0.018781 em=0.000000 random_baseline≈0.001116
done. meta_metrics → /home/jovyan/shares/SR008.fs2/nvidenisov/other/repos/mamba/mamba_multi_scale_get_started/outputs/MQARFailureSweep/mqar_fail_ms_gated_right_init_v896_seed47/meta_metrics.csv
