mqar_split_hashes: n_train=20000 uniq_train=20000 | n_val=2000 uniq_val=2000 | n_test=2000 uniq_test=2000
mqar_answer_positions[train]: min=16 mean=16.0000 max=16 (expected 16 per sample)
mqar_answer_positions[val]: min=16 mean=16.0000 max=16 (expected 16 per sample)
mqar_answer_positions[test]: min=16 mean=16.0000 max=16 (expected 16 per sample)
experiment=mqar_fail_mamba2_split_ts_slow_veryslow_v1024_seed44 device=cuda:0 out_dir=/home/jovyan/shares/SR008.fs2/nvidenisov/other/repos/mamba/mamba_multi_scale_get_started/outputs/MQARFailureSweep/mqar_fail_mamba2_split_ts_slow_veryslow_v1024_seed44
mqar data: fixed_examples=True random_baseline_acc≈1/vocab=0.000977 (vocab_size=1024)
--- mqar resolved config (sanity) ---
  experiment.name: mqar_fail_mamba2_split_ts_slow_veryslow_v1024_seed44
  model.backbone: mamba2_lm
  model.layer_headdims: [32, 32, 32, 32]
  model.multiscale.fast_layer_headdims: —
  model.multiscale.slow_layer_headdims: —
  model.multiscale.window_size: —
  model.multiscale.offsets: —
  model.multiscale.summary_mode: —
  model.multiscale.causal_mode: —
  model.multiscale.gate_type: —
  data.input_seq_len: 128
  data.num_kv_pairs: 16
  data.vocab_size: 1024
  data.train_examples: 20000  val_examples: 2000  test_examples: 2000
  data.fixed_examples: True
  data.min_query_pos: null
  train.lr: 0.0003
  train.epochs: 20
  num_parameters_trainable: 2194368
  tags(backbone,fusion,stride): mamba2_lm, , 
--- end resolved config ---
epoch 1/20 train loss=6.2449 acc=0.0024 em=0.0000 | val loss=6.2591 acc=0.0019 em=0.0000 | random≈0.0010
  saved best_loss.pt (val_answer_loss=6.259070)
  saved best_acc.pt (val_answer_accuracy=0.001906)
epoch 2/20 train loss=6.2186 acc=0.0048 em=0.0000 | val loss=6.2569 acc=0.0038 em=0.0000 | random≈0.0010
  saved best_loss.pt (val_answer_loss=6.256888)
  saved best_acc.pt (val_answer_accuracy=0.003781)
epoch 3/20 train loss=6.0720 acc=0.0311 em=0.0000 | val loss=6.2203 acc=0.0248 em=0.0000 | random≈0.0010
  saved best_loss.pt (val_answer_loss=6.220322)
  saved best_acc.pt (val_answer_accuracy=0.024781)
epoch 4/20 train loss=5.7539 acc=0.0634 em=0.0000 | val loss=6.1098 acc=0.0425 em=0.0000 | random≈0.0010
  saved best_loss.pt (val_answer_loss=6.109816)
  saved best_acc.pt (val_answer_accuracy=0.042469)
epoch 5/20 train loss=5.0226 acc=0.1778 em=0.0000 | val loss=5.5161 acc=0.1315 em=0.0000 | random≈0.0010
  saved best_loss.pt (val_answer_loss=5.516115)
  saved best_acc.pt (val_answer_accuracy=0.131531)
epoch 6/20 train loss=2.3267 acc=0.6178 em=0.0001 | val loss=2.6405 acc=0.5509 em=0.0000 | random≈0.0010
  saved best_loss.pt (val_answer_loss=2.640517)
  saved best_acc.pt (val_answer_accuracy=0.550875)
epoch 7/20 train loss=0.3695 acc=0.9535 em=0.4688 | val loss=0.5121 acc=0.9183 em=0.2630 | random≈0.0010
  saved best_loss.pt (val_answer_loss=0.512114)
  saved best_acc.pt (val_answer_accuracy=0.918250)
epoch 8/20 train loss=0.0583 acc=0.9972 em=0.9559 | val loss=0.1140 acc=0.9852 em=0.7925 | random≈0.0010
  saved best_loss.pt (val_answer_loss=0.114018)
  saved best_acc.pt (val_answer_accuracy=0.985187)
epoch 9/20 train loss=0.0188 acc=0.9999 em=0.9987 | val loss=0.0517 acc=0.9932 em=0.8945 | random≈0.0010
  saved best_loss.pt (val_answer_loss=0.051697)
  saved best_acc.pt (val_answer_accuracy=0.993188)
epoch 10/20 train loss=0.0099 acc=1.0000 em=1.0000 | val loss=0.0337 acc=0.9955 em=0.9305 | random≈0.0010
  saved best_loss.pt (val_answer_loss=0.033686)
  saved best_acc.pt (val_answer_accuracy=0.995531)
epoch 11/20 train loss=0.0067 acc=1.0000 em=1.0000 | val loss=0.0265 acc=0.9960 em=0.9365 | random≈0.0010
  saved best_loss.pt (val_answer_loss=0.026529)
  saved best_acc.pt (val_answer_accuracy=0.996000)
epoch 12/20 train loss=0.0050 acc=1.0000 em=1.0000 | val loss=0.0221 acc=0.9965 em=0.9450 | random≈0.0010
  saved best_loss.pt (val_answer_loss=0.022064)
  saved best_acc.pt (val_answer_accuracy=0.996531)
epoch 13/20 train loss=0.0039 acc=1.0000 em=1.0000 | val loss=0.0190 acc=0.9971 em=0.9545 | random≈0.0010
  saved best_loss.pt (val_answer_loss=0.018969)
  saved best_acc.pt (val_answer_accuracy=0.997125)
epoch 14/20 train loss=0.0032 acc=1.0000 em=1.0000 | val loss=0.0168 acc=0.9972 em=0.9555 | random≈0.0010
  saved best_loss.pt (val_answer_loss=0.016760)
epoch 15/20 train loss=0.0026 acc=1.0000 em=1.0000 | val loss=0.0149 acc=0.9975 em=0.9610 | random≈0.0010
  saved best_loss.pt (val_answer_loss=0.014890)
  saved best_acc.pt (val_answer_accuracy=0.997500)
epoch 16/20 train loss=0.0022 acc=1.0000 em=1.0000 | val loss=0.0135 acc=0.9978 em=0.9660 | random≈0.0010
  saved best_loss.pt (val_answer_loss=0.013467)
  saved best_acc.pt (val_answer_accuracy=0.997812)
epoch 17/20 train loss=0.0019 acc=1.0000 em=1.0000 | val loss=0.0123 acc=0.9977 em=0.9635 | random≈0.0010
  saved best_loss.pt (val_answer_loss=0.012327)
epoch 18/20 train loss=0.0016 acc=1.0000 em=1.0000 | val loss=0.0112 acc=0.9979 em=0.9675 | random≈0.0010
  saved best_loss.pt (val_answer_loss=0.011182)
  saved best_acc.pt (val_answer_accuracy=0.997938)
epoch 19/20 train loss=0.0014 acc=1.0000 em=1.0000 | val loss=0.0104 acc=0.9981 em=0.9700 | random≈0.0010
  saved best_loss.pt (val_answer_loss=0.010369)
  saved best_acc.pt (val_answer_accuracy=0.998094)
epoch 20/20 train loss=0.0012 acc=1.0000 em=1.0000 | val loss=0.0096 acc=0.9982 em=0.9720 | random≈0.0010
  saved best_loss.pt (val_answer_loss=0.009553)
  saved best_acc.pt (val_answer_accuracy=0.998219)
test [best_loss_ckpt] loss=0.009013 acc=0.998344 em=0.973500
test [best_acc_ckpt]  loss=0.009013 acc=0.998344 em=0.973500 random_baseline≈0.000977
done. meta_metrics → /home/jovyan/shares/SR008.fs2/nvidenisov/other/repos/mamba/mamba_multi_scale_get_started/outputs/MQARFailureSweep/mqar_fail_mamba2_split_ts_slow_veryslow_v1024_seed44/meta_metrics.csv
