mqar_split_hashes: n_train=20000 uniq_train=20000 | n_val=2000 uniq_val=2000 | n_test=2000 uniq_test=2000
mqar_answer_positions[train]: min=16 mean=16.0000 max=16 (expected 16 per sample)
mqar_answer_positions[val]: min=16 mean=16.0000 max=16 (expected 16 per sample)
mqar_answer_positions[test]: min=16 mean=16.0000 max=16 (expected 16 per sample)
experiment=mqar_fail_transformer_param_match_v1024_seed42 device=cuda:0 out_dir=/home/jovyan/shares/SR008.fs2/nvidenisov/other/repos/mamba/mamba_multi_scale_get_started/outputs/MQARFailureSweep/mqar_fail_transformer_param_match_v1024_seed42
mqar data: fixed_examples=True random_baseline_acc≈1/vocab=0.000977 (vocab_size=1024)
--- mqar resolved config (sanity) ---
  experiment.name: mqar_fail_transformer_param_match_v1024_seed42
  model.backbone: transformer_lm
  model.layer_headdims: —
  model.multiscale.fast_layer_headdims: —
  model.multiscale.slow_layer_headdims: —
  model.multiscale.window_size: —
  model.multiscale.offsets: —
  model.multiscale.summary_mode: —
  model.multiscale.causal_mode: —
  model.multiscale.gate_type: —
  data.input_seq_len: 128
  data.num_kv_pairs: 16
  data.vocab_size: 1024
  data.train_examples: 20000  val_examples: 2000  test_examples: 2000
  data.fixed_examples: True
  data.min_query_pos: null
  train.lr: 0.0003
  train.epochs: 20
  num_parameters_trainable: 3309808
  tags(backbone,fusion,stride): transformer_lm, , 
--- end resolved config ---
epoch 1/20 train loss=6.2520 acc=0.0021 em=0.0000 | val loss=6.2554 acc=0.0016 em=0.0000 | random≈0.0010
  saved best_loss.pt (val_answer_loss=6.255450)
  saved best_acc.pt (val_answer_accuracy=0.001594)
epoch 2/20 train loss=6.2459 acc=0.0021 em=0.0000 | val loss=6.2497 acc=0.0012 em=0.0000 | random≈0.0010
  saved best_loss.pt (val_answer_loss=6.249668)
epoch 3/20 train loss=6.2203 acc=0.0044 em=0.0000 | val loss=6.2330 acc=0.0041 em=0.0000 | random≈0.0010
  saved best_loss.pt (val_answer_loss=6.232957)
  saved best_acc.pt (val_answer_accuracy=0.004063)
epoch 4/20 train loss=5.5548 acc=0.0751 em=0.0000 | val loss=5.6504 acc=0.0689 em=0.0000 | random≈0.0010
  saved best_loss.pt (val_answer_loss=5.650393)
  saved best_acc.pt (val_answer_accuracy=0.068906)
epoch 5/20 train loss=4.9430 acc=0.0894 em=0.0000 | val loss=5.1115 acc=0.0745 em=0.0000 | random≈0.0010
  saved best_loss.pt (val_answer_loss=5.111488)
  saved best_acc.pt (val_answer_accuracy=0.074531)
epoch 6/20 train loss=4.4928 acc=0.1000 em=0.0000 | val loss=4.7441 acc=0.0754 em=0.0000 | random≈0.0010
  saved best_loss.pt (val_answer_loss=4.744051)
  saved best_acc.pt (val_answer_accuracy=0.075438)
epoch 7/20 train loss=4.1573 acc=0.1085 em=0.0000 | val loss=4.4874 acc=0.0767 em=0.0000 | random≈0.0010
  saved best_loss.pt (val_answer_loss=4.487411)
  saved best_acc.pt (val_answer_accuracy=0.076750)
epoch 8/20 train loss=3.9015 acc=0.1187 em=0.0000 | val loss=4.3131 acc=0.0780 em=0.0000 | random≈0.0010
  saved best_loss.pt (val_answer_loss=4.313133)
  saved best_acc.pt (val_answer_accuracy=0.078000)
epoch 9/20 train loss=3.6725 acc=0.1355 em=0.0000 | val loss=4.1658 acc=0.0820 em=0.0000 | random≈0.0010
  saved best_loss.pt (val_answer_loss=4.165816)
  saved best_acc.pt (val_answer_accuracy=0.081969)
epoch 10/20 train loss=0.4506 acc=0.9097 em=0.2147 | val loss=0.5605 acc=0.8852 em=0.1435 | random≈0.0010
  saved best_loss.pt (val_answer_loss=0.560469)
  saved best_acc.pt (val_answer_accuracy=0.885188)
epoch 11/20 train loss=0.0012 acc=1.0000 em=0.9997 | val loss=0.0013 acc=1.0000 em=1.0000 | random≈0.0010
  saved best_loss.pt (val_answer_loss=0.001266)
  saved best_acc.pt (val_answer_accuracy=1.000000)
epoch 12/20 train loss=0.0004 acc=1.0000 em=1.0000 | val loss=0.0005 acc=1.0000 em=1.0000 | random≈0.0010
  saved best_loss.pt (val_answer_loss=0.000484)
epoch 13/20 train loss=0.0003 acc=1.0000 em=1.0000 | val loss=0.0003 acc=1.0000 em=1.0000 | random≈0.0010
  saved best_loss.pt (val_answer_loss=0.000293)
epoch 14/20 train loss=0.0002 acc=1.0000 em=1.0000 | val loss=0.0002 acc=1.0000 em=1.0000 | random≈0.0010
epoch 15/20 train loss=0.0001 acc=1.0000 em=1.0000 | val loss=0.0001 acc=1.0000 em=1.0000 | random≈0.0010
  saved best_loss.pt (val_answer_loss=0.000147)
epoch 16/20 train loss=0.0001 acc=1.0000 em=1.0000 | val loss=0.0001 acc=1.0000 em=1.0000 | random≈0.0010
epoch 17/20 train loss=0.0001 acc=1.0000 em=1.0000 | val loss=0.0001 acc=1.0000 em=1.0000 | random≈0.0010
epoch 18/20 train loss=0.0001 acc=1.0000 em=1.0000 | val loss=0.0001 acc=1.0000 em=1.0000 | random≈0.0010
epoch 19/20 train loss=0.0001 acc=1.0000 em=1.0000 | val loss=0.0001 acc=1.0000 em=1.0000 | random≈0.0010
early stopping at epoch 19: val answer_loss did not improve by min_delta=0.0001 for 4 epochs
test [best_loss_ckpt] loss=0.000146 acc=1.000000 em=1.000000
test [best_acc_ckpt]  loss=0.001248 acc=1.000000 em=1.000000 random_baseline≈0.000977
done. meta_metrics → /home/jovyan/shares/SR008.fs2/nvidenisov/other/repos/mamba/mamba_multi_scale_get_started/outputs/MQARFailureSweep/mqar_fail_transformer_param_match_v1024_seed42/meta_metrics.csv
