mqar_split_hashes: n_train=20000 uniq_train=20000 | n_val=2000 uniq_val=2000 | n_test=2000 uniq_test=2000
mqar_answer_positions[train]: min=16 mean=16.0000 max=16 (expected 16 per sample)
mqar_answer_positions[val]: min=16 mean=16.0000 max=16 (expected 16 per sample)
mqar_answer_positions[test]: min=16 mean=16.0000 max=16 (expected 16 per sample)
experiment=mqar_fail_mamba2_split_ts_50_50_v704_seed42 device=cuda:0 out_dir=/home/jovyan/shares/SR008.fs2/nvidenisov/other/repos/mamba/mamba_multi_scale_get_started/outputs/MQARFailureSweep/mqar_fail_mamba2_split_ts_50_50_v704_seed42
mqar data: fixed_examples=True random_baseline_acc≈1/vocab=0.001420 (vocab_size=704)
--- mqar resolved config (sanity) ---
  experiment.name: mqar_fail_mamba2_split_ts_50_50_v704_seed42
  model.backbone: mamba2_lm
  model.layer_headdims: [32, 32, 32, 32]
  model.multiscale.fast_layer_headdims: —
  model.multiscale.slow_layer_headdims: —
  model.multiscale.window_size: —
  model.multiscale.offsets: —
  model.multiscale.summary_mode: —
  model.multiscale.causal_mode: —
  model.multiscale.gate_type: —
  data.input_seq_len: 128
  data.num_kv_pairs: 16
  data.vocab_size: 704
  data.train_examples: 20000  val_examples: 2000  test_examples: 2000
  data.fixed_examples: True
  data.min_query_pos: null
  train.lr: 0.0003
  train.epochs: 20
  num_parameters_trainable: 2030208
  tags(backbone,fusion,stride): mamba2_lm, , 
--- end resolved config ---
epoch 1/20 train loss=5.8679 acc=0.0039 em=0.0000 | val loss=5.8804 acc=0.0026 em=0.0000 | random≈0.0014
  saved best_loss.pt (val_answer_loss=5.880391)
  saved best_acc.pt (val_answer_accuracy=0.002625)
epoch 2/20 train loss=5.8372 acc=0.0084 em=0.0000 | val loss=5.8750 acc=0.0057 em=0.0000 | random≈0.0014
  saved best_loss.pt (val_answer_loss=5.875043)
  saved best_acc.pt (val_answer_accuracy=0.005687)
epoch 3/20 train loss=5.6744 acc=0.0367 em=0.0000 | val loss=5.8174 acc=0.0294 em=0.0000 | random≈0.0014
  saved best_loss.pt (val_answer_loss=5.817413)
  saved best_acc.pt (val_answer_accuracy=0.029406)
epoch 4/20 train loss=5.3093 acc=0.0747 em=0.0000 | val loss=5.6483 acc=0.0517 em=0.0000 | random≈0.0014
  saved best_loss.pt (val_answer_loss=5.648317)
  saved best_acc.pt (val_answer_accuracy=0.051687)
epoch 5/20 train loss=3.6201 acc=0.3445 em=0.0000 | val loss=3.9764 acc=0.2807 em=0.0000 | random≈0.0014
  saved best_loss.pt (val_answer_loss=3.976426)
  saved best_acc.pt (val_answer_accuracy=0.280687)
epoch 6/20 train loss=0.4738 acc=0.9301 em=0.3130 | val loss=0.6098 acc=0.8934 em=0.1515 | random≈0.0014
  saved best_loss.pt (val_answer_loss=0.609804)
  saved best_acc.pt (val_answer_accuracy=0.893375)
epoch 7/20 train loss=0.0643 acc=0.9958 em=0.9346 | val loss=0.1099 acc=0.9847 em=0.7795 | random≈0.0014
  saved best_loss.pt (val_answer_loss=0.109915)
  saved best_acc.pt (val_answer_accuracy=0.984656)
epoch 8/20 train loss=0.0197 acc=0.9998 em=0.9971 | val loss=0.0453 acc=0.9942 em=0.9120 | random≈0.0014
  saved best_loss.pt (val_answer_loss=0.045294)
  saved best_acc.pt (val_answer_accuracy=0.994188)
epoch 9/20 train loss=0.0099 acc=1.0000 em=0.9999 | val loss=0.0277 acc=0.9968 em=0.9485 | random≈0.0014
  saved best_loss.pt (val_answer_loss=0.027692)
  saved best_acc.pt (val_answer_accuracy=0.996781)
epoch 10/20 train loss=0.0066 acc=1.0000 em=1.0000 | val loss=0.0209 acc=0.9974 em=0.9585 | random≈0.0014
  saved best_loss.pt (val_answer_loss=0.020865)
  saved best_acc.pt (val_answer_accuracy=0.997406)
epoch 11/20 train loss=0.0049 acc=1.0000 em=1.0000 | val loss=0.0174 acc=0.9978 em=0.9640 | random≈0.0014
  saved best_loss.pt (val_answer_loss=0.017382)
  saved best_acc.pt (val_answer_accuracy=0.997750)
epoch 12/20 train loss=0.0038 acc=1.0000 em=1.0000 | val loss=0.0145 acc=0.9980 em=0.9685 | random≈0.0014
  saved best_loss.pt (val_answer_loss=0.014479)
  saved best_acc.pt (val_answer_accuracy=0.998031)
epoch 13/20 train loss=0.0030 acc=1.0000 em=1.0000 | val loss=0.0125 acc=0.9982 em=0.9705 | random≈0.0014
  saved best_loss.pt (val_answer_loss=0.012547)
  saved best_acc.pt (val_answer_accuracy=0.998156)
epoch 14/20 train loss=0.0025 acc=1.0000 em=1.0000 | val loss=0.0110 acc=0.9981 em=0.9695 | random≈0.0014
  saved best_loss.pt (val_answer_loss=0.011022)
epoch 15/20 train loss=0.0021 acc=1.0000 em=1.0000 | val loss=0.0099 acc=0.9984 em=0.9740 | random≈0.0014
  saved best_loss.pt (val_answer_loss=0.009937)
  saved best_acc.pt (val_answer_accuracy=0.998375)
epoch 16/20 train loss=0.0018 acc=1.0000 em=1.0000 | val loss=0.0089 acc=0.9985 em=0.9755 | random≈0.0014
  saved best_loss.pt (val_answer_loss=0.008866)
epoch 17/20 train loss=0.0015 acc=1.0000 em=1.0000 | val loss=0.0081 acc=0.9985 em=0.9760 | random≈0.0014
  saved best_loss.pt (val_answer_loss=0.008118)
  saved best_acc.pt (val_answer_accuracy=0.998500)
epoch 18/20 train loss=0.0013 acc=1.0000 em=1.0000 | val loss=0.0073 acc=0.9986 em=0.9780 | random≈0.0014
  saved best_loss.pt (val_answer_loss=0.007327)
  saved best_acc.pt (val_answer_accuracy=0.998625)
epoch 19/20 train loss=0.0011 acc=1.0000 em=1.0000 | val loss=0.0068 acc=0.9988 em=0.9800 | random≈0.0014
  saved best_loss.pt (val_answer_loss=0.006774)
  saved best_acc.pt (val_answer_accuracy=0.998750)
epoch 20/20 train loss=0.0010 acc=1.0000 em=1.0000 | val loss=0.0062 acc=0.9988 em=0.9815 | random≈0.0014
  saved best_loss.pt (val_answer_loss=0.006187)
test [best_loss_ckpt] loss=0.006770 acc=0.998812 em=0.981000
test [best_acc_ckpt]  loss=0.007299 acc=0.998687 em=0.979000 random_baseline≈0.001420
done. meta_metrics → /home/jovyan/shares/SR008.fs2/nvidenisov/other/repos/mamba/mamba_multi_scale_get_started/outputs/MQARFailureSweep/mqar_fail_mamba2_split_ts_50_50_v704_seed42/meta_metrics.csv
