mqar_split_hashes: n_train=20000 uniq_train=20000 | n_val=2000 uniq_val=2000 | n_test=2000 uniq_test=2000
mqar_answer_positions[train]: min=16 mean=16.0000 max=16 (expected 16 per sample)
mqar_answer_positions[val]: min=16 mean=16.0000 max=16 (expected 16 per sample)
mqar_answer_positions[test]: min=16 mean=16.0000 max=16 (expected 16 per sample)
experiment=mqar_fail_mamba2_split_ts_slow_veryslow_v512_seed47 device=cuda:0 out_dir=/home/jovyan/shares/SR008.fs2/nvidenisov/other/repos/mamba/mamba_multi_scale_get_started/outputs/MQARFailureSweep/mqar_fail_mamba2_split_ts_slow_veryslow_v512_seed47
mqar data: fixed_examples=True random_baseline_acc≈1/vocab=0.001953 (vocab_size=512)
--- mqar resolved config (sanity) ---
  experiment.name: mqar_fail_mamba2_split_ts_slow_veryslow_v512_seed47
  model.backbone: mamba2_lm
  model.layer_headdims: [32, 32, 32, 32]
  model.multiscale.fast_layer_headdims: —
  model.multiscale.slow_layer_headdims: —
  model.multiscale.window_size: —
  model.multiscale.offsets: —
  model.multiscale.summary_mode: —
  model.multiscale.causal_mode: —
  model.multiscale.gate_type: —
  data.input_seq_len: 128
  data.num_kv_pairs: 16
  data.vocab_size: 512
  data.train_examples: 20000  val_examples: 2000  test_examples: 2000
  data.fixed_examples: True
  data.min_query_pos: null
  train.lr: 0.0003
  train.epochs: 20
  num_parameters_trainable: 1931712
  tags(backbone,fusion,stride): mamba2_lm, , 
--- end resolved config ---
epoch 1/20 train loss=5.5484 acc=0.0052 em=0.0000 | val loss=5.5607 acc=0.0038 em=0.0000 | random≈0.0020
  saved best_loss.pt (val_answer_loss=5.560701)
  saved best_acc.pt (val_answer_accuracy=0.003812)
epoch 2/20 train loss=5.4481 acc=0.0347 em=0.0000 | val loss=5.5060 acc=0.0301 em=0.0000 | random≈0.0020
  saved best_loss.pt (val_answer_loss=5.505981)
  saved best_acc.pt (val_answer_accuracy=0.030094)
epoch 3/20 train loss=4.9682 acc=0.1013 em=0.0000 | val loss=5.1579 acc=0.0834 em=0.0000 | random≈0.0020
  saved best_loss.pt (val_answer_loss=5.157873)
  saved best_acc.pt (val_answer_accuracy=0.083437)
epoch 4/20 train loss=1.8864 acc=0.6513 em=0.0001 | val loss=2.0512 acc=0.6117 em=0.0000 | random≈0.0020
  saved best_loss.pt (val_answer_loss=2.051244)
  saved best_acc.pt (val_answer_accuracy=0.611656)
epoch 5/20 train loss=0.1990 acc=0.9743 em=0.6671 | val loss=0.2688 acc=0.9535 em=0.4750 | random≈0.0020
  saved best_loss.pt (val_answer_loss=0.268824)
  saved best_acc.pt (val_answer_accuracy=0.953531)
epoch 6/20 train loss=0.0377 acc=0.9978 em=0.9663 | val loss=0.0720 acc=0.9884 em=0.8310 | random≈0.0020
  saved best_loss.pt (val_answer_loss=0.071987)
  saved best_acc.pt (val_answer_accuracy=0.988406)
epoch 7/20 train loss=0.0125 acc=1.0000 em=0.9992 | val loss=0.0350 acc=0.9941 em=0.9105 | random≈0.0020
  saved best_loss.pt (val_answer_loss=0.035044)
  saved best_acc.pt (val_answer_accuracy=0.994125)
epoch 8/20 train loss=0.0063 acc=1.0000 em=1.0000 | val loss=0.0229 acc=0.9959 em=0.9365 | random≈0.0020
  saved best_loss.pt (val_answer_loss=0.022938)
  saved best_acc.pt (val_answer_accuracy=0.995906)
epoch 9/20 train loss=0.0042 acc=1.0000 em=1.0000 | val loss=0.0178 acc=0.9967 em=0.9495 | random≈0.0020
  saved best_loss.pt (val_answer_loss=0.017797)
  saved best_acc.pt (val_answer_accuracy=0.996719)
epoch 10/20 train loss=0.0031 acc=1.0000 em=1.0000 | val loss=0.0150 acc=0.9970 em=0.9535 | random≈0.0020
  saved best_loss.pt (val_answer_loss=0.014996)
  saved best_acc.pt (val_answer_accuracy=0.997000)
epoch 11/20 train loss=0.0024 acc=1.0000 em=1.0000 | val loss=0.0132 acc=0.9973 em=0.9570 | random≈0.0020
  saved best_loss.pt (val_answer_loss=0.013205)
  saved best_acc.pt (val_answer_accuracy=0.997281)
epoch 12/20 train loss=0.0019 acc=1.0000 em=1.0000 | val loss=0.0118 acc=0.9974 em=0.9600 | random≈0.0020
  saved best_loss.pt (val_answer_loss=0.011794)
  saved best_acc.pt (val_answer_accuracy=0.997406)
epoch 13/20 train loss=0.0015 acc=1.0000 em=1.0000 | val loss=0.0107 acc=0.9975 em=0.9610 | random≈0.0020
  saved best_loss.pt (val_answer_loss=0.010656)
epoch 14/20 train loss=0.0013 acc=1.0000 em=1.0000 | val loss=0.0099 acc=0.9977 em=0.9630 | random≈0.0020
  saved best_loss.pt (val_answer_loss=0.009851)
  saved best_acc.pt (val_answer_accuracy=0.997656)
epoch 15/20 train loss=0.0011 acc=1.0000 em=1.0000 | val loss=0.0091 acc=0.9977 em=0.9645 | random≈0.0020
  saved best_loss.pt (val_answer_loss=0.009084)
epoch 16/20 train loss=0.0009 acc=1.0000 em=1.0000 | val loss=0.0086 acc=0.9980 em=0.9685 | random≈0.0020
  saved best_loss.pt (val_answer_loss=0.008553)
  saved best_acc.pt (val_answer_accuracy=0.997969)
epoch 17/20 train loss=0.0008 acc=1.0000 em=1.0000 | val loss=0.0080 acc=0.9980 em=0.9695 | random≈0.0020
  saved best_loss.pt (val_answer_loss=0.007990)
epoch 18/20 train loss=0.0007 acc=1.0000 em=1.0000 | val loss=0.0076 acc=0.9980 em=0.9690 | random≈0.0020
  saved best_loss.pt (val_answer_loss=0.007563)
epoch 19/20 train loss=0.0006 acc=1.0000 em=1.0000 | val loss=0.0072 acc=0.9982 em=0.9715 | random≈0.0020
  saved best_loss.pt (val_answer_loss=0.007231)
  saved best_acc.pt (val_answer_accuracy=0.998188)
epoch 20/20 train loss=0.0005 acc=1.0000 em=1.0000 | val loss=0.0069 acc=0.9982 em=0.9710 | random≈0.0020
  saved best_loss.pt (val_answer_loss=0.006884)
test [best_loss_ckpt] loss=0.007431 acc=0.998000 em=0.969000
test [best_acc_ckpt]  loss=0.007764 acc=0.998000 em=0.969000 random_baseline≈0.001953
done. meta_metrics → /home/jovyan/shares/SR008.fs2/nvidenisov/other/repos/mamba/mamba_multi_scale_get_started/outputs/MQARFailureSweep/mqar_fail_mamba2_split_ts_slow_veryslow_v512_seed47/meta_metrics.csv
