mqar_split_hashes: n_train=20000 uniq_train=20000 | n_val=2000 uniq_val=2000 | n_test=2000 uniq_test=2000
mqar_answer_positions[train]: min=16 mean=16.0000 max=16 (expected 16 per sample)
mqar_answer_positions[val]: min=16 mean=16.0000 max=16 (expected 16 per sample)
mqar_answer_positions[test]: min=16 mean=16.0000 max=16 (expected 16 per sample)
experiment=mqar_fail_mamba2_slow_init_v768_seed43 device=cuda:0 out_dir=/home/jovyan/shares/SR008.fs2/nvidenisov/other/repos/mamba/mamba_multi_scale_get_started/outputs/MQARFailureSweep/mqar_fail_mamba2_slow_init_v768_seed43
mqar data: fixed_examples=True random_baseline_acc≈1/vocab=0.001302 (vocab_size=768)
--- mqar resolved config (sanity) ---
  experiment.name: mqar_fail_mamba2_slow_init_v768_seed43
  model.backbone: mamba2_lm
  model.layer_headdims: [32, 32, 32, 32]
  model.multiscale.fast_layer_headdims: —
  model.multiscale.slow_layer_headdims: —
  model.multiscale.window_size: —
  model.multiscale.offsets: —
  model.multiscale.summary_mode: —
  model.multiscale.causal_mode: —
  model.multiscale.gate_type: —
  data.input_seq_len: 128
  data.num_kv_pairs: 16
  data.vocab_size: 768
  data.train_examples: 20000  val_examples: 2000  test_examples: 2000
  data.fixed_examples: True
  data.min_query_pos: null
  train.lr: 0.0003
  train.epochs: 20
  num_parameters_trainable: 2063040
  tags(backbone,fusion,stride): mamba2_lm, , 
--- end resolved config ---
epoch 1/20 train loss=5.9565 acc=0.0035 em=0.0000 | val loss=5.9681 acc=0.0027 em=0.0000 | random≈0.0013
  saved best_loss.pt (val_answer_loss=5.968066)
  saved best_acc.pt (val_answer_accuracy=0.002687)
epoch 2/20 train loss=5.9272 acc=0.0072 em=0.0000 | val loss=5.9654 acc=0.0051 em=0.0000 | random≈0.0013
  saved best_loss.pt (val_answer_loss=5.965406)
  saved best_acc.pt (val_answer_accuracy=0.005125)
epoch 3/20 train loss=5.8128 acc=0.0269 em=0.0000 | val loss=5.9380 acc=0.0223 em=0.0000 | random≈0.0013
  saved best_loss.pt (val_answer_loss=5.938014)
  saved best_acc.pt (val_answer_accuracy=0.022344)
epoch 4/20 train loss=5.5165 acc=0.0615 em=0.0000 | val loss=5.8675 acc=0.0410 em=0.0000 | random≈0.0013
  saved best_loss.pt (val_answer_loss=5.867496)
  saved best_acc.pt (val_answer_accuracy=0.040969)
epoch 5/20 train loss=4.7912 acc=0.1808 em=0.0000 | val loss=5.3037 acc=0.1338 em=0.0000 | random≈0.0013
  saved best_loss.pt (val_answer_loss=5.303673)
  saved best_acc.pt (val_answer_accuracy=0.133750)
epoch 6/20 train loss=2.2251 acc=0.6205 em=0.0001 | val loss=2.5561 acc=0.5485 em=0.0000 | random≈0.0013
  saved best_loss.pt (val_answer_loss=2.556146)
  saved best_acc.pt (val_answer_accuracy=0.548531)
epoch 7/20 train loss=0.1846 acc=0.9794 em=0.7212 | val loss=0.2756 acc=0.9577 em=0.5115 | random≈0.0013
  saved best_loss.pt (val_answer_loss=0.275635)
  saved best_acc.pt (val_answer_accuracy=0.957688)
epoch 8/20 train loss=0.0328 acc=0.9988 em=0.9806 | val loss=0.0671 acc=0.9912 em=0.8680 | random≈0.0013
  saved best_loss.pt (val_answer_loss=0.067060)
  saved best_acc.pt (val_answer_accuracy=0.991187)
epoch 9/20 train loss=0.0127 acc=1.0000 em=0.9996 | val loss=0.0346 acc=0.9955 em=0.9290 | random≈0.0013
  saved best_loss.pt (val_answer_loss=0.034550)
  saved best_acc.pt (val_answer_accuracy=0.995469)
epoch 10/20 train loss=0.0075 acc=1.0000 em=1.0000 | val loss=0.0248 acc=0.9964 em=0.9435 | random≈0.0013
  saved best_loss.pt (val_answer_loss=0.024797)
  saved best_acc.pt (val_answer_accuracy=0.996375)
epoch 11/20 train loss=0.0053 acc=1.0000 em=1.0000 | val loss=0.0202 acc=0.9968 em=0.9485 | random≈0.0013
  saved best_loss.pt (val_answer_loss=0.020173)
  saved best_acc.pt (val_answer_accuracy=0.996750)
epoch 12/20 train loss=0.0041 acc=1.0000 em=1.0000 | val loss=0.0169 acc=0.9972 em=0.9555 | random≈0.0013
  saved best_loss.pt (val_answer_loss=0.016869)
  saved best_acc.pt (val_answer_accuracy=0.997188)
epoch 13/20 train loss=0.0032 acc=1.0000 em=1.0000 | val loss=0.0147 acc=0.9973 em=0.9570 | random≈0.0013
  saved best_loss.pt (val_answer_loss=0.014724)
epoch 14/20 train loss=0.0026 acc=1.0000 em=1.0000 | val loss=0.0131 acc=0.9976 em=0.9615 | random≈0.0013
  saved best_loss.pt (val_answer_loss=0.013148)
  saved best_acc.pt (val_answer_accuracy=0.997563)
epoch 15/20 train loss=0.0022 acc=1.0000 em=1.0000 | val loss=0.0116 acc=0.9978 em=0.9655 | random≈0.0013
  saved best_loss.pt (val_answer_loss=0.011625)
  saved best_acc.pt (val_answer_accuracy=0.997812)
epoch 16/20 train loss=0.0018 acc=1.0000 em=1.0000 | val loss=0.0106 acc=0.9981 em=0.9700 | random≈0.0013
  saved best_loss.pt (val_answer_loss=0.010624)
  saved best_acc.pt (val_answer_accuracy=0.998094)
epoch 17/20 train loss=0.0016 acc=1.0000 em=1.0000 | val loss=0.0096 acc=0.9982 em=0.9725 | random≈0.0013
  saved best_loss.pt (val_answer_loss=0.009615)
  saved best_acc.pt (val_answer_accuracy=0.998250)
epoch 18/20 train loss=0.0013 acc=1.0000 em=1.0000 | val loss=0.0089 acc=0.9983 em=0.9740 | random≈0.0013
  saved best_loss.pt (val_answer_loss=0.008950)
epoch 19/20 train loss=0.0012 acc=1.0000 em=1.0000 | val loss=0.0082 acc=0.9986 em=0.9775 | random≈0.0013
  saved best_loss.pt (val_answer_loss=0.008240)
  saved best_acc.pt (val_answer_accuracy=0.998563)
epoch 20/20 train loss=0.0010 acc=1.0000 em=1.0000 | val loss=0.0076 acc=0.9985 em=0.9765 | random≈0.0013
  saved best_loss.pt (val_answer_loss=0.007623)
test [best_loss_ckpt] loss=0.006391 acc=0.998750 em=0.980000
test [best_acc_ckpt]  loss=0.006962 acc=0.998656 em=0.978500 random_baseline≈0.001302
done. meta_metrics → /home/jovyan/shares/SR008.fs2/nvidenisov/other/repos/mamba/mamba_multi_scale_get_started/outputs/MQARFailureSweep/mqar_fail_mamba2_slow_init_v768_seed43/meta_metrics.csv
