mqar_split_hashes: n_train=20000 uniq_train=20000 | n_val=2000 uniq_val=2000 | n_test=2000 uniq_test=2000
mqar_answer_positions[train]: min=16 mean=16.0000 max=16 (expected 16 per sample)
mqar_answer_positions[val]: min=16 mean=16.0000 max=16 (expected 16 per sample)
mqar_answer_positions[test]: min=16 mean=16.0000 max=16 (expected 16 per sample)
experiment=mqar_fail_mamba2_slow_init_v768_seed48 device=cuda:0 out_dir=/home/jovyan/shares/SR008.fs2/nvidenisov/other/repos/mamba/mamba_multi_scale_get_started/outputs/MQARFailureSweep/mqar_fail_mamba2_slow_init_v768_seed48
mqar data: fixed_examples=True random_baseline_acc≈1/vocab=0.001302 (vocab_size=768)
--- mqar resolved config (sanity) ---
  experiment.name: mqar_fail_mamba2_slow_init_v768_seed48
  model.backbone: mamba2_lm
  model.layer_headdims: [32, 32, 32, 32]
  model.multiscale.fast_layer_headdims: —
  model.multiscale.slow_layer_headdims: —
  model.multiscale.window_size: —
  model.multiscale.offsets: —
  model.multiscale.summary_mode: —
  model.multiscale.causal_mode: —
  model.multiscale.gate_type: —
  data.input_seq_len: 128
  data.num_kv_pairs: 16
  data.vocab_size: 768
  data.train_examples: 20000  val_examples: 2000  test_examples: 2000
  data.fixed_examples: True
  data.min_query_pos: null
  train.lr: 0.0003
  train.epochs: 20
  num_parameters_trainable: 2063040
  tags(backbone,fusion,stride): mamba2_lm, , 
--- end resolved config ---
epoch 1/20 train loss=5.9561 acc=0.0035 em=0.0000 | val loss=5.9682 acc=0.0026 em=0.0000 | random≈0.0013
  saved best_loss.pt (val_answer_loss=5.968184)
  saved best_acc.pt (val_answer_accuracy=0.002625)
epoch 2/20 train loss=5.9301 acc=0.0060 em=0.0000 | val loss=5.9654 acc=0.0028 em=0.0000 | random≈0.0013
  saved best_loss.pt (val_answer_loss=5.965384)
  saved best_acc.pt (val_answer_accuracy=0.002844)
epoch 3/20 train loss=5.7252 acc=0.0441 em=0.0000 | val loss=5.8776 acc=0.0373 em=0.0000 | random≈0.0013
  saved best_loss.pt (val_answer_loss=5.877574)
  saved best_acc.pt (val_answer_accuracy=0.037281)
epoch 4/20 train loss=5.2887 acc=0.0899 em=0.0000 | val loss=5.6493 acc=0.0632 em=0.0000 | random≈0.0013
  saved best_loss.pt (val_answer_loss=5.649271)
  saved best_acc.pt (val_answer_accuracy=0.063219)
epoch 5/20 train loss=3.8703 acc=0.3092 em=0.0000 | val loss=4.2744 acc=0.2473 em=0.0000 | random≈0.0013
  saved best_loss.pt (val_answer_loss=4.274380)
  saved best_acc.pt (val_answer_accuracy=0.247344)
epoch 6/20 train loss=0.5528 acc=0.9158 em=0.2439 | val loss=0.7029 acc=0.8789 em=0.1220 | random≈0.0013
  saved best_loss.pt (val_answer_loss=0.702852)
  saved best_acc.pt (val_answer_accuracy=0.878906)
epoch 7/20 train loss=0.0805 acc=0.9927 em=0.8904 | val loss=0.1401 acc=0.9770 em=0.6840 | random≈0.0013
  saved best_loss.pt (val_answer_loss=0.140109)
  saved best_acc.pt (val_answer_accuracy=0.977031)
epoch 8/20 train loss=0.0229 acc=0.9995 em=0.9919 | val loss=0.0577 acc=0.9907 em=0.8595 | random≈0.0013
  saved best_loss.pt (val_answer_loss=0.057659)
  saved best_acc.pt (val_answer_accuracy=0.990719)
epoch 9/20 train loss=0.0099 acc=1.0000 em=1.0000 | val loss=0.0338 acc=0.9944 em=0.9150 | random≈0.0013
  saved best_loss.pt (val_answer_loss=0.033770)
  saved best_acc.pt (val_answer_accuracy=0.994437)
epoch 10/20 train loss=0.0063 acc=1.0000 em=1.0000 | val loss=0.0260 acc=0.9955 em=0.9295 | random≈0.0013
  saved best_loss.pt (val_answer_loss=0.026012)
  saved best_acc.pt (val_answer_accuracy=0.995531)
epoch 11/20 train loss=0.0046 acc=1.0000 em=1.0000 | val loss=0.0220 acc=0.9959 em=0.9365 | random≈0.0013
  saved best_loss.pt (val_answer_loss=0.022001)
  saved best_acc.pt (val_answer_accuracy=0.995938)
epoch 12/20 train loss=0.0035 acc=1.0000 em=1.0000 | val loss=0.0192 acc=0.9961 em=0.9390 | random≈0.0013
  saved best_loss.pt (val_answer_loss=0.019203)
  saved best_acc.pt (val_answer_accuracy=0.996094)
epoch 13/20 train loss=0.0028 acc=1.0000 em=1.0000 | val loss=0.0172 acc=0.9964 em=0.9440 | random≈0.0013
  saved best_loss.pt (val_answer_loss=0.017153)
  saved best_acc.pt (val_answer_accuracy=0.996406)
epoch 14/20 train loss=0.0023 acc=1.0000 em=1.0000 | val loss=0.0153 acc=0.9968 em=0.9500 | random≈0.0013
  saved best_loss.pt (val_answer_loss=0.015329)
  saved best_acc.pt (val_answer_accuracy=0.996812)
epoch 15/20 train loss=0.0019 acc=1.0000 em=1.0000 | val loss=0.0142 acc=0.9969 em=0.9520 | random≈0.0013
  saved best_loss.pt (val_answer_loss=0.014208)
epoch 16/20 train loss=0.0016 acc=1.0000 em=1.0000 | val loss=0.0129 acc=0.9974 em=0.9590 | random≈0.0013
  saved best_loss.pt (val_answer_loss=0.012870)
  saved best_acc.pt (val_answer_accuracy=0.997437)
epoch 17/20 train loss=0.0014 acc=1.0000 em=1.0000 | val loss=0.0121 acc=0.9973 em=0.9575 | random≈0.0013
  saved best_loss.pt (val_answer_loss=0.012055)
epoch 18/20 train loss=0.0012 acc=1.0000 em=1.0000 | val loss=0.0112 acc=0.9974 em=0.9590 | random≈0.0013
  saved best_loss.pt (val_answer_loss=0.011186)
epoch 19/20 train loss=0.0010 acc=1.0000 em=1.0000 | val loss=0.0106 acc=0.9976 em=0.9610 | random≈0.0013
  saved best_loss.pt (val_answer_loss=0.010613)
  saved best_acc.pt (val_answer_accuracy=0.997563)
epoch 20/20 train loss=0.0009 acc=1.0000 em=1.0000 | val loss=0.0100 acc=0.9975 em=0.9600 | random≈0.0013
  saved best_loss.pt (val_answer_loss=0.010010)
test [best_loss_ckpt] loss=0.009483 acc=0.997656 em=0.962500
test [best_acc_ckpt]  loss=0.010057 acc=0.997500 em=0.960000 random_baseline≈0.001302
done. meta_metrics → /home/jovyan/shares/SR008.fs2/nvidenisov/other/repos/mamba/mamba_multi_scale_get_started/outputs/MQARFailureSweep/mqar_fail_mamba2_slow_init_v768_seed48/meta_metrics.csv
