mqar_split_hashes: n_train=20000 uniq_train=20000 | n_val=2000 uniq_val=2000 | n_test=2000 uniq_test=2000
mqar_answer_positions[train]: min=16 mean=16.0000 max=16 (expected 16 per sample)
mqar_answer_positions[val]: min=16 mean=16.0000 max=16 (expected 16 per sample)
mqar_answer_positions[test]: min=16 mean=16.0000 max=16 (expected 16 per sample)
experiment=mqar_fail_ms_gated_right_init_v704_seed48 device=cuda:0 out_dir=/home/jovyan/shares/SR008.fs2/nvidenisov/other/repos/mamba/mamba_multi_scale_get_started/outputs/MQARFailureSweep/mqar_fail_ms_gated_right_init_v704_seed48
mqar data: fixed_examples=True random_baseline_acc≈1/vocab=0.001420 (vocab_size=704)
--- mqar resolved config (sanity) ---
  experiment.name: mqar_fail_ms_gated_right_init_v704_seed48
  model.backbone: multiscale_mamba2_lm
  model.layer_headdims: [32, 32, 32, 32]
  model.multiscale.fast_layer_headdims: [32, 32, 32, 32]
  model.multiscale.slow_layer_headdims: [32, 32]
  model.multiscale.window_size: —
  model.multiscale.offsets: —
  model.multiscale.summary_mode: —
  model.multiscale.causal_mode: —
  model.multiscale.gate_type: —
  data.input_seq_len: 128
  data.num_kv_pairs: 16
  data.vocab_size: 704
  data.train_examples: 20000  val_examples: 2000  test_examples: 2000
  data.fixed_examples: True
  data.min_query_pos: null
  train.lr: 0.0003
  train.epochs: 20
  num_parameters_trainable: 2996832
  tags(backbone,fusion,stride): multiscale_mamba2_lm, gated, 2
--- end resolved config ---
epoch 1/20 train loss=5.8673 acc=0.0036 em=0.0000 | val loss=5.8806 acc=0.0022 em=0.0000 | random≈0.0014
  saved best_loss.pt (val_answer_loss=5.880575)
  saved best_acc.pt (val_answer_accuracy=0.002156)
epoch 2/20 train loss=5.8321 acc=0.0099 em=0.0000 | val loss=5.8727 acc=0.0076 em=0.0000 | random≈0.0014
  saved best_loss.pt (val_answer_loss=5.872731)
  saved best_acc.pt (val_answer_accuracy=0.007562)
epoch 3/20 train loss=5.6712 acc=0.0387 em=0.0000 | val loss=5.8223 acc=0.0319 em=0.0000 | random≈0.0014
  saved best_loss.pt (val_answer_loss=5.822287)
  saved best_acc.pt (val_answer_accuracy=0.031938)
epoch 4/20 train loss=5.2134 acc=0.0997 em=0.0000 | val loss=5.6315 acc=0.0684 em=0.0000 | random≈0.0014
  saved best_loss.pt (val_answer_loss=5.631538)
  saved best_acc.pt (val_answer_accuracy=0.068437)
epoch 5/20 train loss=3.5138 acc=0.3659 em=0.0000 | val loss=4.0274 acc=0.2896 em=0.0000 | random≈0.0014
  saved best_loss.pt (val_answer_loss=4.027433)
  saved best_acc.pt (val_answer_accuracy=0.289594)
epoch 6/20 train loss=0.8030 acc=0.8412 em=0.0595 | val loss=1.0760 acc=0.7598 em=0.0080 | random≈0.0014
  saved best_loss.pt (val_answer_loss=1.075958)
  saved best_acc.pt (val_answer_accuracy=0.759781)
epoch 7/20 train loss=0.2083 acc=0.9703 em=0.6197 | val loss=0.3523 acc=0.9276 em=0.3035 | random≈0.0014
  saved best_loss.pt (val_answer_loss=0.352297)
  saved best_acc.pt (val_answer_accuracy=0.927562)
epoch 8/20 train loss=0.0762 acc=0.9927 em=0.8910 | val loss=0.1792 acc=0.9605 em=0.5265 | random≈0.0014
  saved best_loss.pt (val_answer_loss=0.179233)
  saved best_acc.pt (val_answer_accuracy=0.960500)
epoch 9/20 train loss=0.0287 acc=0.9989 em=0.9823 | val loss=0.0988 acc=0.9784 em=0.7120 | random≈0.0014
  saved best_loss.pt (val_answer_loss=0.098806)
  saved best_acc.pt (val_answer_accuracy=0.978406)
epoch 10/20 train loss=0.0120 acc=0.9999 em=0.9990 | val loss=0.0584 acc=0.9871 em=0.8135 | random≈0.0014
  saved best_loss.pt (val_answer_loss=0.058438)
  saved best_acc.pt (val_answer_accuracy=0.987062)
epoch 11/20 train loss=0.0069 acc=1.0000 em=1.0000 | val loss=0.0430 acc=0.9902 em=0.8565 | random≈0.0014
  saved best_loss.pt (val_answer_loss=0.042982)
  saved best_acc.pt (val_answer_accuracy=0.990156)
epoch 12/20 train loss=0.0048 acc=1.0000 em=1.0000 | val loss=0.0354 acc=0.9921 em=0.8830 | random≈0.0014
  saved best_loss.pt (val_answer_loss=0.035410)
  saved best_acc.pt (val_answer_accuracy=0.992094)
epoch 13/20 train loss=0.0036 acc=1.0000 em=1.0000 | val loss=0.0305 acc=0.9932 em=0.8965 | random≈0.0014
  saved best_loss.pt (val_answer_loss=0.030473)
  saved best_acc.pt (val_answer_accuracy=0.993219)
epoch 14/20 train loss=0.0029 acc=1.0000 em=1.0000 | val loss=0.0277 acc=0.9934 em=0.9010 | random≈0.0014
  saved best_loss.pt (val_answer_loss=0.027671)
  saved best_acc.pt (val_answer_accuracy=0.993437)
epoch 15/20 train loss=0.0024 acc=1.0000 em=1.0000 | val loss=0.0254 acc=0.9945 em=0.9170 | random≈0.0014
  saved best_loss.pt (val_answer_loss=0.025382)
  saved best_acc.pt (val_answer_accuracy=0.994531)
epoch 16/20 train loss=0.0020 acc=1.0000 em=1.0000 | val loss=0.0238 acc=0.9943 em=0.9130 | random≈0.0014
  saved best_loss.pt (val_answer_loss=0.023754)
epoch 17/20 train loss=0.0017 acc=1.0000 em=1.0000 | val loss=0.0225 acc=0.9946 em=0.9180 | random≈0.0014
  saved best_loss.pt (val_answer_loss=0.022518)
epoch 18/20 train loss=0.0015 acc=1.0000 em=1.0000 | val loss=0.0209 acc=0.9947 em=0.9195 | random≈0.0014
  saved best_loss.pt (val_answer_loss=0.020922)
  saved best_acc.pt (val_answer_accuracy=0.994719)
epoch 19/20 train loss=0.0013 acc=1.0000 em=1.0000 | val loss=0.0201 acc=0.9949 em=0.9225 | random≈0.0014
  saved best_loss.pt (val_answer_loss=0.020121)
  saved best_acc.pt (val_answer_accuracy=0.994938)
epoch 20/20 train loss=0.0011 acc=1.0000 em=1.0000 | val loss=0.0191 acc=0.9951 em=0.9260 | random≈0.0014
  saved best_loss.pt (val_answer_loss=0.019114)
  saved best_acc.pt (val_answer_accuracy=0.995125)
test [best_loss_ckpt] loss=0.018785 acc=0.995344 em=0.928500
test [best_acc_ckpt]  loss=0.018785 acc=0.995344 em=0.928500 random_baseline≈0.001420
done. meta_metrics → /home/jovyan/shares/SR008.fs2/nvidenisov/other/repos/mamba/mamba_multi_scale_get_started/outputs/MQARFailureSweep/mqar_fail_ms_gated_right_init_v704_seed48/meta_metrics.csv
