mqar_split_hashes: n_train=20000 uniq_train=20000 | n_val=2000 uniq_val=2000 | n_test=2000 uniq_test=2000
mqar_answer_positions[train]: min=16 mean=16.0000 max=16 (expected 16 per sample)
mqar_answer_positions[val]: min=16 mean=16.0000 max=16 (expected 16 per sample)
mqar_answer_positions[test]: min=16 mean=16.0000 max=16 (expected 16 per sample)
experiment=mqar_fail_ms_gated_right_init_v896_seed51 device=cuda:0 out_dir=/home/jovyan/shares/SR008.fs2/nvidenisov/other/repos/mamba/mamba_multi_scale_get_started/outputs/MQARFailureSweep/mqar_fail_ms_gated_right_init_v896_seed51
mqar data: fixed_examples=True random_baseline_acc≈1/vocab=0.001116 (vocab_size=896)
--- mqar resolved config (sanity) ---
  experiment.name: mqar_fail_ms_gated_right_init_v896_seed51
  model.backbone: multiscale_mamba2_lm
  model.layer_headdims: [32, 32, 32, 32]
  model.multiscale.fast_layer_headdims: [32, 32, 32, 32]
  model.multiscale.slow_layer_headdims: [32, 32]
  model.multiscale.window_size: —
  model.multiscale.offsets: —
  model.multiscale.summary_mode: —
  model.multiscale.causal_mode: —
  model.multiscale.gate_type: —
  data.input_seq_len: 128
  data.num_kv_pairs: 16
  data.vocab_size: 896
  data.train_examples: 20000  val_examples: 2000  test_examples: 2000
  data.fixed_examples: True
  data.min_query_pos: null
  train.lr: 0.0003
  train.epochs: 20
  num_parameters_trainable: 3095328
  tags(backbone,fusion,stride): multiscale_mamba2_lm, gated, 2
--- end resolved config ---
epoch 1/20 train loss=6.1084 acc=0.0028 em=0.0000 | val loss=6.1221 acc=0.0018 em=0.0000 | random≈0.0011
  saved best_loss.pt (val_answer_loss=6.122111)
  saved best_acc.pt (val_answer_accuracy=0.001781)
epoch 2/20 train loss=6.0775 acc=0.0069 em=0.0000 | val loss=6.1251 acc=0.0042 em=0.0000 | random≈0.0011
  saved best_acc.pt (val_answer_accuracy=0.004219)
epoch 3/20 train loss=5.9328 acc=0.0224 em=0.0000 | val loss=6.1104 acc=0.0149 em=0.0000 | random≈0.0011
  saved best_loss.pt (val_answer_loss=6.110444)
  saved best_acc.pt (val_answer_accuracy=0.014906)
epoch 4/20 train loss=5.5814 acc=0.0591 em=0.0000 | val loss=6.0787 acc=0.0310 em=0.0000 | random≈0.0011
  saved best_loss.pt (val_answer_loss=6.078676)
  saved best_acc.pt (val_answer_accuracy=0.031000)
epoch 5/20 train loss=4.9730 acc=0.1310 em=0.0000 | val loss=5.8951 acc=0.0564 em=0.0000 | random≈0.0011
  saved best_loss.pt (val_answer_loss=5.895137)
  saved best_acc.pt (val_answer_accuracy=0.056438)
epoch 6/20 train loss=2.8939 acc=0.5256 em=0.0000 | val loss=3.6429 acc=0.3662 em=0.0000 | random≈0.0011
  saved best_loss.pt (val_answer_loss=3.642925)
  saved best_acc.pt (val_answer_accuracy=0.366187)
epoch 7/20 train loss=0.5127 acc=0.9281 em=0.3114 | val loss=0.8150 acc=0.8565 em=0.0850 | random≈0.0011
  saved best_loss.pt (val_answer_loss=0.815034)
  saved best_acc.pt (val_answer_accuracy=0.856469)
epoch 8/20 train loss=0.1041 acc=0.9925 em=0.8873 | val loss=0.2343 acc=0.9643 em=0.5625 | random≈0.0011
  saved best_loss.pt (val_answer_loss=0.234345)
  saved best_acc.pt (val_answer_accuracy=0.964250)
epoch 9/20 train loss=0.0281 acc=0.9996 em=0.9932 | val loss=0.1010 acc=0.9841 em=0.7720 | random≈0.0011
  saved best_loss.pt (val_answer_loss=0.100988)
  saved best_acc.pt (val_answer_accuracy=0.984125)
epoch 10/20 train loss=0.0120 acc=1.0000 em=0.9997 | val loss=0.0605 acc=0.9902 em=0.8555 | random≈0.0011
  saved best_loss.pt (val_answer_loss=0.060460)
  saved best_acc.pt (val_answer_accuracy=0.990187)
epoch 11/20 train loss=0.0074 acc=1.0000 em=1.0000 | val loss=0.0468 acc=0.9915 em=0.8735 | random≈0.0011
  saved best_loss.pt (val_answer_loss=0.046772)
  saved best_acc.pt (val_answer_accuracy=0.991500)
epoch 12/20 train loss=0.0054 acc=1.0000 em=1.0000 | val loss=0.0392 acc=0.9925 em=0.8895 | random≈0.0011
  saved best_loss.pt (val_answer_loss=0.039165)
  saved best_acc.pt (val_answer_accuracy=0.992531)
epoch 13/20 train loss=0.0041 acc=1.0000 em=1.0000 | val loss=0.0349 acc=0.9935 em=0.9005 | random≈0.0011
  saved best_loss.pt (val_answer_loss=0.034851)
  saved best_acc.pt (val_answer_accuracy=0.993469)
epoch 14/20 train loss=0.0033 acc=1.0000 em=1.0000 | val loss=0.0310 acc=0.9934 em=0.9005 | random≈0.0011
  saved best_loss.pt (val_answer_loss=0.030965)
epoch 15/20 train loss=0.0027 acc=1.0000 em=1.0000 | val loss=0.0279 acc=0.9940 em=0.9085 | random≈0.0011
  saved best_loss.pt (val_answer_loss=0.027886)
  saved best_acc.pt (val_answer_accuracy=0.994000)
epoch 16/20 train loss=0.0022 acc=1.0000 em=1.0000 | val loss=0.0253 acc=0.9945 em=0.9155 | random≈0.0011
  saved best_loss.pt (val_answer_loss=0.025275)
  saved best_acc.pt (val_answer_accuracy=0.994500)
epoch 17/20 train loss=0.0019 acc=1.0000 em=1.0000 | val loss=0.0231 acc=0.9950 em=0.9225 | random≈0.0011
  saved best_loss.pt (val_answer_loss=0.023052)
  saved best_acc.pt (val_answer_accuracy=0.995031)
epoch 18/20 train loss=0.0016 acc=1.0000 em=1.0000 | val loss=0.0213 acc=0.9952 em=0.9260 | random≈0.0011
  saved best_loss.pt (val_answer_loss=0.021321)
  saved best_acc.pt (val_answer_accuracy=0.995219)
epoch 19/20 train loss=0.0014 acc=1.0000 em=1.0000 | val loss=0.0199 acc=0.9956 em=0.9320 | random≈0.0011
  saved best_loss.pt (val_answer_loss=0.019907)
  saved best_acc.pt (val_answer_accuracy=0.995625)
epoch 20/20 train loss=0.0012 acc=1.0000 em=1.0000 | val loss=0.0186 acc=0.9959 em=0.9350 | random≈0.0011
  saved best_loss.pt (val_answer_loss=0.018563)
  saved best_acc.pt (val_answer_accuracy=0.995875)
test [best_loss_ckpt] loss=0.019984 acc=0.994938 em=0.919500
test [best_acc_ckpt]  loss=0.019984 acc=0.994938 em=0.919500 random_baseline≈0.001116
done. meta_metrics → /home/jovyan/shares/SR008.fs2/nvidenisov/other/repos/mamba/mamba_multi_scale_get_started/outputs/MQARFailureSweep/mqar_fail_ms_gated_right_init_v896_seed51/meta_metrics.csv
