mqar_split_hashes: n_train=20000 uniq_train=20000 | n_val=2000 uniq_val=2000 | n_test=2000 uniq_test=2000
mqar_answer_positions[train]: min=16 mean=16.0000 max=16 (expected 16 per sample)
mqar_answer_positions[val]: min=16 mean=16.0000 max=16 (expected 16 per sample)
mqar_answer_positions[test]: min=16 mean=16.0000 max=16 (expected 16 per sample)
experiment=mqar_fail_mamba2_split_ts_50_50_v512_seed43 device=cuda:0 out_dir=/home/jovyan/shares/SR008.fs2/nvidenisov/other/repos/mamba/mamba_multi_scale_get_started/outputs/MQARFailureSweep/mqar_fail_mamba2_split_ts_50_50_v512_seed43
mqar data: fixed_examples=True random_baseline_acc≈1/vocab=0.001953 (vocab_size=512)
--- mqar resolved config (sanity) ---
  experiment.name: mqar_fail_mamba2_split_ts_50_50_v512_seed43
  model.backbone: mamba2_lm
  model.layer_headdims: [32, 32, 32, 32]
  model.multiscale.fast_layer_headdims: —
  model.multiscale.slow_layer_headdims: —
  model.multiscale.window_size: —
  model.multiscale.offsets: —
  model.multiscale.summary_mode: —
  model.multiscale.causal_mode: —
  model.multiscale.gate_type: —
  data.input_seq_len: 128
  data.num_kv_pairs: 16
  data.vocab_size: 512
  data.train_examples: 20000  val_examples: 2000  test_examples: 2000
  data.fixed_examples: True
  data.min_query_pos: null
  train.lr: 0.0003
  train.epochs: 20
  num_parameters_trainable: 1931712
  tags(backbone,fusion,stride): mamba2_lm, , 
--- end resolved config ---
epoch 1/20 train loss=5.5496 acc=0.0051 em=0.0000 | val loss=5.5634 acc=0.0037 em=0.0000 | random≈0.0020
  saved best_loss.pt (val_answer_loss=5.563424)
  saved best_acc.pt (val_answer_accuracy=0.003750)
epoch 2/20 train loss=5.4928 acc=0.0214 em=0.0000 | val loss=5.5374 acc=0.0185 em=0.0000 | random≈0.0020
  saved best_loss.pt (val_answer_loss=5.537436)
  saved best_acc.pt (val_answer_accuracy=0.018531)
epoch 3/20 train loss=5.2112 acc=0.0613 em=0.0000 | val loss=5.3571 acc=0.0524 em=0.0000 | random≈0.0020
  saved best_loss.pt (val_answer_loss=5.357125)
  saved best_acc.pt (val_answer_accuracy=0.052437)
epoch 4/20 train loss=4.1040 acc=0.2484 em=0.0000 | val loss=4.3274 acc=0.2191 em=0.0000 | random≈0.0020
  saved best_loss.pt (val_answer_loss=4.327435)
  saved best_acc.pt (val_answer_accuracy=0.219094)
epoch 5/20 train loss=0.7985 acc=0.8617 em=0.0858 | val loss=0.9109 acc=0.8259 em=0.0420 | random≈0.0020
  saved best_loss.pt (val_answer_loss=0.910884)
  saved best_acc.pt (val_answer_accuracy=0.825937)
epoch 6/20 train loss=0.1358 acc=0.9882 em=0.8274 | val loss=0.1829 acc=0.9751 em=0.6715 | random≈0.0020
  saved best_loss.pt (val_answer_loss=0.182920)
  saved best_acc.pt (val_answer_accuracy=0.975063)
epoch 7/20 train loss=0.0373 acc=0.9990 em=0.9847 | val loss=0.0640 acc=0.9920 em=0.8805 | random≈0.0020
  saved best_loss.pt (val_answer_loss=0.064032)
  saved best_acc.pt (val_answer_accuracy=0.992031)
epoch 8/20 train loss=0.0159 acc=1.0000 em=0.9996 | val loss=0.0335 acc=0.9963 em=0.9435 | random≈0.0020
  saved best_loss.pt (val_answer_loss=0.033506)
  saved best_acc.pt (val_answer_accuracy=0.996344)
epoch 9/20 train loss=0.0092 acc=1.0000 em=1.0000 | val loss=0.0233 acc=0.9978 em=0.9640 | random≈0.0020
  saved best_loss.pt (val_answer_loss=0.023344)
  saved best_acc.pt (val_answer_accuracy=0.997750)
epoch 10/20 train loss=0.0063 acc=1.0000 em=1.0000 | val loss=0.0185 acc=0.9978 em=0.9660 | random≈0.0020
  saved best_loss.pt (val_answer_loss=0.018487)
epoch 11/20 train loss=0.0047 acc=1.0000 em=1.0000 | val loss=0.0151 acc=0.9982 em=0.9715 | random≈0.0020
  saved best_loss.pt (val_answer_loss=0.015114)
  saved best_acc.pt (val_answer_accuracy=0.998219)
epoch 12/20 train loss=0.0036 acc=1.0000 em=1.0000 | val loss=0.0131 acc=0.9983 em=0.9730 | random≈0.0020
  saved best_loss.pt (val_answer_loss=0.013126)
epoch 13/20 train loss=0.0029 acc=1.0000 em=1.0000 | val loss=0.0112 acc=0.9985 em=0.9765 | random≈0.0020
  saved best_loss.pt (val_answer_loss=0.011166)
  saved best_acc.pt (val_answer_accuracy=0.998531)
epoch 14/20 train loss=0.0024 acc=1.0000 em=1.0000 | val loss=0.0100 acc=0.9985 em=0.9765 | random≈0.0020
  saved best_loss.pt (val_answer_loss=0.010025)
epoch 15/20 train loss=0.0019 acc=1.0000 em=1.0000 | val loss=0.0089 acc=0.9986 em=0.9780 | random≈0.0020
  saved best_loss.pt (val_answer_loss=0.008932)
epoch 16/20 train loss=0.0016 acc=1.0000 em=1.0000 | val loss=0.0082 acc=0.9989 em=0.9820 | random≈0.0020
  saved best_loss.pt (val_answer_loss=0.008150)
  saved best_acc.pt (val_answer_accuracy=0.998875)
epoch 17/20 train loss=0.0014 acc=1.0000 em=1.0000 | val loss=0.0074 acc=0.9989 em=0.9830 | random≈0.0020
  saved best_loss.pt (val_answer_loss=0.007352)
epoch 18/20 train loss=0.0012 acc=1.0000 em=1.0000 | val loss=0.0066 acc=0.9989 em=0.9825 | random≈0.0020
  saved best_loss.pt (val_answer_loss=0.006644)
epoch 19/20 train loss=0.0010 acc=1.0000 em=1.0000 | val loss=0.0062 acc=0.9990 em=0.9845 | random≈0.0020
  saved best_loss.pt (val_answer_loss=0.006154)
  saved best_acc.pt (val_answer_accuracy=0.999031)
epoch 20/20 train loss=0.0009 acc=1.0000 em=1.0000 | val loss=0.0057 acc=0.9990 em=0.9840 | random≈0.0020
  saved best_loss.pt (val_answer_loss=0.005722)
test [best_loss_ckpt] loss=0.005605 acc=0.999250 em=0.988000
test [best_acc_ckpt]  loss=0.006036 acc=0.999156 em=0.986500 random_baseline≈0.001953
done. meta_metrics → /home/jovyan/shares/SR008.fs2/nvidenisov/other/repos/mamba/mamba_multi_scale_get_started/outputs/MQARFailureSweep/mqar_fail_mamba2_split_ts_50_50_v512_seed43/meta_metrics.csv
