mqar_split_hashes: n_train=20000 uniq_train=20000 | n_val=2000 uniq_val=2000 | n_test=2000 uniq_test=2000
mqar_answer_positions[train]: min=16 mean=16.0000 max=16 (expected 16 per sample)
mqar_answer_positions[val]: min=16 mean=16.0000 max=16 (expected 16 per sample)
mqar_answer_positions[test]: min=16 mean=16.0000 max=16 (expected 16 per sample)
experiment=mqar_fail_transformer_param_match_v704_seed45 device=cuda:0 out_dir=/home/jovyan/shares/SR008.fs2/nvidenisov/other/repos/mamba/mamba_multi_scale_get_started/outputs/MQARFailureSweep/mqar_fail_transformer_param_match_v704_seed45
mqar data: fixed_examples=True random_baseline_acc≈1/vocab=0.001420 (vocab_size=704)
--- mqar resolved config (sanity) ---
  experiment.name: mqar_fail_transformer_param_match_v704_seed45
  model.backbone: transformer_lm
  model.layer_headdims: —
  model.multiscale.fast_layer_headdims: —
  model.multiscale.slow_layer_headdims: —
  model.multiscale.window_size: —
  model.multiscale.offsets: —
  model.multiscale.summary_mode: —
  model.multiscale.causal_mode: —
  model.multiscale.gate_type: —
  data.input_seq_len: 128
  data.num_kv_pairs: 16
  data.vocab_size: 704
  data.train_examples: 20000  val_examples: 2000  test_examples: 2000
  data.fixed_examples: True
  data.min_query_pos: null
  train.lr: 0.0003
  train.epochs: 20
  num_parameters_trainable: 3161008
  tags(backbone,fusion,stride): transformer_lm, , 
--- end resolved config ---
epoch 1/20 train loss=5.8764 acc=0.0032 em=0.0000 | val loss=5.8802 acc=0.0027 em=0.0000 | random≈0.0014
  saved best_loss.pt (val_answer_loss=5.880168)
  saved best_acc.pt (val_answer_accuracy=0.002656)
epoch 2/20 train loss=5.8684 acc=0.0032 em=0.0000 | val loss=5.8724 acc=0.0032 em=0.0000 | random≈0.0014
  saved best_loss.pt (val_answer_loss=5.872370)
  saved best_acc.pt (val_answer_accuracy=0.003187)
epoch 3/20 train loss=5.5048 acc=0.0677 em=0.0000 | val loss=5.5608 acc=0.0629 em=0.0000 | random≈0.0014
  saved best_loss.pt (val_answer_loss=5.560837)
  saved best_acc.pt (val_answer_accuracy=0.062875)
epoch 4/20 train loss=4.7405 acc=0.0859 em=0.0000 | val loss=4.8591 acc=0.0735 em=0.0000 | random≈0.0014
  saved best_loss.pt (val_answer_loss=4.859093)
  saved best_acc.pt (val_answer_accuracy=0.073500)
epoch 5/20 train loss=4.2508 acc=0.0947 em=0.0000 | val loss=4.4352 acc=0.0765 em=0.0000 | random≈0.0014
  saved best_loss.pt (val_answer_loss=4.435222)
  saved best_acc.pt (val_answer_accuracy=0.076469)
epoch 6/20 train loss=3.9086 acc=0.1053 em=0.0000 | val loss=4.1615 acc=0.0774 em=0.0000 | random≈0.0014
  saved best_loss.pt (val_answer_loss=4.161462)
  saved best_acc.pt (val_answer_accuracy=0.077438)
epoch 7/20 train loss=3.6307 acc=0.1222 em=0.0000 | val loss=3.9517 acc=0.0825 em=0.0000 | random≈0.0014
  saved best_loss.pt (val_answer_loss=3.951719)
  saved best_acc.pt (val_answer_accuracy=0.082531)
epoch 8/20 train loss=0.0129 acc=0.9993 em=0.9881 | val loss=0.0143 acc=0.9991 em=0.9860 | random≈0.0014
  saved best_loss.pt (val_answer_loss=0.014324)
  saved best_acc.pt (val_answer_accuracy=0.999125)
epoch 9/20 train loss=0.0011 acc=1.0000 em=1.0000 | val loss=0.0012 acc=1.0000 em=1.0000 | random≈0.0014
  saved best_loss.pt (val_answer_loss=0.001156)
  saved best_acc.pt (val_answer_accuracy=1.000000)
epoch 10/20 train loss=0.0005 acc=1.0000 em=1.0000 | val loss=0.0005 acc=1.0000 em=1.0000 | random≈0.0014
  saved best_loss.pt (val_answer_loss=0.000503)
epoch 11/20 train loss=0.0003 acc=1.0000 em=1.0000 | val loss=0.0003 acc=1.0000 em=1.0000 | random≈0.0014
  saved best_loss.pt (val_answer_loss=0.000301)
epoch 12/20 train loss=0.0002 acc=1.0000 em=1.0000 | val loss=0.0002 acc=1.0000 em=1.0000 | random≈0.0014
epoch 13/20 train loss=0.0001 acc=1.0000 em=1.0000 | val loss=0.0001 acc=1.0000 em=1.0000 | random≈0.0014
  saved best_loss.pt (val_answer_loss=0.000149)
epoch 14/20 train loss=0.0001 acc=1.0000 em=1.0000 | val loss=0.0001 acc=1.0000 em=1.0000 | random≈0.0014
epoch 15/20 train loss=0.0001 acc=1.0000 em=1.0000 | val loss=0.0001 acc=1.0000 em=1.0000 | random≈0.0014
epoch 16/20 train loss=0.0001 acc=1.0000 em=1.0000 | val loss=0.0001 acc=1.0000 em=1.0000 | random≈0.0014
epoch 17/20 train loss=0.0001 acc=1.0000 em=1.0000 | val loss=0.0001 acc=1.0000 em=1.0000 | random≈0.0014
early stopping at epoch 17: val answer_loss did not improve by min_delta=0.0001 for 4 epochs
test [best_loss_ckpt] loss=0.000148 acc=1.000000 em=1.000000
test [best_acc_ckpt]  loss=0.001139 acc=1.000000 em=1.000000 random_baseline≈0.001420
done. meta_metrics → /home/jovyan/shares/SR008.fs2/nvidenisov/other/repos/mamba/mamba_multi_scale_get_started/outputs/MQARFailureSweep/mqar_fail_transformer_param_match_v704_seed45/meta_metrics.csv
