mqar_split_hashes: n_train=20000 uniq_train=20000 | n_val=2000 uniq_val=2000 | n_test=2000 uniq_test=2000
mqar_answer_positions[train]: min=16 mean=16.0000 max=16 (expected 16 per sample)
mqar_answer_positions[val]: min=16 mean=16.0000 max=16 (expected 16 per sample)
mqar_answer_positions[test]: min=16 mean=16.0000 max=16 (expected 16 per sample)
experiment=mqar_fail_ms_gated_right_init_v768_seed47 device=cuda:0 out_dir=/home/jovyan/shares/SR008.fs2/nvidenisov/other/repos/mamba/mamba_multi_scale_get_started/outputs/MQARFailureSweep/mqar_fail_ms_gated_right_init_v768_seed47
mqar data: fixed_examples=True random_baseline_acc≈1/vocab=0.001302 (vocab_size=768)
--- mqar resolved config (sanity) ---
  experiment.name: mqar_fail_ms_gated_right_init_v768_seed47
  model.backbone: multiscale_mamba2_lm
  model.layer_headdims: [32, 32, 32, 32]
  model.multiscale.fast_layer_headdims: [32, 32, 32, 32]
  model.multiscale.slow_layer_headdims: [32, 32]
  model.multiscale.window_size: —
  model.multiscale.offsets: —
  model.multiscale.summary_mode: —
  model.multiscale.causal_mode: —
  model.multiscale.gate_type: —
  data.input_seq_len: 128
  data.num_kv_pairs: 16
  data.vocab_size: 768
  data.train_examples: 20000  val_examples: 2000  test_examples: 2000
  data.fixed_examples: True
  data.min_query_pos: null
  train.lr: 0.0003
  train.epochs: 20
  num_parameters_trainable: 3029664
  tags(backbone,fusion,stride): multiscale_mamba2_lm, gated, 2
--- end resolved config ---
epoch 1/20 train loss=5.9551 acc=0.0035 em=0.0000 | val loss=5.9669 acc=0.0032 em=0.0000 | random≈0.0013
  saved best_loss.pt (val_answer_loss=5.966861)
  saved best_acc.pt (val_answer_accuracy=0.003219)
epoch 2/20 train loss=5.9262 acc=0.0076 em=0.0000 | val loss=5.9647 acc=0.0052 em=0.0000 | random≈0.0013
  saved best_loss.pt (val_answer_loss=5.964712)
  saved best_acc.pt (val_answer_accuracy=0.005188)
epoch 3/20 train loss=5.7526 acc=0.0343 em=0.0000 | val loss=5.9174 acc=0.0268 em=0.0000 | random≈0.0013
  saved best_loss.pt (val_answer_loss=5.917447)
  saved best_acc.pt (val_answer_accuracy=0.026844)
epoch 4/20 train loss=5.3181 acc=0.0870 em=0.0000 | val loss=5.7519 acc=0.0595 em=0.0000 | random≈0.0013
  saved best_loss.pt (val_answer_loss=5.751935)
  saved best_acc.pt (val_answer_accuracy=0.059531)
epoch 5/20 train loss=4.1480 acc=0.2721 em=0.0000 | val loss=4.7837 acc=0.1982 em=0.0000 | random≈0.0013
  saved best_loss.pt (val_answer_loss=4.783706)
  saved best_acc.pt (val_answer_accuracy=0.198156)
epoch 6/20 train loss=1.1123 acc=0.8135 em=0.0305 | val loss=1.4931 acc=0.7213 em=0.0020 | random≈0.0013
  saved best_loss.pt (val_answer_loss=1.493105)
  saved best_acc.pt (val_answer_accuracy=0.721281)
epoch 7/20 train loss=0.1411 acc=0.9829 em=0.7622 | val loss=0.2648 acc=0.9514 em=0.4445 | random≈0.0013
  saved best_loss.pt (val_answer_loss=0.264802)
  saved best_acc.pt (val_answer_accuracy=0.951406)
epoch 8/20 train loss=0.0286 acc=0.9984 em=0.9741 | val loss=0.0788 acc=0.9870 em=0.8095 | random≈0.0013
  saved best_loss.pt (val_answer_loss=0.078789)
  saved best_acc.pt (val_answer_accuracy=0.986969)
epoch 9/20 train loss=0.0099 acc=1.0000 em=0.9994 | val loss=0.0392 acc=0.9933 em=0.8980 | random≈0.0013
  saved best_loss.pt (val_answer_loss=0.039226)
  saved best_acc.pt (val_answer_accuracy=0.993313)
epoch 10/20 train loss=0.0058 acc=1.0000 em=1.0000 | val loss=0.0283 acc=0.9948 em=0.9180 | random≈0.0013
  saved best_loss.pt (val_answer_loss=0.028335)
  saved best_acc.pt (val_answer_accuracy=0.994750)
epoch 11/20 train loss=0.0041 acc=1.0000 em=1.0000 | val loss=0.0234 acc=0.9955 em=0.9300 | random≈0.0013
  saved best_loss.pt (val_answer_loss=0.023385)
  saved best_acc.pt (val_answer_accuracy=0.995531)
epoch 12/20 train loss=0.0032 acc=1.0000 em=1.0000 | val loss=0.0204 acc=0.9958 em=0.9355 | random≈0.0013
  saved best_loss.pt (val_answer_loss=0.020402)
  saved best_acc.pt (val_answer_accuracy=0.995844)
epoch 13/20 train loss=0.0026 acc=1.0000 em=1.0000 | val loss=0.0183 acc=0.9961 em=0.9395 | random≈0.0013
  saved best_loss.pt (val_answer_loss=0.018275)
  saved best_acc.pt (val_answer_accuracy=0.996094)
epoch 14/20 train loss=0.0021 acc=1.0000 em=1.0000 | val loss=0.0166 acc=0.9963 em=0.9425 | random≈0.0013
  saved best_loss.pt (val_answer_loss=0.016647)
  saved best_acc.pt (val_answer_accuracy=0.996344)
epoch 15/20 train loss=0.0018 acc=1.0000 em=1.0000 | val loss=0.0149 acc=0.9968 em=0.9490 | random≈0.0013
  saved best_loss.pt (val_answer_loss=0.014939)
  saved best_acc.pt (val_answer_accuracy=0.996781)
epoch 16/20 train loss=0.0015 acc=1.0000 em=1.0000 | val loss=0.0140 acc=0.9970 em=0.9525 | random≈0.0013
  saved best_loss.pt (val_answer_loss=0.013959)
  saved best_acc.pt (val_answer_accuracy=0.996969)
epoch 17/20 train loss=0.0014 acc=1.0000 em=0.9998 | val loss=0.0134 acc=0.9970 em=0.9540 | random≈0.0013
  saved best_loss.pt (val_answer_loss=0.013441)
epoch 18/20 train loss=0.0011 acc=1.0000 em=1.0000 | val loss=0.0122 acc=0.9971 em=0.9540 | random≈0.0013
  saved best_loss.pt (val_answer_loss=0.012169)
epoch 19/20 train loss=0.0010 acc=1.0000 em=1.0000 | val loss=0.0114 acc=0.9973 em=0.9580 | random≈0.0013
  saved best_loss.pt (val_answer_loss=0.011422)
  saved best_acc.pt (val_answer_accuracy=0.997313)
epoch 20/20 train loss=0.0008 acc=1.0000 em=1.0000 | val loss=0.0109 acc=0.9972 em=0.9570 | random≈0.0013
  saved best_loss.pt (val_answer_loss=0.010910)
test [best_loss_ckpt] loss=0.009298 acc=0.997719 em=0.965000
test [best_acc_ckpt]  loss=0.009866 acc=0.997687 em=0.964500 random_baseline≈0.001302
done. meta_metrics → /home/jovyan/shares/SR008.fs2/nvidenisov/other/repos/mamba/mamba_multi_scale_get_started/outputs/MQARFailureSweep/mqar_fail_ms_gated_right_init_v768_seed47/meta_metrics.csv
