mqar_split_hashes: n_train=20000 uniq_train=20000 | n_val=2000 uniq_val=2000 | n_test=2000 uniq_test=2000
mqar_answer_positions[train]: min=16 mean=16.0000 max=16 (expected 16 per sample)
mqar_answer_positions[val]: min=16 mean=16.0000 max=16 (expected 16 per sample)
mqar_answer_positions[test]: min=16 mean=16.0000 max=16 (expected 16 per sample)
experiment=mqar_fail_mamba2_wide_init_v512_seed43 device=cuda:0 out_dir=/home/jovyan/shares/SR008.fs2/nvidenisov/other/repos/mamba/mamba_multi_scale_get_started/outputs/MQARFailureSweep/mqar_fail_mamba2_wide_init_v512_seed43
mqar data: fixed_examples=True random_baseline_acc≈1/vocab=0.001953 (vocab_size=512)
--- mqar resolved config (sanity) ---
  experiment.name: mqar_fail_mamba2_wide_init_v512_seed43
  model.backbone: mamba2_lm
  model.layer_headdims: [32, 32, 32, 32]
  model.multiscale.fast_layer_headdims: —
  model.multiscale.slow_layer_headdims: —
  model.multiscale.window_size: —
  model.multiscale.offsets: —
  model.multiscale.summary_mode: —
  model.multiscale.causal_mode: —
  model.multiscale.gate_type: —
  data.input_seq_len: 128
  data.num_kv_pairs: 16
  data.vocab_size: 512
  data.train_examples: 20000  val_examples: 2000  test_examples: 2000
  data.fixed_examples: True
  data.min_query_pos: null
  train.lr: 0.0003
  train.epochs: 20
  num_parameters_trainable: 1931712
  tags(backbone,fusion,stride): mamba2_lm, , 
--- end resolved config ---
epoch 1/20 train loss=5.5485 acc=0.0051 em=0.0000 | val loss=5.5629 acc=0.0036 em=0.0000 | random≈0.0020
  saved best_loss.pt (val_answer_loss=5.562880)
  saved best_acc.pt (val_answer_accuracy=0.003625)
epoch 2/20 train loss=5.5233 acc=0.0086 em=0.0000 | val loss=5.5609 acc=0.0054 em=0.0000 | random≈0.0020
  saved best_loss.pt (val_answer_loss=5.560869)
  saved best_acc.pt (val_answer_accuracy=0.005437)
epoch 3/20 train loss=5.4197 acc=0.0244 em=0.0000 | val loss=5.5573 acc=0.0161 em=0.0000 | random≈0.0020
  saved best_loss.pt (val_answer_loss=5.557302)
  saved best_acc.pt (val_answer_accuracy=0.016063)
epoch 4/20 train loss=5.1781 acc=0.0491 em=0.0000 | val loss=5.5652 acc=0.0286 em=0.0000 | random≈0.0020
  saved best_acc.pt (val_answer_accuracy=0.028563)
epoch 5/20 train loss=4.8202 acc=0.0944 em=0.0000 | val loss=5.6354 acc=0.0296 em=0.0000 | random≈0.0020
  saved best_acc.pt (val_answer_accuracy=0.029625)
epoch 6/20 train loss=4.4013 acc=0.1568 em=0.0000 | val loss=5.7061 acc=0.0358 em=0.0000 | random≈0.0020
  saved best_acc.pt (val_answer_accuracy=0.035781)
epoch 7/20 train loss=3.9802 acc=0.2248 em=0.0000 | val loss=5.8364 acc=0.0375 em=0.0000 | random≈0.0020
  saved best_acc.pt (val_answer_accuracy=0.037500)
early stopping at epoch 7: val answer_loss did not improve by min_delta=0.0001 for 4 epochs
test [best_loss_ckpt] loss=5.553719 acc=0.016188 em=0.000000
test [best_acc_ckpt]  loss=5.827249 acc=0.036969 em=0.000000 random_baseline≈0.001953
done. meta_metrics → /home/jovyan/shares/SR008.fs2/nvidenisov/other/repos/mamba/mamba_multi_scale_get_started/outputs/MQARFailureSweep/mqar_fail_mamba2_wide_init_v512_seed43/meta_metrics.csv
