mqar_split_hashes: n_train=20000 uniq_train=20000 | n_val=2000 uniq_val=2000 | n_test=2000 uniq_test=2000
mqar_answer_positions[train]: min=16 mean=16.0000 max=16 (expected 16 per sample)
mqar_answer_positions[val]: min=16 mean=16.0000 max=16 (expected 16 per sample)
mqar_answer_positions[test]: min=16 mean=16.0000 max=16 (expected 16 per sample)
experiment=mqar_fail_mamba2_split_ts_slow_veryslow_v640_seed48 device=cuda:0 out_dir=/home/jovyan/shares/SR008.fs2/nvidenisov/other/repos/mamba/mamba_multi_scale_get_started/outputs/MQARFailureSweep/mqar_fail_mamba2_split_ts_slow_veryslow_v640_seed48
mqar data: fixed_examples=True random_baseline_acc≈1/vocab=0.001563 (vocab_size=640)
--- mqar resolved config (sanity) ---
  experiment.name: mqar_fail_mamba2_split_ts_slow_veryslow_v640_seed48
  model.backbone: mamba2_lm
  model.layer_headdims: [32, 32, 32, 32]
  model.multiscale.fast_layer_headdims: —
  model.multiscale.slow_layer_headdims: —
  model.multiscale.window_size: —
  model.multiscale.offsets: —
  model.multiscale.summary_mode: —
  model.multiscale.causal_mode: —
  model.multiscale.gate_type: —
  data.input_seq_len: 128
  data.num_kv_pairs: 16
  data.vocab_size: 640
  data.train_examples: 20000  val_examples: 2000  test_examples: 2000
  data.fixed_examples: True
  data.min_query_pos: null
  train.lr: 0.0003
  train.epochs: 20
  num_parameters_trainable: 1997376
  tags(backbone,fusion,stride): mamba2_lm, , 
--- end resolved config ---
epoch 1/20 train loss=5.7722 acc=0.0040 em=0.0000 | val loss=5.7863 acc=0.0028 em=0.0000 | random≈0.0016
  saved best_loss.pt (val_answer_loss=5.786339)
  saved best_acc.pt (val_answer_accuracy=0.002781)
epoch 2/20 train loss=5.7046 acc=0.0222 em=0.0000 | val loss=5.7585 acc=0.0189 em=0.0000 | random≈0.0016
  saved best_loss.pt (val_answer_loss=5.758513)
  saved best_acc.pt (val_answer_accuracy=0.018875)
epoch 3/20 train loss=5.2354 acc=0.0849 em=0.0000 | val loss=5.4381 acc=0.0688 em=0.0000 | random≈0.0016
  saved best_loss.pt (val_answer_loss=5.438063)
  saved best_acc.pt (val_answer_accuracy=0.068844)
epoch 4/20 train loss=1.5029 acc=0.7189 em=0.0030 | val loss=1.6376 acc=0.6861 em=0.0010 | random≈0.0016
  saved best_loss.pt (val_answer_loss=1.637615)
  saved best_acc.pt (val_answer_accuracy=0.686125)
epoch 5/20 train loss=0.1889 acc=0.9764 em=0.6862 | val loss=0.2549 acc=0.9573 em=0.4990 | random≈0.0016
  saved best_loss.pt (val_answer_loss=0.254861)
  saved best_acc.pt (val_answer_accuracy=0.957250)
epoch 6/20 train loss=0.0410 acc=0.9983 em=0.9724 | val loss=0.0761 acc=0.9887 em=0.8345 | random≈0.0016
  saved best_loss.pt (val_answer_loss=0.076060)
  saved best_acc.pt (val_answer_accuracy=0.988688)
epoch 7/20 train loss=0.0154 acc=0.9999 em=0.9987 | val loss=0.0390 acc=0.9942 em=0.9095 | random≈0.0016
  saved best_loss.pt (val_answer_loss=0.039040)
  saved best_acc.pt (val_answer_accuracy=0.994156)
epoch 8/20 train loss=0.0083 acc=1.0000 em=1.0000 | val loss=0.0268 acc=0.9958 em=0.9340 | random≈0.0016
  saved best_loss.pt (val_answer_loss=0.026759)
  saved best_acc.pt (val_answer_accuracy=0.995781)
epoch 9/20 train loss=0.0056 acc=1.0000 em=1.0000 | val loss=0.0216 acc=0.9967 em=0.9480 | random≈0.0016
  saved best_loss.pt (val_answer_loss=0.021637)
  saved best_acc.pt (val_answer_accuracy=0.996687)
epoch 10/20 train loss=0.0041 acc=1.0000 em=1.0000 | val loss=0.0183 acc=0.9969 em=0.9515 | random≈0.0016
  saved best_loss.pt (val_answer_loss=0.018346)
  saved best_acc.pt (val_answer_accuracy=0.996938)
epoch 11/20 train loss=0.0031 acc=1.0000 em=1.0000 | val loss=0.0162 acc=0.9971 em=0.9550 | random≈0.0016
  saved best_loss.pt (val_answer_loss=0.016156)
  saved best_acc.pt (val_answer_accuracy=0.997125)
epoch 12/20 train loss=0.0025 acc=1.0000 em=1.0000 | val loss=0.0142 acc=0.9975 em=0.9605 | random≈0.0016
  saved best_loss.pt (val_answer_loss=0.014245)
  saved best_acc.pt (val_answer_accuracy=0.997469)
epoch 13/20 train loss=0.0020 acc=1.0000 em=1.0000 | val loss=0.0129 acc=0.9975 em=0.9615 | random≈0.0016
  saved best_loss.pt (val_answer_loss=0.012890)
epoch 14/20 train loss=0.0017 acc=1.0000 em=1.0000 | val loss=0.0118 acc=0.9976 em=0.9620 | random≈0.0016
  saved best_loss.pt (val_answer_loss=0.011817)
epoch 15/20 train loss=0.0014 acc=1.0000 em=1.0000 | val loss=0.0108 acc=0.9976 em=0.9615 | random≈0.0016
  saved best_loss.pt (val_answer_loss=0.010842)
epoch 16/20 train loss=0.0012 acc=1.0000 em=1.0000 | val loss=0.0100 acc=0.9978 em=0.9645 | random≈0.0016
  saved best_loss.pt (val_answer_loss=0.009964)
  saved best_acc.pt (val_answer_accuracy=0.997750)
epoch 17/20 train loss=0.0010 acc=1.0000 em=1.0000 | val loss=0.0095 acc=0.9978 em=0.9650 | random≈0.0016
  saved best_loss.pt (val_answer_loss=0.009485)
epoch 18/20 train loss=0.0009 acc=1.0000 em=1.0000 | val loss=0.0088 acc=0.9978 em=0.9660 | random≈0.0016
  saved best_loss.pt (val_answer_loss=0.008773)
epoch 19/20 train loss=0.0008 acc=1.0000 em=1.0000 | val loss=0.0084 acc=0.9979 em=0.9670 | random≈0.0016
  saved best_loss.pt (val_answer_loss=0.008363)
  saved best_acc.pt (val_answer_accuracy=0.997906)
epoch 20/20 train loss=0.0007 acc=1.0000 em=1.0000 | val loss=0.0079 acc=0.9981 em=0.9695 | random≈0.0016
  saved best_loss.pt (val_answer_loss=0.007905)
  saved best_acc.pt (val_answer_accuracy=0.998062)
test [best_loss_ckpt] loss=0.007197 acc=0.998219 em=0.972000
test [best_acc_ckpt]  loss=0.007197 acc=0.998219 em=0.972000 random_baseline≈0.001563
done. meta_metrics → /home/jovyan/shares/SR008.fs2/nvidenisov/other/repos/mamba/mamba_multi_scale_get_started/outputs/MQARFailureSweep/mqar_fail_mamba2_split_ts_slow_veryslow_v640_seed48/meta_metrics.csv
