mqar_split_hashes: n_train=20000 uniq_train=20000 | n_val=2000 uniq_val=2000 | n_test=2000 uniq_test=2000
mqar_answer_positions[train]: min=16 mean=16.0000 max=16 (expected 16 per sample)
mqar_answer_positions[val]: min=16 mean=16.0000 max=16 (expected 16 per sample)
mqar_answer_positions[test]: min=16 mean=16.0000 max=16 (expected 16 per sample)
experiment=mqar_fail_mamba2_split_ts_slow_veryslow_v768_seed44 device=cuda:0 out_dir=/home/jovyan/shares/SR008.fs2/nvidenisov/other/repos/mamba/mamba_multi_scale_get_started/outputs/MQARFailureSweep/mqar_fail_mamba2_split_ts_slow_veryslow_v768_seed44
mqar data: fixed_examples=True random_baseline_acc≈1/vocab=0.001302 (vocab_size=768)
--- mqar resolved config (sanity) ---
  experiment.name: mqar_fail_mamba2_split_ts_slow_veryslow_v768_seed44
  model.backbone: mamba2_lm
  model.layer_headdims: [32, 32, 32, 32]
  model.multiscale.fast_layer_headdims: —
  model.multiscale.slow_layer_headdims: —
  model.multiscale.window_size: —
  model.multiscale.offsets: —
  model.multiscale.summary_mode: —
  model.multiscale.causal_mode: —
  model.multiscale.gate_type: —
  data.input_seq_len: 128
  data.num_kv_pairs: 16
  data.vocab_size: 768
  data.train_examples: 20000  val_examples: 2000  test_examples: 2000
  data.fixed_examples: True
  data.min_query_pos: null
  train.lr: 0.0003
  train.epochs: 20
  num_parameters_trainable: 2063040
  tags(backbone,fusion,stride): mamba2_lm, , 
--- end resolved config ---
epoch 1/20 train loss=5.9562 acc=0.0035 em=0.0000 | val loss=5.9705 acc=0.0023 em=0.0000 | random≈0.0013
  saved best_loss.pt (val_answer_loss=5.970469)
  saved best_acc.pt (val_answer_accuracy=0.002344)
epoch 2/20 train loss=5.9223 acc=0.0096 em=0.0000 | val loss=5.9632 acc=0.0075 em=0.0000 | random≈0.0013
  saved best_loss.pt (val_answer_loss=5.963187)
  saved best_acc.pt (val_answer_accuracy=0.007531)
epoch 3/20 train loss=5.6929 acc=0.0483 em=0.0000 | val loss=5.8441 acc=0.0406 em=0.0000 | random≈0.0013
  saved best_loss.pt (val_answer_loss=5.844053)
  saved best_acc.pt (val_answer_accuracy=0.040625)
epoch 4/20 train loss=4.7569 acc=0.1836 em=0.0000 | val loss=5.0604 acc=0.1505 em=0.0000 | random≈0.0013
  saved best_loss.pt (val_answer_loss=5.060366)
  saved best_acc.pt (val_answer_accuracy=0.150531)
epoch 5/20 train loss=1.2252 acc=0.7830 em=0.0141 | val loss=1.3857 acc=0.7432 em=0.0030 | random≈0.0013
  saved best_loss.pt (val_answer_loss=1.385675)
  saved best_acc.pt (val_answer_accuracy=0.743188)
epoch 6/20 train loss=0.2200 acc=0.9644 em=0.5604 | val loss=0.3029 acc=0.9407 em=0.3680 | random≈0.0013
  saved best_loss.pt (val_answer_loss=0.302857)
  saved best_acc.pt (val_answer_accuracy=0.940719)
epoch 7/20 train loss=0.0552 acc=0.9939 em=0.9077 | val loss=0.1036 acc=0.9799 em=0.7205 | random≈0.0013
  saved best_loss.pt (val_answer_loss=0.103646)
  saved best_acc.pt (val_answer_accuracy=0.979875)
epoch 8/20 train loss=0.0174 acc=0.9996 em=0.9940 | val loss=0.0468 acc=0.9917 em=0.8795 | random≈0.0013
  saved best_loss.pt (val_answer_loss=0.046815)
  saved best_acc.pt (val_answer_accuracy=0.991719)
epoch 9/20 train loss=0.0082 acc=1.0000 em=1.0000 | val loss=0.0305 acc=0.9945 em=0.9170 | random≈0.0013
  saved best_loss.pt (val_answer_loss=0.030465)
  saved best_acc.pt (val_answer_accuracy=0.994469)
epoch 10/20 train loss=0.0054 acc=1.0000 em=1.0000 | val loss=0.0234 acc=0.9956 em=0.9320 | random≈0.0013
  saved best_loss.pt (val_answer_loss=0.023444)
  saved best_acc.pt (val_answer_accuracy=0.995594)
epoch 11/20 train loss=0.0040 acc=1.0000 em=1.0000 | val loss=0.0202 acc=0.9961 em=0.9400 | random≈0.0013
  saved best_loss.pt (val_answer_loss=0.020156)
  saved best_acc.pt (val_answer_accuracy=0.996094)
epoch 12/20 train loss=0.0032 acc=1.0000 em=1.0000 | val loss=0.0182 acc=0.9962 em=0.9415 | random≈0.0013
  saved best_loss.pt (val_answer_loss=0.018242)
epoch 13/20 train loss=0.0026 acc=1.0000 em=1.0000 | val loss=0.0162 acc=0.9964 em=0.9445 | random≈0.0013
  saved best_loss.pt (val_answer_loss=0.016188)
  saved best_acc.pt (val_answer_accuracy=0.996437)
epoch 14/20 train loss=0.0021 acc=1.0000 em=1.0000 | val loss=0.0148 acc=0.9969 em=0.9520 | random≈0.0013
  saved best_loss.pt (val_answer_loss=0.014773)
  saved best_acc.pt (val_answer_accuracy=0.996906)
epoch 15/20 train loss=0.0018 acc=1.0000 em=1.0000 | val loss=0.0137 acc=0.9969 em=0.9510 | random≈0.0013
  saved best_loss.pt (val_answer_loss=0.013709)
epoch 16/20 train loss=0.0015 acc=1.0000 em=1.0000 | val loss=0.0127 acc=0.9970 em=0.9520 | random≈0.0013
  saved best_loss.pt (val_answer_loss=0.012749)
epoch 17/20 train loss=0.0013 acc=1.0000 em=1.0000 | val loss=0.0120 acc=0.9972 em=0.9560 | random≈0.0013
  saved best_loss.pt (val_answer_loss=0.012004)
  saved best_acc.pt (val_answer_accuracy=0.997188)
epoch 18/20 train loss=0.0011 acc=1.0000 em=1.0000 | val loss=0.0112 acc=0.9973 em=0.9575 | random≈0.0013
  saved best_loss.pt (val_answer_loss=0.011223)
epoch 19/20 train loss=0.0010 acc=1.0000 em=1.0000 | val loss=0.0105 acc=0.9977 em=0.9635 | random≈0.0013
  saved best_loss.pt (val_answer_loss=0.010543)
  saved best_acc.pt (val_answer_accuracy=0.997719)
epoch 20/20 train loss=0.0009 acc=1.0000 em=1.0000 | val loss=0.0099 acc=0.9976 em=0.9615 | random≈0.0013
  saved best_loss.pt (val_answer_loss=0.009950)
test [best_loss_ckpt] loss=0.012671 acc=0.996906 em=0.951000
test [best_acc_ckpt]  loss=0.013430 acc=0.996906 em=0.950500 random_baseline≈0.001302
done. meta_metrics → /home/jovyan/shares/SR008.fs2/nvidenisov/other/repos/mamba/mamba_multi_scale_get_started/outputs/MQARFailureSweep/mqar_fail_mamba2_split_ts_slow_veryslow_v768_seed44/meta_metrics.csv
