mqar_split_hashes: n_train=20000 uniq_train=20000 | n_val=2000 uniq_val=2000 | n_test=2000 uniq_test=2000
mqar_answer_positions[train]: min=16 mean=16.0000 max=16 (expected 16 per sample)
mqar_answer_positions[val]: min=16 mean=16.0000 max=16 (expected 16 per sample)
mqar_answer_positions[test]: min=16 mean=16.0000 max=16 (expected 16 per sample)
experiment=mqar_fail_ms_gated_slow_init_v512_seed43 device=cuda:0 out_dir=/home/jovyan/shares/SR008.fs2/nvidenisov/other/repos/mamba/mamba_multi_scale_get_started/outputs/MQARFailureSweep/mqar_fail_ms_gated_slow_init_v512_seed43
mqar data: fixed_examples=True random_baseline_acc≈1/vocab=0.001953 (vocab_size=512)
--- mqar resolved config (sanity) ---
  experiment.name: mqar_fail_ms_gated_slow_init_v512_seed43
  model.backbone: multiscale_mamba2_lm
  model.layer_headdims: [32, 32, 32, 32]
  model.multiscale.fast_layer_headdims: [32, 32, 32, 32]
  model.multiscale.slow_layer_headdims: [32, 32]
  model.multiscale.window_size: —
  model.multiscale.offsets: —
  model.multiscale.summary_mode: —
  model.multiscale.causal_mode: —
  model.multiscale.gate_type: —
  data.input_seq_len: 128
  data.num_kv_pairs: 16
  data.vocab_size: 512
  data.train_examples: 20000  val_examples: 2000  test_examples: 2000
  data.fixed_examples: True
  data.min_query_pos: null
  train.lr: 0.0003
  train.epochs: 20
  num_parameters_trainable: 2898336
  tags(backbone,fusion,stride): multiscale_mamba2_lm, gated, 2
--- end resolved config ---
epoch 1/20 train loss=5.5477 acc=0.0052 em=0.0000 | val loss=5.5608 acc=0.0037 em=0.0000 | random≈0.0020
  saved best_loss.pt (val_answer_loss=5.560764)
  saved best_acc.pt (val_answer_accuracy=0.003687)
epoch 2/20 train loss=5.4805 acc=0.0251 em=0.0000 | val loss=5.5309 acc=0.0218 em=0.0000 | random≈0.0020
  saved best_loss.pt (val_answer_loss=5.530930)
  saved best_acc.pt (val_answer_accuracy=0.021812)
epoch 3/20 train loss=5.2081 acc=0.0596 em=0.0000 | val loss=5.3922 acc=0.0468 em=0.0000 | random≈0.0020
  saved best_loss.pt (val_answer_loss=5.392174)
  saved best_acc.pt (val_answer_accuracy=0.046812)
epoch 4/20 train loss=4.2383 acc=0.2070 em=0.0000 | val loss=4.5972 acc=0.1621 em=0.0000 | random≈0.0020
  saved best_loss.pt (val_answer_loss=4.597234)
  saved best_acc.pt (val_answer_accuracy=0.162062)
epoch 5/20 train loss=0.8811 acc=0.8443 em=0.0637 | val loss=1.0722 acc=0.7911 em=0.0180 | random≈0.0020
  saved best_loss.pt (val_answer_loss=1.072226)
  saved best_acc.pt (val_answer_accuracy=0.791063)
epoch 6/20 train loss=0.0645 acc=0.9943 em=0.9136 | val loss=0.1073 acc=0.9824 em=0.7565 | random≈0.0020
  saved best_loss.pt (val_answer_loss=0.107293)
  saved best_acc.pt (val_answer_accuracy=0.982375)
epoch 7/20 train loss=0.0149 acc=0.9998 em=0.9973 | val loss=0.0356 acc=0.9943 em=0.9110 | random≈0.0020
  saved best_loss.pt (val_answer_loss=0.035593)
  saved best_acc.pt (val_answer_accuracy=0.994281)
epoch 8/20 train loss=0.0067 acc=1.0000 em=0.9999 | val loss=0.0208 acc=0.9966 em=0.9460 | random≈0.0020
  saved best_loss.pt (val_answer_loss=0.020815)
  saved best_acc.pt (val_answer_accuracy=0.996563)
epoch 9/20 train loss=0.0043 acc=1.0000 em=1.0000 | val loss=0.0154 acc=0.9974 em=0.9585 | random≈0.0020
  saved best_loss.pt (val_answer_loss=0.015386)
  saved best_acc.pt (val_answer_accuracy=0.997406)
epoch 10/20 train loss=0.0031 acc=1.0000 em=1.0000 | val loss=0.0128 acc=0.9976 em=0.9620 | random≈0.0020
  saved best_loss.pt (val_answer_loss=0.012760)
  saved best_acc.pt (val_answer_accuracy=0.997594)
epoch 11/20 train loss=0.0024 acc=1.0000 em=1.0000 | val loss=0.0110 acc=0.9978 em=0.9655 | random≈0.0020
  saved best_loss.pt (val_answer_loss=0.011031)
  saved best_acc.pt (val_answer_accuracy=0.997844)
epoch 12/20 train loss=0.0019 acc=1.0000 em=1.0000 | val loss=0.0097 acc=0.9980 em=0.9675 | random≈0.0020
  saved best_loss.pt (val_answer_loss=0.009742)
  saved best_acc.pt (val_answer_accuracy=0.997969)
epoch 13/20 train loss=0.0016 acc=1.0000 em=1.0000 | val loss=0.0088 acc=0.9981 em=0.9690 | random≈0.0020
  saved best_loss.pt (val_answer_loss=0.008800)
epoch 14/20 train loss=0.0013 acc=1.0000 em=1.0000 | val loss=0.0081 acc=0.9982 em=0.9710 | random≈0.0020
  saved best_loss.pt (val_answer_loss=0.008058)
  saved best_acc.pt (val_answer_accuracy=0.998188)
epoch 15/20 train loss=0.0011 acc=1.0000 em=1.0000 | val loss=0.0073 acc=0.9983 em=0.9730 | random≈0.0020
  saved best_loss.pt (val_answer_loss=0.007293)
  saved best_acc.pt (val_answer_accuracy=0.998313)
epoch 16/20 train loss=0.0009 acc=1.0000 em=1.0000 | val loss=0.0067 acc=0.9984 em=0.9750 | random≈0.0020
  saved best_loss.pt (val_answer_loss=0.006733)
  saved best_acc.pt (val_answer_accuracy=0.998437)
epoch 17/20 train loss=0.0008 acc=1.0000 em=1.0000 | val loss=0.0063 acc=0.9985 em=0.9765 | random≈0.0020
  saved best_loss.pt (val_answer_loss=0.006271)
epoch 18/20 train loss=0.0007 acc=1.0000 em=1.0000 | val loss=0.0059 acc=0.9985 em=0.9765 | random≈0.0020
  saved best_loss.pt (val_answer_loss=0.005896)
epoch 19/20 train loss=0.0006 acc=1.0000 em=1.0000 | val loss=0.0055 acc=0.9986 em=0.9775 | random≈0.0020
  saved best_loss.pt (val_answer_loss=0.005500)
  saved best_acc.pt (val_answer_accuracy=0.998594)
epoch 20/20 train loss=0.0005 acc=1.0000 em=1.0000 | val loss=0.0051 acc=0.9987 em=0.9790 | random≈0.0020
  saved best_loss.pt (val_answer_loss=0.005108)
test [best_loss_ckpt] loss=0.005270 acc=0.998750 em=0.980000
test [best_acc_ckpt]  loss=0.005640 acc=0.998687 em=0.979000 random_baseline≈0.001953
done. meta_metrics → /home/jovyan/shares/SR008.fs2/nvidenisov/other/repos/mamba/mamba_multi_scale_get_started/outputs/MQARFailureSweep/mqar_fail_ms_gated_slow_init_v512_seed43/meta_metrics.csv
