mqar_split_hashes: n_train=20000 uniq_train=20000 | n_val=2000 uniq_val=2000 | n_test=2000 uniq_test=2000
mqar_answer_positions[train]: min=16 mean=16.0000 max=16 (expected 16 per sample)
mqar_answer_positions[val]: min=16 mean=16.0000 max=16 (expected 16 per sample)
mqar_answer_positions[test]: min=16 mean=16.0000 max=16 (expected 16 per sample)
experiment=mqar_fail_ms_gated_slow_init_v1024_seed44 device=cuda:0 out_dir=/home/jovyan/shares/SR008.fs2/nvidenisov/other/repos/mamba/mamba_multi_scale_get_started/outputs/MQARFailureSweep/mqar_fail_ms_gated_slow_init_v1024_seed44
mqar data: fixed_examples=True random_baseline_acc≈1/vocab=0.000977 (vocab_size=1024)
--- mqar resolved config (sanity) ---
  experiment.name: mqar_fail_ms_gated_slow_init_v1024_seed44
  model.backbone: multiscale_mamba2_lm
  model.layer_headdims: [32, 32, 32, 32]
  model.multiscale.fast_layer_headdims: [32, 32, 32, 32]
  model.multiscale.slow_layer_headdims: [32, 32]
  model.multiscale.window_size: —
  model.multiscale.offsets: —
  model.multiscale.summary_mode: —
  model.multiscale.causal_mode: —
  model.multiscale.gate_type: —
  data.input_seq_len: 128
  data.num_kv_pairs: 16
  data.vocab_size: 1024
  data.train_examples: 20000  val_examples: 2000  test_examples: 2000
  data.fixed_examples: True
  data.min_query_pos: null
  train.lr: 0.0003
  train.epochs: 20
  num_parameters_trainable: 3160992
  tags(backbone,fusion,stride): multiscale_mamba2_lm, gated, 2
--- end resolved config ---
epoch 1/20 train loss=6.2447 acc=0.0026 em=0.0000 | val loss=6.2602 acc=0.0022 em=0.0000 | random≈0.0010
  saved best_loss.pt (val_answer_loss=6.260211)
  saved best_acc.pt (val_answer_accuracy=0.002250)
epoch 2/20 train loss=6.2139 acc=0.0059 em=0.0000 | val loss=6.2558 acc=0.0038 em=0.0000 | random≈0.0010
  saved best_loss.pt (val_answer_loss=6.255823)
  saved best_acc.pt (val_answer_accuracy=0.003844)
epoch 3/20 train loss=6.0669 acc=0.0252 em=0.0000 | val loss=6.2372 acc=0.0192 em=0.0000 | random≈0.0010
  saved best_loss.pt (val_answer_loss=6.237192)
  saved best_acc.pt (val_answer_accuracy=0.019187)
epoch 4/20 train loss=5.7425 acc=0.0537 em=0.0000 | val loss=6.2101 acc=0.0295 em=0.0000 | random≈0.0010
  saved best_loss.pt (val_answer_loss=6.210148)
  saved best_acc.pt (val_answer_accuracy=0.029531)
epoch 5/20 train loss=5.2752 acc=0.0998 em=0.0000 | val loss=6.2005 acc=0.0387 em=0.0000 | random≈0.0010
  saved best_loss.pt (val_answer_loss=6.200502)
  saved best_acc.pt (val_answer_accuracy=0.038750)
epoch 6/20 train loss=4.6342 acc=0.1882 em=0.0000 | val loss=6.1165 acc=0.0598 em=0.0000 | random≈0.0010
  saved best_loss.pt (val_answer_loss=6.116541)
  saved best_acc.pt (val_answer_accuracy=0.059844)
epoch 7/20 train loss=3.6592 acc=0.3524 em=0.0000 | val loss=5.3874 acc=0.1500 em=0.0000 | random≈0.0010
  saved best_loss.pt (val_answer_loss=5.387381)
  saved best_acc.pt (val_answer_accuracy=0.150000)
epoch 8/20 train loss=1.1094 acc=0.8409 em=0.0570 | val loss=2.0420 acc=0.6261 em=0.0000 | random≈0.0010
  saved best_loss.pt (val_answer_loss=2.042008)
  saved best_acc.pt (val_answer_accuracy=0.626125)
epoch 9/20 train loss=0.1446 acc=0.9898 em=0.8507 | val loss=0.4257 acc=0.9295 em=0.3020 | random≈0.0010
  saved best_loss.pt (val_answer_loss=0.425747)
  saved best_acc.pt (val_answer_accuracy=0.929500)
epoch 10/20 train loss=0.0310 acc=0.9997 em=0.9946 | val loss=0.1480 acc=0.9754 em=0.6735 | random≈0.0010
  saved best_loss.pt (val_answer_loss=0.148016)
  saved best_acc.pt (val_answer_accuracy=0.975437)
epoch 11/20 train loss=0.0132 acc=1.0000 em=1.0000 | val loss=0.0866 acc=0.9848 em=0.7825 | random≈0.0010
  saved best_loss.pt (val_answer_loss=0.086603)
  saved best_acc.pt (val_answer_accuracy=0.984750)
epoch 12/20 train loss=0.0083 acc=1.0000 em=1.0000 | val loss=0.0647 acc=0.9880 em=0.8280 | random≈0.0010
  saved best_loss.pt (val_answer_loss=0.064685)
  saved best_acc.pt (val_answer_accuracy=0.988000)
epoch 13/20 train loss=0.0060 acc=1.0000 em=1.0000 | val loss=0.0519 acc=0.9903 em=0.8570 | random≈0.0010
  saved best_loss.pt (val_answer_loss=0.051947)
  saved best_acc.pt (val_answer_accuracy=0.990281)
epoch 14/20 train loss=0.0046 acc=1.0000 em=1.0000 | val loss=0.0440 acc=0.9915 em=0.8715 | random≈0.0010
  saved best_loss.pt (val_answer_loss=0.044023)
  saved best_acc.pt (val_answer_accuracy=0.991500)
epoch 15/20 train loss=0.0036 acc=1.0000 em=1.0000 | val loss=0.0381 acc=0.9922 em=0.8820 | random≈0.0010
  saved best_loss.pt (val_answer_loss=0.038091)
  saved best_acc.pt (val_answer_accuracy=0.992188)
epoch 16/20 train loss=0.0030 acc=1.0000 em=1.0000 | val loss=0.0338 acc=0.9935 em=0.9015 | random≈0.0010
  saved best_loss.pt (val_answer_loss=0.033786)
  saved best_acc.pt (val_answer_accuracy=0.993469)
epoch 17/20 train loss=0.0025 acc=1.0000 em=1.0000 | val loss=0.0301 acc=0.9938 em=0.9060 | random≈0.0010
  saved best_loss.pt (val_answer_loss=0.030067)
  saved best_acc.pt (val_answer_accuracy=0.993812)
epoch 18/20 train loss=0.0021 acc=1.0000 em=1.0000 | val loss=0.0268 acc=0.9945 em=0.9150 | random≈0.0010
  saved best_loss.pt (val_answer_loss=0.026848)
  saved best_acc.pt (val_answer_accuracy=0.994500)
epoch 19/20 train loss=0.0018 acc=1.0000 em=1.0000 | val loss=0.0245 acc=0.9948 em=0.9195 | random≈0.0010
  saved best_loss.pt (val_answer_loss=0.024478)
  saved best_acc.pt (val_answer_accuracy=0.994844)
epoch 20/20 train loss=0.0015 acc=1.0000 em=1.0000 | val loss=0.0223 acc=0.9952 em=0.9245 | random≈0.0010
  saved best_loss.pt (val_answer_loss=0.022331)
  saved best_acc.pt (val_answer_accuracy=0.995188)
test [best_loss_ckpt] loss=0.021028 acc=0.995594 em=0.931500
test [best_acc_ckpt]  loss=0.021028 acc=0.995594 em=0.931500 random_baseline≈0.000977
done. meta_metrics → /home/jovyan/shares/SR008.fs2/nvidenisov/other/repos/mamba/mamba_multi_scale_get_started/outputs/MQARFailureSweep/mqar_fail_ms_gated_slow_init_v1024_seed44/meta_metrics.csv
