mqar_split_hashes: n_train=20000 uniq_train=20000 | n_val=2000 uniq_val=2000 | n_test=2000 uniq_test=2000
mqar_answer_positions[train]: min=16 mean=16.0000 max=16 (expected 16 per sample)
mqar_answer_positions[val]: min=16 mean=16.0000 max=16 (expected 16 per sample)
mqar_answer_positions[test]: min=16 mean=16.0000 max=16 (expected 16 per sample)
experiment=mqar_fail_mamba2_slow_init_v512_seed47 device=cuda:0 out_dir=/home/jovyan/shares/SR008.fs2/nvidenisov/other/repos/mamba/mamba_multi_scale_get_started/outputs/MQARFailureSweep/mqar_fail_mamba2_slow_init_v512_seed47
mqar data: fixed_examples=True random_baseline_acc≈1/vocab=0.001953 (vocab_size=512)
--- mqar resolved config (sanity) ---
  experiment.name: mqar_fail_mamba2_slow_init_v512_seed47
  model.backbone: mamba2_lm
  model.layer_headdims: [32, 32, 32, 32]
  model.multiscale.fast_layer_headdims: —
  model.multiscale.slow_layer_headdims: —
  model.multiscale.window_size: —
  model.multiscale.offsets: —
  model.multiscale.summary_mode: —
  model.multiscale.causal_mode: —
  model.multiscale.gate_type: —
  data.input_seq_len: 128
  data.num_kv_pairs: 16
  data.vocab_size: 512
  data.train_examples: 20000  val_examples: 2000  test_examples: 2000
  data.fixed_examples: True
  data.min_query_pos: null
  train.lr: 0.0003
  train.epochs: 20
  num_parameters_trainable: 1931712
  tags(backbone,fusion,stride): mamba2_lm, , 
--- end resolved config ---
epoch 1/20 train loss=5.5502 acc=0.0046 em=0.0000 | val loss=5.5624 acc=0.0035 em=0.0000 | random≈0.0020
  saved best_loss.pt (val_answer_loss=5.562371)
  saved best_acc.pt (val_answer_accuracy=0.003500)
epoch 2/20 train loss=5.4843 acc=0.0271 em=0.0000 | val loss=5.5221 acc=0.0247 em=0.0000 | random≈0.0020
  saved best_loss.pt (val_answer_loss=5.522069)
  saved best_acc.pt (val_answer_accuracy=0.024656)
epoch 3/20 train loss=5.1204 acc=0.0707 em=0.0000 | val loss=5.2694 acc=0.0592 em=0.0000 | random≈0.0020
  saved best_loss.pt (val_answer_loss=5.269440)
  saved best_acc.pt (val_answer_accuracy=0.059219)
epoch 4/20 train loss=3.8861 acc=0.2301 em=0.0000 | val loss=4.1104 acc=0.1926 em=0.0000 | random≈0.0020
  saved best_loss.pt (val_answer_loss=4.110391)
  saved best_acc.pt (val_answer_accuracy=0.192625)
epoch 5/20 train loss=0.8628 acc=0.8146 em=0.0350 | val loss=1.0059 acc=0.7716 em=0.0135 | random≈0.0020
  saved best_loss.pt (val_answer_loss=1.005870)
  saved best_acc.pt (val_answer_accuracy=0.771594)
epoch 6/20 train loss=0.1234 acc=0.9820 em=0.7500 | val loss=0.1925 acc=0.9597 em=0.5115 | random≈0.0020
  saved best_loss.pt (val_answer_loss=0.192480)
  saved best_acc.pt (val_answer_accuracy=0.959719)
epoch 7/20 train loss=0.0250 acc=0.9987 em=0.9796 | val loss=0.0584 acc=0.9882 em=0.8280 | random≈0.0020
  saved best_loss.pt (val_answer_loss=0.058416)
  saved best_acc.pt (val_answer_accuracy=0.988156)
epoch 8/20 train loss=0.0093 acc=0.9999 em=0.9990 | val loss=0.0331 acc=0.9932 em=0.8975 | random≈0.0020
  saved best_loss.pt (val_answer_loss=0.033142)
  saved best_acc.pt (val_answer_accuracy=0.993188)
epoch 9/20 train loss=0.0051 acc=1.0000 em=1.0000 | val loss=0.0237 acc=0.9948 em=0.9195 | random≈0.0020
  saved best_loss.pt (val_answer_loss=0.023728)
  saved best_acc.pt (val_answer_accuracy=0.994750)
epoch 10/20 train loss=0.0035 acc=1.0000 em=1.0000 | val loss=0.0202 acc=0.9953 em=0.9280 | random≈0.0020
  saved best_loss.pt (val_answer_loss=0.020161)
  saved best_acc.pt (val_answer_accuracy=0.995344)
epoch 11/20 train loss=0.0026 acc=1.0000 em=1.0000 | val loss=0.0179 acc=0.9958 em=0.9345 | random≈0.0020
  saved best_loss.pt (val_answer_loss=0.017880)
  saved best_acc.pt (val_answer_accuracy=0.995750)
epoch 12/20 train loss=0.0021 acc=1.0000 em=1.0000 | val loss=0.0162 acc=0.9958 em=0.9350 | random≈0.0020
  saved best_loss.pt (val_answer_loss=0.016182)
epoch 13/20 train loss=0.0017 acc=1.0000 em=1.0000 | val loss=0.0149 acc=0.9960 em=0.9390 | random≈0.0020
  saved best_loss.pt (val_answer_loss=0.014907)
  saved best_acc.pt (val_answer_accuracy=0.996000)
epoch 14/20 train loss=0.0014 acc=1.0000 em=1.0000 | val loss=0.0140 acc=0.9961 em=0.9405 | random≈0.0020
  saved best_loss.pt (val_answer_loss=0.013984)
epoch 15/20 train loss=0.0012 acc=1.0000 em=1.0000 | val loss=0.0131 acc=0.9965 em=0.9465 | random≈0.0020
  saved best_loss.pt (val_answer_loss=0.013075)
  saved best_acc.pt (val_answer_accuracy=0.996500)
epoch 16/20 train loss=0.0010 acc=1.0000 em=1.0000 | val loss=0.0122 acc=0.9966 em=0.9475 | random≈0.0020
  saved best_loss.pt (val_answer_loss=0.012198)
epoch 17/20 train loss=0.0008 acc=1.0000 em=1.0000 | val loss=0.0116 acc=0.9968 em=0.9505 | random≈0.0020
  saved best_loss.pt (val_answer_loss=0.011582)
  saved best_acc.pt (val_answer_accuracy=0.996781)
epoch 18/20 train loss=0.0007 acc=1.0000 em=1.0000 | val loss=0.0109 acc=0.9968 em=0.9505 | random≈0.0020
  saved best_loss.pt (val_answer_loss=0.010927)
epoch 19/20 train loss=0.0006 acc=1.0000 em=1.0000 | val loss=0.0105 acc=0.9970 em=0.9545 | random≈0.0020
  saved best_loss.pt (val_answer_loss=0.010451)
  saved best_acc.pt (val_answer_accuracy=0.997031)
epoch 20/20 train loss=0.0006 acc=1.0000 em=1.0000 | val loss=0.0100 acc=0.9973 em=0.9575 | random≈0.0020
  saved best_loss.pt (val_answer_loss=0.009999)
  saved best_acc.pt (val_answer_accuracy=0.997281)
test [best_loss_ckpt] loss=0.010227 acc=0.997125 em=0.956500
test [best_acc_ckpt]  loss=0.010227 acc=0.997125 em=0.956500 random_baseline≈0.001953
done. meta_metrics → /home/jovyan/shares/SR008.fs2/nvidenisov/other/repos/mamba/mamba_multi_scale_get_started/outputs/MQARFailureSweep/mqar_fail_mamba2_slow_init_v512_seed47/meta_metrics.csv
