mqar_split_hashes: n_train=20000 uniq_train=20000 | n_val=2000 uniq_val=2000 | n_test=2000 uniq_test=2000
mqar_answer_positions[train]: min=16 mean=16.0000 max=16 (expected 16 per sample)
mqar_answer_positions[val]: min=16 mean=16.0000 max=16 (expected 16 per sample)
mqar_answer_positions[test]: min=16 mean=16.0000 max=16 (expected 16 per sample)
experiment=mqar_fail_mamba2_split_ts_slow_veryslow_v768_seed45 device=cuda:0 out_dir=/home/jovyan/shares/SR008.fs2/nvidenisov/other/repos/mamba/mamba_multi_scale_get_started/outputs/MQARFailureSweep/mqar_fail_mamba2_split_ts_slow_veryslow_v768_seed45
mqar data: fixed_examples=True random_baseline_acc≈1/vocab=0.001302 (vocab_size=768)
--- mqar resolved config (sanity) ---
  experiment.name: mqar_fail_mamba2_split_ts_slow_veryslow_v768_seed45
  model.backbone: mamba2_lm
  model.layer_headdims: [32, 32, 32, 32]
  model.multiscale.fast_layer_headdims: —
  model.multiscale.slow_layer_headdims: —
  model.multiscale.window_size: —
  model.multiscale.offsets: —
  model.multiscale.summary_mode: —
  model.multiscale.causal_mode: —
  model.multiscale.gate_type: —
  data.input_seq_len: 128
  data.num_kv_pairs: 16
  data.vocab_size: 768
  data.train_examples: 20000  val_examples: 2000  test_examples: 2000
  data.fixed_examples: True
  data.min_query_pos: null
  train.lr: 0.0003
  train.epochs: 20
  num_parameters_trainable: 2063040
  tags(backbone,fusion,stride): mamba2_lm, , 
--- end resolved config ---
epoch 1/20 train loss=5.9560 acc=0.0033 em=0.0000 | val loss=5.9673 acc=0.0027 em=0.0000 | random≈0.0013
  saved best_loss.pt (val_answer_loss=5.967293)
  saved best_acc.pt (val_answer_accuracy=0.002719)
epoch 2/20 train loss=5.9121 acc=0.0139 em=0.0000 | val loss=5.9529 acc=0.0118 em=0.0000 | random≈0.0013
  saved best_loss.pt (val_answer_loss=5.952946)
  saved best_acc.pt (val_answer_accuracy=0.011844)
epoch 3/20 train loss=5.7199 acc=0.0461 em=0.0000 | val loss=5.8707 acc=0.0384 em=0.0000 | random≈0.0013
  saved best_loss.pt (val_answer_loss=5.870696)
  saved best_acc.pt (val_answer_accuracy=0.038437)
epoch 4/20 train loss=4.9031 acc=0.1664 em=0.0000 | val loss=5.1956 acc=0.1393 em=0.0000 | random≈0.0013
  saved best_loss.pt (val_answer_loss=5.195590)
  saved best_acc.pt (val_answer_accuracy=0.139281)
epoch 5/20 train loss=1.2600 acc=0.8007 em=0.0213 | val loss=1.4305 acc=0.7595 em=0.0050 | random≈0.0013
  saved best_loss.pt (val_answer_loss=1.430492)
  saved best_acc.pt (val_answer_accuracy=0.759469)
epoch 6/20 train loss=0.1004 acc=0.9913 em=0.8707 | val loss=0.1511 acc=0.9783 em=0.7075 | random≈0.0013
  saved best_loss.pt (val_answer_loss=0.151077)
  saved best_acc.pt (val_answer_accuracy=0.978344)
epoch 7/20 train loss=0.0211 acc=0.9997 em=0.9960 | val loss=0.0433 acc=0.9949 em=0.9225 | random≈0.0013
  saved best_loss.pt (val_answer_loss=0.043272)
  saved best_acc.pt (val_answer_accuracy=0.994875)
epoch 8/20 train loss=0.0096 acc=1.0000 em=0.9999 | val loss=0.0238 acc=0.9974 em=0.9590 | random≈0.0013
  saved best_loss.pt (val_answer_loss=0.023792)
  saved best_acc.pt (val_answer_accuracy=0.997375)
epoch 9/20 train loss=0.0061 acc=1.0000 em=1.0000 | val loss=0.0175 acc=0.9978 em=0.9650 | random≈0.0013
  saved best_loss.pt (val_answer_loss=0.017452)
  saved best_acc.pt (val_answer_accuracy=0.997812)
epoch 10/20 train loss=0.0044 acc=1.0000 em=1.0000 | val loss=0.0140 acc=0.9982 em=0.9705 | random≈0.0013
  saved best_loss.pt (val_answer_loss=0.013965)
  saved best_acc.pt (val_answer_accuracy=0.998156)
epoch 11/20 train loss=0.0034 acc=1.0000 em=1.0000 | val loss=0.0116 acc=0.9982 em=0.9715 | random≈0.0013
  saved best_loss.pt (val_answer_loss=0.011643)
epoch 12/20 train loss=0.0027 acc=1.0000 em=1.0000 | val loss=0.0100 acc=0.9986 em=0.9770 | random≈0.0013
  saved best_loss.pt (val_answer_loss=0.010028)
  saved best_acc.pt (val_answer_accuracy=0.998563)
epoch 13/20 train loss=0.0022 acc=1.0000 em=1.0000 | val loss=0.0087 acc=0.9985 em=0.9760 | random≈0.0013
  saved best_loss.pt (val_answer_loss=0.008714)
epoch 14/20 train loss=0.0018 acc=1.0000 em=1.0000 | val loss=0.0077 acc=0.9987 em=0.9790 | random≈0.0013
  saved best_loss.pt (val_answer_loss=0.007742)
  saved best_acc.pt (val_answer_accuracy=0.998687)
epoch 15/20 train loss=0.0015 acc=1.0000 em=1.0000 | val loss=0.0070 acc=0.9988 em=0.9800 | random≈0.0013
  saved best_loss.pt (val_answer_loss=0.006968)
epoch 16/20 train loss=0.0013 acc=1.0000 em=1.0000 | val loss=0.0062 acc=0.9988 em=0.9805 | random≈0.0013
  saved best_loss.pt (val_answer_loss=0.006238)
epoch 17/20 train loss=0.0011 acc=1.0000 em=1.0000 | val loss=0.0057 acc=0.9989 em=0.9825 | random≈0.0013
  saved best_loss.pt (val_answer_loss=0.005650)
  saved best_acc.pt (val_answer_accuracy=0.998906)
epoch 18/20 train loss=0.0010 acc=1.0000 em=1.0000 | val loss=0.0053 acc=0.9989 em=0.9830 | random≈0.0013
  saved best_loss.pt (val_answer_loss=0.005258)
epoch 19/20 train loss=0.0009 acc=1.0000 em=1.0000 | val loss=0.0048 acc=0.9989 em=0.9830 | random≈0.0013
  saved best_loss.pt (val_answer_loss=0.004789)
epoch 20/20 train loss=0.0008 acc=1.0000 em=1.0000 | val loss=0.0044 acc=0.9990 em=0.9845 | random≈0.0013
  saved best_loss.pt (val_answer_loss=0.004422)
  saved best_acc.pt (val_answer_accuracy=0.999031)
test [best_loss_ckpt] loss=0.004588 acc=0.999219 em=0.987500
test [best_acc_ckpt]  loss=0.004588 acc=0.999219 em=0.987500 random_baseline≈0.001302
done. meta_metrics → /home/jovyan/shares/SR008.fs2/nvidenisov/other/repos/mamba/mamba_multi_scale_get_started/outputs/MQARFailureSweep/mqar_fail_mamba2_split_ts_slow_veryslow_v768_seed45/meta_metrics.csv
