mqar_split_hashes: n_train=20000 uniq_train=20000 | n_val=2000 uniq_val=2000 | n_test=2000 uniq_test=2000
mqar_answer_positions[train]: min=16 mean=16.0000 max=16 (expected 16 per sample)
mqar_answer_positions[val]: min=16 mean=16.0000 max=16 (expected 16 per sample)
mqar_answer_positions[test]: min=16 mean=16.0000 max=16 (expected 16 per sample)
experiment=mqar_fail_mamba2_wide_init_v640_seed44 device=cuda:0 out_dir=/home/jovyan/shares/SR008.fs2/nvidenisov/other/repos/mamba/mamba_multi_scale_get_started/outputs/MQARFailureSweep/mqar_fail_mamba2_wide_init_v640_seed44
mqar data: fixed_examples=True random_baseline_acc≈1/vocab=0.001563 (vocab_size=640)
--- mqar resolved config (sanity) ---
  experiment.name: mqar_fail_mamba2_wide_init_v640_seed44
  model.backbone: mamba2_lm
  model.layer_headdims: [32, 32, 32, 32]
  model.multiscale.fast_layer_headdims: —
  model.multiscale.slow_layer_headdims: —
  model.multiscale.window_size: —
  model.multiscale.offsets: —
  model.multiscale.summary_mode: —
  model.multiscale.causal_mode: —
  model.multiscale.gate_type: —
  data.input_seq_len: 128
  data.num_kv_pairs: 16
  data.vocab_size: 640
  data.train_examples: 20000  val_examples: 2000  test_examples: 2000
  data.fixed_examples: True
  data.min_query_pos: null
  train.lr: 0.0003
  train.epochs: 20
  num_parameters_trainable: 1997376
  tags(backbone,fusion,stride): mamba2_lm, , 
--- end resolved config ---
epoch 1/20 train loss=5.7716 acc=0.0039 em=0.0000 | val loss=5.7860 acc=0.0028 em=0.0000 | random≈0.0016
  saved best_loss.pt (val_answer_loss=5.786001)
  saved best_acc.pt (val_answer_accuracy=0.002812)
epoch 2/20 train loss=5.7418 acc=0.0085 em=0.0000 | val loss=5.7830 acc=0.0057 em=0.0000 | random≈0.0016
  saved best_loss.pt (val_answer_loss=5.783018)
  saved best_acc.pt (val_answer_accuracy=0.005719)
epoch 3/20 train loss=5.6373 acc=0.0205 em=0.0000 | val loss=5.7826 acc=0.0136 em=0.0000 | random≈0.0016
  saved best_loss.pt (val_answer_loss=5.782573)
  saved best_acc.pt (val_answer_accuracy=0.013625)
epoch 4/20 train loss=5.4038 acc=0.0431 em=0.0000 | val loss=5.8090 acc=0.0210 em=0.0000 | random≈0.0016
  saved best_acc.pt (val_answer_accuracy=0.020969)
epoch 5/20 train loss=5.0607 acc=0.0808 em=0.0000 | val loss=5.8979 acc=0.0193 em=0.0000 | random≈0.0016
epoch 6/20 train loss=4.6643 acc=0.1406 em=0.0000 | val loss=6.0345 acc=0.0143 em=0.0000 | random≈0.0016
epoch 7/20 train loss=4.2686 acc=0.2036 em=0.0000 | val loss=6.2078 acc=0.0111 em=0.0000 | random≈0.0016
early stopping at epoch 7: val answer_loss did not improve by min_delta=0.0001 for 4 epochs
test [best_loss_ckpt] loss=5.783905 acc=0.013719 em=0.000000
test [best_acc_ckpt]  loss=5.812204 acc=0.020219 em=0.000000 random_baseline≈0.001563
done. meta_metrics → /home/jovyan/shares/SR008.fs2/nvidenisov/other/repos/mamba/mamba_multi_scale_get_started/outputs/MQARFailureSweep/mqar_fail_mamba2_wide_init_v640_seed44/meta_metrics.csv
