mqar_split_hashes: n_train=20000 uniq_train=20000 | n_val=2000 uniq_val=2000 | n_test=2000 uniq_test=2000
mqar_answer_positions[train]: min=16 mean=16.0000 max=16 (expected 16 per sample)
mqar_answer_positions[val]: min=16 mean=16.0000 max=16 (expected 16 per sample)
mqar_answer_positions[test]: min=16 mean=16.0000 max=16 (expected 16 per sample)
experiment=mqar_fail_mamba2_slow_init_v640_seed47 device=cuda:0 out_dir=/home/jovyan/shares/SR008.fs2/nvidenisov/other/repos/mamba/mamba_multi_scale_get_started/outputs/MQARFailureSweep/mqar_fail_mamba2_slow_init_v640_seed47
mqar data: fixed_examples=True random_baseline_acc≈1/vocab=0.001563 (vocab_size=640)
--- mqar resolved config (sanity) ---
  experiment.name: mqar_fail_mamba2_slow_init_v640_seed47
  model.backbone: mamba2_lm
  model.layer_headdims: [32, 32, 32, 32]
  model.multiscale.fast_layer_headdims: —
  model.multiscale.slow_layer_headdims: —
  model.multiscale.window_size: —
  model.multiscale.offsets: —
  model.multiscale.summary_mode: —
  model.multiscale.causal_mode: —
  model.multiscale.gate_type: —
  data.input_seq_len: 128
  data.num_kv_pairs: 16
  data.vocab_size: 640
  data.train_examples: 20000  val_examples: 2000  test_examples: 2000
  data.fixed_examples: True
  data.min_query_pos: null
  train.lr: 0.0003
  train.epochs: 20
  num_parameters_trainable: 1997376
  tags(backbone,fusion,stride): mamba2_lm, , 
--- end resolved config ---
epoch 1/20 train loss=5.7740 acc=0.0038 em=0.0000 | val loss=5.7845 acc=0.0027 em=0.0000 | random≈0.0016
  saved best_loss.pt (val_answer_loss=5.784499)
  saved best_acc.pt (val_answer_accuracy=0.002750)
epoch 2/20 train loss=5.7317 acc=0.0154 em=0.0000 | val loss=5.7671 acc=0.0133 em=0.0000 | random≈0.0016
  saved best_loss.pt (val_answer_loss=5.767092)
  saved best_acc.pt (val_answer_accuracy=0.013344)
epoch 3/20 train loss=5.5057 acc=0.0523 em=0.0000 | val loss=5.6412 acc=0.0453 em=0.0000 | random≈0.0016
  saved best_loss.pt (val_answer_loss=5.641236)
  saved best_acc.pt (val_answer_accuracy=0.045312)
epoch 4/20 train loss=4.8147 acc=0.1491 em=0.0000 | val loss=5.0793 acc=0.1246 em=0.0000 | random≈0.0016
  saved best_loss.pt (val_answer_loss=5.079285)
  saved best_acc.pt (val_answer_accuracy=0.124625)
epoch 5/20 train loss=1.6829 acc=0.6632 em=0.0003 | val loss=1.8611 acc=0.6142 em=0.0000 | random≈0.0016
  saved best_loss.pt (val_answer_loss=1.861095)
  saved best_acc.pt (val_answer_accuracy=0.614156)
epoch 6/20 train loss=0.2151 acc=0.9713 em=0.6311 | val loss=0.2872 acc=0.9493 em=0.4320 | random≈0.0016
  saved best_loss.pt (val_answer_loss=0.287199)
  saved best_acc.pt (val_answer_accuracy=0.949313)
epoch 7/20 train loss=0.0421 acc=0.9974 em=0.9597 | val loss=0.0772 acc=0.9878 em=0.8220 | random≈0.0016
  saved best_loss.pt (val_answer_loss=0.077178)
  saved best_acc.pt (val_answer_accuracy=0.987812)
epoch 8/20 train loss=0.0148 acc=0.9999 em=0.9989 | val loss=0.0388 acc=0.9934 em=0.9010 | random≈0.0016
  saved best_loss.pt (val_answer_loss=0.038760)
  saved best_acc.pt (val_answer_accuracy=0.993375)
epoch 9/20 train loss=0.0078 acc=1.0000 em=1.0000 | val loss=0.0261 acc=0.9953 em=0.9275 | random≈0.0016
  saved best_loss.pt (val_answer_loss=0.026104)
  saved best_acc.pt (val_answer_accuracy=0.995344)
epoch 10/20 train loss=0.0052 acc=1.0000 em=1.0000 | val loss=0.0201 acc=0.9965 em=0.9460 | random≈0.0016
  saved best_loss.pt (val_answer_loss=0.020117)
  saved best_acc.pt (val_answer_accuracy=0.996531)
epoch 11/20 train loss=0.0039 acc=1.0000 em=1.0000 | val loss=0.0171 acc=0.9966 em=0.9470 | random≈0.0016
  saved best_loss.pt (val_answer_loss=0.017136)
epoch 12/20 train loss=0.0030 acc=1.0000 em=1.0000 | val loss=0.0149 acc=0.9970 em=0.9540 | random≈0.0016
  saved best_loss.pt (val_answer_loss=0.014868)
  saved best_acc.pt (val_answer_accuracy=0.997000)
epoch 13/20 train loss=0.0024 acc=1.0000 em=1.0000 | val loss=0.0134 acc=0.9971 em=0.9545 | random≈0.0016
  saved best_loss.pt (val_answer_loss=0.013366)
epoch 14/20 train loss=0.0020 acc=1.0000 em=1.0000 | val loss=0.0120 acc=0.9975 em=0.9610 | random≈0.0016
  saved best_loss.pt (val_answer_loss=0.012012)
  saved best_acc.pt (val_answer_accuracy=0.997500)
epoch 15/20 train loss=0.0016 acc=1.0000 em=1.0000 | val loss=0.0108 acc=0.9977 em=0.9650 | random≈0.0016
  saved best_loss.pt (val_answer_loss=0.010812)
  saved best_acc.pt (val_answer_accuracy=0.997719)
epoch 16/20 train loss=0.0014 acc=1.0000 em=1.0000 | val loss=0.0100 acc=0.9978 em=0.9665 | random≈0.0016
  saved best_loss.pt (val_answer_loss=0.010031)
  saved best_acc.pt (val_answer_accuracy=0.997844)
epoch 17/20 train loss=0.0012 acc=1.0000 em=1.0000 | val loss=0.0093 acc=0.9980 em=0.9685 | random≈0.0016
  saved best_loss.pt (val_answer_loss=0.009280)
  saved best_acc.pt (val_answer_accuracy=0.997969)
epoch 18/20 train loss=0.0010 acc=1.0000 em=1.0000 | val loss=0.0086 acc=0.9981 em=0.9700 | random≈0.0016
  saved best_loss.pt (val_answer_loss=0.008589)
  saved best_acc.pt (val_answer_accuracy=0.998094)
epoch 19/20 train loss=0.0009 acc=1.0000 em=1.0000 | val loss=0.0080 acc=0.9982 em=0.9715 | random≈0.0016
  saved best_loss.pt (val_answer_loss=0.007964)
epoch 20/20 train loss=0.0008 acc=1.0000 em=1.0000 | val loss=0.0076 acc=0.9982 em=0.9730 | random≈0.0016
  saved best_loss.pt (val_answer_loss=0.007604)
  saved best_acc.pt (val_answer_accuracy=0.998250)
test [best_loss_ckpt] loss=0.008485 acc=0.997969 em=0.968500
test [best_acc_ckpt]  loss=0.008485 acc=0.997969 em=0.968500 random_baseline≈0.001563
done. meta_metrics → /home/jovyan/shares/SR008.fs2/nvidenisov/other/repos/mamba/mamba_multi_scale_get_started/outputs/MQARFailureSweep/mqar_fail_mamba2_slow_init_v640_seed47/meta_metrics.csv
