mqar_split_hashes: n_train=20000 uniq_train=20000 | n_val=2000 uniq_val=2000 | n_test=2000 uniq_test=2000
mqar_answer_positions[train]: min=16 mean=16.0000 max=16 (expected 16 per sample)
mqar_answer_positions[val]: min=16 mean=16.0000 max=16 (expected 16 per sample)
mqar_answer_positions[test]: min=16 mean=16.0000 max=16 (expected 16 per sample)
experiment=mqar_fail_transformer_param_match_v1536_seed45 device=cuda:0 out_dir=/home/jovyan/shares/SR008.fs2/nvidenisov/other/repos/mamba/mamba_multi_scale_get_started/outputs/MQARFailureSweep/mqar_fail_transformer_param_match_v1536_seed45
mqar data: fixed_examples=True random_baseline_acc≈1/vocab=0.000651 (vocab_size=1536)
--- mqar resolved config (sanity) ---
  experiment.name: mqar_fail_transformer_param_match_v1536_seed45
  model.backbone: transformer_lm
  model.layer_headdims: —
  model.multiscale.fast_layer_headdims: —
  model.multiscale.slow_layer_headdims: —
  model.multiscale.window_size: —
  model.multiscale.offsets: —
  model.multiscale.summary_mode: —
  model.multiscale.causal_mode: —
  model.multiscale.gate_type: —
  data.input_seq_len: 128
  data.num_kv_pairs: 16
  data.vocab_size: 1536
  data.train_examples: 20000  val_examples: 2000  test_examples: 2000
  data.fixed_examples: True
  data.min_query_pos: null
  train.lr: 0.0003
  train.epochs: 20
  num_parameters_trainable: 3547888
  tags(backbone,fusion,stride): transformer_lm, , 
--- end resolved config ---
epoch 1/20 train loss=6.6585 acc=0.0014 em=0.0000 | val loss=6.6651 acc=0.0013 em=0.0000 | random≈0.0007
  saved best_loss.pt (val_answer_loss=6.665091)
  saved best_acc.pt (val_answer_accuracy=0.001250)
epoch 2/20 train loss=6.6528 acc=0.0015 em=0.0000 | val loss=6.6581 acc=0.0014 em=0.0000 | random≈0.0007
  saved best_loss.pt (val_answer_loss=6.658079)
  saved best_acc.pt (val_answer_accuracy=0.001437)
epoch 3/20 train loss=6.6479 acc=0.0017 em=0.0000 | val loss=6.6557 acc=0.0016 em=0.0000 | random≈0.0007
  saved best_loss.pt (val_answer_loss=6.655689)
  saved best_acc.pt (val_answer_accuracy=0.001594)
epoch 4/20 train loss=6.4977 acc=0.0253 em=0.0000 | val loss=6.5698 acc=0.0222 em=0.0000 | random≈0.0007
  saved best_loss.pt (val_answer_loss=6.569772)
  saved best_acc.pt (val_answer_accuracy=0.022219)
epoch 5/20 train loss=5.8112 acc=0.0765 em=0.0000 | val loss=5.9630 acc=0.0660 em=0.0000 | random≈0.0007
  saved best_loss.pt (val_answer_loss=5.962988)
  saved best_acc.pt (val_answer_accuracy=0.066031)
epoch 6/20 train loss=5.2775 acc=0.0914 em=0.0000 | val loss=5.5185 acc=0.0727 em=0.0000 | random≈0.0007
  saved best_loss.pt (val_answer_loss=5.518510)
  saved best_acc.pt (val_answer_accuracy=0.072719)
epoch 7/20 train loss=4.8589 acc=0.1011 em=0.0000 | val loss=5.1880 acc=0.0755 em=0.0000 | random≈0.0007
  saved best_loss.pt (val_answer_loss=5.187982)
  saved best_acc.pt (val_answer_accuracy=0.075469)
epoch 8/20 train loss=4.5180 acc=0.1123 em=0.0000 | val loss=4.9473 acc=0.0739 em=0.0000 | random≈0.0007
  saved best_loss.pt (val_answer_loss=4.947336)
epoch 9/20 train loss=4.2376 acc=0.1231 em=0.0000 | val loss=4.7619 acc=0.0738 em=0.0000 | random≈0.0007
  saved best_loss.pt (val_answer_loss=4.761879)
epoch 10/20 train loss=3.9879 acc=0.1371 em=0.0000 | val loss=4.6182 acc=0.0759 em=0.0000 | random≈0.0007
  saved best_loss.pt (val_answer_loss=4.618249)
  saved best_acc.pt (val_answer_accuracy=0.075938)
epoch 11/20 train loss=3.5604 acc=0.2057 em=0.0000 | val loss=4.3057 acc=0.1118 em=0.0000 | random≈0.0007
  saved best_loss.pt (val_answer_loss=4.305720)
  saved best_acc.pt (val_answer_accuracy=0.111844)
epoch 12/20 train loss=0.0036 acc=0.9999 em=0.9985 | val loss=0.0044 acc=0.9999 em=0.9980 | random≈0.0007
  saved best_loss.pt (val_answer_loss=0.004444)
  saved best_acc.pt (val_answer_accuracy=0.999875)
epoch 13/20 train loss=0.0008 acc=1.0000 em=1.0000 | val loss=0.0010 acc=0.9999 em=0.9990 | random≈0.0007
  saved best_loss.pt (val_answer_loss=0.001028)
epoch 14/20 train loss=0.0004 acc=1.0000 em=1.0000 | val loss=0.0005 acc=1.0000 em=1.0000 | random≈0.0007
  saved best_loss.pt (val_answer_loss=0.000480)
  saved best_acc.pt (val_answer_accuracy=1.000000)
epoch 15/20 train loss=0.0003 acc=1.0000 em=1.0000 | val loss=0.0003 acc=1.0000 em=1.0000 | random≈0.0007
  saved best_loss.pt (val_answer_loss=0.000312)
epoch 16/20 train loss=0.0002 acc=1.0000 em=1.0000 | val loss=0.0002 acc=1.0000 em=1.0000 | random≈0.0007
epoch 17/20 train loss=0.0002 acc=1.0000 em=1.0000 | val loss=0.0002 acc=1.0000 em=1.0000 | random≈0.0007
  saved best_loss.pt (val_answer_loss=0.000173)
epoch 18/20 train loss=0.0001 acc=1.0000 em=1.0000 | val loss=0.0001 acc=1.0000 em=1.0000 | random≈0.0007
epoch 19/20 train loss=0.0001 acc=1.0000 em=1.0000 | val loss=0.0001 acc=1.0000 em=1.0000 | random≈0.0007
epoch 20/20 train loss=0.0001 acc=1.0000 em=1.0000 | val loss=0.0001 acc=1.0000 em=1.0000 | random≈0.0007
test [best_loss_ckpt] loss=0.000174 acc=1.000000 em=1.000000
test [best_acc_ckpt]  loss=0.000483 acc=1.000000 em=1.000000 random_baseline≈0.000651
done. meta_metrics → /home/jovyan/shares/SR008.fs2/nvidenisov/other/repos/mamba/mamba_multi_scale_get_started/outputs/MQARFailureSweep/mqar_fail_transformer_param_match_v1536_seed45/meta_metrics.csv
