mqar_split_hashes: n_train=20000 uniq_train=20000 | n_val=2000 uniq_val=2000 | n_test=2000 uniq_test=2000
mqar_answer_positions[train]: min=16 mean=16.0000 max=16 (expected 16 per sample)
mqar_answer_positions[val]: min=16 mean=16.0000 max=16 (expected 16 per sample)
mqar_answer_positions[test]: min=16 mean=16.0000 max=16 (expected 16 per sample)
experiment=mqar_fail_mamba2_split_ts_slow_veryslow_v704_seed46 device=cuda:0 out_dir=/home/jovyan/shares/SR008.fs2/nvidenisov/other/repos/mamba/mamba_multi_scale_get_started/outputs/MQARFailureSweep/mqar_fail_mamba2_split_ts_slow_veryslow_v704_seed46
mqar data: fixed_examples=True random_baseline_acc≈1/vocab=0.001420 (vocab_size=704)
--- mqar resolved config (sanity) ---
  experiment.name: mqar_fail_mamba2_split_ts_slow_veryslow_v704_seed46
  model.backbone: mamba2_lm
  model.layer_headdims: [32, 32, 32, 32]
  model.multiscale.fast_layer_headdims: —
  model.multiscale.slow_layer_headdims: —
  model.multiscale.window_size: —
  model.multiscale.offsets: —
  model.multiscale.summary_mode: —
  model.multiscale.causal_mode: —
  model.multiscale.gate_type: —
  data.input_seq_len: 128
  data.num_kv_pairs: 16
  data.vocab_size: 704
  data.train_examples: 20000  val_examples: 2000  test_examples: 2000
  data.fixed_examples: True
  data.min_query_pos: null
  train.lr: 0.0003
  train.epochs: 20
  num_parameters_trainable: 2030208
  tags(backbone,fusion,stride): mamba2_lm, , 
--- end resolved config ---
epoch 1/20 train loss=5.8678 acc=0.0036 em=0.0000 | val loss=5.8793 acc=0.0033 em=0.0000 | random≈0.0014
  saved best_loss.pt (val_answer_loss=5.879302)
  saved best_acc.pt (val_answer_accuracy=0.003344)
epoch 2/20 train loss=5.7997 acc=0.0236 em=0.0000 | val loss=5.8393 acc=0.0218 em=0.0000 | random≈0.0014
  saved best_loss.pt (val_answer_loss=5.839299)
  saved best_acc.pt (val_answer_accuracy=0.021844)
epoch 3/20 train loss=5.5090 acc=0.0587 em=0.0000 | val loss=5.6448 acc=0.0496 em=0.0000 | random≈0.0014
  saved best_loss.pt (val_answer_loss=5.644802)
  saved best_acc.pt (val_answer_accuracy=0.049625)
epoch 4/20 train loss=3.7474 acc=0.3340 em=0.0000 | val loss=3.9320 acc=0.3056 em=0.0000 | random≈0.0014
  saved best_loss.pt (val_answer_loss=3.931994)
  saved best_acc.pt (val_answer_accuracy=0.305625)
epoch 5/20 train loss=0.4165 acc=0.9479 em=0.4263 | val loss=0.5063 acc=0.9245 em=0.2885 | random≈0.0014
  saved best_loss.pt (val_answer_loss=0.506329)
  saved best_acc.pt (val_answer_accuracy=0.924500)
epoch 6/20 train loss=0.0469 acc=0.9975 em=0.9613 | val loss=0.0797 acc=0.9890 em=0.8400 | random≈0.0014
  saved best_loss.pt (val_answer_loss=0.079720)
  saved best_acc.pt (val_answer_accuracy=0.989000)
epoch 7/20 train loss=0.0153 acc=0.9999 em=0.9988 | val loss=0.0347 acc=0.9957 em=0.9325 | random≈0.0014
  saved best_loss.pt (val_answer_loss=0.034714)
  saved best_acc.pt (val_answer_accuracy=0.995656)
epoch 8/20 train loss=0.0080 acc=1.0000 em=1.0000 | val loss=0.0213 acc=0.9975 em=0.9610 | random≈0.0014
  saved best_loss.pt (val_answer_loss=0.021344)
  saved best_acc.pt (val_answer_accuracy=0.997469)
epoch 9/20 train loss=0.0055 acc=1.0000 em=1.0000 | val loss=0.0168 acc=0.9980 em=0.9685 | random≈0.0014
  saved best_loss.pt (val_answer_loss=0.016754)
  saved best_acc.pt (val_answer_accuracy=0.997969)
epoch 10/20 train loss=0.0041 acc=1.0000 em=1.0000 | val loss=0.0139 acc=0.9982 em=0.9710 | random≈0.0014
  saved best_loss.pt (val_answer_loss=0.013930)
  saved best_acc.pt (val_answer_accuracy=0.998156)
epoch 11/20 train loss=0.0032 acc=1.0000 em=1.0000 | val loss=0.0116 acc=0.9984 em=0.9745 | random≈0.0014
  saved best_loss.pt (val_answer_loss=0.011614)
  saved best_acc.pt (val_answer_accuracy=0.998406)
epoch 12/20 train loss=0.0025 acc=1.0000 em=1.0000 | val loss=0.0102 acc=0.9986 em=0.9780 | random≈0.0014
  saved best_loss.pt (val_answer_loss=0.010237)
  saved best_acc.pt (val_answer_accuracy=0.998625)
epoch 13/20 train loss=0.0021 acc=1.0000 em=1.0000 | val loss=0.0091 acc=0.9985 em=0.9760 | random≈0.0014
  saved best_loss.pt (val_answer_loss=0.009107)
epoch 14/20 train loss=0.0017 acc=1.0000 em=1.0000 | val loss=0.0081 acc=0.9988 em=0.9800 | random≈0.0014
  saved best_loss.pt (val_answer_loss=0.008087)
  saved best_acc.pt (val_answer_accuracy=0.998750)
epoch 15/20 train loss=0.0015 acc=1.0000 em=1.0000 | val loss=0.0074 acc=0.9988 em=0.9805 | random≈0.0014
  saved best_loss.pt (val_answer_loss=0.007446)
epoch 16/20 train loss=0.0013 acc=1.0000 em=1.0000 | val loss=0.0068 acc=0.9988 em=0.9815 | random≈0.0014
  saved best_loss.pt (val_answer_loss=0.006777)
epoch 17/20 train loss=0.0011 acc=1.0000 em=1.0000 | val loss=0.0063 acc=0.9989 em=0.9820 | random≈0.0014
  saved best_loss.pt (val_answer_loss=0.006257)
  saved best_acc.pt (val_answer_accuracy=0.998875)
epoch 18/20 train loss=0.0009 acc=1.0000 em=1.0000 | val loss=0.0058 acc=0.9990 em=0.9835 | random≈0.0014
  saved best_loss.pt (val_answer_loss=0.005761)
epoch 19/20 train loss=0.0008 acc=1.0000 em=1.0000 | val loss=0.0054 acc=0.9990 em=0.9840 | random≈0.0014
  saved best_loss.pt (val_answer_loss=0.005404)
  saved best_acc.pt (val_answer_accuracy=0.999000)
epoch 20/20 train loss=0.0007 acc=1.0000 em=1.0000 | val loss=0.0050 acc=0.9991 em=0.9850 | random≈0.0014
  saved best_loss.pt (val_answer_loss=0.004996)
test [best_loss_ckpt] loss=0.005706 acc=0.998781 em=0.980500
test [best_acc_ckpt]  loss=0.006117 acc=0.998750 em=0.980000 random_baseline≈0.001420
done. meta_metrics → /home/jovyan/shares/SR008.fs2/nvidenisov/other/repos/mamba/mamba_multi_scale_get_started/outputs/MQARFailureSweep/mqar_fail_mamba2_split_ts_slow_veryslow_v704_seed46/meta_metrics.csv
