mqar_split_hashes: n_train=20000 uniq_train=20000 | n_val=2000 uniq_val=2000 | n_test=2000 uniq_test=2000
mqar_answer_positions[train]: min=16 mean=16.0000 max=16 (expected 16 per sample)
mqar_answer_positions[val]: min=16 mean=16.0000 max=16 (expected 16 per sample)
mqar_answer_positions[test]: min=16 mean=16.0000 max=16 (expected 16 per sample)
experiment=mqar_fail_ms_gated_right_init_v640_seed48 device=cuda:0 out_dir=/home/jovyan/shares/SR008.fs2/nvidenisov/other/repos/mamba/mamba_multi_scale_get_started/outputs/MQARFailureSweep/mqar_fail_ms_gated_right_init_v640_seed48
mqar data: fixed_examples=True random_baseline_acc≈1/vocab=0.001563 (vocab_size=640)
--- mqar resolved config (sanity) ---
  experiment.name: mqar_fail_ms_gated_right_init_v640_seed48
  model.backbone: multiscale_mamba2_lm
  model.layer_headdims: [32, 32, 32, 32]
  model.multiscale.fast_layer_headdims: [32, 32, 32, 32]
  model.multiscale.slow_layer_headdims: [32, 32]
  model.multiscale.window_size: —
  model.multiscale.offsets: —
  model.multiscale.summary_mode: —
  model.multiscale.causal_mode: —
  model.multiscale.gate_type: —
  data.input_seq_len: 128
  data.num_kv_pairs: 16
  data.vocab_size: 640
  data.train_examples: 20000  val_examples: 2000  test_examples: 2000
  data.fixed_examples: True
  data.min_query_pos: null
  train.lr: 0.0003
  train.epochs: 20
  num_parameters_trainable: 2964000
  tags(backbone,fusion,stride): multiscale_mamba2_lm, gated, 2
--- end resolved config ---
epoch 1/20 train loss=5.7719 acc=0.0039 em=0.0000 | val loss=5.7856 acc=0.0033 em=0.0000 | random≈0.0016
  saved best_loss.pt (val_answer_loss=5.785588)
  saved best_acc.pt (val_answer_accuracy=0.003312)
epoch 2/20 train loss=5.7336 acc=0.0107 em=0.0000 | val loss=5.7801 acc=0.0077 em=0.0000 | random≈0.0016
  saved best_loss.pt (val_answer_loss=5.780069)
  saved best_acc.pt (val_answer_accuracy=0.007750)
epoch 3/20 train loss=5.5225 acc=0.0465 em=0.0000 | val loss=5.6967 acc=0.0405 em=0.0000 | random≈0.0016
  saved best_loss.pt (val_answer_loss=5.696665)
  saved best_acc.pt (val_answer_accuracy=0.040500)
epoch 4/20 train loss=5.0769 acc=0.0867 em=0.0000 | val loss=5.5151 acc=0.0553 em=0.0000 | random≈0.0016
  saved best_loss.pt (val_answer_loss=5.515110)
  saved best_acc.pt (val_answer_accuracy=0.055281)
epoch 5/20 train loss=3.0588 acc=0.4442 em=0.0000 | val loss=3.5676 acc=0.3464 em=0.0000 | random≈0.0016
  saved best_loss.pt (val_answer_loss=3.567616)
  saved best_acc.pt (val_answer_accuracy=0.346406)
epoch 6/20 train loss=0.2607 acc=0.9636 em=0.5575 | val loss=0.3987 acc=0.9284 em=0.2810 | random≈0.0016
  saved best_loss.pt (val_answer_loss=0.398655)
  saved best_acc.pt (val_answer_accuracy=0.928406)
epoch 7/20 train loss=0.0370 acc=0.9984 em=0.9749 | val loss=0.0840 acc=0.9865 em=0.8040 | random≈0.0016
  saved best_loss.pt (val_answer_loss=0.083958)
  saved best_acc.pt (val_answer_accuracy=0.986500)
epoch 8/20 train loss=0.0131 acc=1.0000 em=0.9995 | val loss=0.0410 acc=0.9938 em=0.9080 | random≈0.0016
  saved best_loss.pt (val_answer_loss=0.041023)
  saved best_acc.pt (val_answer_accuracy=0.993812)
epoch 9/20 train loss=0.0071 acc=1.0000 em=1.0000 | val loss=0.0280 acc=0.9948 em=0.9205 | random≈0.0016
  saved best_loss.pt (val_answer_loss=0.028001)
  saved best_acc.pt (val_answer_accuracy=0.994844)
epoch 10/20 train loss=0.0049 acc=1.0000 em=1.0000 | val loss=0.0224 acc=0.9957 em=0.9330 | random≈0.0016
  saved best_loss.pt (val_answer_loss=0.022351)
  saved best_acc.pt (val_answer_accuracy=0.995656)
epoch 11/20 train loss=0.0037 acc=1.0000 em=1.0000 | val loss=0.0184 acc=0.9965 em=0.9455 | random≈0.0016
  saved best_loss.pt (val_answer_loss=0.018391)
  saved best_acc.pt (val_answer_accuracy=0.996469)
epoch 12/20 train loss=0.0029 acc=1.0000 em=1.0000 | val loss=0.0161 acc=0.9966 em=0.9460 | random≈0.0016
  saved best_loss.pt (val_answer_loss=0.016068)
  saved best_acc.pt (val_answer_accuracy=0.996594)
epoch 13/20 train loss=0.0023 acc=1.0000 em=1.0000 | val loss=0.0142 acc=0.9970 em=0.9520 | random≈0.0016
  saved best_loss.pt (val_answer_loss=0.014162)
  saved best_acc.pt (val_answer_accuracy=0.996969)
epoch 14/20 train loss=0.0019 acc=1.0000 em=1.0000 | val loss=0.0125 acc=0.9972 em=0.9550 | random≈0.0016
  saved best_loss.pt (val_answer_loss=0.012514)
  saved best_acc.pt (val_answer_accuracy=0.997156)
epoch 15/20 train loss=0.0016 acc=1.0000 em=1.0000 | val loss=0.0115 acc=0.9974 em=0.9590 | random≈0.0016
  saved best_loss.pt (val_answer_loss=0.011453)
  saved best_acc.pt (val_answer_accuracy=0.997406)
epoch 16/20 train loss=0.0014 acc=1.0000 em=1.0000 | val loss=0.0102 acc=0.9974 em=0.9595 | random≈0.0016
  saved best_loss.pt (val_answer_loss=0.010249)
epoch 17/20 train loss=0.0012 acc=1.0000 em=1.0000 | val loss=0.0093 acc=0.9977 em=0.9640 | random≈0.0016
  saved best_loss.pt (val_answer_loss=0.009349)
  saved best_acc.pt (val_answer_accuracy=0.997719)
epoch 18/20 train loss=0.0010 acc=1.0000 em=1.0000 | val loss=0.0087 acc=0.9978 em=0.9660 | random≈0.0016
  saved best_loss.pt (val_answer_loss=0.008681)
  saved best_acc.pt (val_answer_accuracy=0.997844)
epoch 19/20 train loss=0.0009 acc=1.0000 em=1.0000 | val loss=0.0080 acc=0.9982 em=0.9715 | random≈0.0016
  saved best_loss.pt (val_answer_loss=0.007993)
  saved best_acc.pt (val_answer_accuracy=0.998219)
epoch 20/20 train loss=0.0008 acc=1.0000 em=1.0000 | val loss=0.0073 acc=0.9983 em=0.9735 | random≈0.0016
  saved best_loss.pt (val_answer_loss=0.007284)
  saved best_acc.pt (val_answer_accuracy=0.998344)
test [best_loss_ckpt] loss=0.006681 acc=0.998594 em=0.977500
test [best_acc_ckpt]  loss=0.006681 acc=0.998594 em=0.977500 random_baseline≈0.001563
done. meta_metrics → /home/jovyan/shares/SR008.fs2/nvidenisov/other/repos/mamba/mamba_multi_scale_get_started/outputs/MQARFailureSweep/mqar_fail_ms_gated_right_init_v640_seed48/meta_metrics.csv
