mqar_split_hashes: n_train=20000 uniq_train=20000 | n_val=2000 uniq_val=2000 | n_test=2000 uniq_test=2000
mqar_answer_positions[train]: min=16 mean=16.0000 max=16 (expected 16 per sample)
mqar_answer_positions[val]: min=16 mean=16.0000 max=16 (expected 16 per sample)
mqar_answer_positions[test]: min=16 mean=16.0000 max=16 (expected 16 per sample)
experiment=mqar_fail_ms_gated_right_init_v512_seed45 device=cuda:0 out_dir=/home/jovyan/shares/SR008.fs2/nvidenisov/other/repos/mamba/mamba_multi_scale_get_started/outputs/MQARFailureSweep/mqar_fail_ms_gated_right_init_v512_seed45
mqar data: fixed_examples=True random_baseline_acc≈1/vocab=0.001953 (vocab_size=512)
--- mqar resolved config (sanity) ---
  experiment.name: mqar_fail_ms_gated_right_init_v512_seed45
  model.backbone: multiscale_mamba2_lm
  model.layer_headdims: [32, 32, 32, 32]
  model.multiscale.fast_layer_headdims: [32, 32, 32, 32]
  model.multiscale.slow_layer_headdims: [32, 32]
  model.multiscale.window_size: —
  model.multiscale.offsets: —
  model.multiscale.summary_mode: —
  model.multiscale.causal_mode: —
  model.multiscale.gate_type: —
  data.input_seq_len: 128
  data.num_kv_pairs: 16
  data.vocab_size: 512
  data.train_examples: 20000  val_examples: 2000  test_examples: 2000
  data.fixed_examples: True
  data.min_query_pos: null
  train.lr: 0.0003
  train.epochs: 20
  num_parameters_trainable: 2898336
  tags(backbone,fusion,stride): multiscale_mamba2_lm, gated, 2
--- end resolved config ---
epoch 1/20 train loss=5.5481 acc=0.0057 em=0.0000 | val loss=5.5597 acc=0.0043 em=0.0000 | random≈0.0020
  saved best_loss.pt (val_answer_loss=5.559737)
  saved best_acc.pt (val_answer_accuracy=0.004313)
epoch 2/20 train loss=5.4790 acc=0.0250 em=0.0000 | val loss=5.5246 acc=0.0224 em=0.0000 | random≈0.0020
  saved best_loss.pt (val_answer_loss=5.524645)
  saved best_acc.pt (val_answer_accuracy=0.022437)
epoch 3/20 train loss=5.1721 acc=0.0624 em=0.0000 | val loss=5.3404 acc=0.0529 em=0.0000 | random≈0.0020
  saved best_loss.pt (val_answer_loss=5.340443)
  saved best_acc.pt (val_answer_accuracy=0.052937)
epoch 4/20 train loss=3.9652 acc=0.2286 em=0.0000 | val loss=4.2640 acc=0.1812 em=0.0000 | random≈0.0020
  saved best_loss.pt (val_answer_loss=4.263976)
  saved best_acc.pt (val_answer_accuracy=0.181188)
epoch 5/20 train loss=0.8429 acc=0.8184 em=0.0393 | val loss=1.0035 acc=0.7687 em=0.0110 | random≈0.0020
  saved best_loss.pt (val_answer_loss=1.003533)
  saved best_acc.pt (val_answer_accuracy=0.768687)
epoch 6/20 train loss=0.1381 acc=0.9803 em=0.7319 | val loss=0.2106 acc=0.9576 em=0.5010 | random≈0.0020
  saved best_loss.pt (val_answer_loss=0.210553)
  saved best_acc.pt (val_answer_accuracy=0.957625)
epoch 7/20 train loss=0.0326 acc=0.9979 em=0.9661 | val loss=0.0702 acc=0.9871 em=0.8100 | random≈0.0020
  saved best_loss.pt (val_answer_loss=0.070231)
  saved best_acc.pt (val_answer_accuracy=0.987125)
epoch 8/20 train loss=0.0104 acc=1.0000 em=0.9994 | val loss=0.0343 acc=0.9936 em=0.9025 | random≈0.0020
  saved best_loss.pt (val_answer_loss=0.034254)
  saved best_acc.pt (val_answer_accuracy=0.993563)
epoch 9/20 train loss=0.0055 acc=1.0000 em=1.0000 | val loss=0.0236 acc=0.9958 em=0.9350 | random≈0.0020
  saved best_loss.pt (val_answer_loss=0.023629)
  saved best_acc.pt (val_answer_accuracy=0.995812)
epoch 10/20 train loss=0.0037 acc=1.0000 em=1.0000 | val loss=0.0196 acc=0.9961 em=0.9405 | random≈0.0020
  saved best_loss.pt (val_answer_loss=0.019599)
  saved best_acc.pt (val_answer_accuracy=0.996125)
epoch 11/20 train loss=0.0027 acc=1.0000 em=1.0000 | val loss=0.0170 acc=0.9966 em=0.9475 | random≈0.0020
  saved best_loss.pt (val_answer_loss=0.016954)
  saved best_acc.pt (val_answer_accuracy=0.996594)
epoch 12/20 train loss=0.0021 acc=1.0000 em=1.0000 | val loss=0.0151 acc=0.9969 em=0.9520 | random≈0.0020
  saved best_loss.pt (val_answer_loss=0.015138)
  saved best_acc.pt (val_answer_accuracy=0.996938)
epoch 13/20 train loss=0.0017 acc=1.0000 em=1.0000 | val loss=0.0136 acc=0.9970 em=0.9535 | random≈0.0020
  saved best_loss.pt (val_answer_loss=0.013625)
epoch 14/20 train loss=0.0014 acc=1.0000 em=1.0000 | val loss=0.0127 acc=0.9970 em=0.9540 | random≈0.0020
  saved best_loss.pt (val_answer_loss=0.012678)
epoch 15/20 train loss=0.0012 acc=1.0000 em=1.0000 | val loss=0.0117 acc=0.9972 em=0.9560 | random≈0.0020
  saved best_loss.pt (val_answer_loss=0.011670)
  saved best_acc.pt (val_answer_accuracy=0.997188)
epoch 16/20 train loss=0.0010 acc=1.0000 em=1.0000 | val loss=0.0110 acc=0.9973 em=0.9580 | random≈0.0020
  saved best_loss.pt (val_answer_loss=0.011031)
  saved best_acc.pt (val_answer_accuracy=0.997313)
epoch 17/20 train loss=0.0008 acc=1.0000 em=1.0000 | val loss=0.0103 acc=0.9974 em=0.9605 | random≈0.0020
  saved best_loss.pt (val_answer_loss=0.010345)
  saved best_acc.pt (val_answer_accuracy=0.997437)
epoch 18/20 train loss=0.0007 acc=1.0000 em=1.0000 | val loss=0.0097 acc=0.9976 em=0.9630 | random≈0.0020
  saved best_loss.pt (val_answer_loss=0.009684)
  saved best_acc.pt (val_answer_accuracy=0.997625)
epoch 19/20 train loss=0.0006 acc=1.0000 em=1.0000 | val loss=0.0093 acc=0.9978 em=0.9655 | random≈0.0020
  saved best_loss.pt (val_answer_loss=0.009348)
  saved best_acc.pt (val_answer_accuracy=0.997812)
epoch 20/20 train loss=0.0005 acc=1.0000 em=1.0000 | val loss=0.0089 acc=0.9979 em=0.9680 | random≈0.0020
  saved best_loss.pt (val_answer_loss=0.008852)
  saved best_acc.pt (val_answer_accuracy=0.997938)
test [best_loss_ckpt] loss=0.008945 acc=0.997531 em=0.962000
test [best_acc_ckpt]  loss=0.008945 acc=0.997531 em=0.962000 random_baseline≈0.001953
done. meta_metrics → /home/jovyan/shares/SR008.fs2/nvidenisov/other/repos/mamba/mamba_multi_scale_get_started/outputs/MQARFailureSweep/mqar_fail_ms_gated_right_init_v512_seed45/meta_metrics.csv
