mqar_split_hashes: n_train=20000 uniq_train=20000 | n_val=2000 uniq_val=2000 | n_test=2000 uniq_test=2000
mqar_answer_positions[train]: min=16 mean=16.0000 max=16 (expected 16 per sample)
mqar_answer_positions[val]: min=16 mean=16.0000 max=16 (expected 16 per sample)
mqar_answer_positions[test]: min=16 mean=16.0000 max=16 (expected 16 per sample)
experiment=mqar_fail_transformer_param_match_v704_seed43 device=cuda:0 out_dir=/home/jovyan/shares/SR008.fs2/nvidenisov/other/repos/mamba/mamba_multi_scale_get_started/outputs/MQARFailureSweep/mqar_fail_transformer_param_match_v704_seed43
mqar data: fixed_examples=True random_baseline_acc≈1/vocab=0.001420 (vocab_size=704)
--- mqar resolved config (sanity) ---
  experiment.name: mqar_fail_transformer_param_match_v704_seed43
  model.backbone: transformer_lm
  model.layer_headdims: —
  model.multiscale.fast_layer_headdims: —
  model.multiscale.slow_layer_headdims: —
  model.multiscale.window_size: —
  model.multiscale.offsets: —
  model.multiscale.summary_mode: —
  model.multiscale.causal_mode: —
  model.multiscale.gate_type: —
  data.input_seq_len: 128
  data.num_kv_pairs: 16
  data.vocab_size: 704
  data.train_examples: 20000  val_examples: 2000  test_examples: 2000
  data.fixed_examples: True
  data.min_query_pos: null
  train.lr: 0.0003
  train.epochs: 20
  num_parameters_trainable: 3161008
  tags(backbone,fusion,stride): transformer_lm, , 
--- end resolved config ---
epoch 1/20 train loss=5.8747 acc=0.0033 em=0.0000 | val loss=5.8783 acc=0.0028 em=0.0000 | random≈0.0014
  saved best_loss.pt (val_answer_loss=5.878343)
  saved best_acc.pt (val_answer_accuracy=0.002781)
epoch 2/20 train loss=5.8682 acc=0.0033 em=0.0000 | val loss=5.8702 acc=0.0030 em=0.0000 | random≈0.0014
  saved best_loss.pt (val_answer_loss=5.870225)
  saved best_acc.pt (val_answer_accuracy=0.002969)
epoch 3/20 train loss=5.5045 acc=0.0659 em=0.0000 | val loss=5.5594 acc=0.0634 em=0.0000 | random≈0.0014
  saved best_loss.pt (val_answer_loss=5.559426)
  saved best_acc.pt (val_answer_accuracy=0.063375)
epoch 4/20 train loss=4.6836 acc=0.0869 em=0.0000 | val loss=4.8045 acc=0.0752 em=0.0000 | random≈0.0014
  saved best_loss.pt (val_answer_loss=4.804514)
  saved best_acc.pt (val_answer_accuracy=0.075156)
epoch 5/20 train loss=4.1919 acc=0.0957 em=0.0000 | val loss=4.3850 acc=0.0757 em=0.0000 | random≈0.0014
  saved best_loss.pt (val_answer_loss=4.385005)
  saved best_acc.pt (val_answer_accuracy=0.075656)
epoch 6/20 train loss=3.8638 acc=0.1053 em=0.0000 | val loss=4.1244 acc=0.0767 em=0.0000 | random≈0.0014
  saved best_loss.pt (val_answer_loss=4.124447)
  saved best_acc.pt (val_answer_accuracy=0.076750)
epoch 7/20 train loss=3.6326 acc=0.1139 em=0.0000 | val loss=3.9564 acc=0.0798 em=0.0000 | random≈0.0014
  saved best_loss.pt (val_answer_loss=3.956432)
  saved best_acc.pt (val_answer_accuracy=0.079812)
epoch 8/20 train loss=3.4101 acc=0.1358 em=0.0000 | val loss=3.8032 acc=0.0899 em=0.0000 | random≈0.0014
  saved best_loss.pt (val_answer_loss=3.803227)
  saved best_acc.pt (val_answer_accuracy=0.089938)
epoch 9/20 train loss=0.0060 acc=0.9997 em=0.9956 | val loss=0.0070 acc=0.9997 em=0.9955 | random≈0.0014
  saved best_loss.pt (val_answer_loss=0.006968)
  saved best_acc.pt (val_answer_accuracy=0.999719)
epoch 10/20 train loss=0.0007 acc=1.0000 em=1.0000 | val loss=0.0007 acc=1.0000 em=1.0000 | random≈0.0014
  saved best_loss.pt (val_answer_loss=0.000710)
  saved best_acc.pt (val_answer_accuracy=1.000000)
epoch 11/20 train loss=0.0003 acc=1.0000 em=1.0000 | val loss=0.0003 acc=1.0000 em=1.0000 | random≈0.0014
  saved best_loss.pt (val_answer_loss=0.000350)
epoch 12/20 train loss=0.0002 acc=1.0000 em=1.0000 | val loss=0.0002 acc=1.0000 em=1.0000 | random≈0.0014
  saved best_loss.pt (val_answer_loss=0.000222)
epoch 13/20 train loss=0.0001 acc=1.0000 em=1.0000 | val loss=0.0002 acc=1.0000 em=1.0000 | random≈0.0014
epoch 14/20 train loss=0.0001 acc=1.0000 em=1.0000 | val loss=0.0001 acc=1.0000 em=1.0000 | random≈0.0014
  saved best_loss.pt (val_answer_loss=0.000118)
epoch 15/20 train loss=0.0001 acc=1.0000 em=1.0000 | val loss=0.0001 acc=1.0000 em=1.0000 | random≈0.0014
epoch 16/20 train loss=0.0001 acc=1.0000 em=1.0000 | val loss=0.0001 acc=1.0000 em=1.0000 | random≈0.0014
epoch 17/20 train loss=0.0001 acc=1.0000 em=1.0000 | val loss=0.0001 acc=1.0000 em=1.0000 | random≈0.0014
epoch 18/20 train loss=0.0001 acc=1.0000 em=1.0000 | val loss=0.0001 acc=1.0000 em=1.0000 | random≈0.0014
early stopping at epoch 18: val answer_loss did not improve by min_delta=0.0001 for 4 epochs
test [best_loss_ckpt] loss=0.000118 acc=1.000000 em=1.000000
test [best_acc_ckpt]  loss=0.000710 acc=1.000000 em=1.000000 random_baseline≈0.001420
done. meta_metrics → /home/jovyan/shares/SR008.fs2/nvidenisov/other/repos/mamba/mamba_multi_scale_get_started/outputs/MQARFailureSweep/mqar_fail_transformer_param_match_v704_seed43/meta_metrics.csv
