mqar_split_hashes: n_train=20000 uniq_train=20000 | n_val=2000 uniq_val=2000 | n_test=2000 uniq_test=2000
mqar_answer_positions[train]: min=16 mean=16.0000 max=16 (expected 16 per sample)
mqar_answer_positions[val]: min=16 mean=16.0000 max=16 (expected 16 per sample)
mqar_answer_positions[test]: min=16 mean=16.0000 max=16 (expected 16 per sample)
experiment=mqar_fail_mamba2_split_ts_slow_veryslow_v640_seed49 device=cuda:0 out_dir=/home/jovyan/shares/SR008.fs2/nvidenisov/other/repos/mamba/mamba_multi_scale_get_started/outputs/MQARFailureSweep/mqar_fail_mamba2_split_ts_slow_veryslow_v640_seed49
mqar data: fixed_examples=True random_baseline_acc≈1/vocab=0.001563 (vocab_size=640)
--- mqar resolved config (sanity) ---
  experiment.name: mqar_fail_mamba2_split_ts_slow_veryslow_v640_seed49
  model.backbone: mamba2_lm
  model.layer_headdims: [32, 32, 32, 32]
  model.multiscale.fast_layer_headdims: —
  model.multiscale.slow_layer_headdims: —
  model.multiscale.window_size: —
  model.multiscale.offsets: —
  model.multiscale.summary_mode: —
  model.multiscale.causal_mode: —
  model.multiscale.gate_type: —
  data.input_seq_len: 128
  data.num_kv_pairs: 16
  data.vocab_size: 640
  data.train_examples: 20000  val_examples: 2000  test_examples: 2000
  data.fixed_examples: True
  data.min_query_pos: null
  train.lr: 0.0003
  train.epochs: 20
  num_parameters_trainable: 1997376
  tags(backbone,fusion,stride): mamba2_lm, , 
--- end resolved config ---
epoch 1/20 train loss=5.7718 acc=0.0043 em=0.0000 | val loss=5.7831 acc=0.0041 em=0.0000 | random≈0.0016
  saved best_loss.pt (val_answer_loss=5.783147)
  saved best_acc.pt (val_answer_accuracy=0.004063)
epoch 2/20 train loss=5.7130 acc=0.0183 em=0.0000 | val loss=5.7550 acc=0.0164 em=0.0000 | random≈0.0016
  saved best_loss.pt (val_answer_loss=5.754993)
  saved best_acc.pt (val_answer_accuracy=0.016406)
epoch 3/20 train loss=5.4324 acc=0.0617 em=0.0000 | val loss=5.5900 acc=0.0522 em=0.0000 | random≈0.0016
  saved best_loss.pt (val_answer_loss=5.590023)
  saved best_acc.pt (val_answer_accuracy=0.052250)
epoch 4/20 train loss=3.3838 acc=0.3973 em=0.0000 | val loss=3.5696 acc=0.3656 em=0.0000 | random≈0.0016
  saved best_loss.pt (val_answer_loss=3.569621)
  saved best_acc.pt (val_answer_accuracy=0.365563)
epoch 5/20 train loss=0.2756 acc=0.9606 em=0.5295 | val loss=0.3495 acc=0.9417 em=0.3840 | random≈0.0016
  saved best_loss.pt (val_answer_loss=0.349510)
  saved best_acc.pt (val_answer_accuracy=0.941750)
epoch 6/20 train loss=0.0457 acc=0.9971 em=0.9546 | val loss=0.0801 acc=0.9880 em=0.8220 | random≈0.0016
  saved best_loss.pt (val_answer_loss=0.080061)
  saved best_acc.pt (val_answer_accuracy=0.987969)
epoch 7/20 train loss=0.0160 acc=0.9999 em=0.9977 | val loss=0.0370 acc=0.9949 em=0.9215 | random≈0.0016
  saved best_loss.pt (val_answer_loss=0.037024)
  saved best_acc.pt (val_answer_accuracy=0.994938)
epoch 8/20 train loss=0.0082 acc=1.0000 em=0.9999 | val loss=0.0243 acc=0.9965 em=0.9450 | random≈0.0016
  saved best_loss.pt (val_answer_loss=0.024315)
  saved best_acc.pt (val_answer_accuracy=0.996531)
epoch 9/20 train loss=0.0055 acc=1.0000 em=1.0000 | val loss=0.0188 acc=0.9971 em=0.9535 | random≈0.0016
  saved best_loss.pt (val_answer_loss=0.018832)
  saved best_acc.pt (val_answer_accuracy=0.997094)
epoch 10/20 train loss=0.0041 acc=1.0000 em=1.0000 | val loss=0.0157 acc=0.9974 em=0.9595 | random≈0.0016
  saved best_loss.pt (val_answer_loss=0.015696)
  saved best_acc.pt (val_answer_accuracy=0.997406)
epoch 11/20 train loss=0.0032 acc=1.0000 em=1.0000 | val loss=0.0135 acc=0.9978 em=0.9650 | random≈0.0016
  saved best_loss.pt (val_answer_loss=0.013536)
  saved best_acc.pt (val_answer_accuracy=0.997812)
epoch 12/20 train loss=0.0026 acc=1.0000 em=1.0000 | val loss=0.0120 acc=0.9980 em=0.9685 | random≈0.0016
  saved best_loss.pt (val_answer_loss=0.012029)
  saved best_acc.pt (val_answer_accuracy=0.998031)
epoch 13/20 train loss=0.0022 acc=1.0000 em=1.0000 | val loss=0.0106 acc=0.9981 em=0.9690 | random≈0.0016
  saved best_loss.pt (val_answer_loss=0.010618)
epoch 14/20 train loss=0.0018 acc=1.0000 em=1.0000 | val loss=0.0095 acc=0.9984 em=0.9740 | random≈0.0016
  saved best_loss.pt (val_answer_loss=0.009539)
  saved best_acc.pt (val_answer_accuracy=0.998375)
epoch 15/20 train loss=0.0015 acc=1.0000 em=1.0000 | val loss=0.0087 acc=0.9984 em=0.9740 | random≈0.0016
  saved best_loss.pt (val_answer_loss=0.008725)
epoch 16/20 train loss=0.0013 acc=1.0000 em=1.0000 | val loss=0.0080 acc=0.9986 em=0.9775 | random≈0.0016
  saved best_loss.pt (val_answer_loss=0.007983)
  saved best_acc.pt (val_answer_accuracy=0.998594)
epoch 17/20 train loss=0.0011 acc=1.0000 em=1.0000 | val loss=0.0074 acc=0.9986 em=0.9780 | random≈0.0016
  saved best_loss.pt (val_answer_loss=0.007399)
epoch 18/20 train loss=0.0010 acc=1.0000 em=1.0000 | val loss=0.0068 acc=0.9987 em=0.9795 | random≈0.0016
  saved best_loss.pt (val_answer_loss=0.006846)
  saved best_acc.pt (val_answer_accuracy=0.998719)
epoch 19/20 train loss=0.0009 acc=1.0000 em=1.0000 | val loss=0.0063 acc=0.9988 em=0.9805 | random≈0.0016
  saved best_loss.pt (val_answer_loss=0.006345)
epoch 20/20 train loss=0.0008 acc=1.0000 em=1.0000 | val loss=0.0059 acc=0.9988 em=0.9810 | random≈0.0016
  saved best_loss.pt (val_answer_loss=0.005924)
test [best_loss_ckpt] loss=0.005533 acc=0.999031 em=0.984500
test [best_acc_ckpt]  loss=0.006372 acc=0.998844 em=0.981500 random_baseline≈0.001563
done. meta_metrics → /home/jovyan/shares/SR008.fs2/nvidenisov/other/repos/mamba/mamba_multi_scale_get_started/outputs/MQARFailureSweep/mqar_fail_mamba2_split_ts_slow_veryslow_v640_seed49/meta_metrics.csv
