mqar_split_hashes: n_train=20000 uniq_train=20000 | n_val=2000 uniq_val=2000 | n_test=2000 uniq_test=2000
mqar_answer_positions[train]: min=16 mean=16.0000 max=16 (expected 16 per sample)
mqar_answer_positions[val]: min=16 mean=16.0000 max=16 (expected 16 per sample)
mqar_answer_positions[test]: min=16 mean=16.0000 max=16 (expected 16 per sample)
experiment=mqar_fail_mamba2_split_ts_slow_veryslow_v512_seed46 device=cuda:0 out_dir=/home/jovyan/shares/SR008.fs2/nvidenisov/other/repos/mamba/mamba_multi_scale_get_started/outputs/MQARFailureSweep/mqar_fail_mamba2_split_ts_slow_veryslow_v512_seed46
mqar data: fixed_examples=True random_baseline_acc≈1/vocab=0.001953 (vocab_size=512)
--- mqar resolved config (sanity) ---
  experiment.name: mqar_fail_mamba2_split_ts_slow_veryslow_v512_seed46
  model.backbone: mamba2_lm
  model.layer_headdims: [32, 32, 32, 32]
  model.multiscale.fast_layer_headdims: —
  model.multiscale.slow_layer_headdims: —
  model.multiscale.window_size: —
  model.multiscale.offsets: —
  model.multiscale.summary_mode: —
  model.multiscale.causal_mode: —
  model.multiscale.gate_type: —
  data.input_seq_len: 128
  data.num_kv_pairs: 16
  data.vocab_size: 512
  data.train_examples: 20000  val_examples: 2000  test_examples: 2000
  data.fixed_examples: True
  data.min_query_pos: null
  train.lr: 0.0003
  train.epochs: 20
  num_parameters_trainable: 1931712
  tags(backbone,fusion,stride): mamba2_lm, , 
--- end resolved config ---
epoch 1/20 train loss=5.5489 acc=0.0050 em=0.0000 | val loss=5.5620 acc=0.0039 em=0.0000 | random≈0.0020
  saved best_loss.pt (val_answer_loss=5.562009)
  saved best_acc.pt (val_answer_accuracy=0.003906)
epoch 2/20 train loss=5.4314 acc=0.0388 em=0.0000 | val loss=5.4863 acc=0.0355 em=0.0000 | random≈0.0020
  saved best_loss.pt (val_answer_loss=5.486349)
  saved best_acc.pt (val_answer_accuracy=0.035531)
epoch 3/20 train loss=4.8589 acc=0.1159 em=0.0000 | val loss=5.0339 acc=0.0984 em=0.0000 | random≈0.0020
  saved best_loss.pt (val_answer_loss=5.033926)
  saved best_acc.pt (val_answer_accuracy=0.098375)
epoch 4/20 train loss=1.1421 acc=0.7810 em=0.0134 | val loss=1.2561 acc=0.7489 em=0.0080 | random≈0.0020
  saved best_loss.pt (val_answer_loss=1.256074)
  saved best_acc.pt (val_answer_accuracy=0.748875)
epoch 5/20 train loss=0.1381 acc=0.9828 em=0.7628 | val loss=0.1932 acc=0.9662 em=0.5715 | random≈0.0020
  saved best_loss.pt (val_answer_loss=0.193239)
  saved best_acc.pt (val_answer_accuracy=0.966219)
epoch 6/20 train loss=0.0265 acc=0.9992 em=0.9869 | val loss=0.0516 acc=0.9923 em=0.8840 | random≈0.0020
  saved best_loss.pt (val_answer_loss=0.051647)
  saved best_acc.pt (val_answer_accuracy=0.992344)
epoch 7/20 train loss=0.0099 acc=1.0000 em=0.9999 | val loss=0.0269 acc=0.9959 em=0.9350 | random≈0.0020
  saved best_loss.pt (val_answer_loss=0.026914)
  saved best_acc.pt (val_answer_accuracy=0.995875)
epoch 8/20 train loss=0.0058 acc=1.0000 em=1.0000 | val loss=0.0188 acc=0.9970 em=0.9540 | random≈0.0020
  saved best_loss.pt (val_answer_loss=0.018802)
  saved best_acc.pt (val_answer_accuracy=0.997031)
epoch 9/20 train loss=0.0041 acc=1.0000 em=1.0000 | val loss=0.0151 acc=0.9976 em=0.9620 | random≈0.0020
  saved best_loss.pt (val_answer_loss=0.015140)
  saved best_acc.pt (val_answer_accuracy=0.997563)
epoch 10/20 train loss=0.0031 acc=1.0000 em=1.0000 | val loss=0.0127 acc=0.9977 em=0.9635 | random≈0.0020
  saved best_loss.pt (val_answer_loss=0.012727)
  saved best_acc.pt (val_answer_accuracy=0.997687)
epoch 11/20 train loss=0.0024 acc=1.0000 em=1.0000 | val loss=0.0113 acc=0.9980 em=0.9690 | random≈0.0020
  saved best_loss.pt (val_answer_loss=0.011293)
  saved best_acc.pt (val_answer_accuracy=0.998031)
epoch 12/20 train loss=0.0019 acc=1.0000 em=1.0000 | val loss=0.0100 acc=0.9979 em=0.9670 | random≈0.0020
  saved best_loss.pt (val_answer_loss=0.010024)
epoch 13/20 train loss=0.0016 acc=1.0000 em=1.0000 | val loss=0.0089 acc=0.9982 em=0.9705 | random≈0.0020
  saved best_loss.pt (val_answer_loss=0.008857)
  saved best_acc.pt (val_answer_accuracy=0.998156)
epoch 14/20 train loss=0.0013 acc=1.0000 em=1.0000 | val loss=0.0081 acc=0.9983 em=0.9725 | random≈0.0020
  saved best_loss.pt (val_answer_loss=0.008105)
  saved best_acc.pt (val_answer_accuracy=0.998281)
epoch 15/20 train loss=0.0011 acc=1.0000 em=1.0000 | val loss=0.0074 acc=0.9983 em=0.9730 | random≈0.0020
  saved best_loss.pt (val_answer_loss=0.007396)
epoch 16/20 train loss=0.0010 acc=1.0000 em=1.0000 | val loss=0.0068 acc=0.9985 em=0.9755 | random≈0.0020
  saved best_loss.pt (val_answer_loss=0.006838)
  saved best_acc.pt (val_answer_accuracy=0.998469)
epoch 17/20 train loss=0.0008 acc=1.0000 em=1.0000 | val loss=0.0063 acc=0.9986 em=0.9780 | random≈0.0020
  saved best_loss.pt (val_answer_loss=0.006278)
  saved best_acc.pt (val_answer_accuracy=0.998625)
epoch 18/20 train loss=0.0007 acc=1.0000 em=1.0000 | val loss=0.0059 acc=0.9987 em=0.9790 | random≈0.0020
  saved best_loss.pt (val_answer_loss=0.005900)
epoch 19/20 train loss=0.0006 acc=1.0000 em=1.0000 | val loss=0.0055 acc=0.9987 em=0.9795 | random≈0.0020
  saved best_loss.pt (val_answer_loss=0.005530)
epoch 20/20 train loss=0.0005 acc=1.0000 em=1.0000 | val loss=0.0052 acc=0.9988 em=0.9815 | random≈0.0020
  saved best_loss.pt (val_answer_loss=0.005235)
  saved best_acc.pt (val_answer_accuracy=0.998844)
test [best_loss_ckpt] loss=0.005692 acc=0.998719 em=0.980000
test [best_acc_ckpt]  loss=0.005692 acc=0.998719 em=0.980000 random_baseline≈0.001953
done. meta_metrics → /home/jovyan/shares/SR008.fs2/nvidenisov/other/repos/mamba/mamba_multi_scale_get_started/outputs/MQARFailureSweep/mqar_fail_mamba2_split_ts_slow_veryslow_v512_seed46/meta_metrics.csv
