mqar_split_hashes: n_train=20000 uniq_train=20000 | n_val=2000 uniq_val=2000 | n_test=2000 uniq_test=2000
mqar_answer_positions[train]: min=16 mean=16.0000 max=16 (expected 16 per sample)
mqar_answer_positions[val]: min=16 mean=16.0000 max=16 (expected 16 per sample)
mqar_answer_positions[test]: min=16 mean=16.0000 max=16 (expected 16 per sample)
experiment=mqar_fail_mamba2_split_ts_slow_veryslow_v704_seed45 device=cuda:0 out_dir=/home/jovyan/shares/SR008.fs2/nvidenisov/other/repos/mamba/mamba_multi_scale_get_started/outputs/MQARFailureSweep/mqar_fail_mamba2_split_ts_slow_veryslow_v704_seed45
mqar data: fixed_examples=True random_baseline_acc≈1/vocab=0.001420 (vocab_size=704)
--- mqar resolved config (sanity) ---
  experiment.name: mqar_fail_mamba2_split_ts_slow_veryslow_v704_seed45
  model.backbone: mamba2_lm
  model.layer_headdims: [32, 32, 32, 32]
  model.multiscale.fast_layer_headdims: —
  model.multiscale.slow_layer_headdims: —
  model.multiscale.window_size: —
  model.multiscale.offsets: —
  model.multiscale.summary_mode: —
  model.multiscale.causal_mode: —
  model.multiscale.gate_type: —
  data.input_seq_len: 128
  data.num_kv_pairs: 16
  data.vocab_size: 704
  data.train_examples: 20000  val_examples: 2000  test_examples: 2000
  data.fixed_examples: True
  data.min_query_pos: null
  train.lr: 0.0003
  train.epochs: 20
  num_parameters_trainable: 2030208
  tags(backbone,fusion,stride): mamba2_lm, , 
--- end resolved config ---
epoch 1/20 train loss=5.8685 acc=0.0038 em=0.0000 | val loss=5.8821 acc=0.0030 em=0.0000 | random≈0.0014
  saved best_loss.pt (val_answer_loss=5.882091)
  saved best_acc.pt (val_answer_accuracy=0.003000)
epoch 2/20 train loss=5.7953 acc=0.0247 em=0.0000 | val loss=5.8461 acc=0.0216 em=0.0000 | random≈0.0014
  saved best_loss.pt (val_answer_loss=5.846095)
  saved best_acc.pt (val_answer_accuracy=0.021625)
epoch 3/20 train loss=5.4556 acc=0.0639 em=0.0000 | val loss=5.6219 acc=0.0535 em=0.0000 | random≈0.0014
  saved best_loss.pt (val_answer_loss=5.621920)
  saved best_acc.pt (val_answer_accuracy=0.053500)
epoch 4/20 train loss=2.8272 acc=0.4856 em=0.0000 | val loss=2.9909 acc=0.4481 em=0.0000 | random≈0.0014
  saved best_loss.pt (val_answer_loss=2.990891)
  saved best_acc.pt (val_answer_accuracy=0.448062)
epoch 5/20 train loss=0.2844 acc=0.9547 em=0.4806 | val loss=0.3637 acc=0.9320 em=0.3205 | random≈0.0014
  saved best_loss.pt (val_answer_loss=0.363691)
  saved best_acc.pt (val_answer_accuracy=0.932031)
epoch 6/20 train loss=0.0525 acc=0.9948 em=0.9206 | val loss=0.0896 acc=0.9838 em=0.7695 | random≈0.0014
  saved best_loss.pt (val_answer_loss=0.089620)
  saved best_acc.pt (val_answer_accuracy=0.983781)
epoch 7/20 train loss=0.0168 acc=0.9997 em=0.9953 | val loss=0.0433 acc=0.9922 em=0.8805 | random≈0.0014
  saved best_loss.pt (val_answer_loss=0.043256)
  saved best_acc.pt (val_answer_accuracy=0.992188)
epoch 8/20 train loss=0.0084 acc=1.0000 em=0.9998 | val loss=0.0280 acc=0.9951 em=0.9255 | random≈0.0014
  saved best_loss.pt (val_answer_loss=0.028016)
  saved best_acc.pt (val_answer_accuracy=0.995094)
epoch 9/20 train loss=0.0055 acc=1.0000 em=1.0000 | val loss=0.0223 acc=0.9956 em=0.9345 | random≈0.0014
  saved best_loss.pt (val_answer_loss=0.022327)
  saved best_acc.pt (val_answer_accuracy=0.995625)
epoch 10/20 train loss=0.0041 acc=1.0000 em=1.0000 | val loss=0.0194 acc=0.9957 em=0.9340 | random≈0.0014
  saved best_loss.pt (val_answer_loss=0.019364)
epoch 11/20 train loss=0.0032 acc=1.0000 em=1.0000 | val loss=0.0173 acc=0.9960 em=0.9390 | random≈0.0014
  saved best_loss.pt (val_answer_loss=0.017275)
  saved best_acc.pt (val_answer_accuracy=0.995969)
epoch 12/20 train loss=0.0026 acc=1.0000 em=1.0000 | val loss=0.0156 acc=0.9963 em=0.9440 | random≈0.0014
  saved best_loss.pt (val_answer_loss=0.015619)
  saved best_acc.pt (val_answer_accuracy=0.996281)
epoch 13/20 train loss=0.0021 acc=1.0000 em=1.0000 | val loss=0.0143 acc=0.9965 em=0.9475 | random≈0.0014
  saved best_loss.pt (val_answer_loss=0.014340)
  saved best_acc.pt (val_answer_accuracy=0.996531)
epoch 14/20 train loss=0.0018 acc=1.0000 em=1.0000 | val loss=0.0132 acc=0.9965 em=0.9480 | random≈0.0014
  saved best_loss.pt (val_answer_loss=0.013228)
epoch 15/20 train loss=0.0015 acc=1.0000 em=1.0000 | val loss=0.0124 acc=0.9968 em=0.9520 | random≈0.0014
  saved best_loss.pt (val_answer_loss=0.012361)
  saved best_acc.pt (val_answer_accuracy=0.996812)
epoch 16/20 train loss=0.0013 acc=1.0000 em=1.0000 | val loss=0.0116 acc=0.9969 em=0.9520 | random≈0.0014
  saved best_loss.pt (val_answer_loss=0.011613)
epoch 17/20 train loss=0.0011 acc=1.0000 em=1.0000 | val loss=0.0109 acc=0.9972 em=0.9570 | random≈0.0014
  saved best_loss.pt (val_answer_loss=0.010890)
  saved best_acc.pt (val_answer_accuracy=0.997188)
epoch 18/20 train loss=0.0010 acc=1.0000 em=1.0000 | val loss=0.0103 acc=0.9975 em=0.9615 | random≈0.0014
  saved best_loss.pt (val_answer_loss=0.010254)
  saved best_acc.pt (val_answer_accuracy=0.997500)
epoch 19/20 train loss=0.0009 acc=1.0000 em=1.0000 | val loss=0.0096 acc=0.9976 em=0.9635 | random≈0.0014
  saved best_loss.pt (val_answer_loss=0.009604)
  saved best_acc.pt (val_answer_accuracy=0.997625)
epoch 20/20 train loss=0.0008 acc=1.0000 em=1.0000 | val loss=0.0091 acc=0.9976 em=0.9620 | random≈0.0014
  saved best_loss.pt (val_answer_loss=0.009136)
test [best_loss_ckpt] loss=0.008446 acc=0.998031 em=0.969000
test [best_acc_ckpt]  loss=0.008876 acc=0.998031 em=0.969000 random_baseline≈0.001420
done. meta_metrics → /home/jovyan/shares/SR008.fs2/nvidenisov/other/repos/mamba/mamba_multi_scale_get_started/outputs/MQARFailureSweep/mqar_fail_mamba2_split_ts_slow_veryslow_v704_seed45/meta_metrics.csv
