mqar_split_hashes: n_train=20000 uniq_train=20000 | n_val=2000 uniq_val=2000 | n_test=2000 uniq_test=2000
mqar_answer_positions[train]: min=16 mean=16.0000 max=16 (expected 16 per sample)
mqar_answer_positions[val]: min=16 mean=16.0000 max=16 (expected 16 per sample)
mqar_answer_positions[test]: min=16 mean=16.0000 max=16 (expected 16 per sample)
experiment=mqar_fail_mamba2_split_ts_slow_veryslow_v640_seed47 device=cuda:0 out_dir=/home/jovyan/shares/SR008.fs2/nvidenisov/other/repos/mamba/mamba_multi_scale_get_started/outputs/MQARFailureSweep/mqar_fail_mamba2_split_ts_slow_veryslow_v640_seed47
mqar data: fixed_examples=True random_baseline_acc≈1/vocab=0.001563 (vocab_size=640)
--- mqar resolved config (sanity) ---
  experiment.name: mqar_fail_mamba2_split_ts_slow_veryslow_v640_seed47
  model.backbone: mamba2_lm
  model.layer_headdims: [32, 32, 32, 32]
  model.multiscale.fast_layer_headdims: —
  model.multiscale.slow_layer_headdims: —
  model.multiscale.window_size: —
  model.multiscale.offsets: —
  model.multiscale.summary_mode: —
  model.multiscale.causal_mode: —
  model.multiscale.gate_type: —
  data.input_seq_len: 128
  data.num_kv_pairs: 16
  data.vocab_size: 640
  data.train_examples: 20000  val_examples: 2000  test_examples: 2000
  data.fixed_examples: True
  data.min_query_pos: null
  train.lr: 0.0003
  train.epochs: 20
  num_parameters_trainable: 1997376
  tags(backbone,fusion,stride): mamba2_lm, , 
--- end resolved config ---
epoch 1/20 train loss=5.7731 acc=0.0037 em=0.0000 | val loss=5.7856 acc=0.0029 em=0.0000 | random≈0.0016
  saved best_loss.pt (val_answer_loss=5.785553)
  saved best_acc.pt (val_answer_accuracy=0.002906)
epoch 2/20 train loss=5.7173 acc=0.0198 em=0.0000 | val loss=5.7571 acc=0.0185 em=0.0000 | random≈0.0016
  saved best_loss.pt (val_answer_loss=5.757123)
  saved best_acc.pt (val_answer_accuracy=0.018500)
epoch 3/20 train loss=5.4663 acc=0.0542 em=0.0000 | val loss=5.6195 acc=0.0461 em=0.0000 | random≈0.0016
  saved best_loss.pt (val_answer_loss=5.619468)
  saved best_acc.pt (val_answer_accuracy=0.046094)
epoch 4/20 train loss=4.4919 acc=0.2063 em=0.0000 | val loss=4.7550 acc=0.1764 em=0.0000 | random≈0.0016
  saved best_loss.pt (val_answer_loss=4.755045)
  saved best_acc.pt (val_answer_accuracy=0.176437)
epoch 5/20 train loss=0.6437 acc=0.9243 em=0.2829 | val loss=0.7573 acc=0.8973 em=0.1660 | random≈0.0016
  saved best_loss.pt (val_answer_loss=0.757343)
  saved best_acc.pt (val_answer_accuracy=0.897281)
epoch 6/20 train loss=0.0615 acc=0.9961 em=0.9399 | val loss=0.0977 acc=0.9871 em=0.8155 | random≈0.0016
  saved best_loss.pt (val_answer_loss=0.097709)
  saved best_acc.pt (val_answer_accuracy=0.987094)
epoch 7/20 train loss=0.0184 acc=0.9999 em=0.9980 | val loss=0.0381 acc=0.9957 em=0.9335 | random≈0.0016
  saved best_loss.pt (val_answer_loss=0.038102)
  saved best_acc.pt (val_answer_accuracy=0.995656)
epoch 8/20 train loss=0.0090 acc=1.0000 em=1.0000 | val loss=0.0229 acc=0.9971 em=0.9550 | random≈0.0016
  saved best_loss.pt (val_answer_loss=0.022937)
  saved best_acc.pt (val_answer_accuracy=0.997094)
epoch 9/20 train loss=0.0059 acc=1.0000 em=1.0000 | val loss=0.0173 acc=0.9974 em=0.9600 | random≈0.0016
  saved best_loss.pt (val_answer_loss=0.017331)
  saved best_acc.pt (val_answer_accuracy=0.997437)
epoch 10/20 train loss=0.0043 acc=1.0000 em=1.0000 | val loss=0.0139 acc=0.9978 em=0.9660 | random≈0.0016
  saved best_loss.pt (val_answer_loss=0.013906)
  saved best_acc.pt (val_answer_accuracy=0.997844)
epoch 11/20 train loss=0.0033 acc=1.0000 em=1.0000 | val loss=0.0117 acc=0.9984 em=0.9745 | random≈0.0016
  saved best_loss.pt (val_answer_loss=0.011746)
  saved best_acc.pt (val_answer_accuracy=0.998406)
epoch 12/20 train loss=0.0027 acc=1.0000 em=1.0000 | val loss=0.0102 acc=0.9983 em=0.9735 | random≈0.0016
  saved best_loss.pt (val_answer_loss=0.010165)
epoch 13/20 train loss=0.0022 acc=1.0000 em=1.0000 | val loss=0.0090 acc=0.9986 em=0.9770 | random≈0.0016
  saved best_loss.pt (val_answer_loss=0.009024)
  saved best_acc.pt (val_answer_accuracy=0.998563)
epoch 14/20 train loss=0.0018 acc=1.0000 em=1.0000 | val loss=0.0079 acc=0.9988 em=0.9800 | random≈0.0016
  saved best_loss.pt (val_answer_loss=0.007948)
  saved best_acc.pt (val_answer_accuracy=0.998750)
epoch 15/20 train loss=0.0015 acc=1.0000 em=1.0000 | val loss=0.0071 acc=0.9987 em=0.9790 | random≈0.0016
  saved best_loss.pt (val_answer_loss=0.007093)
epoch 16/20 train loss=0.0013 acc=1.0000 em=1.0000 | val loss=0.0064 acc=0.9988 em=0.9815 | random≈0.0016
  saved best_loss.pt (val_answer_loss=0.006420)
epoch 17/20 train loss=0.0011 acc=1.0000 em=1.0000 | val loss=0.0059 acc=0.9989 em=0.9820 | random≈0.0016
  saved best_loss.pt (val_answer_loss=0.005930)
  saved best_acc.pt (val_answer_accuracy=0.998875)
epoch 18/20 train loss=0.0010 acc=1.0000 em=1.0000 | val loss=0.0054 acc=0.9990 em=0.9845 | random≈0.0016
  saved best_loss.pt (val_answer_loss=0.005406)
  saved best_acc.pt (val_answer_accuracy=0.999031)
epoch 19/20 train loss=0.0008 acc=1.0000 em=1.0000 | val loss=0.0051 acc=0.9990 em=0.9835 | random≈0.0016
  saved best_loss.pt (val_answer_loss=0.005062)
epoch 20/20 train loss=0.0007 acc=1.0000 em=1.0000 | val loss=0.0048 acc=0.9990 em=0.9845 | random≈0.0016
  saved best_loss.pt (val_answer_loss=0.004755)
test [best_loss_ckpt] loss=0.005258 acc=0.998875 em=0.982000
test [best_acc_ckpt]  loss=0.006056 acc=0.998844 em=0.981500 random_baseline≈0.001563
done. meta_metrics → /home/jovyan/shares/SR008.fs2/nvidenisov/other/repos/mamba/mamba_multi_scale_get_started/outputs/MQARFailureSweep/mqar_fail_mamba2_split_ts_slow_veryslow_v640_seed47/meta_metrics.csv
