mqar_split_hashes: n_train=20000 uniq_train=20000 | n_val=2000 uniq_val=2000 | n_test=2000 uniq_test=2000
mqar_answer_positions[train]: min=16 mean=16.0000 max=16 (expected 16 per sample)
mqar_answer_positions[val]: min=16 mean=16.0000 max=16 (expected 16 per sample)
mqar_answer_positions[test]: min=16 mean=16.0000 max=16 (expected 16 per sample)
experiment=mqar_fail_transformer_param_match_v1280_seed49 device=cuda:0 out_dir=/home/jovyan/shares/SR008.fs2/nvidenisov/other/repos/mamba/mamba_multi_scale_get_started/outputs/MQARFailureSweep/mqar_fail_transformer_param_match_v1280_seed49
mqar data: fixed_examples=True random_baseline_acc≈1/vocab=0.000781 (vocab_size=1280)
--- mqar resolved config (sanity) ---
  experiment.name: mqar_fail_transformer_param_match_v1280_seed49
  model.backbone: transformer_lm
  model.layer_headdims: —
  model.multiscale.fast_layer_headdims: —
  model.multiscale.slow_layer_headdims: —
  model.multiscale.window_size: —
  model.multiscale.offsets: —
  model.multiscale.summary_mode: —
  model.multiscale.causal_mode: —
  model.multiscale.gate_type: —
  data.input_seq_len: 128
  data.num_kv_pairs: 16
  data.vocab_size: 1280
  data.train_examples: 20000  val_examples: 2000  test_examples: 2000
  data.fixed_examples: True
  data.min_query_pos: null
  train.lr: 0.0003
  train.epochs: 20
  num_parameters_trainable: 3428848
  tags(backbone,fusion,stride): transformer_lm, , 
--- end resolved config ---
epoch 1/20 train loss=6.4751 acc=0.0018 em=0.0000 | val loss=6.4796 acc=0.0020 em=0.0000 | random≈0.0008
  saved best_loss.pt (val_answer_loss=6.479604)
  saved best_acc.pt (val_answer_accuracy=0.001969)
epoch 2/20 train loss=6.4700 acc=0.0018 em=0.0000 | val loss=6.4753 acc=0.0018 em=0.0000 | random≈0.0008
  saved best_loss.pt (val_answer_loss=6.475317)
epoch 3/20 train loss=6.4644 acc=0.0021 em=0.0000 | val loss=6.4722 acc=0.0020 em=0.0000 | random≈0.0008
  saved best_loss.pt (val_answer_loss=6.472166)
epoch 4/20 train loss=6.1491 acc=0.0566 em=0.0000 | val loss=6.2282 acc=0.0522 em=0.0000 | random≈0.0008
  saved best_loss.pt (val_answer_loss=6.228230)
  saved best_acc.pt (val_answer_accuracy=0.052156)
epoch 5/20 train loss=5.4653 acc=0.0826 em=0.0000 | val loss=5.6152 acc=0.0726 em=0.0000 | random≈0.0008
  saved best_loss.pt (val_answer_loss=5.615216)
  saved best_acc.pt (val_answer_accuracy=0.072594)
epoch 6/20 train loss=4.9552 acc=0.0952 em=0.0000 | val loss=5.1889 acc=0.0764 em=0.0000 | random≈0.0008
  saved best_loss.pt (val_answer_loss=5.188877)
  saved best_acc.pt (val_answer_accuracy=0.076438)
epoch 7/20 train loss=4.5586 acc=0.1050 em=0.0000 | val loss=4.8818 acc=0.0772 em=0.0000 | random≈0.0008
  saved best_loss.pt (val_answer_loss=4.881752)
  saved best_acc.pt (val_answer_accuracy=0.077250)
epoch 8/20 train loss=4.2338 acc=0.1157 em=0.0000 | val loss=4.6522 acc=0.0773 em=0.0000 | random≈0.0008
  saved best_loss.pt (val_answer_loss=4.652163)
epoch 9/20 train loss=3.9348 acc=0.1364 em=0.0000 | val loss=4.4535 acc=0.0865 em=0.0000 | random≈0.0008
  saved best_loss.pt (val_answer_loss=4.453544)
  saved best_acc.pt (val_answer_accuracy=0.086500)
epoch 10/20 train loss=0.0392 acc=0.9966 em=0.9468 | val loss=0.0480 acc=0.9955 em=0.9290 | random≈0.0008
  saved best_loss.pt (val_answer_loss=0.047968)
  saved best_acc.pt (val_answer_accuracy=0.995469)
epoch 11/20 train loss=0.0016 acc=1.0000 em=1.0000 | val loss=0.0018 acc=1.0000 em=1.0000 | random≈0.0008
  saved best_loss.pt (val_answer_loss=0.001834)
  saved best_acc.pt (val_answer_accuracy=1.000000)
epoch 12/20 train loss=0.0007 acc=1.0000 em=1.0000 | val loss=0.0008 acc=1.0000 em=1.0000 | random≈0.0008
  saved best_loss.pt (val_answer_loss=0.000781)
epoch 13/20 train loss=0.0004 acc=1.0000 em=1.0000 | val loss=0.0005 acc=1.0000 em=1.0000 | random≈0.0008
  saved best_loss.pt (val_answer_loss=0.000482)
epoch 14/20 train loss=0.0003 acc=1.0000 em=1.0000 | val loss=0.0003 acc=1.0000 em=1.0000 | random≈0.0008
  saved best_loss.pt (val_answer_loss=0.000318)
epoch 15/20 train loss=0.0002 acc=1.0000 em=1.0000 | val loss=0.0002 acc=1.0000 em=1.0000 | random≈0.0008
epoch 16/20 train loss=0.0002 acc=1.0000 em=1.0000 | val loss=0.0002 acc=1.0000 em=1.0000 | random≈0.0008
  saved best_loss.pt (val_answer_loss=0.000165)
epoch 17/20 train loss=0.0001 acc=1.0000 em=1.0000 | val loss=0.0001 acc=1.0000 em=1.0000 | random≈0.0008
epoch 18/20 train loss=0.0001 acc=1.0000 em=1.0000 | val loss=0.0001 acc=1.0000 em=1.0000 | random≈0.0008
epoch 19/20 train loss=0.0001 acc=1.0000 em=1.0000 | val loss=0.0001 acc=1.0000 em=1.0000 | random≈0.0008
epoch 20/20 train loss=0.0001 acc=1.0000 em=1.0000 | val loss=0.0001 acc=1.0000 em=1.0000 | random≈0.0008
early stopping at epoch 20: val answer_loss did not improve by min_delta=0.0001 for 4 epochs
test [best_loss_ckpt] loss=0.000166 acc=1.000000 em=1.000000
test [best_acc_ckpt]  loss=0.001845 acc=0.999938 em=0.999000 random_baseline≈0.000781
done. meta_metrics → /home/jovyan/shares/SR008.fs2/nvidenisov/other/repos/mamba/mamba_multi_scale_get_started/outputs/MQARFailureSweep/mqar_fail_transformer_param_match_v1280_seed49/meta_metrics.csv
