mqar_split_hashes: n_train=20000 uniq_train=20000 | n_val=2000 uniq_val=2000 | n_test=2000 uniq_test=2000
mqar_answer_positions[train]: min=16 mean=16.0000 max=16 (expected 16 per sample)
mqar_answer_positions[val]: min=16 mean=16.0000 max=16 (expected 16 per sample)
mqar_answer_positions[test]: min=16 mean=16.0000 max=16 (expected 16 per sample)
experiment=mqar_fail_mamba2_wide_init_v704_seed43 device=cuda:0 out_dir=/home/jovyan/shares/SR008.fs2/nvidenisov/other/repos/mamba/mamba_multi_scale_get_started/outputs/MQARFailureSweep/mqar_fail_mamba2_wide_init_v704_seed43
mqar data: fixed_examples=True random_baseline_acc≈1/vocab=0.001420 (vocab_size=704)
--- mqar resolved config (sanity) ---
  experiment.name: mqar_fail_mamba2_wide_init_v704_seed43
  model.backbone: mamba2_lm
  model.layer_headdims: [32, 32, 32, 32]
  model.multiscale.fast_layer_headdims: —
  model.multiscale.slow_layer_headdims: —
  model.multiscale.window_size: —
  model.multiscale.offsets: —
  model.multiscale.summary_mode: —
  model.multiscale.causal_mode: —
  model.multiscale.gate_type: —
  data.input_seq_len: 128
  data.num_kv_pairs: 16
  data.vocab_size: 704
  data.train_examples: 20000  val_examples: 2000  test_examples: 2000
  data.fixed_examples: True
  data.min_query_pos: null
  train.lr: 0.0003
  train.epochs: 20
  num_parameters_trainable: 2030208
  tags(backbone,fusion,stride): mamba2_lm, , 
--- end resolved config ---
epoch 1/20 train loss=5.8683 acc=0.0036 em=0.0000 | val loss=5.8818 acc=0.0029 em=0.0000 | random≈0.0014
  saved best_loss.pt (val_answer_loss=5.881838)
  saved best_acc.pt (val_answer_accuracy=0.002875)
epoch 2/20 train loss=5.8431 acc=0.0071 em=0.0000 | val loss=5.8801 acc=0.0054 em=0.0000 | random≈0.0014
  saved best_loss.pt (val_answer_loss=5.880108)
  saved best_acc.pt (val_answer_accuracy=0.005406)
epoch 3/20 train loss=5.7220 acc=0.0287 em=0.0000 | val loss=5.8536 acc=0.0231 em=0.0000 | random≈0.0014
  saved best_loss.pt (val_answer_loss=5.853559)
  saved best_acc.pt (val_answer_accuracy=0.023094)
epoch 4/20 train loss=5.4659 acc=0.0540 em=0.0000 | val loss=5.8174 acc=0.0359 em=0.0000 | random≈0.0014
  saved best_loss.pt (val_answer_loss=5.817391)
  saved best_acc.pt (val_answer_accuracy=0.035937)
epoch 5/20 train loss=5.1104 acc=0.0926 em=0.0000 | val loss=5.8425 acc=0.0433 em=0.0000 | random≈0.0014
  saved best_acc.pt (val_answer_accuracy=0.043344)
epoch 6/20 train loss=4.7187 acc=0.1474 em=0.0000 | val loss=5.9245 acc=0.0423 em=0.0000 | random≈0.0014
epoch 7/20 train loss=4.3255 acc=0.2059 em=0.0000 | val loss=6.0546 acc=0.0387 em=0.0000 | random≈0.0014
epoch 8/20 train loss=3.9343 acc=0.2720 em=0.0000 | val loss=6.2244 acc=0.0351 em=0.0000 | random≈0.0014
early stopping at epoch 8: val answer_loss did not improve by min_delta=0.0001 for 4 epochs
test [best_loss_ckpt] loss=5.825649 acc=0.035594 em=0.000000
test [best_acc_ckpt]  loss=5.857461 acc=0.042531 em=0.000000 random_baseline≈0.001420
done. meta_metrics → /home/jovyan/shares/SR008.fs2/nvidenisov/other/repos/mamba/mamba_multi_scale_get_started/outputs/MQARFailureSweep/mqar_fail_mamba2_wide_init_v704_seed43/meta_metrics.csv
