mqar_split_hashes: n_train=20000 uniq_train=20000 | n_val=2000 uniq_val=2000 | n_test=2000 uniq_test=2000
mqar_answer_positions[train]: min=16 mean=16.0000 max=16 (expected 16 per sample)
mqar_answer_positions[val]: min=16 mean=16.0000 max=16 (expected 16 per sample)
mqar_answer_positions[test]: min=16 mean=16.0000 max=16 (expected 16 per sample)
experiment=mqar_fail_transformer_param_match_v2048_seed48 device=cuda:0 out_dir=/home/jovyan/shares/SR008.fs2/nvidenisov/other/repos/mamba/mamba_multi_scale_get_started/outputs/MQARFailureSweep/mqar_fail_transformer_param_match_v2048_seed48
mqar data: fixed_examples=True random_baseline_acc≈1/vocab=0.000488 (vocab_size=2048)
--- mqar resolved config (sanity) ---
  experiment.name: mqar_fail_transformer_param_match_v2048_seed48
  model.backbone: transformer_lm
  model.layer_headdims: —
  model.multiscale.fast_layer_headdims: —
  model.multiscale.slow_layer_headdims: —
  model.multiscale.window_size: —
  model.multiscale.offsets: —
  model.multiscale.summary_mode: —
  model.multiscale.causal_mode: —
  model.multiscale.gate_type: —
  data.input_seq_len: 128
  data.num_kv_pairs: 16
  data.vocab_size: 2048
  data.train_examples: 20000  val_examples: 2000  test_examples: 2000
  data.fixed_examples: True
  data.min_query_pos: null
  train.lr: 0.0003
  train.epochs: 20
  num_parameters_trainable: 3785968
  tags(backbone,fusion,stride): transformer_lm, , 
--- end resolved config ---
epoch 1/20 train loss=6.9464 acc=0.0011 em=0.0000 | val loss=6.9525 acc=0.0009 em=0.0000 | random≈0.0005
  saved best_loss.pt (val_answer_loss=6.952486)
  saved best_acc.pt (val_answer_accuracy=0.000937)
epoch 2/20 train loss=6.9423 acc=0.0011 em=0.0000 | val loss=6.9477 acc=0.0010 em=0.0000 | random≈0.0005
  saved best_loss.pt (val_answer_loss=6.947678)
epoch 3/20 train loss=6.9383 acc=0.0012 em=0.0000 | val loss=6.9485 acc=0.0010 em=0.0000 | random≈0.0005
epoch 4/20 train loss=6.8744 acc=0.0064 em=0.0000 | val loss=6.9277 acc=0.0040 em=0.0000 | random≈0.0005
  saved best_loss.pt (val_answer_loss=6.927693)
  saved best_acc.pt (val_answer_accuracy=0.004000)
epoch 5/20 train loss=6.3288 acc=0.0684 em=0.0000 | val loss=6.4693 acc=0.0607 em=0.0000 | random≈0.0005
  saved best_loss.pt (val_answer_loss=6.469283)
  saved best_acc.pt (val_answer_accuracy=0.060750)
epoch 6/20 train loss=5.8212 acc=0.0841 em=0.0000 | val loss=6.0442 acc=0.0691 em=0.0000 | random≈0.0005
  saved best_loss.pt (val_answer_loss=6.044205)
  saved best_acc.pt (val_answer_accuracy=0.069094)
epoch 7/20 train loss=5.3974 acc=0.0954 em=0.0000 | val loss=5.7140 acc=0.0716 em=0.0000 | random≈0.0005
  saved best_loss.pt (val_answer_loss=5.714043)
  saved best_acc.pt (val_answer_accuracy=0.071594)
epoch 8/20 train loss=5.0204 acc=0.1060 em=0.0000 | val loss=5.4342 acc=0.0737 em=0.0000 | random≈0.0005
  saved best_loss.pt (val_answer_loss=5.434206)
  saved best_acc.pt (val_answer_accuracy=0.073656)
epoch 9/20 train loss=4.6938 acc=0.1166 em=0.0000 | val loss=5.2099 acc=0.0742 em=0.0000 | random≈0.0005
  saved best_loss.pt (val_answer_loss=5.209860)
  saved best_acc.pt (val_answer_accuracy=0.074219)
epoch 10/20 train loss=4.4056 acc=0.1291 em=0.0000 | val loss=5.0315 acc=0.0771 em=0.0000 | random≈0.0005
  saved best_loss.pt (val_answer_loss=5.031512)
  saved best_acc.pt (val_answer_accuracy=0.077063)
epoch 11/20 train loss=4.1253 acc=0.1506 em=0.0000 | val loss=4.8610 acc=0.0822 em=0.0000 | random≈0.0005
  saved best_loss.pt (val_answer_loss=4.861000)
  saved best_acc.pt (val_answer_accuracy=0.082187)
epoch 12/20 train loss=0.2021 acc=0.9710 em=0.6264 | val loss=0.2656 acc=0.9624 em=0.5360 | random≈0.0005
  saved best_loss.pt (val_answer_loss=0.265555)
  saved best_acc.pt (val_answer_accuracy=0.962375)
epoch 13/20 train loss=0.0020 acc=1.0000 em=0.9998 | val loss=0.0023 acc=1.0000 em=0.9995 | random≈0.0005
  saved best_loss.pt (val_answer_loss=0.002348)
  saved best_acc.pt (val_answer_accuracy=0.999969)
epoch 14/20 train loss=0.0008 acc=1.0000 em=1.0000 | val loss=0.0009 acc=1.0000 em=1.0000 | random≈0.0005
  saved best_loss.pt (val_answer_loss=0.000877)
epoch 15/20 train loss=0.0005 acc=1.0000 em=1.0000 | val loss=0.0005 acc=1.0000 em=1.0000 | random≈0.0005
  saved best_loss.pt (val_answer_loss=0.000523)
epoch 16/20 train loss=0.0003 acc=1.0000 em=1.0000 | val loss=0.0004 acc=1.0000 em=1.0000 | random≈0.0005
  saved best_loss.pt (val_answer_loss=0.000355)
epoch 17/20 train loss=0.0002 acc=1.0000 em=1.0000 | val loss=0.0003 acc=1.0000 em=1.0000 | random≈0.0005
epoch 18/20 train loss=0.0002 acc=1.0000 em=1.0000 | val loss=0.0002 acc=1.0000 em=1.0000 | random≈0.0005
  saved best_loss.pt (val_answer_loss=0.000195)
epoch 19/20 train loss=0.0001 acc=1.0000 em=1.0000 | val loss=0.0002 acc=1.0000 em=1.0000 | random≈0.0005
epoch 20/20 train loss=0.0001 acc=1.0000 em=1.0000 | val loss=0.0001 acc=1.0000 em=1.0000 | random≈0.0005
test [best_loss_ckpt] loss=0.000195 acc=1.000000 em=1.000000
test [best_acc_ckpt]  loss=0.002359 acc=0.999969 em=0.999500 random_baseline≈0.000488
done. meta_metrics → /home/jovyan/shares/SR008.fs2/nvidenisov/other/repos/mamba/mamba_multi_scale_get_started/outputs/MQARFailureSweep/mqar_fail_transformer_param_match_v2048_seed48/meta_metrics.csv
