mqar_split_hashes: n_train=20000 uniq_train=20000 | n_val=2000 uniq_val=2000 | n_test=2000 uniq_test=2000
mqar_answer_positions[train]: min=16 mean=16.0000 max=16 (expected 16 per sample)
mqar_answer_positions[val]: min=16 mean=16.0000 max=16 (expected 16 per sample)
mqar_answer_positions[test]: min=16 mean=16.0000 max=16 (expected 16 per sample)
experiment=mqar_fail_transformer_param_match_v1536_seed50 device=cuda:0 out_dir=/home/jovyan/shares/SR008.fs2/nvidenisov/other/repos/mamba/mamba_multi_scale_get_started/outputs/MQARFailureSweep/mqar_fail_transformer_param_match_v1536_seed50
mqar data: fixed_examples=True random_baseline_acc≈1/vocab=0.000651 (vocab_size=1536)
--- mqar resolved config (sanity) ---
  experiment.name: mqar_fail_transformer_param_match_v1536_seed50
  model.backbone: transformer_lm
  model.layer_headdims: —
  model.multiscale.fast_layer_headdims: —
  model.multiscale.slow_layer_headdims: —
  model.multiscale.window_size: —
  model.multiscale.offsets: —
  model.multiscale.summary_mode: —
  model.multiscale.causal_mode: —
  model.multiscale.gate_type: —
  data.input_seq_len: 128
  data.num_kv_pairs: 16
  data.vocab_size: 1536
  data.train_examples: 20000  val_examples: 2000  test_examples: 2000
  data.fixed_examples: True
  data.min_query_pos: null
  train.lr: 0.0003
  train.epochs: 20
  num_parameters_trainable: 3547888
  tags(backbone,fusion,stride): transformer_lm, , 
--- end resolved config ---
epoch 1/20 train loss=6.6582 acc=0.0014 em=0.0000 | val loss=6.6629 acc=0.0012 em=0.0000 | random≈0.0007
  saved best_loss.pt (val_answer_loss=6.662873)
  saved best_acc.pt (val_answer_accuracy=0.001156)
epoch 2/20 train loss=6.6539 acc=0.0016 em=0.0000 | val loss=6.6594 acc=0.0015 em=0.0000 | random≈0.0007
  saved best_loss.pt (val_answer_loss=6.659393)
  saved best_acc.pt (val_answer_accuracy=0.001531)
epoch 3/20 train loss=6.6495 acc=0.0016 em=0.0000 | val loss=6.6566 acc=0.0014 em=0.0000 | random≈0.0007
  saved best_loss.pt (val_answer_loss=6.656640)
epoch 4/20 train loss=6.5247 acc=0.0222 em=0.0000 | val loss=6.5854 acc=0.0173 em=0.0000 | random≈0.0007
  saved best_loss.pt (val_answer_loss=6.585398)
  saved best_acc.pt (val_answer_accuracy=0.017313)
epoch 5/20 train loss=5.8493 acc=0.0758 em=0.0000 | val loss=5.9915 acc=0.0679 em=0.0000 | random≈0.0007
  saved best_loss.pt (val_answer_loss=5.991476)
  saved best_acc.pt (val_answer_accuracy=0.067906)
epoch 6/20 train loss=5.3113 acc=0.0891 em=0.0000 | val loss=5.5398 acc=0.0743 em=0.0000 | random≈0.0007
  saved best_loss.pt (val_answer_loss=5.539775)
  saved best_acc.pt (val_answer_accuracy=0.074344)
epoch 7/20 train loss=4.8737 acc=0.1002 em=0.0000 | val loss=5.1937 acc=0.0753 em=0.0000 | random≈0.0007
  saved best_loss.pt (val_answer_loss=5.193709)
  saved best_acc.pt (val_answer_accuracy=0.075344)
epoch 8/20 train loss=4.5162 acc=0.1121 em=0.0000 | val loss=4.9293 acc=0.0755 em=0.0000 | random≈0.0007
  saved best_loss.pt (val_answer_loss=4.929266)
  saved best_acc.pt (val_answer_accuracy=0.075469)
epoch 9/20 train loss=4.2297 acc=0.1221 em=0.0000 | val loss=4.7353 acc=0.0756 em=0.0000 | random≈0.0007
  saved best_loss.pt (val_answer_loss=4.735283)
  saved best_acc.pt (val_answer_accuracy=0.075625)
epoch 10/20 train loss=3.9432 acc=0.1443 em=0.0000 | val loss=4.5609 acc=0.0839 em=0.0000 | random≈0.0007
  saved best_loss.pt (val_answer_loss=4.560943)
  saved best_acc.pt (val_answer_accuracy=0.083875)
epoch 11/20 train loss=0.0644 acc=0.9919 em=0.8777 | val loss=0.0816 acc=0.9894 em=0.8445 | random≈0.0007
  saved best_loss.pt (val_answer_loss=0.081631)
  saved best_acc.pt (val_answer_accuracy=0.989375)
epoch 12/20 train loss=0.0017 acc=1.0000 em=1.0000 | val loss=0.0020 acc=1.0000 em=0.9995 | random≈0.0007
  saved best_loss.pt (val_answer_loss=0.001958)
  saved best_acc.pt (val_answer_accuracy=0.999969)
epoch 13/20 train loss=0.0007 acc=1.0000 em=1.0000 | val loss=0.0008 acc=1.0000 em=0.9995 | random≈0.0007
  saved best_loss.pt (val_answer_loss=0.000836)
epoch 14/20 train loss=0.0004 acc=1.0000 em=1.0000 | val loss=0.0005 acc=1.0000 em=1.0000 | random≈0.0007
  saved best_loss.pt (val_answer_loss=0.000450)
epoch 15/20 train loss=0.0003 acc=1.0000 em=1.0000 | val loss=0.0003 acc=1.0000 em=1.0000 | random≈0.0007
  saved best_loss.pt (val_answer_loss=0.000286)
epoch 16/20 train loss=0.0002 acc=1.0000 em=1.0000 | val loss=0.0002 acc=1.0000 em=1.0000 | random≈0.0007
epoch 17/20 train loss=0.0001 acc=1.0000 em=1.0000 | val loss=0.0002 acc=1.0000 em=1.0000 | random≈0.0007
  saved best_loss.pt (val_answer_loss=0.000155)
epoch 18/20 train loss=0.0001 acc=1.0000 em=1.0000 | val loss=0.0001 acc=1.0000 em=1.0000 | random≈0.0007
epoch 19/20 train loss=0.0001 acc=1.0000 em=1.0000 | val loss=0.0001 acc=1.0000 em=1.0000 | random≈0.0007
epoch 20/20 train loss=0.0001 acc=1.0000 em=1.0000 | val loss=0.0001 acc=1.0000 em=1.0000 | random≈0.0007
test [best_loss_ckpt] loss=0.000154 acc=1.000000 em=1.000000
test [best_acc_ckpt]  loss=0.002001 acc=0.999938 em=0.999000 random_baseline≈0.000651
done. meta_metrics → /home/jovyan/shares/SR008.fs2/nvidenisov/other/repos/mamba/mamba_multi_scale_get_started/outputs/MQARFailureSweep/mqar_fail_transformer_param_match_v1536_seed50/meta_metrics.csv
