mqar_split_hashes: n_train=20000 uniq_train=20000 | n_val=2000 uniq_val=2000 | n_test=2000 uniq_test=2000
mqar_answer_positions[train]: min=16 mean=16.0000 max=16 (expected 16 per sample)
mqar_answer_positions[val]: min=16 mean=16.0000 max=16 (expected 16 per sample)
mqar_answer_positions[test]: min=16 mean=16.0000 max=16 (expected 16 per sample)
experiment=mqar_fail_mamba2_split_ts_slow_veryslow_v896_seed46 device=cuda:0 out_dir=/home/jovyan/shares/SR008.fs2/nvidenisov/other/repos/mamba/mamba_multi_scale_get_started/outputs/MQARFailureSweep/mqar_fail_mamba2_split_ts_slow_veryslow_v896_seed46
mqar data: fixed_examples=True random_baseline_acc≈1/vocab=0.001116 (vocab_size=896)
--- mqar resolved config (sanity) ---
  experiment.name: mqar_fail_mamba2_split_ts_slow_veryslow_v896_seed46
  model.backbone: mamba2_lm
  model.layer_headdims: [32, 32, 32, 32]
  model.multiscale.fast_layer_headdims: —
  model.multiscale.slow_layer_headdims: —
  model.multiscale.window_size: —
  model.multiscale.offsets: —
  model.multiscale.summary_mode: —
  model.multiscale.causal_mode: —
  model.multiscale.gate_type: —
  data.input_seq_len: 128
  data.num_kv_pairs: 16
  data.vocab_size: 896
  data.train_examples: 20000  val_examples: 2000  test_examples: 2000
  data.fixed_examples: True
  data.min_query_pos: null
  train.lr: 0.0003
  train.epochs: 20
  num_parameters_trainable: 2128704
  tags(backbone,fusion,stride): mamba2_lm, , 
--- end resolved config ---
epoch 1/20 train loss=6.1093 acc=0.0027 em=0.0000 | val loss=6.1227 acc=0.0023 em=0.0000 | random≈0.0011
  saved best_loss.pt (val_answer_loss=6.122732)
  saved best_acc.pt (val_answer_accuracy=0.002344)
epoch 2/20 train loss=6.0669 acc=0.0110 em=0.0000 | val loss=6.1104 acc=0.0091 em=0.0000 | random≈0.0011
  saved best_loss.pt (val_answer_loss=6.110408)
  saved best_acc.pt (val_answer_accuracy=0.009062)
epoch 3/20 train loss=5.8607 acc=0.0444 em=0.0000 | val loss=6.0125 acc=0.0378 em=0.0000 | random≈0.0011
  saved best_loss.pt (val_answer_loss=6.012473)
  saved best_acc.pt (val_answer_accuracy=0.037844)
epoch 4/20 train loss=5.4006 acc=0.0951 em=0.0000 | val loss=5.7380 acc=0.0676 em=0.0000 | random≈0.0011
  saved best_loss.pt (val_answer_loss=5.737972)
  saved best_acc.pt (val_answer_accuracy=0.067594)
epoch 5/20 train loss=2.0037 acc=0.6923 em=0.0014 | val loss=2.2038 acc=0.6463 em=0.0010 | random≈0.0011
  saved best_loss.pt (val_answer_loss=2.203843)
  saved best_acc.pt (val_answer_accuracy=0.646344)
epoch 6/20 train loss=0.1754 acc=0.9802 em=0.7288 | val loss=0.2407 acc=0.9650 em=0.5605 | random≈0.0011
  saved best_loss.pt (val_answer_loss=0.240730)
  saved best_acc.pt (val_answer_accuracy=0.965031)
epoch 7/20 train loss=0.0385 acc=0.9983 em=0.9738 | val loss=0.0752 acc=0.9897 em=0.8480 | random≈0.0011
  saved best_loss.pt (val_answer_loss=0.075166)
  saved best_acc.pt (val_answer_accuracy=0.989719)
epoch 8/20 train loss=0.0152 acc=0.9999 em=0.9986 | val loss=0.0383 acc=0.9944 em=0.9145 | random≈0.0011
  saved best_loss.pt (val_answer_loss=0.038260)
  saved best_acc.pt (val_answer_accuracy=0.994437)
epoch 9/20 train loss=0.0089 acc=1.0000 em=0.9999 | val loss=0.0271 acc=0.9958 em=0.9340 | random≈0.0011
  saved best_loss.pt (val_answer_loss=0.027105)
  saved best_acc.pt (val_answer_accuracy=0.995781)
epoch 10/20 train loss=0.0062 acc=1.0000 em=1.0000 | val loss=0.0212 acc=0.9969 em=0.9525 | random≈0.0011
  saved best_loss.pt (val_answer_loss=0.021192)
  saved best_acc.pt (val_answer_accuracy=0.996875)
epoch 11/20 train loss=0.0047 acc=1.0000 em=1.0000 | val loss=0.0176 acc=0.9972 em=0.9555 | random≈0.0011
  saved best_loss.pt (val_answer_loss=0.017633)
  saved best_acc.pt (val_answer_accuracy=0.997156)
epoch 12/20 train loss=0.0037 acc=1.0000 em=1.0000 | val loss=0.0153 acc=0.9972 em=0.9560 | random≈0.0011
  saved best_loss.pt (val_answer_loss=0.015348)
epoch 13/20 train loss=0.0030 acc=1.0000 em=1.0000 | val loss=0.0135 acc=0.9976 em=0.9620 | random≈0.0011
  saved best_loss.pt (val_answer_loss=0.013493)
  saved best_acc.pt (val_answer_accuracy=0.997563)
epoch 14/20 train loss=0.0025 acc=1.0000 em=1.0000 | val loss=0.0120 acc=0.9977 em=0.9635 | random≈0.0011
  saved best_loss.pt (val_answer_loss=0.012015)
  saved best_acc.pt (val_answer_accuracy=0.997719)
epoch 15/20 train loss=0.0021 acc=1.0000 em=1.0000 | val loss=0.0109 acc=0.9979 em=0.9665 | random≈0.0011
  saved best_loss.pt (val_answer_loss=0.010943)
  saved best_acc.pt (val_answer_accuracy=0.997875)
epoch 16/20 train loss=0.0018 acc=1.0000 em=1.0000 | val loss=0.0100 acc=0.9982 em=0.9705 | random≈0.0011
  saved best_loss.pt (val_answer_loss=0.009956)
  saved best_acc.pt (val_answer_accuracy=0.998156)
epoch 17/20 train loss=0.0015 acc=1.0000 em=1.0000 | val loss=0.0091 acc=0.9983 em=0.9730 | random≈0.0011
  saved best_loss.pt (val_answer_loss=0.009097)
  saved best_acc.pt (val_answer_accuracy=0.998313)
epoch 18/20 train loss=0.0013 acc=1.0000 em=1.0000 | val loss=0.0084 acc=0.9984 em=0.9750 | random≈0.0011
  saved best_loss.pt (val_answer_loss=0.008420)
  saved best_acc.pt (val_answer_accuracy=0.998437)
epoch 19/20 train loss=0.0012 acc=1.0000 em=1.0000 | val loss=0.0078 acc=0.9985 em=0.9755 | random≈0.0011
  saved best_loss.pt (val_answer_loss=0.007789)
epoch 20/20 train loss=0.0010 acc=1.0000 em=1.0000 | val loss=0.0073 acc=0.9985 em=0.9765 | random≈0.0011
  saved best_loss.pt (val_answer_loss=0.007263)
test [best_loss_ckpt] loss=0.006741 acc=0.998469 em=0.976500
test [best_acc_ckpt]  loss=0.007738 acc=0.998531 em=0.977000 random_baseline≈0.001116
done. meta_metrics → /home/jovyan/shares/SR008.fs2/nvidenisov/other/repos/mamba/mamba_multi_scale_get_started/outputs/MQARFailureSweep/mqar_fail_mamba2_split_ts_slow_veryslow_v896_seed46/meta_metrics.csv
