mqar_split_hashes: n_train=20000 uniq_train=20000 | n_val=2000 uniq_val=2000 | n_test=2000 uniq_test=2000
mqar_answer_positions[train]: min=16 mean=16.0000 max=16 (expected 16 per sample)
mqar_answer_positions[val]: min=16 mean=16.0000 max=16 (expected 16 per sample)
mqar_answer_positions[test]: min=16 mean=16.0000 max=16 (expected 16 per sample)
experiment=mqar_fail_mamba2_slow_init_v1024_seed49 device=cuda:0 out_dir=/home/jovyan/shares/SR008.fs2/nvidenisov/other/repos/mamba/mamba_multi_scale_get_started/outputs/MQARFailureSweep/mqar_fail_mamba2_slow_init_v1024_seed49
mqar data: fixed_examples=True random_baseline_acc≈1/vocab=0.000977 (vocab_size=1024)
--- mqar resolved config (sanity) ---
  experiment.name: mqar_fail_mamba2_slow_init_v1024_seed49
  model.backbone: mamba2_lm
  model.layer_headdims: [32, 32, 32, 32]
  model.multiscale.fast_layer_headdims: —
  model.multiscale.slow_layer_headdims: —
  model.multiscale.window_size: —
  model.multiscale.offsets: —
  model.multiscale.summary_mode: —
  model.multiscale.causal_mode: —
  model.multiscale.gate_type: —
  data.input_seq_len: 128
  data.num_kv_pairs: 16
  data.vocab_size: 1024
  data.train_examples: 20000  val_examples: 2000  test_examples: 2000
  data.fixed_examples: True
  data.min_query_pos: null
  train.lr: 0.0003
  train.epochs: 20
  num_parameters_trainable: 2194368
  tags(backbone,fusion,stride): mamba2_lm, , 
--- end resolved config ---
epoch 1/20 train loss=6.2442 acc=0.0024 em=0.0000 | val loss=6.2569 acc=0.0020 em=0.0000 | random≈0.0010
  saved best_loss.pt (val_answer_loss=6.256947)
  saved best_acc.pt (val_answer_accuracy=0.002000)
epoch 2/20 train loss=6.2109 acc=0.0073 em=0.0000 | val loss=6.2484 acc=0.0059 em=0.0000 | random≈0.0010
  saved best_loss.pt (val_answer_loss=6.248380)
  saved best_acc.pt (val_answer_accuracy=0.005906)
epoch 3/20 train loss=6.0745 acc=0.0278 em=0.0000 | val loss=6.2189 acc=0.0234 em=0.0000 | random≈0.0010
  saved best_loss.pt (val_answer_loss=6.218893)
  saved best_acc.pt (val_answer_accuracy=0.023406)
epoch 4/20 train loss=5.7218 acc=0.0723 em=0.0000 | val loss=6.0772 acc=0.0513 em=0.0000 | random≈0.0010
  saved best_loss.pt (val_answer_loss=6.077246)
  saved best_acc.pt (val_answer_accuracy=0.051312)
epoch 5/20 train loss=4.2139 acc=0.2983 em=0.0000 | val loss=4.5646 acc=0.2487 em=0.0000 | random≈0.0010
  saved best_loss.pt (val_answer_loss=4.564648)
  saved best_acc.pt (val_answer_accuracy=0.248656)
epoch 6/20 train loss=1.0444 acc=0.7860 em=0.0154 | val loss=1.2332 acc=0.7370 em=0.0035 | random≈0.0010
  saved best_loss.pt (val_answer_loss=1.233184)
  saved best_acc.pt (val_answer_accuracy=0.737031)
epoch 7/20 train loss=0.3001 acc=0.9593 em=0.5250 | val loss=0.4201 acc=0.9272 em=0.2915 | random≈0.0010
  saved best_loss.pt (val_answer_loss=0.420075)
  saved best_acc.pt (val_answer_accuracy=0.927188)
epoch 8/20 train loss=0.1022 acc=0.9906 em=0.8609 | val loss=0.1829 acc=0.9675 em=0.5895 | random≈0.0010
  saved best_loss.pt (val_answer_loss=0.182912)
  saved best_acc.pt (val_answer_accuracy=0.967500)
epoch 9/20 train loss=0.0391 acc=0.9982 em=0.9720 | val loss=0.0974 acc=0.9812 em=0.7370 | random≈0.0010
  saved best_loss.pt (val_answer_loss=0.097436)
  saved best_acc.pt (val_answer_accuracy=0.981250)
epoch 10/20 train loss=0.0172 acc=0.9999 em=0.9986 | val loss=0.0603 acc=0.9890 em=0.8380 | random≈0.0010
  saved best_loss.pt (val_answer_loss=0.060254)
  saved best_acc.pt (val_answer_accuracy=0.988969)
epoch 11/20 train loss=0.0102 acc=1.0000 em=1.0000 | val loss=0.0458 acc=0.9908 em=0.8640 | random≈0.0010
  saved best_loss.pt (val_answer_loss=0.045779)
  saved best_acc.pt (val_answer_accuracy=0.990781)
epoch 12/20 train loss=0.0071 acc=1.0000 em=1.0000 | val loss=0.0383 acc=0.9923 em=0.8830 | random≈0.0010
  saved best_loss.pt (val_answer_loss=0.038268)
  saved best_acc.pt (val_answer_accuracy=0.992344)
epoch 13/20 train loss=0.0054 acc=1.0000 em=1.0000 | val loss=0.0336 acc=0.9932 em=0.8975 | random≈0.0010
  saved best_loss.pt (val_answer_loss=0.033610)
  saved best_acc.pt (val_answer_accuracy=0.993250)
epoch 14/20 train loss=0.0043 acc=1.0000 em=1.0000 | val loss=0.0304 acc=0.9935 em=0.9005 | random≈0.0010
  saved best_loss.pt (val_answer_loss=0.030429)
  saved best_acc.pt (val_answer_accuracy=0.993469)
epoch 15/20 train loss=0.0034 acc=1.0000 em=1.0000 | val loss=0.0274 acc=0.9939 em=0.9060 | random≈0.0010
  saved best_loss.pt (val_answer_loss=0.027364)
  saved best_acc.pt (val_answer_accuracy=0.993875)
epoch 16/20 train loss=0.0028 acc=1.0000 em=1.0000 | val loss=0.0246 acc=0.9947 em=0.9190 | random≈0.0010
  saved best_loss.pt (val_answer_loss=0.024566)
  saved best_acc.pt (val_answer_accuracy=0.994719)
epoch 17/20 train loss=0.0023 acc=1.0000 em=1.0000 | val loss=0.0225 acc=0.9951 em=0.9245 | random≈0.0010
  saved best_loss.pt (val_answer_loss=0.022464)
  saved best_acc.pt (val_answer_accuracy=0.995062)
epoch 18/20 train loss=0.0020 acc=1.0000 em=1.0000 | val loss=0.0208 acc=0.9955 em=0.9320 | random≈0.0010
  saved best_loss.pt (val_answer_loss=0.020773)
  saved best_acc.pt (val_answer_accuracy=0.995500)
epoch 19/20 train loss=0.0017 acc=1.0000 em=1.0000 | val loss=0.0194 acc=0.9958 em=0.9350 | random≈0.0010
  saved best_loss.pt (val_answer_loss=0.019388)
  saved best_acc.pt (val_answer_accuracy=0.995781)
epoch 20/20 train loss=0.0015 acc=1.0000 em=1.0000 | val loss=0.0184 acc=0.9960 em=0.9380 | random≈0.0010
  saved best_loss.pt (val_answer_loss=0.018394)
  saved best_acc.pt (val_answer_accuracy=0.995969)
test [best_loss_ckpt] loss=0.019596 acc=0.995500 em=0.931500
test [best_acc_ckpt]  loss=0.019596 acc=0.995500 em=0.931500 random_baseline≈0.000977
done. meta_metrics → /home/jovyan/shares/SR008.fs2/nvidenisov/other/repos/mamba/mamba_multi_scale_get_started/outputs/MQARFailureSweep/mqar_fail_mamba2_slow_init_v1024_seed49/meta_metrics.csv
