mqar_split_hashes: n_train=20000 uniq_train=20000 | n_val=2000 uniq_val=2000 | n_test=2000 uniq_test=2000
mqar_answer_positions[train]: min=16 mean=16.0000 max=16 (expected 16 per sample)
mqar_answer_positions[val]: min=16 mean=16.0000 max=16 (expected 16 per sample)
mqar_answer_positions[test]: min=16 mean=16.0000 max=16 (expected 16 per sample)
experiment=mqar_fail_mamba2_split_ts_50_50_v640_seed43 device=cuda:0 out_dir=/home/jovyan/shares/SR008.fs2/nvidenisov/other/repos/mamba/mamba_multi_scale_get_started/outputs/MQARFailureSweep/mqar_fail_mamba2_split_ts_50_50_v640_seed43
mqar data: fixed_examples=True random_baseline_acc≈1/vocab=0.001563 (vocab_size=640)
--- mqar resolved config (sanity) ---
  experiment.name: mqar_fail_mamba2_split_ts_50_50_v640_seed43
  model.backbone: mamba2_lm
  model.layer_headdims: [32, 32, 32, 32]
  model.multiscale.fast_layer_headdims: —
  model.multiscale.slow_layer_headdims: —
  model.multiscale.window_size: —
  model.multiscale.offsets: —
  model.multiscale.summary_mode: —
  model.multiscale.causal_mode: —
  model.multiscale.gate_type: —
  data.input_seq_len: 128
  data.num_kv_pairs: 16
  data.vocab_size: 640
  data.train_examples: 20000  val_examples: 2000  test_examples: 2000
  data.fixed_examples: True
  data.min_query_pos: null
  train.lr: 0.0003
  train.epochs: 20
  num_parameters_trainable: 1997376
  tags(backbone,fusion,stride): mamba2_lm, , 
--- end resolved config ---
epoch 1/20 train loss=5.7731 acc=0.0041 em=0.0000 | val loss=5.7873 acc=0.0032 em=0.0000 | random≈0.0016
  saved best_loss.pt (val_answer_loss=5.787298)
  saved best_acc.pt (val_answer_accuracy=0.003187)
epoch 2/20 train loss=5.7349 acc=0.0105 em=0.0000 | val loss=5.7757 acc=0.0086 em=0.0000 | random≈0.0016
  saved best_loss.pt (val_answer_loss=5.775701)
  saved best_acc.pt (val_answer_accuracy=0.008625)
epoch 3/20 train loss=5.5674 acc=0.0419 em=0.0000 | val loss=5.7141 acc=0.0368 em=0.0000 | random≈0.0016
  saved best_loss.pt (val_answer_loss=5.714140)
  saved best_acc.pt (val_answer_accuracy=0.036812)
epoch 4/20 train loss=5.2026 acc=0.0904 em=0.0000 | val loss=5.5681 acc=0.0663 em=0.0000 | random≈0.0016
  saved best_loss.pt (val_answer_loss=5.568141)
  saved best_acc.pt (val_answer_accuracy=0.066281)
epoch 5/20 train loss=3.2188 acc=0.4178 em=0.0000 | val loss=3.5753 acc=0.3412 em=0.0000 | random≈0.0016
  saved best_loss.pt (val_answer_loss=3.575344)
  saved best_acc.pt (val_answer_accuracy=0.341219)
epoch 6/20 train loss=0.5524 acc=0.9086 em=0.2208 | val loss=0.6988 acc=0.8656 em=0.1005 | random≈0.0016
  saved best_loss.pt (val_answer_loss=0.698840)
  saved best_acc.pt (val_answer_accuracy=0.865625)
epoch 7/20 train loss=0.1076 acc=0.9924 em=0.8869 | val loss=0.1635 acc=0.9778 em=0.7045 | random≈0.0016
  saved best_loss.pt (val_answer_loss=0.163493)
  saved best_acc.pt (val_answer_accuracy=0.977812)
epoch 8/20 train loss=0.0351 acc=0.9995 em=0.9923 | val loss=0.0681 acc=0.9917 em=0.8780 | random≈0.0016
  saved best_loss.pt (val_answer_loss=0.068076)
  saved best_acc.pt (val_answer_accuracy=0.991688)
epoch 9/20 train loss=0.0174 acc=1.0000 em=1.0000 | val loss=0.0408 acc=0.9954 em=0.9310 | random≈0.0016
  saved best_loss.pt (val_answer_loss=0.040762)
  saved best_acc.pt (val_answer_accuracy=0.995406)
epoch 10/20 train loss=0.0113 acc=1.0000 em=1.0000 | val loss=0.0298 acc=0.9970 em=0.9530 | random≈0.0016
  saved best_loss.pt (val_answer_loss=0.029803)
  saved best_acc.pt (val_answer_accuracy=0.997031)
epoch 11/20 train loss=0.0082 acc=1.0000 em=1.0000 | val loss=0.0236 acc=0.9976 em=0.9620 | random≈0.0016
  saved best_loss.pt (val_answer_loss=0.023555)
  saved best_acc.pt (val_answer_accuracy=0.997625)
epoch 12/20 train loss=0.0062 acc=1.0000 em=1.0000 | val loss=0.0197 acc=0.9977 em=0.9635 | random≈0.0016
  saved best_loss.pt (val_answer_loss=0.019656)
epoch 13/20 train loss=0.0050 acc=1.0000 em=1.0000 | val loss=0.0171 acc=0.9981 em=0.9700 | random≈0.0016
  saved best_loss.pt (val_answer_loss=0.017054)
  saved best_acc.pt (val_answer_accuracy=0.998125)
epoch 14/20 train loss=0.0041 acc=1.0000 em=1.0000 | val loss=0.0149 acc=0.9983 em=0.9735 | random≈0.0016
  saved best_loss.pt (val_answer_loss=0.014901)
  saved best_acc.pt (val_answer_accuracy=0.998313)
epoch 15/20 train loss=0.0034 acc=1.0000 em=1.0000 | val loss=0.0129 acc=0.9987 em=0.9790 | random≈0.0016
  saved best_loss.pt (val_answer_loss=0.012895)
  saved best_acc.pt (val_answer_accuracy=0.998687)
epoch 16/20 train loss=0.0029 acc=1.0000 em=1.0000 | val loss=0.0117 acc=0.9986 em=0.9780 | random≈0.0016
  saved best_loss.pt (val_answer_loss=0.011725)
epoch 17/20 train loss=0.0024 acc=1.0000 em=1.0000 | val loss=0.0108 acc=0.9988 em=0.9815 | random≈0.0016
  saved best_loss.pt (val_answer_loss=0.010807)
  saved best_acc.pt (val_answer_accuracy=0.998844)
epoch 18/20 train loss=0.0021 acc=1.0000 em=1.0000 | val loss=0.0094 acc=0.9989 em=0.9820 | random≈0.0016
  saved best_loss.pt (val_answer_loss=0.009437)
epoch 19/20 train loss=0.0018 acc=1.0000 em=1.0000 | val loss=0.0088 acc=0.9991 em=0.9850 | random≈0.0016
  saved best_loss.pt (val_answer_loss=0.008785)
  saved best_acc.pt (val_answer_accuracy=0.999062)
epoch 20/20 train loss=0.0016 acc=1.0000 em=1.0000 | val loss=0.0082 acc=0.9990 em=0.9845 | random≈0.0016
  saved best_loss.pt (val_answer_loss=0.008189)
test [best_loss_ckpt] loss=0.007124 acc=0.999313 em=0.989000
test [best_acc_ckpt]  loss=0.007881 acc=0.999250 em=0.988000 random_baseline≈0.001563
done. meta_metrics → /home/jovyan/shares/SR008.fs2/nvidenisov/other/repos/mamba/mamba_multi_scale_get_started/outputs/MQARFailureSweep/mqar_fail_mamba2_split_ts_50_50_v640_seed43/meta_metrics.csv
