mqar_split_hashes: n_train=20000 uniq_train=20000 | n_val=2000 uniq_val=2000 | n_test=2000 uniq_test=2000
mqar_answer_positions[train]: min=16 mean=16.0000 max=16 (expected 16 per sample)
mqar_answer_positions[val]: min=16 mean=16.0000 max=16 (expected 16 per sample)
mqar_answer_positions[test]: min=16 mean=16.0000 max=16 (expected 16 per sample)
experiment=mqar_fail_transformer_param_match_v640_seed46 device=cuda:0 out_dir=/home/jovyan/shares/SR008.fs2/nvidenisov/other/repos/mamba/mamba_multi_scale_get_started/outputs/MQARFailureSweep/mqar_fail_transformer_param_match_v640_seed46
mqar data: fixed_examples=True random_baseline_acc≈1/vocab=0.001563 (vocab_size=640)
--- mqar resolved config (sanity) ---
  experiment.name: mqar_fail_transformer_param_match_v640_seed46
  model.backbone: transformer_lm
  model.layer_headdims: —
  model.multiscale.fast_layer_headdims: —
  model.multiscale.slow_layer_headdims: —
  model.multiscale.window_size: —
  model.multiscale.offsets: —
  model.multiscale.summary_mode: —
  model.multiscale.causal_mode: —
  model.multiscale.gate_type: —
  data.input_seq_len: 128
  data.num_kv_pairs: 16
  data.vocab_size: 640
  data.train_examples: 20000  val_examples: 2000  test_examples: 2000
  data.fixed_examples: True
  data.min_query_pos: null
  train.lr: 0.0003
  train.epochs: 20
  num_parameters_trainable: 3131248
  tags(backbone,fusion,stride): transformer_lm, , 
--- end resolved config ---
epoch 1/20 train loss=5.7792 acc=0.0034 em=0.0000 | val loss=5.7814 acc=0.0034 em=0.0000 | random≈0.0016
  saved best_loss.pt (val_answer_loss=5.781358)
  saved best_acc.pt (val_answer_accuracy=0.003438)
epoch 2/20 train loss=5.7734 acc=0.0034 em=0.0000 | val loss=5.7772 acc=0.0032 em=0.0000 | random≈0.0016
  saved best_loss.pt (val_answer_loss=5.777171)
epoch 3/20 train loss=5.3984 acc=0.0658 em=0.0000 | val loss=5.4518 acc=0.0634 em=0.0000 | random≈0.0016
  saved best_loss.pt (val_answer_loss=5.451847)
  saved best_acc.pt (val_answer_accuracy=0.063406)
epoch 4/20 train loss=4.5840 acc=0.0865 em=0.0000 | val loss=4.6974 acc=0.0741 em=0.0000 | random≈0.0016
  saved best_loss.pt (val_answer_loss=4.697387)
  saved best_acc.pt (val_answer_accuracy=0.074125)
epoch 5/20 train loss=4.1207 acc=0.0962 em=0.0000 | val loss=4.2989 acc=0.0770 em=0.0000 | random≈0.0016
  saved best_loss.pt (val_answer_loss=4.298899)
  saved best_acc.pt (val_answer_accuracy=0.077031)
epoch 6/20 train loss=3.7989 acc=0.1048 em=0.0000 | val loss=4.0392 acc=0.0756 em=0.0000 | random≈0.0016
  saved best_loss.pt (val_answer_loss=4.039235)
epoch 7/20 train loss=3.5644 acc=0.1155 em=0.0000 | val loss=3.8642 acc=0.0793 em=0.0000 | random≈0.0016
  saved best_loss.pt (val_answer_loss=3.864190)
  saved best_acc.pt (val_answer_accuracy=0.079281)
epoch 8/20 train loss=3.2743 acc=0.1563 em=0.0000 | val loss=3.6394 acc=0.1018 em=0.0000 | random≈0.0016
  saved best_loss.pt (val_answer_loss=3.639393)
  saved best_acc.pt (val_answer_accuracy=0.101813)
epoch 9/20 train loss=0.0023 acc=1.0000 em=0.9996 | val loss=0.0025 acc=0.9999 em=0.9990 | random≈0.0016
  saved best_loss.pt (val_answer_loss=0.002481)
  saved best_acc.pt (val_answer_accuracy=0.999938)
epoch 10/20 train loss=0.0006 acc=1.0000 em=1.0000 | val loss=0.0006 acc=1.0000 em=1.0000 | random≈0.0016
  saved best_loss.pt (val_answer_loss=0.000638)
epoch 11/20 train loss=0.0003 acc=1.0000 em=1.0000 | val loss=0.0003 acc=1.0000 em=1.0000 | random≈0.0016
  saved best_loss.pt (val_answer_loss=0.000346)
epoch 12/20 train loss=0.0002 acc=1.0000 em=1.0000 | val loss=0.0002 acc=1.0000 em=1.0000 | random≈0.0016
  saved best_loss.pt (val_answer_loss=0.000220)
epoch 13/20 train loss=0.0002 acc=1.0000 em=1.0000 | val loss=0.0002 acc=1.0000 em=1.0000 | random≈0.0016
epoch 14/20 train loss=0.0001 acc=1.0000 em=1.0000 | val loss=0.0001 acc=1.0000 em=1.0000 | random≈0.0016
epoch 15/20 train loss=0.0001 acc=1.0000 em=1.0000 | val loss=0.0001 acc=1.0000 em=1.0000 | random≈0.0016
  saved best_loss.pt (val_answer_loss=0.000098)
epoch 16/20 train loss=0.0001 acc=1.0000 em=1.0000 | val loss=0.0001 acc=1.0000 em=1.0000 | random≈0.0016
epoch 17/20 train loss=0.0001 acc=1.0000 em=1.0000 | val loss=0.0001 acc=1.0000 em=1.0000 | random≈0.0016
epoch 18/20 train loss=0.0001 acc=1.0000 em=1.0000 | val loss=0.0001 acc=1.0000 em=1.0000 | random≈0.0016
epoch 19/20 train loss=0.0000 acc=1.0000 em=1.0000 | val loss=0.0000 acc=1.0000 em=1.0000 | random≈0.0016
early stopping at epoch 19: val answer_loss did not improve by min_delta=0.0001 for 4 epochs
test [best_loss_ckpt] loss=0.000097 acc=1.000000 em=1.000000
test [best_acc_ckpt]  loss=0.002498 acc=0.999969 em=0.999500 random_baseline≈0.001563
done. meta_metrics → /home/jovyan/shares/SR008.fs2/nvidenisov/other/repos/mamba/mamba_multi_scale_get_started/outputs/MQARFailureSweep/mqar_fail_transformer_param_match_v640_seed46/meta_metrics.csv
