mqar_split_hashes: n_train=20000 uniq_train=20000 | n_val=2000 uniq_val=2000 | n_test=2000 uniq_test=2000
mqar_answer_positions[train]: min=16 mean=16.0000 max=16 (expected 16 per sample)
mqar_answer_positions[val]: min=16 mean=16.0000 max=16 (expected 16 per sample)
mqar_answer_positions[test]: min=16 mean=16.0000 max=16 (expected 16 per sample)
experiment=mqar_fail_mamba2_split_ts_slow_veryslow_v640_seed46 device=cuda:0 out_dir=/home/jovyan/shares/SR008.fs2/nvidenisov/other/repos/mamba/mamba_multi_scale_get_started/outputs/MQARFailureSweep/mqar_fail_mamba2_split_ts_slow_veryslow_v640_seed46
mqar data: fixed_examples=True random_baseline_acc≈1/vocab=0.001563 (vocab_size=640)
--- mqar resolved config (sanity) ---
  experiment.name: mqar_fail_mamba2_split_ts_slow_veryslow_v640_seed46
  model.backbone: mamba2_lm
  model.layer_headdims: [32, 32, 32, 32]
  model.multiscale.fast_layer_headdims: —
  model.multiscale.slow_layer_headdims: —
  model.multiscale.window_size: —
  model.multiscale.offsets: —
  model.multiscale.summary_mode: —
  model.multiscale.causal_mode: —
  model.multiscale.gate_type: —
  data.input_seq_len: 128
  data.num_kv_pairs: 16
  data.vocab_size: 640
  data.train_examples: 20000  val_examples: 2000  test_examples: 2000
  data.fixed_examples: True
  data.min_query_pos: null
  train.lr: 0.0003
  train.epochs: 20
  num_parameters_trainable: 1997376
  tags(backbone,fusion,stride): mamba2_lm, , 
--- end resolved config ---
epoch 1/20 train loss=5.7723 acc=0.0039 em=0.0000 | val loss=5.7849 acc=0.0032 em=0.0000 | random≈0.0016
  saved best_loss.pt (val_answer_loss=5.784853)
  saved best_acc.pt (val_answer_accuracy=0.003250)
epoch 2/20 train loss=5.7221 acc=0.0181 em=0.0000 | val loss=5.7649 acc=0.0152 em=0.0000 | random≈0.0016
  saved best_loss.pt (val_answer_loss=5.764865)
  saved best_acc.pt (val_answer_accuracy=0.015219)
epoch 3/20 train loss=5.4311 acc=0.0588 em=0.0000 | val loss=5.5966 acc=0.0480 em=0.0000 | random≈0.0016
  saved best_loss.pt (val_answer_loss=5.596617)
  saved best_acc.pt (val_answer_accuracy=0.047969)
epoch 4/20 train loss=3.4953 acc=0.3447 em=0.0000 | val loss=3.6994 acc=0.3078 em=0.0000 | random≈0.0016
  saved best_loss.pt (val_answer_loss=3.699386)
  saved best_acc.pt (val_answer_accuracy=0.307812)
epoch 5/20 train loss=0.5886 acc=0.8970 em=0.1764 | val loss=0.6948 acc=0.8665 em=0.0980 | random≈0.0016
  saved best_loss.pt (val_answer_loss=0.694802)
  saved best_acc.pt (val_answer_accuracy=0.866531)
epoch 6/20 train loss=0.0805 acc=0.9930 em=0.8946 | val loss=0.1243 acc=0.9816 em=0.7450 | random≈0.0016
  saved best_loss.pt (val_answer_loss=0.124324)
  saved best_acc.pt (val_answer_accuracy=0.981625)
epoch 7/20 train loss=0.0215 acc=0.9995 em=0.9913 | val loss=0.0462 acc=0.9928 em=0.8910 | random≈0.0016
  saved best_loss.pt (val_answer_loss=0.046181)
  saved best_acc.pt (val_answer_accuracy=0.992781)
epoch 8/20 train loss=0.0089 acc=1.0000 em=0.9998 | val loss=0.0256 acc=0.9962 em=0.9420 | random≈0.0016
  saved best_loss.pt (val_answer_loss=0.025637)
  saved best_acc.pt (val_answer_accuracy=0.996250)
epoch 9/20 train loss=0.0054 acc=1.0000 em=1.0000 | val loss=0.0183 acc=0.9974 em=0.9590 | random≈0.0016
  saved best_loss.pt (val_answer_loss=0.018302)
  saved best_acc.pt (val_answer_accuracy=0.997375)
epoch 10/20 train loss=0.0039 acc=1.0000 em=1.0000 | val loss=0.0151 acc=0.9976 em=0.9620 | random≈0.0016
  saved best_loss.pt (val_answer_loss=0.015072)
  saved best_acc.pt (val_answer_accuracy=0.997625)
epoch 11/20 train loss=0.0030 acc=1.0000 em=1.0000 | val loss=0.0130 acc=0.9976 em=0.9620 | random≈0.0016
  saved best_loss.pt (val_answer_loss=0.012991)
epoch 12/20 train loss=0.0024 acc=1.0000 em=1.0000 | val loss=0.0116 acc=0.9979 em=0.9670 | random≈0.0016
  saved best_loss.pt (val_answer_loss=0.011568)
  saved best_acc.pt (val_answer_accuracy=0.997938)
epoch 13/20 train loss=0.0019 acc=1.0000 em=1.0000 | val loss=0.0103 acc=0.9982 em=0.9710 | random≈0.0016
  saved best_loss.pt (val_answer_loss=0.010297)
  saved best_acc.pt (val_answer_accuracy=0.998188)
epoch 14/20 train loss=0.0016 acc=1.0000 em=1.0000 | val loss=0.0093 acc=0.9983 em=0.9730 | random≈0.0016
  saved best_loss.pt (val_answer_loss=0.009267)
  saved best_acc.pt (val_answer_accuracy=0.998313)
epoch 15/20 train loss=0.0013 acc=1.0000 em=1.0000 | val loss=0.0085 acc=0.9982 em=0.9720 | random≈0.0016
  saved best_loss.pt (val_answer_loss=0.008492)
epoch 16/20 train loss=0.0011 acc=1.0000 em=1.0000 | val loss=0.0079 acc=0.9984 em=0.9750 | random≈0.0016
  saved best_loss.pt (val_answer_loss=0.007861)
  saved best_acc.pt (val_answer_accuracy=0.998437)
epoch 17/20 train loss=0.0010 acc=1.0000 em=1.0000 | val loss=0.0074 acc=0.9984 em=0.9750 | random≈0.0016
  saved best_loss.pt (val_answer_loss=0.007396)
epoch 18/20 train loss=0.0008 acc=1.0000 em=1.0000 | val loss=0.0068 acc=0.9985 em=0.9760 | random≈0.0016
  saved best_loss.pt (val_answer_loss=0.006790)
epoch 19/20 train loss=0.0007 acc=1.0000 em=1.0000 | val loss=0.0064 acc=0.9985 em=0.9755 | random≈0.0016
  saved best_loss.pt (val_answer_loss=0.006443)
epoch 20/20 train loss=0.0006 acc=1.0000 em=1.0000 | val loss=0.0060 acc=0.9986 em=0.9775 | random≈0.0016
  saved best_loss.pt (val_answer_loss=0.006003)
  saved best_acc.pt (val_answer_accuracy=0.998594)
test [best_loss_ckpt] loss=0.005945 acc=0.998812 em=0.981000
test [best_acc_ckpt]  loss=0.005945 acc=0.998812 em=0.981000 random_baseline≈0.001563
done. meta_metrics → /home/jovyan/shares/SR008.fs2/nvidenisov/other/repos/mamba/mamba_multi_scale_get_started/outputs/MQARFailureSweep/mqar_fail_mamba2_split_ts_slow_veryslow_v640_seed46/meta_metrics.csv
