mqar_split_hashes: n_train=20000 uniq_train=20000 | n_val=2000 uniq_val=2000 | n_test=2000 uniq_test=2000
mqar_answer_positions[train]: min=16 mean=16.0000 max=16 (expected 16 per sample)
mqar_answer_positions[val]: min=16 mean=16.0000 max=16 (expected 16 per sample)
mqar_answer_positions[test]: min=16 mean=16.0000 max=16 (expected 16 per sample)
experiment=mqar_fail_transformer_param_match_v896_seed43 device=cuda:0 out_dir=/home/jovyan/shares/SR008.fs2/nvidenisov/other/repos/mamba/mamba_multi_scale_get_started/outputs/MQARFailureSweep/mqar_fail_transformer_param_match_v896_seed43
mqar data: fixed_examples=True random_baseline_acc≈1/vocab=0.001116 (vocab_size=896)
--- mqar resolved config (sanity) ---
  experiment.name: mqar_fail_transformer_param_match_v896_seed43
  model.backbone: transformer_lm
  model.layer_headdims: —
  model.multiscale.fast_layer_headdims: —
  model.multiscale.slow_layer_headdims: —
  model.multiscale.window_size: —
  model.multiscale.offsets: —
  model.multiscale.summary_mode: —
  model.multiscale.causal_mode: —
  model.multiscale.gate_type: —
  data.input_seq_len: 128
  data.num_kv_pairs: 16
  data.vocab_size: 896
  data.train_examples: 20000  val_examples: 2000  test_examples: 2000
  data.fixed_examples: True
  data.min_query_pos: null
  train.lr: 0.0003
  train.epochs: 20
  num_parameters_trainable: 3250288
  tags(backbone,fusion,stride): transformer_lm, , 
--- end resolved config ---
epoch 1/20 train loss=6.1172 acc=0.0023 em=0.0000 | val loss=6.1209 acc=0.0027 em=0.0000 | random≈0.0011
  saved best_loss.pt (val_answer_loss=6.120942)
  saved best_acc.pt (val_answer_accuracy=0.002719)
epoch 2/20 train loss=6.1106 acc=0.0024 em=0.0000 | val loss=6.1142 acc=0.0024 em=0.0000 | random≈0.0011
  saved best_loss.pt (val_answer_loss=6.114161)
epoch 3/20 train loss=5.9645 acc=0.0364 em=0.0000 | val loss=6.0154 acc=0.0335 em=0.0000 | random≈0.0011
  saved best_loss.pt (val_answer_loss=6.015367)
  saved best_acc.pt (val_answer_accuracy=0.033531)
epoch 4/20 train loss=5.1688 acc=0.0836 em=0.0000 | val loss=5.2876 acc=0.0733 em=0.0000 | random≈0.0011
  saved best_loss.pt (val_answer_loss=5.287595)
  saved best_acc.pt (val_answer_accuracy=0.073281)
epoch 5/20 train loss=4.6154 acc=0.0939 em=0.0000 | val loss=4.8082 acc=0.0766 em=0.0000 | random≈0.0011
  saved best_loss.pt (val_answer_loss=4.808177)
  saved best_acc.pt (val_answer_accuracy=0.076594)
epoch 6/20 train loss=4.2165 acc=0.1025 em=0.0000 | val loss=4.4863 acc=0.0770 em=0.0000 | random≈0.0011
  saved best_loss.pt (val_answer_loss=4.486341)
  saved best_acc.pt (val_answer_accuracy=0.077031)
epoch 7/20 train loss=3.9213 acc=0.1116 em=0.0000 | val loss=4.2700 acc=0.0779 em=0.0000 | random≈0.0011
  saved best_loss.pt (val_answer_loss=4.270016)
  saved best_acc.pt (val_answer_accuracy=0.077875)
epoch 8/20 train loss=3.6976 acc=0.1216 em=0.0000 | val loss=4.1160 acc=0.0799 em=0.0000 | random≈0.0011
  saved best_loss.pt (val_answer_loss=4.116039)
  saved best_acc.pt (val_answer_accuracy=0.079906)
epoch 9/20 train loss=3.4511 acc=0.1514 em=0.0000 | val loss=3.9521 acc=0.0936 em=0.0000 | random≈0.0011
  saved best_loss.pt (val_answer_loss=3.952064)
  saved best_acc.pt (val_answer_accuracy=0.093563)
epoch 10/20 train loss=0.0050 acc=0.9999 em=0.9982 | val loss=0.0058 acc=0.9999 em=0.9985 | random≈0.0011
  saved best_loss.pt (val_answer_loss=0.005769)
  saved best_acc.pt (val_answer_accuracy=0.999906)
epoch 11/20 train loss=0.0007 acc=1.0000 em=1.0000 | val loss=0.0008 acc=1.0000 em=1.0000 | random≈0.0011
  saved best_loss.pt (val_answer_loss=0.000750)
epoch 12/20 train loss=0.0003 acc=1.0000 em=1.0000 | val loss=0.0004 acc=1.0000 em=1.0000 | random≈0.0011
  saved best_loss.pt (val_answer_loss=0.000360)
epoch 13/20 train loss=0.0002 acc=1.0000 em=1.0000 | val loss=0.0002 acc=1.0000 em=1.0000 | random≈0.0011
  saved best_loss.pt (val_answer_loss=0.000235)
epoch 14/20 train loss=0.0002 acc=1.0000 em=1.0000 | val loss=0.0002 acc=1.0000 em=1.0000 | random≈0.0011
epoch 15/20 train loss=0.0001 acc=1.0000 em=1.0000 | val loss=0.0001 acc=1.0000 em=1.0000 | random≈0.0011
  saved best_loss.pt (val_answer_loss=0.000122)
epoch 16/20 train loss=0.0001 acc=1.0000 em=1.0000 | val loss=0.0001 acc=1.0000 em=1.0000 | random≈0.0011
epoch 17/20 train loss=0.0001 acc=1.0000 em=1.0000 | val loss=0.0001 acc=1.0000 em=1.0000 | random≈0.0011
epoch 18/20 train loss=0.0001 acc=1.0000 em=1.0000 | val loss=0.0001 acc=1.0000 em=1.0000 | random≈0.0011
epoch 19/20 train loss=0.0000 acc=1.0000 em=1.0000 | val loss=0.0001 acc=1.0000 em=1.0000 | random≈0.0011
early stopping at epoch 19: val answer_loss did not improve by min_delta=0.0001 for 4 epochs
test [best_loss_ckpt] loss=0.000122 acc=1.000000 em=1.000000
test [best_acc_ckpt]  loss=0.005686 acc=0.999938 em=0.999000 random_baseline≈0.001116
done. meta_metrics → /home/jovyan/shares/SR008.fs2/nvidenisov/other/repos/mamba/mamba_multi_scale_get_started/outputs/MQARFailureSweep/mqar_fail_transformer_param_match_v896_seed43/meta_metrics.csv
