mqar_split_hashes: n_train=20000 uniq_train=20000 | n_val=2000 uniq_val=2000 | n_test=2000 uniq_test=2000
mqar_answer_positions[train]: min=16 mean=16.0000 max=16 (expected 16 per sample)
mqar_answer_positions[val]: min=16 mean=16.0000 max=16 (expected 16 per sample)
mqar_answer_positions[test]: min=16 mean=16.0000 max=16 (expected 16 per sample)
experiment=mqar_fail_ms_gated_slow_init_v896_seed42 device=cuda:0 out_dir=/home/jovyan/shares/SR008.fs2/nvidenisov/other/repos/mamba/mamba_multi_scale_get_started/outputs/MQARFailureSweep/mqar_fail_ms_gated_slow_init_v896_seed42
mqar data: fixed_examples=True random_baseline_acc≈1/vocab=0.001116 (vocab_size=896)
--- mqar resolved config (sanity) ---
  experiment.name: mqar_fail_ms_gated_slow_init_v896_seed42
  model.backbone: multiscale_mamba2_lm
  model.layer_headdims: [32, 32, 32, 32]
  model.multiscale.fast_layer_headdims: [32, 32, 32, 32]
  model.multiscale.slow_layer_headdims: [32, 32]
  model.multiscale.window_size: —
  model.multiscale.offsets: —
  model.multiscale.summary_mode: —
  model.multiscale.causal_mode: —
  model.multiscale.gate_type: —
  data.input_seq_len: 128
  data.num_kv_pairs: 16
  data.vocab_size: 896
  data.train_examples: 20000  val_examples: 2000  test_examples: 2000
  data.fixed_examples: True
  data.min_query_pos: null
  train.lr: 0.0003
  train.epochs: 20
  num_parameters_trainable: 3095328
  tags(backbone,fusion,stride): multiscale_mamba2_lm, gated, 2
--- end resolved config ---
epoch 1/20 train loss=6.1095 acc=0.0028 em=0.0000 | val loss=6.1242 acc=0.0027 em=0.0000 | random≈0.0011
  saved best_loss.pt (val_answer_loss=6.124159)
  saved best_acc.pt (val_answer_accuracy=0.002719)
epoch 2/20 train loss=6.0859 acc=0.0044 em=0.0000 | val loss=6.1246 acc=0.0028 em=0.0000 | random≈0.0011
epoch 3/20 train loss=5.9299 acc=0.0285 em=0.0000 | val loss=6.0936 acc=0.0203 em=0.0000 | random≈0.0011
  saved best_loss.pt (val_answer_loss=6.093579)
  saved best_acc.pt (val_answer_accuracy=0.020250)
epoch 4/20 train loss=5.5515 acc=0.0650 em=0.0000 | val loss=5.9960 acc=0.0422 em=0.0000 | random≈0.0011
  saved best_loss.pt (val_answer_loss=5.996014)
  saved best_acc.pt (val_answer_accuracy=0.042188)
epoch 5/20 train loss=4.8674 acc=0.1526 em=0.0000 | val loss=5.6584 acc=0.0853 em=0.0000 | random≈0.0011
  saved best_loss.pt (val_answer_loss=5.658355)
  saved best_acc.pt (val_answer_accuracy=0.085344)
epoch 6/20 train loss=2.2054 acc=0.6359 em=0.0003 | val loss=2.8045 acc=0.5041 em=0.0000 | random≈0.0011
  saved best_loss.pt (val_answer_loss=2.804496)
  saved best_acc.pt (val_answer_accuracy=0.504094)
epoch 7/20 train loss=0.2084 acc=0.9754 em=0.6764 | val loss=0.3690 acc=0.9387 em=0.3680 | random≈0.0011
  saved best_loss.pt (val_answer_loss=0.369016)
  saved best_acc.pt (val_answer_accuracy=0.938750)
epoch 8/20 train loss=0.0391 acc=0.9983 em=0.9725 | val loss=0.1017 acc=0.9848 em=0.7820 | random≈0.0011
  saved best_loss.pt (val_answer_loss=0.101674)
  saved best_acc.pt (val_answer_accuracy=0.984812)
epoch 9/20 train loss=0.0142 acc=1.0000 em=0.9992 | val loss=0.0530 acc=0.9920 em=0.8825 | random≈0.0011
  saved best_loss.pt (val_answer_loss=0.052984)
  saved best_acc.pt (val_answer_accuracy=0.992031)
epoch 10/20 train loss=0.0080 acc=1.0000 em=1.0000 | val loss=0.0370 acc=0.9936 em=0.9040 | random≈0.0011
  saved best_loss.pt (val_answer_loss=0.037030)
  saved best_acc.pt (val_answer_accuracy=0.993594)
epoch 11/20 train loss=0.0057 acc=1.0000 em=1.0000 | val loss=0.0297 acc=0.9946 em=0.9200 | random≈0.0011
  saved best_loss.pt (val_answer_loss=0.029727)
  saved best_acc.pt (val_answer_accuracy=0.994625)
epoch 12/20 train loss=0.0043 acc=1.0000 em=1.0000 | val loss=0.0249 acc=0.9954 em=0.9310 | random≈0.0011
  saved best_loss.pt (val_answer_loss=0.024910)
  saved best_acc.pt (val_answer_accuracy=0.995437)
epoch 13/20 train loss=0.0034 acc=1.0000 em=1.0000 | val loss=0.0215 acc=0.9958 em=0.9365 | random≈0.0011
  saved best_loss.pt (val_answer_loss=0.021512)
  saved best_acc.pt (val_answer_accuracy=0.995812)
epoch 14/20 train loss=0.0028 acc=1.0000 em=1.0000 | val loss=0.0190 acc=0.9963 em=0.9440 | random≈0.0011
  saved best_loss.pt (val_answer_loss=0.018980)
  saved best_acc.pt (val_answer_accuracy=0.996313)
epoch 15/20 train loss=0.0023 acc=1.0000 em=1.0000 | val loss=0.0170 acc=0.9967 em=0.9490 | random≈0.0011
  saved best_loss.pt (val_answer_loss=0.016954)
  saved best_acc.pt (val_answer_accuracy=0.996687)
epoch 16/20 train loss=0.0019 acc=1.0000 em=1.0000 | val loss=0.0155 acc=0.9968 em=0.9505 | random≈0.0011
  saved best_loss.pt (val_answer_loss=0.015501)
epoch 17/20 train loss=0.0017 acc=1.0000 em=1.0000 | val loss=0.0139 acc=0.9972 em=0.9565 | random≈0.0011
  saved best_loss.pt (val_answer_loss=0.013860)
  saved best_acc.pt (val_answer_accuracy=0.997156)
epoch 18/20 train loss=0.0014 acc=1.0000 em=1.0000 | val loss=0.0126 acc=0.9974 em=0.9610 | random≈0.0011
  saved best_loss.pt (val_answer_loss=0.012640)
  saved best_acc.pt (val_answer_accuracy=0.997437)
epoch 19/20 train loss=0.0012 acc=1.0000 em=1.0000 | val loss=0.0116 acc=0.9974 em=0.9605 | random≈0.0011
  saved best_loss.pt (val_answer_loss=0.011576)
epoch 20/20 train loss=0.0011 acc=1.0000 em=1.0000 | val loss=0.0109 acc=0.9977 em=0.9645 | random≈0.0011
  saved best_loss.pt (val_answer_loss=0.010869)
  saved best_acc.pt (val_answer_accuracy=0.997656)
test [best_loss_ckpt] loss=0.010690 acc=0.997844 em=0.966000
test [best_acc_ckpt]  loss=0.010690 acc=0.997844 em=0.966000 random_baseline≈0.001116
done. meta_metrics → /home/jovyan/shares/SR008.fs2/nvidenisov/other/repos/mamba/mamba_multi_scale_get_started/outputs/MQARFailureSweep/mqar_fail_ms_gated_slow_init_v896_seed42/meta_metrics.csv
