mqar_split_hashes: n_train=20000 uniq_train=20000 | n_val=2000 uniq_val=2000 | n_test=2000 uniq_test=2000
mqar_answer_positions[train]: min=16 mean=16.0000 max=16 (expected 16 per sample)
mqar_answer_positions[val]: min=16 mean=16.0000 max=16 (expected 16 per sample)
mqar_answer_positions[test]: min=16 mean=16.0000 max=16 (expected 16 per sample)
experiment=mqar_fail_mamba2_split_ts_slow_veryslow_v512_seed51 device=cuda:0 out_dir=/home/jovyan/shares/SR008.fs2/nvidenisov/other/repos/mamba/mamba_multi_scale_get_started/outputs/MQARFailureSweep/mqar_fail_mamba2_split_ts_slow_veryslow_v512_seed51
mqar data: fixed_examples=True random_baseline_acc≈1/vocab=0.001953 (vocab_size=512)
--- mqar resolved config (sanity) ---
  experiment.name: mqar_fail_mamba2_split_ts_slow_veryslow_v512_seed51
  model.backbone: mamba2_lm
  model.layer_headdims: [32, 32, 32, 32]
  model.multiscale.fast_layer_headdims: —
  model.multiscale.slow_layer_headdims: —
  model.multiscale.window_size: —
  model.multiscale.offsets: —
  model.multiscale.summary_mode: —
  model.multiscale.causal_mode: —
  model.multiscale.gate_type: —
  data.input_seq_len: 128
  data.num_kv_pairs: 16
  data.vocab_size: 512
  data.train_examples: 20000  val_examples: 2000  test_examples: 2000
  data.fixed_examples: True
  data.min_query_pos: null
  train.lr: 0.0003
  train.epochs: 20
  num_parameters_trainable: 1931712
  tags(backbone,fusion,stride): mamba2_lm, , 
--- end resolved config ---
epoch 1/20 train loss=5.5483 acc=0.0049 em=0.0000 | val loss=5.5582 acc=0.0043 em=0.0000 | random≈0.0020
  saved best_loss.pt (val_answer_loss=5.558232)
  saved best_acc.pt (val_answer_accuracy=0.004250)
epoch 2/20 train loss=5.4586 acc=0.0321 em=0.0000 | val loss=5.5013 acc=0.0299 em=0.0000 | random≈0.0020
  saved best_loss.pt (val_answer_loss=5.501317)
  saved best_acc.pt (val_answer_accuracy=0.029875)
epoch 3/20 train loss=5.0637 acc=0.0740 em=0.0000 | val loss=5.2100 acc=0.0612 em=0.0000 | random≈0.0020
  saved best_loss.pt (val_answer_loss=5.209961)
  saved best_acc.pt (val_answer_accuracy=0.061250)
epoch 4/20 train loss=1.6598 acc=0.6738 em=0.0006 | val loss=1.7785 acc=0.6431 em=0.0000 | random≈0.0020
  saved best_loss.pt (val_answer_loss=1.778539)
  saved best_acc.pt (val_answer_accuracy=0.643125)
epoch 5/20 train loss=0.1111 acc=0.9859 em=0.7996 | val loss=0.1496 acc=0.9751 em=0.6750 | random≈0.0020
  saved best_loss.pt (val_answer_loss=0.149646)
  saved best_acc.pt (val_answer_accuracy=0.975125)
epoch 6/20 train loss=0.0222 acc=0.9991 em=0.9866 | val loss=0.0420 acc=0.9942 em=0.9110 | random≈0.0020
  saved best_loss.pt (val_answer_loss=0.041968)
  saved best_acc.pt (val_answer_accuracy=0.994156)
epoch 7/20 train loss=0.0085 acc=1.0000 em=0.9999 | val loss=0.0211 acc=0.9970 em=0.9535 | random≈0.0020
  saved best_loss.pt (val_answer_loss=0.021137)
  saved best_acc.pt (val_answer_accuracy=0.997031)
epoch 8/20 train loss=0.0049 acc=1.0000 em=1.0000 | val loss=0.0148 acc=0.9979 em=0.9665 | random≈0.0020
  saved best_loss.pt (val_answer_loss=0.014757)
  saved best_acc.pt (val_answer_accuracy=0.997875)
epoch 9/20 train loss=0.0035 acc=1.0000 em=1.0000 | val loss=0.0122 acc=0.9980 em=0.9695 | random≈0.0020
  saved best_loss.pt (val_answer_loss=0.012184)
  saved best_acc.pt (val_answer_accuracy=0.998031)
epoch 10/20 train loss=0.0027 acc=1.0000 em=1.0000 | val loss=0.0101 acc=0.9984 em=0.9745 | random≈0.0020
  saved best_loss.pt (val_answer_loss=0.010094)
  saved best_acc.pt (val_answer_accuracy=0.998406)
epoch 11/20 train loss=0.0021 acc=1.0000 em=1.0000 | val loss=0.0089 acc=0.9983 em=0.9740 | random≈0.0020
  saved best_loss.pt (val_answer_loss=0.008872)
epoch 12/20 train loss=0.0017 acc=1.0000 em=1.0000 | val loss=0.0080 acc=0.9985 em=0.9760 | random≈0.0020
  saved best_loss.pt (val_answer_loss=0.007972)
epoch 13/20 train loss=0.0014 acc=1.0000 em=1.0000 | val loss=0.0071 acc=0.9986 em=0.9780 | random≈0.0020
  saved best_loss.pt (val_answer_loss=0.007143)
  saved best_acc.pt (val_answer_accuracy=0.998625)
epoch 14/20 train loss=0.0012 acc=1.0000 em=1.0000 | val loss=0.0065 acc=0.9987 em=0.9790 | random≈0.0020
  saved best_loss.pt (val_answer_loss=0.006502)
epoch 15/20 train loss=0.0010 acc=1.0000 em=1.0000 | val loss=0.0060 acc=0.9987 em=0.9795 | random≈0.0020
  saved best_loss.pt (val_answer_loss=0.005979)
epoch 16/20 train loss=0.0009 acc=1.0000 em=1.0000 | val loss=0.0056 acc=0.9990 em=0.9835 | random≈0.0020
  saved best_loss.pt (val_answer_loss=0.005551)
  saved best_acc.pt (val_answer_accuracy=0.998969)
epoch 17/20 train loss=0.0008 acc=1.0000 em=1.0000 | val loss=0.0051 acc=0.9990 em=0.9840 | random≈0.0020
  saved best_loss.pt (val_answer_loss=0.005105)
epoch 18/20 train loss=0.0007 acc=1.0000 em=1.0000 | val loss=0.0047 acc=0.9989 em=0.9830 | random≈0.0020
  saved best_loss.pt (val_answer_loss=0.004730)
epoch 19/20 train loss=0.0006 acc=1.0000 em=1.0000 | val loss=0.0045 acc=0.9990 em=0.9835 | random≈0.0020
  saved best_loss.pt (val_answer_loss=0.004462)
epoch 20/20 train loss=0.0005 acc=1.0000 em=1.0000 | val loss=0.0042 acc=0.9991 em=0.9850 | random≈0.0020
  saved best_loss.pt (val_answer_loss=0.004179)
test [best_loss_ckpt] loss=0.004647 acc=0.998938 em=0.983000
test [best_acc_ckpt]  loss=0.006028 acc=0.998656 em=0.978500 random_baseline≈0.001953
done. meta_metrics → /home/jovyan/shares/SR008.fs2/nvidenisov/other/repos/mamba/mamba_multi_scale_get_started/outputs/MQARFailureSweep/mqar_fail_mamba2_split_ts_slow_veryslow_v512_seed51/meta_metrics.csv
