mqar_split_hashes: n_train=20000 uniq_train=20000 | n_val=2000 uniq_val=2000 | n_test=2000 uniq_test=2000
mqar_answer_positions[train]: min=16 mean=16.0000 max=16 (expected 16 per sample)
mqar_answer_positions[val]: min=16 mean=16.0000 max=16 (expected 16 per sample)
mqar_answer_positions[test]: min=16 mean=16.0000 max=16 (expected 16 per sample)
experiment=mqar_fail_mamba2_split_ts_50_50_v512_seed42 device=cuda:0 out_dir=/home/jovyan/shares/SR008.fs2/nvidenisov/other/repos/mamba/mamba_multi_scale_get_started/outputs/MQARFailureSweep/mqar_fail_mamba2_split_ts_50_50_v512_seed42
mqar data: fixed_examples=True random_baseline_acc≈1/vocab=0.001953 (vocab_size=512)
--- mqar resolved config (sanity) ---
  experiment.name: mqar_fail_mamba2_split_ts_50_50_v512_seed42
  model.backbone: mamba2_lm
  model.layer_headdims: [32, 32, 32, 32]
  model.multiscale.fast_layer_headdims: —
  model.multiscale.slow_layer_headdims: —
  model.multiscale.window_size: —
  model.multiscale.offsets: —
  model.multiscale.summary_mode: —
  model.multiscale.causal_mode: —
  model.multiscale.gate_type: —
  data.input_seq_len: 128
  data.num_kv_pairs: 16
  data.vocab_size: 512
  data.train_examples: 20000  val_examples: 2000  test_examples: 2000
  data.fixed_examples: True
  data.min_query_pos: null
  train.lr: 0.0003
  train.epochs: 20
  num_parameters_trainable: 1931712
  tags(backbone,fusion,stride): mamba2_lm, , 
--- end resolved config ---
epoch 1/20 train loss=5.5499 acc=0.0048 em=0.0000 | val loss=5.5619 acc=0.0036 em=0.0000 | random≈0.0020
  saved best_loss.pt (val_answer_loss=5.561854)
  saved best_acc.pt (val_answer_accuracy=0.003625)
epoch 2/20 train loss=5.4543 acc=0.0355 em=0.0000 | val loss=5.5018 acc=0.0339 em=0.0000 | random≈0.0020
  saved best_loss.pt (val_answer_loss=5.501835)
  saved best_acc.pt (val_answer_accuracy=0.033906)
epoch 3/20 train loss=5.1299 acc=0.0662 em=0.0000 | val loss=5.2582 acc=0.0571 em=0.0000 | random≈0.0020
  saved best_loss.pt (val_answer_loss=5.258160)
  saved best_acc.pt (val_answer_accuracy=0.057125)
epoch 4/20 train loss=3.7240 acc=0.2992 em=0.0000 | val loss=3.9098 acc=0.2699 em=0.0000 | random≈0.0020
  saved best_loss.pt (val_answer_loss=3.909798)
  saved best_acc.pt (val_answer_accuracy=0.269875)
epoch 5/20 train loss=0.5397 acc=0.9113 em=0.2260 | val loss=0.6365 acc=0.8820 em=0.1285 | random≈0.0020
  saved best_loss.pt (val_answer_loss=0.636511)
  saved best_acc.pt (val_answer_accuracy=0.882031)
epoch 6/20 train loss=0.0616 acc=0.9954 em=0.9284 | val loss=0.0942 acc=0.9863 em=0.8010 | random≈0.0020
  saved best_loss.pt (val_answer_loss=0.094150)
  saved best_acc.pt (val_answer_accuracy=0.986313)
epoch 7/20 train loss=0.0165 acc=0.9999 em=0.9978 | val loss=0.0341 acc=0.9960 em=0.9370 | random≈0.0020
  saved best_loss.pt (val_answer_loss=0.034064)
  saved best_acc.pt (val_answer_accuracy=0.996000)
epoch 8/20 train loss=0.0078 acc=1.0000 em=1.0000 | val loss=0.0203 acc=0.9976 em=0.9620 | random≈0.0020
  saved best_loss.pt (val_answer_loss=0.020315)
  saved best_acc.pt (val_answer_accuracy=0.997594)
epoch 9/20 train loss=0.0051 acc=1.0000 em=1.0000 | val loss=0.0151 acc=0.9979 em=0.9670 | random≈0.0020
  saved best_loss.pt (val_answer_loss=0.015147)
  saved best_acc.pt (val_answer_accuracy=0.997938)
epoch 10/20 train loss=0.0038 acc=1.0000 em=1.0000 | val loss=0.0125 acc=0.9982 em=0.9715 | random≈0.0020
  saved best_loss.pt (val_answer_loss=0.012544)
  saved best_acc.pt (val_answer_accuracy=0.998188)
epoch 11/20 train loss=0.0029 acc=1.0000 em=1.0000 | val loss=0.0105 acc=0.9985 em=0.9760 | random≈0.0020
  saved best_loss.pt (val_answer_loss=0.010452)
  saved best_acc.pt (val_answer_accuracy=0.998469)
epoch 12/20 train loss=0.0023 acc=1.0000 em=1.0000 | val loss=0.0092 acc=0.9987 em=0.9800 | random≈0.0020
  saved best_loss.pt (val_answer_loss=0.009155)
  saved best_acc.pt (val_answer_accuracy=0.998719)
epoch 13/20 train loss=0.0019 acc=1.0000 em=1.0000 | val loss=0.0082 acc=0.9988 em=0.9820 | random≈0.0020
  saved best_loss.pt (val_answer_loss=0.008199)
  saved best_acc.pt (val_answer_accuracy=0.998844)
epoch 14/20 train loss=0.0016 acc=1.0000 em=1.0000 | val loss=0.0072 acc=0.9990 em=0.9845 | random≈0.0020
  saved best_loss.pt (val_answer_loss=0.007208)
  saved best_acc.pt (val_answer_accuracy=0.999000)
epoch 15/20 train loss=0.0013 acc=1.0000 em=1.0000 | val loss=0.0066 acc=0.9989 em=0.9830 | random≈0.0020
  saved best_loss.pt (val_answer_loss=0.006606)
epoch 16/20 train loss=0.0011 acc=1.0000 em=1.0000 | val loss=0.0060 acc=0.9991 em=0.9860 | random≈0.0020
  saved best_loss.pt (val_answer_loss=0.006013)
epoch 17/20 train loss=0.0010 acc=1.0000 em=1.0000 | val loss=0.0055 acc=0.9992 em=0.9875 | random≈0.0020
  saved best_loss.pt (val_answer_loss=0.005484)
  saved best_acc.pt (val_answer_accuracy=0.999188)
epoch 18/20 train loss=0.0008 acc=1.0000 em=1.0000 | val loss=0.0050 acc=0.9992 em=0.9880 | random≈0.0020
  saved best_loss.pt (val_answer_loss=0.005016)
epoch 19/20 train loss=0.0007 acc=1.0000 em=1.0000 | val loss=0.0047 acc=0.9992 em=0.9875 | random≈0.0020
  saved best_loss.pt (val_answer_loss=0.004651)
epoch 20/20 train loss=0.0007 acc=1.0000 em=1.0000 | val loss=0.0044 acc=0.9993 em=0.9900 | random≈0.0020
  saved best_loss.pt (val_answer_loss=0.004409)
  saved best_acc.pt (val_answer_accuracy=0.999344)
test [best_loss_ckpt] loss=0.005194 acc=0.999031 em=0.984500
test [best_acc_ckpt]  loss=0.005194 acc=0.999031 em=0.984500 random_baseline≈0.001953
done. meta_metrics → /home/jovyan/shares/SR008.fs2/nvidenisov/other/repos/mamba/mamba_multi_scale_get_started/outputs/MQARFailureSweep/mqar_fail_mamba2_split_ts_50_50_v512_seed42/meta_metrics.csv
