mqar_split_hashes: n_train=20000 uniq_train=20000 | n_val=2000 uniq_val=2000 | n_test=2000 uniq_test=2000
mqar_answer_positions[train]: min=16 mean=16.0000 max=16 (expected 16 per sample)
mqar_answer_positions[val]: min=16 mean=16.0000 max=16 (expected 16 per sample)
mqar_answer_positions[test]: min=16 mean=16.0000 max=16 (expected 16 per sample)
experiment=mqar_fail_mamba2_split_ts_50_50_v640_seed44 device=cuda:0 out_dir=/home/jovyan/shares/SR008.fs2/nvidenisov/other/repos/mamba/mamba_multi_scale_get_started/outputs/MQARFailureSweep/mqar_fail_mamba2_split_ts_50_50_v640_seed44
mqar data: fixed_examples=True random_baseline_acc≈1/vocab=0.001563 (vocab_size=640)
--- mqar resolved config (sanity) ---
  experiment.name: mqar_fail_mamba2_split_ts_50_50_v640_seed44
  model.backbone: mamba2_lm
  model.layer_headdims: [32, 32, 32, 32]
  model.multiscale.fast_layer_headdims: —
  model.multiscale.slow_layer_headdims: —
  model.multiscale.window_size: —
  model.multiscale.offsets: —
  model.multiscale.summary_mode: —
  model.multiscale.causal_mode: —
  model.multiscale.gate_type: —
  data.input_seq_len: 128
  data.num_kv_pairs: 16
  data.vocab_size: 640
  data.train_examples: 20000  val_examples: 2000  test_examples: 2000
  data.fixed_examples: True
  data.min_query_pos: null
  train.lr: 0.0003
  train.epochs: 20
  num_parameters_trainable: 1997376
  tags(backbone,fusion,stride): mamba2_lm, , 
--- end resolved config ---
epoch 1/20 train loss=5.7738 acc=0.0039 em=0.0000 | val loss=5.7865 acc=0.0033 em=0.0000 | random≈0.0016
  saved best_loss.pt (val_answer_loss=5.786485)
  saved best_acc.pt (val_answer_accuracy=0.003312)
epoch 2/20 train loss=5.7308 acc=0.0160 em=0.0000 | val loss=5.7685 acc=0.0136 em=0.0000 | random≈0.0016
  saved best_loss.pt (val_answer_loss=5.768493)
  saved best_acc.pt (val_answer_accuracy=0.013562)
epoch 3/20 train loss=5.5413 acc=0.0462 em=0.0000 | val loss=5.6798 acc=0.0386 em=0.0000 | random≈0.0016
  saved best_loss.pt (val_answer_loss=5.679813)
  saved best_acc.pt (val_answer_accuracy=0.038625)
epoch 4/20 train loss=4.6770 acc=0.1725 em=0.0000 | val loss=4.9302 acc=0.1454 em=0.0000 | random≈0.0016
  saved best_loss.pt (val_answer_loss=4.930238)
  saved best_acc.pt (val_answer_accuracy=0.145406)
epoch 5/20 train loss=1.1506 acc=0.7615 em=0.0083 | val loss=1.2785 acc=0.7259 em=0.0030 | random≈0.0016
  saved best_loss.pt (val_answer_loss=1.278508)
  saved best_acc.pt (val_answer_accuracy=0.725875)
epoch 6/20 train loss=0.1870 acc=0.9780 em=0.7071 | val loss=0.2514 acc=0.9581 em=0.5135 | random≈0.0016
  saved best_loss.pt (val_answer_loss=0.251442)
  saved best_acc.pt (val_answer_accuracy=0.958063)
epoch 7/20 train loss=0.0491 acc=0.9968 em=0.9502 | val loss=0.0866 acc=0.9860 em=0.7975 | random≈0.0016
  saved best_loss.pt (val_answer_loss=0.086568)
  saved best_acc.pt (val_answer_accuracy=0.985969)
epoch 8/20 train loss=0.0178 acc=0.9998 em=0.9975 | val loss=0.0430 acc=0.9934 em=0.8990 | random≈0.0016
  saved best_loss.pt (val_answer_loss=0.043047)
  saved best_acc.pt (val_answer_accuracy=0.993437)
epoch 9/20 train loss=0.0095 acc=1.0000 em=0.9998 | val loss=0.0296 acc=0.9950 em=0.9225 | random≈0.0016
  saved best_loss.pt (val_answer_loss=0.029595)
  saved best_acc.pt (val_answer_accuracy=0.995000)
epoch 10/20 train loss=0.0061 acc=1.0000 em=1.0000 | val loss=0.0226 acc=0.9958 em=0.9350 | random≈0.0016
  saved best_loss.pt (val_answer_loss=0.022621)
  saved best_acc.pt (val_answer_accuracy=0.995844)
epoch 11/20 train loss=0.0045 acc=1.0000 em=1.0000 | val loss=0.0191 acc=0.9964 em=0.9430 | random≈0.0016
  saved best_loss.pt (val_answer_loss=0.019063)
  saved best_acc.pt (val_answer_accuracy=0.996375)
epoch 12/20 train loss=0.0035 acc=1.0000 em=1.0000 | val loss=0.0166 acc=0.9968 em=0.9500 | random≈0.0016
  saved best_loss.pt (val_answer_loss=0.016620)
  saved best_acc.pt (val_answer_accuracy=0.996812)
epoch 13/20 train loss=0.0028 acc=1.0000 em=1.0000 | val loss=0.0150 acc=0.9970 em=0.9540 | random≈0.0016
  saved best_loss.pt (val_answer_loss=0.014959)
  saved best_acc.pt (val_answer_accuracy=0.997031)
epoch 14/20 train loss=0.0023 acc=1.0000 em=1.0000 | val loss=0.0134 acc=0.9972 em=0.9555 | random≈0.0016
  saved best_loss.pt (val_answer_loss=0.013387)
  saved best_acc.pt (val_answer_accuracy=0.997156)
epoch 15/20 train loss=0.0019 acc=1.0000 em=1.0000 | val loss=0.0121 acc=0.9973 em=0.9580 | random≈0.0016
  saved best_loss.pt (val_answer_loss=0.012150)
  saved best_acc.pt (val_answer_accuracy=0.997313)
epoch 16/20 train loss=0.0016 acc=1.0000 em=1.0000 | val loss=0.0112 acc=0.9976 em=0.9630 | random≈0.0016
  saved best_loss.pt (val_answer_loss=0.011196)
  saved best_acc.pt (val_answer_accuracy=0.997625)
epoch 17/20 train loss=0.0014 acc=1.0000 em=1.0000 | val loss=0.0105 acc=0.9977 em=0.9640 | random≈0.0016
  saved best_loss.pt (val_answer_loss=0.010465)
epoch 18/20 train loss=0.0012 acc=1.0000 em=1.0000 | val loss=0.0097 acc=0.9979 em=0.9675 | random≈0.0016
  saved best_loss.pt (val_answer_loss=0.009669)
  saved best_acc.pt (val_answer_accuracy=0.997906)
epoch 19/20 train loss=0.0010 acc=1.0000 em=1.0000 | val loss=0.0092 acc=0.9980 em=0.9685 | random≈0.0016
  saved best_loss.pt (val_answer_loss=0.009206)
epoch 20/20 train loss=0.0009 acc=1.0000 em=1.0000 | val loss=0.0085 acc=0.9981 em=0.9710 | random≈0.0016
  saved best_loss.pt (val_answer_loss=0.008517)
  saved best_acc.pt (val_answer_accuracy=0.998125)
test [best_loss_ckpt] loss=0.009486 acc=0.998062 em=0.970000
test [best_acc_ckpt]  loss=0.009486 acc=0.998062 em=0.970000 random_baseline≈0.001563
done. meta_metrics → /home/jovyan/shares/SR008.fs2/nvidenisov/other/repos/mamba/mamba_multi_scale_get_started/outputs/MQARFailureSweep/mqar_fail_mamba2_split_ts_50_50_v640_seed44/meta_metrics.csv
