mqar_split_hashes: n_train=20000 uniq_train=20000 | n_val=2000 uniq_val=2000 | n_test=2000 uniq_test=2000
mqar_answer_positions[train]: min=16 mean=16.0000 max=16 (expected 16 per sample)
mqar_answer_positions[val]: min=16 mean=16.0000 max=16 (expected 16 per sample)
mqar_answer_positions[test]: min=16 mean=16.0000 max=16 (expected 16 per sample)
experiment=mqar_fail_transformer_param_match_v640_seed44 device=cuda:0 out_dir=/home/jovyan/shares/SR008.fs2/nvidenisov/other/repos/mamba/mamba_multi_scale_get_started/outputs/MQARFailureSweep/mqar_fail_transformer_param_match_v640_seed44
mqar data: fixed_examples=True random_baseline_acc≈1/vocab=0.001563 (vocab_size=640)
--- mqar resolved config (sanity) ---
  experiment.name: mqar_fail_transformer_param_match_v640_seed44
  model.backbone: transformer_lm
  model.layer_headdims: —
  model.multiscale.fast_layer_headdims: —
  model.multiscale.slow_layer_headdims: —
  model.multiscale.window_size: —
  model.multiscale.offsets: —
  model.multiscale.summary_mode: —
  model.multiscale.causal_mode: —
  model.multiscale.gate_type: —
  data.input_seq_len: 128
  data.num_kv_pairs: 16
  data.vocab_size: 640
  data.train_examples: 20000  val_examples: 2000  test_examples: 2000
  data.fixed_examples: True
  data.min_query_pos: null
  train.lr: 0.0003
  train.epochs: 20
  num_parameters_trainable: 3131248
  tags(backbone,fusion,stride): transformer_lm, , 
--- end resolved config ---
epoch 1/20 train loss=5.7788 acc=0.0033 em=0.0000 | val loss=5.7812 acc=0.0028 em=0.0000 | random≈0.0016
  saved best_loss.pt (val_answer_loss=5.781191)
  saved best_acc.pt (val_answer_accuracy=0.002844)
epoch 2/20 train loss=5.7736 acc=0.0039 em=0.0000 | val loss=5.7776 acc=0.0035 em=0.0000 | random≈0.0016
  saved best_loss.pt (val_answer_loss=5.777600)
  saved best_acc.pt (val_answer_accuracy=0.003469)
epoch 3/20 train loss=5.4991 acc=0.0604 em=0.0000 | val loss=5.5501 acc=0.0563 em=0.0000 | random≈0.0016
  saved best_loss.pt (val_answer_loss=5.550123)
  saved best_acc.pt (val_answer_accuracy=0.056344)
epoch 4/20 train loss=4.6357 acc=0.0861 em=0.0000 | val loss=4.7476 acc=0.0772 em=0.0000 | random≈0.0016
  saved best_loss.pt (val_answer_loss=4.747572)
  saved best_acc.pt (val_answer_accuracy=0.077219)
epoch 5/20 train loss=4.1332 acc=0.0953 em=0.0000 | val loss=4.3144 acc=0.0760 em=0.0000 | random≈0.0016
  saved best_loss.pt (val_answer_loss=4.314415)
epoch 6/20 train loss=3.8063 acc=0.1045 em=0.0000 | val loss=4.0450 acc=0.0784 em=0.0000 | random≈0.0016
  saved best_loss.pt (val_answer_loss=4.045041)
  saved best_acc.pt (val_answer_accuracy=0.078406)
epoch 7/20 train loss=3.5780 acc=0.1147 em=0.0000 | val loss=3.8758 acc=0.0801 em=0.0000 | random≈0.0016
  saved best_loss.pt (val_answer_loss=3.875778)
  saved best_acc.pt (val_answer_accuracy=0.080062)
epoch 8/20 train loss=3.1482 acc=0.1934 em=0.0000 | val loss=3.5191 acc=0.1309 em=0.0000 | random≈0.0016
  saved best_loss.pt (val_answer_loss=3.519070)
  saved best_acc.pt (val_answer_accuracy=0.130938)
epoch 9/20 train loss=0.0017 acc=1.0000 em=0.9996 | val loss=0.0018 acc=1.0000 em=1.0000 | random≈0.0016
  saved best_loss.pt (val_answer_loss=0.001825)
  saved best_acc.pt (val_answer_accuracy=1.000000)
epoch 10/20 train loss=0.0005 acc=1.0000 em=1.0000 | val loss=0.0006 acc=1.0000 em=1.0000 | random≈0.0016
  saved best_loss.pt (val_answer_loss=0.000579)
epoch 11/20 train loss=0.0003 acc=1.0000 em=1.0000 | val loss=0.0003 acc=1.0000 em=1.0000 | random≈0.0016
  saved best_loss.pt (val_answer_loss=0.000309)
epoch 12/20 train loss=0.0002 acc=1.0000 em=1.0000 | val loss=0.0002 acc=1.0000 em=1.0000 | random≈0.0016
  saved best_loss.pt (val_answer_loss=0.000206)
epoch 13/20 train loss=0.0001 acc=1.0000 em=1.0000 | val loss=0.0001 acc=1.0000 em=1.0000 | random≈0.0016
epoch 14/20 train loss=0.0001 acc=1.0000 em=1.0000 | val loss=0.0001 acc=1.0000 em=1.0000 | random≈0.0016
epoch 15/20 train loss=0.0001 acc=1.0000 em=1.0000 | val loss=0.0001 acc=1.0000 em=1.0000 | random≈0.0016
  saved best_loss.pt (val_answer_loss=0.000088)
epoch 16/20 train loss=0.0001 acc=1.0000 em=1.0000 | val loss=0.0001 acc=1.0000 em=1.0000 | random≈0.0016
epoch 17/20 train loss=0.0001 acc=1.0000 em=1.0000 | val loss=0.0001 acc=1.0000 em=1.0000 | random≈0.0016
epoch 18/20 train loss=0.0000 acc=1.0000 em=1.0000 | val loss=0.0001 acc=1.0000 em=1.0000 | random≈0.0016
epoch 19/20 train loss=0.0000 acc=1.0000 em=1.0000 | val loss=0.0000 acc=1.0000 em=1.0000 | random≈0.0016
early stopping at epoch 19: val answer_loss did not improve by min_delta=0.0001 for 4 epochs
test [best_loss_ckpt] loss=0.000088 acc=1.000000 em=1.000000
test [best_acc_ckpt]  loss=0.001808 acc=1.000000 em=1.000000 random_baseline≈0.001563
done. meta_metrics → /home/jovyan/shares/SR008.fs2/nvidenisov/other/repos/mamba/mamba_multi_scale_get_started/outputs/MQARFailureSweep/mqar_fail_transformer_param_match_v640_seed44/meta_metrics.csv
