mqar_split_hashes: n_train=20000 uniq_train=20000 | n_val=2000 uniq_val=2000 | n_test=2000 uniq_test=2000
mqar_answer_positions[train]: min=16 mean=16.0000 max=16 (expected 16 per sample)
mqar_answer_positions[val]: min=16 mean=16.0000 max=16 (expected 16 per sample)
mqar_answer_positions[test]: min=16 mean=16.0000 max=16 (expected 16 per sample)
experiment=mqar_fail_transformer_param_match_v640_seed50 device=cuda:0 out_dir=/home/jovyan/shares/SR008.fs2/nvidenisov/other/repos/mamba/mamba_multi_scale_get_started/outputs/MQARFailureSweep/mqar_fail_transformer_param_match_v640_seed50
mqar data: fixed_examples=True random_baseline_acc≈1/vocab=0.001563 (vocab_size=640)
--- mqar resolved config (sanity) ---
  experiment.name: mqar_fail_transformer_param_match_v640_seed50
  model.backbone: transformer_lm
  model.layer_headdims: —
  model.multiscale.fast_layer_headdims: —
  model.multiscale.slow_layer_headdims: —
  model.multiscale.window_size: —
  model.multiscale.offsets: —
  model.multiscale.summary_mode: —
  model.multiscale.causal_mode: —
  model.multiscale.gate_type: —
  data.input_seq_len: 128
  data.num_kv_pairs: 16
  data.vocab_size: 640
  data.train_examples: 20000  val_examples: 2000  test_examples: 2000
  data.fixed_examples: True
  data.min_query_pos: null
  train.lr: 0.0003
  train.epochs: 20
  num_parameters_trainable: 3131248
  tags(backbone,fusion,stride): transformer_lm, , 
--- end resolved config ---
epoch 1/20 train loss=5.7805 acc=0.0033 em=0.0000 | val loss=5.7847 acc=0.0027 em=0.0000 | random≈0.0016
  saved best_loss.pt (val_answer_loss=5.784657)
  saved best_acc.pt (val_answer_accuracy=0.002687)
epoch 2/20 train loss=5.7738 acc=0.0036 em=0.0000 | val loss=5.7775 acc=0.0033 em=0.0000 | random≈0.0016
  saved best_loss.pt (val_answer_loss=5.777518)
  saved best_acc.pt (val_answer_accuracy=0.003312)
epoch 3/20 train loss=5.4426 acc=0.0665 em=0.0000 | val loss=5.4987 acc=0.0627 em=0.0000 | random≈0.0016
  saved best_loss.pt (val_answer_loss=5.498718)
  saved best_acc.pt (val_answer_accuracy=0.062656)
epoch 4/20 train loss=4.6209 acc=0.0883 em=0.0000 | val loss=4.7421 acc=0.0761 em=0.0000 | random≈0.0016
  saved best_loss.pt (val_answer_loss=4.742062)
  saved best_acc.pt (val_answer_accuracy=0.076125)
epoch 5/20 train loss=4.1285 acc=0.0967 em=0.0000 | val loss=4.3128 acc=0.0781 em=0.0000 | random≈0.0016
  saved best_loss.pt (val_answer_loss=4.312800)
  saved best_acc.pt (val_answer_accuracy=0.078063)
epoch 6/20 train loss=3.8025 acc=0.1056 em=0.0000 | val loss=4.0538 acc=0.0790 em=0.0000 | random≈0.0016
  saved best_loss.pt (val_answer_loss=4.053777)
  saved best_acc.pt (val_answer_accuracy=0.078969)
epoch 7/20 train loss=3.5790 acc=0.1147 em=0.0000 | val loss=3.8923 acc=0.0813 em=0.0000 | random≈0.0016
  saved best_loss.pt (val_answer_loss=3.892300)
  saved best_acc.pt (val_answer_accuracy=0.081312)
epoch 8/20 train loss=3.3699 acc=0.1344 em=0.0000 | val loss=3.7434 acc=0.0886 em=0.0000 | random≈0.0016
  saved best_loss.pt (val_answer_loss=3.743379)
  saved best_acc.pt (val_answer_accuracy=0.088563)
epoch 9/20 train loss=0.0108 acc=0.9992 em=0.9879 | val loss=0.0128 acc=0.9990 em=0.9835 | random≈0.0016
  saved best_loss.pt (val_answer_loss=0.012804)
  saved best_acc.pt (val_answer_accuracy=0.998969)
epoch 10/20 train loss=0.0007 acc=1.0000 em=1.0000 | val loss=0.0007 acc=1.0000 em=1.0000 | random≈0.0016
  saved best_loss.pt (val_answer_loss=0.000723)
  saved best_acc.pt (val_answer_accuracy=1.000000)
epoch 11/20 train loss=0.0003 acc=1.0000 em=1.0000 | val loss=0.0003 acc=1.0000 em=1.0000 | random≈0.0016
  saved best_loss.pt (val_answer_loss=0.000318)
epoch 12/20 train loss=0.0002 acc=1.0000 em=1.0000 | val loss=0.0002 acc=1.0000 em=1.0000 | random≈0.0016
  saved best_loss.pt (val_answer_loss=0.000190)
epoch 13/20 train loss=0.0001 acc=1.0000 em=1.0000 | val loss=0.0001 acc=1.0000 em=1.0000 | random≈0.0016
epoch 14/20 train loss=0.0001 acc=1.0000 em=1.0000 | val loss=0.0001 acc=1.0000 em=1.0000 | random≈0.0016
epoch 15/20 train loss=0.0001 acc=1.0000 em=1.0000 | val loss=0.0001 acc=1.0000 em=1.0000 | random≈0.0016
  saved best_loss.pt (val_answer_loss=0.000080)
epoch 16/20 train loss=0.0001 acc=1.0000 em=1.0000 | val loss=0.0001 acc=1.0000 em=1.0000 | random≈0.0016
epoch 17/20 train loss=0.0000 acc=1.0000 em=1.0000 | val loss=0.0000 acc=1.0000 em=1.0000 | random≈0.0016
epoch 18/20 train loss=0.0000 acc=1.0000 em=1.0000 | val loss=0.0000 acc=1.0000 em=1.0000 | random≈0.0016
epoch 19/20 train loss=0.0000 acc=1.0000 em=1.0000 | val loss=0.0000 acc=1.0000 em=1.0000 | random≈0.0016
early stopping at epoch 19: val answer_loss did not improve by min_delta=0.0001 for 4 epochs
test [best_loss_ckpt] loss=0.000079 acc=1.000000 em=1.000000
test [best_acc_ckpt]  loss=0.000733 acc=1.000000 em=1.000000 random_baseline≈0.001563
done. meta_metrics → /home/jovyan/shares/SR008.fs2/nvidenisov/other/repos/mamba/mamba_multi_scale_get_started/outputs/MQARFailureSweep/mqar_fail_transformer_param_match_v640_seed50/meta_metrics.csv
