mqar_split_hashes: n_train=20000 uniq_train=20000 | n_val=2000 uniq_val=2000 | n_test=2000 uniq_test=2000
mqar_answer_positions[train]: min=16 mean=16.0000 max=16 (expected 16 per sample)
mqar_answer_positions[val]: min=16 mean=16.0000 max=16 (expected 16 per sample)
mqar_answer_positions[test]: min=16 mean=16.0000 max=16 (expected 16 per sample)
experiment=mqar_fail_ms_gated_right_init_v896_seed49 device=cuda:0 out_dir=/home/jovyan/shares/SR008.fs2/nvidenisov/other/repos/mamba/mamba_multi_scale_get_started/outputs/MQARFailureSweep/mqar_fail_ms_gated_right_init_v896_seed49
mqar data: fixed_examples=True random_baseline_acc≈1/vocab=0.001116 (vocab_size=896)
--- mqar resolved config (sanity) ---
  experiment.name: mqar_fail_ms_gated_right_init_v896_seed49
  model.backbone: multiscale_mamba2_lm
  model.layer_headdims: [32, 32, 32, 32]
  model.multiscale.fast_layer_headdims: [32, 32, 32, 32]
  model.multiscale.slow_layer_headdims: [32, 32]
  model.multiscale.window_size: —
  model.multiscale.offsets: —
  model.multiscale.summary_mode: —
  model.multiscale.causal_mode: —
  model.multiscale.gate_type: —
  data.input_seq_len: 128
  data.num_kv_pairs: 16
  data.vocab_size: 896
  data.train_examples: 20000  val_examples: 2000  test_examples: 2000
  data.fixed_examples: True
  data.min_query_pos: null
  train.lr: 0.0003
  train.epochs: 20
  num_parameters_trainable: 3095328
  tags(backbone,fusion,stride): multiscale_mamba2_lm, gated, 2
--- end resolved config ---
epoch 1/20 train loss=6.1090 acc=0.0029 em=0.0000 | val loss=6.1249 acc=0.0026 em=0.0000 | random≈0.0011
  saved best_loss.pt (val_answer_loss=6.124909)
  saved best_acc.pt (val_answer_accuracy=0.002625)
epoch 2/20 train loss=6.0802 acc=0.0057 em=0.0000 | val loss=6.1233 acc=0.0044 em=0.0000 | random≈0.0011
  saved best_loss.pt (val_answer_loss=6.123276)
  saved best_acc.pt (val_answer_accuracy=0.004375)
epoch 3/20 train loss=5.9169 acc=0.0319 em=0.0000 | val loss=6.0795 acc=0.0271 em=0.0000 | random≈0.0011
  saved best_loss.pt (val_answer_loss=6.079459)
  saved best_acc.pt (val_answer_accuracy=0.027125)
epoch 4/20 train loss=5.5547 acc=0.0638 em=0.0000 | val loss=5.9993 acc=0.0428 em=0.0000 | random≈0.0011
  saved best_loss.pt (val_answer_loss=5.999344)
  saved best_acc.pt (val_answer_accuracy=0.042750)
epoch 5/20 train loss=4.8917 acc=0.1389 em=0.0000 | val loss=5.6807 acc=0.0725 em=0.0000 | random≈0.0011
  saved best_loss.pt (val_answer_loss=5.680694)
  saved best_acc.pt (val_answer_accuracy=0.072531)
epoch 6/20 train loss=2.7732 acc=0.5042 em=0.0000 | val loss=3.5034 acc=0.3591 em=0.0000 | random≈0.0011
  saved best_loss.pt (val_answer_loss=3.503417)
  saved best_acc.pt (val_answer_accuracy=0.359094)
epoch 7/20 train loss=0.4487 acc=0.9315 em=0.3244 | val loss=0.7289 acc=0.8524 em=0.0745 | random≈0.0011
  saved best_loss.pt (val_answer_loss=0.728926)
  saved best_acc.pt (val_answer_accuracy=0.852375)
epoch 8/20 train loss=0.0992 acc=0.9895 em=0.8467 | val loss=0.2233 acc=0.9543 em=0.4725 | random≈0.0011
  saved best_loss.pt (val_answer_loss=0.223280)
  saved best_acc.pt (val_answer_accuracy=0.954344)
epoch 9/20 train loss=0.0320 acc=0.9989 em=0.9829 | val loss=0.1085 acc=0.9764 em=0.6820 | random≈0.0011
  saved best_loss.pt (val_answer_loss=0.108543)
  saved best_acc.pt (val_answer_accuracy=0.976437)
epoch 10/20 train loss=0.0140 acc=1.0000 em=0.9998 | val loss=0.0668 acc=0.9865 em=0.8040 | random≈0.0011
  saved best_loss.pt (val_answer_loss=0.066798)
  saved best_acc.pt (val_answer_accuracy=0.986531)
epoch 11/20 train loss=0.0086 acc=1.0000 em=1.0000 | val loss=0.0523 acc=0.9890 em=0.8395 | random≈0.0011
  saved best_loss.pt (val_answer_loss=0.052292)
  saved best_acc.pt (val_answer_accuracy=0.989031)
epoch 12/20 train loss=0.0063 acc=1.0000 em=1.0000 | val loss=0.0444 acc=0.9905 em=0.8605 | random≈0.0011
  saved best_loss.pt (val_answer_loss=0.044410)
  saved best_acc.pt (val_answer_accuracy=0.990469)
epoch 13/20 train loss=0.0048 acc=1.0000 em=1.0000 | val loss=0.0395 acc=0.9914 em=0.8750 | random≈0.0011
  saved best_loss.pt (val_answer_loss=0.039462)
  saved best_acc.pt (val_answer_accuracy=0.991406)
epoch 14/20 train loss=0.0038 acc=1.0000 em=1.0000 | val loss=0.0358 acc=0.9917 em=0.8760 | random≈0.0011
  saved best_loss.pt (val_answer_loss=0.035766)
  saved best_acc.pt (val_answer_accuracy=0.991719)
epoch 15/20 train loss=0.0031 acc=1.0000 em=1.0000 | val loss=0.0330 acc=0.9924 em=0.8900 | random≈0.0011
  saved best_loss.pt (val_answer_loss=0.032964)
  saved best_acc.pt (val_answer_accuracy=0.992406)
epoch 16/20 train loss=0.0026 acc=1.0000 em=1.0000 | val loss=0.0304 acc=0.9928 em=0.8950 | random≈0.0011
  saved best_loss.pt (val_answer_loss=0.030431)
  saved best_acc.pt (val_answer_accuracy=0.992812)
epoch 17/20 train loss=0.0022 acc=1.0000 em=1.0000 | val loss=0.0284 acc=0.9930 em=0.8955 | random≈0.0011
  saved best_loss.pt (val_answer_loss=0.028371)
  saved best_acc.pt (val_answer_accuracy=0.993000)
epoch 18/20 train loss=0.0019 acc=1.0000 em=1.0000 | val loss=0.0265 acc=0.9934 em=0.9030 | random≈0.0011
  saved best_loss.pt (val_answer_loss=0.026533)
  saved best_acc.pt (val_answer_accuracy=0.993437)
epoch 19/20 train loss=0.0016 acc=1.0000 em=1.0000 | val loss=0.0249 acc=0.9941 em=0.9110 | random≈0.0011
  saved best_loss.pt (val_answer_loss=0.024903)
  saved best_acc.pt (val_answer_accuracy=0.994094)
epoch 20/20 train loss=0.0014 acc=1.0000 em=1.0000 | val loss=0.0232 acc=0.9943 em=0.9155 | random≈0.0011
  saved best_loss.pt (val_answer_loss=0.023153)
  saved best_acc.pt (val_answer_accuracy=0.994344)
test [best_loss_ckpt] loss=0.025215 acc=0.993500 em=0.903000
test [best_acc_ckpt]  loss=0.025215 acc=0.993500 em=0.903000 random_baseline≈0.001116
done. meta_metrics → /home/jovyan/shares/SR008.fs2/nvidenisov/other/repos/mamba/mamba_multi_scale_get_started/outputs/MQARFailureSweep/mqar_fail_ms_gated_right_init_v896_seed49/meta_metrics.csv
