mqar_split_hashes: n_train=20000 uniq_train=20000 | n_val=2000 uniq_val=2000 | n_test=2000 uniq_test=2000
mqar_answer_positions[train]: min=16 mean=16.0000 max=16 (expected 16 per sample)
mqar_answer_positions[val]: min=16 mean=16.0000 max=16 (expected 16 per sample)
mqar_answer_positions[test]: min=16 mean=16.0000 max=16 (expected 16 per sample)
experiment=mqar_fail_transformer_param_match_v896_seed49 device=cuda:0 out_dir=/home/jovyan/shares/SR008.fs2/nvidenisov/other/repos/mamba/mamba_multi_scale_get_started/outputs/MQARFailureSweep/mqar_fail_transformer_param_match_v896_seed49
mqar data: fixed_examples=True random_baseline_acc≈1/vocab=0.001116 (vocab_size=896)
--- mqar resolved config (sanity) ---
  experiment.name: mqar_fail_transformer_param_match_v896_seed49
  model.backbone: transformer_lm
  model.layer_headdims: —
  model.multiscale.fast_layer_headdims: —
  model.multiscale.slow_layer_headdims: —
  model.multiscale.window_size: —
  model.multiscale.offsets: —
  model.multiscale.summary_mode: —
  model.multiscale.causal_mode: —
  model.multiscale.gate_type: —
  data.input_seq_len: 128
  data.num_kv_pairs: 16
  data.vocab_size: 896
  data.train_examples: 20000  val_examples: 2000  test_examples: 2000
  data.fixed_examples: True
  data.min_query_pos: null
  train.lr: 0.0003
  train.epochs: 20
  num_parameters_trainable: 3250288
  tags(backbone,fusion,stride): transformer_lm, , 
--- end resolved config ---
epoch 1/20 train loss=6.1173 acc=0.0023 em=0.0000 | val loss=6.1197 acc=0.0020 em=0.0000 | random≈0.0011
  saved best_loss.pt (val_answer_loss=6.119704)
  saved best_acc.pt (val_answer_accuracy=0.002031)
epoch 2/20 train loss=6.1114 acc=0.0024 em=0.0000 | val loss=6.1139 acc=0.0027 em=0.0000 | random≈0.0011
  saved best_loss.pt (val_answer_loss=6.113931)
  saved best_acc.pt (val_answer_accuracy=0.002719)
epoch 3/20 train loss=6.0266 acc=0.0230 em=0.0000 | val loss=6.0610 acc=0.0197 em=0.0000 | random≈0.0011
  saved best_loss.pt (val_answer_loss=6.060956)
  saved best_acc.pt (val_answer_accuracy=0.019688)
epoch 4/20 train loss=5.2433 acc=0.0805 em=0.0000 | val loss=5.3488 acc=0.0717 em=0.0000 | random≈0.0011
  saved best_loss.pt (val_answer_loss=5.348776)
  saved best_acc.pt (val_answer_accuracy=0.071750)
epoch 5/20 train loss=4.6695 acc=0.0917 em=0.0000 | val loss=4.8461 acc=0.0734 em=0.0000 | random≈0.0011
  saved best_loss.pt (val_answer_loss=4.846126)
  saved best_acc.pt (val_answer_accuracy=0.073375)
epoch 6/20 train loss=4.2661 acc=0.1017 em=0.0000 | val loss=4.5209 acc=0.0759 em=0.0000 | random≈0.0011
  saved best_loss.pt (val_answer_loss=4.520929)
  saved best_acc.pt (val_answer_accuracy=0.075938)
epoch 7/20 train loss=3.9624 acc=0.1115 em=0.0000 | val loss=4.2943 acc=0.0773 em=0.0000 | random≈0.0011
  saved best_loss.pt (val_answer_loss=4.294304)
  saved best_acc.pt (val_answer_accuracy=0.077313)
epoch 8/20 train loss=3.7163 acc=0.1229 em=0.0000 | val loss=4.1167 acc=0.0812 em=0.0000 | random≈0.0011
  saved best_loss.pt (val_answer_loss=4.116747)
  saved best_acc.pt (val_answer_accuracy=0.081219)
epoch 9/20 train loss=2.1435 acc=0.5156 em=0.0000 | val loss=2.5386 acc=0.4221 em=0.0000 | random≈0.0011
  saved best_loss.pt (val_answer_loss=2.538641)
  saved best_acc.pt (val_answer_accuracy=0.422063)
epoch 10/20 train loss=0.0017 acc=1.0000 em=1.0000 | val loss=0.0018 acc=1.0000 em=1.0000 | random≈0.0011
  saved best_loss.pt (val_answer_loss=0.001839)
  saved best_acc.pt (val_answer_accuracy=1.000000)
epoch 11/20 train loss=0.0006 acc=1.0000 em=1.0000 | val loss=0.0006 acc=1.0000 em=1.0000 | random≈0.0011
  saved best_loss.pt (val_answer_loss=0.000641)
epoch 12/20 train loss=0.0003 acc=1.0000 em=1.0000 | val loss=0.0004 acc=1.0000 em=1.0000 | random≈0.0011
  saved best_loss.pt (val_answer_loss=0.000355)
epoch 13/20 train loss=0.0002 acc=1.0000 em=1.0000 | val loss=0.0002 acc=1.0000 em=1.0000 | random≈0.0011
  saved best_loss.pt (val_answer_loss=0.000235)
epoch 14/20 train loss=0.0002 acc=1.0000 em=1.0000 | val loss=0.0002 acc=1.0000 em=1.0000 | random≈0.0011
epoch 15/20 train loss=0.0001 acc=1.0000 em=1.0000 | val loss=0.0001 acc=1.0000 em=1.0000 | random≈0.0011
  saved best_loss.pt (val_answer_loss=0.000130)
epoch 16/20 train loss=0.0001 acc=1.0000 em=1.0000 | val loss=0.0001 acc=1.0000 em=1.0000 | random≈0.0011
epoch 17/20 train loss=0.0001 acc=1.0000 em=1.0000 | val loss=0.0001 acc=1.0000 em=1.0000 | random≈0.0011
epoch 18/20 train loss=0.0001 acc=1.0000 em=1.0000 | val loss=0.0001 acc=1.0000 em=1.0000 | random≈0.0011
epoch 19/20 train loss=0.0001 acc=1.0000 em=1.0000 | val loss=0.0001 acc=1.0000 em=1.0000 | random≈0.0011
early stopping at epoch 19: val answer_loss did not improve by min_delta=0.0001 for 4 epochs
test [best_loss_ckpt] loss=0.000131 acc=1.000000 em=1.000000
test [best_acc_ckpt]  loss=0.001847 acc=1.000000 em=1.000000 random_baseline≈0.001116
done. meta_metrics → /home/jovyan/shares/SR008.fs2/nvidenisov/other/repos/mamba/mamba_multi_scale_get_started/outputs/MQARFailureSweep/mqar_fail_transformer_param_match_v896_seed49/meta_metrics.csv
