mqar_split_hashes: n_train=20000 uniq_train=20000 | n_val=2000 uniq_val=2000 | n_test=2000 uniq_test=2000
mqar_answer_positions[train]: min=16 mean=16.0000 max=16 (expected 16 per sample)
mqar_answer_positions[val]: min=16 mean=16.0000 max=16 (expected 16 per sample)
mqar_answer_positions[test]: min=16 mean=16.0000 max=16 (expected 16 per sample)
experiment=mqar_fail_ms_gated_right_init_v1024_seed50 device=cuda:0 out_dir=/home/jovyan/shares/SR008.fs2/nvidenisov/other/repos/mamba/mamba_multi_scale_get_started/outputs/MQARFailureSweep/mqar_fail_ms_gated_right_init_v1024_seed50
mqar data: fixed_examples=True random_baseline_acc≈1/vocab=0.000977 (vocab_size=1024)
--- mqar resolved config (sanity) ---
  experiment.name: mqar_fail_ms_gated_right_init_v1024_seed50
  model.backbone: multiscale_mamba2_lm
  model.layer_headdims: [32, 32, 32, 32]
  model.multiscale.fast_layer_headdims: [32, 32, 32, 32]
  model.multiscale.slow_layer_headdims: [32, 32]
  model.multiscale.window_size: —
  model.multiscale.offsets: —
  model.multiscale.summary_mode: —
  model.multiscale.causal_mode: —
  model.multiscale.gate_type: —
  data.input_seq_len: 128
  data.num_kv_pairs: 16
  data.vocab_size: 1024
  data.train_examples: 20000  val_examples: 2000  test_examples: 2000
  data.fixed_examples: True
  data.min_query_pos: null
  train.lr: 0.0003
  train.epochs: 20
  num_parameters_trainable: 3160992
  tags(backbone,fusion,stride): multiscale_mamba2_lm, gated, 2
--- end resolved config ---
epoch 1/20 train loss=6.2423 acc=0.0025 em=0.0000 | val loss=6.2593 acc=0.0022 em=0.0000 | random≈0.0010
  saved best_loss.pt (val_answer_loss=6.259278)
  saved best_acc.pt (val_answer_accuracy=0.002219)
epoch 2/20 train loss=6.2136 acc=0.0043 em=0.0000 | val loss=6.2633 acc=0.0016 em=0.0000 | random≈0.0010
epoch 3/20 train loss=6.0935 acc=0.0124 em=0.0000 | val loss=6.2835 acc=0.0025 em=0.0000 | random≈0.0010
  saved best_acc.pt (val_answer_accuracy=0.002531)
epoch 4/20 train loss=5.7487 acc=0.0467 em=0.0000 | val loss=6.3309 acc=0.0113 em=0.0000 | random≈0.0010
  saved best_acc.pt (val_answer_accuracy=0.011281)
epoch 5/20 train loss=5.2384 acc=0.1174 em=0.0000 | val loss=6.4330 acc=0.0106 em=0.0000 | random≈0.0010
early stopping at epoch 5: val answer_loss did not improve by min_delta=0.0001 for 4 epochs
test [best_loss_ckpt] loss=6.256550 acc=0.002156 em=0.000000
test [best_acc_ckpt]  loss=6.328733 acc=0.012094 em=0.000000 random_baseline≈0.000977
done. meta_metrics → /home/jovyan/shares/SR008.fs2/nvidenisov/other/repos/mamba/mamba_multi_scale_get_started/outputs/MQARFailureSweep/mqar_fail_ms_gated_right_init_v1024_seed50/meta_metrics.csv
