mqar_split_hashes: n_train=20000 uniq_train=20000 | n_val=2000 uniq_val=2000 | n_test=2000 uniq_test=2000
mqar_answer_positions[train]: min=16 mean=16.0000 max=16 (expected 16 per sample)
mqar_answer_positions[val]: min=16 mean=16.0000 max=16 (expected 16 per sample)
mqar_answer_positions[test]: min=16 mean=16.0000 max=16 (expected 16 per sample)
experiment=mqar_fail_transformer_param_match_v640_seed45 device=cuda:0 out_dir=/home/jovyan/shares/SR008.fs2/nvidenisov/other/repos/mamba/mamba_multi_scale_get_started/outputs/MQARFailureSweep/mqar_fail_transformer_param_match_v640_seed45
mqar data: fixed_examples=True random_baseline_acc≈1/vocab=0.001563 (vocab_size=640)
--- mqar resolved config (sanity) ---
  experiment.name: mqar_fail_transformer_param_match_v640_seed45
  model.backbone: transformer_lm
  model.layer_headdims: —
  model.multiscale.fast_layer_headdims: —
  model.multiscale.slow_layer_headdims: —
  model.multiscale.window_size: —
  model.multiscale.offsets: —
  model.multiscale.summary_mode: —
  model.multiscale.causal_mode: —
  model.multiscale.gate_type: —
  data.input_seq_len: 128
  data.num_kv_pairs: 16
  data.vocab_size: 640
  data.train_examples: 20000  val_examples: 2000  test_examples: 2000
  data.fixed_examples: True
  data.min_query_pos: null
  train.lr: 0.0003
  train.epochs: 20
  num_parameters_trainable: 3131248
  tags(backbone,fusion,stride): transformer_lm, , 
--- end resolved config ---
epoch 1/20 train loss=5.7801 acc=0.0032 em=0.0000 | val loss=5.7828 acc=0.0028 em=0.0000 | random≈0.0016
  saved best_loss.pt (val_answer_loss=5.782776)
  saved best_acc.pt (val_answer_accuracy=0.002781)
epoch 2/20 train loss=5.7739 acc=0.0035 em=0.0000 | val loss=5.7770 acc=0.0035 em=0.0000 | random≈0.0016
  saved best_loss.pt (val_answer_loss=5.777048)
  saved best_acc.pt (val_answer_accuracy=0.003500)
epoch 3/20 train loss=5.4205 acc=0.0664 em=0.0000 | val loss=5.4745 acc=0.0630 em=0.0000 | random≈0.0016
  saved best_loss.pt (val_answer_loss=5.474543)
  saved best_acc.pt (val_answer_accuracy=0.062969)
epoch 4/20 train loss=4.6286 acc=0.0869 em=0.0000 | val loss=4.7427 acc=0.0771 em=0.0000 | random≈0.0016
  saved best_loss.pt (val_answer_loss=4.742719)
  saved best_acc.pt (val_answer_accuracy=0.077063)
epoch 5/20 train loss=4.1293 acc=0.0964 em=0.0000 | val loss=4.3068 acc=0.0783 em=0.0000 | random≈0.0016
  saved best_loss.pt (val_answer_loss=4.306770)
  saved best_acc.pt (val_answer_accuracy=0.078281)
epoch 6/20 train loss=3.8027 acc=0.1048 em=0.0000 | val loss=4.0494 acc=0.0787 em=0.0000 | random≈0.0016
  saved best_loss.pt (val_answer_loss=4.049445)
  saved best_acc.pt (val_answer_accuracy=0.078656)
epoch 7/20 train loss=3.5784 acc=0.1138 em=0.0000 | val loss=3.8856 acc=0.0798 em=0.0000 | random≈0.0016
  saved best_loss.pt (val_answer_loss=3.885619)
  saved best_acc.pt (val_answer_accuracy=0.079750)
epoch 8/20 train loss=3.3639 acc=0.1353 em=0.0000 | val loss=3.7400 acc=0.0883 em=0.0000 | random≈0.0016
  saved best_loss.pt (val_answer_loss=3.740034)
  saved best_acc.pt (val_answer_accuracy=0.088281)
epoch 9/20 train loss=0.0060 acc=0.9996 em=0.9929 | val loss=0.0070 acc=0.9993 em=0.9890 | random≈0.0016
  saved best_loss.pt (val_answer_loss=0.006974)
  saved best_acc.pt (val_answer_accuracy=0.999313)
epoch 10/20 train loss=0.0006 acc=1.0000 em=1.0000 | val loss=0.0007 acc=1.0000 em=1.0000 | random≈0.0016
  saved best_loss.pt (val_answer_loss=0.000695)
  saved best_acc.pt (val_answer_accuracy=1.000000)
epoch 11/20 train loss=0.0003 acc=1.0000 em=1.0000 | val loss=0.0003 acc=1.0000 em=1.0000 | random≈0.0016
  saved best_loss.pt (val_answer_loss=0.000324)
epoch 12/20 train loss=0.0002 acc=1.0000 em=1.0000 | val loss=0.0002 acc=1.0000 em=1.0000 | random≈0.0016
  saved best_loss.pt (val_answer_loss=0.000190)
epoch 13/20 train loss=0.0001 acc=1.0000 em=1.0000 | val loss=0.0001 acc=1.0000 em=1.0000 | random≈0.0016
epoch 14/20 train loss=0.0001 acc=1.0000 em=1.0000 | val loss=0.0001 acc=1.0000 em=1.0000 | random≈0.0016
epoch 15/20 train loss=0.0001 acc=1.0000 em=1.0000 | val loss=0.0001 acc=1.0000 em=1.0000 | random≈0.0016
  saved best_loss.pt (val_answer_loss=0.000080)
epoch 16/20 train loss=0.0001 acc=1.0000 em=1.0000 | val loss=0.0001 acc=1.0000 em=1.0000 | random≈0.0016
epoch 17/20 train loss=0.0000 acc=1.0000 em=1.0000 | val loss=0.0001 acc=1.0000 em=1.0000 | random≈0.0016
epoch 18/20 train loss=0.0000 acc=1.0000 em=1.0000 | val loss=0.0000 acc=1.0000 em=1.0000 | random≈0.0016
epoch 19/20 train loss=0.0000 acc=1.0000 em=1.0000 | val loss=0.0000 acc=1.0000 em=1.0000 | random≈0.0016
early stopping at epoch 19: val answer_loss did not improve by min_delta=0.0001 for 4 epochs
test [best_loss_ckpt] loss=0.000079 acc=1.000000 em=1.000000
test [best_acc_ckpt]  loss=0.000684 acc=1.000000 em=1.000000 random_baseline≈0.001563
done. meta_metrics → /home/jovyan/shares/SR008.fs2/nvidenisov/other/repos/mamba/mamba_multi_scale_get_started/outputs/MQARFailureSweep/mqar_fail_transformer_param_match_v640_seed45/meta_metrics.csv
