mqar_split_hashes: n_train=20000 uniq_train=20000 | n_val=2000 uniq_val=2000 | n_test=2000 uniq_test=2000
mqar_answer_positions[train]: min=16 mean=16.0000 max=16 (expected 16 per sample)
mqar_answer_positions[val]: min=16 mean=16.0000 max=16 (expected 16 per sample)
mqar_answer_positions[test]: min=16 mean=16.0000 max=16 (expected 16 per sample)
experiment=mqar_fail_mamba2_split_ts_50_50_v768_seed43 device=cuda:0 out_dir=/home/jovyan/shares/SR008.fs2/nvidenisov/other/repos/mamba/mamba_multi_scale_get_started/outputs/MQARFailureSweep/mqar_fail_mamba2_split_ts_50_50_v768_seed43
mqar data: fixed_examples=True random_baseline_acc≈1/vocab=0.001302 (vocab_size=768)
--- mqar resolved config (sanity) ---
  experiment.name: mqar_fail_mamba2_split_ts_50_50_v768_seed43
  model.backbone: mamba2_lm
  model.layer_headdims: [32, 32, 32, 32]
  model.multiscale.fast_layer_headdims: —
  model.multiscale.slow_layer_headdims: —
  model.multiscale.window_size: —
  model.multiscale.offsets: —
  model.multiscale.summary_mode: —
  model.multiscale.causal_mode: —
  model.multiscale.gate_type: —
  data.input_seq_len: 128
  data.num_kv_pairs: 16
  data.vocab_size: 768
  data.train_examples: 20000  val_examples: 2000  test_examples: 2000
  data.fixed_examples: True
  data.min_query_pos: null
  train.lr: 0.0003
  train.epochs: 20
  num_parameters_trainable: 2063040
  tags(backbone,fusion,stride): mamba2_lm, , 
--- end resolved config ---
epoch 1/20 train loss=5.9564 acc=0.0033 em=0.0000 | val loss=5.9683 acc=0.0029 em=0.0000 | random≈0.0013
  saved best_loss.pt (val_answer_loss=5.968327)
  saved best_acc.pt (val_answer_accuracy=0.002938)
epoch 2/20 train loss=5.9309 acc=0.0052 em=0.0000 | val loss=5.9681 acc=0.0025 em=0.0000 | random≈0.0013
  saved best_loss.pt (val_answer_loss=5.968112)
epoch 3/20 train loss=5.7852 acc=0.0325 em=0.0000 | val loss=5.9262 acc=0.0264 em=0.0000 | random≈0.0013
  saved best_loss.pt (val_answer_loss=5.926211)
  saved best_acc.pt (val_answer_accuracy=0.026406)
epoch 4/20 train loss=5.4361 acc=0.0714 em=0.0000 | val loss=5.7982 acc=0.0505 em=0.0000 | random≈0.0013
  saved best_loss.pt (val_answer_loss=5.798241)
  saved best_acc.pt (val_answer_accuracy=0.050469)
epoch 5/20 train loss=4.3631 acc=0.2361 em=0.0000 | val loss=4.7906 acc=0.1823 em=0.0000 | random≈0.0013
  saved best_loss.pt (val_answer_loss=4.790640)
  saved best_acc.pt (val_answer_accuracy=0.182281)
epoch 6/20 train loss=0.8550 acc=0.8864 em=0.1385 | val loss=1.0284 acc=0.8472 em=0.0520 | random≈0.0013
  saved best_loss.pt (val_answer_loss=1.028375)
  saved best_acc.pt (val_answer_accuracy=0.847219)
epoch 7/20 train loss=0.0865 acc=0.9935 em=0.9019 | val loss=0.1355 acc=0.9828 em=0.7515 | random≈0.0013
  saved best_loss.pt (val_answer_loss=0.135455)
  saved best_acc.pt (val_answer_accuracy=0.982781)
epoch 8/20 train loss=0.0249 acc=0.9997 em=0.9948 | val loss=0.0517 acc=0.9942 em=0.9125 | random≈0.0013
  saved best_loss.pt (val_answer_loss=0.051717)
  saved best_acc.pt (val_answer_accuracy=0.994250)
epoch 9/20 train loss=0.0121 acc=1.0000 em=0.9999 | val loss=0.0315 acc=0.9966 em=0.9465 | random≈0.0013
  saved best_loss.pt (val_answer_loss=0.031456)
  saved best_acc.pt (val_answer_accuracy=0.996594)
epoch 10/20 train loss=0.0078 acc=1.0000 em=1.0000 | val loss=0.0235 acc=0.9971 em=0.9540 | random≈0.0013
  saved best_loss.pt (val_answer_loss=0.023538)
  saved best_acc.pt (val_answer_accuracy=0.997094)
epoch 11/20 train loss=0.0057 acc=1.0000 em=1.0000 | val loss=0.0196 acc=0.9972 em=0.9565 | random≈0.0013
  saved best_loss.pt (val_answer_loss=0.019586)
epoch 12/20 train loss=0.0044 acc=1.0000 em=1.0000 | val loss=0.0166 acc=0.9975 em=0.9615 | random≈0.0013
  saved best_loss.pt (val_answer_loss=0.016636)
  saved best_acc.pt (val_answer_accuracy=0.997531)
epoch 13/20 train loss=0.0035 acc=1.0000 em=1.0000 | val loss=0.0145 acc=0.9978 em=0.9655 | random≈0.0013
  saved best_loss.pt (val_answer_loss=0.014484)
  saved best_acc.pt (val_answer_accuracy=0.997812)
epoch 14/20 train loss=0.0029 acc=1.0000 em=1.0000 | val loss=0.0129 acc=0.9979 em=0.9675 | random≈0.0013
  saved best_loss.pt (val_answer_loss=0.012858)
  saved best_acc.pt (val_answer_accuracy=0.997938)
epoch 15/20 train loss=0.0024 acc=1.0000 em=1.0000 | val loss=0.0116 acc=0.9981 em=0.9705 | random≈0.0013
  saved best_loss.pt (val_answer_loss=0.011630)
  saved best_acc.pt (val_answer_accuracy=0.998125)
epoch 16/20 train loss=0.0020 acc=1.0000 em=1.0000 | val loss=0.0106 acc=0.9982 em=0.9715 | random≈0.0013
  saved best_loss.pt (val_answer_loss=0.010568)
epoch 17/20 train loss=0.0017 acc=1.0000 em=1.0000 | val loss=0.0096 acc=0.9982 em=0.9725 | random≈0.0013
  saved best_loss.pt (val_answer_loss=0.009621)
  saved best_acc.pt (val_answer_accuracy=0.998250)
epoch 18/20 train loss=0.0015 acc=1.0000 em=1.0000 | val loss=0.0089 acc=0.9983 em=0.9735 | random≈0.0013
  saved best_loss.pt (val_answer_loss=0.008898)
epoch 19/20 train loss=0.0013 acc=1.0000 em=1.0000 | val loss=0.0082 acc=0.9985 em=0.9770 | random≈0.0013
  saved best_loss.pt (val_answer_loss=0.008223)
  saved best_acc.pt (val_answer_accuracy=0.998531)
epoch 20/20 train loss=0.0011 acc=1.0000 em=1.0000 | val loss=0.0077 acc=0.9986 em=0.9775 | random≈0.0013
  saved best_loss.pt (val_answer_loss=0.007668)
test [best_loss_ckpt] loss=0.007415 acc=0.998719 em=0.979500
test [best_acc_ckpt]  loss=0.008010 acc=0.998656 em=0.978500 random_baseline≈0.001302
done. meta_metrics → /home/jovyan/shares/SR008.fs2/nvidenisov/other/repos/mamba/mamba_multi_scale_get_started/outputs/MQARFailureSweep/mqar_fail_mamba2_split_ts_50_50_v768_seed43/meta_metrics.csv
