mqar_split_hashes: n_train=20000 uniq_train=20000 | n_val=2000 uniq_val=2000 | n_test=2000 uniq_test=2000
mqar_answer_positions[train]: min=16 mean=16.0000 max=16 (expected 16 per sample)
mqar_answer_positions[val]: min=16 mean=16.0000 max=16 (expected 16 per sample)
mqar_answer_positions[test]: min=16 mean=16.0000 max=16 (expected 16 per sample)
experiment=mqar_fail_ms_gated_slow_init_v768_seed43 device=cuda:0 out_dir=/home/jovyan/shares/SR008.fs2/nvidenisov/other/repos/mamba/mamba_multi_scale_get_started/outputs/MQARFailureSweep/mqar_fail_ms_gated_slow_init_v768_seed43
mqar data: fixed_examples=True random_baseline_acc≈1/vocab=0.001302 (vocab_size=768)
--- mqar resolved config (sanity) ---
  experiment.name: mqar_fail_ms_gated_slow_init_v768_seed43
  model.backbone: multiscale_mamba2_lm
  model.layer_headdims: [32, 32, 32, 32]
  model.multiscale.fast_layer_headdims: [32, 32, 32, 32]
  model.multiscale.slow_layer_headdims: [32, 32]
  model.multiscale.window_size: —
  model.multiscale.offsets: —
  model.multiscale.summary_mode: —
  model.multiscale.causal_mode: —
  model.multiscale.gate_type: —
  data.input_seq_len: 128
  data.num_kv_pairs: 16
  data.vocab_size: 768
  data.train_examples: 20000  val_examples: 2000  test_examples: 2000
  data.fixed_examples: True
  data.min_query_pos: null
  train.lr: 0.0003
  train.epochs: 20
  num_parameters_trainable: 3029664
  tags(backbone,fusion,stride): multiscale_mamba2_lm, gated, 2
--- end resolved config ---
epoch 1/20 train loss=5.9551 acc=0.0031 em=0.0000 | val loss=5.9691 acc=0.0027 em=0.0000 | random≈0.0013
  saved best_loss.pt (val_answer_loss=5.969129)
  saved best_acc.pt (val_answer_accuracy=0.002750)
epoch 2/20 train loss=5.9240 acc=0.0072 em=0.0000 | val loss=5.9670 acc=0.0049 em=0.0000 | random≈0.0013
  saved best_loss.pt (val_answer_loss=5.967008)
  saved best_acc.pt (val_answer_accuracy=0.004875)
epoch 3/20 train loss=5.7731 acc=0.0315 em=0.0000 | val loss=5.9373 acc=0.0249 em=0.0000 | random≈0.0013
  saved best_loss.pt (val_answer_loss=5.937272)
  saved best_acc.pt (val_answer_accuracy=0.024938)
epoch 4/20 train loss=5.1395 acc=0.1255 em=0.0000 | val loss=5.5489 acc=0.0963 em=0.0000 | random≈0.0013
  saved best_loss.pt (val_answer_loss=5.548863)
  saved best_acc.pt (val_answer_accuracy=0.096312)
epoch 5/20 train loss=2.4004 acc=0.5909 em=0.0001 | val loss=2.7330 acc=0.5196 em=0.0000 | random≈0.0013
  saved best_loss.pt (val_answer_loss=2.732964)
  saved best_acc.pt (val_answer_accuracy=0.519625)
epoch 6/20 train loss=0.4037 acc=0.9443 em=0.4111 | val loss=0.5571 acc=0.9019 em=0.1980 | random≈0.0013
  saved best_loss.pt (val_answer_loss=0.557098)
  saved best_acc.pt (val_answer_accuracy=0.901906)
epoch 7/20 train loss=0.0847 acc=0.9940 em=0.9096 | val loss=0.1569 acc=0.9758 em=0.6775 | random≈0.0013
  saved best_loss.pt (val_answer_loss=0.156854)
  saved best_acc.pt (val_answer_accuracy=0.975750)
epoch 8/20 train loss=0.0276 acc=0.9993 em=0.9892 | val loss=0.0717 acc=0.9878 em=0.8210 | random≈0.0013
  saved best_loss.pt (val_answer_loss=0.071678)
  saved best_acc.pt (val_answer_accuracy=0.987844)
epoch 9/20 train loss=0.0119 acc=1.0000 em=0.9999 | val loss=0.0417 acc=0.9932 em=0.8990 | random≈0.0013
  saved best_loss.pt (val_answer_loss=0.041708)
  saved best_acc.pt (val_answer_accuracy=0.993219)
epoch 10/20 train loss=0.0072 acc=1.0000 em=1.0000 | val loss=0.0313 acc=0.9945 em=0.9175 | random≈0.0013
  saved best_loss.pt (val_answer_loss=0.031332)
  saved best_acc.pt (val_answer_accuracy=0.994531)
epoch 11/20 train loss=0.0052 acc=1.0000 em=1.0000 | val loss=0.0263 acc=0.9952 em=0.9280 | random≈0.0013
  saved best_loss.pt (val_answer_loss=0.026347)
  saved best_acc.pt (val_answer_accuracy=0.995250)
epoch 12/20 train loss=0.0040 acc=1.0000 em=1.0000 | val loss=0.0230 acc=0.9960 em=0.9385 | random≈0.0013
  saved best_loss.pt (val_answer_loss=0.022988)
  saved best_acc.pt (val_answer_accuracy=0.995969)
epoch 13/20 train loss=0.0032 acc=1.0000 em=1.0000 | val loss=0.0207 acc=0.9957 em=0.9350 | random≈0.0013
  saved best_loss.pt (val_answer_loss=0.020678)
epoch 14/20 train loss=0.0026 acc=1.0000 em=1.0000 | val loss=0.0187 acc=0.9962 em=0.9430 | random≈0.0013
  saved best_loss.pt (val_answer_loss=0.018695)
  saved best_acc.pt (val_answer_accuracy=0.996250)
epoch 15/20 train loss=0.0021 acc=1.0000 em=1.0000 | val loss=0.0174 acc=0.9962 em=0.9420 | random≈0.0013
  saved best_loss.pt (val_answer_loss=0.017443)
epoch 16/20 train loss=0.0018 acc=1.0000 em=1.0000 | val loss=0.0160 acc=0.9964 em=0.9460 | random≈0.0013
  saved best_loss.pt (val_answer_loss=0.015975)
  saved best_acc.pt (val_answer_accuracy=0.996437)
epoch 17/20 train loss=0.0015 acc=1.0000 em=1.0000 | val loss=0.0148 acc=0.9967 em=0.9495 | random≈0.0013
  saved best_loss.pt (val_answer_loss=0.014775)
  saved best_acc.pt (val_answer_accuracy=0.996719)
epoch 18/20 train loss=0.0013 acc=1.0000 em=1.0000 | val loss=0.0138 acc=0.9969 em=0.9520 | random≈0.0013
  saved best_loss.pt (val_answer_loss=0.013848)
  saved best_acc.pt (val_answer_accuracy=0.996875)
epoch 19/20 train loss=0.0011 acc=1.0000 em=1.0000 | val loss=0.0131 acc=0.9968 em=0.9515 | random≈0.0013
  saved best_loss.pt (val_answer_loss=0.013149)
epoch 20/20 train loss=0.0010 acc=1.0000 em=1.0000 | val loss=0.0124 acc=0.9968 em=0.9515 | random≈0.0013
  saved best_loss.pt (val_answer_loss=0.012416)
test [best_loss_ckpt] loss=0.011881 acc=0.997344 em=0.959500
test [best_acc_ckpt]  loss=0.013631 acc=0.996906 em=0.953000 random_baseline≈0.001302
done. meta_metrics → /home/jovyan/shares/SR008.fs2/nvidenisov/other/repos/mamba/mamba_multi_scale_get_started/outputs/MQARFailureSweep/mqar_fail_ms_gated_slow_init_v768_seed43/meta_metrics.csv
