mqar_split_hashes: n_train=20000 uniq_train=20000 | n_val=2000 uniq_val=2000 | n_test=2000 uniq_test=2000
mqar_answer_positions[train]: min=16 mean=16.0000 max=16 (expected 16 per sample)
mqar_answer_positions[val]: min=16 mean=16.0000 max=16 (expected 16 per sample)
mqar_answer_positions[test]: min=16 mean=16.0000 max=16 (expected 16 per sample)
experiment=mqar_fail_transformer_param_match_v640_seed47 device=cuda:0 out_dir=/home/jovyan/shares/SR008.fs2/nvidenisov/other/repos/mamba/mamba_multi_scale_get_started/outputs/MQARFailureSweep/mqar_fail_transformer_param_match_v640_seed47
mqar data: fixed_examples=True random_baseline_acc≈1/vocab=0.001563 (vocab_size=640)
--- mqar resolved config (sanity) ---
  experiment.name: mqar_fail_transformer_param_match_v640_seed47
  model.backbone: transformer_lm
  model.layer_headdims: —
  model.multiscale.fast_layer_headdims: —
  model.multiscale.slow_layer_headdims: —
  model.multiscale.window_size: —
  model.multiscale.offsets: —
  model.multiscale.summary_mode: —
  model.multiscale.causal_mode: —
  model.multiscale.gate_type: —
  data.input_seq_len: 128
  data.num_kv_pairs: 16
  data.vocab_size: 640
  data.train_examples: 20000  val_examples: 2000  test_examples: 2000
  data.fixed_examples: True
  data.min_query_pos: null
  train.lr: 0.0003
  train.epochs: 20
  num_parameters_trainable: 3131248
  tags(backbone,fusion,stride): transformer_lm, , 
--- end resolved config ---
epoch 1/20 train loss=5.7802 acc=0.0033 em=0.0000 | val loss=5.7821 acc=0.0033 em=0.0000 | random≈0.0016
  saved best_loss.pt (val_answer_loss=5.782062)
  saved best_acc.pt (val_answer_accuracy=0.003312)
epoch 2/20 train loss=5.7736 acc=0.0034 em=0.0000 | val loss=5.7769 acc=0.0037 em=0.0000 | random≈0.0016
  saved best_loss.pt (val_answer_loss=5.776940)
  saved best_acc.pt (val_answer_accuracy=0.003656)
epoch 3/20 train loss=5.4083 acc=0.0685 em=0.0000 | val loss=5.4557 acc=0.0647 em=0.0000 | random≈0.0016
  saved best_loss.pt (val_answer_loss=5.455740)
  saved best_acc.pt (val_answer_accuracy=0.064719)
epoch 4/20 train loss=4.6169 acc=0.0868 em=0.0000 | val loss=4.7323 acc=0.0772 em=0.0000 | random≈0.0016
  saved best_loss.pt (val_answer_loss=4.732341)
  saved best_acc.pt (val_answer_accuracy=0.077156)
epoch 5/20 train loss=4.1252 acc=0.0960 em=0.0000 | val loss=4.3088 acc=0.0752 em=0.0000 | random≈0.0016
  saved best_loss.pt (val_answer_loss=4.308826)
epoch 6/20 train loss=3.7944 acc=0.1046 em=0.0000 | val loss=4.0446 acc=0.0805 em=0.0000 | random≈0.0016
  saved best_loss.pt (val_answer_loss=4.044642)
  saved best_acc.pt (val_answer_accuracy=0.080469)
epoch 7/20 train loss=3.5566 acc=0.1153 em=0.0000 | val loss=3.8737 acc=0.0819 em=0.0000 | random≈0.0016
  saved best_loss.pt (val_answer_loss=3.873657)
  saved best_acc.pt (val_answer_accuracy=0.081906)
epoch 8/20 train loss=1.3493 acc=0.6886 em=0.0022 | val loss=1.5688 acc=0.6320 em=0.0000 | random≈0.0016
  saved best_loss.pt (val_answer_loss=1.568840)
  saved best_acc.pt (val_answer_accuracy=0.632031)
epoch 9/20 train loss=0.0013 acc=1.0000 em=1.0000 | val loss=0.0014 acc=1.0000 em=1.0000 | random≈0.0016
  saved best_loss.pt (val_answer_loss=0.001444)
  saved best_acc.pt (val_answer_accuracy=1.000000)
epoch 10/20 train loss=0.0004 acc=1.0000 em=1.0000 | val loss=0.0005 acc=1.0000 em=1.0000 | random≈0.0016
  saved best_loss.pt (val_answer_loss=0.000475)
epoch 11/20 train loss=0.0002 acc=1.0000 em=1.0000 | val loss=0.0003 acc=1.0000 em=1.0000 | random≈0.0016
  saved best_loss.pt (val_answer_loss=0.000264)
epoch 12/20 train loss=0.0002 acc=1.0000 em=1.0000 | val loss=0.0002 acc=1.0000 em=1.0000 | random≈0.0016
epoch 13/20 train loss=0.0001 acc=1.0000 em=1.0000 | val loss=0.0001 acc=1.0000 em=1.0000 | random≈0.0016
  saved best_loss.pt (val_answer_loss=0.000122)
epoch 14/20 train loss=0.0001 acc=1.0000 em=1.0000 | val loss=0.0001 acc=1.0000 em=1.0000 | random≈0.0016
epoch 15/20 train loss=0.0001 acc=1.0000 em=1.0000 | val loss=0.0001 acc=1.0000 em=1.0000 | random≈0.0016
epoch 16/20 train loss=0.0001 acc=1.0000 em=1.0000 | val loss=0.0001 acc=1.0000 em=1.0000 | random≈0.0016
epoch 17/20 train loss=0.0000 acc=1.0000 em=1.0000 | val loss=0.0001 acc=1.0000 em=1.0000 | random≈0.0016
early stopping at epoch 17: val answer_loss did not improve by min_delta=0.0001 for 4 epochs
test [best_loss_ckpt] loss=0.000122 acc=1.000000 em=1.000000
test [best_acc_ckpt]  loss=0.001449 acc=1.000000 em=1.000000 random_baseline≈0.001563
done. meta_metrics → /home/jovyan/shares/SR008.fs2/nvidenisov/other/repos/mamba/mamba_multi_scale_get_started/outputs/MQARFailureSweep/mqar_fail_transformer_param_match_v640_seed47/meta_metrics.csv
