mqar_split_hashes: n_train=20000 uniq_train=20000 | n_val=2000 uniq_val=2000 | n_test=2000 uniq_test=2000
mqar_answer_positions[train]: min=16 mean=16.0000 max=16 (expected 16 per sample)
mqar_answer_positions[val]: min=16 mean=16.0000 max=16 (expected 16 per sample)
mqar_answer_positions[test]: min=16 mean=16.0000 max=16 (expected 16 per sample)
experiment=mqar_fail_mamba2_slow_init_v2048_seed42 device=cuda:0 out_dir=/home/jovyan/shares/SR008.fs2/nvidenisov/other/repos/mamba/mamba_multi_scale_get_started/outputs/MQARFailureSweep/mqar_fail_mamba2_slow_init_v2048_seed42
mqar data: fixed_examples=True random_baseline_acc≈1/vocab=0.000488 (vocab_size=2048)
--- mqar resolved config (sanity) ---
  experiment.name: mqar_fail_mamba2_slow_init_v2048_seed42
  model.backbone: mamba2_lm
  model.layer_headdims: [32, 32, 32, 32]
  model.multiscale.fast_layer_headdims: —
  model.multiscale.slow_layer_headdims: —
  model.multiscale.window_size: —
  model.multiscale.offsets: —
  model.multiscale.summary_mode: —
  model.multiscale.causal_mode: —
  model.multiscale.gate_type: —
  data.input_seq_len: 128
  data.num_kv_pairs: 16
  data.vocab_size: 2048
  data.train_examples: 20000  val_examples: 2000  test_examples: 2000
  data.fixed_examples: True
  data.min_query_pos: null
  train.lr: 0.0003
  train.epochs: 20
  num_parameters_trainable: 2719680
  tags(backbone,fusion,stride): mamba2_lm, , 
--- end resolved config ---
epoch 1/20 train loss=6.9381 acc=0.0013 em=0.0000 | val loss=6.9576 acc=0.0011 em=0.0000 | random≈0.0005
  saved best_loss.pt (val_answer_loss=6.957645)
  saved best_acc.pt (val_answer_accuracy=0.001125)
epoch 2/20 train loss=6.9066 acc=0.0021 em=0.0000 | val loss=6.9589 acc=0.0013 em=0.0000 | random≈0.0005
  saved best_acc.pt (val_answer_accuracy=0.001344)
epoch 3/20 train loss=6.7809 acc=0.0071 em=0.0000 | val loss=6.9841 acc=0.0010 em=0.0000 | random≈0.0005
epoch 4/20 train loss=6.4484 acc=0.0297 em=0.0000 | val loss=7.0649 acc=0.0010 em=0.0000 | random≈0.0005
epoch 5/20 train loss=6.0370 acc=0.0751 em=0.0000 | val loss=7.1587 acc=0.0008 em=0.0000 | random≈0.0005
early stopping at epoch 5: val answer_loss did not improve by min_delta=0.0001 for 4 epochs
test [best_loss_ckpt] loss=6.955992 acc=0.000937 em=0.000000
test [best_acc_ckpt]  loss=6.960324 acc=0.000937 em=0.000000 random_baseline≈0.000488
done. meta_metrics → /home/jovyan/shares/SR008.fs2/nvidenisov/other/repos/mamba/mamba_multi_scale_get_started/outputs/MQARFailureSweep/mqar_fail_mamba2_slow_init_v2048_seed42/meta_metrics.csv
