mqar_split_hashes: n_train=20000 uniq_train=20000 | n_val=2000 uniq_val=2000 | n_test=2000 uniq_test=2000
mqar_answer_positions[train]: min=16 mean=16.0000 max=16 (expected 16 per sample)
mqar_answer_positions[val]: min=16 mean=16.0000 max=16 (expected 16 per sample)
mqar_answer_positions[test]: min=16 mean=16.0000 max=16 (expected 16 per sample)
experiment=mqar_fail_mamba2_split_ts_slow_veryslow_v768_seed51 device=cuda:0 out_dir=/home/jovyan/shares/SR008.fs2/nvidenisov/other/repos/mamba/mamba_multi_scale_get_started/outputs/MQARFailureSweep/mqar_fail_mamba2_split_ts_slow_veryslow_v768_seed51
mqar data: fixed_examples=True random_baseline_acc≈1/vocab=0.001302 (vocab_size=768)
--- mqar resolved config (sanity) ---
  experiment.name: mqar_fail_mamba2_split_ts_slow_veryslow_v768_seed51
  model.backbone: mamba2_lm
  model.layer_headdims: [32, 32, 32, 32]
  model.multiscale.fast_layer_headdims: —
  model.multiscale.slow_layer_headdims: —
  model.multiscale.window_size: —
  model.multiscale.offsets: —
  model.multiscale.summary_mode: —
  model.multiscale.causal_mode: —
  model.multiscale.gate_type: —
  data.input_seq_len: 128
  data.num_kv_pairs: 16
  data.vocab_size: 768
  data.train_examples: 20000  val_examples: 2000  test_examples: 2000
  data.fixed_examples: True
  data.min_query_pos: null
  train.lr: 0.0003
  train.epochs: 20
  num_parameters_trainable: 2063040
  tags(backbone,fusion,stride): mamba2_lm, , 
--- end resolved config ---
epoch 1/20 train loss=5.9559 acc=0.0032 em=0.0000 | val loss=5.9692 acc=0.0028 em=0.0000 | random≈0.0013
  saved best_loss.pt (val_answer_loss=5.969175)
  saved best_acc.pt (val_answer_accuracy=0.002844)
epoch 2/20 train loss=5.9275 acc=0.0052 em=0.0000 | val loss=5.9652 acc=0.0028 em=0.0000 | random≈0.0013
  saved best_loss.pt (val_answer_loss=5.965157)
epoch 3/20 train loss=5.5732 acc=0.0526 em=0.0000 | val loss=5.7487 acc=0.0403 em=0.0000 | random≈0.0013
  saved best_loss.pt (val_answer_loss=5.748735)
  saved best_acc.pt (val_answer_accuracy=0.040344)
epoch 4/20 train loss=4.7658 acc=0.0970 em=0.0000 | val loss=5.0717 acc=0.0650 em=0.0000 | random≈0.0013
  saved best_loss.pt (val_answer_loss=5.071709)
  saved best_acc.pt (val_answer_accuracy=0.065031)
epoch 5/20 train loss=1.6278 acc=0.6565 em=0.0005 | val loss=1.8359 acc=0.6019 em=0.0000 | random≈0.0013
  saved best_loss.pt (val_answer_loss=1.835886)
  saved best_acc.pt (val_answer_accuracy=0.601875)
epoch 6/20 train loss=0.1849 acc=0.9740 em=0.6595 | val loss=0.2546 acc=0.9535 em=0.4580 | random≈0.0013
  saved best_loss.pt (val_answer_loss=0.254620)
  saved best_acc.pt (val_answer_accuracy=0.953531)
epoch 7/20 train loss=0.0343 acc=0.9988 em=0.9805 | val loss=0.0680 acc=0.9899 em=0.8465 | random≈0.0013
  saved best_loss.pt (val_answer_loss=0.067973)
  saved best_acc.pt (val_answer_accuracy=0.989938)
epoch 8/20 train loss=0.0134 acc=1.0000 em=0.9999 | val loss=0.0363 acc=0.9947 em=0.9195 | random≈0.0013
  saved best_loss.pt (val_answer_loss=0.036317)
  saved best_acc.pt (val_answer_accuracy=0.994719)
epoch 9/20 train loss=0.0077 acc=1.0000 em=1.0000 | val loss=0.0259 acc=0.9958 em=0.9360 | random≈0.0013
  saved best_loss.pt (val_answer_loss=0.025886)
  saved best_acc.pt (val_answer_accuracy=0.995812)
epoch 10/20 train loss=0.0053 acc=1.0000 em=1.0000 | val loss=0.0206 acc=0.9966 em=0.9470 | random≈0.0013
  saved best_loss.pt (val_answer_loss=0.020587)
  saved best_acc.pt (val_answer_accuracy=0.996563)
epoch 11/20 train loss=0.0040 acc=1.0000 em=1.0000 | val loss=0.0176 acc=0.9969 em=0.9515 | random≈0.0013
  saved best_loss.pt (val_answer_loss=0.017603)
  saved best_acc.pt (val_answer_accuracy=0.996875)
epoch 12/20 train loss=0.0032 acc=1.0000 em=1.0000 | val loss=0.0152 acc=0.9974 em=0.9595 | random≈0.0013
  saved best_loss.pt (val_answer_loss=0.015185)
  saved best_acc.pt (val_answer_accuracy=0.997375)
epoch 13/20 train loss=0.0026 acc=1.0000 em=1.0000 | val loss=0.0134 acc=0.9974 em=0.9600 | random≈0.0013
  saved best_loss.pt (val_answer_loss=0.013363)
epoch 14/20 train loss=0.0021 acc=1.0000 em=1.0000 | val loss=0.0121 acc=0.9978 em=0.9650 | random≈0.0013
  saved best_loss.pt (val_answer_loss=0.012074)
  saved best_acc.pt (val_answer_accuracy=0.997781)
epoch 15/20 train loss=0.0018 acc=1.0000 em=1.0000 | val loss=0.0111 acc=0.9978 em=0.9660 | random≈0.0013
  saved best_loss.pt (val_answer_loss=0.011081)
epoch 16/20 train loss=0.0015 acc=1.0000 em=1.0000 | val loss=0.0100 acc=0.9980 em=0.9690 | random≈0.0013
  saved best_loss.pt (val_answer_loss=0.009989)
  saved best_acc.pt (val_answer_accuracy=0.998031)
epoch 17/20 train loss=0.0013 acc=1.0000 em=1.0000 | val loss=0.0093 acc=0.9982 em=0.9715 | random≈0.0013
  saved best_loss.pt (val_answer_loss=0.009298)
  saved best_acc.pt (val_answer_accuracy=0.998188)
epoch 18/20 train loss=0.0011 acc=1.0000 em=1.0000 | val loss=0.0085 acc=0.9983 em=0.9745 | random≈0.0013
  saved best_loss.pt (val_answer_loss=0.008534)
  saved best_acc.pt (val_answer_accuracy=0.998344)
epoch 19/20 train loss=0.0010 acc=1.0000 em=1.0000 | val loss=0.0080 acc=0.9984 em=0.9745 | random≈0.0013
  saved best_loss.pt (val_answer_loss=0.007984)
epoch 20/20 train loss=0.0009 acc=1.0000 em=1.0000 | val loss=0.0075 acc=0.9984 em=0.9750 | random≈0.0013
  saved best_loss.pt (val_answer_loss=0.007484)
test [best_loss_ckpt] loss=0.006729 acc=0.998625 em=0.978500
test [best_acc_ckpt]  loss=0.007903 acc=0.998437 em=0.975500 random_baseline≈0.001302
done. meta_metrics → /home/jovyan/shares/SR008.fs2/nvidenisov/other/repos/mamba/mamba_multi_scale_get_started/outputs/MQARFailureSweep/mqar_fail_mamba2_split_ts_slow_veryslow_v768_seed51/meta_metrics.csv
