mqar_split_hashes: n_train=20000 uniq_train=20000 | n_val=2000 uniq_val=2000 | n_test=2000 uniq_test=2000
mqar_answer_positions[train]: min=16 mean=16.0000 max=16 (expected 16 per sample)
mqar_answer_positions[val]: min=16 mean=16.0000 max=16 (expected 16 per sample)
mqar_answer_positions[test]: min=16 mean=16.0000 max=16 (expected 16 per sample)
experiment=mqar_fail_transformer_param_match_v1024_seed44 device=cuda:0 out_dir=/home/jovyan/shares/SR008.fs2/nvidenisov/other/repos/mamba/mamba_multi_scale_get_started/outputs/MQARFailureSweep/mqar_fail_transformer_param_match_v1024_seed44
mqar data: fixed_examples=True random_baseline_acc≈1/vocab=0.000977 (vocab_size=1024)
--- mqar resolved config (sanity) ---
  experiment.name: mqar_fail_transformer_param_match_v1024_seed44
  model.backbone: transformer_lm
  model.layer_headdims: —
  model.multiscale.fast_layer_headdims: —
  model.multiscale.slow_layer_headdims: —
  model.multiscale.window_size: —
  model.multiscale.offsets: —
  model.multiscale.summary_mode: —
  model.multiscale.causal_mode: —
  model.multiscale.gate_type: —
  data.input_seq_len: 128
  data.num_kv_pairs: 16
  data.vocab_size: 1024
  data.train_examples: 20000  val_examples: 2000  test_examples: 2000
  data.fixed_examples: True
  data.min_query_pos: null
  train.lr: 0.0003
  train.epochs: 20
  num_parameters_trainable: 3309808
  tags(backbone,fusion,stride): transformer_lm, , 
--- end resolved config ---
epoch 1/20 train loss=6.2517 acc=0.0020 em=0.0000 | val loss=6.2541 acc=0.0019 em=0.0000 | random≈0.0010
  saved best_loss.pt (val_answer_loss=6.254125)
  saved best_acc.pt (val_answer_accuracy=0.001906)
epoch 2/20 train loss=6.2464 acc=0.0021 em=0.0000 | val loss=6.2505 acc=0.0022 em=0.0000 | random≈0.0010
  saved best_loss.pt (val_answer_loss=6.250474)
  saved best_acc.pt (val_answer_accuracy=0.002156)
epoch 3/20 train loss=6.2301 acc=0.0030 em=0.0000 | val loss=6.2398 acc=0.0027 em=0.0000 | random≈0.0010
  saved best_loss.pt (val_answer_loss=6.239785)
  saved best_acc.pt (val_answer_accuracy=0.002750)
epoch 4/20 train loss=5.5833 acc=0.0750 em=0.0000 | val loss=5.6786 acc=0.0683 em=0.0000 | random≈0.0010
  saved best_loss.pt (val_answer_loss=5.678614)
  saved best_acc.pt (val_answer_accuracy=0.068344)
epoch 5/20 train loss=4.9634 acc=0.0899 em=0.0000 | val loss=5.1355 acc=0.0773 em=0.0000 | random≈0.0010
  saved best_loss.pt (val_answer_loss=5.135539)
  saved best_acc.pt (val_answer_accuracy=0.077344)
epoch 6/20 train loss=4.5133 acc=0.0993 em=0.0000 | val loss=4.7610 acc=0.0750 em=0.0000 | random≈0.0010
  saved best_loss.pt (val_answer_loss=4.761049)
epoch 7/20 train loss=4.1725 acc=0.1078 em=0.0000 | val loss=4.4936 acc=0.0763 em=0.0000 | random≈0.0010
  saved best_loss.pt (val_answer_loss=4.493609)
epoch 8/20 train loss=3.9099 acc=0.1180 em=0.0000 | val loss=4.3155 acc=0.0790 em=0.0000 | random≈0.0010
  saved best_loss.pt (val_answer_loss=4.315453)
  saved best_acc.pt (val_answer_accuracy=0.079031)
epoch 9/20 train loss=3.6200 acc=0.1499 em=0.0000 | val loss=4.1134 acc=0.0938 em=0.0000 | random≈0.0010
  saved best_loss.pt (val_answer_loss=4.113421)
  saved best_acc.pt (val_answer_accuracy=0.093750)
epoch 10/20 train loss=0.0103 acc=0.9992 em=0.9872 | val loss=0.0120 acc=0.9990 em=0.9840 | random≈0.0010
  saved best_loss.pt (val_answer_loss=0.012049)
  saved best_acc.pt (val_answer_accuracy=0.999000)
epoch 11/20 train loss=0.0009 acc=1.0000 em=1.0000 | val loss=0.0010 acc=1.0000 em=1.0000 | random≈0.0010
  saved best_loss.pt (val_answer_loss=0.001007)
  saved best_acc.pt (val_answer_accuracy=1.000000)
epoch 12/20 train loss=0.0004 acc=1.0000 em=1.0000 | val loss=0.0005 acc=1.0000 em=1.0000 | random≈0.0010
  saved best_loss.pt (val_answer_loss=0.000485)
epoch 13/20 train loss=0.0003 acc=1.0000 em=1.0000 | val loss=0.0003 acc=1.0000 em=1.0000 | random≈0.0010
  saved best_loss.pt (val_answer_loss=0.000286)
epoch 14/20 train loss=0.0002 acc=1.0000 em=1.0000 | val loss=0.0002 acc=1.0000 em=1.0000 | random≈0.0010
epoch 15/20 train loss=0.0001 acc=1.0000 em=1.0000 | val loss=0.0001 acc=1.0000 em=1.0000 | random≈0.0010
  saved best_loss.pt (val_answer_loss=0.000144)
epoch 16/20 train loss=0.0001 acc=1.0000 em=1.0000 | val loss=0.0001 acc=1.0000 em=1.0000 | random≈0.0010
epoch 17/20 train loss=0.0001 acc=1.0000 em=1.0000 | val loss=0.0001 acc=1.0000 em=1.0000 | random≈0.0010
epoch 18/20 train loss=0.0001 acc=1.0000 em=1.0000 | val loss=0.0001 acc=1.0000 em=1.0000 | random≈0.0010
epoch 19/20 train loss=0.0000 acc=1.0000 em=1.0000 | val loss=0.0001 acc=1.0000 em=1.0000 | random≈0.0010
early stopping at epoch 19: val answer_loss did not improve by min_delta=0.0001 for 4 epochs
test [best_loss_ckpt] loss=0.000136 acc=1.000000 em=1.000000
test [best_acc_ckpt]  loss=0.001056 acc=0.999969 em=0.999500 random_baseline≈0.000977
done. meta_metrics → /home/jovyan/shares/SR008.fs2/nvidenisov/other/repos/mamba/mamba_multi_scale_get_started/outputs/MQARFailureSweep/mqar_fail_transformer_param_match_v1024_seed44/meta_metrics.csv
