mqar_split_hashes: n_train=20000 uniq_train=20000 | n_val=2000 uniq_val=2000 | n_test=2000 uniq_test=2000
mqar_answer_positions[train]: min=16 mean=16.0000 max=16 (expected 16 per sample)
mqar_answer_positions[val]: min=16 mean=16.0000 max=16 (expected 16 per sample)
mqar_answer_positions[test]: min=16 mean=16.0000 max=16 (expected 16 per sample)
experiment=mqar_fail_ms_gated_right_init_v640_seed51 device=cuda:0 out_dir=/home/jovyan/shares/SR008.fs2/nvidenisov/other/repos/mamba/mamba_multi_scale_get_started/outputs/MQARFailureSweep/mqar_fail_ms_gated_right_init_v640_seed51
mqar data: fixed_examples=True random_baseline_acc≈1/vocab=0.001563 (vocab_size=640)
--- mqar resolved config (sanity) ---
  experiment.name: mqar_fail_ms_gated_right_init_v640_seed51
  model.backbone: multiscale_mamba2_lm
  model.layer_headdims: [32, 32, 32, 32]
  model.multiscale.fast_layer_headdims: [32, 32, 32, 32]
  model.multiscale.slow_layer_headdims: [32, 32]
  model.multiscale.window_size: —
  model.multiscale.offsets: —
  model.multiscale.summary_mode: —
  model.multiscale.causal_mode: —
  model.multiscale.gate_type: —
  data.input_seq_len: 128
  data.num_kv_pairs: 16
  data.vocab_size: 640
  data.train_examples: 20000  val_examples: 2000  test_examples: 2000
  data.fixed_examples: True
  data.min_query_pos: null
  train.lr: 0.0003
  train.epochs: 20
  num_parameters_trainable: 2964000
  tags(backbone,fusion,stride): multiscale_mamba2_lm, gated, 2
--- end resolved config ---
epoch 1/20 train loss=5.7723 acc=0.0039 em=0.0000 | val loss=5.7862 acc=0.0029 em=0.0000 | random≈0.0016
  saved best_loss.pt (val_answer_loss=5.786245)
  saved best_acc.pt (val_answer_accuracy=0.002875)
epoch 2/20 train loss=5.7388 acc=0.0085 em=0.0000 | val loss=5.7833 acc=0.0057 em=0.0000 | random≈0.0016
  saved best_loss.pt (val_answer_loss=5.783254)
  saved best_acc.pt (val_answer_accuracy=0.005687)
epoch 3/20 train loss=5.5173 acc=0.0472 em=0.0000 | val loss=5.6926 acc=0.0390 em=0.0000 | random≈0.0016
  saved best_loss.pt (val_answer_loss=5.692610)
  saved best_acc.pt (val_answer_accuracy=0.039031)
epoch 4/20 train loss=4.9716 acc=0.1161 em=0.0000 | val loss=5.3971 acc=0.0838 em=0.0000 | random≈0.0016
  saved best_loss.pt (val_answer_loss=5.397121)
  saved best_acc.pt (val_answer_accuracy=0.083750)
epoch 5/20 train loss=2.3844 acc=0.5353 em=0.0000 | val loss=2.7674 acc=0.4524 em=0.0000 | random≈0.0016
  saved best_loss.pt (val_answer_loss=2.767446)
  saved best_acc.pt (val_answer_accuracy=0.452375)
epoch 6/20 train loss=0.4277 acc=0.9244 em=0.2875 | val loss=0.6181 acc=0.8648 em=0.0900 | random≈0.0016
  saved best_loss.pt (val_answer_loss=0.618093)
  saved best_acc.pt (val_answer_accuracy=0.864781)
epoch 7/20 train loss=0.0824 acc=0.9918 em=0.8775 | val loss=0.1604 acc=0.9701 em=0.6130 | random≈0.0016
  saved best_loss.pt (val_answer_loss=0.160399)
  saved best_acc.pt (val_answer_accuracy=0.970063)
epoch 8/20 train loss=0.0251 acc=0.9993 em=0.9888 | val loss=0.0701 acc=0.9866 em=0.8055 | random≈0.0016
  saved best_loss.pt (val_answer_loss=0.070067)
  saved best_acc.pt (val_answer_accuracy=0.986563)
epoch 9/20 train loss=0.0107 acc=1.0000 em=0.9999 | val loss=0.0413 acc=0.9924 em=0.8860 | random≈0.0016
  saved best_loss.pt (val_answer_loss=0.041334)
  saved best_acc.pt (val_answer_accuracy=0.992375)
epoch 10/20 train loss=0.0065 acc=1.0000 em=1.0000 | val loss=0.0308 acc=0.9942 em=0.9125 | random≈0.0016
  saved best_loss.pt (val_answer_loss=0.030787)
  saved best_acc.pt (val_answer_accuracy=0.994156)
epoch 11/20 train loss=0.0047 acc=1.0000 em=1.0000 | val loss=0.0260 acc=0.9948 em=0.9205 | random≈0.0016
  saved best_loss.pt (val_answer_loss=0.025973)
  saved best_acc.pt (val_answer_accuracy=0.994812)
epoch 12/20 train loss=0.0036 acc=1.0000 em=1.0000 | val loss=0.0223 acc=0.9956 em=0.9320 | random≈0.0016
  saved best_loss.pt (val_answer_loss=0.022316)
  saved best_acc.pt (val_answer_accuracy=0.995563)
epoch 13/20 train loss=0.0029 acc=1.0000 em=1.0000 | val loss=0.0201 acc=0.9956 em=0.9330 | random≈0.0016
  saved best_loss.pt (val_answer_loss=0.020071)
epoch 14/20 train loss=0.0024 acc=1.0000 em=1.0000 | val loss=0.0181 acc=0.9958 em=0.9350 | random≈0.0016
  saved best_loss.pt (val_answer_loss=0.018104)
  saved best_acc.pt (val_answer_accuracy=0.995781)
epoch 15/20 train loss=0.0020 acc=1.0000 em=1.0000 | val loss=0.0165 acc=0.9964 em=0.9435 | random≈0.0016
  saved best_loss.pt (val_answer_loss=0.016468)
  saved best_acc.pt (val_answer_accuracy=0.996375)
epoch 16/20 train loss=0.0017 acc=1.0000 em=1.0000 | val loss=0.0152 acc=0.9964 em=0.9450 | random≈0.0016
  saved best_loss.pt (val_answer_loss=0.015234)
epoch 17/20 train loss=0.0014 acc=1.0000 em=1.0000 | val loss=0.0138 acc=0.9969 em=0.9520 | random≈0.0016
  saved best_loss.pt (val_answer_loss=0.013820)
  saved best_acc.pt (val_answer_accuracy=0.996906)
epoch 18/20 train loss=0.0012 acc=1.0000 em=1.0000 | val loss=0.0128 acc=0.9969 em=0.9510 | random≈0.0016
  saved best_loss.pt (val_answer_loss=0.012848)
epoch 19/20 train loss=0.0010 acc=1.0000 em=1.0000 | val loss=0.0122 acc=0.9971 em=0.9545 | random≈0.0016
  saved best_loss.pt (val_answer_loss=0.012221)
  saved best_acc.pt (val_answer_accuracy=0.997125)
epoch 20/20 train loss=0.0009 acc=1.0000 em=1.0000 | val loss=0.0114 acc=0.9972 em=0.9560 | random≈0.0016
  saved best_loss.pt (val_answer_loss=0.011373)
test [best_loss_ckpt] loss=0.011962 acc=0.996938 em=0.952500
test [best_acc_ckpt]  loss=0.012694 acc=0.996812 em=0.950500 random_baseline≈0.001563
done. meta_metrics → /home/jovyan/shares/SR008.fs2/nvidenisov/other/repos/mamba/mamba_multi_scale_get_started/outputs/MQARFailureSweep/mqar_fail_ms_gated_right_init_v640_seed51/meta_metrics.csv
