mqar_split_hashes: n_train=20000 uniq_train=20000 | n_val=2000 uniq_val=2000 | n_test=2000 uniq_test=2000
mqar_answer_positions[train]: min=16 mean=16.0000 max=16 (expected 16 per sample)
mqar_answer_positions[val]: min=16 mean=16.0000 max=16 (expected 16 per sample)
mqar_answer_positions[test]: min=16 mean=16.0000 max=16 (expected 16 per sample)
experiment=mqar_fail_ms_gated_right_init_v768_seed48 device=cuda:0 out_dir=/home/jovyan/shares/SR008.fs2/nvidenisov/other/repos/mamba/mamba_multi_scale_get_started/outputs/MQARFailureSweep/mqar_fail_ms_gated_right_init_v768_seed48
mqar data: fixed_examples=True random_baseline_acc≈1/vocab=0.001302 (vocab_size=768)
--- mqar resolved config (sanity) ---
  experiment.name: mqar_fail_ms_gated_right_init_v768_seed48
  model.backbone: multiscale_mamba2_lm
  model.layer_headdims: [32, 32, 32, 32]
  model.multiscale.fast_layer_headdims: [32, 32, 32, 32]
  model.multiscale.slow_layer_headdims: [32, 32]
  model.multiscale.window_size: —
  model.multiscale.offsets: —
  model.multiscale.summary_mode: —
  model.multiscale.causal_mode: —
  model.multiscale.gate_type: —
  data.input_seq_len: 128
  data.num_kv_pairs: 16
  data.vocab_size: 768
  data.train_examples: 20000  val_examples: 2000  test_examples: 2000
  data.fixed_examples: True
  data.min_query_pos: null
  train.lr: 0.0003
  train.epochs: 20
  num_parameters_trainable: 3029664
  tags(backbone,fusion,stride): multiscale_mamba2_lm, gated, 2
--- end resolved config ---
epoch 1/20 train loss=5.9560 acc=0.0034 em=0.0000 | val loss=5.9693 acc=0.0025 em=0.0000 | random≈0.0013
  saved best_loss.pt (val_answer_loss=5.969261)
  saved best_acc.pt (val_answer_accuracy=0.002531)
epoch 2/20 train loss=5.9274 acc=0.0053 em=0.0000 | val loss=5.9716 acc=0.0023 em=0.0000 | random≈0.0013
epoch 3/20 train loss=5.7857 acc=0.0241 em=0.0000 | val loss=5.9673 acc=0.0151 em=0.0000 | random≈0.0013
  saved best_loss.pt (val_answer_loss=5.967320)
  saved best_acc.pt (val_answer_accuracy=0.015062)
epoch 4/20 train loss=5.4016 acc=0.0630 em=0.0000 | val loss=5.9383 acc=0.0333 em=0.0000 | random≈0.0013
  saved best_loss.pt (val_answer_loss=5.938289)
  saved best_acc.pt (val_answer_accuracy=0.033281)
epoch 5/20 train loss=4.8241 acc=0.1328 em=0.0000 | val loss=5.8662 acc=0.0399 em=0.0000 | random≈0.0013
  saved best_loss.pt (val_answer_loss=5.866232)
  saved best_acc.pt (val_answer_accuracy=0.039906)
epoch 6/20 train loss=4.0933 acc=0.2404 em=0.0000 | val loss=5.6965 acc=0.0432 em=0.0000 | random≈0.0013
  saved best_loss.pt (val_answer_loss=5.696517)
  saved best_acc.pt (val_answer_accuracy=0.043156)
epoch 7/20 train loss=3.2245 acc=0.3971 em=0.0000 | val loss=5.3400 acc=0.0666 em=0.0000 | random≈0.0013
  saved best_loss.pt (val_answer_loss=5.339997)
  saved best_acc.pt (val_answer_accuracy=0.066562)
epoch 8/20 train loss=1.4074 acc=0.7108 em=0.0037 | val loss=3.1289 acc=0.2991 em=0.0000 | random≈0.0013
  saved best_loss.pt (val_answer_loss=3.128885)
  saved best_acc.pt (val_answer_accuracy=0.299063)
epoch 9/20 train loss=0.4211 acc=0.9247 em=0.3015 | val loss=1.5628 acc=0.5936 em=0.0005 | random≈0.0013
  saved best_loss.pt (val_answer_loss=1.562763)
  saved best_acc.pt (val_answer_accuracy=0.593562)
epoch 10/20 train loss=0.1433 acc=0.9864 em=0.8067 | val loss=1.0184 acc=0.7124 em=0.0040 | random≈0.0013
  saved best_loss.pt (val_answer_loss=1.018445)
  saved best_acc.pt (val_answer_accuracy=0.712437)
epoch 11/20 train loss=0.0551 acc=0.9979 em=0.9669 | val loss=0.7663 acc=0.7788 em=0.0160 | random≈0.0013
  saved best_loss.pt (val_answer_loss=0.766274)
  saved best_acc.pt (val_answer_accuracy=0.778781)
epoch 12/20 train loss=0.0244 acc=1.0000 em=0.9994 | val loss=0.6894 acc=0.7956 em=0.0230 | random≈0.0013
  saved best_loss.pt (val_answer_loss=0.689407)
  saved best_acc.pt (val_answer_accuracy=0.795594)
epoch 13/20 train loss=0.0133 acc=1.0000 em=1.0000 | val loss=0.6619 acc=0.8040 em=0.0265 | random≈0.0013
  saved best_loss.pt (val_answer_loss=0.661947)
  saved best_acc.pt (val_answer_accuracy=0.803969)
epoch 14/20 train loss=0.0093 acc=1.0000 em=1.0000 | val loss=0.6453 acc=0.8123 em=0.0305 | random≈0.0013
  saved best_loss.pt (val_answer_loss=0.645281)
  saved best_acc.pt (val_answer_accuracy=0.812312)
epoch 15/20 train loss=0.0071 acc=1.0000 em=1.0000 | val loss=0.6320 acc=0.8161 em=0.0345 | random≈0.0013
  saved best_loss.pt (val_answer_loss=0.632038)
  saved best_acc.pt (val_answer_accuracy=0.816125)
epoch 16/20 train loss=0.0056 acc=1.0000 em=1.0000 | val loss=0.6264 acc=0.8210 em=0.0350 | random≈0.0013
  saved best_loss.pt (val_answer_loss=0.626355)
  saved best_acc.pt (val_answer_accuracy=0.821031)
epoch 17/20 train loss=0.0046 acc=1.0000 em=1.0000 | val loss=0.6141 acc=0.8252 em=0.0390 | random≈0.0013
  saved best_loss.pt (val_answer_loss=0.614063)
  saved best_acc.pt (val_answer_accuracy=0.825219)
epoch 18/20 train loss=0.0038 acc=1.0000 em=1.0000 | val loss=0.6093 acc=0.8289 em=0.0435 | random≈0.0013
  saved best_loss.pt (val_answer_loss=0.609290)
  saved best_acc.pt (val_answer_accuracy=0.828937)
epoch 19/20 train loss=0.0032 acc=1.0000 em=1.0000 | val loss=0.6026 acc=0.8325 em=0.0460 | random≈0.0013
  saved best_loss.pt (val_answer_loss=0.602638)
  saved best_acc.pt (val_answer_accuracy=0.832531)
epoch 20/20 train loss=0.0027 acc=1.0000 em=1.0000 | val loss=0.5950 acc=0.8356 em=0.0480 | random≈0.0013
  saved best_loss.pt (val_answer_loss=0.595036)
  saved best_acc.pt (val_answer_accuracy=0.835625)
test [best_loss_ckpt] loss=0.600333 acc=0.831156 em=0.054000
test [best_acc_ckpt]  loss=0.600333 acc=0.831156 em=0.054000 random_baseline≈0.001302
done. meta_metrics → /home/jovyan/shares/SR008.fs2/nvidenisov/other/repos/mamba/mamba_multi_scale_get_started/outputs/MQARFailureSweep/mqar_fail_ms_gated_right_init_v768_seed48/meta_metrics.csv
