mqar_split_hashes: n_train=20000 uniq_train=20000 | n_val=2000 uniq_val=2000 | n_test=2000 uniq_test=2000
mqar_answer_positions[train]: min=16 mean=16.0000 max=16 (expected 16 per sample)
mqar_answer_positions[val]: min=16 mean=16.0000 max=16 (expected 16 per sample)
mqar_answer_positions[test]: min=16 mean=16.0000 max=16 (expected 16 per sample)
experiment=mqar_fail_transformer_param_match_v1280_seed47 device=cuda:0 out_dir=/home/jovyan/shares/SR008.fs2/nvidenisov/other/repos/mamba/mamba_multi_scale_get_started/outputs/MQARFailureSweep/mqar_fail_transformer_param_match_v1280_seed47
mqar data: fixed_examples=True random_baseline_acc≈1/vocab=0.000781 (vocab_size=1280)
--- mqar resolved config (sanity) ---
  experiment.name: mqar_fail_transformer_param_match_v1280_seed47
  model.backbone: transformer_lm
  model.layer_headdims: —
  model.multiscale.fast_layer_headdims: —
  model.multiscale.slow_layer_headdims: —
  model.multiscale.window_size: —
  model.multiscale.offsets: —
  model.multiscale.summary_mode: —
  model.multiscale.causal_mode: —
  model.multiscale.gate_type: —
  data.input_seq_len: 128
  data.num_kv_pairs: 16
  data.vocab_size: 1280
  data.train_examples: 20000  val_examples: 2000  test_examples: 2000
  data.fixed_examples: True
  data.min_query_pos: null
  train.lr: 0.0003
  train.epochs: 20
  num_parameters_trainable: 3428848
  tags(backbone,fusion,stride): transformer_lm, , 
--- end resolved config ---
epoch 1/20 train loss=6.4744 acc=0.0018 em=0.0000 | val loss=6.4785 acc=0.0013 em=0.0000 | random≈0.0008
  saved best_loss.pt (val_answer_loss=6.478531)
  saved best_acc.pt (val_answer_accuracy=0.001313)
epoch 2/20 train loss=6.4703 acc=0.0018 em=0.0000 | val loss=6.4759 acc=0.0016 em=0.0000 | random≈0.0008
  saved best_loss.pt (val_answer_loss=6.475876)
  saved best_acc.pt (val_answer_accuracy=0.001563)
epoch 3/20 train loss=6.4621 acc=0.0020 em=0.0000 | val loss=6.4698 acc=0.0017 em=0.0000 | random≈0.0008
  saved best_loss.pt (val_answer_loss=6.469806)
  saved best_acc.pt (val_answer_accuracy=0.001719)
epoch 4/20 train loss=5.9961 acc=0.0671 em=0.0000 | val loss=6.0844 acc=0.0615 em=0.0000 | random≈0.0008
  saved best_loss.pt (val_answer_loss=6.084377)
  saved best_acc.pt (val_answer_accuracy=0.061500)
epoch 5/20 train loss=5.3839 acc=0.0854 em=0.0000 | val loss=5.5486 acc=0.0734 em=0.0000 | random≈0.0008
  saved best_loss.pt (val_answer_loss=5.548638)
  saved best_acc.pt (val_answer_accuracy=0.073438)
epoch 6/20 train loss=4.9114 acc=0.0951 em=0.0000 | val loss=5.1554 acc=0.0741 em=0.0000 | random≈0.0008
  saved best_loss.pt (val_answer_loss=5.155406)
  saved best_acc.pt (val_answer_accuracy=0.074125)
epoch 7/20 train loss=4.5341 acc=0.1052 em=0.0000 | val loss=4.8639 acc=0.0758 em=0.0000 | random≈0.0008
  saved best_loss.pt (val_answer_loss=4.863854)
  saved best_acc.pt (val_answer_accuracy=0.075781)
epoch 8/20 train loss=4.2251 acc=0.1154 em=0.0000 | val loss=4.6430 acc=0.0774 em=0.0000 | random≈0.0008
  saved best_loss.pt (val_answer_loss=4.643043)
  saved best_acc.pt (val_answer_accuracy=0.077406)
epoch 9/20 train loss=3.9745 acc=0.1251 em=0.0000 | val loss=4.4757 acc=0.0791 em=0.0000 | random≈0.0008
  saved best_loss.pt (val_answer_loss=4.475699)
  saved best_acc.pt (val_answer_accuracy=0.079062)
epoch 10/20 train loss=3.7230 acc=0.1478 em=0.0000 | val loss=4.3222 acc=0.0868 em=0.0000 | random≈0.0008
  saved best_loss.pt (val_answer_loss=4.322168)
  saved best_acc.pt (val_answer_accuracy=0.086781)
epoch 11/20 train loss=0.0517 acc=0.9924 em=0.8852 | val loss=0.0681 acc=0.9902 em=0.8545 | random≈0.0008
  saved best_loss.pt (val_answer_loss=0.068106)
  saved best_acc.pt (val_answer_accuracy=0.990156)
epoch 12/20 train loss=0.0012 acc=1.0000 em=0.9996 | val loss=0.0015 acc=0.9999 em=0.9990 | random≈0.0008
  saved best_loss.pt (val_answer_loss=0.001508)
  saved best_acc.pt (val_answer_accuracy=0.999938)
epoch 13/20 train loss=0.0005 acc=1.0000 em=1.0000 | val loss=0.0006 acc=1.0000 em=1.0000 | random≈0.0008
  saved best_loss.pt (val_answer_loss=0.000551)
epoch 14/20 train loss=0.0003 acc=1.0000 em=1.0000 | val loss=0.0003 acc=1.0000 em=1.0000 | random≈0.0008
  saved best_loss.pt (val_answer_loss=0.000327)
epoch 15/20 train loss=0.0002 acc=1.0000 em=1.0000 | val loss=0.0002 acc=1.0000 em=1.0000 | random≈0.0008
  saved best_loss.pt (val_answer_loss=0.000215)
epoch 16/20 train loss=0.0001 acc=1.0000 em=1.0000 | val loss=0.0002 acc=1.0000 em=1.0000 | random≈0.0008
epoch 17/20 train loss=0.0001 acc=1.0000 em=1.0000 | val loss=0.0001 acc=1.0000 em=1.0000 | random≈0.0008
epoch 18/20 train loss=0.0001 acc=1.0000 em=1.0000 | val loss=0.0001 acc=1.0000 em=1.0000 | random≈0.0008
  saved best_loss.pt (val_answer_loss=0.000097)
epoch 19/20 train loss=0.0001 acc=1.0000 em=1.0000 | val loss=0.0001 acc=1.0000 em=1.0000 | random≈0.0008
epoch 20/20 train loss=0.0001 acc=1.0000 em=1.0000 | val loss=0.0001 acc=1.0000 em=1.0000 | random≈0.0008
test [best_loss_ckpt] loss=0.000097 acc=1.000000 em=1.000000
test [best_acc_ckpt]  loss=0.001275 acc=1.000000 em=1.000000 random_baseline≈0.000781
done. meta_metrics → /home/jovyan/shares/SR008.fs2/nvidenisov/other/repos/mamba/mamba_multi_scale_get_started/outputs/MQARFailureSweep/mqar_fail_transformer_param_match_v1280_seed47/meta_metrics.csv
