mqar_split_hashes: n_train=20000 uniq_train=20000 | n_val=2000 uniq_val=2000 | n_test=2000 uniq_test=2000
mqar_answer_positions[train]: min=16 mean=16.0000 max=16 (expected 16 per sample)
mqar_answer_positions[val]: min=16 mean=16.0000 max=16 (expected 16 per sample)
mqar_answer_positions[test]: min=16 mean=16.0000 max=16 (expected 16 per sample)
experiment=mqar_fail_mamba2_slow_init_v512_seed44 device=cuda:0 out_dir=/home/jovyan/shares/SR008.fs2/nvidenisov/other/repos/mamba/mamba_multi_scale_get_started/outputs/MQARFailureSweep/mqar_fail_mamba2_slow_init_v512_seed44
mqar data: fixed_examples=True random_baseline_acc≈1/vocab=0.001953 (vocab_size=512)
--- mqar resolved config (sanity) ---
  experiment.name: mqar_fail_mamba2_slow_init_v512_seed44
  model.backbone: mamba2_lm
  model.layer_headdims: [32, 32, 32, 32]
  model.multiscale.fast_layer_headdims: —
  model.multiscale.slow_layer_headdims: —
  model.multiscale.window_size: —
  model.multiscale.offsets: —
  model.multiscale.summary_mode: —
  model.multiscale.causal_mode: —
  model.multiscale.gate_type: —
  data.input_seq_len: 128
  data.num_kv_pairs: 16
  data.vocab_size: 512
  data.train_examples: 20000  val_examples: 2000  test_examples: 2000
  data.fixed_examples: True
  data.min_query_pos: null
  train.lr: 0.0003
  train.epochs: 20
  num_parameters_trainable: 1931712
  tags(backbone,fusion,stride): mamba2_lm, , 
--- end resolved config ---
epoch 1/20 train loss=5.5488 acc=0.0049 em=0.0000 | val loss=5.5596 acc=0.0044 em=0.0000 | random≈0.0020
  saved best_loss.pt (val_answer_loss=5.559648)
  saved best_acc.pt (val_answer_accuracy=0.004375)
epoch 2/20 train loss=5.4736 acc=0.0301 em=0.0000 | val loss=5.5155 acc=0.0276 em=0.0000 | random≈0.0020
  saved best_loss.pt (val_answer_loss=5.515517)
  saved best_acc.pt (val_answer_accuracy=0.027625)
epoch 3/20 train loss=5.1663 acc=0.0647 em=0.0000 | val loss=5.3151 acc=0.0541 em=0.0000 | random≈0.0020
  saved best_loss.pt (val_answer_loss=5.315114)
  saved best_acc.pt (val_answer_accuracy=0.054062)
epoch 4/20 train loss=3.1994 acc=0.3852 em=0.0000 | val loss=3.3822 acc=0.3499 em=0.0000 | random≈0.0020
  saved best_loss.pt (val_answer_loss=3.382217)
  saved best_acc.pt (val_answer_accuracy=0.349875)
epoch 5/20 train loss=0.3776 acc=0.9360 em=0.3489 | val loss=0.4548 acc=0.9116 em=0.2480 | random≈0.0020
  saved best_loss.pt (val_answer_loss=0.454769)
  saved best_acc.pt (val_answer_accuracy=0.911594)
epoch 6/20 train loss=0.0697 acc=0.9920 em=0.8810 | val loss=0.1066 acc=0.9804 em=0.7305 | random≈0.0020
  saved best_loss.pt (val_answer_loss=0.106600)
  saved best_acc.pt (val_answer_accuracy=0.980406)
epoch 7/20 train loss=0.0199 acc=0.9995 em=0.9921 | val loss=0.0439 acc=0.9921 em=0.8830 | random≈0.0020
  saved best_loss.pt (val_answer_loss=0.043922)
  saved best_acc.pt (val_answer_accuracy=0.992125)
epoch 8/20 train loss=0.0089 acc=1.0000 em=0.9997 | val loss=0.0273 acc=0.9952 em=0.9270 | random≈0.0020
  saved best_loss.pt (val_answer_loss=0.027277)
  saved best_acc.pt (val_answer_accuracy=0.995156)
epoch 9/20 train loss=0.0052 acc=1.0000 em=1.0000 | val loss=0.0202 acc=0.9965 em=0.9480 | random≈0.0020
  saved best_loss.pt (val_answer_loss=0.020157)
  saved best_acc.pt (val_answer_accuracy=0.996469)
epoch 10/20 train loss=0.0037 acc=1.0000 em=1.0000 | val loss=0.0171 acc=0.9966 em=0.9485 | random≈0.0020
  saved best_loss.pt (val_answer_loss=0.017088)
  saved best_acc.pt (val_answer_accuracy=0.996594)
epoch 11/20 train loss=0.0028 acc=1.0000 em=1.0000 | val loss=0.0153 acc=0.9967 em=0.9485 | random≈0.0020
  saved best_loss.pt (val_answer_loss=0.015348)
epoch 12/20 train loss=0.0022 acc=1.0000 em=1.0000 | val loss=0.0139 acc=0.9970 em=0.9550 | random≈0.0020
  saved best_loss.pt (val_answer_loss=0.013891)
  saved best_acc.pt (val_answer_accuracy=0.997031)
epoch 13/20 train loss=0.0018 acc=1.0000 em=1.0000 | val loss=0.0130 acc=0.9971 em=0.9565 | random≈0.0020
  saved best_loss.pt (val_answer_loss=0.013003)
epoch 14/20 train loss=0.0015 acc=1.0000 em=1.0000 | val loss=0.0121 acc=0.9972 em=0.9580 | random≈0.0020
  saved best_loss.pt (val_answer_loss=0.012096)
  saved best_acc.pt (val_answer_accuracy=0.997219)
epoch 15/20 train loss=0.0012 acc=1.0000 em=1.0000 | val loss=0.0113 acc=0.9973 em=0.9590 | random≈0.0020
  saved best_loss.pt (val_answer_loss=0.011332)
epoch 16/20 train loss=0.0010 acc=1.0000 em=1.0000 | val loss=0.0107 acc=0.9972 em=0.9580 | random≈0.0020
  saved best_loss.pt (val_answer_loss=0.010683)
epoch 17/20 train loss=0.0009 acc=1.0000 em=1.0000 | val loss=0.0102 acc=0.9974 em=0.9610 | random≈0.0020
  saved best_loss.pt (val_answer_loss=0.010220)
  saved best_acc.pt (val_answer_accuracy=0.997437)
epoch 18/20 train loss=0.0008 acc=1.0000 em=1.0000 | val loss=0.0097 acc=0.9975 em=0.9615 | random≈0.0020
  saved best_loss.pt (val_answer_loss=0.009703)
epoch 19/20 train loss=0.0007 acc=1.0000 em=1.0000 | val loss=0.0094 acc=0.9976 em=0.9620 | random≈0.0020
  saved best_loss.pt (val_answer_loss=0.009410)
  saved best_acc.pt (val_answer_accuracy=0.997594)
epoch 20/20 train loss=0.0006 acc=1.0000 em=1.0000 | val loss=0.0089 acc=0.9978 em=0.9660 | random≈0.0020
  saved best_loss.pt (val_answer_loss=0.008937)
  saved best_acc.pt (val_answer_accuracy=0.997781)
test [best_loss_ckpt] loss=0.008503 acc=0.997906 em=0.967000
test [best_acc_ckpt]  loss=0.008503 acc=0.997906 em=0.967000 random_baseline≈0.001953
done. meta_metrics → /home/jovyan/shares/SR008.fs2/nvidenisov/other/repos/mamba/mamba_multi_scale_get_started/outputs/MQARFailureSweep/mqar_fail_mamba2_slow_init_v512_seed44/meta_metrics.csv
