mqar_split_hashes: n_train=20000 uniq_train=20000 | n_val=2000 uniq_val=2000 | n_test=2000 uniq_test=2000
mqar_answer_positions[train]: min=16 mean=16.0000 max=16 (expected 16 per sample)
mqar_answer_positions[val]: min=16 mean=16.0000 max=16 (expected 16 per sample)
mqar_answer_positions[test]: min=16 mean=16.0000 max=16 (expected 16 per sample)
experiment=mqar_fail_ms_gated_right_init_v512_seed42 device=cuda:0 out_dir=/home/jovyan/shares/SR008.fs2/nvidenisov/other/repos/mamba/mamba_multi_scale_get_started/outputs/MQARFailureSweep/mqar_fail_ms_gated_right_init_v512_seed42
mqar data: fixed_examples=True random_baseline_acc≈1/vocab=0.001953 (vocab_size=512)
--- mqar resolved config (sanity) ---
  experiment.name: mqar_fail_ms_gated_right_init_v512_seed42
  model.backbone: multiscale_mamba2_lm
  model.layer_headdims: [32, 32, 32, 32]
  model.multiscale.fast_layer_headdims: [32, 32, 32, 32]
  model.multiscale.slow_layer_headdims: [32, 32]
  model.multiscale.window_size: —
  model.multiscale.offsets: —
  model.multiscale.summary_mode: —
  model.multiscale.causal_mode: —
  model.multiscale.gate_type: —
  data.input_seq_len: 128
  data.num_kv_pairs: 16
  data.vocab_size: 512
  data.train_examples: 20000  val_examples: 2000  test_examples: 2000
  data.fixed_examples: True
  data.min_query_pos: null
  train.lr: 0.0003
  train.epochs: 20
  num_parameters_trainable: 2898336
  tags(backbone,fusion,stride): multiscale_mamba2_lm, gated, 2
--- end resolved config ---
epoch 1/20 train loss=5.5488 acc=0.0050 em=0.0000 | val loss=5.5608 acc=0.0042 em=0.0000 | random≈0.0020
  saved best_loss.pt (val_answer_loss=5.560814)
  saved best_acc.pt (val_answer_accuracy=0.004188)
epoch 2/20 train loss=5.4395 acc=0.0379 em=0.0000 | val loss=5.4891 acc=0.0363 em=0.0000 | random≈0.0020
  saved best_loss.pt (val_answer_loss=5.489079)
  saved best_acc.pt (val_answer_accuracy=0.036344)
epoch 3/20 train loss=5.0926 acc=0.0682 em=0.0000 | val loss=5.2525 acc=0.0570 em=0.0000 | random≈0.0020
  saved best_loss.pt (val_answer_loss=5.252529)
  saved best_acc.pt (val_answer_accuracy=0.057000)
epoch 4/20 train loss=3.1515 acc=0.3967 em=0.0000 | val loss=3.3816 acc=0.3574 em=0.0000 | random≈0.0020
  saved best_loss.pt (val_answer_loss=3.381563)
  saved best_acc.pt (val_answer_accuracy=0.357438)
epoch 5/20 train loss=0.3582 acc=0.9472 em=0.4203 | val loss=0.4555 acc=0.9189 em=0.2530 | random≈0.0020
  saved best_loss.pt (val_answer_loss=0.455478)
  saved best_acc.pt (val_answer_accuracy=0.918937)
epoch 6/20 train loss=0.0452 acc=0.9972 em=0.9559 | val loss=0.0776 acc=0.9893 em=0.8430 | random≈0.0020
  saved best_loss.pt (val_answer_loss=0.077608)
  saved best_acc.pt (val_answer_accuracy=0.989281)
epoch 7/20 train loss=0.0138 acc=0.9999 em=0.9989 | val loss=0.0327 acc=0.9956 em=0.9305 | random≈0.0020
  saved best_loss.pt (val_answer_loss=0.032670)
  saved best_acc.pt (val_answer_accuracy=0.995594)
epoch 8/20 train loss=0.0069 acc=1.0000 em=0.9999 | val loss=0.0204 acc=0.9974 em=0.9585 | random≈0.0020
  saved best_loss.pt (val_answer_loss=0.020424)
  saved best_acc.pt (val_answer_accuracy=0.997375)
epoch 9/20 train loss=0.0045 acc=1.0000 em=1.0000 | val loss=0.0153 acc=0.9978 em=0.9645 | random≈0.0020
  saved best_loss.pt (val_answer_loss=0.015313)
  saved best_acc.pt (val_answer_accuracy=0.997750)
epoch 10/20 train loss=0.0033 acc=1.0000 em=1.0000 | val loss=0.0126 acc=0.9982 em=0.9715 | random≈0.0020
  saved best_loss.pt (val_answer_loss=0.012567)
  saved best_acc.pt (val_answer_accuracy=0.998219)
epoch 11/20 train loss=0.0026 acc=1.0000 em=1.0000 | val loss=0.0108 acc=0.9983 em=0.9740 | random≈0.0020
  saved best_loss.pt (val_answer_loss=0.010809)
  saved best_acc.pt (val_answer_accuracy=0.998344)
epoch 12/20 train loss=0.0021 acc=1.0000 em=1.0000 | val loss=0.0095 acc=0.9984 em=0.9740 | random≈0.0020
  saved best_loss.pt (val_answer_loss=0.009531)
epoch 13/20 train loss=0.0017 acc=1.0000 em=1.0000 | val loss=0.0084 acc=0.9985 em=0.9765 | random≈0.0020
  saved best_loss.pt (val_answer_loss=0.008413)
  saved best_acc.pt (val_answer_accuracy=0.998531)
epoch 14/20 train loss=0.0014 acc=1.0000 em=1.0000 | val loss=0.0076 acc=0.9986 em=0.9780 | random≈0.0020
  saved best_loss.pt (val_answer_loss=0.007572)
epoch 15/20 train loss=0.0012 acc=1.0000 em=1.0000 | val loss=0.0068 acc=0.9988 em=0.9810 | random≈0.0020
  saved best_loss.pt (val_answer_loss=0.006830)
  saved best_acc.pt (val_answer_accuracy=0.998812)
epoch 16/20 train loss=0.0010 acc=1.0000 em=1.0000 | val loss=0.0063 acc=0.9989 em=0.9825 | random≈0.0020
  saved best_loss.pt (val_answer_loss=0.006302)
epoch 17/20 train loss=0.0009 acc=1.0000 em=1.0000 | val loss=0.0057 acc=0.9990 em=0.9835 | random≈0.0020
  saved best_loss.pt (val_answer_loss=0.005681)
  saved best_acc.pt (val_answer_accuracy=0.998969)
epoch 18/20 train loss=0.0008 acc=1.0000 em=1.0000 | val loss=0.0053 acc=0.9990 em=0.9835 | random≈0.0020
  saved best_loss.pt (val_answer_loss=0.005270)
epoch 19/20 train loss=0.0007 acc=1.0000 em=1.0000 | val loss=0.0049 acc=0.9991 em=0.9855 | random≈0.0020
  saved best_loss.pt (val_answer_loss=0.004912)
  saved best_acc.pt (val_answer_accuracy=0.999094)
epoch 20/20 train loss=0.0006 acc=1.0000 em=1.0000 | val loss=0.0045 acc=0.9992 em=0.9865 | random≈0.0020
  saved best_loss.pt (val_answer_loss=0.004530)
test [best_loss_ckpt] loss=0.005596 acc=0.998563 em=0.977000
test [best_acc_ckpt]  loss=0.006098 acc=0.998469 em=0.975500 random_baseline≈0.001953
done. meta_metrics → /home/jovyan/shares/SR008.fs2/nvidenisov/other/repos/mamba/mamba_multi_scale_get_started/outputs/MQARFailureSweep/mqar_fail_ms_gated_right_init_v512_seed42/meta_metrics.csv
