mqar_split_hashes: n_train=20000 uniq_train=20000 | n_val=2000 uniq_val=2000 | n_test=2000 uniq_test=2000
mqar_answer_positions[train]: min=16 mean=16.0000 max=16 (expected 16 per sample)
mqar_answer_positions[val]: min=16 mean=16.0000 max=16 (expected 16 per sample)
mqar_answer_positions[test]: min=16 mean=16.0000 max=16 (expected 16 per sample)
experiment=mqar_fail_mamba2_slow_init_v896_seed49 device=cuda:0 out_dir=/home/jovyan/shares/SR008.fs2/nvidenisov/other/repos/mamba/mamba_multi_scale_get_started/outputs/MQARFailureSweep/mqar_fail_mamba2_slow_init_v896_seed49
mqar data: fixed_examples=True random_baseline_acc≈1/vocab=0.001116 (vocab_size=896)
--- mqar resolved config (sanity) ---
  experiment.name: mqar_fail_mamba2_slow_init_v896_seed49
  model.backbone: mamba2_lm
  model.layer_headdims: [32, 32, 32, 32]
  model.multiscale.fast_layer_headdims: —
  model.multiscale.slow_layer_headdims: —
  model.multiscale.window_size: —
  model.multiscale.offsets: —
  model.multiscale.summary_mode: —
  model.multiscale.causal_mode: —
  model.multiscale.gate_type: —
  data.input_seq_len: 128
  data.num_kv_pairs: 16
  data.vocab_size: 896
  data.train_examples: 20000  val_examples: 2000  test_examples: 2000
  data.fixed_examples: True
  data.min_query_pos: null
  train.lr: 0.0003
  train.epochs: 20
  num_parameters_trainable: 2128704
  tags(backbone,fusion,stride): mamba2_lm, , 
--- end resolved config ---
epoch 1/20 train loss=6.1112 acc=0.0029 em=0.0000 | val loss=6.1225 acc=0.0031 em=0.0000 | random≈0.0011
  saved best_loss.pt (val_answer_loss=6.122491)
  saved best_acc.pt (val_answer_accuracy=0.003063)
epoch 2/20 train loss=6.0891 acc=0.0043 em=0.0000 | val loss=6.1226 acc=0.0026 em=0.0000 | random≈0.0011
epoch 3/20 train loss=5.9679 acc=0.0262 em=0.0000 | val loss=6.0839 acc=0.0223 em=0.0000 | random≈0.0011
  saved best_loss.pt (val_answer_loss=6.083950)
  saved best_acc.pt (val_answer_accuracy=0.022281)
epoch 4/20 train loss=5.6814 acc=0.0568 em=0.0000 | val loss=6.0004 acc=0.0421 em=0.0000 | random≈0.0011
  saved best_loss.pt (val_answer_loss=6.000390)
  saved best_acc.pt (val_answer_accuracy=0.042063)
epoch 5/20 train loss=5.2871 acc=0.0942 em=0.0000 | val loss=5.8940 acc=0.0493 em=0.0000 | random≈0.0011
  saved best_loss.pt (val_answer_loss=5.894016)
  saved best_acc.pt (val_answer_accuracy=0.049313)
epoch 6/20 train loss=4.5937 acc=0.1986 em=0.0000 | val loss=5.4474 acc=0.1060 em=0.0000 | random≈0.0011
  saved best_loss.pt (val_answer_loss=5.447428)
  saved best_acc.pt (val_answer_accuracy=0.106000)
epoch 7/20 train loss=1.9633 acc=0.6566 em=0.0005 | val loss=2.4615 acc=0.5339 em=0.0000 | random≈0.0011
  saved best_loss.pt (val_answer_loss=2.461535)
  saved best_acc.pt (val_answer_accuracy=0.533906)
epoch 8/20 train loss=0.3554 acc=0.9505 em=0.4484 | val loss=0.5429 acc=0.8962 em=0.1685 | random≈0.0011
  saved best_loss.pt (val_answer_loss=0.542934)
  saved best_acc.pt (val_answer_accuracy=0.896219)
epoch 9/20 train loss=0.0811 acc=0.9941 em=0.9099 | val loss=0.1611 acc=0.9700 em=0.6200 | random≈0.0011
  saved best_loss.pt (val_answer_loss=0.161096)
  saved best_acc.pt (val_answer_accuracy=0.970031)
epoch 10/20 train loss=0.0310 acc=0.9995 em=0.9923 | val loss=0.0819 acc=0.9857 em=0.7995 | random≈0.0011
  saved best_loss.pt (val_answer_loss=0.081877)
  saved best_acc.pt (val_answer_accuracy=0.985688)
epoch 11/20 train loss=0.0159 acc=1.0000 em=1.0000 | val loss=0.0549 acc=0.9906 em=0.8615 | random≈0.0011
  saved best_loss.pt (val_answer_loss=0.054906)
  saved best_acc.pt (val_answer_accuracy=0.990594)
epoch 12/20 train loss=0.0107 acc=1.0000 em=1.0000 | val loss=0.0433 acc=0.9927 em=0.8895 | random≈0.0011
  saved best_loss.pt (val_answer_loss=0.043317)
  saved best_acc.pt (val_answer_accuracy=0.992719)
epoch 13/20 train loss=0.0079 acc=1.0000 em=1.0000 | val loss=0.0368 acc=0.9937 em=0.9035 | random≈0.0011
  saved best_loss.pt (val_answer_loss=0.036828)
  saved best_acc.pt (val_answer_accuracy=0.993656)
epoch 14/20 train loss=0.0061 acc=1.0000 em=1.0000 | val loss=0.0315 acc=0.9947 em=0.9185 | random≈0.0011
  saved best_loss.pt (val_answer_loss=0.031462)
  saved best_acc.pt (val_answer_accuracy=0.994719)
epoch 15/20 train loss=0.0049 acc=1.0000 em=1.0000 | val loss=0.0277 acc=0.9954 em=0.9295 | random≈0.0011
  saved best_loss.pt (val_answer_loss=0.027732)
  saved best_acc.pt (val_answer_accuracy=0.995437)
epoch 16/20 train loss=0.0040 acc=1.0000 em=1.0000 | val loss=0.0246 acc=0.9958 em=0.9340 | random≈0.0011
  saved best_loss.pt (val_answer_loss=0.024632)
  saved best_acc.pt (val_answer_accuracy=0.995844)
epoch 17/20 train loss=0.0034 acc=1.0000 em=1.0000 | val loss=0.0222 acc=0.9964 em=0.9425 | random≈0.0011
  saved best_loss.pt (val_answer_loss=0.022159)
  saved best_acc.pt (val_answer_accuracy=0.996375)
epoch 18/20 train loss=0.0028 acc=1.0000 em=1.0000 | val loss=0.0202 acc=0.9965 em=0.9445 | random≈0.0011
  saved best_loss.pt (val_answer_loss=0.020240)
  saved best_acc.pt (val_answer_accuracy=0.996500)
epoch 19/20 train loss=0.0024 acc=1.0000 em=1.0000 | val loss=0.0185 acc=0.9969 em=0.9505 | random≈0.0011
  saved best_loss.pt (val_answer_loss=0.018490)
  saved best_acc.pt (val_answer_accuracy=0.996906)
epoch 20/20 train loss=0.0021 acc=1.0000 em=1.0000 | val loss=0.0171 acc=0.9972 em=0.9545 | random≈0.0011
  saved best_loss.pt (val_answer_loss=0.017095)
  saved best_acc.pt (val_answer_accuracy=0.997156)
test [best_loss_ckpt] loss=0.016835 acc=0.997094 em=0.954000
test [best_acc_ckpt]  loss=0.016835 acc=0.997094 em=0.954000 random_baseline≈0.001116
done. meta_metrics → /home/jovyan/shares/SR008.fs2/nvidenisov/other/repos/mamba/mamba_multi_scale_get_started/outputs/MQARFailureSweep/mqar_fail_mamba2_slow_init_v896_seed49/meta_metrics.csv
