mqar_split_hashes: n_train=20000 uniq_train=20000 | n_val=2000 uniq_val=2000 | n_test=2000 uniq_test=2000
mqar_answer_positions[train]: min=16 mean=16.0000 max=16 (expected 16 per sample)
mqar_answer_positions[val]: min=16 mean=16.0000 max=16 (expected 16 per sample)
mqar_answer_positions[test]: min=16 mean=16.0000 max=16 (expected 16 per sample)
experiment=mqar_fail_mamba2_split_ts_50_50_v512_seed44 device=cuda:0 out_dir=/home/jovyan/shares/SR008.fs2/nvidenisov/other/repos/mamba/mamba_multi_scale_get_started/outputs/MQARFailureSweep/mqar_fail_mamba2_split_ts_50_50_v512_seed44
mqar data: fixed_examples=True random_baseline_acc≈1/vocab=0.001953 (vocab_size=512)
--- mqar resolved config (sanity) ---
  experiment.name: mqar_fail_mamba2_split_ts_50_50_v512_seed44
  model.backbone: mamba2_lm
  model.layer_headdims: [32, 32, 32, 32]
  model.multiscale.fast_layer_headdims: —
  model.multiscale.slow_layer_headdims: —
  model.multiscale.window_size: —
  model.multiscale.offsets: —
  model.multiscale.summary_mode: —
  model.multiscale.causal_mode: —
  model.multiscale.gate_type: —
  data.input_seq_len: 128
  data.num_kv_pairs: 16
  data.vocab_size: 512
  data.train_examples: 20000  val_examples: 2000  test_examples: 2000
  data.fixed_examples: True
  data.min_query_pos: null
  train.lr: 0.0003
  train.epochs: 20
  num_parameters_trainable: 1931712
  tags(backbone,fusion,stride): mamba2_lm, , 
--- end resolved config ---
epoch 1/20 train loss=5.5488 acc=0.0050 em=0.0000 | val loss=5.5615 acc=0.0042 em=0.0000 | random≈0.0020
  saved best_loss.pt (val_answer_loss=5.561508)
  saved best_acc.pt (val_answer_accuracy=0.004219)
epoch 2/20 train loss=5.4481 acc=0.0334 em=0.0000 | val loss=5.5056 acc=0.0299 em=0.0000 | random≈0.0020
  saved best_loss.pt (val_answer_loss=5.505617)
  saved best_acc.pt (val_answer_accuracy=0.029906)
epoch 3/20 train loss=5.0130 acc=0.0664 em=0.0000 | val loss=5.1781 acc=0.0537 em=0.0000 | random≈0.0020
  saved best_loss.pt (val_answer_loss=5.178102)
  saved best_acc.pt (val_answer_accuracy=0.053687)
epoch 4/20 train loss=3.7349 acc=0.2396 em=0.0000 | val loss=3.9690 acc=0.1991 em=0.0000 | random≈0.0020
  saved best_loss.pt (val_answer_loss=3.969027)
  saved best_acc.pt (val_answer_accuracy=0.199125)
epoch 5/20 train loss=0.4323 acc=0.9216 em=0.2758 | val loss=0.5216 acc=0.8935 em=0.1650 | random≈0.0020
  saved best_loss.pt (val_answer_loss=0.521569)
  saved best_acc.pt (val_answer_accuracy=0.893531)
epoch 6/20 train loss=0.0557 acc=0.9962 em=0.9415 | val loss=0.0885 acc=0.9870 em=0.8100 | random≈0.0020
  saved best_loss.pt (val_answer_loss=0.088495)
  saved best_acc.pt (val_answer_accuracy=0.986969)
epoch 7/20 train loss=0.0177 acc=0.9999 em=0.9978 | val loss=0.0374 acc=0.9949 em=0.9230 | random≈0.0020
  saved best_loss.pt (val_answer_loss=0.037449)
  saved best_acc.pt (val_answer_accuracy=0.994906)
epoch 8/20 train loss=0.0086 acc=1.0000 em=1.0000 | val loss=0.0224 acc=0.9972 em=0.9545 | random≈0.0020
  saved best_loss.pt (val_answer_loss=0.022403)
  saved best_acc.pt (val_answer_accuracy=0.997156)
epoch 9/20 train loss=0.0057 acc=1.0000 em=1.0000 | val loss=0.0169 acc=0.9978 em=0.9640 | random≈0.0020
  saved best_loss.pt (val_answer_loss=0.016930)
  saved best_acc.pt (val_answer_accuracy=0.997750)
epoch 10/20 train loss=0.0042 acc=1.0000 em=1.0000 | val loss=0.0136 acc=0.9982 em=0.9710 | random≈0.0020
  saved best_loss.pt (val_answer_loss=0.013647)
  saved best_acc.pt (val_answer_accuracy=0.998188)
epoch 11/20 train loss=0.0032 acc=1.0000 em=1.0000 | val loss=0.0117 acc=0.9983 em=0.9740 | random≈0.0020
  saved best_loss.pt (val_answer_loss=0.011656)
  saved best_acc.pt (val_answer_accuracy=0.998313)
epoch 12/20 train loss=0.0025 acc=1.0000 em=1.0000 | val loss=0.0101 acc=0.9985 em=0.9765 | random≈0.0020
  saved best_loss.pt (val_answer_loss=0.010055)
  saved best_acc.pt (val_answer_accuracy=0.998469)
epoch 13/20 train loss=0.0021 acc=1.0000 em=1.0000 | val loss=0.0087 acc=0.9986 em=0.9785 | random≈0.0020
  saved best_loss.pt (val_answer_loss=0.008750)
  saved best_acc.pt (val_answer_accuracy=0.998594)
epoch 14/20 train loss=0.0017 acc=1.0000 em=1.0000 | val loss=0.0079 acc=0.9988 em=0.9805 | random≈0.0020
  saved best_loss.pt (val_answer_loss=0.007854)
  saved best_acc.pt (val_answer_accuracy=0.998750)
epoch 15/20 train loss=0.0014 acc=1.0000 em=1.0000 | val loss=0.0070 acc=0.9988 em=0.9815 | random≈0.0020
  saved best_loss.pt (val_answer_loss=0.007017)
epoch 16/20 train loss=0.0012 acc=1.0000 em=1.0000 | val loss=0.0064 acc=0.9989 em=0.9825 | random≈0.0020
  saved best_loss.pt (val_answer_loss=0.006407)
  saved best_acc.pt (val_answer_accuracy=0.998875)
epoch 17/20 train loss=0.0010 acc=1.0000 em=1.0000 | val loss=0.0058 acc=0.9989 em=0.9825 | random≈0.0020
  saved best_loss.pt (val_answer_loss=0.005797)
epoch 18/20 train loss=0.0009 acc=1.0000 em=1.0000 | val loss=0.0054 acc=0.9989 em=0.9835 | random≈0.0020
  saved best_loss.pt (val_answer_loss=0.005362)
epoch 19/20 train loss=0.0008 acc=1.0000 em=1.0000 | val loss=0.0050 acc=0.9991 em=0.9860 | random≈0.0020
  saved best_loss.pt (val_answer_loss=0.004969)
  saved best_acc.pt (val_answer_accuracy=0.999062)
epoch 20/20 train loss=0.0007 acc=1.0000 em=1.0000 | val loss=0.0047 acc=0.9990 em=0.9855 | random≈0.0020
  saved best_loss.pt (val_answer_loss=0.004680)
test [best_loss_ckpt] loss=0.005245 acc=0.999062 em=0.985000
test [best_acc_ckpt]  loss=0.005585 acc=0.998875 em=0.982000 random_baseline≈0.001953
done. meta_metrics → /home/jovyan/shares/SR008.fs2/nvidenisov/other/repos/mamba/mamba_multi_scale_get_started/outputs/MQARFailureSweep/mqar_fail_mamba2_split_ts_50_50_v512_seed44/meta_metrics.csv
