mqar_split_hashes: n_train=20000 uniq_train=20000 | n_val=2000 uniq_val=2000 | n_test=2000 uniq_test=2000
mqar_answer_positions[train]: min=16 mean=16.0000 max=16 (expected 16 per sample)
mqar_answer_positions[val]: min=16 mean=16.0000 max=16 (expected 16 per sample)
mqar_answer_positions[test]: min=16 mean=16.0000 max=16 (expected 16 per sample)
experiment=mqar_fail_mamba2_split_ts_50_50_v896_seed43 device=cuda:0 out_dir=/home/jovyan/shares/SR008.fs2/nvidenisov/other/repos/mamba/mamba_multi_scale_get_started/outputs/MQARFailureSweep/mqar_fail_mamba2_split_ts_50_50_v896_seed43
mqar data: fixed_examples=True random_baseline_acc≈1/vocab=0.001116 (vocab_size=896)
--- mqar resolved config (sanity) ---
  experiment.name: mqar_fail_mamba2_split_ts_50_50_v896_seed43
  model.backbone: mamba2_lm
  model.layer_headdims: [32, 32, 32, 32]
  model.multiscale.fast_layer_headdims: —
  model.multiscale.slow_layer_headdims: —
  model.multiscale.window_size: —
  model.multiscale.offsets: —
  model.multiscale.summary_mode: —
  model.multiscale.causal_mode: —
  model.multiscale.gate_type: —
  data.input_seq_len: 128
  data.num_kv_pairs: 16
  data.vocab_size: 896
  data.train_examples: 20000  val_examples: 2000  test_examples: 2000
  data.fixed_examples: True
  data.min_query_pos: null
  train.lr: 0.0003
  train.epochs: 20
  num_parameters_trainable: 2128704
  tags(backbone,fusion,stride): mamba2_lm, , 
--- end resolved config ---
epoch 1/20 train loss=6.1111 acc=0.0028 em=0.0000 | val loss=6.1236 acc=0.0019 em=0.0000 | random≈0.0011
  saved best_loss.pt (val_answer_loss=6.123600)
  saved best_acc.pt (val_answer_accuracy=0.001875)
epoch 2/20 train loss=6.0865 acc=0.0050 em=0.0000 | val loss=6.1236 acc=0.0030 em=0.0000 | random≈0.0011
  saved best_acc.pt (val_answer_accuracy=0.003000)
epoch 3/20 train loss=5.9884 acc=0.0156 em=0.0000 | val loss=6.1214 acc=0.0100 em=0.0000 | random≈0.0011
  saved best_loss.pt (val_answer_loss=6.121392)
  saved best_acc.pt (val_answer_accuracy=0.010031)
epoch 4/20 train loss=5.7376 acc=0.0396 em=0.0000 | val loss=6.1362 acc=0.0202 em=0.0000 | random≈0.0011
  saved best_acc.pt (val_answer_accuracy=0.020156)
epoch 5/20 train loss=5.3488 acc=0.0841 em=0.0000 | val loss=6.1389 acc=0.0319 em=0.0000 | random≈0.0011
  saved best_acc.pt (val_answer_accuracy=0.031875)
epoch 6/20 train loss=4.8746 acc=0.1479 em=0.0000 | val loss=6.1040 acc=0.0457 em=0.0000 | random≈0.0011
  saved best_loss.pt (val_answer_loss=6.103967)
  saved best_acc.pt (val_answer_accuracy=0.045719)
epoch 7/20 train loss=4.3284 acc=0.2313 em=0.0000 | val loss=5.9254 acc=0.0722 em=0.0000 | random≈0.0011
  saved best_loss.pt (val_answer_loss=5.925355)
  saved best_acc.pt (val_answer_accuracy=0.072188)
epoch 8/20 train loss=3.4970 acc=0.3795 em=0.0000 | val loss=5.1050 acc=0.1704 em=0.0000 | random≈0.0011
  saved best_loss.pt (val_answer_loss=5.104986)
  saved best_acc.pt (val_answer_accuracy=0.170406)
epoch 9/20 train loss=1.7632 acc=0.7107 em=0.0022 | val loss=2.7068 acc=0.5130 em=0.0000 | random≈0.0011
  saved best_loss.pt (val_answer_loss=2.706763)
  saved best_acc.pt (val_answer_accuracy=0.513000)
epoch 10/20 train loss=0.3787 acc=0.9547 em=0.4879 | val loss=0.7441 acc=0.8668 em=0.1015 | random≈0.0011
  saved best_loss.pt (val_answer_loss=0.744146)
  saved best_acc.pt (val_answer_accuracy=0.866844)
epoch 11/20 train loss=0.1048 acc=0.9929 em=0.8934 | val loss=0.2907 acc=0.9478 em=0.4255 | random≈0.0011
  saved best_loss.pt (val_answer_loss=0.290688)
  saved best_acc.pt (val_answer_accuracy=0.947844)
epoch 12/20 train loss=0.0377 acc=0.9992 em=0.9871 | val loss=0.1620 acc=0.9696 em=0.6135 | random≈0.0011
  saved best_loss.pt (val_answer_loss=0.162030)
  saved best_acc.pt (val_answer_accuracy=0.969594)
epoch 13/20 train loss=0.0168 acc=1.0000 em=0.9997 | val loss=0.1121 acc=0.9778 em=0.7065 | random≈0.0011
  saved best_loss.pt (val_answer_loss=0.112087)
  saved best_acc.pt (val_answer_accuracy=0.977812)
epoch 14/20 train loss=0.0102 acc=1.0000 em=1.0000 | val loss=0.0914 acc=0.9810 em=0.7370 | random≈0.0011
  saved best_loss.pt (val_answer_loss=0.091401)
  saved best_acc.pt (val_answer_accuracy=0.980969)
epoch 15/20 train loss=0.0073 acc=1.0000 em=1.0000 | val loss=0.0794 acc=0.9830 em=0.7595 | random≈0.0011
  saved best_loss.pt (val_answer_loss=0.079398)
  saved best_acc.pt (val_answer_accuracy=0.983000)
epoch 16/20 train loss=0.0056 acc=1.0000 em=1.0000 | val loss=0.0704 acc=0.9844 em=0.7775 | random≈0.0011
  saved best_loss.pt (val_answer_loss=0.070389)
  saved best_acc.pt (val_answer_accuracy=0.984375)
epoch 17/20 train loss=0.0044 acc=1.0000 em=1.0000 | val loss=0.0646 acc=0.9857 em=0.7940 | random≈0.0011
  saved best_loss.pt (val_answer_loss=0.064608)
  saved best_acc.pt (val_answer_accuracy=0.985719)
epoch 18/20 train loss=0.0036 acc=1.0000 em=1.0000 | val loss=0.0599 acc=0.9865 em=0.8020 | random≈0.0011
  saved best_loss.pt (val_answer_loss=0.059901)
  saved best_acc.pt (val_answer_accuracy=0.986469)
epoch 19/20 train loss=0.0030 acc=1.0000 em=1.0000 | val loss=0.0552 acc=0.9875 em=0.8155 | random≈0.0011
  saved best_loss.pt (val_answer_loss=0.055208)
  saved best_acc.pt (val_answer_accuracy=0.987500)
epoch 20/20 train loss=0.0026 acc=1.0000 em=1.0000 | val loss=0.0519 acc=0.9878 em=0.8195 | random≈0.0011
  saved best_loss.pt (val_answer_loss=0.051929)
  saved best_acc.pt (val_answer_accuracy=0.987812)
test [best_loss_ckpt] loss=0.051847 acc=0.988094 em=0.823500
test [best_acc_ckpt]  loss=0.051847 acc=0.988094 em=0.823500 random_baseline≈0.001116
done. meta_metrics → /home/jovyan/shares/SR008.fs2/nvidenisov/other/repos/mamba/mamba_multi_scale_get_started/outputs/MQARFailureSweep/mqar_fail_mamba2_split_ts_50_50_v896_seed43/meta_metrics.csv
