mqar_split_hashes: n_train=20000 uniq_train=20000 | n_val=2000 uniq_val=2000 | n_test=2000 uniq_test=2000
mqar_answer_positions[train]: min=16 mean=16.0000 max=16 (expected 16 per sample)
mqar_answer_positions[val]: min=16 mean=16.0000 max=16 (expected 16 per sample)
mqar_answer_positions[test]: min=16 mean=16.0000 max=16 (expected 16 per sample)
experiment=mqar_fail_mamba2_wide_init_v768_seed44 device=cuda:0 out_dir=/home/jovyan/shares/SR008.fs2/nvidenisov/other/repos/mamba/mamba_multi_scale_get_started/outputs/MQARFailureSweep/mqar_fail_mamba2_wide_init_v768_seed44
mqar data: fixed_examples=True random_baseline_acc≈1/vocab=0.001302 (vocab_size=768)
--- mqar resolved config (sanity) ---
  experiment.name: mqar_fail_mamba2_wide_init_v768_seed44
  model.backbone: mamba2_lm
  model.layer_headdims: [32, 32, 32, 32]
  model.multiscale.fast_layer_headdims: —
  model.multiscale.slow_layer_headdims: —
  model.multiscale.window_size: —
  model.multiscale.offsets: —
  model.multiscale.summary_mode: —
  model.multiscale.causal_mode: —
  model.multiscale.gate_type: —
  data.input_seq_len: 128
  data.num_kv_pairs: 16
  data.vocab_size: 768
  data.train_examples: 20000  val_examples: 2000  test_examples: 2000
  data.fixed_examples: True
  data.min_query_pos: null
  train.lr: 0.0003
  train.epochs: 20
  num_parameters_trainable: 2063040
  tags(backbone,fusion,stride): mamba2_lm, , 
--- end resolved config ---
epoch 1/20 train loss=5.9547 acc=0.0034 em=0.0000 | val loss=5.9696 acc=0.0023 em=0.0000 | random≈0.0013
  saved best_loss.pt (val_answer_loss=5.969616)
  saved best_acc.pt (val_answer_accuracy=0.002344)
epoch 2/20 train loss=5.9290 acc=0.0068 em=0.0000 | val loss=5.9684 acc=0.0049 em=0.0000 | random≈0.0013
  saved best_loss.pt (val_answer_loss=5.968355)
  saved best_acc.pt (val_answer_accuracy=0.004938)
epoch 3/20 train loss=5.8274 acc=0.0171 em=0.0000 | val loss=5.9725 acc=0.0103 em=0.0000 | random≈0.0013
  saved best_acc.pt (val_answer_accuracy=0.010281)
epoch 4/20 train loss=5.5832 acc=0.0385 em=0.0000 | val loss=6.0126 acc=0.0140 em=0.0000 | random≈0.0013
  saved best_acc.pt (val_answer_accuracy=0.014031)
epoch 5/20 train loss=5.2151 acc=0.0836 em=0.0000 | val loss=6.1165 acc=0.0109 em=0.0000 | random≈0.0013
epoch 6/20 train loss=4.8055 acc=0.1445 em=0.0000 | val loss=6.2462 acc=0.0089 em=0.0000 | random≈0.0013
early stopping at epoch 6: val answer_loss did not improve by min_delta=0.0001 for 4 epochs
test [best_loss_ckpt] loss=5.968170 acc=0.005094 em=0.000000
test [best_acc_ckpt]  loss=6.007256 acc=0.014344 em=0.000000 random_baseline≈0.001302
done. meta_metrics → /home/jovyan/shares/SR008.fs2/nvidenisov/other/repos/mamba/mamba_multi_scale_get_started/outputs/MQARFailureSweep/mqar_fail_mamba2_wide_init_v768_seed44/meta_metrics.csv
