mqar_split_hashes: n_train=20000 uniq_train=20000 | n_val=2000 uniq_val=2000 | n_test=2000 uniq_test=2000
mqar_answer_positions[train]: min=16 mean=16.0000 max=16 (expected 16 per sample)
mqar_answer_positions[val]: min=16 mean=16.0000 max=16 (expected 16 per sample)
mqar_answer_positions[test]: min=16 mean=16.0000 max=16 (expected 16 per sample)
experiment=mqar_fail_transformer_param_match_v896_seed44 device=cuda:0 out_dir=/home/jovyan/shares/SR008.fs2/nvidenisov/other/repos/mamba/mamba_multi_scale_get_started/outputs/MQARFailureSweep/mqar_fail_transformer_param_match_v896_seed44
mqar data: fixed_examples=True random_baseline_acc≈1/vocab=0.001116 (vocab_size=896)
--- mqar resolved config (sanity) ---
  experiment.name: mqar_fail_transformer_param_match_v896_seed44
  model.backbone: transformer_lm
  model.layer_headdims: —
  model.multiscale.fast_layer_headdims: —
  model.multiscale.slow_layer_headdims: —
  model.multiscale.window_size: —
  model.multiscale.offsets: —
  model.multiscale.summary_mode: —
  model.multiscale.causal_mode: —
  model.multiscale.gate_type: —
  data.input_seq_len: 128
  data.num_kv_pairs: 16
  data.vocab_size: 896
  data.train_examples: 20000  val_examples: 2000  test_examples: 2000
  data.fixed_examples: True
  data.min_query_pos: null
  train.lr: 0.0003
  train.epochs: 20
  num_parameters_trainable: 3250288
  tags(backbone,fusion,stride): transformer_lm, , 
--- end resolved config ---
epoch 1/20 train loss=6.1173 acc=0.0025 em=0.0000 | val loss=6.1208 acc=0.0024 em=0.0000 | random≈0.0011
  saved best_loss.pt (val_answer_loss=6.120801)
  saved best_acc.pt (val_answer_accuracy=0.002437)
epoch 2/20 train loss=6.1108 acc=0.0026 em=0.0000 | val loss=6.1143 acc=0.0024 em=0.0000 | random≈0.0011
  saved best_loss.pt (val_answer_loss=6.114299)
epoch 3/20 train loss=6.0857 acc=0.0054 em=0.0000 | val loss=6.1034 acc=0.0048 em=0.0000 | random≈0.0011
  saved best_loss.pt (val_answer_loss=6.103421)
  saved best_acc.pt (val_answer_accuracy=0.004781)
epoch 4/20 train loss=5.3948 acc=0.0754 em=0.0000 | val loss=5.4870 acc=0.0665 em=0.0000 | random≈0.0011
  saved best_loss.pt (val_answer_loss=5.486982)
  saved best_acc.pt (val_answer_accuracy=0.066500)
epoch 5/20 train loss=4.7496 acc=0.0914 em=0.0000 | val loss=4.9176 acc=0.0728 em=0.0000 | random≈0.0011
  saved best_loss.pt (val_answer_loss=4.917600)
  saved best_acc.pt (val_answer_accuracy=0.072781)
epoch 6/20 train loss=4.3093 acc=0.1013 em=0.0000 | val loss=4.5575 acc=0.0757 em=0.0000 | random≈0.0011
  saved best_loss.pt (val_answer_loss=4.557506)
  saved best_acc.pt (val_answer_accuracy=0.075688)
epoch 7/20 train loss=3.9990 acc=0.1097 em=0.0000 | val loss=4.3179 acc=0.0768 em=0.0000 | random≈0.0011
  saved best_loss.pt (val_answer_loss=4.317912)
  saved best_acc.pt (val_answer_accuracy=0.076781)
epoch 8/20 train loss=3.7632 acc=0.1203 em=0.0000 | val loss=4.1530 acc=0.0773 em=0.0000 | random≈0.0011
  saved best_loss.pt (val_answer_loss=4.153008)
  saved best_acc.pt (val_answer_accuracy=0.077281)
epoch 9/20 train loss=3.5558 acc=0.1355 em=0.0000 | val loss=4.0189 acc=0.0829 em=0.0000 | random≈0.0011
  saved best_loss.pt (val_answer_loss=4.018853)
  saved best_acc.pt (val_answer_accuracy=0.082906)
epoch 10/20 train loss=0.2673 acc=0.9481 em=0.4215 | val loss=0.3272 acc=0.9332 em=0.3270 | random≈0.0011
  saved best_loss.pt (val_answer_loss=0.327158)
  saved best_acc.pt (val_answer_accuracy=0.933219)
epoch 11/20 train loss=0.0010 acc=1.0000 em=0.9999 | val loss=0.0013 acc=1.0000 em=0.9995 | random≈0.0011
  saved best_loss.pt (val_answer_loss=0.001321)
  saved best_acc.pt (val_answer_accuracy=0.999969)
epoch 12/20 train loss=0.0004 acc=1.0000 em=1.0000 | val loss=0.0005 acc=1.0000 em=1.0000 | random≈0.0011
  saved best_loss.pt (val_answer_loss=0.000471)
epoch 13/20 train loss=0.0003 acc=1.0000 em=1.0000 | val loss=0.0003 acc=1.0000 em=1.0000 | random≈0.0011
  saved best_loss.pt (val_answer_loss=0.000277)
epoch 14/20 train loss=0.0002 acc=1.0000 em=1.0000 | val loss=0.0002 acc=1.0000 em=1.0000 | random≈0.0011
epoch 15/20 train loss=0.0001 acc=1.0000 em=1.0000 | val loss=0.0001 acc=1.0000 em=1.0000 | random≈0.0011
  saved best_loss.pt (val_answer_loss=0.000140)
epoch 16/20 train loss=0.0001 acc=1.0000 em=1.0000 | val loss=0.0001 acc=1.0000 em=1.0000 | random≈0.0011
epoch 17/20 train loss=0.0001 acc=1.0000 em=1.0000 | val loss=0.0001 acc=1.0000 em=1.0000 | random≈0.0011
epoch 18/20 train loss=0.0001 acc=1.0000 em=1.0000 | val loss=0.0001 acc=1.0000 em=1.0000 | random≈0.0011
epoch 19/20 train loss=0.0001 acc=1.0000 em=1.0000 | val loss=0.0001 acc=1.0000 em=1.0000 | random≈0.0011
early stopping at epoch 19: val answer_loss did not improve by min_delta=0.0001 for 4 epochs
test [best_loss_ckpt] loss=0.000141 acc=1.000000 em=1.000000
test [best_acc_ckpt]  loss=0.001108 acc=0.999969 em=0.999500 random_baseline≈0.001116
done. meta_metrics → /home/jovyan/shares/SR008.fs2/nvidenisov/other/repos/mamba/mamba_multi_scale_get_started/outputs/MQARFailureSweep/mqar_fail_transformer_param_match_v896_seed44/meta_metrics.csv
