mqar_split_hashes: n_train=20000 uniq_train=20000 | n_val=2000 uniq_val=2000 | n_test=2000 uniq_test=2000
mqar_answer_positions[train]: min=16 mean=16.0000 max=16 (expected 16 per sample)
mqar_answer_positions[val]: min=16 mean=16.0000 max=16 (expected 16 per sample)
mqar_answer_positions[test]: min=16 mean=16.0000 max=16 (expected 16 per sample)
experiment=mqar_fail_mamba2_slow_init_v512_seed46 device=cuda:0 out_dir=/home/jovyan/shares/SR008.fs2/nvidenisov/other/repos/mamba/mamba_multi_scale_get_started/outputs/MQARFailureSweep/mqar_fail_mamba2_slow_init_v512_seed46
mqar data: fixed_examples=True random_baseline_acc≈1/vocab=0.001953 (vocab_size=512)
--- mqar resolved config (sanity) ---
  experiment.name: mqar_fail_mamba2_slow_init_v512_seed46
  model.backbone: mamba2_lm
  model.layer_headdims: [32, 32, 32, 32]
  model.multiscale.fast_layer_headdims: —
  model.multiscale.slow_layer_headdims: —
  model.multiscale.window_size: —
  model.multiscale.offsets: —
  model.multiscale.summary_mode: —
  model.multiscale.causal_mode: —
  model.multiscale.gate_type: —
  data.input_seq_len: 128
  data.num_kv_pairs: 16
  data.vocab_size: 512
  data.train_examples: 20000  val_examples: 2000  test_examples: 2000
  data.fixed_examples: True
  data.min_query_pos: null
  train.lr: 0.0003
  train.epochs: 20
  num_parameters_trainable: 1931712
  tags(backbone,fusion,stride): mamba2_lm, , 
--- end resolved config ---
epoch 1/20 train loss=5.5495 acc=0.0049 em=0.0000 | val loss=5.5610 acc=0.0037 em=0.0000 | random≈0.0020
  saved best_loss.pt (val_answer_loss=5.560962)
  saved best_acc.pt (val_answer_accuracy=0.003750)
epoch 2/20 train loss=5.4848 acc=0.0287 em=0.0000 | val loss=5.5251 acc=0.0260 em=0.0000 | random≈0.0020
  saved best_loss.pt (val_answer_loss=5.525150)
  saved best_acc.pt (val_answer_accuracy=0.025969)
epoch 3/20 train loss=5.2534 acc=0.0586 em=0.0000 | val loss=5.3777 acc=0.0502 em=0.0000 | random≈0.0020
  saved best_loss.pt (val_answer_loss=5.377715)
  saved best_acc.pt (val_answer_accuracy=0.050188)
epoch 4/20 train loss=4.0555 acc=0.2465 em=0.0000 | val loss=4.2550 acc=0.2201 em=0.0000 | random≈0.0020
  saved best_loss.pt (val_answer_loss=4.255035)
  saved best_acc.pt (val_answer_accuracy=0.220125)
epoch 5/20 train loss=0.6042 acc=0.9068 em=0.2124 | val loss=0.6976 acc=0.8786 em=0.1320 | random≈0.0020
  saved best_loss.pt (val_answer_loss=0.697648)
  saved best_acc.pt (val_answer_accuracy=0.878563)
epoch 6/20 train loss=0.0780 acc=0.9921 em=0.8821 | val loss=0.1181 acc=0.9801 em=0.7290 | random≈0.0020
  saved best_loss.pt (val_answer_loss=0.118094)
  saved best_acc.pt (val_answer_accuracy=0.980062)
epoch 7/20 train loss=0.0208 acc=0.9992 em=0.9869 | val loss=0.0446 acc=0.9923 em=0.8845 | random≈0.0020
  saved best_loss.pt (val_answer_loss=0.044560)
  saved best_acc.pt (val_answer_accuracy=0.992281)
epoch 8/20 train loss=0.0082 acc=1.0000 em=0.9998 | val loss=0.0232 acc=0.9962 em=0.9415 | random≈0.0020
  saved best_loss.pt (val_answer_loss=0.023162)
  saved best_acc.pt (val_answer_accuracy=0.996156)
epoch 9/20 train loss=0.0047 acc=1.0000 em=1.0000 | val loss=0.0164 acc=0.9973 em=0.9570 | random≈0.0020
  saved best_loss.pt (val_answer_loss=0.016392)
  saved best_acc.pt (val_answer_accuracy=0.997281)
epoch 10/20 train loss=0.0034 acc=1.0000 em=1.0000 | val loss=0.0134 acc=0.9976 em=0.9635 | random≈0.0020
  saved best_loss.pt (val_answer_loss=0.013392)
  saved best_acc.pt (val_answer_accuracy=0.997563)
epoch 11/20 train loss=0.0026 acc=1.0000 em=1.0000 | val loss=0.0116 acc=0.9978 em=0.9660 | random≈0.0020
  saved best_loss.pt (val_answer_loss=0.011637)
  saved best_acc.pt (val_answer_accuracy=0.997844)
epoch 12/20 train loss=0.0020 acc=1.0000 em=1.0000 | val loss=0.0103 acc=0.9982 em=0.9720 | random≈0.0020
  saved best_loss.pt (val_answer_loss=0.010266)
  saved best_acc.pt (val_answer_accuracy=0.998250)
epoch 13/20 train loss=0.0016 acc=1.0000 em=1.0000 | val loss=0.0092 acc=0.9982 em=0.9730 | random≈0.0020
  saved best_loss.pt (val_answer_loss=0.009228)
epoch 14/20 train loss=0.0014 acc=1.0000 em=1.0000 | val loss=0.0083 acc=0.9981 em=0.9705 | random≈0.0020
  saved best_loss.pt (val_answer_loss=0.008314)
epoch 15/20 train loss=0.0011 acc=1.0000 em=1.0000 | val loss=0.0077 acc=0.9982 em=0.9715 | random≈0.0020
  saved best_loss.pt (val_answer_loss=0.007714)
epoch 16/20 train loss=0.0010 acc=1.0000 em=1.0000 | val loss=0.0072 acc=0.9983 em=0.9725 | random≈0.0020
  saved best_loss.pt (val_answer_loss=0.007161)
epoch 17/20 train loss=0.0008 acc=1.0000 em=1.0000 | val loss=0.0066 acc=0.9984 em=0.9750 | random≈0.0020
  saved best_loss.pt (val_answer_loss=0.006590)
  saved best_acc.pt (val_answer_accuracy=0.998437)
epoch 18/20 train loss=0.0007 acc=1.0000 em=1.0000 | val loss=0.0063 acc=0.9984 em=0.9745 | random≈0.0020
  saved best_loss.pt (val_answer_loss=0.006305)
epoch 19/20 train loss=0.0006 acc=1.0000 em=1.0000 | val loss=0.0059 acc=0.9986 em=0.9770 | random≈0.0020
  saved best_loss.pt (val_answer_loss=0.005938)
  saved best_acc.pt (val_answer_accuracy=0.998563)
epoch 20/20 train loss=0.0005 acc=1.0000 em=1.0000 | val loss=0.0056 acc=0.9985 em=0.9755 | random≈0.0020
  saved best_loss.pt (val_answer_loss=0.005572)
test [best_loss_ckpt] loss=0.006821 acc=0.998313 em=0.974000
test [best_acc_ckpt]  loss=0.007162 acc=0.998281 em=0.973500 random_baseline≈0.001953
done. meta_metrics → /home/jovyan/shares/SR008.fs2/nvidenisov/other/repos/mamba/mamba_multi_scale_get_started/outputs/MQARFailureSweep/mqar_fail_mamba2_slow_init_v512_seed46/meta_metrics.csv
