mqar_split_hashes: n_train=20000 uniq_train=20000 | n_val=2000 uniq_val=2000 | n_test=2000 uniq_test=2000
mqar_answer_positions[train]: min=16 mean=16.0000 max=16 (expected 16 per sample)
mqar_answer_positions[val]: min=16 mean=16.0000 max=16 (expected 16 per sample)
mqar_answer_positions[test]: min=16 mean=16.0000 max=16 (expected 16 per sample)
experiment=mqar_fail_transformer_param_match_v1024_seed47 device=cuda:0 out_dir=/home/jovyan/shares/SR008.fs2/nvidenisov/other/repos/mamba/mamba_multi_scale_get_started/outputs/MQARFailureSweep/mqar_fail_transformer_param_match_v1024_seed47
mqar data: fixed_examples=True random_baseline_acc≈1/vocab=0.000977 (vocab_size=1024)
--- mqar resolved config (sanity) ---
  experiment.name: mqar_fail_transformer_param_match_v1024_seed47
  model.backbone: transformer_lm
  model.layer_headdims: —
  model.multiscale.fast_layer_headdims: —
  model.multiscale.slow_layer_headdims: —
  model.multiscale.window_size: —
  model.multiscale.offsets: —
  model.multiscale.summary_mode: —
  model.multiscale.causal_mode: —
  model.multiscale.gate_type: —
  data.input_seq_len: 128
  data.num_kv_pairs: 16
  data.vocab_size: 1024
  data.train_examples: 20000  val_examples: 2000  test_examples: 2000
  data.fixed_examples: True
  data.min_query_pos: null
  train.lr: 0.0003
  train.epochs: 20
  num_parameters_trainable: 3309808
  tags(backbone,fusion,stride): transformer_lm, , 
--- end resolved config ---
epoch 1/20 train loss=6.2513 acc=0.0020 em=0.0000 | val loss=6.2547 acc=0.0017 em=0.0000 | random≈0.0010
  saved best_loss.pt (val_answer_loss=6.254671)
  saved best_acc.pt (val_answer_accuracy=0.001656)
epoch 2/20 train loss=6.2460 acc=0.0021 em=0.0000 | val loss=6.2510 acc=0.0019 em=0.0000 | random≈0.0010
  saved best_loss.pt (val_answer_loss=6.250993)
  saved best_acc.pt (val_answer_accuracy=0.001875)
epoch 3/20 train loss=6.2137 acc=0.0067 em=0.0000 | val loss=6.2303 acc=0.0053 em=0.0000 | random≈0.0010
  saved best_loss.pt (val_answer_loss=6.230339)
  saved best_acc.pt (val_answer_accuracy=0.005281)
epoch 4/20 train loss=5.5391 acc=0.0762 em=0.0000 | val loss=5.6350 acc=0.0697 em=0.0000 | random≈0.0010
  saved best_loss.pt (val_answer_loss=5.634997)
  saved best_acc.pt (val_answer_accuracy=0.069719)
epoch 5/20 train loss=4.9415 acc=0.0892 em=0.0000 | val loss=5.1061 acc=0.0755 em=0.0000 | random≈0.0010
  saved best_loss.pt (val_answer_loss=5.106143)
  saved best_acc.pt (val_answer_accuracy=0.075531)
epoch 6/20 train loss=4.5007 acc=0.0988 em=0.0000 | val loss=4.7409 acc=0.0787 em=0.0000 | random≈0.0010
  saved best_loss.pt (val_answer_loss=4.740907)
  saved best_acc.pt (val_answer_accuracy=0.078656)
epoch 7/20 train loss=4.1705 acc=0.1084 em=0.0000 | val loss=4.4873 acc=0.0783 em=0.0000 | random≈0.0010
  saved best_loss.pt (val_answer_loss=4.487343)
epoch 8/20 train loss=3.9021 acc=0.1190 em=0.0000 | val loss=4.3023 acc=0.0808 em=0.0000 | random≈0.0010
  saved best_loss.pt (val_answer_loss=4.302326)
  saved best_acc.pt (val_answer_accuracy=0.080750)
epoch 9/20 train loss=3.5855 acc=0.1591 em=0.0000 | val loss=4.0830 acc=0.0994 em=0.0000 | random≈0.0010
  saved best_loss.pt (val_answer_loss=4.082981)
  saved best_acc.pt (val_answer_accuracy=0.099406)
epoch 10/20 train loss=0.0039 acc=0.9999 em=0.9988 | val loss=0.0042 acc=1.0000 em=0.9995 | random≈0.0010
  saved best_loss.pt (val_answer_loss=0.004152)
  saved best_acc.pt (val_answer_accuracy=0.999969)
epoch 11/20 train loss=0.0008 acc=1.0000 em=1.0000 | val loss=0.0009 acc=1.0000 em=1.0000 | random≈0.0010
  saved best_loss.pt (val_answer_loss=0.000895)
epoch 12/20 train loss=0.0004 acc=1.0000 em=1.0000 | val loss=0.0005 acc=1.0000 em=1.0000 | random≈0.0010
  saved best_loss.pt (val_answer_loss=0.000469)
epoch 13/20 train loss=0.0003 acc=1.0000 em=1.0000 | val loss=0.0003 acc=1.0000 em=1.0000 | random≈0.0010
  saved best_loss.pt (val_answer_loss=0.000301)
epoch 14/20 train loss=0.0002 acc=1.0000 em=1.0000 | val loss=0.0002 acc=1.0000 em=1.0000 | random≈0.0010
epoch 15/20 train loss=0.0002 acc=1.0000 em=1.0000 | val loss=0.0002 acc=1.0000 em=1.0000 | random≈0.0010
  saved best_loss.pt (val_answer_loss=0.000164)
epoch 16/20 train loss=0.0001 acc=1.0000 em=1.0000 | val loss=0.0001 acc=1.0000 em=1.0000 | random≈0.0010
epoch 17/20 train loss=0.0001 acc=1.0000 em=1.0000 | val loss=0.0001 acc=1.0000 em=1.0000 | random≈0.0010
epoch 18/20 train loss=0.0001 acc=1.0000 em=1.0000 | val loss=0.0001 acc=1.0000 em=1.0000 | random≈0.0010
epoch 19/20 train loss=0.0001 acc=1.0000 em=1.0000 | val loss=0.0001 acc=1.0000 em=1.0000 | random≈0.0010
early stopping at epoch 19: val answer_loss did not improve by min_delta=0.0001 for 4 epochs
test [best_loss_ckpt] loss=0.000165 acc=1.000000 em=1.000000
test [best_acc_ckpt]  loss=0.004243 acc=0.999969 em=0.999500 random_baseline≈0.000977
done. meta_metrics → /home/jovyan/shares/SR008.fs2/nvidenisov/other/repos/mamba/mamba_multi_scale_get_started/outputs/MQARFailureSweep/mqar_fail_transformer_param_match_v1024_seed47/meta_metrics.csv
