mqar_split_hashes: n_train=20000 uniq_train=20000 | n_val=2000 uniq_val=2000 | n_test=2000 uniq_test=2000
mqar_answer_positions[train]: min=16 mean=16.0000 max=16 (expected 16 per sample)
mqar_answer_positions[val]: min=16 mean=16.0000 max=16 (expected 16 per sample)
mqar_answer_positions[test]: min=16 mean=16.0000 max=16 (expected 16 per sample)
experiment=mqar_bugcheck_ms_attention_stride4_kv16_vocab512_lr1e4_seed43 device=cuda:0 out_dir=/home/jovyan/shares/SR008.fs2/nvidenisov/other/repos/mamba/mamba_multi_scale_get_started/outputs/MQAR/mqar_bugcheck_ms_attention_stride4_kv16_vocab512_lr1e4_seed43
mqar data: fixed_examples=True random_baseline_acc≈1/vocab=0.001953 (vocab_size=512)
--- mqar resolved config (sanity) ---
  experiment.name: mqar_bugcheck_ms_attention_stride4_kv16_vocab512_lr1e4_seed43
  model.backbone: multiscale_mamba2_attention_lm
  model.layer_headdims: [32, 32, 32, 32]
  model.multiscale.fast_layer_headdims: [32, 32, 32, 32]
  model.multiscale.slow_layer_headdims: [32, 32]
  data.input_seq_len: 128
  data.num_kv_pairs: 16
  data.vocab_size: 512
  data.train_examples: 20000  val_examples: 2000  test_examples: 2000
  data.fixed_examples: True
  train.lr: 0.0001
  train.epochs: 20
  num_parameters_trainable: 3030176
  tags(backbone,fusion,stride): multiscale_mamba2_attention_lm, residual, 4
--- end resolved config ---
epoch 1/20 train loss=5.5712 acc=0.0046 em=0.0000 | val loss=5.5811 acc=0.0043 em=0.0000 | random≈0.0020
  saved best_loss.pt (val_answer_loss=5.581098)
  saved best_acc.pt (val_answer_accuracy=0.004281)
epoch 2/20 train loss=5.5494 acc=0.0052 em=0.0000 | val loss=5.5632 acc=0.0041 em=0.0000 | random≈0.0020
  saved best_loss.pt (val_answer_loss=5.563173)
epoch 3/20 train loss=5.5360 acc=0.0060 em=0.0000 | val loss=5.5656 acc=0.0042 em=0.0000 | random≈0.0020
epoch 4/20 train loss=5.5089 acc=0.0088 em=0.0000 | val loss=5.5733 acc=0.0042 em=0.0000 | random≈0.0020
epoch 5/20 train loss=5.4481 acc=0.0146 em=0.0000 | val loss=5.5912 acc=0.0053 em=0.0000 | random≈0.0020
  saved best_acc.pt (val_answer_accuracy=0.005313)
epoch 6/20 train loss=5.3414 acc=0.0281 em=0.0000 | val loss=5.6174 acc=0.0080 em=0.0000 | random≈0.0020
  saved best_acc.pt (val_answer_accuracy=0.008031)
early stopping at epoch 6: val answer_loss did not improve by min_delta=0.0001 for 4 epochs
test [best_loss_ckpt] loss=5.564670 acc=0.003625 em=0.000000
test [best_acc_ckpt]  loss=5.620999 acc=0.007531 em=0.000000 random_baseline≈0.001953
done. meta_metrics → /home/jovyan/shares/SR008.fs2/nvidenisov/other/repos/mamba/mamba_multi_scale_get_started/outputs/MQAR/mqar_bugcheck_ms_attention_stride4_kv16_vocab512_lr1e4_seed43/meta_metrics.csv
