mqar_split_hashes: n_train=20000 uniq_train=20000 | n_val=2000 uniq_val=2000 | n_test=2000 uniq_test=2000
mqar_answer_positions[train]: min=16 mean=16.0000 max=16 (expected 16 per sample)
mqar_answer_positions[val]: min=16 mean=16.0000 max=16 (expected 16 per sample)
mqar_answer_positions[test]: min=16 mean=16.0000 max=16 (expected 16 per sample)
experiment=mqar_final_easy_ms_gated_stride2_L128_minnull_kv16_vocab512_train20000_seed43 device=cuda:0 out_dir=/home/jovyan/shares/SR008.fs2/nvidenisov/other/repos/mamba/mamba_multi_scale_get_started/outputs/MQAR/mqar_final_easy_ms_gated_stride2_L128_minnull_kv16_vocab512_train20000_seed43
mqar data: fixed_examples=True random_baseline_acc≈1/vocab=0.001953 (vocab_size=512)
--- mqar resolved config (sanity) ---
  experiment.name: mqar_final_easy_ms_gated_stride2_L128_minnull_kv16_vocab512_train20000_seed43
  model.backbone: multiscale_mamba2_lm
  model.layer_headdims: [32, 32, 32, 32]
  model.multiscale.fast_layer_headdims: [32, 32, 32, 32]
  model.multiscale.slow_layer_headdims: [32, 32]
  data.input_seq_len: 128
  data.num_kv_pairs: 16
  data.vocab_size: 512
  data.train_examples: 20000  val_examples: 2000  test_examples: 2000
  data.fixed_examples: True
  data.min_query_pos: null
  train.lr: 0.0003
  train.epochs: 20
  num_parameters_trainable: 2898336
  tags(backbone,fusion,stride): multiscale_mamba2_lm, gated, 2
--- end resolved config ---
epoch 1/20 train loss=5.5477 acc=0.0052 em=0.0000 | val loss=5.5611 acc=0.0035 em=0.0000 | random≈0.0020
  saved best_loss.pt (val_answer_loss=5.561056)
  saved best_acc.pt (val_answer_accuracy=0.003500)
epoch 2/20 train loss=5.4912 acc=0.0199 em=0.0000 | val loss=5.5400 acc=0.0170 em=0.0000 | random≈0.0020
  saved best_loss.pt (val_answer_loss=5.540035)
  saved best_acc.pt (val_answer_accuracy=0.016969)
epoch 3/20 train loss=5.2887 acc=0.0500 em=0.0000 | val loss=5.4530 acc=0.0417 em=0.0000 | random≈0.0020
  saved best_loss.pt (val_answer_loss=5.453037)
  saved best_acc.pt (val_answer_accuracy=0.041656)
epoch 4/20 train loss=4.9181 acc=0.0843 em=0.0000 | val loss=5.3465 acc=0.0548 em=0.0000 | random≈0.0020
  saved best_loss.pt (val_answer_loss=5.346543)
  saved best_acc.pt (val_answer_accuracy=0.054750)
epoch 5/20 train loss=4.1404 acc=0.1832 em=0.0000 | val loss=4.9066 acc=0.0779 em=0.0000 | random≈0.0020
  saved best_loss.pt (val_answer_loss=4.906648)
  saved best_acc.pt (val_answer_accuracy=0.077938)
epoch 6/20 train loss=0.9235 acc=0.8399 em=0.0584 | val loss=1.2939 acc=0.7272 em=0.0030 | random≈0.0020
  saved best_loss.pt (val_answer_loss=1.293935)
  saved best_acc.pt (val_answer_accuracy=0.727187)
epoch 7/20 train loss=0.1194 acc=0.9883 em=0.8312 | val loss=0.2249 acc=0.9588 em=0.5120 | random≈0.0020
  saved best_loss.pt (val_answer_loss=0.224927)
  saved best_acc.pt (val_answer_accuracy=0.958844)
epoch 8/20 train loss=0.0271 acc=0.9995 em=0.9927 | val loss=0.0746 acc=0.9878 em=0.8190 | random≈0.0020
  saved best_loss.pt (val_answer_loss=0.074571)
  saved best_acc.pt (val_answer_accuracy=0.987750)
epoch 9/20 train loss=0.0110 acc=1.0000 em=0.9999 | val loss=0.0415 acc=0.9940 em=0.9085 | random≈0.0020
  saved best_loss.pt (val_answer_loss=0.041517)
  saved best_acc.pt (val_answer_accuracy=0.993969)
epoch 10/20 train loss=0.0065 acc=1.0000 em=1.0000 | val loss=0.0297 acc=0.9951 em=0.9235 | random≈0.0020
  saved best_loss.pt (val_answer_loss=0.029665)
  saved best_acc.pt (val_answer_accuracy=0.995062)
epoch 11/20 train loss=0.0045 acc=1.0000 em=1.0000 | val loss=0.0236 acc=0.9963 em=0.9450 | random≈0.0020
  saved best_loss.pt (val_answer_loss=0.023558)
  saved best_acc.pt (val_answer_accuracy=0.996344)
epoch 12/20 train loss=0.0034 acc=1.0000 em=1.0000 | val loss=0.0195 acc=0.9966 em=0.9475 | random≈0.0020
  saved best_loss.pt (val_answer_loss=0.019521)
  saved best_acc.pt (val_answer_accuracy=0.996594)
epoch 13/20 train loss=0.0026 acc=1.0000 em=1.0000 | val loss=0.0169 acc=0.9969 em=0.9525 | random≈0.0020
  saved best_loss.pt (val_answer_loss=0.016884)
  saved best_acc.pt (val_answer_accuracy=0.996906)
epoch 14/20 train loss=0.0021 acc=1.0000 em=1.0000 | val loss=0.0148 acc=0.9971 em=0.9545 | random≈0.0020
  saved best_loss.pt (val_answer_loss=0.014780)
  saved best_acc.pt (val_answer_accuracy=0.997062)
epoch 15/20 train loss=0.0017 acc=1.0000 em=1.0000 | val loss=0.0132 acc=0.9974 em=0.9605 | random≈0.0020
  saved best_loss.pt (val_answer_loss=0.013182)
  saved best_acc.pt (val_answer_accuracy=0.997437)
epoch 16/20 train loss=0.0014 acc=1.0000 em=1.0000 | val loss=0.0121 acc=0.9976 em=0.9630 | random≈0.0020
  saved best_loss.pt (val_answer_loss=0.012076)
  saved best_acc.pt (val_answer_accuracy=0.997625)
epoch 17/20 train loss=0.0012 acc=1.0000 em=1.0000 | val loss=0.0110 acc=0.9979 em=0.9670 | random≈0.0020
  saved best_loss.pt (val_answer_loss=0.011020)
  saved best_acc.pt (val_answer_accuracy=0.997875)
epoch 18/20 train loss=0.0010 acc=1.0000 em=1.0000 | val loss=0.0100 acc=0.9979 em=0.9675 | random≈0.0020
  saved best_loss.pt (val_answer_loss=0.010042)
epoch 19/20 train loss=0.0009 acc=1.0000 em=1.0000 | val loss=0.0091 acc=0.9981 em=0.9705 | random≈0.0020
  saved best_loss.pt (val_answer_loss=0.009145)
  saved best_acc.pt (val_answer_accuracy=0.998094)
epoch 20/20 train loss=0.0008 acc=1.0000 em=1.0000 | val loss=0.0084 acc=0.9981 em=0.9710 | random≈0.0020
  saved best_loss.pt (val_answer_loss=0.008376)
test [best_loss_ckpt] loss=0.007872 acc=0.998500 em=0.976000
test [best_acc_ckpt]  loss=0.008618 acc=0.998313 em=0.973000 random_baseline≈0.001953
done. meta_metrics → /home/jovyan/shares/SR008.fs2/nvidenisov/other/repos/mamba/mamba_multi_scale_get_started/outputs/MQAR/mqar_final_easy_ms_gated_stride2_L128_minnull_kv16_vocab512_train20000_seed43/meta_metrics.csv
