mqar_split_hashes: n_train=20000 uniq_train=20000 | n_val=2000 uniq_val=2000 | n_test=2000 uniq_test=2000
mqar_answer_positions[train]: min=16 mean=16.0000 max=16 (expected 16 per sample)
mqar_answer_positions[val]: min=16 mean=16.0000 max=16 (expected 16 per sample)
mqar_answer_positions[test]: min=16 mean=16.0000 max=16 (expected 16 per sample)
experiment=archeval_mqar_easy_mamba2_depth4_seed51 device=cuda:0 out_dir=/home/jovyan/shares/SR008.fs2/nvidenisov/other/repos/mamba/mamba_multi_scale_get_started/outputs/ArchEval/mqar_easy_mamba2_depth4_seed51
mqar data: fixed_examples=True random_baseline_acc≈1/vocab=0.001953 (vocab_size=512)
--- mqar resolved config (sanity) ---
  experiment.name: archeval_mqar_easy_mamba2_depth4_seed51
  model.backbone: mamba2_lm
  model.layer_headdims: [32, 32, 32, 32]
  model.multiscale.fast_layer_headdims: —
  model.multiscale.slow_layer_headdims: —
  model.multiscale.window_size: —
  model.multiscale.offsets: —
  model.multiscale.summary_mode: —
  model.multiscale.causal_mode: —
  model.multiscale.gate_type: —
  data.input_seq_len: 128
  data.num_kv_pairs: 16
  data.vocab_size: 512
  data.train_examples: 20000  val_examples: 2000  test_examples: 2000
  data.fixed_examples: True
  data.min_query_pos: null
  train.lr: 0.0003
  train.epochs: 20
  num_parameters_trainable: 1931712
  tags(backbone,fusion,stride): mamba2_lm, , 
--- end resolved config ---
epoch 1/20 train loss=5.5485 acc=0.0053 em=0.0000 | val loss=5.5609 acc=0.0043 em=0.0000 | random≈0.0020
  saved best_loss.pt (val_answer_loss=5.560869)
  saved best_acc.pt (val_answer_accuracy=0.004281)
epoch 2/20 train loss=5.4858 acc=0.0241 em=0.0000 | val loss=5.5270 acc=0.0219 em=0.0000 | random≈0.0020
  saved best_loss.pt (val_answer_loss=5.526980)
  saved best_acc.pt (val_answer_accuracy=0.021906)
epoch 3/20 train loss=5.2681 acc=0.0554 em=0.0000 | val loss=5.4033 acc=0.0490 em=0.0000 | random≈0.0020
  saved best_loss.pt (val_answer_loss=5.403338)
  saved best_acc.pt (val_answer_accuracy=0.048969)
epoch 4/20 train loss=4.8692 acc=0.0847 em=0.0000 | val loss=5.1570 acc=0.0575 em=0.0000 | random≈0.0020
  saved best_loss.pt (val_answer_loss=5.157010)
  saved best_acc.pt (val_answer_accuracy=0.057531)
epoch 5/20 train loss=2.7193 acc=0.4305 em=0.0000 | val loss=2.9817 acc=0.3689 em=0.0000 | random≈0.0020
  saved best_loss.pt (val_answer_loss=2.981676)
  saved best_acc.pt (val_answer_accuracy=0.368875)
epoch 6/20 train loss=0.3129 acc=0.9489 em=0.4323 | val loss=0.4043 acc=0.9220 em=0.2645 | random≈0.0020
  saved best_loss.pt (val_answer_loss=0.404260)
  saved best_acc.pt (val_answer_accuracy=0.921969)
epoch 7/20 train loss=0.0408 acc=0.9974 em=0.9593 | val loss=0.0719 acc=0.9892 em=0.8390 | random≈0.0020
  saved best_loss.pt (val_answer_loss=0.071879)
  saved best_acc.pt (val_answer_accuracy=0.989250)
epoch 8/20 train loss=0.0136 acc=0.9999 em=0.9989 | val loss=0.0334 acc=0.9949 em=0.9220 | random≈0.0020
  saved best_loss.pt (val_answer_loss=0.033364)
  saved best_acc.pt (val_answer_accuracy=0.994875)
epoch 9/20 train loss=0.0068 acc=1.0000 em=1.0000 | val loss=0.0207 acc=0.9970 em=0.9525 | random≈0.0020
  saved best_loss.pt (val_answer_loss=0.020673)
  saved best_acc.pt (val_answer_accuracy=0.996969)
epoch 10/20 train loss=0.0045 acc=1.0000 em=1.0000 | val loss=0.0163 acc=0.9973 em=0.9570 | random≈0.0020
  saved best_loss.pt (val_answer_loss=0.016300)
  saved best_acc.pt (val_answer_accuracy=0.997281)
epoch 11/20 train loss=0.0034 acc=1.0000 em=1.0000 | val loss=0.0136 acc=0.9977 em=0.9630 | random≈0.0020
  saved best_loss.pt (val_answer_loss=0.013558)
  saved best_acc.pt (val_answer_accuracy=0.997656)
epoch 12/20 train loss=0.0026 acc=1.0000 em=1.0000 | val loss=0.0117 acc=0.9980 em=0.9690 | random≈0.0020
  saved best_loss.pt (val_answer_loss=0.011697)
  saved best_acc.pt (val_answer_accuracy=0.998031)
epoch 13/20 train loss=0.0021 acc=1.0000 em=1.0000 | val loss=0.0102 acc=0.9981 em=0.9705 | random≈0.0020
  saved best_loss.pt (val_answer_loss=0.010234)
epoch 14/20 train loss=0.0017 acc=1.0000 em=1.0000 | val loss=0.0091 acc=0.9982 em=0.9725 | random≈0.0020
  saved best_loss.pt (val_answer_loss=0.009119)
  saved best_acc.pt (val_answer_accuracy=0.998250)
epoch 15/20 train loss=0.0014 acc=1.0000 em=1.0000 | val loss=0.0082 acc=0.9984 em=0.9745 | random≈0.0020
  saved best_loss.pt (val_answer_loss=0.008196)
  saved best_acc.pt (val_answer_accuracy=0.998375)
epoch 16/20 train loss=0.0012 acc=1.0000 em=1.0000 | val loss=0.0074 acc=0.9986 em=0.9775 | random≈0.0020
  saved best_loss.pt (val_answer_loss=0.007388)
  saved best_acc.pt (val_answer_accuracy=0.998563)
epoch 17/20 train loss=0.0010 acc=1.0000 em=1.0000 | val loss=0.0068 acc=0.9987 em=0.9790 | random≈0.0020
  saved best_loss.pt (val_answer_loss=0.006807)
epoch 18/20 train loss=0.0009 acc=1.0000 em=1.0000 | val loss=0.0062 acc=0.9987 em=0.9800 | random≈0.0020
  saved best_loss.pt (val_answer_loss=0.006204)
  saved best_acc.pt (val_answer_accuracy=0.998719)
epoch 19/20 train loss=0.0008 acc=1.0000 em=1.0000 | val loss=0.0058 acc=0.9988 em=0.9820 | random≈0.0020
  saved best_loss.pt (val_answer_loss=0.005762)
  saved best_acc.pt (val_answer_accuracy=0.998844)
epoch 20/20 train loss=0.0007 acc=1.0000 em=1.0000 | val loss=0.0054 acc=0.9989 em=0.9830 | random≈0.0020
  saved best_loss.pt (val_answer_loss=0.005366)
test [best_loss_ckpt] loss=0.004712 acc=0.999219 em=0.988000
test [best_acc_ckpt]  loss=0.005064 acc=0.999219 em=0.988500 random_baseline≈0.001953
done. meta_metrics → /home/jovyan/shares/SR008.fs2/nvidenisov/other/repos/mamba/mamba_multi_scale_get_started/outputs/ArchEval/mqar_easy_mamba2_depth4_seed51/meta_metrics.csv
