experiment=archeval_lm_mamba2_split_ts_slow_veryslow_seed45 device=cuda:0 out_dir=/home/jovyan/shares/SR008.fs2/nvidenisov/other/repos/mamba/mamba_multi_scale_get_started/outputs/ArchEval/lm_mamba2_split_ts_slow_veryslow_seed45
early_stopping: patience=3 min_delta=0.0001 (disable with train.early_stopping.patience=0)
epoch 1/10 train_loss=3.1193 val_loss=2.5045 val_ppl=12.24 val_bpc=3.6132
  saved best.pt (val_loss=2.504487)
epoch 2/10 train_loss=2.2689 val_loss=2.1593 val_ppl=8.66 val_bpc=3.1152
  saved best.pt (val_loss=2.159272)
epoch 3/10 train_loss=1.9836 val_loss=1.9837 val_ppl=7.27 val_bpc=2.8619
  saved best.pt (val_loss=1.983740)
epoch 4/10 train_loss=1.8026 val_loss=1.8722 val_ppl=6.50 val_bpc=2.7010
  saved best.pt (val_loss=1.872217)
epoch 5/10 train_loss=1.6786 val_loss=1.7906 val_ppl=5.99 val_bpc=2.5833
  saved best.pt (val_loss=1.790638)
epoch 6/10 train_loss=1.5864 val_loss=1.7302 val_ppl=5.64 val_bpc=2.4962
  saved best.pt (val_loss=1.730216)
epoch 7/10 train_loss=1.5200 val_loss=1.6820 val_ppl=5.38 val_bpc=2.4267
  saved best.pt (val_loss=1.682034)
epoch 8/10 train_loss=1.4696 val_loss=1.6479 val_ppl=5.20 val_bpc=2.3774
  saved best.pt (val_loss=1.647881)
epoch 9/10 train_loss=1.4298 val_loss=1.6189 val_ppl=5.05 val_bpc=2.3356
  saved best.pt (val_loss=1.618881)
epoch 10/10 train_loss=1.3940 val_loss=1.5970 val_ppl=4.94 val_bpc=2.3040
  saved best.pt (val_loss=1.597032)
meta_metrics: train=26.46s eval=192.33s loop=220.07s setup=1.79s → meta_metrics.csv
