mqar_split_hashes: n_train=20000 uniq_train=20000 | n_val=2000 uniq_val=2000 | n_test=2000 uniq_test=2000
mqar_answer_positions[train]: min=16 mean=16.0000 max=16 (expected 16 per sample)
mqar_answer_positions[val]: min=16 mean=16.0000 max=16 (expected 16 per sample)
mqar_answer_positions[test]: min=16 mean=16.0000 max=16 (expected 16 per sample)
experiment=archeval_mqar_easy_ms_multiaxis_s4_s16_seed42 device=cuda:0 out_dir=/home/jovyan/shares/SR008.fs2/nvidenisov/other/repos/mamba/mamba_multi_scale_get_started/outputs/ArchEval/mqar_easy_ms_multiaxis_s4_s16_seed42
mqar data: fixed_examples=True random_baseline_acc≈1/vocab=0.001953 (vocab_size=512)
--- mqar resolved config (sanity) ---
  experiment.name: archeval_mqar_easy_ms_multiaxis_s4_s16_seed42
  model.backbone: multiscale_mamba2_multiaxis_lm
  model.layer_headdims: [32, 32, 32, 32]
  model.multiscale.fast_layer_headdims: [32, 32, 32, 32]
  model.multiscale.slow_layer_headdims: —
  data.input_seq_len: 128
  data.num_kv_pairs: 16
  data.vocab_size: 512
  data.train_examples: 20000  val_examples: 2000  test_examples: 2000
  data.fixed_examples: True
  data.min_query_pos: null
  train.lr: 0.0003
  train.epochs: 20
  num_parameters_trainable: 3445776
  tags(backbone,fusion,stride): multiscale_mamba2_multiaxis_lm, residual_gated_sum, 
--- end resolved config ---
epoch 1/20 train loss=5.5485 acc=0.0051 em=0.0000 | val loss=5.5613 acc=0.0043 em=0.0000 | random≈0.0020
  saved best_loss.pt (val_answer_loss=5.561275)
  saved best_acc.pt (val_answer_accuracy=0.004281)
epoch 2/20 train loss=5.4466 acc=0.0348 em=0.0000 | val loss=5.5094 acc=0.0317 em=0.0000 | random≈0.0020
  saved best_loss.pt (val_answer_loss=5.509425)
  saved best_acc.pt (val_answer_accuracy=0.031688)
epoch 3/20 train loss=5.1514 acc=0.0655 em=0.0000 | val loss=5.3441 acc=0.0548 em=0.0000 | random≈0.0020
  saved best_loss.pt (val_answer_loss=5.344123)
  saved best_acc.pt (val_answer_accuracy=0.054750)
epoch 4/20 train loss=4.3664 acc=0.1845 em=0.0000 | val loss=4.7568 acc=0.1410 em=0.0000 | random≈0.0020
  saved best_loss.pt (val_answer_loss=4.756830)
  saved best_acc.pt (val_answer_accuracy=0.140969)
epoch 5/20 train loss=1.2160 acc=0.7481 em=0.0050 | val loss=1.4506 acc=0.6787 em=0.0005 | random≈0.0020
  saved best_loss.pt (val_answer_loss=1.450576)
  saved best_acc.pt (val_answer_accuracy=0.678687)
epoch 6/20 train loss=0.1859 acc=0.9768 em=0.6922 | val loss=0.2724 acc=0.9526 em=0.4620 | random≈0.0020
  saved best_loss.pt (val_answer_loss=0.272380)
  saved best_acc.pt (val_answer_accuracy=0.952562)
epoch 7/20 train loss=0.0393 acc=0.9987 em=0.9789 | val loss=0.0789 acc=0.9884 em=0.8360 | random≈0.0020
  saved best_loss.pt (val_answer_loss=0.078932)
  saved best_acc.pt (val_answer_accuracy=0.988375)
epoch 8/20 train loss=0.0147 acc=1.0000 em=0.9996 | val loss=0.0386 acc=0.9951 em=0.9265 | random≈0.0020
  saved best_loss.pt (val_answer_loss=0.038600)
  saved best_acc.pt (val_answer_accuracy=0.995125)
epoch 9/20 train loss=0.0082 acc=1.0000 em=1.0000 | val loss=0.0264 acc=0.9967 em=0.9490 | random≈0.0020
  saved best_loss.pt (val_answer_loss=0.026432)
  saved best_acc.pt (val_answer_accuracy=0.996719)
epoch 10/20 train loss=0.0055 acc=1.0000 em=1.0000 | val loss=0.0197 acc=0.9976 em=0.9630 | random≈0.0020
  saved best_loss.pt (val_answer_loss=0.019720)
  saved best_acc.pt (val_answer_accuracy=0.997594)
epoch 11/20 train loss=0.0041 acc=1.0000 em=1.0000 | val loss=0.0165 acc=0.9979 em=0.9675 | random≈0.0020
  saved best_loss.pt (val_answer_loss=0.016457)
  saved best_acc.pt (val_answer_accuracy=0.997875)
epoch 12/20 train loss=0.0032 acc=1.0000 em=1.0000 | val loss=0.0139 acc=0.9980 em=0.9690 | random≈0.0020
  saved best_loss.pt (val_answer_loss=0.013853)
  saved best_acc.pt (val_answer_accuracy=0.998000)
epoch 13/20 train loss=0.0025 acc=1.0000 em=1.0000 | val loss=0.0119 acc=0.9981 em=0.9710 | random≈0.0020
  saved best_loss.pt (val_answer_loss=0.011874)
  saved best_acc.pt (val_answer_accuracy=0.998125)
epoch 14/20 train loss=0.0021 acc=1.0000 em=1.0000 | val loss=0.0105 acc=0.9984 em=0.9755 | random≈0.0020
  saved best_loss.pt (val_answer_loss=0.010465)
  saved best_acc.pt (val_answer_accuracy=0.998406)
epoch 15/20 train loss=0.0017 acc=1.0000 em=1.0000 | val loss=0.0094 acc=0.9986 em=0.9780 | random≈0.0020
  saved best_loss.pt (val_answer_loss=0.009401)
  saved best_acc.pt (val_answer_accuracy=0.998563)
epoch 16/20 train loss=0.0014 acc=1.0000 em=1.0000 | val loss=0.0085 acc=0.9987 em=0.9800 | random≈0.0020
  saved best_loss.pt (val_answer_loss=0.008451)
  saved best_acc.pt (val_answer_accuracy=0.998687)
epoch 17/20 train loss=0.0012 acc=1.0000 em=1.0000 | val loss=0.0076 acc=0.9987 em=0.9800 | random≈0.0020
  saved best_loss.pt (val_answer_loss=0.007628)
epoch 18/20 train loss=0.0011 acc=1.0000 em=1.0000 | val loss=0.0070 acc=0.9988 em=0.9815 | random≈0.0020
  saved best_loss.pt (val_answer_loss=0.006985)
  saved best_acc.pt (val_answer_accuracy=0.998812)
epoch 19/20 train loss=0.0009 acc=1.0000 em=1.0000 | val loss=0.0063 acc=0.9989 em=0.9840 | random≈0.0020
  saved best_loss.pt (val_answer_loss=0.006299)
  saved best_acc.pt (val_answer_accuracy=0.998938)
epoch 20/20 train loss=0.0008 acc=1.0000 em=1.0000 | val loss=0.0058 acc=0.9989 em=0.9835 | random≈0.0020
  saved best_loss.pt (val_answer_loss=0.005817)
test [best_loss_ckpt] loss=0.006416 acc=0.999094 em=0.985500
test [best_acc_ckpt]  loss=0.006796 acc=0.999000 em=0.984000 random_baseline≈0.001953
done. meta_metrics → /home/jovyan/shares/SR008.fs2/nvidenisov/other/repos/mamba/mamba_multi_scale_get_started/outputs/ArchEval/mqar_easy_ms_multiaxis_s4_s16_seed42/meta_metrics.csv
