mqar_split_hashes: n_train=20000 uniq_train=20000 | n_val=2000 uniq_val=2000 | n_test=2000 uniq_test=2000
mqar_answer_positions[train]: min=16 mean=16.0000 max=16 (expected 16 per sample)
mqar_answer_positions[val]: min=16 mean=16.0000 max=16 (expected 16 per sample)
mqar_answer_positions[test]: min=16 mean=16.0000 max=16 (expected 16 per sample)
experiment=mqar_bugcheck_mamba2_depth6_kv16_vocab512_lr3e4_seed42 device=cuda:0 out_dir=/home/jovyan/shares/SR008.fs2/nvidenisov/other/repos/mamba/mamba_multi_scale_get_started/outputs/MQAR/mqar_bugcheck_mamba2_depth6_kv16_vocab512_lr3e4_seed42
mqar data: fixed_examples=True random_baseline_acc≈1/vocab=0.001953 (vocab_size=512)
--- mqar resolved config (sanity) ---
  experiment.name: mqar_bugcheck_mamba2_depth6_kv16_vocab512_lr3e4_seed42
  model.backbone: mamba2_lm
  model.layer_headdims: [32, 32, 32, 32, 32, 32]
  model.multiscale.fast_layer_headdims: —
  model.multiscale.slow_layer_headdims: —
  data.input_seq_len: 128
  data.num_kv_pairs: 16
  data.vocab_size: 512
  data.train_examples: 20000  val_examples: 2000  test_examples: 2000
  data.fixed_examples: True
  train.lr: 0.0003
  train.epochs: 20
  num_parameters_trainable: 2765984
  tags(backbone,fusion,stride): mamba2_lm, , 
--- end resolved config ---
epoch 1/20 train loss=5.5496 acc=0.0046 em=0.0000 | val loss=5.5595 acc=0.0037 em=0.0000 | random≈0.0020
  saved best_loss.pt (val_answer_loss=5.559493)
  saved best_acc.pt (val_answer_accuracy=0.003687)
epoch 2/20 train loss=5.5035 acc=0.0175 em=0.0000 | val loss=5.5440 acc=0.0156 em=0.0000 | random≈0.0020
  saved best_loss.pt (val_answer_loss=5.544042)
  saved best_acc.pt (val_answer_accuracy=0.015594)
epoch 3/20 train loss=5.2542 acc=0.0531 em=0.0000 | val loss=5.4184 acc=0.0442 em=0.0000 | random≈0.0020
  saved best_loss.pt (val_answer_loss=5.418443)
  saved best_acc.pt (val_answer_accuracy=0.044156)
epoch 4/20 train loss=4.7613 acc=0.0976 em=0.0000 | val loss=5.1410 acc=0.0603 em=0.0000 | random≈0.0020
  saved best_loss.pt (val_answer_loss=5.141034)
  saved best_acc.pt (val_answer_accuracy=0.060281)
epoch 5/20 train loss=2.7370 acc=0.4394 em=0.0000 | val loss=3.1018 acc=0.3575 em=0.0000 | random≈0.0020
  saved best_loss.pt (val_answer_loss=3.101794)
  saved best_acc.pt (val_answer_accuracy=0.357469)
epoch 6/20 train loss=0.2853 acc=0.9490 em=0.4379 | val loss=0.3910 acc=0.9168 em=0.2460 | random≈0.0020
  saved best_loss.pt (val_answer_loss=0.391002)
  saved best_acc.pt (val_answer_accuracy=0.916844)
epoch 7/20 train loss=0.0380 acc=0.9960 em=0.9386 | val loss=0.0728 acc=0.9860 em=0.8010 | random≈0.0020
  saved best_loss.pt (val_answer_loss=0.072787)
  saved best_acc.pt (val_answer_accuracy=0.986031)
epoch 8/20 train loss=0.0094 acc=0.9998 em=0.9966 | val loss=0.0289 acc=0.9941 em=0.9115 | random≈0.0020
  saved best_loss.pt (val_answer_loss=0.028879)
  saved best_acc.pt (val_answer_accuracy=0.994125)
epoch 9/20 train loss=0.0040 acc=1.0000 em=1.0000 | val loss=0.0173 acc=0.9966 em=0.9470 | random≈0.0020
  saved best_loss.pt (val_answer_loss=0.017326)
  saved best_acc.pt (val_answer_accuracy=0.996625)
epoch 10/20 train loss=0.0025 acc=1.0000 em=1.0000 | val loss=0.0138 acc=0.9971 em=0.9545 | random≈0.0020
  saved best_loss.pt (val_answer_loss=0.013757)
  saved best_acc.pt (val_answer_accuracy=0.997094)
epoch 11/20 train loss=0.0019 acc=1.0000 em=1.0000 | val loss=0.0124 acc=0.9971 em=0.9545 | random≈0.0020
  saved best_loss.pt (val_answer_loss=0.012422)
epoch 12/20 train loss=0.0015 acc=1.0000 em=1.0000 | val loss=0.0112 acc=0.9974 em=0.9590 | random≈0.0020
  saved best_loss.pt (val_answer_loss=0.011240)
  saved best_acc.pt (val_answer_accuracy=0.997406)
epoch 13/20 train loss=0.0012 acc=1.0000 em=1.0000 | val loss=0.0104 acc=0.9975 em=0.9605 | random≈0.0020
  saved best_loss.pt (val_answer_loss=0.010407)
epoch 14/20 train loss=0.0010 acc=1.0000 em=1.0000 | val loss=0.0098 acc=0.9976 em=0.9615 | random≈0.0020
  saved best_loss.pt (val_answer_loss=0.009753)
  saved best_acc.pt (val_answer_accuracy=0.997563)
epoch 15/20 train loss=0.0008 acc=1.0000 em=1.0000 | val loss=0.0094 acc=0.9974 em=0.9595 | random≈0.0020
  saved best_loss.pt (val_answer_loss=0.009374)
epoch 16/20 train loss=0.0007 acc=1.0000 em=1.0000 | val loss=0.0089 acc=0.9976 em=0.9620 | random≈0.0020
  saved best_loss.pt (val_answer_loss=0.008927)
epoch 17/20 train loss=0.0006 acc=1.0000 em=1.0000 | val loss=0.0086 acc=0.9975 em=0.9610 | random≈0.0020
  saved best_loss.pt (val_answer_loss=0.008626)
epoch 18/20 train loss=0.0005 acc=1.0000 em=1.0000 | val loss=0.0083 acc=0.9976 em=0.9615 | random≈0.0020
  saved best_loss.pt (val_answer_loss=0.008326)
epoch 19/20 train loss=0.0004 acc=1.0000 em=1.0000 | val loss=0.0080 acc=0.9978 em=0.9645 | random≈0.0020
  saved best_loss.pt (val_answer_loss=0.008025)
  saved best_acc.pt (val_answer_accuracy=0.997750)
epoch 20/20 train loss=0.0004 acc=1.0000 em=1.0000 | val loss=0.0077 acc=0.9978 em=0.9655 | random≈0.0020
  saved best_loss.pt (val_answer_loss=0.007674)
test [best_loss_ckpt] loss=0.008703 acc=0.997875 em=0.966000
test [best_acc_ckpt]  loss=0.008977 acc=0.997844 em=0.965500 random_baseline≈0.001953
done. meta_metrics → /home/jovyan/shares/SR008.fs2/nvidenisov/other/repos/mamba/mamba_multi_scale_get_started/outputs/MQAR/mqar_bugcheck_mamba2_depth6_kv16_vocab512_lr3e4_seed42/meta_metrics.csv
