mqar_split_hashes: n_train=20000 uniq_train=20000 | n_val=2000 uniq_val=2000 | n_test=2000 uniq_test=2000
mqar_answer_positions[train]: min=16 mean=16.0000 max=16 (expected 16 per sample)
mqar_answer_positions[val]: min=16 mean=16.0000 max=16 (expected 16 per sample)
mqar_answer_positions[test]: min=16 mean=16.0000 max=16 (expected 16 per sample)
experiment=mqar_fail_transformer_param_match_v768_seed42 device=cuda:0 out_dir=/home/jovyan/shares/SR008.fs2/nvidenisov/other/repos/mamba/mamba_multi_scale_get_started/outputs/MQARFailureSweep/mqar_fail_transformer_param_match_v768_seed42
mqar data: fixed_examples=True random_baseline_acc≈1/vocab=0.001302 (vocab_size=768)
--- mqar resolved config (sanity) ---
  experiment.name: mqar_fail_transformer_param_match_v768_seed42
  model.backbone: transformer_lm
  model.layer_headdims: —
  model.multiscale.fast_layer_headdims: —
  model.multiscale.slow_layer_headdims: —
  model.multiscale.window_size: —
  model.multiscale.offsets: —
  model.multiscale.summary_mode: —
  model.multiscale.causal_mode: —
  model.multiscale.gate_type: —
  data.input_seq_len: 128
  data.num_kv_pairs: 16
  data.vocab_size: 768
  data.train_examples: 20000  val_examples: 2000  test_examples: 2000
  data.fixed_examples: True
  data.min_query_pos: null
  train.lr: 0.0003
  train.epochs: 20
  num_parameters_trainable: 3190768
  tags(backbone,fusion,stride): transformer_lm, , 
--- end resolved config ---
epoch 1/20 train loss=5.9634 acc=0.0027 em=0.0000 | val loss=5.9670 acc=0.0031 em=0.0000 | random≈0.0013
  saved best_loss.pt (val_answer_loss=5.966994)
  saved best_acc.pt (val_answer_accuracy=0.003125)
epoch 2/20 train loss=5.9569 acc=0.0030 em=0.0000 | val loss=5.9604 acc=0.0027 em=0.0000 | random≈0.0013
  saved best_loss.pt (val_answer_loss=5.960351)
epoch 3/20 train loss=5.7221 acc=0.0539 em=0.0000 | val loss=5.7741 acc=0.0505 em=0.0000 | random≈0.0013
  saved best_loss.pt (val_answer_loss=5.774105)
  saved best_acc.pt (val_answer_accuracy=0.050469)
epoch 4/20 train loss=4.9312 acc=0.0854 em=0.0000 | val loss=5.0424 acc=0.0746 em=0.0000 | random≈0.0013
  saved best_loss.pt (val_answer_loss=5.042399)
  saved best_acc.pt (val_answer_accuracy=0.074563)
epoch 5/20 train loss=4.4067 acc=0.0950 em=0.0000 | val loss=4.5907 acc=0.0762 em=0.0000 | random≈0.0013
  saved best_loss.pt (val_answer_loss=4.590704)
  saved best_acc.pt (val_answer_accuracy=0.076219)
epoch 6/20 train loss=4.0285 acc=0.1044 em=0.0000 | val loss=4.2885 acc=0.0782 em=0.0000 | random≈0.0013
  saved best_loss.pt (val_answer_loss=4.288470)
  saved best_acc.pt (val_answer_accuracy=0.078156)
epoch 7/20 train loss=3.7569 acc=0.1141 em=0.0000 | val loss=4.0873 acc=0.0798 em=0.0000 | random≈0.0013
  saved best_loss.pt (val_answer_loss=4.087293)
  saved best_acc.pt (val_answer_accuracy=0.079812)
epoch 8/20 train loss=3.4979 acc=0.1391 em=0.0000 | val loss=3.9046 acc=0.0878 em=0.0000 | random≈0.0013
  saved best_loss.pt (val_answer_loss=3.904595)
  saved best_acc.pt (val_answer_accuracy=0.087813)
epoch 9/20 train loss=0.0042 acc=0.9999 em=0.9981 | val loss=0.0047 acc=0.9999 em=0.9980 | random≈0.0013
  saved best_loss.pt (val_answer_loss=0.004679)
  saved best_acc.pt (val_answer_accuracy=0.999875)
epoch 10/20 train loss=0.0008 acc=1.0000 em=1.0000 | val loss=0.0008 acc=1.0000 em=1.0000 | random≈0.0013
  saved best_loss.pt (val_answer_loss=0.000820)
  saved best_acc.pt (val_answer_accuracy=1.000000)
epoch 11/20 train loss=0.0004 acc=1.0000 em=1.0000 | val loss=0.0004 acc=1.0000 em=1.0000 | random≈0.0013
  saved best_loss.pt (val_answer_loss=0.000413)
epoch 12/20 train loss=0.0003 acc=1.0000 em=1.0000 | val loss=0.0003 acc=1.0000 em=1.0000 | random≈0.0013
  saved best_loss.pt (val_answer_loss=0.000270)
epoch 13/20 train loss=0.0002 acc=1.0000 em=1.0000 | val loss=0.0002 acc=1.0000 em=1.0000 | random≈0.0013
epoch 14/20 train loss=0.0001 acc=1.0000 em=1.0000 | val loss=0.0001 acc=1.0000 em=1.0000 | random≈0.0013
  saved best_loss.pt (val_answer_loss=0.000144)
epoch 15/20 train loss=0.0001 acc=1.0000 em=1.0000 | val loss=0.0001 acc=1.0000 em=1.0000 | random≈0.0013
epoch 16/20 train loss=0.0001 acc=1.0000 em=1.0000 | val loss=0.0001 acc=1.0000 em=1.0000 | random≈0.0013
epoch 17/20 train loss=0.0001 acc=1.0000 em=1.0000 | val loss=0.0001 acc=1.0000 em=1.0000 | random≈0.0013
epoch 18/20 train loss=0.0001 acc=1.0000 em=1.0000 | val loss=0.0001 acc=1.0000 em=1.0000 | random≈0.0013
early stopping at epoch 18: val answer_loss did not improve by min_delta=0.0001 for 4 epochs
test [best_loss_ckpt] loss=0.000144 acc=1.000000 em=1.000000
test [best_acc_ckpt]  loss=0.000823 acc=1.000000 em=1.000000 random_baseline≈0.001302
done. meta_metrics → /home/jovyan/shares/SR008.fs2/nvidenisov/other/repos/mamba/mamba_multi_scale_get_started/outputs/MQARFailureSweep/mqar_fail_transformer_param_match_v768_seed42/meta_metrics.csv
