mqar_split_hashes: n_train=20000 uniq_train=20000 | n_val=2000 uniq_val=2000 | n_test=2000 uniq_test=2000
mqar_answer_positions[train]: min=16 mean=16.0000 max=16 (expected 16 per sample)
mqar_answer_positions[val]: min=16 mean=16.0000 max=16 (expected 16 per sample)
mqar_answer_positions[test]: min=16 mean=16.0000 max=16 (expected 16 per sample)
experiment=mqar_fail_mamba2_slow_init_v768_seed45 device=cuda:0 out_dir=/home/jovyan/shares/SR008.fs2/nvidenisov/other/repos/mamba/mamba_multi_scale_get_started/outputs/MQARFailureSweep/mqar_fail_mamba2_slow_init_v768_seed45
mqar data: fixed_examples=True random_baseline_acc≈1/vocab=0.001302 (vocab_size=768)
--- mqar resolved config (sanity) ---
  experiment.name: mqar_fail_mamba2_slow_init_v768_seed45
  model.backbone: mamba2_lm
  model.layer_headdims: [32, 32, 32, 32]
  model.multiscale.fast_layer_headdims: —
  model.multiscale.slow_layer_headdims: —
  model.multiscale.window_size: —
  model.multiscale.offsets: —
  model.multiscale.summary_mode: —
  model.multiscale.causal_mode: —
  model.multiscale.gate_type: —
  data.input_seq_len: 128
  data.num_kv_pairs: 16
  data.vocab_size: 768
  data.train_examples: 20000  val_examples: 2000  test_examples: 2000
  data.fixed_examples: True
  data.min_query_pos: null
  train.lr: 0.0003
  train.epochs: 20
  num_parameters_trainable: 2063040
  tags(backbone,fusion,stride): mamba2_lm, , 
--- end resolved config ---
epoch 1/20 train loss=5.9547 acc=0.0032 em=0.0000 | val loss=5.9680 acc=0.0030 em=0.0000 | random≈0.0013
  saved best_loss.pt (val_answer_loss=5.968049)
  saved best_acc.pt (val_answer_accuracy=0.003031)
epoch 2/20 train loss=5.9271 acc=0.0068 em=0.0000 | val loss=5.9660 acc=0.0052 em=0.0000 | random≈0.0013
  saved best_loss.pt (val_answer_loss=5.966004)
  saved best_acc.pt (val_answer_accuracy=0.005156)
epoch 3/20 train loss=5.8159 acc=0.0217 em=0.0000 | val loss=5.9607 acc=0.0146 em=0.0000 | random≈0.0013
  saved best_loss.pt (val_answer_loss=5.960699)
  saved best_acc.pt (val_answer_accuracy=0.014594)
epoch 4/20 train loss=5.5051 acc=0.0559 em=0.0000 | val loss=5.9254 acc=0.0352 em=0.0000 | random≈0.0013
  saved best_loss.pt (val_answer_loss=5.925400)
  saved best_acc.pt (val_answer_accuracy=0.035156)
epoch 5/20 train loss=5.0458 acc=0.1168 em=0.0000 | val loss=5.8269 acc=0.0627 em=0.0000 | random≈0.0013
  saved best_loss.pt (val_answer_loss=5.826886)
  saved best_acc.pt (val_answer_accuracy=0.062687)
epoch 6/20 train loss=4.1292 acc=0.2700 em=0.0000 | val loss=5.0480 acc=0.1675 em=0.0000 | random≈0.0013
  saved best_loss.pt (val_answer_loss=5.047966)
  saved best_acc.pt (val_answer_accuracy=0.167469)
epoch 7/20 train loss=1.7605 acc=0.6909 em=0.0015 | val loss=2.3917 acc=0.5387 em=0.0000 | random≈0.0013
  saved best_loss.pt (val_answer_loss=2.391699)
  saved best_acc.pt (val_answer_accuracy=0.538719)
epoch 8/20 train loss=0.3075 acc=0.9627 em=0.5523 | val loss=0.5405 acc=0.9005 em=0.1875 | random≈0.0013
  saved best_loss.pt (val_answer_loss=0.540530)
  saved best_acc.pt (val_answer_accuracy=0.900469)
epoch 9/20 train loss=0.0714 acc=0.9956 em=0.9323 | val loss=0.1627 acc=0.9721 em=0.6375 | random≈0.0013
  saved best_loss.pt (val_answer_loss=0.162728)
  saved best_acc.pt (val_answer_accuracy=0.972094)
epoch 10/20 train loss=0.0247 acc=0.9999 em=0.9977 | val loss=0.0783 acc=0.9869 em=0.8090 | random≈0.0013
  saved best_loss.pt (val_answer_loss=0.078251)
  saved best_acc.pt (val_answer_accuracy=0.986875)
epoch 11/20 train loss=0.0132 acc=1.0000 em=0.9999 | val loss=0.0526 acc=0.9921 em=0.8770 | random≈0.0013
  saved best_loss.pt (val_answer_loss=0.052625)
  saved best_acc.pt (val_answer_accuracy=0.992094)
epoch 12/20 train loss=0.0090 acc=1.0000 em=1.0000 | val loss=0.0418 acc=0.9932 em=0.8945 | random≈0.0013
  saved best_loss.pt (val_answer_loss=0.041816)
  saved best_acc.pt (val_answer_accuracy=0.993219)
epoch 13/20 train loss=0.0067 acc=1.0000 em=1.0000 | val loss=0.0357 acc=0.9945 em=0.9140 | random≈0.0013
  saved best_loss.pt (val_answer_loss=0.035734)
  saved best_acc.pt (val_answer_accuracy=0.994469)
epoch 14/20 train loss=0.0053 acc=1.0000 em=1.0000 | val loss=0.0310 acc=0.9948 em=0.9185 | random≈0.0013
  saved best_loss.pt (val_answer_loss=0.030972)
  saved best_acc.pt (val_answer_accuracy=0.994812)
epoch 15/20 train loss=0.0043 acc=1.0000 em=1.0000 | val loss=0.0275 acc=0.9955 em=0.9305 | random≈0.0013
  saved best_loss.pt (val_answer_loss=0.027472)
  saved best_acc.pt (val_answer_accuracy=0.995531)
epoch 16/20 train loss=0.0036 acc=1.0000 em=1.0000 | val loss=0.0246 acc=0.9958 em=0.9345 | random≈0.0013
  saved best_loss.pt (val_answer_loss=0.024570)
  saved best_acc.pt (val_answer_accuracy=0.995812)
epoch 17/20 train loss=0.0030 acc=1.0000 em=1.0000 | val loss=0.0224 acc=0.9961 em=0.9395 | random≈0.0013
  saved best_loss.pt (val_answer_loss=0.022393)
  saved best_acc.pt (val_answer_accuracy=0.996125)
epoch 18/20 train loss=0.0026 acc=1.0000 em=1.0000 | val loss=0.0206 acc=0.9967 em=0.9475 | random≈0.0013
  saved best_loss.pt (val_answer_loss=0.020570)
  saved best_acc.pt (val_answer_accuracy=0.996656)
epoch 19/20 train loss=0.0022 acc=1.0000 em=1.0000 | val loss=0.0188 acc=0.9968 em=0.9500 | random≈0.0013
  saved best_loss.pt (val_answer_loss=0.018813)
  saved best_acc.pt (val_answer_accuracy=0.996812)
epoch 20/20 train loss=0.0019 acc=1.0000 em=1.0000 | val loss=0.0171 acc=0.9971 em=0.9535 | random≈0.0013
  saved best_loss.pt (val_answer_loss=0.017150)
  saved best_acc.pt (val_answer_accuracy=0.997062)
test [best_loss_ckpt] loss=0.017198 acc=0.997094 em=0.956000
test [best_acc_ckpt]  loss=0.017198 acc=0.997094 em=0.956000 random_baseline≈0.001302
done. meta_metrics → /home/jovyan/shares/SR008.fs2/nvidenisov/other/repos/mamba/mamba_multi_scale_get_started/outputs/MQARFailureSweep/mqar_fail_mamba2_slow_init_v768_seed45/meta_metrics.csv
