experiment=archeval_lm_ms_gated_right_init_seed44 device=cuda:0 out_dir=/home/jovyan/shares/SR008.fs2/nvidenisov/other/repos/mamba/mamba_multi_scale_get_started/outputs/ArchEval/lm_ms_gated_right_init_seed44
early_stopping: patience=3 min_delta=0.0001 (disable with train.early_stopping.patience=0)
epoch 1/10 train_loss=3.0849 val_loss=2.4949 val_ppl=12.12 val_bpc=3.5994
  saved best.pt (val_loss=2.494940)
epoch 2/10 train_loss=2.2647 val_loss=2.1506 val_ppl=8.59 val_bpc=3.1026
  saved best.pt (val_loss=2.150576)
epoch 3/10 train_loss=1.9837 val_loss=1.9736 val_ppl=7.20 val_bpc=2.8473
  saved best.pt (val_loss=1.973625)
epoch 4/10 train_loss=1.8019 val_loss=1.8578 val_ppl=6.41 val_bpc=2.6802
  saved best.pt (val_loss=1.857802)
epoch 5/10 train_loss=1.6684 val_loss=1.7740 val_ppl=5.89 val_bpc=2.5593
  saved best.pt (val_loss=1.773993)
epoch 6/10 train_loss=1.5729 val_loss=1.7125 val_ppl=5.54 val_bpc=2.4705
  saved best.pt (val_loss=1.712450)
epoch 7/10 train_loss=1.5037 val_loss=1.6666 val_ppl=5.29 val_bpc=2.4044
  saved best.pt (val_loss=1.666615)
epoch 8/10 train_loss=1.4566 val_loss=1.6244 val_ppl=5.08 val_bpc=2.3435
  saved best.pt (val_loss=1.624396)
epoch 9/10 train_loss=1.4091 val_loss=1.5988 val_ppl=4.95 val_bpc=2.3066
  saved best.pt (val_loss=1.598795)
epoch 10/10 train_loss=1.3793 val_loss=1.5707 val_ppl=4.81 val_bpc=2.2660
  saved best.pt (val_loss=1.570690)
meta_metrics: train=28.51s eval=245.54s loop=281.52s setup=3.07s → meta_metrics.csv
