mqar_split_hashes: n_train=20000 uniq_train=20000 | n_val=2000 uniq_val=2000 | n_test=2000 uniq_test=2000
mqar_answer_positions[train]: min=16 mean=16.0000 max=16 (expected 16 per sample)
mqar_answer_positions[val]: min=16 mean=16.0000 max=16 (expected 16 per sample)
mqar_answer_positions[test]: min=16 mean=16.0000 max=16 (expected 16 per sample)
experiment=archeval_mqar_easy_mamba2_depth4_d_conv_2_seed43 device=cuda:0 out_dir=/home/jovyan/shares/SR008.fs2/nvidenisov/other/repos/mamba/mamba_multi_scale_get_started/outputs/ArchEval/mqar_easy_mamba2_depth4_d_conv_2_seed43
mqar data: fixed_examples=True random_baseline_acc≈1/vocab=0.001953 (vocab_size=512)
--- mqar resolved config (sanity) ---
  experiment.name: archeval_mqar_easy_mamba2_depth4_d_conv_2_seed43
  model.backbone: mamba2_lm
  model.layer_headdims: [32, 32, 32, 32]
  model.multiscale.fast_layer_headdims: —
  model.multiscale.slow_layer_headdims: —
  model.multiscale.window_size: —
  model.multiscale.offsets: —
  model.multiscale.summary_mode: —
  model.multiscale.causal_mode: —
  model.multiscale.gate_type: —
  data.input_seq_len: 128
  data.num_kv_pairs: 16
  data.vocab_size: 512
  data.train_examples: 20000  val_examples: 2000  test_examples: 2000
  data.fixed_examples: True
  data.min_query_pos: null
  train.lr: 0.0003
  train.epochs: 20
  num_parameters_trainable: 1927104
  tags(backbone,fusion,stride): mamba2_lm, , 
--- end resolved config ---
epoch 1/20 train loss=5.5509 acc=0.0049 em=0.0000 | val loss=5.5614 acc=0.0037 em=0.0000 | random≈0.0020
  saved best_loss.pt (val_answer_loss=5.561388)
  saved best_acc.pt (val_answer_accuracy=0.003719)
epoch 2/20 train loss=5.4943 acc=0.0257 em=0.0000 | val loss=5.5288 acc=0.0238 em=0.0000 | random≈0.0020
  saved best_loss.pt (val_answer_loss=5.528771)
  saved best_acc.pt (val_answer_accuracy=0.023750)
epoch 3/20 train loss=5.2485 acc=0.0605 em=0.0000 | val loss=5.3509 acc=0.0549 em=0.0000 | random≈0.0020
  saved best_loss.pt (val_answer_loss=5.350854)
  saved best_acc.pt (val_answer_accuracy=0.054938)
epoch 4/20 train loss=3.3932 acc=0.3965 em=0.0000 | val loss=3.5095 acc=0.3812 em=0.0000 | random≈0.0020
  saved best_loss.pt (val_answer_loss=3.509460)
  saved best_acc.pt (val_answer_accuracy=0.381188)
epoch 5/20 train loss=0.2305 acc=0.9782 em=0.7085 | val loss=0.2699 acc=0.9681 em=0.5975 | random≈0.0020
  saved best_loss.pt (val_answer_loss=0.269890)
  saved best_acc.pt (val_answer_accuracy=0.968125)
epoch 6/20 train loss=0.0339 acc=0.9978 em=0.9665 | val loss=0.0508 acc=0.9931 em=0.8980 | random≈0.0020
  saved best_loss.pt (val_answer_loss=0.050790)
  saved best_acc.pt (val_answer_accuracy=0.993125)
epoch 7/20 train loss=0.0096 acc=0.9999 em=0.9981 | val loss=0.0183 acc=0.9978 em=0.9650 | random≈0.0020
  saved best_loss.pt (val_answer_loss=0.018268)
  saved best_acc.pt (val_answer_accuracy=0.997812)
epoch 8/20 train loss=0.0046 acc=1.0000 em=1.0000 | val loss=0.0105 acc=0.9990 em=0.9835 | random≈0.0020
  saved best_loss.pt (val_answer_loss=0.010467)
  saved best_acc.pt (val_answer_accuracy=0.998969)
epoch 9/20 train loss=0.0031 acc=1.0000 em=1.0000 | val loss=0.0077 acc=0.9992 em=0.9880 | random≈0.0020
  saved best_loss.pt (val_answer_loss=0.007731)
  saved best_acc.pt (val_answer_accuracy=0.999250)
epoch 10/20 train loss=0.0023 acc=1.0000 em=1.0000 | val loss=0.0063 acc=0.9993 em=0.9885 | random≈0.0020
  saved best_loss.pt (val_answer_loss=0.006331)
epoch 11/20 train loss=0.0018 acc=1.0000 em=1.0000 | val loss=0.0055 acc=0.9994 em=0.9900 | random≈0.0020
  saved best_loss.pt (val_answer_loss=0.005455)
  saved best_acc.pt (val_answer_accuracy=0.999375)
epoch 12/20 train loss=0.0015 acc=1.0000 em=1.0000 | val loss=0.0048 acc=0.9994 em=0.9905 | random≈0.0020
  saved best_loss.pt (val_answer_loss=0.004754)
epoch 13/20 train loss=0.0012 acc=1.0000 em=1.0000 | val loss=0.0042 acc=0.9995 em=0.9915 | random≈0.0020
  saved best_loss.pt (val_answer_loss=0.004248)
epoch 14/20 train loss=0.0010 acc=1.0000 em=1.0000 | val loss=0.0037 acc=0.9995 em=0.9925 | random≈0.0020
  saved best_loss.pt (val_answer_loss=0.003720)
  saved best_acc.pt (val_answer_accuracy=0.999531)
epoch 15/20 train loss=0.0009 acc=1.0000 em=1.0000 | val loss=0.0034 acc=0.9996 em=0.9930 | random≈0.0020
  saved best_loss.pt (val_answer_loss=0.003385)
epoch 16/20 train loss=0.0008 acc=1.0000 em=1.0000 | val loss=0.0030 acc=0.9996 em=0.9935 | random≈0.0020
  saved best_loss.pt (val_answer_loss=0.003049)
epoch 17/20 train loss=0.0007 acc=1.0000 em=1.0000 | val loss=0.0028 acc=0.9997 em=0.9950 | random≈0.0020
  saved best_loss.pt (val_answer_loss=0.002813)
  saved best_acc.pt (val_answer_accuracy=0.999687)
epoch 18/20 train loss=0.0006 acc=1.0000 em=1.0000 | val loss=0.0026 acc=0.9997 em=0.9945 | random≈0.0020
  saved best_loss.pt (val_answer_loss=0.002589)
epoch 19/20 train loss=0.0005 acc=1.0000 em=1.0000 | val loss=0.0024 acc=0.9997 em=0.9950 | random≈0.0020
  saved best_loss.pt (val_answer_loss=0.002443)
epoch 20/20 train loss=0.0004 acc=1.0000 em=1.0000 | val loss=0.0023 acc=0.9996 em=0.9940 | random≈0.0020
  saved best_loss.pt (val_answer_loss=0.002269)
test [best_loss_ckpt] loss=0.003327 acc=0.999313 em=0.989500
test [best_acc_ckpt]  loss=0.003925 acc=0.999281 em=0.989000 random_baseline≈0.001953
done. meta_metrics → /home/jovyan/shares/SR008.fs2/nvidenisov/other/repos/mamba/mamba_multi_scale_get_started/outputs/ArchEval/mqar_easy_mamba2_depth4_d_conv_2_seed43/meta_metrics.csv
