======== sanity_pm_lr3em4_do0p1_seed42 ========
gpu=3 lr=3e-4 dropout=0.1 seed=42
cmd: /home/jovyan/.mlspace/envs/nvidenisov-other-4/bin/python code/train_lm.py --config /home/jovyan/shares/SR008.fs2/nvidenisov/other/repos/mamba/mamba_multi_scale_get_started/configs/TinyShakespeare/tiny_shakespeare_transformer_param_match.yaml experiment.name=sanity_pm_lr3em4_do0p1_seed42 logging.output_dir=/home/jovyan/shares/SR008.fs2/nvidenisov/other/repos/mamba/mamba_multi_scale_get_started/outputs/TransformerLMSanity/sanity_pm_lr3em4_do0p1_seed42 train.lr=3e-4 model.transformer.dropout=0.1 train.epochs=20 train.early_stopping.patience=5 experiment.seed=42 loader.batch_size=128 loader.num_workers=0 cuda_device=0 device=cuda:0

experiment=sanity_pm_lr3em4_do0p1_seed42 device=cuda:0 out_dir=/home/jovyan/shares/SR008.fs2/nvidenisov/other/repos/mamba/mamba_multi_scale_get_started/outputs/TransformerLMSanity/sanity_pm_lr3em4_do0p1_seed42
early_stopping: patience=5 min_delta=0.0001 (disable with train.early_stopping.patience=0)
epoch 1/20 train_loss=3.4306 val_loss=3.0447 val_ppl=21.00 val_bpc=4.3926
  saved best.pt (val_loss=3.044730)
epoch 2/20 train_loss=2.8969 val_loss=2.7914 val_ppl=16.30 val_bpc=4.0272
  saved best.pt (val_loss=2.791414)
epoch 3/20 train_loss=2.7256 val_loss=2.6647 val_ppl=14.36 val_bpc=3.8444
  saved best.pt (val_loss=2.664718)
epoch 4/20 train_loss=2.6352 val_loss=2.5893 val_ppl=13.32 val_bpc=3.7355
  saved best.pt (val_loss=2.589257)
epoch 5/20 train_loss=2.5846 val_loss=2.5501 val_ppl=12.81 val_bpc=3.6791
  saved best.pt (val_loss=2.550148)
epoch 6/20 train_loss=2.5584 val_loss=2.5265 val_ppl=12.51 val_bpc=3.6449
  saved best.pt (val_loss=2.526483)
epoch 7/20 train_loss=2.5373 val_loss=2.5133 val_ppl=12.35 val_bpc=3.6260
  saved best.pt (val_loss=2.513338)
epoch 8/20 train_loss=2.5235 val_loss=2.5042 val_ppl=12.23 val_bpc=3.6127
  saved best.pt (val_loss=2.504153)
epoch 9/20 train_loss=2.5088 val_loss=2.4927 val_ppl=12.09 val_bpc=3.5962
  saved best.pt (val_loss=2.492723)
epoch 10/20 train_loss=2.4999 val_loss=2.4850 val_ppl=12.00 val_bpc=3.5851
  saved best.pt (val_loss=2.485033)
epoch 11/20 train_loss=2.4912 val_loss=2.4780 val_ppl=11.92 val_bpc=3.5750
  saved best.pt (val_loss=2.478022)
epoch 12/20 train_loss=2.4835 val_loss=2.4712 val_ppl=11.84 val_bpc=3.5652
  saved best.pt (val_loss=2.471238)
epoch 13/20 train_loss=2.4736 val_loss=2.4669 val_ppl=11.79 val_bpc=3.5590
  saved best.pt (val_loss=2.466878)
epoch 14/20 train_loss=2.4680 val_loss=2.4600 val_ppl=11.70 val_bpc=3.5490
  saved best.pt (val_loss=2.459964)
epoch 15/20 train_loss=2.4651 val_loss=2.4521 val_ppl=11.61 val_bpc=3.5376
  saved best.pt (val_loss=2.452096)
epoch 16/20 train_loss=2.4521 val_loss=2.4458 val_ppl=11.54 val_bpc=3.5286
  saved best.pt (val_loss=2.445814)
epoch 17/20 train_loss=2.4441 val_loss=2.4347 val_ppl=11.41 val_bpc=3.5126
  saved best.pt (val_loss=2.434725)
epoch 18/20 train_loss=2.4344 val_loss=2.4262 val_ppl=11.32 val_bpc=3.5003
  saved best.pt (val_loss=2.426204)
epoch 19/20 train_loss=2.4280 val_loss=2.4159 val_ppl=11.20 val_bpc=3.4854
  saved best.pt (val_loss=2.415893)
epoch 20/20 train_loss=2.4141 val_loss=2.4051 val_ppl=11.08 val_bpc=3.4698
  saved best.pt (val_loss=2.405091)
meta_metrics: train=11.04s eval=192.77s loop=207.02s setup=2.60s → meta_metrics.csv

======== finished sanity_pm_lr3em4_do0p1_seed42 rc=0 elapsed_sec=217.9 ========
