mqar_split_hashes: n_train=20000 uniq_train=20000 | n_val=2000 uniq_val=2000 | n_test=2000 uniq_test=2000
mqar_answer_positions[train]: min=16 mean=16.0000 max=16 (expected 16 per sample)
mqar_answer_positions[val]: min=16 mean=16.0000 max=16 (expected 16 per sample)
mqar_answer_positions[test]: min=16 mean=16.0000 max=16 (expected 16 per sample)
experiment=archeval_mqar_easy_ms_gated_right_init_seed42 device=cuda:0 out_dir=/home/jovyan/shares/SR008.fs2/nvidenisov/other/repos/mamba/mamba_multi_scale_get_started/outputs/ArchEval/mqar_easy_ms_gated_right_init_seed42
mqar data: fixed_examples=True random_baseline_acc≈1/vocab=0.001953 (vocab_size=512)
--- mqar resolved config (sanity) ---
  experiment.name: archeval_mqar_easy_ms_gated_right_init_seed42
  model.backbone: multiscale_mamba2_lm
  model.layer_headdims: [32, 32, 32, 32]
  model.multiscale.fast_layer_headdims: [32, 32, 32, 32]
  model.multiscale.slow_layer_headdims: [32, 32]
  model.multiscale.window_size: —
  model.multiscale.offsets: —
  model.multiscale.summary_mode: —
  model.multiscale.causal_mode: —
  model.multiscale.gate_type: —
  data.input_seq_len: 128
  data.num_kv_pairs: 16
  data.vocab_size: 512
  data.train_examples: 20000  val_examples: 2000  test_examples: 2000
  data.fixed_examples: True
  data.min_query_pos: null
  train.lr: 0.0003
  train.epochs: 20
  num_parameters_trainable: 2898336
  tags(backbone,fusion,stride): multiscale_mamba2_lm, gated, 2
--- end resolved config ---
epoch 1/20 train loss=5.5488 acc=0.0050 em=0.0000 | val loss=5.5608 acc=0.0042 em=0.0000 | random≈0.0020
  saved best_loss.pt (val_answer_loss=5.560814)
  saved best_acc.pt (val_answer_accuracy=0.004188)
epoch 2/20 train loss=5.4395 acc=0.0379 em=0.0000 | val loss=5.4891 acc=0.0363 em=0.0000 | random≈0.0020
  saved best_loss.pt (val_answer_loss=5.489081)
  saved best_acc.pt (val_answer_accuracy=0.036344)
epoch 3/20 train loss=5.0926 acc=0.0682 em=0.0000 | val loss=5.2525 acc=0.0570 em=0.0000 | random≈0.0020
  saved best_loss.pt (val_answer_loss=5.252548)
  saved best_acc.pt (val_answer_accuracy=0.057000)
epoch 4/20 train loss=3.1518 acc=0.3966 em=0.0000 | val loss=3.3819 acc=0.3575 em=0.0000 | random≈0.0020
  saved best_loss.pt (val_answer_loss=3.381852)
  saved best_acc.pt (val_answer_accuracy=0.357531)
epoch 5/20 train loss=0.3584 acc=0.9471 em=0.4199 | val loss=0.4557 acc=0.9188 em=0.2520 | random≈0.0020
  saved best_loss.pt (val_answer_loss=0.455721)
  saved best_acc.pt (val_answer_accuracy=0.918844)
epoch 6/20 train loss=0.0452 acc=0.9972 em=0.9554 | val loss=0.0777 acc=0.9892 em=0.8420 | random≈0.0020
  saved best_loss.pt (val_answer_loss=0.077665)
  saved best_acc.pt (val_answer_accuracy=0.989219)
epoch 7/20 train loss=0.0138 acc=0.9999 em=0.9988 | val loss=0.0327 acc=0.9955 em=0.9290 | random≈0.0020
  saved best_loss.pt (val_answer_loss=0.032704)
  saved best_acc.pt (val_answer_accuracy=0.995531)
epoch 8/20 train loss=0.0069 acc=1.0000 em=0.9999 | val loss=0.0204 acc=0.9974 em=0.9590 | random≈0.0020
  saved best_loss.pt (val_answer_loss=0.020439)
  saved best_acc.pt (val_answer_accuracy=0.997406)
epoch 9/20 train loss=0.0045 acc=1.0000 em=1.0000 | val loss=0.0153 acc=0.9978 em=0.9650 | random≈0.0020
  saved best_loss.pt (val_answer_loss=0.015321)
  saved best_acc.pt (val_answer_accuracy=0.997781)
epoch 10/20 train loss=0.0033 acc=1.0000 em=1.0000 | val loss=0.0126 acc=0.9982 em=0.9710 | random≈0.0020
  saved best_loss.pt (val_answer_loss=0.012572)
  saved best_acc.pt (val_answer_accuracy=0.998188)
epoch 11/20 train loss=0.0026 acc=1.0000 em=1.0000 | val loss=0.0108 acc=0.9983 em=0.9740 | random≈0.0020
  saved best_loss.pt (val_answer_loss=0.010815)
  saved best_acc.pt (val_answer_accuracy=0.998344)
epoch 12/20 train loss=0.0021 acc=1.0000 em=1.0000 | val loss=0.0095 acc=0.9984 em=0.9740 | random≈0.0020
  saved best_loss.pt (val_answer_loss=0.009536)
epoch 13/20 train loss=0.0017 acc=1.0000 em=1.0000 | val loss=0.0084 acc=0.9985 em=0.9765 | random≈0.0020
  saved best_loss.pt (val_answer_loss=0.008414)
  saved best_acc.pt (val_answer_accuracy=0.998531)
epoch 14/20 train loss=0.0014 acc=1.0000 em=1.0000 | val loss=0.0076 acc=0.9986 em=0.9780 | random≈0.0020
  saved best_loss.pt (val_answer_loss=0.007578)
epoch 15/20 train loss=0.0012 acc=1.0000 em=1.0000 | val loss=0.0068 acc=0.9988 em=0.9810 | random≈0.0020
  saved best_loss.pt (val_answer_loss=0.006835)
  saved best_acc.pt (val_answer_accuracy=0.998812)
epoch 16/20 train loss=0.0010 acc=1.0000 em=1.0000 | val loss=0.0063 acc=0.9989 em=0.9825 | random≈0.0020
  saved best_loss.pt (val_answer_loss=0.006303)
epoch 17/20 train loss=0.0009 acc=1.0000 em=1.0000 | val loss=0.0057 acc=0.9990 em=0.9835 | random≈0.0020
  saved best_loss.pt (val_answer_loss=0.005685)
  saved best_acc.pt (val_answer_accuracy=0.998969)
epoch 18/20 train loss=0.0008 acc=1.0000 em=1.0000 | val loss=0.0053 acc=0.9990 em=0.9840 | random≈0.0020
  saved best_loss.pt (val_answer_loss=0.005273)
epoch 19/20 train loss=0.0007 acc=1.0000 em=1.0000 | val loss=0.0049 acc=0.9991 em=0.9850 | random≈0.0020
  saved best_loss.pt (val_answer_loss=0.004917)
epoch 20/20 train loss=0.0006 acc=1.0000 em=1.0000 | val loss=0.0045 acc=0.9992 em=0.9865 | random≈0.0020
  saved best_loss.pt (val_answer_loss=0.004537)
  saved best_acc.pt (val_answer_accuracy=0.999156)
test [best_loss_ckpt] loss=0.005593 acc=0.998594 em=0.977500
test [best_acc_ckpt]  loss=0.005593 acc=0.998594 em=0.977500 random_baseline≈0.001953
done. meta_metrics → /home/jovyan/shares/SR008.fs2/nvidenisov/other/repos/mamba/mamba_multi_scale_get_started/outputs/ArchEval/mqar_easy_ms_gated_right_init_seed42/meta_metrics.csv
