mqar_split_hashes: n_train=20000 uniq_train=20000 | n_val=2000 uniq_val=2000 | n_test=2000 uniq_test=2000
mqar_answer_positions[train]: min=16 mean=16.0000 max=16 (expected 16 per sample)
mqar_answer_positions[val]: min=16 mean=16.0000 max=16 (expected 16 per sample)
mqar_answer_positions[test]: min=16 mean=16.0000 max=16 (expected 16 per sample)
experiment=archeval_mqar_trans768_ms_window_ws8_o0_seed42 device=cuda:0 out_dir=/home/jovyan/shares/SR008.fs2/nvidenisov/other/repos/mamba/mamba_multi_scale_get_started/outputs/ArchEval/mqar_trans768_ms_window_ws8_o0_seed42
mqar data: fixed_examples=True random_baseline_acc≈1/vocab=0.001302 (vocab_size=768)
--- mqar resolved config (sanity) ---
  experiment.name: archeval_mqar_trans768_ms_window_ws8_o0_seed42
  model.backbone: multiscale_mamba2_window_summary_lm
  model.layer_headdims: [32, 32, 32, 32]
  model.multiscale.fast_layer_headdims: —
  model.multiscale.slow_layer_headdims: [32, 32]
  data.input_seq_len: 128
  data.num_kv_pairs: 16
  data.vocab_size: 768
  data.train_examples: 20000  val_examples: 2000  test_examples: 2000
  data.fixed_examples: True
  data.min_query_pos: null
  train.lr: 0.0003
  train.epochs: 20
  num_parameters_trainable: 3028640
  tags(backbone,fusion,stride): multiscale_mamba2_window_summary_lm, window_residual_gated, 
--- end resolved config ---
epoch 1/20 train loss=5.9510 acc=0.0035 em=0.0000 | val loss=5.9674 acc=0.0024 em=0.0000 | random≈0.0013
  saved best_loss.pt (val_answer_loss=5.967411)
  saved best_acc.pt (val_answer_accuracy=0.002375)
epoch 2/20 train loss=5.8459 acc=0.0113 em=0.0000 | val loss=5.9376 acc=0.0051 em=0.0000 | random≈0.0013
  saved best_loss.pt (val_answer_loss=5.937614)
  saved best_acc.pt (val_answer_accuracy=0.005094)
epoch 3/20 train loss=5.3197 acc=0.0590 em=0.0000 | val loss=5.6476 acc=0.0231 em=0.0000 | random≈0.0013
  saved best_loss.pt (val_answer_loss=5.647622)
  saved best_acc.pt (val_answer_accuracy=0.023125)
epoch 4/20 train loss=4.7082 acc=0.1196 em=0.0000 | val loss=5.3339 acc=0.0398 em=0.0000 | random≈0.0013
  saved best_loss.pt (val_answer_loss=5.333899)
  saved best_acc.pt (val_answer_accuracy=0.039781)
epoch 5/20 train loss=4.0458 acc=0.1925 em=0.0000 | val loss=5.0321 acc=0.0527 em=0.0000 | random≈0.0013
  saved best_loss.pt (val_answer_loss=5.032115)
  saved best_acc.pt (val_answer_accuracy=0.052656)
epoch 6/20 train loss=3.4401 acc=0.2913 em=0.0000 | val loss=4.9615 acc=0.0541 em=0.0000 | random≈0.0013
  saved best_loss.pt (val_answer_loss=4.961517)
  saved best_acc.pt (val_answer_accuracy=0.054125)
epoch 7/20 train loss=2.8730 acc=0.4085 em=0.0000 | val loss=5.0227 acc=0.0534 em=0.0000 | random≈0.0013
epoch 8/20 train loss=2.3456 acc=0.5327 em=0.0001 | val loss=5.1708 acc=0.0513 em=0.0000 | random≈0.0013
epoch 9/20 train loss=1.8813 acc=0.6449 em=0.0009 | val loss=5.3595 acc=0.0490 em=0.0000 | random≈0.0013
epoch 10/20 train loss=1.4779 acc=0.7425 em=0.0118 | val loss=5.5862 acc=0.0452 em=0.0000 | random≈0.0013
early stopping at epoch 10: val answer_loss did not improve by min_delta=0.0001 for 4 epochs
test [best_loss_ckpt] loss=4.968242 acc=0.053062 em=0.000000
test [best_acc_ckpt]  loss=4.968242 acc=0.053062 em=0.000000 random_baseline≈0.001302
done. meta_metrics → /home/jovyan/shares/SR008.fs2/nvidenisov/other/repos/mamba/mamba_multi_scale_get_started/outputs/ArchEval/mqar_trans768_ms_window_ws8_o0_seed42/meta_metrics.csv
mqar_split_hashes: n_train=20000 uniq_train=20000 | n_val=2000 uniq_val=2000 | n_test=2000 uniq_test=2000
mqar_answer_positions[train]: min=16 mean=16.0000 max=16 (expected 16 per sample)
mqar_answer_positions[val]: min=16 mean=16.0000 max=16 (expected 16 per sample)
mqar_answer_positions[test]: min=16 mean=16.0000 max=16 (expected 16 per sample)
experiment=archeval_mqar_trans768_ms_window_ws8_o0_seed42 device=cuda:0 out_dir=/home/jovyan/shares/SR008.fs2/nvidenisov/other/repos/mamba/mamba_multi_scale_get_started/outputs/ArchEval/mqar_trans768_ms_window_ws8_o0_seed42
mqar data: fixed_examples=True random_baseline_acc≈1/vocab=0.001302 (vocab_size=768)
--- mqar resolved config (sanity) ---
  experiment.name: archeval_mqar_trans768_ms_window_ws8_o0_seed42
  model.backbone: multiscale_mamba2_window_summary_lm
  model.layer_headdims: [32, 32, 32, 32]
  model.multiscale.fast_layer_headdims: —
  model.multiscale.slow_layer_headdims: [32, 32]
  model.multiscale.window_size: 8
  model.multiscale.offsets: [0]
  model.multiscale.summary_mode: mean
  model.multiscale.causal_mode: —
  model.multiscale.gate_type: vector
  data.input_seq_len: 128
  data.num_kv_pairs: 16
  data.vocab_size: 768
  data.train_examples: 20000  val_examples: 2000  test_examples: 2000
  data.fixed_examples: True
  data.min_query_pos: null
  train.lr: 0.0003
  train.epochs: 20
  num_parameters_trainable: 3028640
  tags(backbone,fusion,stride): multiscale_mamba2_window_summary_lm, window_residual_gated, 
--- end resolved config ---
epoch 1/20 train loss=5.9510 acc=0.0035 em=0.0000 | val loss=5.9674 acc=0.0024 em=0.0000 | random≈0.0013
  saved best_loss.pt (val_answer_loss=5.967411)
  saved best_acc.pt (val_answer_accuracy=0.002375)
epoch 2/20 train loss=5.8459 acc=0.0113 em=0.0000 | val loss=5.9376 acc=0.0051 em=0.0000 | random≈0.0013
  saved best_loss.pt (val_answer_loss=5.937613)
  saved best_acc.pt (val_answer_accuracy=0.005063)
epoch 3/20 train loss=5.3197 acc=0.0590 em=0.0000 | val loss=5.6476 acc=0.0231 em=0.0000 | random≈0.0013
  saved best_loss.pt (val_answer_loss=5.647619)
  saved best_acc.pt (val_answer_accuracy=0.023125)
epoch 4/20 train loss=4.7082 acc=0.1195 em=0.0000 | val loss=5.3339 acc=0.0397 em=0.0000 | random≈0.0013
  saved best_loss.pt (val_answer_loss=5.333897)
  saved best_acc.pt (val_answer_accuracy=0.039719)
epoch 5/20 train loss=4.0458 acc=0.1925 em=0.0000 | val loss=5.0321 acc=0.0526 em=0.0000 | random≈0.0013
  saved best_loss.pt (val_answer_loss=5.032107)
  saved best_acc.pt (val_answer_accuracy=0.052625)
epoch 6/20 train loss=3.4402 acc=0.2913 em=0.0000 | val loss=4.9615 acc=0.0542 em=0.0000 | random≈0.0013
  saved best_loss.pt (val_answer_loss=4.961509)
  saved best_acc.pt (val_answer_accuracy=0.054219)
epoch 7/20 train loss=2.8730 acc=0.4085 em=0.0000 | val loss=5.0226 acc=0.0534 em=0.0000 | random≈0.0013
epoch 8/20 train loss=2.3457 acc=0.5327 em=0.0001 | val loss=5.1708 acc=0.0513 em=0.0000 | random≈0.0013
epoch 9/20 train loss=1.8814 acc=0.6448 em=0.0009 | val loss=5.3595 acc=0.0490 em=0.0000 | random≈0.0013
epoch 10/20 train loss=1.4779 acc=0.7425 em=0.0117 | val loss=5.5862 acc=0.0452 em=0.0000 | random≈0.0013
early stopping at epoch 10: val answer_loss did not improve by min_delta=0.0001 for 4 epochs
test [best_loss_ckpt] loss=4.968230 acc=0.053000 em=0.000000
test [best_acc_ckpt]  loss=4.968230 acc=0.053000 em=0.000000 random_baseline≈0.001302
done. meta_metrics → /home/jovyan/shares/SR008.fs2/nvidenisov/other/repos/mamba/mamba_multi_scale_get_started/outputs/ArchEval/mqar_trans768_ms_window_ws8_o0_seed42/meta_metrics.csv
mqar_split_hashes: n_train=20000 uniq_train=20000 | n_val=2000 uniq_val=2000 | n_test=2000 uniq_test=2000
mqar_answer_positions[train]: min=16 mean=16.0000 max=16 (expected 16 per sample)
mqar_answer_positions[val]: min=16 mean=16.0000 max=16 (expected 16 per sample)
mqar_answer_positions[test]: min=16 mean=16.0000 max=16 (expected 16 per sample)
experiment=archeval_mqar_trans768_ms_window_ws8_o0_seed42 device=cuda:0 out_dir=/home/jovyan/shares/SR008.fs2/nvidenisov/other/repos/mamba/mamba_multi_scale_get_started/outputs/ArchEval/mqar_trans768_ms_window_ws8_o0_seed42
mqar data: fixed_examples=True random_baseline_acc≈1/vocab=0.001302 (vocab_size=768)
--- mqar resolved config (sanity) ---
  experiment.name: archeval_mqar_trans768_ms_window_ws8_o0_seed42
  model.backbone: multiscale_mamba2_window_summary_lm
  model.layer_headdims: [32, 32, 32, 32]
  model.multiscale.fast_layer_headdims: —
  model.multiscale.slow_layer_headdims: [32, 32]
  model.multiscale.window_size: 8
  model.multiscale.offsets: [0]
  model.multiscale.summary_mode: mean
  model.multiscale.causal_mode: —
  model.multiscale.gate_type: vector
  data.input_seq_len: 128
  data.num_kv_pairs: 16
  data.vocab_size: 768
  data.train_examples: 20000  val_examples: 2000  test_examples: 2000
  data.fixed_examples: True
  data.min_query_pos: null
  train.lr: 0.0003
  train.epochs: 20
  num_parameters_trainable: 3028640
  tags(backbone,fusion,stride): multiscale_mamba2_window_summary_lm, window_residual_gated, 
--- end resolved config ---
epoch 1/20 train loss=5.9510 acc=0.0035 em=0.0000 | val loss=5.9674 acc=0.0024 em=0.0000 | random≈0.0013
  saved best_loss.pt (val_answer_loss=5.967411)
  saved best_acc.pt (val_answer_accuracy=0.002375)
epoch 2/20 train loss=5.8459 acc=0.0113 em=0.0000 | val loss=5.9376 acc=0.0051 em=0.0000 | random≈0.0013
  saved best_loss.pt (val_answer_loss=5.937614)
  saved best_acc.pt (val_answer_accuracy=0.005094)
epoch 3/20 train loss=5.3197 acc=0.0590 em=0.0000 | val loss=5.6476 acc=0.0231 em=0.0000 | random≈0.0013
  saved best_loss.pt (val_answer_loss=5.647621)
  saved best_acc.pt (val_answer_accuracy=0.023094)
epoch 4/20 train loss=4.7082 acc=0.1195 em=0.0000 | val loss=5.3339 acc=0.0398 em=0.0000 | random≈0.0013
  saved best_loss.pt (val_answer_loss=5.333899)
  saved best_acc.pt (val_answer_accuracy=0.039781)
epoch 5/20 train loss=4.0458 acc=0.1925 em=0.0000 | val loss=5.0321 acc=0.0526 em=0.0000 | random≈0.0013
  saved best_loss.pt (val_answer_loss=5.032112)
  saved best_acc.pt (val_answer_accuracy=0.052625)
epoch 6/20 train loss=3.4401 acc=0.2913 em=0.0000 | val loss=4.9615 acc=0.0542 em=0.0000 | random≈0.0013
  saved best_loss.pt (val_answer_loss=4.961516)
  saved best_acc.pt (val_answer_accuracy=0.054187)
epoch 7/20 train loss=2.8730 acc=0.4085 em=0.0000 | val loss=5.0227 acc=0.0534 em=0.0000 | random≈0.0013
epoch 8/20 train loss=2.3457 acc=0.5327 em=0.0001 | val loss=5.1708 acc=0.0514 em=0.0000 | random≈0.0013
epoch 9/20 train loss=1.8814 acc=0.6449 em=0.0009 | val loss=5.3595 acc=0.0490 em=0.0000 | random≈0.0013
epoch 10/20 train loss=1.4779 acc=0.7425 em=0.0118 | val loss=5.5862 acc=0.0452 em=0.0000 | random≈0.0013
early stopping at epoch 10: val answer_loss did not improve by min_delta=0.0001 for 4 epochs
test [best_loss_ckpt] loss=4.968239 acc=0.053000 em=0.000000
test [best_acc_ckpt]  loss=4.968239 acc=0.053000 em=0.000000 random_baseline≈0.001302
done. meta_metrics → /home/jovyan/shares/SR008.fs2/nvidenisov/other/repos/mamba/mamba_multi_scale_get_started/outputs/ArchEval/mqar_trans768_ms_window_ws8_o0_seed42/meta_metrics.csv
mqar_split_hashes: n_train=20000 uniq_train=20000 | n_val=2000 uniq_val=2000 | n_test=2000 uniq_test=2000
mqar_answer_positions[train]: min=16 mean=16.0000 max=16 (expected 16 per sample)
mqar_answer_positions[val]: min=16 mean=16.0000 max=16 (expected 16 per sample)
mqar_answer_positions[test]: min=16 mean=16.0000 max=16 (expected 16 per sample)
experiment=archeval_mqar_trans768_ms_window_ws8_o0_seed42 device=cuda:0 out_dir=/home/jovyan/shares/SR008.fs2/nvidenisov/other/repos/mamba/mamba_multi_scale_get_started/outputs/ArchEval/mqar_trans768_ms_window_ws8_o0_seed42
mqar data: fixed_examples=True random_baseline_acc≈1/vocab=0.001302 (vocab_size=768)
--- mqar resolved config (sanity) ---
  experiment.name: archeval_mqar_trans768_ms_window_ws8_o0_seed42
  model.backbone: multiscale_mamba2_window_summary_lm
  model.layer_headdims: [32, 32, 32, 32]
  model.multiscale.fast_layer_headdims: —
  model.multiscale.slow_layer_headdims: [32, 32]
  model.multiscale.window_size: 8
  model.multiscale.offsets: [0]
  model.multiscale.summary_mode: last
  model.multiscale.causal_mode: completed
  model.multiscale.gate_type: vector
  data.input_seq_len: 128
  data.num_kv_pairs: 16
  data.vocab_size: 768
  data.train_examples: 20000  val_examples: 2000  test_examples: 2000
  data.fixed_examples: True
  data.min_query_pos: null
  train.lr: 0.0003
  train.epochs: 20
  num_parameters_trainable: 3028640
  tags(backbone,fusion,stride): multiscale_mamba2_window_summary_lm, window_residual_gated, 
--- end resolved config ---
epoch 1/20 train loss=5.9529 acc=0.0034 em=0.0000 | val loss=5.9693 acc=0.0026 em=0.0000 | random≈0.0013
  saved best_loss.pt (val_answer_loss=5.969264)
  saved best_acc.pt (val_answer_accuracy=0.002563)
epoch 2/20 train loss=5.9072 acc=0.0095 em=0.0000 | val loss=5.9693 acc=0.0050 em=0.0000 | random≈0.0013
  saved best_acc.pt (val_answer_accuracy=0.004969)
epoch 3/20 train loss=5.7307 acc=0.0278 em=0.0000 | val loss=5.9636 acc=0.0175 em=0.0000 | random≈0.0013
  saved best_loss.pt (val_answer_loss=5.963634)
  saved best_acc.pt (val_answer_accuracy=0.017500)
epoch 4/20 train loss=5.3725 acc=0.0607 em=0.0000 | val loss=6.0036 acc=0.0214 em=0.0000 | random≈0.0013
  saved best_acc.pt (val_answer_accuracy=0.021406)
epoch 5/20 train loss=4.9015 acc=0.1249 em=0.0000 | val loss=6.0812 acc=0.0200 em=0.0000 | random≈0.0013
epoch 6/20 train loss=4.3594 acc=0.2150 em=0.0000 | val loss=6.2160 acc=0.0167 em=0.0000 | random≈0.0013
epoch 7/20 train loss=3.8084 acc=0.3138 em=0.0000 | val loss=6.4044 acc=0.0141 em=0.0000 | random≈0.0013
early stopping at epoch 7: val answer_loss did not improve by min_delta=0.0001 for 4 epochs
test [best_loss_ckpt] loss=5.963290 acc=0.017063 em=0.000000
test [best_acc_ckpt]  loss=6.000181 acc=0.021500 em=0.000000 random_baseline≈0.001302
done. meta_metrics → /home/jovyan/shares/SR008.fs2/nvidenisov/other/repos/mamba/mamba_multi_scale_get_started/outputs/ArchEval/mqar_trans768_ms_window_ws8_o0_seed42/meta_metrics.csv
