mqar_split_hashes: n_train=20000 uniq_train=20000 | n_val=2000 uniq_val=2000 | n_test=2000 uniq_test=2000
mqar_answer_positions[train]: min=16 mean=16.0000 max=16 (expected 16 per sample)
mqar_answer_positions[val]: min=16 mean=16.0000 max=16 (expected 16 per sample)
mqar_answer_positions[test]: min=16 mean=16.0000 max=16 (expected 16 per sample)
experiment=mqar_fail_mamba2_split_ts_slow_veryslow_v768_seed46 device=cuda:0 out_dir=/home/jovyan/shares/SR008.fs2/nvidenisov/other/repos/mamba/mamba_multi_scale_get_started/outputs/MQARFailureSweep/mqar_fail_mamba2_split_ts_slow_veryslow_v768_seed46
mqar data: fixed_examples=True random_baseline_acc≈1/vocab=0.001302 (vocab_size=768)
--- mqar resolved config (sanity) ---
  experiment.name: mqar_fail_mamba2_split_ts_slow_veryslow_v768_seed46
  model.backbone: mamba2_lm
  model.layer_headdims: [32, 32, 32, 32]
  model.multiscale.fast_layer_headdims: —
  model.multiscale.slow_layer_headdims: —
  model.multiscale.window_size: —
  model.multiscale.offsets: —
  model.multiscale.summary_mode: —
  model.multiscale.causal_mode: —
  model.multiscale.gate_type: —
  data.input_seq_len: 128
  data.num_kv_pairs: 16
  data.vocab_size: 768
  data.train_examples: 20000  val_examples: 2000  test_examples: 2000
  data.fixed_examples: True
  data.min_query_pos: null
  train.lr: 0.0003
  train.epochs: 20
  num_parameters_trainable: 2063040
  tags(backbone,fusion,stride): mamba2_lm, , 
--- end resolved config ---
epoch 1/20 train loss=5.9561 acc=0.0035 em=0.0000 | val loss=5.9717 acc=0.0027 em=0.0000 | random≈0.0013
  saved best_loss.pt (val_answer_loss=5.971728)
  saved best_acc.pt (val_answer_accuracy=0.002687)
epoch 2/20 train loss=5.9201 acc=0.0084 em=0.0000 | val loss=5.9668 acc=0.0059 em=0.0000 | random≈0.0013
  saved best_loss.pt (val_answer_loss=5.966838)
  saved best_acc.pt (val_answer_accuracy=0.005906)
epoch 3/20 train loss=5.6957 acc=0.0488 em=0.0000 | val loss=5.8592 acc=0.0416 em=0.0000 | random≈0.0013
  saved best_loss.pt (val_answer_loss=5.859188)
  saved best_acc.pt (val_answer_accuracy=0.041625)
epoch 4/20 train loss=4.4251 acc=0.2470 em=0.0000 | val loss=4.6870 acc=0.2126 em=0.0000 | random≈0.0013
  saved best_loss.pt (val_answer_loss=4.686967)
  saved best_acc.pt (val_answer_accuracy=0.212625)
epoch 5/20 train loss=0.9900 acc=0.7975 em=0.0232 | val loss=1.1388 acc=0.7562 em=0.0075 | random≈0.0013
  saved best_loss.pt (val_answer_loss=1.138830)
  saved best_acc.pt (val_answer_accuracy=0.756156)
epoch 6/20 train loss=0.1795 acc=0.9788 em=0.7126 | val loss=0.2545 acc=0.9560 em=0.4855 | random≈0.0013
  saved best_loss.pt (val_answer_loss=0.254480)
  saved best_acc.pt (val_answer_accuracy=0.956031)
epoch 7/20 train loss=0.0433 acc=0.9979 em=0.9664 | val loss=0.0824 acc=0.9872 em=0.8105 | random≈0.0013
  saved best_loss.pt (val_answer_loss=0.082383)
  saved best_acc.pt (val_answer_accuracy=0.987219)
epoch 8/20 train loss=0.0163 acc=1.0000 em=0.9995 | val loss=0.0432 acc=0.9937 em=0.9045 | random≈0.0013
  saved best_loss.pt (val_answer_loss=0.043164)
  saved best_acc.pt (val_answer_accuracy=0.993656)
epoch 9/20 train loss=0.0092 acc=1.0000 em=1.0000 | val loss=0.0295 acc=0.9952 em=0.9260 | random≈0.0013
  saved best_loss.pt (val_answer_loss=0.029508)
  saved best_acc.pt (val_answer_accuracy=0.995188)
epoch 10/20 train loss=0.0063 acc=1.0000 em=1.0000 | val loss=0.0236 acc=0.9964 em=0.9440 | random≈0.0013
  saved best_loss.pt (val_answer_loss=0.023648)
  saved best_acc.pt (val_answer_accuracy=0.996375)
epoch 11/20 train loss=0.0047 acc=1.0000 em=1.0000 | val loss=0.0198 acc=0.9968 em=0.9495 | random≈0.0013
  saved best_loss.pt (val_answer_loss=0.019845)
  saved best_acc.pt (val_answer_accuracy=0.996781)
epoch 12/20 train loss=0.0036 acc=1.0000 em=1.0000 | val loss=0.0173 acc=0.9972 em=0.9565 | random≈0.0013
  saved best_loss.pt (val_answer_loss=0.017286)
  saved best_acc.pt (val_answer_accuracy=0.997219)
epoch 13/20 train loss=0.0029 acc=1.0000 em=1.0000 | val loss=0.0151 acc=0.9978 em=0.9645 | random≈0.0013
  saved best_loss.pt (val_answer_loss=0.015127)
  saved best_acc.pt (val_answer_accuracy=0.997781)
epoch 14/20 train loss=0.0024 acc=1.0000 em=1.0000 | val loss=0.0137 acc=0.9978 em=0.9645 | random≈0.0013
  saved best_loss.pt (val_answer_loss=0.013725)
epoch 15/20 train loss=0.0020 acc=1.0000 em=1.0000 | val loss=0.0126 acc=0.9980 em=0.9685 | random≈0.0013
  saved best_loss.pt (val_answer_loss=0.012573)
  saved best_acc.pt (val_answer_accuracy=0.998000)
epoch 16/20 train loss=0.0017 acc=1.0000 em=1.0000 | val loss=0.0115 acc=0.9981 em=0.9700 | random≈0.0013
  saved best_loss.pt (val_answer_loss=0.011509)
  saved best_acc.pt (val_answer_accuracy=0.998125)
epoch 17/20 train loss=0.0014 acc=1.0000 em=1.0000 | val loss=0.0105 acc=0.9983 em=0.9730 | random≈0.0013
  saved best_loss.pt (val_answer_loss=0.010473)
  saved best_acc.pt (val_answer_accuracy=0.998313)
epoch 18/20 train loss=0.0012 acc=1.0000 em=1.0000 | val loss=0.0096 acc=0.9983 em=0.9730 | random≈0.0013
  saved best_loss.pt (val_answer_loss=0.009612)
epoch 19/20 train loss=0.0011 acc=1.0000 em=1.0000 | val loss=0.0091 acc=0.9983 em=0.9730 | random≈0.0013
  saved best_loss.pt (val_answer_loss=0.009107)
epoch 20/20 train loss=0.0009 acc=1.0000 em=1.0000 | val loss=0.0086 acc=0.9985 em=0.9765 | random≈0.0013
  saved best_loss.pt (val_answer_loss=0.008558)
  saved best_acc.pt (val_answer_accuracy=0.998531)
test [best_loss_ckpt] loss=0.009420 acc=0.997687 em=0.965500
test [best_acc_ckpt]  loss=0.009420 acc=0.997687 em=0.965500 random_baseline≈0.001302
done. meta_metrics → /home/jovyan/shares/SR008.fs2/nvidenisov/other/repos/mamba/mamba_multi_scale_get_started/outputs/MQARFailureSweep/mqar_fail_mamba2_split_ts_slow_veryslow_v768_seed46/meta_metrics.csv
