mqar_split_hashes: n_train=20000 uniq_train=20000 | n_val=2000 uniq_val=2000 | n_test=2000 uniq_test=2000
mqar_answer_positions[train]: min=16 mean=16.0000 max=16 (expected 16 per sample)
mqar_answer_positions[val]: min=16 mean=16.0000 max=16 (expected 16 per sample)
mqar_answer_positions[test]: min=16 mean=16.0000 max=16 (expected 16 per sample)
experiment=mqar_fail_ms_gated_right_init_v896_seed50 device=cuda:0 out_dir=/home/jovyan/shares/SR008.fs2/nvidenisov/other/repos/mamba/mamba_multi_scale_get_started/outputs/MQARFailureSweep/mqar_fail_ms_gated_right_init_v896_seed50
mqar data: fixed_examples=True random_baseline_acc≈1/vocab=0.001116 (vocab_size=896)
--- mqar resolved config (sanity) ---
  experiment.name: mqar_fail_ms_gated_right_init_v896_seed50
  model.backbone: multiscale_mamba2_lm
  model.layer_headdims: [32, 32, 32, 32]
  model.multiscale.fast_layer_headdims: [32, 32, 32, 32]
  model.multiscale.slow_layer_headdims: [32, 32]
  model.multiscale.window_size: —
  model.multiscale.offsets: —
  model.multiscale.summary_mode: —
  model.multiscale.causal_mode: —
  model.multiscale.gate_type: —
  data.input_seq_len: 128
  data.num_kv_pairs: 16
  data.vocab_size: 896
  data.train_examples: 20000  val_examples: 2000  test_examples: 2000
  data.fixed_examples: True
  data.min_query_pos: null
  train.lr: 0.0003
  train.epochs: 20
  num_parameters_trainable: 3095328
  tags(backbone,fusion,stride): multiscale_mamba2_lm, gated, 2
--- end resolved config ---
epoch 1/20 train loss=6.1095 acc=0.0027 em=0.0000 | val loss=6.1239 acc=0.0025 em=0.0000 | random≈0.0011
  saved best_loss.pt (val_answer_loss=6.123898)
  saved best_acc.pt (val_answer_accuracy=0.002531)
epoch 2/20 train loss=6.0808 acc=0.0048 em=0.0000 | val loss=6.1233 acc=0.0022 em=0.0000 | random≈0.0011
  saved best_loss.pt (val_answer_loss=6.123267)
epoch 3/20 train loss=5.9467 acc=0.0232 em=0.0000 | val loss=6.1150 acc=0.0158 em=0.0000 | random≈0.0011
  saved best_loss.pt (val_answer_loss=6.114968)
  saved best_acc.pt (val_answer_accuracy=0.015813)
epoch 4/20 train loss=5.5982 acc=0.0581 em=0.0000 | val loss=6.0835 acc=0.0337 em=0.0000 | random≈0.0011
  saved best_loss.pt (val_answer_loss=6.083474)
  saved best_acc.pt (val_answer_accuracy=0.033688)
epoch 5/20 train loss=4.9875 acc=0.1414 em=0.0000 | val loss=5.8515 acc=0.0751 em=0.0000 | random≈0.0011
  saved best_loss.pt (val_answer_loss=5.851515)
  saved best_acc.pt (val_answer_accuracy=0.075125)
epoch 6/20 train loss=3.0105 acc=0.5020 em=0.0000 | val loss=3.7927 acc=0.3638 em=0.0000 | random≈0.0011
  saved best_loss.pt (val_answer_loss=3.792694)
  saved best_acc.pt (val_answer_accuracy=0.363812)
epoch 7/20 train loss=0.3932 acc=0.9554 em=0.4867 | val loss=0.6451 acc=0.8963 em=0.1785 | random≈0.0011
  saved best_loss.pt (val_answer_loss=0.645076)
  saved best_acc.pt (val_answer_accuracy=0.896344)
epoch 8/20 train loss=0.0676 acc=0.9964 em=0.9446 | val loss=0.1620 acc=0.9758 em=0.6805 | random≈0.0011
  saved best_loss.pt (val_answer_loss=0.162036)
  saved best_acc.pt (val_answer_accuracy=0.975812)
epoch 9/20 train loss=0.0230 acc=0.9998 em=0.9974 | val loss=0.0792 acc=0.9879 em=0.8285 | random≈0.0011
  saved best_loss.pt (val_answer_loss=0.079214)
  saved best_acc.pt (val_answer_accuracy=0.987875)
epoch 10/20 train loss=0.0119 acc=1.0000 em=1.0000 | val loss=0.0512 acc=0.9922 em=0.8840 | random≈0.0011
  saved best_loss.pt (val_answer_loss=0.051231)
  saved best_acc.pt (val_answer_accuracy=0.992250)
epoch 11/20 train loss=0.0078 acc=1.0000 em=1.0000 | val loss=0.0397 acc=0.9935 em=0.9005 | random≈0.0011
  saved best_loss.pt (val_answer_loss=0.039726)
  saved best_acc.pt (val_answer_accuracy=0.993531)
epoch 12/20 train loss=0.0058 acc=1.0000 em=1.0000 | val loss=0.0330 acc=0.9946 em=0.9170 | random≈0.0011
  saved best_loss.pt (val_answer_loss=0.032977)
  saved best_acc.pt (val_answer_accuracy=0.994594)
epoch 13/20 train loss=0.0045 acc=1.0000 em=1.0000 | val loss=0.0286 acc=0.9951 em=0.9240 | random≈0.0011
  saved best_loss.pt (val_answer_loss=0.028557)
  saved best_acc.pt (val_answer_accuracy=0.995094)
epoch 14/20 train loss=0.0036 acc=1.0000 em=1.0000 | val loss=0.0254 acc=0.9955 em=0.9300 | random≈0.0011
  saved best_loss.pt (val_answer_loss=0.025410)
  saved best_acc.pt (val_answer_accuracy=0.995500)
epoch 15/20 train loss=0.0029 acc=1.0000 em=1.0000 | val loss=0.0232 acc=0.9959 em=0.9360 | random≈0.0011
  saved best_loss.pt (val_answer_loss=0.023157)
  saved best_acc.pt (val_answer_accuracy=0.995875)
epoch 16/20 train loss=0.0024 acc=1.0000 em=1.0000 | val loss=0.0209 acc=0.9959 em=0.9370 | random≈0.0011
  saved best_loss.pt (val_answer_loss=0.020909)
epoch 17/20 train loss=0.0021 acc=1.0000 em=1.0000 | val loss=0.0192 acc=0.9962 em=0.9410 | random≈0.0011
  saved best_loss.pt (val_answer_loss=0.019158)
  saved best_acc.pt (val_answer_accuracy=0.996188)
epoch 18/20 train loss=0.0018 acc=1.0000 em=1.0000 | val loss=0.0175 acc=0.9964 em=0.9445 | random≈0.0011
  saved best_loss.pt (val_answer_loss=0.017533)
  saved best_acc.pt (val_answer_accuracy=0.996437)
epoch 19/20 train loss=0.0015 acc=1.0000 em=1.0000 | val loss=0.0164 acc=0.9966 em=0.9470 | random≈0.0011
  saved best_loss.pt (val_answer_loss=0.016362)
  saved best_acc.pt (val_answer_accuracy=0.996594)
epoch 20/20 train loss=0.0013 acc=1.0000 em=1.0000 | val loss=0.0153 acc=0.9968 em=0.9500 | random≈0.0011
  saved best_loss.pt (val_answer_loss=0.015316)
  saved best_acc.pt (val_answer_accuracy=0.996812)
test [best_loss_ckpt] loss=0.016191 acc=0.996094 em=0.938500
test [best_acc_ckpt]  loss=0.016191 acc=0.996094 em=0.938500 random_baseline≈0.001116
done. meta_metrics → /home/jovyan/shares/SR008.fs2/nvidenisov/other/repos/mamba/mamba_multi_scale_get_started/outputs/MQARFailureSweep/mqar_fail_ms_gated_right_init_v896_seed50/meta_metrics.csv
