experiment=tiny_shakespeare_mamba2_4layers_random_windows device=cuda:0 out_dir=/home/jovyan/shares/SR008.fs2/nvidenisov/other/repos/mamba/mamba_multi_scale_get_started/outputs/TinyShakespeare/tiny_shakespeare_mamba2_4layers_random_windows
early_stopping: patience=3 min_delta=0.0001 (disable with train.early_stopping.patience=0)
epoch 1/10 train_loss=3.0878 val_loss=2.4899 val_ppl=12.06 val_bpc=3.5922
  saved best.pt (val_loss=2.489897)
epoch 2/10 train_loss=2.2643 val_loss=2.1672 val_ppl=8.73 val_bpc=3.1267
  saved best.pt (val_loss=2.167238)
epoch 3/10 train_loss=2.0056 val_loss=2.0020 val_ppl=7.40 val_bpc=2.8882
  saved best.pt (val_loss=2.001974)
epoch 4/10 train_loss=1.8424 val_loss=1.8987 val_ppl=6.68 val_bpc=2.7392
  saved best.pt (val_loss=1.898651)
epoch 5/10 train_loss=1.7251 val_loss=1.8171 val_ppl=6.15 val_bpc=2.6215
  saved best.pt (val_loss=1.817078)
epoch 6/10 train_loss=1.6345 val_loss=1.7645 val_ppl=5.84 val_bpc=2.5457
  saved best.pt (val_loss=1.764546)
epoch 7/10 train_loss=1.5726 val_loss=1.7179 val_ppl=5.57 val_bpc=2.4784
  saved best.pt (val_loss=1.717906)
epoch 8/10 train_loss=1.5270 val_loss=1.6839 val_ppl=5.39 val_bpc=2.4293
  saved best.pt (val_loss=1.683879)
epoch 9/10 train_loss=1.4885 val_loss=1.6588 val_ppl=5.25 val_bpc=2.3932
  saved best.pt (val_loss=1.658842)
epoch 10/10 train_loss=1.4644 val_loss=1.6357 val_ppl=5.13 val_bpc=2.3598
  saved best.pt (val_loss=1.635678)
meta_metrics: train=24.80s eval=57.13s loop=83.80s setup=0.69s → meta_metrics.csv
