experiment=archeval_lm_mamba2_slow_init_seed45 device=cuda:0 out_dir=/home/jovyan/shares/SR008.fs2/nvidenisov/other/repos/mamba/mamba_multi_scale_get_started/outputs/ArchEval/lm_mamba2_slow_init_seed45
early_stopping: patience=3 min_delta=0.0001 (disable with train.early_stopping.patience=0)
epoch 1/10 train_loss=3.0875 val_loss=2.5050 val_ppl=12.24 val_bpc=3.6139
  saved best.pt (val_loss=2.504989)
epoch 2/10 train_loss=2.2773 val_loss=2.1580 val_ppl=8.65 val_bpc=3.1134
  saved best.pt (val_loss=2.158010)
epoch 3/10 train_loss=1.9874 val_loss=1.9787 val_ppl=7.23 val_bpc=2.8546
  saved best.pt (val_loss=1.978691)
epoch 4/10 train_loss=1.7996 val_loss=1.8622 val_ppl=6.44 val_bpc=2.6866
  saved best.pt (val_loss=1.862210)
epoch 5/10 train_loss=1.6738 val_loss=1.7793 val_ppl=5.93 val_bpc=2.5670
  saved best.pt (val_loss=1.779296)
epoch 6/10 train_loss=1.5820 val_loss=1.7180 val_ppl=5.57 val_bpc=2.4785
  saved best.pt (val_loss=1.717981)
epoch 7/10 train_loss=1.5159 val_loss=1.6715 val_ppl=5.32 val_bpc=2.4114
  saved best.pt (val_loss=1.671470)
epoch 8/10 train_loss=1.4668 val_loss=1.6381 val_ppl=5.15 val_bpc=2.3633
  saved best.pt (val_loss=1.638133)
epoch 9/10 train_loss=1.4270 val_loss=1.6098 val_ppl=5.00 val_bpc=2.3225
  saved best.pt (val_loss=1.609844)
epoch 10/10 train_loss=1.3891 val_loss=1.5853 val_ppl=4.88 val_bpc=2.2870
  saved best.pt (val_loss=1.585259)
meta_metrics: train=26.41s eval=192.52s loop=220.07s setup=1.79s → meta_metrics.csv
